<?xml version="1.0" encoding="UTF-8"?>
<testsuite xmlns:xsi="http://www.w3.org/2001/XMLSchema-instance" xsi:noNamespaceSchemaLocation="https://maven.apache.org/surefire/maven-failsafe-plugin/xsd/failsafe-test-report-3.0.xsd" version="3.0" name="starter.CucumberTestSuite" time="78.336" tests="5" errors="0" skipped="0" failures="0">
  <properties>
    <property name="sun.desktop" value="windows"/>
    <property name="awt.toolkit" value="sun.awt.windows.WToolkit"/>
    <property name="java.specification.version" value="11"/>
    <property name="webdriver.chrome.driver" value="D:\Ra\file kuliah\semester 7\resume alta\Mini Project\Web testing\AltaShop\src\test\resources\webdriver\chromedriver.exe"/>
    <property name="sun.cpu.isalist" value="amd64"/>
    <property name="sun.jnu.encoding" value="Cp1252"/>
    <property name="java.class.path" value="D:\Ra\file kuliah\semester 7\resume alta\Mini Project\Web testing\AltaShop\target\test-classes;C:\Users\rilaa\.m2\repository\net\serenity-bdd\serenity-core\3.2.1\serenity-core-3.2.1.jar;C:\Users\rilaa\.m2\repository\net\serenity-bdd\serenity-model\3.2.1\serenity-model-3.2.1.jar;C:\Users\rilaa\.m2\repository\org\apache\commons\commons-text\1.9\commons-text-1.9.jar;C:\Users\rilaa\.m2\repository\commons-net\commons-net\3.8.0\commons-net-3.8.0.jar;C:\Users\rilaa\.m2\repository\com\google\guava\guava\31.1-jre\guava-31.1-jre.jar;C:\Users\rilaa\.m2\repository\com\google\guava\failureaccess\1.0.1\failureaccess-1.0.1.jar;C:\Users\rilaa\.m2\repository\com\google\guava\listenablefuture\9999.0-empty-to-avoid-conflict-with-guava\listenablefuture-9999.0-empty-to-avoid-conflict-with-guava.jar;C:\Users\rilaa\.m2\repository\com\google\code\findbugs\jsr305\3.0.2\jsr305-3.0.2.jar;C:\Users\rilaa\.m2\repository\org\checkerframework\checker-qual\3.12.0\checker-qual-3.12.0.jar;C:\Users\rilaa\.m2\repository\com\google\errorprone\error_prone_annotations\2.11.0\error_prone_annotations-2.11.0.jar;C:\Users\rilaa\.m2\repository\com\google\j2objc\j2objc-annotations\1.3\j2objc-annotations-1.3.jar;C:\Users\rilaa\.m2\repository\com\google\inject\guice\5.1.0\guice-5.1.0.jar;C:\Users\rilaa\.m2\repository\javax\inject\javax.inject\1\javax.inject-1.jar;C:\Users\rilaa\.m2\repository\aopalliance\aopalliance\1.0\aopalliance-1.0.jar;C:\Users\rilaa\.m2\repository\org\jsoup\jsoup\1.14.3\jsoup-1.14.3.jar;C:\Users\rilaa\.m2\repository\com\thoughtworks\xstream\xstream\1.4.19\xstream-1.4.19.jar;C:\Users\rilaa\.m2\repository\io\github\x-stream\mxparser\1.2.2\mxparser-1.2.2.jar;C:\Users\rilaa\.m2\repository\xmlpull\xmlpull\1.1.3.1\xmlpull-1.1.3.1.jar;C:\Users\rilaa\.m2\repository\io\cucumber\cucumber-java\7.2.3\cucumber-java-7.2.3.jar;C:\Users\rilaa\.m2\repository\com\typesafe\config\1.4.2\config-1.4.2.jar;C:\Users\rilaa\.m2\repository\org\imgscalr\imgscalr-lib\4.2\imgscalr-lib-4.2.jar;C:\Users\rilaa\.m2\repository\org\awaitility\awaitility\4.2.0\awaitility-4.2.0.jar;C:\Users\rilaa\.m2\repository\org\freemarker\freemarker\2.3.31\freemarker-2.3.31.jar;C:\Users\rilaa\.m2\repository\io\github\classgraph\classgraph\4.8.138\classgraph-4.8.138.jar;C:\Users\rilaa\.m2\repository\net\sourceforge\jexcelapi\jxl\2.6.12\jxl-2.6.12.jar;C:\Users\rilaa\.m2\repository\net\bytebuddy\byte-buddy\1.12.8\byte-buddy-1.12.8.jar;C:\Users\rilaa\.m2\repository\net\bytebuddy\byte-buddy-agent\1.12.8\byte-buddy-agent-1.12.8.jar;C:\Users\rilaa\.m2\repository\org\objenesis\objenesis\3.1\objenesis-3.1.jar;C:\Users\rilaa\.m2\repository\net\serenity-bdd\serenity-reports\3.2.1\serenity-reports-3.2.1.jar;C:\Users\rilaa\.m2\repository\net\serenity-bdd\serenity-stats\3.2.1\serenity-stats-3.2.1.jar;C:\Users\rilaa\.m2\repository\net\serenity-bdd\serenity-reports-configuration\3.2.1\serenity-reports-configuration-3.2.1.jar;C:\Users\rilaa\.m2\repository\com\vladsch\flexmark\flexmark-all\0.34.30\flexmark-all-0.34.30.jar;C:\Users\rilaa\.m2\repository\com\vladsch\flexmark\flexmark\0.34.30\flexmark-0.34.30.jar;C:\Users\rilaa\.m2\repository\com\vladsch\flexmark\flexmark-ext-abbreviation\0.34.30\flexmark-ext-abbreviation-0.34.30.jar;C:\Users\rilaa\.m2\repository\com\vladsch\flexmark\flexmark-ext-admonition\0.34.30\flexmark-ext-admonition-0.34.30.jar;C:\Users\rilaa\.m2\repository\com\vladsch\flexmark\flexmark-ext-anchorlink\0.34.30\flexmark-ext-anchorlink-0.34.30.jar;C:\Users\rilaa\.m2\repository\com\vladsch\flexmark\flexmark-ext-aside\0.34.30\flexmark-ext-aside-0.34.30.jar;C:\Users\rilaa\.m2\repository\com\vladsch\flexmark\flexmark-ext-attributes\0.34.30\flexmark-ext-attributes-0.34.30.jar;C:\Users\rilaa\.m2\repository\com\vladsch\flexmark\flexmark-ext-autolink\0.34.30\flexmark-ext-autolink-0.34.30.jar;C:\Users\rilaa\.m2\repository\org\nibor\autolink\autolink\0.6.0\autolink-0.6.0.jar;C:\Users\rilaa\.m2\repository\com\vladsch\flexmark\flexmark-ext-definition\0.34.30\flexmark-ext-definition-0.34.30.jar;C:\Users\rilaa\.m2\repository\com\vladsch\flexmark\flexmark-ext-emoji\0.34.30\flexmark-ext-emoji-0.34.30.jar;C:\Users\rilaa\.m2\repository\com\vladsch\flexmark\flexmark-ext-enumerated-reference\0.34.30\flexmark-ext-enumerated-reference-0.34.30.jar;C:\Users\rilaa\.m2\repository\com\vladsch\flexmark\flexmark-ext-escaped-character\0.34.30\flexmark-ext-escaped-character-0.34.30.jar;C:\Users\rilaa\.m2\repository\com\vladsch\flexmark\flexmark-ext-footnotes\0.34.30\flexmark-ext-footnotes-0.34.30.jar;C:\Users\rilaa\.m2\repository\com\vladsch\flexmark\flexmark-ext-gfm-issues\0.34.30\flexmark-ext-gfm-issues-0.34.30.jar;C:\Users\rilaa\.m2\repository\com\vladsch\flexmark\flexmark-ext-gfm-strikethrough\0.34.30\flexmark-ext-gfm-strikethrough-0.34.30.jar;C:\Users\rilaa\.m2\repository\com\vladsch\flexmark\flexmark-ext-gfm-tables\0.34.30\flexmark-ext-gfm-tables-0.34.30.jar;C:\Users\rilaa\.m2\repository\com\vladsch\flexmark\flexmark-ext-gfm-tasklist\0.34.30\flexmark-ext-gfm-tasklist-0.34.30.jar;C:\Users\rilaa\.m2\repository\com\vladsch\flexmark\flexmark-ext-gfm-users\0.34.30\flexmark-ext-gfm-users-0.34.30.jar;C:\Users\rilaa\.m2\repository\com\vladsch\flexmark\flexmark-ext-gitlab\0.34.30\flexmark-ext-gitlab-0.34.30.jar;C:\Users\rilaa\.m2\repository\com\vladsch\flexmark\flexmark-ext-jekyll-front-matter\0.34.30\flexmark-ext-jekyll-front-matter-0.34.30.jar;C:\Users\rilaa\.m2\repository\com\vladsch\flexmark\flexmark-ext-jekyll-tag\0.34.30\flexmark-ext-jekyll-tag-0.34.30.jar;C:\Users\rilaa\.m2\repository\com\vladsch\flexmark\flexmark-ext-media-tags\0.34.30\flexmark-ext-media-tags-0.34.30.jar;C:\Users\rilaa\.m2\repository\com\vladsch\flexmark\flexmark-test-util\0.34.30\flexmark-test-util-0.34.30.jar;C:\Users\rilaa\.m2\repository\com\vladsch\flexmark\flexmark-ext-ins\0.34.30\flexmark-ext-ins-0.34.30.jar;C:\Users\rilaa\.m2\repository\com\vladsch\flexmark\flexmark-ext-xwiki-macros\0.34.30\flexmark-ext-xwiki-macros-0.34.30.jar;C:\Users\rilaa\.m2\repository\com\vladsch\flexmark\flexmark-ext-superscript\0.34.30\flexmark-ext-superscript-0.34.30.jar;C:\Users\rilaa\.m2\repository\com\vladsch\flexmark\flexmark-ext-tables\0.34.30\flexmark-ext-tables-0.34.30.jar;C:\Users\rilaa\.m2\repository\com\vladsch\flexmark\flexmark-ext-toc\0.34.30\flexmark-ext-toc-0.34.30.jar;C:\Users\rilaa\.m2\repository\com\vladsch\flexmark\flexmark-ext-typographic\0.34.30\flexmark-ext-typographic-0.34.30.jar;C:\Users\rilaa\.m2\repository\com\vladsch\flexmark\flexmark-ext-wikilink\0.34.30\flexmark-ext-wikilink-0.34.30.jar;C:\Users\rilaa\.m2\repository\com\vladsch\flexmark\flexmark-ext-yaml-front-matter\0.34.30\flexmark-ext-yaml-front-matter-0.34.30.jar;C:\Users\rilaa\.m2\repository\com\vladsch\flexmark\flexmark-ext-youtube-embedded\0.34.30\flexmark-ext-youtube-embedded-0.34.30.jar;C:\Users\rilaa\.m2\repository\com\vladsch\flexmark\flexmark-formatter\0.34.30\flexmark-formatter-0.34.30.jar;C:\Users\rilaa\.m2\repository\com\vladsch\flexmark\flexmark-html-parser\0.34.30\flexmark-html-parser-0.34.30.jar;C:\Users\rilaa\.m2\repository\com\vladsch\flexmark\flexmark-jira-converter\0.34.30\flexmark-jira-converter-0.34.30.jar;C:\Users\rilaa\.m2\repository\com\vladsch\flexmark\flexmark-pdf-converter\0.34.30\flexmark-pdf-converter-0.34.30.jar;C:\Users\rilaa\.m2\repository\com\openhtmltopdf\openhtmltopdf-core\0.0.1-RC13\openhtmltopdf-core-0.0.1-RC13.jar;C:\Users\rilaa\.m2\repository\com\openhtmltopdf\openhtmltopdf-pdfbox\0.0.1-RC13\openhtmltopdf-pdfbox-0.0.1-RC13.jar;C:\Users\rilaa\.m2\repository\org\apache\pdfbox\pdfbox\2.0.8\pdfbox-2.0.8.jar;C:\Users\rilaa\.m2\repository\org\apache\pdfbox\fontbox\2.0.8\fontbox-2.0.8.jar;C:\Users\rilaa\.m2\repository\commons-logging\commons-logging\1.2\commons-logging-1.2.jar;C:\Users\rilaa\.m2\repository\org\apache\pdfbox\xmpbox\2.0.8\xmpbox-2.0.8.jar;C:\Users\rilaa\.m2\repository\de\rototor\pdfbox\graphics2d\0.12\graphics2d-0.12.jar;C:\Users\rilaa\.m2\repository\com\openhtmltopdf\openhtmltopdf-rtl-support\0.0.1-RC13\openhtmltopdf-rtl-support-0.0.1-RC13.jar;C:\Users\rilaa\.m2\repository\com\ibm\icu\icu4j\59.1\icu4j-59.1.jar;C:\Users\rilaa\.m2\repository\com\openhtmltopdf\openhtmltopdf-jsoup-dom-converter\0.0.1-RC13\openhtmltopdf-jsoup-dom-converter-0.0.1-RC13.jar;C:\Users\rilaa\.m2\repository\com\vladsch\flexmark\flexmark-profile-pegdown\0.34.30\flexmark-profile-pegdown-0.34.30.jar;C:\Users\rilaa\.m2\repository\com\vladsch\flexmark\flexmark-util\0.34.30\flexmark-util-0.34.30.jar;C:\Users\rilaa\.m2\repository\com\vladsch\flexmark\flexmark-youtrack-converter\0.34.30\flexmark-youtrack-converter-0.34.30.jar;C:\Users\rilaa\.m2\repository\es\nitaur\markdown\txtmark\0.16\txtmark-0.16.jar;C:\Users\rilaa\.m2\repository\net\serenity-bdd\serenity-report-resources\3.2.1\serenity-report-resources-3.2.1.jar;C:\Users\rilaa\.m2\repository\com\google\code\gson\gson\2.9.0\gson-2.9.0.jar;C:\Users\rilaa\.m2\repository\com\fasterxml\jackson\core\jackson-core\2.13.2\jackson-core-2.13.2.jar;C:\Users\rilaa\.m2\repository\com\fasterxml\jackson\core\jackson-databind\2.13.2\jackson-databind-2.13.2.jar;C:\Users\rilaa\.m2\repository\com\fasterxml\jackson\core\jackson-annotations\2.13.2\jackson-annotations-2.13.2.jar;C:\Users\rilaa\.m2\repository\commons-codec\commons-codec\1.15\commons-codec-1.15.jar;C:\Users\rilaa\.m2\repository\commons-io\commons-io\2.11.0\commons-io-2.11.0.jar;C:\Users\rilaa\.m2\repository\org\seleniumhq\selenium\selenium-java\4.1.2\selenium-java-4.1.2.jar;C:\Users\rilaa\.m2\repository\org\seleniumhq\selenium\selenium-devtools-v85\4.1.2\selenium-devtools-v85-4.1.2.jar;C:\Users\rilaa\.m2\repository\org\seleniumhq\selenium\selenium-devtools-v95\4.1.2\selenium-devtools-v95-4.1.2.jar;C:\Users\rilaa\.m2\repository\org\seleniumhq\selenium\selenium-devtools-v96\4.1.2\selenium-devtools-v96-4.1.2.jar;C:\Users\rilaa\.m2\repository\org\seleniumhq\selenium\selenium-devtools-v97\4.1.2\selenium-devtools-v97-4.1.2.jar;C:\Users\rilaa\.m2\repository\org\seleniumhq\selenium\selenium-firefox-xpi-driver\4.1.2\selenium-firefox-xpi-driver-4.1.2.jar;C:\Users\rilaa\.m2\repository\org\seleniumhq\selenium\selenium-opera-driver\4.1.2\selenium-opera-driver-4.1.2.jar;C:\Users\rilaa\.m2\repository\org\seleniumhq\selenium\selenium-remote-driver\4.1.2\selenium-remote-driver-4.1.2.jar;C:\Users\rilaa\.m2\repository\com\beust\jcommander\1.82\jcommander-1.82.jar;C:\Users\rilaa\.m2\repository\io\netty\netty-buffer\4.1.73.Final\netty-buffer-4.1.73.Final.jar;C:\Users\rilaa\.m2\repository\io\netty\netty-codec-http\4.1.73.Final\netty-codec-http-4.1.73.Final.jar;C:\Users\rilaa\.m2\repository\io\netty\netty-codec\4.1.73.Final\netty-codec-4.1.73.Final.jar;C:\Users\rilaa\.m2\repository\io\netty\netty-handler\4.1.73.Final\netty-handler-4.1.73.Final.jar;C:\Users\rilaa\.m2\repository\io\netty\netty-tcnative-classes\2.0.46.Final\netty-tcnative-classes-2.0.46.Final.jar;C:\Users\rilaa\.m2\repository\io\netty\netty-common\4.1.73.Final\netty-common-4.1.73.Final.jar;C:\Users\rilaa\.m2\repository\io\netty\netty-transport-classes-epoll\4.1.73.Final\netty-transport-classes-epoll-4.1.73.Final.jar;C:\Users\rilaa\.m2\repository\io\netty\netty-transport-classes-kqueue\4.1.73.Final\netty-transport-classes-kqueue-4.1.73.Final.jar;C:\Users\rilaa\.m2\repository\io\netty\netty-transport-native-epoll\4.1.73.Final\netty-transport-native-epoll-4.1.73.Final.jar;C:\Users\rilaa\.m2\repository\io\netty\netty-transport-native-kqueue\4.1.73.Final\netty-transport-native-kqueue-4.1.73.Final.jar;C:\Users\rilaa\.m2\repository\io\netty\netty-transport-native-unix-common\4.1.73.Final\netty-transport-native-unix-common-4.1.73.Final.jar;C:\Users\rilaa\.m2\repository\io\netty\netty-transport\4.1.73.Final\netty-transport-4.1.73.Final.jar;C:\Users\rilaa\.m2\repository\io\netty\netty-resolver\4.1.73.Final\netty-resolver-4.1.73.Final.jar;C:\Users\rilaa\.m2\repository\io\opentelemetry\opentelemetry-api\1.10.1\opentelemetry-api-1.10.1.jar;C:\Users\rilaa\.m2\repository\io\opentelemetry\opentelemetry-context\1.10.1\opentelemetry-context-1.10.1.jar;C:\Users\rilaa\.m2\repository\io\opentelemetry\opentelemetry-exporter-logging\1.10.1\opentelemetry-exporter-logging-1.10.1.jar;C:\Users\rilaa\.m2\repository\io\opentelemetry\opentelemetry-sdk-metrics\1.10.1-alpha\opentelemetry-sdk-metrics-1.10.1-alpha.jar;C:\Users\rilaa\.m2\repository\io\opentelemetry\opentelemetry-sdk-logs\1.10.1-alpha\opentelemetry-sdk-logs-1.10.1-alpha.jar;C:\Users\rilaa\.m2\repository\io\opentelemetry\opentelemetry-sdk-common\1.10.1\opentelemetry-sdk-common-1.10.1.jar;C:\Users\rilaa\.m2\repository\io\opentelemetry\opentelemetry-sdk-extension-autoconfigure-spi\1.10.1\opentelemetry-sdk-extension-autoconfigure-spi-1.10.1.jar;C:\Users\rilaa\.m2\repository\io\opentelemetry\opentelemetry-sdk-extension-autoconfigure\1.10.1-alpha\opentelemetry-sdk-extension-autoconfigure-1.10.1-alpha.jar;C:\Users\rilaa\.m2\repository\io\opentelemetry\opentelemetry-sdk-trace\1.10.1\opentelemetry-sdk-trace-1.10.1.jar;C:\Users\rilaa\.m2\repository\io\opentelemetry\opentelemetry-sdk\1.10.1\opentelemetry-sdk-1.10.1.jar;C:\Users\rilaa\.m2\repository\io\opentelemetry\opentelemetry-semconv\1.10.1-alpha\opentelemetry-semconv-1.10.1-alpha.jar;C:\Users\rilaa\.m2\repository\io\ous\jtoml\2.0.0\jtoml-2.0.0.jar;C:\Users\rilaa\.m2\repository\org\apache\commons\commons-exec\1.3\commons-exec-1.3.jar;C:\Users\rilaa\.m2\repository\org\asynchttpclient\async-http-client\2.12.3\async-http-client-2.12.3.jar;C:\Users\rilaa\.m2\repository\org\asynchttpclient\async-http-client-netty-utils\2.12.3\async-http-client-netty-utils-2.12.3.jar;C:\Users\rilaa\.m2\repository\io\netty\netty-codec-socks\4.1.60.Final\netty-codec-socks-4.1.60.Final.jar;C:\Users\rilaa\.m2\repository\io\netty\netty-handler-proxy\4.1.60.Final\netty-handler-proxy-4.1.60.Final.jar;C:\Users\rilaa\.m2\repository\io\netty\netty-transport-native-epoll\4.1.60.Final\netty-transport-native-epoll-4.1.60.Final-linux-x86_64.jar;C:\Users\rilaa\.m2\repository\io\netty\netty-transport-native-kqueue\4.1.60.Final\netty-transport-native-kqueue-4.1.60.Final-osx-x86_64.jar;C:\Users\rilaa\.m2\repository\org\reactivestreams\reactive-streams\1.0.3\reactive-streams-1.0.3.jar;C:\Users\rilaa\.m2\repository\com\typesafe\netty\netty-reactive-streams\2.0.4\netty-reactive-streams-2.0.4.jar;C:\Users\rilaa\.m2\repository\org\seleniumhq\selenium\selenium-http\4.1.2\selenium-http-4.1.2.jar;C:\Users\rilaa\.m2\repository\net\jodah\failsafe\2.4.4\failsafe-2.4.4.jar;C:\Users\rilaa\.m2\repository\org\seleniumhq\selenium\selenium-safari-driver\4.1.2\selenium-safari-driver-4.1.2.jar;C:\Users\rilaa\.m2\repository\org\seleniumhq\selenium\selenium-api\4.1.2\selenium-api-4.1.2.jar;C:\Users\rilaa\.m2\repository\org\seleniumhq\selenium\selenium-support\4.1.2\selenium-support-4.1.2.jar;C:\Users\rilaa\.m2\repository\com\google\auto\service\auto-service-annotations\1.0.1\auto-service-annotations-1.0.1.jar;C:\Users\rilaa\.m2\repository\com\google\auto\service\auto-service\1.0.1\auto-service-1.0.1.jar;C:\Users\rilaa\.m2\repository\com\google\auto\auto-common\1.2\auto-common-1.2.jar;C:\Users\rilaa\.m2\repository\org\seleniumhq\selenium\selenium-json\4.1.2\selenium-json-4.1.2.jar;C:\Users\rilaa\.m2\repository\org\seleniumhq\selenium\selenium-chrome-driver\4.1.2\selenium-chrome-driver-4.1.2.jar;C:\Users\rilaa\.m2\repository\org\seleniumhq\selenium\selenium-chromium-driver\4.1.2\selenium-chromium-driver-4.1.2.jar;C:\Users\rilaa\.m2\repository\org\seleniumhq\selenium\selenium-firefox-driver\4.1.2\selenium-firefox-driver-4.1.2.jar;C:\Users\rilaa\.m2\repository\org\seleniumhq\selenium\selenium-edge-driver\4.1.2\selenium-edge-driver-4.1.2.jar;C:\Users\rilaa\.m2\repository\org\seleniumhq\selenium\selenium-ie-driver\4.1.2\selenium-ie-driver-4.1.2.jar;C:\Users\rilaa\.m2\repository\org\projectlombok\lombok\1.18.20\lombok-1.18.20.jar;C:\Users\rilaa\.m2\repository\io\appium\java-client\8.0.0\java-client-8.0.0.jar;C:\Users\rilaa\.m2\repository\commons-validator\commons-validator\1.7\commons-validator-1.7.jar;C:\Users\rilaa\.m2\repository\commons-digester\commons-digester\2.1\commons-digester-2.1.jar;C:\Users\rilaa\.m2\repository\org\aspectj\aspectjweaver\1.9.8\aspectjweaver-1.9.8.jar;C:\Users\rilaa\.m2\repository\org\codehaus\groovy\groovy\3.0.10\groovy-3.0.10.jar;C:\Users\rilaa\.m2\repository\net\sf\opencsv\opencsv\2.0\opencsv-2.0.jar;C:\Users\rilaa\.m2\repository\commons-beanutils\commons-beanutils\1.9.4\commons-beanutils-1.9.4.jar;C:\Users\rilaa\.m2\repository\org\apache\commons\commons-lang3\3.12.0\commons-lang3-3.12.0.jar;C:\Users\rilaa\.m2\repository\commons-collections\commons-collections\3.2.2\commons-collections-3.2.2.jar;C:\Users\rilaa\.m2\repository\org\fluentlenium\fluentlenium-core\0.10.2\fluentlenium-core-0.10.2.jar;C:\Users\rilaa\.m2\repository\io\github\bonigarcia\webdrivermanager\5.1.0\webdrivermanager-5.1.0.jar;C:\Users\rilaa\.m2\repository\com\github\docker-java\docker-java\3.2.13\docker-java-3.2.13.jar;C:\Users\rilaa\.m2\repository\com\github\docker-java\docker-java-core\3.2.13\docker-java-core-3.2.13.jar;C:\Users\rilaa\.m2\repository\com\github\docker-java\docker-java-api\3.2.13\docker-java-api-3.2.13.jar;C:\Users\rilaa\.m2\repository\org\apache\commons\commons-compress\1.21\commons-compress-1.21.jar;C:\Users\rilaa\.m2\repository\org\bouncycastle\bcpkix-jdk15on\1.64\bcpkix-jdk15on-1.64.jar;C:\Users\rilaa\.m2\repository\org\bouncycastle\bcprov-jdk15on\1.64\bcprov-jdk15on-1.64.jar;C:\Users\rilaa\.m2\repository\org\slf4j\jcl-over-slf4j\1.7.30\jcl-over-slf4j-1.7.30.jar;C:\Users\rilaa\.m2\repository\com\github\docker-java\docker-java-transport-httpclient5\3.2.13\docker-java-transport-httpclient5-3.2.13.jar;C:\Users\rilaa\.m2\repository\com\github\docker-java\docker-java-transport\3.2.13\docker-java-transport-3.2.13.jar;C:\Users\rilaa\.m2\repository\org\apache\httpcomponents\client5\httpclient5\5.0.3\httpclient5-5.0.3.jar;C:\Users\rilaa\.m2\repository\org\apache\httpcomponents\core5\httpcore5\5.0.2\httpcore5-5.0.2.jar;C:\Users\rilaa\.m2\repository\net\java\dev\jna\jna\5.8.0\jna-5.8.0.jar;C:\Users\rilaa\.m2\repository\org\brotli\dec\0.1.2\dec-0.1.2.jar;C:\Users\rilaa\.m2\repository\com\jhlabs\filters\2.0.235\filters-2.0.235.jar;C:\Users\rilaa\.m2\repository\com\paulhammant\ngwebdriver\1.1.6\ngwebdriver-1.1.6.jar;C:\Users\rilaa\.m2\repository\joda-time\joda-time\2.8.2\joda-time-2.8.2.jar;C:\Users\rilaa\.m2\repository\org\hamcrest\hamcrest\2.2\hamcrest-2.2.jar;C:\Users\rilaa\.m2\repository\com\google\jimfs\jimfs\1.2\jimfs-1.2.jar;C:\Users\rilaa\.m2\repository\org\mockito\mockito-core\3.3.3\mockito-core-3.3.3.jar;C:\Users\rilaa\.m2\repository\javax\xml\bind\jaxb-api\2.3.1\jaxb-api-2.3.1.jar;C:\Users\rilaa\.m2\repository\javax\activation\javax.activation-api\1.2.0\javax.activation-api-1.2.0.jar;C:\Users\rilaa\.m2\repository\com\sun\xml\bind\jaxb-core\2.3.0.1\jaxb-core-2.3.0.1.jar;C:\Users\rilaa\.m2\repository\com\sun\xml\bind\jaxb-impl\2.3.3\jaxb-impl-2.3.3.jar;C:\Users\rilaa\.m2\repository\jakarta\xml\bind\jakarta.xml.bind-api\2.3.3\jakarta.xml.bind-api-2.3.3.jar;C:\Users\rilaa\.m2\repository\com\sun\activation\jakarta.activation\1.2.2\jakarta.activation-1.2.2.jar;C:\Users\rilaa\.m2\repository\javax\activation\activation\1.1.1\activation-1.1.1.jar;C:\Users\rilaa\.m2\repository\net\serenity-bdd\serenity-cucumber\3.2.1\serenity-cucumber-3.2.1.jar;C:\Users\rilaa\.m2\repository\io\cucumber\cucumber-core\7.2.3\cucumber-core-7.2.3.jar;C:\Users\rilaa\.m2\repository\io\cucumber\cucumber-gherkin\7.2.3\cucumber-gherkin-7.2.3.jar;C:\Users\rilaa\.m2\repository\io\cucumber\cucumber-gherkin-messages\7.2.3\cucumber-gherkin-messages-7.2.3.jar;C:\Users\rilaa\.m2\repository\io\cucumber\messages\17.1.1\messages-17.1.1.jar;C:\Users\rilaa\.m2\repository\io\cucumber\tag-expressions\4.1.0\tag-expressions-4.1.0.jar;C:\Users\rilaa\.m2\repository\io\cucumber\cucumber-expressions\15.0.1\cucumber-expressions-15.0.1.jar;C:\Users\rilaa\.m2\repository\io\cucumber\datatable\7.2.3\datatable-7.2.3.jar;C:\Users\rilaa\.m2\repository\io\cucumber\cucumber-plugin\7.2.3\cucumber-plugin-7.2.3.jar;C:\Users\rilaa\.m2\repository\io\cucumber\docstring\7.2.3\docstring-7.2.3.jar;C:\Users\rilaa\.m2\repository\io\cucumber\html-formatter\17.0.0\html-formatter-17.0.0.jar;C:\Users\rilaa\.m2\repository\io\cucumber\ci-environment\8.1.0\ci-environment-8.1.0.jar;C:\Users\rilaa\.m2\repository\io\cucumber\cucumber-junit\7.2.3\cucumber-junit-7.2.3.jar;C:\Users\rilaa\.m2\repository\org\apache\commons\commons-csv\1.5\commons-csv-1.5.jar;C:\Users\rilaa\.m2\repository\net\serenity-bdd\serenity-screenplay\3.2.1\serenity-screenplay-3.2.1.jar;C:\Users\rilaa\.m2\repository\net\serenity-bdd\serenity-screenplay-webdriver\3.2.1\serenity-screenplay-webdriver-3.2.1.jar;C:\Users\rilaa\.m2\repository\net\serenity-bdd\serenity-ensure\3.2.1\serenity-ensure-3.2.1.jar;C:\Users\rilaa\.m2\repository\net\serenity-bdd\serenity-junit\3.2.1\serenity-junit-3.2.1.jar;C:\Users\rilaa\.m2\repository\org\jetbrains\kotlin\kotlin-stdlib\1.6.0\kotlin-stdlib-1.6.0.jar;C:\Users\rilaa\.m2\repository\org\jetbrains\annotations\13.0\annotations-13.0.jar;C:\Users\rilaa\.m2\repository\org\jetbrains\kotlin\kotlin-stdlib-common\1.6.0\kotlin-stdlib-common-1.6.0.jar;C:\Users\rilaa\.m2\repository\org\junit\platform\junit-platform-launcher\1.8.1\junit-platform-launcher-1.8.1.jar;C:\Users\rilaa\.m2\repository\org\junit\platform\junit-platform-engine\1.8.1\junit-platform-engine-1.8.1.jar;C:\Users\rilaa\.m2\repository\org\opentest4j\opentest4j\1.2.0\opentest4j-1.2.0.jar;C:\Users\rilaa\.m2\repository\org\junit\platform\junit-platform-commons\1.8.1\junit-platform-commons-1.8.1.jar;C:\Users\rilaa\.m2\repository\org\apiguardian\apiguardian-api\1.1.2\apiguardian-api-1.1.2.jar;C:\Users\rilaa\.m2\repository\org\junit\jupiter\junit-jupiter-engine\5.8.2\junit-jupiter-engine-5.8.2.jar;C:\Users\rilaa\.m2\repository\org\junit\jupiter\junit-jupiter-api\5.8.2\junit-jupiter-api-5.8.2.jar;C:\Users\rilaa\.m2\repository\org\junit\vintage\junit-vintage-engine\5.8.2\junit-vintage-engine-5.8.2.jar;C:\Users\rilaa\.m2\repository\junit\junit\4.13.2\junit-4.13.2.jar;C:\Users\rilaa\.m2\repository\org\hamcrest\hamcrest-core\1.3\hamcrest-core-1.3.jar;C:\Users\rilaa\.m2\repository\ch\qos\logback\logback-classic\1.2.10\logback-classic-1.2.10.jar;C:\Users\rilaa\.m2\repository\ch\qos\logback\logback-core\1.2.10\logback-core-1.2.10.jar;C:\Users\rilaa\.m2\repository\org\slf4j\slf4j-api\1.7.32\slf4j-api-1.7.32.jar;C:\Users\rilaa\.m2\repository\org\assertj\assertj-core\3.6.2\assertj-core-3.6.2.jar;"/>
    <property name="java.vm.vendor" value="Oracle Corporation"/>
    <property name="sun.arch.data.model" value="64"/>
    <property name="user.variant" value=""/>
    <property name="java.vendor.url" value="https://openjdk.java.net/"/>
    <property name="user.timezone" value="Asia/Bangkok"/>
    <property name="log4j2.formatMsgNoLookups" value="true"/>
    <property name="java.vm.specification.version" value="11"/>
    <property name="os.name" value="Windows 11"/>
    <property name="sun.java.launcher" value="SUN_STANDARD"/>
    <property name="user.country" value="ID"/>
    <property name="sun.boot.library.path" value="C:\Program Files\Java\jdk-11.0.16\bin"/>
    <property name="sun.java.command" value="org.apache.maven.surefire.booter.ForkedBooter C:\Users\rilaa\AppData\Local\Temp\surefire5544417561249874974 2022-11-21T14-07-39_126-jvmRun1 surefire14097931395364032336tmp surefire_010883604687476328721tmp"/>
    <property name="jdk.debug" value="release"/>
    <property name="surefire.test.class.path" value="D:\Ra\file kuliah\semester 7\resume alta\Mini Project\Web testing\AltaShop\target\test-classes;C:\Users\rilaa\.m2\repository\net\serenity-bdd\serenity-core\3.2.1\serenity-core-3.2.1.jar;C:\Users\rilaa\.m2\repository\net\serenity-bdd\serenity-model\3.2.1\serenity-model-3.2.1.jar;C:\Users\rilaa\.m2\repository\org\apache\commons\commons-text\1.9\commons-text-1.9.jar;C:\Users\rilaa\.m2\repository\commons-net\commons-net\3.8.0\commons-net-3.8.0.jar;C:\Users\rilaa\.m2\repository\com\google\guava\guava\31.1-jre\guava-31.1-jre.jar;C:\Users\rilaa\.m2\repository\com\google\guava\failureaccess\1.0.1\failureaccess-1.0.1.jar;C:\Users\rilaa\.m2\repository\com\google\guava\listenablefuture\9999.0-empty-to-avoid-conflict-with-guava\listenablefuture-9999.0-empty-to-avoid-conflict-with-guava.jar;C:\Users\rilaa\.m2\repository\com\google\code\findbugs\jsr305\3.0.2\jsr305-3.0.2.jar;C:\Users\rilaa\.m2\repository\org\checkerframework\checker-qual\3.12.0\checker-qual-3.12.0.jar;C:\Users\rilaa\.m2\repository\com\google\errorprone\error_prone_annotations\2.11.0\error_prone_annotations-2.11.0.jar;C:\Users\rilaa\.m2\repository\com\google\j2objc\j2objc-annotations\1.3\j2objc-annotations-1.3.jar;C:\Users\rilaa\.m2\repository\com\google\inject\guice\5.1.0\guice-5.1.0.jar;C:\Users\rilaa\.m2\repository\javax\inject\javax.inject\1\javax.inject-1.jar;C:\Users\rilaa\.m2\repository\aopalliance\aopalliance\1.0\aopalliance-1.0.jar;C:\Users\rilaa\.m2\repository\org\jsoup\jsoup\1.14.3\jsoup-1.14.3.jar;C:\Users\rilaa\.m2\repository\com\thoughtworks\xstream\xstream\1.4.19\xstream-1.4.19.jar;C:\Users\rilaa\.m2\repository\io\github\x-stream\mxparser\1.2.2\mxparser-1.2.2.jar;C:\Users\rilaa\.m2\repository\xmlpull\xmlpull\1.1.3.1\xmlpull-1.1.3.1.jar;C:\Users\rilaa\.m2\repository\io\cucumber\cucumber-java\7.2.3\cucumber-java-7.2.3.jar;C:\Users\rilaa\.m2\repository\com\typesafe\config\1.4.2\config-1.4.2.jar;C:\Users\rilaa\.m2\repository\org\imgscalr\imgscalr-lib\4.2\imgscalr-lib-4.2.jar;C:\Users\rilaa\.m2\repository\org\awaitility\awaitility\4.2.0\awaitility-4.2.0.jar;C:\Users\rilaa\.m2\repository\org\freemarker\freemarker\2.3.31\freemarker-2.3.31.jar;C:\Users\rilaa\.m2\repository\io\github\classgraph\classgraph\4.8.138\classgraph-4.8.138.jar;C:\Users\rilaa\.m2\repository\net\sourceforge\jexcelapi\jxl\2.6.12\jxl-2.6.12.jar;C:\Users\rilaa\.m2\repository\net\bytebuddy\byte-buddy\1.12.8\byte-buddy-1.12.8.jar;C:\Users\rilaa\.m2\repository\net\bytebuddy\byte-buddy-agent\1.12.8\byte-buddy-agent-1.12.8.jar;C:\Users\rilaa\.m2\repository\org\objenesis\objenesis\3.1\objenesis-3.1.jar;C:\Users\rilaa\.m2\repository\net\serenity-bdd\serenity-reports\3.2.1\serenity-reports-3.2.1.jar;C:\Users\rilaa\.m2\repository\net\serenity-bdd\serenity-stats\3.2.1\serenity-stats-3.2.1.jar;C:\Users\rilaa\.m2\repository\net\serenity-bdd\serenity-reports-configuration\3.2.1\serenity-reports-configuration-3.2.1.jar;C:\Users\rilaa\.m2\repository\com\vladsch\flexmark\flexmark-all\0.34.30\flexmark-all-0.34.30.jar;C:\Users\rilaa\.m2\repository\com\vladsch\flexmark\flexmark\0.34.30\flexmark-0.34.30.jar;C:\Users\rilaa\.m2\repository\com\vladsch\flexmark\flexmark-ext-abbreviation\0.34.30\flexmark-ext-abbreviation-0.34.30.jar;C:\Users\rilaa\.m2\repository\com\vladsch\flexmark\flexmark-ext-admonition\0.34.30\flexmark-ext-admonition-0.34.30.jar;C:\Users\rilaa\.m2\repository\com\vladsch\flexmark\flexmark-ext-anchorlink\0.34.30\flexmark-ext-anchorlink-0.34.30.jar;C:\Users\rilaa\.m2\repository\com\vladsch\flexmark\flexmark-ext-aside\0.34.30\flexmark-ext-aside-0.34.30.jar;C:\Users\rilaa\.m2\repository\com\vladsch\flexmark\flexmark-ext-attributes\0.34.30\flexmark-ext-attributes-0.34.30.jar;C:\Users\rilaa\.m2\repository\com\vladsch\flexmark\flexmark-ext-autolink\0.34.30\flexmark-ext-autolink-0.34.30.jar;C:\Users\rilaa\.m2\repository\org\nibor\autolink\autolink\0.6.0\autolink-0.6.0.jar;C:\Users\rilaa\.m2\repository\com\vladsch\flexmark\flexmark-ext-definition\0.34.30\flexmark-ext-definition-0.34.30.jar;C:\Users\rilaa\.m2\repository\com\vladsch\flexmark\flexmark-ext-emoji\0.34.30\flexmark-ext-emoji-0.34.30.jar;C:\Users\rilaa\.m2\repository\com\vladsch\flexmark\flexmark-ext-enumerated-reference\0.34.30\flexmark-ext-enumerated-reference-0.34.30.jar;C:\Users\rilaa\.m2\repository\com\vladsch\flexmark\flexmark-ext-escaped-character\0.34.30\flexmark-ext-escaped-character-0.34.30.jar;C:\Users\rilaa\.m2\repository\com\vladsch\flexmark\flexmark-ext-footnotes\0.34.30\flexmark-ext-footnotes-0.34.30.jar;C:\Users\rilaa\.m2\repository\com\vladsch\flexmark\flexmark-ext-gfm-issues\0.34.30\flexmark-ext-gfm-issues-0.34.30.jar;C:\Users\rilaa\.m2\repository\com\vladsch\flexmark\flexmark-ext-gfm-strikethrough\0.34.30\flexmark-ext-gfm-strikethrough-0.34.30.jar;C:\Users\rilaa\.m2\repository\com\vladsch\flexmark\flexmark-ext-gfm-tables\0.34.30\flexmark-ext-gfm-tables-0.34.30.jar;C:\Users\rilaa\.m2\repository\com\vladsch\flexmark\flexmark-ext-gfm-tasklist\0.34.30\flexmark-ext-gfm-tasklist-0.34.30.jar;C:\Users\rilaa\.m2\repository\com\vladsch\flexmark\flexmark-ext-gfm-users\0.34.30\flexmark-ext-gfm-users-0.34.30.jar;C:\Users\rilaa\.m2\repository\com\vladsch\flexmark\flexmark-ext-gitlab\0.34.30\flexmark-ext-gitlab-0.34.30.jar;C:\Users\rilaa\.m2\repository\com\vladsch\flexmark\flexmark-ext-jekyll-front-matter\0.34.30\flexmark-ext-jekyll-front-matter-0.34.30.jar;C:\Users\rilaa\.m2\repository\com\vladsch\flexmark\flexmark-ext-jekyll-tag\0.34.30\flexmark-ext-jekyll-tag-0.34.30.jar;C:\Users\rilaa\.m2\repository\com\vladsch\flexmark\flexmark-ext-media-tags\0.34.30\flexmark-ext-media-tags-0.34.30.jar;C:\Users\rilaa\.m2\repository\com\vladsch\flexmark\flexmark-test-util\0.34.30\flexmark-test-util-0.34.30.jar;C:\Users\rilaa\.m2\repository\com\vladsch\flexmark\flexmark-ext-ins\0.34.30\flexmark-ext-ins-0.34.30.jar;C:\Users\rilaa\.m2\repository\com\vladsch\flexmark\flexmark-ext-xwiki-macros\0.34.30\flexmark-ext-xwiki-macros-0.34.30.jar;C:\Users\rilaa\.m2\repository\com\vladsch\flexmark\flexmark-ext-superscript\0.34.30\flexmark-ext-superscript-0.34.30.jar;C:\Users\rilaa\.m2\repository\com\vladsch\flexmark\flexmark-ext-tables\0.34.30\flexmark-ext-tables-0.34.30.jar;C:\Users\rilaa\.m2\repository\com\vladsch\flexmark\flexmark-ext-toc\0.34.30\flexmark-ext-toc-0.34.30.jar;C:\Users\rilaa\.m2\repository\com\vladsch\flexmark\flexmark-ext-typographic\0.34.30\flexmark-ext-typographic-0.34.30.jar;C:\Users\rilaa\.m2\repository\com\vladsch\flexmark\flexmark-ext-wikilink\0.34.30\flexmark-ext-wikilink-0.34.30.jar;C:\Users\rilaa\.m2\repository\com\vladsch\flexmark\flexmark-ext-yaml-front-matter\0.34.30\flexmark-ext-yaml-front-matter-0.34.30.jar;C:\Users\rilaa\.m2\repository\com\vladsch\flexmark\flexmark-ext-youtube-embedded\0.34.30\flexmark-ext-youtube-embedded-0.34.30.jar;C:\Users\rilaa\.m2\repository\com\vladsch\flexmark\flexmark-formatter\0.34.30\flexmark-formatter-0.34.30.jar;C:\Users\rilaa\.m2\repository\com\vladsch\flexmark\flexmark-html-parser\0.34.30\flexmark-html-parser-0.34.30.jar;C:\Users\rilaa\.m2\repository\com\vladsch\flexmark\flexmark-jira-converter\0.34.30\flexmark-jira-converter-0.34.30.jar;C:\Users\rilaa\.m2\repository\com\vladsch\flexmark\flexmark-pdf-converter\0.34.30\flexmark-pdf-converter-0.34.30.jar;C:\Users\rilaa\.m2\repository\com\openhtmltopdf\openhtmltopdf-core\0.0.1-RC13\openhtmltopdf-core-0.0.1-RC13.jar;C:\Users\rilaa\.m2\repository\com\openhtmltopdf\openhtmltopdf-pdfbox\0.0.1-RC13\openhtmltopdf-pdfbox-0.0.1-RC13.jar;C:\Users\rilaa\.m2\repository\org\apache\pdfbox\pdfbox\2.0.8\pdfbox-2.0.8.jar;C:\Users\rilaa\.m2\repository\org\apache\pdfbox\fontbox\2.0.8\fontbox-2.0.8.jar;C:\Users\rilaa\.m2\repository\commons-logging\commons-logging\1.2\commons-logging-1.2.jar;C:\Users\rilaa\.m2\repository\org\apache\pdfbox\xmpbox\2.0.8\xmpbox-2.0.8.jar;C:\Users\rilaa\.m2\repository\de\rototor\pdfbox\graphics2d\0.12\graphics2d-0.12.jar;C:\Users\rilaa\.m2\repository\com\openhtmltopdf\openhtmltopdf-rtl-support\0.0.1-RC13\openhtmltopdf-rtl-support-0.0.1-RC13.jar;C:\Users\rilaa\.m2\repository\com\ibm\icu\icu4j\59.1\icu4j-59.1.jar;C:\Users\rilaa\.m2\repository\com\openhtmltopdf\openhtmltopdf-jsoup-dom-converter\0.0.1-RC13\openhtmltopdf-jsoup-dom-converter-0.0.1-RC13.jar;C:\Users\rilaa\.m2\repository\com\vladsch\flexmark\flexmark-profile-pegdown\0.34.30\flexmark-profile-pegdown-0.34.30.jar;C:\Users\rilaa\.m2\repository\com\vladsch\flexmark\flexmark-util\0.34.30\flexmark-util-0.34.30.jar;C:\Users\rilaa\.m2\repository\com\vladsch\flexmark\flexmark-youtrack-converter\0.34.30\flexmark-youtrack-converter-0.34.30.jar;C:\Users\rilaa\.m2\repository\es\nitaur\markdown\txtmark\0.16\txtmark-0.16.jar;C:\Users\rilaa\.m2\repository\net\serenity-bdd\serenity-report-resources\3.2.1\serenity-report-resources-3.2.1.jar;C:\Users\rilaa\.m2\repository\com\google\code\gson\gson\2.9.0\gson-2.9.0.jar;C:\Users\rilaa\.m2\repository\com\fasterxml\jackson\core\jackson-core\2.13.2\jackson-core-2.13.2.jar;C:\Users\rilaa\.m2\repository\com\fasterxml\jackson\core\jackson-databind\2.13.2\jackson-databind-2.13.2.jar;C:\Users\rilaa\.m2\repository\com\fasterxml\jackson\core\jackson-annotations\2.13.2\jackson-annotations-2.13.2.jar;C:\Users\rilaa\.m2\repository\commons-codec\commons-codec\1.15\commons-codec-1.15.jar;C:\Users\rilaa\.m2\repository\commons-io\commons-io\2.11.0\commons-io-2.11.0.jar;C:\Users\rilaa\.m2\repository\org\seleniumhq\selenium\selenium-java\4.1.2\selenium-java-4.1.2.jar;C:\Users\rilaa\.m2\repository\org\seleniumhq\selenium\selenium-devtools-v85\4.1.2\selenium-devtools-v85-4.1.2.jar;C:\Users\rilaa\.m2\repository\org\seleniumhq\selenium\selenium-devtools-v95\4.1.2\selenium-devtools-v95-4.1.2.jar;C:\Users\rilaa\.m2\repository\org\seleniumhq\selenium\selenium-devtools-v96\4.1.2\selenium-devtools-v96-4.1.2.jar;C:\Users\rilaa\.m2\repository\org\seleniumhq\selenium\selenium-devtools-v97\4.1.2\selenium-devtools-v97-4.1.2.jar;C:\Users\rilaa\.m2\repository\org\seleniumhq\selenium\selenium-firefox-xpi-driver\4.1.2\selenium-firefox-xpi-driver-4.1.2.jar;C:\Users\rilaa\.m2\repository\org\seleniumhq\selenium\selenium-opera-driver\4.1.2\selenium-opera-driver-4.1.2.jar;C:\Users\rilaa\.m2\repository\org\seleniumhq\selenium\selenium-remote-driver\4.1.2\selenium-remote-driver-4.1.2.jar;C:\Users\rilaa\.m2\repository\com\beust\jcommander\1.82\jcommander-1.82.jar;C:\Users\rilaa\.m2\repository\io\netty\netty-buffer\4.1.73.Final\netty-buffer-4.1.73.Final.jar;C:\Users\rilaa\.m2\repository\io\netty\netty-codec-http\4.1.73.Final\netty-codec-http-4.1.73.Final.jar;C:\Users\rilaa\.m2\repository\io\netty\netty-codec\4.1.73.Final\netty-codec-4.1.73.Final.jar;C:\Users\rilaa\.m2\repository\io\netty\netty-handler\4.1.73.Final\netty-handler-4.1.73.Final.jar;C:\Users\rilaa\.m2\repository\io\netty\netty-tcnative-classes\2.0.46.Final\netty-tcnative-classes-2.0.46.Final.jar;C:\Users\rilaa\.m2\repository\io\netty\netty-common\4.1.73.Final\netty-common-4.1.73.Final.jar;C:\Users\rilaa\.m2\repository\io\netty\netty-transport-classes-epoll\4.1.73.Final\netty-transport-classes-epoll-4.1.73.Final.jar;C:\Users\rilaa\.m2\repository\io\netty\netty-transport-classes-kqueue\4.1.73.Final\netty-transport-classes-kqueue-4.1.73.Final.jar;C:\Users\rilaa\.m2\repository\io\netty\netty-transport-native-epoll\4.1.73.Final\netty-transport-native-epoll-4.1.73.Final.jar;C:\Users\rilaa\.m2\repository\io\netty\netty-transport-native-kqueue\4.1.73.Final\netty-transport-native-kqueue-4.1.73.Final.jar;C:\Users\rilaa\.m2\repository\io\netty\netty-transport-native-unix-common\4.1.73.Final\netty-transport-native-unix-common-4.1.73.Final.jar;C:\Users\rilaa\.m2\repository\io\netty\netty-transport\4.1.73.Final\netty-transport-4.1.73.Final.jar;C:\Users\rilaa\.m2\repository\io\netty\netty-resolver\4.1.73.Final\netty-resolver-4.1.73.Final.jar;C:\Users\rilaa\.m2\repository\io\opentelemetry\opentelemetry-api\1.10.1\opentelemetry-api-1.10.1.jar;C:\Users\rilaa\.m2\repository\io\opentelemetry\opentelemetry-context\1.10.1\opentelemetry-context-1.10.1.jar;C:\Users\rilaa\.m2\repository\io\opentelemetry\opentelemetry-exporter-logging\1.10.1\opentelemetry-exporter-logging-1.10.1.jar;C:\Users\rilaa\.m2\repository\io\opentelemetry\opentelemetry-sdk-metrics\1.10.1-alpha\opentelemetry-sdk-metrics-1.10.1-alpha.jar;C:\Users\rilaa\.m2\repository\io\opentelemetry\opentelemetry-sdk-logs\1.10.1-alpha\opentelemetry-sdk-logs-1.10.1-alpha.jar;C:\Users\rilaa\.m2\repository\io\opentelemetry\opentelemetry-sdk-common\1.10.1\opentelemetry-sdk-common-1.10.1.jar;C:\Users\rilaa\.m2\repository\io\opentelemetry\opentelemetry-sdk-extension-autoconfigure-spi\1.10.1\opentelemetry-sdk-extension-autoconfigure-spi-1.10.1.jar;C:\Users\rilaa\.m2\repository\io\opentelemetry\opentelemetry-sdk-extension-autoconfigure\1.10.1-alpha\opentelemetry-sdk-extension-autoconfigure-1.10.1-alpha.jar;C:\Users\rilaa\.m2\repository\io\opentelemetry\opentelemetry-sdk-trace\1.10.1\opentelemetry-sdk-trace-1.10.1.jar;C:\Users\rilaa\.m2\repository\io\opentelemetry\opentelemetry-sdk\1.10.1\opentelemetry-sdk-1.10.1.jar;C:\Users\rilaa\.m2\repository\io\opentelemetry\opentelemetry-semconv\1.10.1-alpha\opentelemetry-semconv-1.10.1-alpha.jar;C:\Users\rilaa\.m2\repository\io\ous\jtoml\2.0.0\jtoml-2.0.0.jar;C:\Users\rilaa\.m2\repository\org\apache\commons\commons-exec\1.3\commons-exec-1.3.jar;C:\Users\rilaa\.m2\repository\org\asynchttpclient\async-http-client\2.12.3\async-http-client-2.12.3.jar;C:\Users\rilaa\.m2\repository\org\asynchttpclient\async-http-client-netty-utils\2.12.3\async-http-client-netty-utils-2.12.3.jar;C:\Users\rilaa\.m2\repository\io\netty\netty-codec-socks\4.1.60.Final\netty-codec-socks-4.1.60.Final.jar;C:\Users\rilaa\.m2\repository\io\netty\netty-handler-proxy\4.1.60.Final\netty-handler-proxy-4.1.60.Final.jar;C:\Users\rilaa\.m2\repository\io\netty\netty-transport-native-epoll\4.1.60.Final\netty-transport-native-epoll-4.1.60.Final-linux-x86_64.jar;C:\Users\rilaa\.m2\repository\io\netty\netty-transport-native-kqueue\4.1.60.Final\netty-transport-native-kqueue-4.1.60.Final-osx-x86_64.jar;C:\Users\rilaa\.m2\repository\org\reactivestreams\reactive-streams\1.0.3\reactive-streams-1.0.3.jar;C:\Users\rilaa\.m2\repository\com\typesafe\netty\netty-reactive-streams\2.0.4\netty-reactive-streams-2.0.4.jar;C:\Users\rilaa\.m2\repository\org\seleniumhq\selenium\selenium-http\4.1.2\selenium-http-4.1.2.jar;C:\Users\rilaa\.m2\repository\net\jodah\failsafe\2.4.4\failsafe-2.4.4.jar;C:\Users\rilaa\.m2\repository\org\seleniumhq\selenium\selenium-safari-driver\4.1.2\selenium-safari-driver-4.1.2.jar;C:\Users\rilaa\.m2\repository\org\seleniumhq\selenium\selenium-api\4.1.2\selenium-api-4.1.2.jar;C:\Users\rilaa\.m2\repository\org\seleniumhq\selenium\selenium-support\4.1.2\selenium-support-4.1.2.jar;C:\Users\rilaa\.m2\repository\com\google\auto\service\auto-service-annotations\1.0.1\auto-service-annotations-1.0.1.jar;C:\Users\rilaa\.m2\repository\com\google\auto\service\auto-service\1.0.1\auto-service-1.0.1.jar;C:\Users\rilaa\.m2\repository\com\google\auto\auto-common\1.2\auto-common-1.2.jar;C:\Users\rilaa\.m2\repository\org\seleniumhq\selenium\selenium-json\4.1.2\selenium-json-4.1.2.jar;C:\Users\rilaa\.m2\repository\org\seleniumhq\selenium\selenium-chrome-driver\4.1.2\selenium-chrome-driver-4.1.2.jar;C:\Users\rilaa\.m2\repository\org\seleniumhq\selenium\selenium-chromium-driver\4.1.2\selenium-chromium-driver-4.1.2.jar;C:\Users\rilaa\.m2\repository\org\seleniumhq\selenium\selenium-firefox-driver\4.1.2\selenium-firefox-driver-4.1.2.jar;C:\Users\rilaa\.m2\repository\org\seleniumhq\selenium\selenium-edge-driver\4.1.2\selenium-edge-driver-4.1.2.jar;C:\Users\rilaa\.m2\repository\org\seleniumhq\selenium\selenium-ie-driver\4.1.2\selenium-ie-driver-4.1.2.jar;C:\Users\rilaa\.m2\repository\org\projectlombok\lombok\1.18.20\lombok-1.18.20.jar;C:\Users\rilaa\.m2\repository\io\appium\java-client\8.0.0\java-client-8.0.0.jar;C:\Users\rilaa\.m2\repository\commons-validator\commons-validator\1.7\commons-validator-1.7.jar;C:\Users\rilaa\.m2\repository\commons-digester\commons-digester\2.1\commons-digester-2.1.jar;C:\Users\rilaa\.m2\repository\org\aspectj\aspectjweaver\1.9.8\aspectjweaver-1.9.8.jar;C:\Users\rilaa\.m2\repository\org\codehaus\groovy\groovy\3.0.10\groovy-3.0.10.jar;C:\Users\rilaa\.m2\repository\net\sf\opencsv\opencsv\2.0\opencsv-2.0.jar;C:\Users\rilaa\.m2\repository\commons-beanutils\commons-beanutils\1.9.4\commons-beanutils-1.9.4.jar;C:\Users\rilaa\.m2\repository\org\apache\commons\commons-lang3\3.12.0\commons-lang3-3.12.0.jar;C:\Users\rilaa\.m2\repository\commons-collections\commons-collections\3.2.2\commons-collections-3.2.2.jar;C:\Users\rilaa\.m2\repository\org\fluentlenium\fluentlenium-core\0.10.2\fluentlenium-core-0.10.2.jar;C:\Users\rilaa\.m2\repository\io\github\bonigarcia\webdrivermanager\5.1.0\webdrivermanager-5.1.0.jar;C:\Users\rilaa\.m2\repository\com\github\docker-java\docker-java\3.2.13\docker-java-3.2.13.jar;C:\Users\rilaa\.m2\repository\com\github\docker-java\docker-java-core\3.2.13\docker-java-core-3.2.13.jar;C:\Users\rilaa\.m2\repository\com\github\docker-java\docker-java-api\3.2.13\docker-java-api-3.2.13.jar;C:\Users\rilaa\.m2\repository\org\apache\commons\commons-compress\1.21\commons-compress-1.21.jar;C:\Users\rilaa\.m2\repository\org\bouncycastle\bcpkix-jdk15on\1.64\bcpkix-jdk15on-1.64.jar;C:\Users\rilaa\.m2\repository\org\bouncycastle\bcprov-jdk15on\1.64\bcprov-jdk15on-1.64.jar;C:\Users\rilaa\.m2\repository\org\slf4j\jcl-over-slf4j\1.7.30\jcl-over-slf4j-1.7.30.jar;C:\Users\rilaa\.m2\repository\com\github\docker-java\docker-java-transport-httpclient5\3.2.13\docker-java-transport-httpclient5-3.2.13.jar;C:\Users\rilaa\.m2\repository\com\github\docker-java\docker-java-transport\3.2.13\docker-java-transport-3.2.13.jar;C:\Users\rilaa\.m2\repository\org\apache\httpcomponents\client5\httpclient5\5.0.3\httpclient5-5.0.3.jar;C:\Users\rilaa\.m2\repository\org\apache\httpcomponents\core5\httpcore5\5.0.2\httpcore5-5.0.2.jar;C:\Users\rilaa\.m2\repository\net\java\dev\jna\jna\5.8.0\jna-5.8.0.jar;C:\Users\rilaa\.m2\repository\org\brotli\dec\0.1.2\dec-0.1.2.jar;C:\Users\rilaa\.m2\repository\com\jhlabs\filters\2.0.235\filters-2.0.235.jar;C:\Users\rilaa\.m2\repository\com\paulhammant\ngwebdriver\1.1.6\ngwebdriver-1.1.6.jar;C:\Users\rilaa\.m2\repository\joda-time\joda-time\2.8.2\joda-time-2.8.2.jar;C:\Users\rilaa\.m2\repository\org\hamcrest\hamcrest\2.2\hamcrest-2.2.jar;C:\Users\rilaa\.m2\repository\com\google\jimfs\jimfs\1.2\jimfs-1.2.jar;C:\Users\rilaa\.m2\repository\org\mockito\mockito-core\3.3.3\mockito-core-3.3.3.jar;C:\Users\rilaa\.m2\repository\javax\xml\bind\jaxb-api\2.3.1\jaxb-api-2.3.1.jar;C:\Users\rilaa\.m2\repository\javax\activation\javax.activation-api\1.2.0\javax.activation-api-1.2.0.jar;C:\Users\rilaa\.m2\repository\com\sun\xml\bind\jaxb-core\2.3.0.1\jaxb-core-2.3.0.1.jar;C:\Users\rilaa\.m2\repository\com\sun\xml\bind\jaxb-impl\2.3.3\jaxb-impl-2.3.3.jar;C:\Users\rilaa\.m2\repository\jakarta\xml\bind\jakarta.xml.bind-api\2.3.3\jakarta.xml.bind-api-2.3.3.jar;C:\Users\rilaa\.m2\repository\com\sun\activation\jakarta.activation\1.2.2\jakarta.activation-1.2.2.jar;C:\Users\rilaa\.m2\repository\javax\activation\activation\1.1.1\activation-1.1.1.jar;C:\Users\rilaa\.m2\repository\net\serenity-bdd\serenity-cucumber\3.2.1\serenity-cucumber-3.2.1.jar;C:\Users\rilaa\.m2\repository\io\cucumber\cucumber-core\7.2.3\cucumber-core-7.2.3.jar;C:\Users\rilaa\.m2\repository\io\cucumber\cucumber-gherkin\7.2.3\cucumber-gherkin-7.2.3.jar;C:\Users\rilaa\.m2\repository\io\cucumber\cucumber-gherkin-messages\7.2.3\cucumber-gherkin-messages-7.2.3.jar;C:\Users\rilaa\.m2\repository\io\cucumber\messages\17.1.1\messages-17.1.1.jar;C:\Users\rilaa\.m2\repository\io\cucumber\tag-expressions\4.1.0\tag-expressions-4.1.0.jar;C:\Users\rilaa\.m2\repository\io\cucumber\cucumber-expressions\15.0.1\cucumber-expressions-15.0.1.jar;C:\Users\rilaa\.m2\repository\io\cucumber\datatable\7.2.3\datatable-7.2.3.jar;C:\Users\rilaa\.m2\repository\io\cucumber\cucumber-plugin\7.2.3\cucumber-plugin-7.2.3.jar;C:\Users\rilaa\.m2\repository\io\cucumber\docstring\7.2.3\docstring-7.2.3.jar;C:\Users\rilaa\.m2\repository\io\cucumber\html-formatter\17.0.0\html-formatter-17.0.0.jar;C:\Users\rilaa\.m2\repository\io\cucumber\ci-environment\8.1.0\ci-environment-8.1.0.jar;C:\Users\rilaa\.m2\repository\io\cucumber\cucumber-junit\7.2.3\cucumber-junit-7.2.3.jar;C:\Users\rilaa\.m2\repository\org\apache\commons\commons-csv\1.5\commons-csv-1.5.jar;C:\Users\rilaa\.m2\repository\net\serenity-bdd\serenity-screenplay\3.2.1\serenity-screenplay-3.2.1.jar;C:\Users\rilaa\.m2\repository\net\serenity-bdd\serenity-screenplay-webdriver\3.2.1\serenity-screenplay-webdriver-3.2.1.jar;C:\Users\rilaa\.m2\repository\net\serenity-bdd\serenity-ensure\3.2.1\serenity-ensure-3.2.1.jar;C:\Users\rilaa\.m2\repository\net\serenity-bdd\serenity-junit\3.2.1\serenity-junit-3.2.1.jar;C:\Users\rilaa\.m2\repository\org\jetbrains\kotlin\kotlin-stdlib\1.6.0\kotlin-stdlib-1.6.0.jar;C:\Users\rilaa\.m2\repository\org\jetbrains\annotations\13.0\annotations-13.0.jar;C:\Users\rilaa\.m2\repository\org\jetbrains\kotlin\kotlin-stdlib-common\1.6.0\kotlin-stdlib-common-1.6.0.jar;C:\Users\rilaa\.m2\repository\org\junit\platform\junit-platform-launcher\1.8.1\junit-platform-launcher-1.8.1.jar;C:\Users\rilaa\.m2\repository\org\junit\platform\junit-platform-engine\1.8.1\junit-platform-engine-1.8.1.jar;C:\Users\rilaa\.m2\repository\org\opentest4j\opentest4j\1.2.0\opentest4j-1.2.0.jar;C:\Users\rilaa\.m2\repository\org\junit\platform\junit-platform-commons\1.8.1\junit-platform-commons-1.8.1.jar;C:\Users\rilaa\.m2\repository\org\apiguardian\apiguardian-api\1.1.2\apiguardian-api-1.1.2.jar;C:\Users\rilaa\.m2\repository\org\junit\jupiter\junit-jupiter-engine\5.8.2\junit-jupiter-engine-5.8.2.jar;C:\Users\rilaa\.m2\repository\org\junit\jupiter\junit-jupiter-api\5.8.2\junit-jupiter-api-5.8.2.jar;C:\Users\rilaa\.m2\repository\org\junit\vintage\junit-vintage-engine\5.8.2\junit-vintage-engine-5.8.2.jar;C:\Users\rilaa\.m2\repository\junit\junit\4.13.2\junit-4.13.2.jar;C:\Users\rilaa\.m2\repository\org\hamcrest\hamcrest-core\1.3\hamcrest-core-1.3.jar;C:\Users\rilaa\.m2\repository\ch\qos\logback\logback-classic\1.2.10\logback-classic-1.2.10.jar;C:\Users\rilaa\.m2\repository\ch\qos\logback\logback-core\1.2.10\logback-core-1.2.10.jar;C:\Users\rilaa\.m2\repository\org\slf4j\slf4j-api\1.7.32\slf4j-api-1.7.32.jar;C:\Users\rilaa\.m2\repository\org\assertj\assertj-core\3.6.2\assertj-core-3.6.2.jar;"/>
    <property name="sun.cpu.endian" value="little"/>
    <property name="user.home" value="C:\Users\rilaa"/>
    <property name="user.language" value="en"/>
    <property name="java.specification.vendor" value="Oracle Corporation"/>
    <property name="jdk.module.path" value="D:\Ra\file kuliah\semester 7\resume alta\Mini Project\Web testing\AltaShop\target\AltaShop-1.0-SNAPSHOT.jar"/>
    <property name="java.version.date" value="2022-07-19"/>
    <property name="java.home" value="C:\Program Files\Java\jdk-11.0.16"/>
    <property name="tags" value="Login"/>
    <property name="file.separator" value="\"/>
    <property name="basedir" value="D:\Ra\file kuliah\semester 7\resume alta\Mini Project\Web testing\AltaShop"/>
    <property name="java.vm.compressedOopsMode" value="32-bit"/>
    <property name="line.separator" value="&#10;"/>
    <property name="java.specification.name" value="Java Platform API Specification"/>
    <property name="java.vm.specification.vendor" value="Oracle Corporation"/>
    <property name="java.awt.graphicsenv" value="sun.awt.Win32GraphicsEnvironment"/>
    <property name="surefire.real.class.path" value="C:\Users\rilaa\.m2\repository\org\apache\maven\surefire\surefire-booter\3.0.0-M5\surefire-booter-3.0.0-M5.jar;C:\Users\rilaa\.m2\repository\org\apache\maven\surefire\surefire-api\3.0.0-M5\surefire-api-3.0.0-M5.jar;C:\Users\rilaa\.m2\repository\org\apache\maven\surefire\surefire-logger-api\3.0.0-M5\surefire-logger-api-3.0.0-M5.jar;C:\Users\rilaa\.m2\repository\org\apache\maven\surefire\surefire-shared-utils\3.0.0-M4\surefire-shared-utils-3.0.0-M4.jar;C:\Users\rilaa\.m2\repository\org\apache\maven\surefire\surefire-extensions-spi\3.0.0-M5\surefire-extensions-spi-3.0.0-M5.jar;D:\Ra\file kuliah\semester 7\resume alta\Mini Project\Web testing\AltaShop\target\test-classes;C:\Users\rilaa\.m2\repository\net\serenity-bdd\serenity-core\3.2.1\serenity-core-3.2.1.jar;C:\Users\rilaa\.m2\repository\net\serenity-bdd\serenity-model\3.2.1\serenity-model-3.2.1.jar;C:\Users\rilaa\.m2\repository\org\apache\commons\commons-text\1.9\commons-text-1.9.jar;C:\Users\rilaa\.m2\repository\commons-net\commons-net\3.8.0\commons-net-3.8.0.jar;C:\Users\rilaa\.m2\repository\com\google\guava\guava\31.1-jre\guava-31.1-jre.jar;C:\Users\rilaa\.m2\repository\com\google\guava\failureaccess\1.0.1\failureaccess-1.0.1.jar;C:\Users\rilaa\.m2\repository\com\google\guava\listenablefuture\9999.0-empty-to-avoid-conflict-with-guava\listenablefuture-9999.0-empty-to-avoid-conflict-with-guava.jar;C:\Users\rilaa\.m2\repository\com\google\code\findbugs\jsr305\3.0.2\jsr305-3.0.2.jar;C:\Users\rilaa\.m2\repository\org\checkerframework\checker-qual\3.12.0\checker-qual-3.12.0.jar;C:\Users\rilaa\.m2\repository\com\google\errorprone\error_prone_annotations\2.11.0\error_prone_annotations-2.11.0.jar;C:\Users\rilaa\.m2\repository\com\google\j2objc\j2objc-annotations\1.3\j2objc-annotations-1.3.jar;C:\Users\rilaa\.m2\repository\com\google\inject\guice\5.1.0\guice-5.1.0.jar;C:\Users\rilaa\.m2\repository\javax\inject\javax.inject\1\javax.inject-1.jar;C:\Users\rilaa\.m2\repository\aopalliance\aopalliance\1.0\aopalliance-1.0.jar;C:\Users\rilaa\.m2\repository\org\jsoup\jsoup\1.14.3\jsoup-1.14.3.jar;C:\Users\rilaa\.m2\repository\com\thoughtworks\xstream\xstream\1.4.19\xstream-1.4.19.jar;C:\Users\rilaa\.m2\repository\io\github\x-stream\mxparser\1.2.2\mxparser-1.2.2.jar;C:\Users\rilaa\.m2\repository\xmlpull\xmlpull\1.1.3.1\xmlpull-1.1.3.1.jar;C:\Users\rilaa\.m2\repository\io\cucumber\cucumber-java\7.2.3\cucumber-java-7.2.3.jar;C:\Users\rilaa\.m2\repository\com\typesafe\config\1.4.2\config-1.4.2.jar;C:\Users\rilaa\.m2\repository\org\imgscalr\imgscalr-lib\4.2\imgscalr-lib-4.2.jar;C:\Users\rilaa\.m2\repository\org\awaitility\awaitility\4.2.0\awaitility-4.2.0.jar;C:\Users\rilaa\.m2\repository\org\freemarker\freemarker\2.3.31\freemarker-2.3.31.jar;C:\Users\rilaa\.m2\repository\io\github\classgraph\classgraph\4.8.138\classgraph-4.8.138.jar;C:\Users\rilaa\.m2\repository\net\sourceforge\jexcelapi\jxl\2.6.12\jxl-2.6.12.jar;C:\Users\rilaa\.m2\repository\net\bytebuddy\byte-buddy\1.12.8\byte-buddy-1.12.8.jar;C:\Users\rilaa\.m2\repository\net\bytebuddy\byte-buddy-agent\1.12.8\byte-buddy-agent-1.12.8.jar;C:\Users\rilaa\.m2\repository\org\objenesis\objenesis\3.1\objenesis-3.1.jar;C:\Users\rilaa\.m2\repository\net\serenity-bdd\serenity-reports\3.2.1\serenity-reports-3.2.1.jar;C:\Users\rilaa\.m2\repository\net\serenity-bdd\serenity-stats\3.2.1\serenity-stats-3.2.1.jar;C:\Users\rilaa\.m2\repository\net\serenity-bdd\serenity-reports-configuration\3.2.1\serenity-reports-configuration-3.2.1.jar;C:\Users\rilaa\.m2\repository\com\vladsch\flexmark\flexmark-all\0.34.30\flexmark-all-0.34.30.jar;C:\Users\rilaa\.m2\repository\com\vladsch\flexmark\flexmark\0.34.30\flexmark-0.34.30.jar;C:\Users\rilaa\.m2\repository\com\vladsch\flexmark\flexmark-ext-abbreviation\0.34.30\flexmark-ext-abbreviation-0.34.30.jar;C:\Users\rilaa\.m2\repository\com\vladsch\flexmark\flexmark-ext-admonition\0.34.30\flexmark-ext-admonition-0.34.30.jar;C:\Users\rilaa\.m2\repository\com\vladsch\flexmark\flexmark-ext-anchorlink\0.34.30\flexmark-ext-anchorlink-0.34.30.jar;C:\Users\rilaa\.m2\repository\com\vladsch\flexmark\flexmark-ext-aside\0.34.30\flexmark-ext-aside-0.34.30.jar;C:\Users\rilaa\.m2\repository\com\vladsch\flexmark\flexmark-ext-attributes\0.34.30\flexmark-ext-attributes-0.34.30.jar;C:\Users\rilaa\.m2\repository\com\vladsch\flexmark\flexmark-ext-autolink\0.34.30\flexmark-ext-autolink-0.34.30.jar;C:\Users\rilaa\.m2\repository\org\nibor\autolink\autolink\0.6.0\autolink-0.6.0.jar;C:\Users\rilaa\.m2\repository\com\vladsch\flexmark\flexmark-ext-definition\0.34.30\flexmark-ext-definition-0.34.30.jar;C:\Users\rilaa\.m2\repository\com\vladsch\flexmark\flexmark-ext-emoji\0.34.30\flexmark-ext-emoji-0.34.30.jar;C:\Users\rilaa\.m2\repository\com\vladsch\flexmark\flexmark-ext-enumerated-reference\0.34.30\flexmark-ext-enumerated-reference-0.34.30.jar;C:\Users\rilaa\.m2\repository\com\vladsch\flexmark\flexmark-ext-escaped-character\0.34.30\flexmark-ext-escaped-character-0.34.30.jar;C:\Users\rilaa\.m2\repository\com\vladsch\flexmark\flexmark-ext-footnotes\0.34.30\flexmark-ext-footnotes-0.34.30.jar;C:\Users\rilaa\.m2\repository\com\vladsch\flexmark\flexmark-ext-gfm-issues\0.34.30\flexmark-ext-gfm-issues-0.34.30.jar;C:\Users\rilaa\.m2\repository\com\vladsch\flexmark\flexmark-ext-gfm-strikethrough\0.34.30\flexmark-ext-gfm-strikethrough-0.34.30.jar;C:\Users\rilaa\.m2\repository\com\vladsch\flexmark\flexmark-ext-gfm-tables\0.34.30\flexmark-ext-gfm-tables-0.34.30.jar;C:\Users\rilaa\.m2\repository\com\vladsch\flexmark\flexmark-ext-gfm-tasklist\0.34.30\flexmark-ext-gfm-tasklist-0.34.30.jar;C:\Users\rilaa\.m2\repository\com\vladsch\flexmark\flexmark-ext-gfm-users\0.34.30\flexmark-ext-gfm-users-0.34.30.jar;C:\Users\rilaa\.m2\repository\com\vladsch\flexmark\flexmark-ext-gitlab\0.34.30\flexmark-ext-gitlab-0.34.30.jar;C:\Users\rilaa\.m2\repository\com\vladsch\flexmark\flexmark-ext-jekyll-front-matter\0.34.30\flexmark-ext-jekyll-front-matter-0.34.30.jar;C:\Users\rilaa\.m2\repository\com\vladsch\flexmark\flexmark-ext-jekyll-tag\0.34.30\flexmark-ext-jekyll-tag-0.34.30.jar;C:\Users\rilaa\.m2\repository\com\vladsch\flexmark\flexmark-ext-media-tags\0.34.30\flexmark-ext-media-tags-0.34.30.jar;C:\Users\rilaa\.m2\repository\com\vladsch\flexmark\flexmark-test-util\0.34.30\flexmark-test-util-0.34.30.jar;C:\Users\rilaa\.m2\repository\com\vladsch\flexmark\flexmark-ext-ins\0.34.30\flexmark-ext-ins-0.34.30.jar;C:\Users\rilaa\.m2\repository\com\vladsch\flexmark\flexmark-ext-xwiki-macros\0.34.30\flexmark-ext-xwiki-macros-0.34.30.jar;C:\Users\rilaa\.m2\repository\com\vladsch\flexmark\flexmark-ext-superscript\0.34.30\flexmark-ext-superscript-0.34.30.jar;C:\Users\rilaa\.m2\repository\com\vladsch\flexmark\flexmark-ext-tables\0.34.30\flexmark-ext-tables-0.34.30.jar;C:\Users\rilaa\.m2\repository\com\vladsch\flexmark\flexmark-ext-toc\0.34.30\flexmark-ext-toc-0.34.30.jar;C:\Users\rilaa\.m2\repository\com\vladsch\flexmark\flexmark-ext-typographic\0.34.30\flexmark-ext-typographic-0.34.30.jar;C:\Users\rilaa\.m2\repository\com\vladsch\flexmark\flexmark-ext-wikilink\0.34.30\flexmark-ext-wikilink-0.34.30.jar;C:\Users\rilaa\.m2\repository\com\vladsch\flexmark\flexmark-ext-yaml-front-matter\0.34.30\flexmark-ext-yaml-front-matter-0.34.30.jar;C:\Users\rilaa\.m2\repository\com\vladsch\flexmark\flexmark-ext-youtube-embedded\0.34.30\flexmark-ext-youtube-embedded-0.34.30.jar;C:\Users\rilaa\.m2\repository\com\vladsch\flexmark\flexmark-formatter\0.34.30\flexmark-formatter-0.34.30.jar;C:\Users\rilaa\.m2\repository\com\vladsch\flexmark\flexmark-html-parser\0.34.30\flexmark-html-parser-0.34.30.jar;C:\Users\rilaa\.m2\repository\com\vladsch\flexmark\flexmark-jira-converter\0.34.30\flexmark-jira-converter-0.34.30.jar;C:\Users\rilaa\.m2\repository\com\vladsch\flexmark\flexmark-pdf-converter\0.34.30\flexmark-pdf-converter-0.34.30.jar;C:\Users\rilaa\.m2\repository\com\openhtmltopdf\openhtmltopdf-core\0.0.1-RC13\openhtmltopdf-core-0.0.1-RC13.jar;C:\Users\rilaa\.m2\repository\com\openhtmltopdf\openhtmltopdf-pdfbox\0.0.1-RC13\openhtmltopdf-pdfbox-0.0.1-RC13.jar;C:\Users\rilaa\.m2\repository\org\apache\pdfbox\pdfbox\2.0.8\pdfbox-2.0.8.jar;C:\Users\rilaa\.m2\repository\org\apache\pdfbox\fontbox\2.0.8\fontbox-2.0.8.jar;C:\Users\rilaa\.m2\repository\commons-logging\commons-logging\1.2\commons-logging-1.2.jar;C:\Users\rilaa\.m2\repository\org\apache\pdfbox\xmpbox\2.0.8\xmpbox-2.0.8.jar;C:\Users\rilaa\.m2\repository\de\rototor\pdfbox\graphics2d\0.12\graphics2d-0.12.jar;C:\Users\rilaa\.m2\repository\com\openhtmltopdf\openhtmltopdf-rtl-support\0.0.1-RC13\openhtmltopdf-rtl-support-0.0.1-RC13.jar;C:\Users\rilaa\.m2\repository\com\ibm\icu\icu4j\59.1\icu4j-59.1.jar;C:\Users\rilaa\.m2\repository\com\openhtmltopdf\openhtmltopdf-jsoup-dom-converter\0.0.1-RC13\openhtmltopdf-jsoup-dom-converter-0.0.1-RC13.jar;C:\Users\rilaa\.m2\repository\com\vladsch\flexmark\flexmark-profile-pegdown\0.34.30\flexmark-profile-pegdown-0.34.30.jar;C:\Users\rilaa\.m2\repository\com\vladsch\flexmark\flexmark-util\0.34.30\flexmark-util-0.34.30.jar;C:\Users\rilaa\.m2\repository\com\vladsch\flexmark\flexmark-youtrack-converter\0.34.30\flexmark-youtrack-converter-0.34.30.jar;C:\Users\rilaa\.m2\repository\es\nitaur\markdown\txtmark\0.16\txtmark-0.16.jar;C:\Users\rilaa\.m2\repository\net\serenity-bdd\serenity-report-resources\3.2.1\serenity-report-resources-3.2.1.jar;C:\Users\rilaa\.m2\repository\com\google\code\gson\gson\2.9.0\gson-2.9.0.jar;C:\Users\rilaa\.m2\repository\com\fasterxml\jackson\core\jackson-core\2.13.2\jackson-core-2.13.2.jar;C:\Users\rilaa\.m2\repository\com\fasterxml\jackson\core\jackson-databind\2.13.2\jackson-databind-2.13.2.jar;C:\Users\rilaa\.m2\repository\com\fasterxml\jackson\core\jackson-annotations\2.13.2\jackson-annotations-2.13.2.jar;C:\Users\rilaa\.m2\repository\commons-codec\commons-codec\1.15\commons-codec-1.15.jar;C:\Users\rilaa\.m2\repository\commons-io\commons-io\2.11.0\commons-io-2.11.0.jar;C:\Users\rilaa\.m2\repository\org\seleniumhq\selenium\selenium-java\4.1.2\selenium-java-4.1.2.jar;C:\Users\rilaa\.m2\repository\org\seleniumhq\selenium\selenium-devtools-v85\4.1.2\selenium-devtools-v85-4.1.2.jar;C:\Users\rilaa\.m2\repository\org\seleniumhq\selenium\selenium-devtools-v95\4.1.2\selenium-devtools-v95-4.1.2.jar;C:\Users\rilaa\.m2\repository\org\seleniumhq\selenium\selenium-devtools-v96\4.1.2\selenium-devtools-v96-4.1.2.jar;C:\Users\rilaa\.m2\repository\org\seleniumhq\selenium\selenium-devtools-v97\4.1.2\selenium-devtools-v97-4.1.2.jar;C:\Users\rilaa\.m2\repository\org\seleniumhq\selenium\selenium-firefox-xpi-driver\4.1.2\selenium-firefox-xpi-driver-4.1.2.jar;C:\Users\rilaa\.m2\repository\org\seleniumhq\selenium\selenium-opera-driver\4.1.2\selenium-opera-driver-4.1.2.jar;C:\Users\rilaa\.m2\repository\org\seleniumhq\selenium\selenium-remote-driver\4.1.2\selenium-remote-driver-4.1.2.jar;C:\Users\rilaa\.m2\repository\com\beust\jcommander\1.82\jcommander-1.82.jar;C:\Users\rilaa\.m2\repository\io\netty\netty-buffer\4.1.73.Final\netty-buffer-4.1.73.Final.jar;C:\Users\rilaa\.m2\repository\io\netty\netty-codec-http\4.1.73.Final\netty-codec-http-4.1.73.Final.jar;C:\Users\rilaa\.m2\repository\io\netty\netty-codec\4.1.73.Final\netty-codec-4.1.73.Final.jar;C:\Users\rilaa\.m2\repository\io\netty\netty-handler\4.1.73.Final\netty-handler-4.1.73.Final.jar;C:\Users\rilaa\.m2\repository\io\netty\netty-tcnative-classes\2.0.46.Final\netty-tcnative-classes-2.0.46.Final.jar;C:\Users\rilaa\.m2\repository\io\netty\netty-common\4.1.73.Final\netty-common-4.1.73.Final.jar;C:\Users\rilaa\.m2\repository\io\netty\netty-transport-classes-epoll\4.1.73.Final\netty-transport-classes-epoll-4.1.73.Final.jar;C:\Users\rilaa\.m2\repository\io\netty\netty-transport-classes-kqueue\4.1.73.Final\netty-transport-classes-kqueue-4.1.73.Final.jar;C:\Users\rilaa\.m2\repository\io\netty\netty-transport-native-epoll\4.1.73.Final\netty-transport-native-epoll-4.1.73.Final.jar;C:\Users\rilaa\.m2\repository\io\netty\netty-transport-native-kqueue\4.1.73.Final\netty-transport-native-kqueue-4.1.73.Final.jar;C:\Users\rilaa\.m2\repository\io\netty\netty-transport-native-unix-common\4.1.73.Final\netty-transport-native-unix-common-4.1.73.Final.jar;C:\Users\rilaa\.m2\repository\io\netty\netty-transport\4.1.73.Final\netty-transport-4.1.73.Final.jar;C:\Users\rilaa\.m2\repository\io\netty\netty-resolver\4.1.73.Final\netty-resolver-4.1.73.Final.jar;C:\Users\rilaa\.m2\repository\io\opentelemetry\opentelemetry-api\1.10.1\opentelemetry-api-1.10.1.jar;C:\Users\rilaa\.m2\repository\io\opentelemetry\opentelemetry-context\1.10.1\opentelemetry-context-1.10.1.jar;C:\Users\rilaa\.m2\repository\io\opentelemetry\opentelemetry-exporter-logging\1.10.1\opentelemetry-exporter-logging-1.10.1.jar;C:\Users\rilaa\.m2\repository\io\opentelemetry\opentelemetry-sdk-metrics\1.10.1-alpha\opentelemetry-sdk-metrics-1.10.1-alpha.jar;C:\Users\rilaa\.m2\repository\io\opentelemetry\opentelemetry-sdk-logs\1.10.1-alpha\opentelemetry-sdk-logs-1.10.1-alpha.jar;C:\Users\rilaa\.m2\repository\io\opentelemetry\opentelemetry-sdk-common\1.10.1\opentelemetry-sdk-common-1.10.1.jar;C:\Users\rilaa\.m2\repository\io\opentelemetry\opentelemetry-sdk-extension-autoconfigure-spi\1.10.1\opentelemetry-sdk-extension-autoconfigure-spi-1.10.1.jar;C:\Users\rilaa\.m2\repository\io\opentelemetry\opentelemetry-sdk-extension-autoconfigure\1.10.1-alpha\opentelemetry-sdk-extension-autoconfigure-1.10.1-alpha.jar;C:\Users\rilaa\.m2\repository\io\opentelemetry\opentelemetry-sdk-trace\1.10.1\opentelemetry-sdk-trace-1.10.1.jar;C:\Users\rilaa\.m2\repository\io\opentelemetry\opentelemetry-sdk\1.10.1\opentelemetry-sdk-1.10.1.jar;C:\Users\rilaa\.m2\repository\io\opentelemetry\opentelemetry-semconv\1.10.1-alpha\opentelemetry-semconv-1.10.1-alpha.jar;C:\Users\rilaa\.m2\repository\io\ous\jtoml\2.0.0\jtoml-2.0.0.jar;C:\Users\rilaa\.m2\repository\org\apache\commons\commons-exec\1.3\commons-exec-1.3.jar;C:\Users\rilaa\.m2\repository\org\asynchttpclient\async-http-client\2.12.3\async-http-client-2.12.3.jar;C:\Users\rilaa\.m2\repository\org\asynchttpclient\async-http-client-netty-utils\2.12.3\async-http-client-netty-utils-2.12.3.jar;C:\Users\rilaa\.m2\repository\io\netty\netty-codec-socks\4.1.60.Final\netty-codec-socks-4.1.60.Final.jar;C:\Users\rilaa\.m2\repository\io\netty\netty-handler-proxy\4.1.60.Final\netty-handler-proxy-4.1.60.Final.jar;C:\Users\rilaa\.m2\repository\io\netty\netty-transport-native-epoll\4.1.60.Final\netty-transport-native-epoll-4.1.60.Final-linux-x86_64.jar;C:\Users\rilaa\.m2\repository\io\netty\netty-transport-native-kqueue\4.1.60.Final\netty-transport-native-kqueue-4.1.60.Final-osx-x86_64.jar;C:\Users\rilaa\.m2\repository\org\reactivestreams\reactive-streams\1.0.3\reactive-streams-1.0.3.jar;C:\Users\rilaa\.m2\repository\com\typesafe\netty\netty-reactive-streams\2.0.4\netty-reactive-streams-2.0.4.jar;C:\Users\rilaa\.m2\repository\org\seleniumhq\selenium\selenium-http\4.1.2\selenium-http-4.1.2.jar;C:\Users\rilaa\.m2\repository\net\jodah\failsafe\2.4.4\failsafe-2.4.4.jar;C:\Users\rilaa\.m2\repository\org\seleniumhq\selenium\selenium-safari-driver\4.1.2\selenium-safari-driver-4.1.2.jar;C:\Users\rilaa\.m2\repository\org\seleniumhq\selenium\selenium-api\4.1.2\selenium-api-4.1.2.jar;C:\Users\rilaa\.m2\repository\org\seleniumhq\selenium\selenium-support\4.1.2\selenium-support-4.1.2.jar;C:\Users\rilaa\.m2\repository\com\google\auto\service\auto-service-annotations\1.0.1\auto-service-annotations-1.0.1.jar;C:\Users\rilaa\.m2\repository\com\google\auto\service\auto-service\1.0.1\auto-service-1.0.1.jar;C:\Users\rilaa\.m2\repository\com\google\auto\auto-common\1.2\auto-common-1.2.jar;C:\Users\rilaa\.m2\repository\org\seleniumhq\selenium\selenium-json\4.1.2\selenium-json-4.1.2.jar;C:\Users\rilaa\.m2\repository\org\seleniumhq\selenium\selenium-chrome-driver\4.1.2\selenium-chrome-driver-4.1.2.jar;C:\Users\rilaa\.m2\repository\org\seleniumhq\selenium\selenium-chromium-driver\4.1.2\selenium-chromium-driver-4.1.2.jar;C:\Users\rilaa\.m2\repository\org\seleniumhq\selenium\selenium-firefox-driver\4.1.2\selenium-firefox-driver-4.1.2.jar;C:\Users\rilaa\.m2\repository\org\seleniumhq\selenium\selenium-edge-driver\4.1.2\selenium-edge-driver-4.1.2.jar;C:\Users\rilaa\.m2\repository\org\seleniumhq\selenium\selenium-ie-driver\4.1.2\selenium-ie-driver-4.1.2.jar;C:\Users\rilaa\.m2\repository\org\projectlombok\lombok\1.18.20\lombok-1.18.20.jar;C:\Users\rilaa\.m2\repository\io\appium\java-client\8.0.0\java-client-8.0.0.jar;C:\Users\rilaa\.m2\repository\commons-validator\commons-validator\1.7\commons-validator-1.7.jar;C:\Users\rilaa\.m2\repository\commons-digester\commons-digester\2.1\commons-digester-2.1.jar;C:\Users\rilaa\.m2\repository\org\aspectj\aspectjweaver\1.9.8\aspectjweaver-1.9.8.jar;C:\Users\rilaa\.m2\repository\org\codehaus\groovy\groovy\3.0.10\groovy-3.0.10.jar;C:\Users\rilaa\.m2\repository\net\sf\opencsv\opencsv\2.0\opencsv-2.0.jar;C:\Users\rilaa\.m2\repository\commons-beanutils\commons-beanutils\1.9.4\commons-beanutils-1.9.4.jar;C:\Users\rilaa\.m2\repository\org\apache\commons\commons-lang3\3.12.0\commons-lang3-3.12.0.jar;C:\Users\rilaa\.m2\repository\commons-collections\commons-collections\3.2.2\commons-collections-3.2.2.jar;C:\Users\rilaa\.m2\repository\org\fluentlenium\fluentlenium-core\0.10.2\fluentlenium-core-0.10.2.jar;C:\Users\rilaa\.m2\repository\io\github\bonigarcia\webdrivermanager\5.1.0\webdrivermanager-5.1.0.jar;C:\Users\rilaa\.m2\repository\com\github\docker-java\docker-java\3.2.13\docker-java-3.2.13.jar;C:\Users\rilaa\.m2\repository\com\github\docker-java\docker-java-core\3.2.13\docker-java-core-3.2.13.jar;C:\Users\rilaa\.m2\repository\com\github\docker-java\docker-java-api\3.2.13\docker-java-api-3.2.13.jar;C:\Users\rilaa\.m2\repository\org\apache\commons\commons-compress\1.21\commons-compress-1.21.jar;C:\Users\rilaa\.m2\repository\org\bouncycastle\bcpkix-jdk15on\1.64\bcpkix-jdk15on-1.64.jar;C:\Users\rilaa\.m2\repository\org\bouncycastle\bcprov-jdk15on\1.64\bcprov-jdk15on-1.64.jar;C:\Users\rilaa\.m2\repository\org\slf4j\jcl-over-slf4j\1.7.30\jcl-over-slf4j-1.7.30.jar;C:\Users\rilaa\.m2\repository\com\github\docker-java\docker-java-transport-httpclient5\3.2.13\docker-java-transport-httpclient5-3.2.13.jar;C:\Users\rilaa\.m2\repository\com\github\docker-java\docker-java-transport\3.2.13\docker-java-transport-3.2.13.jar;C:\Users\rilaa\.m2\repository\org\apache\httpcomponents\client5\httpclient5\5.0.3\httpclient5-5.0.3.jar;C:\Users\rilaa\.m2\repository\org\apache\httpcomponents\core5\httpcore5\5.0.2\httpcore5-5.0.2.jar;C:\Users\rilaa\.m2\repository\net\java\dev\jna\jna\5.8.0\jna-5.8.0.jar;C:\Users\rilaa\.m2\repository\org\brotli\dec\0.1.2\dec-0.1.2.jar;C:\Users\rilaa\.m2\repository\com\jhlabs\filters\2.0.235\filters-2.0.235.jar;C:\Users\rilaa\.m2\repository\com\paulhammant\ngwebdriver\1.1.6\ngwebdriver-1.1.6.jar;C:\Users\rilaa\.m2\repository\joda-time\joda-time\2.8.2\joda-time-2.8.2.jar;C:\Users\rilaa\.m2\repository\org\hamcrest\hamcrest\2.2\hamcrest-2.2.jar;C:\Users\rilaa\.m2\repository\com\google\jimfs\jimfs\1.2\jimfs-1.2.jar;C:\Users\rilaa\.m2\repository\org\mockito\mockito-core\3.3.3\mockito-core-3.3.3.jar;C:\Users\rilaa\.m2\repository\javax\xml\bind\jaxb-api\2.3.1\jaxb-api-2.3.1.jar;C:\Users\rilaa\.m2\repository\javax\activation\javax.activation-api\1.2.0\javax.activation-api-1.2.0.jar;C:\Users\rilaa\.m2\repository\com\sun\xml\bind\jaxb-core\2.3.0.1\jaxb-core-2.3.0.1.jar;C:\Users\rilaa\.m2\repository\com\sun\xml\bind\jaxb-impl\2.3.3\jaxb-impl-2.3.3.jar;C:\Users\rilaa\.m2\repository\jakarta\xml\bind\jakarta.xml.bind-api\2.3.3\jakarta.xml.bind-api-2.3.3.jar;C:\Users\rilaa\.m2\repository\com\sun\activation\jakarta.activation\1.2.2\jakarta.activation-1.2.2.jar;C:\Users\rilaa\.m2\repository\javax\activation\activation\1.1.1\activation-1.1.1.jar;C:\Users\rilaa\.m2\repository\net\serenity-bdd\serenity-cucumber\3.2.1\serenity-cucumber-3.2.1.jar;C:\Users\rilaa\.m2\repository\io\cucumber\cucumber-core\7.2.3\cucumber-core-7.2.3.jar;C:\Users\rilaa\.m2\repository\io\cucumber\cucumber-gherkin\7.2.3\cucumber-gherkin-7.2.3.jar;C:\Users\rilaa\.m2\repository\io\cucumber\cucumber-gherkin-messages\7.2.3\cucumber-gherkin-messages-7.2.3.jar;C:\Users\rilaa\.m2\repository\io\cucumber\messages\17.1.1\messages-17.1.1.jar;C:\Users\rilaa\.m2\repository\io\cucumber\tag-expressions\4.1.0\tag-expressions-4.1.0.jar;C:\Users\rilaa\.m2\repository\io\cucumber\cucumber-expressions\15.0.1\cucumber-expressions-15.0.1.jar;C:\Users\rilaa\.m2\repository\io\cucumber\datatable\7.2.3\datatable-7.2.3.jar;C:\Users\rilaa\.m2\repository\io\cucumber\cucumber-plugin\7.2.3\cucumber-plugin-7.2.3.jar;C:\Users\rilaa\.m2\repository\io\cucumber\docstring\7.2.3\docstring-7.2.3.jar;C:\Users\rilaa\.m2\repository\io\cucumber\html-formatter\17.0.0\html-formatter-17.0.0.jar;C:\Users\rilaa\.m2\repository\io\cucumber\ci-environment\8.1.0\ci-environment-8.1.0.jar;C:\Users\rilaa\.m2\repository\io\cucumber\cucumber-junit\7.2.3\cucumber-junit-7.2.3.jar;C:\Users\rilaa\.m2\repository\org\apache\commons\commons-csv\1.5\commons-csv-1.5.jar;C:\Users\rilaa\.m2\repository\net\serenity-bdd\serenity-screenplay\3.2.1\serenity-screenplay-3.2.1.jar;C:\Users\rilaa\.m2\repository\net\serenity-bdd\serenity-screenplay-webdriver\3.2.1\serenity-screenplay-webdriver-3.2.1.jar;C:\Users\rilaa\.m2\repository\net\serenity-bdd\serenity-ensure\3.2.1\serenity-ensure-3.2.1.jar;C:\Users\rilaa\.m2\repository\net\serenity-bdd\serenity-junit\3.2.1\serenity-junit-3.2.1.jar;C:\Users\rilaa\.m2\repository\org\jetbrains\kotlin\kotlin-stdlib\1.6.0\kotlin-stdlib-1.6.0.jar;C:\Users\rilaa\.m2\repository\org\jetbrains\annotations\13.0\annotations-13.0.jar;C:\Users\rilaa\.m2\repository\org\jetbrains\kotlin\kotlin-stdlib-common\1.6.0\kotlin-stdlib-common-1.6.0.jar;C:\Users\rilaa\.m2\repository\org\junit\platform\junit-platform-launcher\1.8.1\junit-platform-launcher-1.8.1.jar;C:\Users\rilaa\.m2\repository\org\junit\platform\junit-platform-engine\1.8.1\junit-platform-engine-1.8.1.jar;C:\Users\rilaa\.m2\repository\org\opentest4j\opentest4j\1.2.0\opentest4j-1.2.0.jar;C:\Users\rilaa\.m2\repository\org\junit\platform\junit-platform-commons\1.8.1\junit-platform-commons-1.8.1.jar;C:\Users\rilaa\.m2\repository\org\apiguardian\apiguardian-api\1.1.2\apiguardian-api-1.1.2.jar;C:\Users\rilaa\.m2\repository\org\junit\jupiter\junit-jupiter-engine\5.8.2\junit-jupiter-engine-5.8.2.jar;C:\Users\rilaa\.m2\repository\org\junit\jupiter\junit-jupiter-api\5.8.2\junit-jupiter-api-5.8.2.jar;C:\Users\rilaa\.m2\repository\org\junit\vintage\junit-vintage-engine\5.8.2\junit-vintage-engine-5.8.2.jar;C:\Users\rilaa\.m2\repository\junit\junit\4.13.2\junit-4.13.2.jar;C:\Users\rilaa\.m2\repository\org\hamcrest\hamcrest-core\1.3\hamcrest-core-1.3.jar;C:\Users\rilaa\.m2\repository\ch\qos\logback\logback-classic\1.2.10\logback-classic-1.2.10.jar;C:\Users\rilaa\.m2\repository\ch\qos\logback\logback-core\1.2.10\logback-core-1.2.10.jar;C:\Users\rilaa\.m2\repository\org\slf4j\slf4j-api\1.7.32\slf4j-api-1.7.32.jar;C:\Users\rilaa\.m2\repository\org\assertj\assertj-core\3.6.2\assertj-core-3.6.2.jar;C:\Users\rilaa\.m2\repository\org\apache\maven\surefire\surefire-junit-platform\3.0.0-M5\surefire-junit-platform-3.0.0-M5.jar;C:\Users\rilaa\.m2\repository\org\apache\maven\surefire\common-java5\3.0.0-M5\common-java5-3.0.0-M5.jar"/>
    <property name="user.script" value=""/>
    <property name="java.protocol.handler.pkgs" value="com.google.common"/>
    <property name="sun.management.compiler" value="HotSpot 64-Bit Tiered Compilers"/>
    <property name="java.runtime.version" value="11.0.16+11-LTS-199"/>
    <property name="user.name" value="rilaa"/>
    <property name="path.separator" value=";"/>
    <property name="os.version" value="10.0"/>
    <property name="java.runtime.name" value="Java(TM) SE Runtime Environment"/>
    <property name="file.encoding" value="Cp1252"/>
    <property name="webdriver.base.url" value=""/>
    <property name="java.vm.name" value="Java HotSpot(TM) 64-Bit Server VM"/>
    <property name="java.vendor.version" value="18.9"/>
    <property name="localRepository" value="C:\Users\rilaa\.m2\repository"/>
    <property name="java.vendor.url.bug" value="https://bugreport.java.com/bugreport/"/>
    <property name="java.io.tmpdir" value="C:\Users\rilaa\AppData\Local\Temp\"/>
    <property name="java.version" value="11.0.16"/>
    <property name="user.dir" value="D:\Ra\file kuliah\semester 7\resume alta\Mini Project\Web testing\AltaShop"/>
    <property name="os.arch" value="amd64"/>
    <property name="java.vm.specification.name" value="Java Virtual Machine Specification"/>
    <property name="java.awt.printerjob" value="sun.awt.windows.WPrinterJob"/>
    <property name="sun.os.patch.level" value=""/>
    <property name="java.library.path" value="C:\Program Files\Java\jdk-11.0.16\bin;C:\Windows\Sun\Java\bin;C:\Windows\system32;C:\Windows;C:\Program Files\Java\jdk-11.0.16\bin;C:\Program Files\Common Files\Oracle\Java\javapath;C:\Windows\system32;C:\Windows;C:\Windows\System32\Wbem;C:\Windows\System32\WindowsPowerShell\v1.0\;C:\Windows\System32\OpenSSH\;C:\Program Files\MATLAB\MATLAB Production Server\R2015a\runtime\win64;C:\Program Files\MATLAB\MATLAB Production Server\R2015a\bin;C:\Program Files\MATLAB\MATLAB Production Server\R2015a\polyspace\bin;C:\Program Files\Git\cmd;C:\Program Files\apache-maven-3.8.6\bin;C:\Program Files\Java\jdk-18.0.2.1;C:\Users\rilaa\AppData\Local\Android\Sdk\platform-tools;C:\Program Files\nodejs\;C:\Users\rilaa\AppData\Local\Programs\Python\Python39\Scripts\;C:\Users\rilaa\AppData\Local\Programs\Python\Python39\;C:\Users\rilaa\AppData\Local\Microsoft\WindowsApps;;C:\Program Files\JetBrains\IntelliJ IDEA Community Edition 2022.2.1\bin;;C:\Users\rilaa\AppData\Local\Programs\Microsoft VS Code\bin;C:\Users\rilaa\AppData\Roaming\npm;."/>
    <property name="java.vendor" value="Oracle Corporation"/>
    <property name="java.vm.info" value="mixed mode"/>
    <property name="java.vm.version" value="11.0.16+11-LTS-199"/>
    <property name="sun.io.unicode.encoding" value="UnicodeLittle"/>
    <property name="java.class.version" value="55.0"/>
  </properties>
  <testcase name="Login with account #1" classname="Login" time="32.361">
    <system-out><![CDATA[14:07:42.849 [main] INFO io.cucumber.core.plugin.SerenityReporter - Running feature from file:///D:/Ra/file%20kuliah/semester%207/resume%20alta/Mini%20Project/Web%20testing/AltaShop/src/test/resources/features/home.feature
14:07:43.011 [main] INFO  - 

-------------------------------------------------------------------------------------
     _______. _______ .______       _______ .__   __.  __  .___________.____    ____ 
    /       ||   ____||   _  \     |   ____||  \ |  | |  | |           |\   \  /   / 
   |   (----`|  |__   |  |_)  |    |  |__   |   \|  | |  | `---|  |----` \   \/   /  
    \   \    |   __|  |      /     |   __|  |  . `  | |  |     |  |       \_    _/   
.----)   |   |  |____ |  |\  \----.|  |____ |  |\   | |  |     |  |         |  |     
|_______/    |_______|| _| `._____||_______||__| \__| |__|     |__|         |__|    
                                                                                     
 News and tutorials at http://www.serenity-bdd.info                                  
 Documentation at https://wakaleo.gitbooks.io/the-serenity-book/content/             
 Join the Serenity Community on Gitter: https://gitter.im/serenity-bdd/serenity-core 
 Serenity BDD Support and Training at http://serenity-bdd.info/#/trainingandsupport  
-------------------------------------------------------------------------------------

14:07:43.014 [main] DEBUG net.thucydides.core.steps.StepEventBus - Test suite started for story net.thucydides.core.model.Story@a79fd7e8
14:07:43.019 [main] INFO  - Test Suite Started: Home
14:07:43.034 [main] INFO io.cucumber.core.plugin.SerenityReporter - Running feature from file:///D:/Ra/file%20kuliah/semester%207/resume%20alta/Mini%20Project/Web%20testing/AltaShop/src/test/resources/features/login.feature
14:07:43.044 [main] DEBUG net.thucydides.core.steps.StepEventBus - Test suite started for story net.thucydides.core.model.Story@f388ff28
14:07:43.045 [main] INFO  - Test Suite Started: Login
14:07:43.045 [main] INFO io.cucumber.core.plugin.SerenityReporter - Running feature from file:///D:/Ra/file%20kuliah/semester%207/resume%20alta/Mini%20Project/Web%20testing/AltaShop/src/test/resources/features/logout.feature
14:07:43.051 [main] DEBUG net.thucydides.core.steps.StepEventBus - Test suite started for story net.thucydides.core.model.Story@b51a1248
14:07:43.052 [main] INFO  - Test Suite Started: Logout
14:07:43.052 [main] INFO io.cucumber.core.plugin.SerenityReporter - Running feature from file:///D:/Ra/file%20kuliah/semester%207/resume%20alta/Mini%20Project/Web%20testing/AltaShop/src/test/resources/features/order.feature
14:07:43.063 [main] DEBUG net.thucydides.core.steps.StepEventBus - Test suite started for story net.thucydides.core.model.Story@9cac46c8
14:07:43.064 [main] INFO  - Test Suite Started: Order
14:07:43.064 [main] INFO io.cucumber.core.plugin.SerenityReporter - Running feature from file:///D:/Ra/file%20kuliah/semester%207/resume%20alta/Mini%20Project/Web%20testing/AltaShop/src/test/resources/features/register.feature
14:07:43.074 [main] DEBUG net.thucydides.core.steps.StepEventBus - Test suite started for story net.thucydides.core.model.Story@63230c68
14:07:43.075 [main] INFO  - Test Suite Started: Register
14:07:43.075 [main] INFO io.cucumber.core.plugin.SerenityReporter - Running feature from file:///D:/Ra/file%20kuliah/semester%207/resume%20alta/Mini%20Project/Web%20testing/AltaShop/src/test/resources/features/login.feature
14:07:43.077 [main] DEBUG net.thucydides.core.steps.StepEventBus - Test suite started for story net.thucydides.core.model.Story@f388ff28
14:07:43.078 [main] INFO  - Test Suite Started: Login

@Login
Scenario Outline: Login with account  &amp#27;[90m# src/test/resources/features/login.feature:16&amp#27;[0m
14:07:43.248 [main] INFO io.cucumber.core.plugin.SerenityReporter - Running feature from file:///D:/Ra/file%20kuliah/semester%207/resume%20alta/Mini%20Project/Web%20testing/AltaShop/src/test/resources/features/login.feature
14:07:43.557 [main] INFO  - 
  _____   ___   ___   _____     ___   _____     _     ___   _____   ___   ___  
 |_   _| | __| / __| |_   _|   / __| |_   _|   /_\   | _ \ |_   _| | __| |   \ 
   | |   | _|  \__ \   | |     \__ \   | |    / _ \  |   /   | |   | _|  | |) |
   |_|   |___| |___/   |_|     |___/   |_|   /_/ \_\ |_|_\   |_|   |___| |___/ 

Login with account(login;login-with-account)
--------------------------------------------------------------------------------
14:07:44.589 [main] INFO net.serenitybdd.core.webdriver.driverproviders.ChromeDriverProvider - Using automatically driver download
14:07:45.501 [main] DEBUG io.github.bonigarcia.wdm.cache.ResolutionCache - Removing resolution chrome=107 from cache (expired on Sun Nov 06 14:19:57 ICT 2022)
14:07:45.536 [main] DEBUG org.apache.hc.client5.http.impl.classic.InternalHttpClient - ex-00000001: preparing request execution
14:07:45.543 [main] DEBUG org.apache.hc.client5.http.protocol.RequestAddCookies - Cookie spec selected: strict
14:07:45.563 [main] DEBUG org.apache.hc.client5.http.protocol.RequestAuthCache - Auth cache not set in the context
14:07:45.563 [main] DEBUG org.apache.hc.client5.http.impl.classic.ProtocolExec - ex-00000001: target auth state: UNCHALLENGED
14:07:45.563 [main] DEBUG org.apache.hc.client5.http.impl.classic.ProtocolExec - ex-00000001: proxy auth state: UNCHALLENGED
14:07:45.564 [main] DEBUG org.apache.hc.client5.http.impl.classic.ConnectExec - ex-00000001: acquiring connection with route {s}->https://raw.githubusercontent.com:443
14:07:45.564 [main] DEBUG org.apache.hc.client5.http.impl.classic.InternalHttpClient - ex-00000001: acquiring endpoint (3 MINUTES)
14:07:45.565 [main] DEBUG org.apache.hc.client5.http.impl.io.PoolingHttpClientConnectionManager - ex-00000001: endpoint lease request (3 MINUTES) [route: {s}->https://raw.githubusercontent.com:443][total available: 0; route allocated: 0 of 5; total allocated: 0 of 25]
14:07:45.569 [main] DEBUG org.apache.hc.client5.http.impl.io.PoolingHttpClientConnectionManager - ex-00000001: endpoint leased [route: {s}->https://raw.githubusercontent.com:443][total available: 0; route allocated: 1 of 5; total allocated: 1 of 25]
14:07:45.593 [main] DEBUG org.apache.hc.client5.http.impl.io.PoolingHttpClientConnectionManager - ex-00000001: acquired ep-00000000
14:07:45.594 [main] DEBUG org.apache.hc.client5.http.impl.classic.InternalHttpClient - ex-00000001: acquired endpoint ep-00000000
14:07:45.594 [main] DEBUG org.apache.hc.client5.http.impl.classic.ConnectExec - ex-00000001: opening connection {s}->https://raw.githubusercontent.com:443
14:07:45.594 [main] DEBUG org.apache.hc.client5.http.impl.classic.InternalHttpClient - ep-00000000: connecting endpoint (30 SECONDS)
14:07:45.594 [main] DEBUG org.apache.hc.client5.http.impl.io.PoolingHttpClientConnectionManager - ep-00000000: connecting endpoint to https://raw.githubusercontent.com:443 (30 SECONDS)
14:07:45.919 [main] DEBUG org.apache.hc.client5.http.impl.io.DefaultHttpClientConnectionOperator - http-outgoing-0: connecting to raw.githubusercontent.com/185.199.109.133:443
14:07:45.919 [main] DEBUG org.apache.hc.client5.http.ssl.SSLConnectionSocketFactory - Connecting socket to raw.githubusercontent.com/185.199.109.133:443 with timeout 30 SECONDS
14:07:46.115 [main] DEBUG org.apache.hc.client5.http.ssl.SSLConnectionSocketFactory - Enabled protocols: [TLSv1.3, TLSv1.2]
14:07:46.115 [main] DEBUG org.apache.hc.client5.http.ssl.SSLConnectionSocketFactory - Enabled cipher suites: [TLS_AES_256_GCM_SHA384, TLS_AES_128_GCM_SHA256, TLS_CHACHA20_POLY1305_SHA256, TLS_ECDHE_ECDSA_WITH_AES_256_GCM_SHA384, TLS_ECDHE_ECDSA_WITH_AES_128_GCM_SHA256, TLS_ECDHE_ECDSA_WITH_CHACHA20_POLY1305_SHA256, TLS_ECDHE_RSA_WITH_AES_256_GCM_SHA384, TLS_ECDHE_RSA_WITH_CHACHA20_POLY1305_SHA256, TLS_ECDHE_RSA_WITH_AES_128_GCM_SHA256, TLS_DHE_RSA_WITH_AES_256_GCM_SHA384, TLS_DHE_RSA_WITH_CHACHA20_POLY1305_SHA256, TLS_DHE_DSS_WITH_AES_256_GCM_SHA384, TLS_DHE_RSA_WITH_AES_128_GCM_SHA256, TLS_DHE_DSS_WITH_AES_128_GCM_SHA256, TLS_ECDHE_ECDSA_WITH_AES_256_CBC_SHA384, TLS_ECDHE_RSA_WITH_AES_256_CBC_SHA384, TLS_ECDHE_ECDSA_WITH_AES_128_CBC_SHA256, TLS_ECDHE_RSA_WITH_AES_128_CBC_SHA256, TLS_DHE_RSA_WITH_AES_256_CBC_SHA256, TLS_DHE_DSS_WITH_AES_256_CBC_SHA256, TLS_DHE_RSA_WITH_AES_128_CBC_SHA256, TLS_DHE_DSS_WITH_AES_128_CBC_SHA256, TLS_ECDH_ECDSA_WITH_AES_256_GCM_SHA384, TLS_ECDH_RSA_WITH_AES_256_GCM_SHA384, TLS_ECDH_ECDSA_WITH_AES_128_GCM_SHA256, TLS_ECDH_RSA_WITH_AES_128_GCM_SHA256, TLS_ECDH_ECDSA_WITH_AES_256_CBC_SHA384, TLS_ECDH_RSA_WITH_AES_256_CBC_SHA384, TLS_ECDH_ECDSA_WITH_AES_128_CBC_SHA256, TLS_ECDH_RSA_WITH_AES_128_CBC_SHA256, TLS_ECDHE_ECDSA_WITH_AES_256_CBC_SHA, TLS_ECDHE_RSA_WITH_AES_256_CBC_SHA, TLS_ECDHE_ECDSA_WITH_AES_128_CBC_SHA, TLS_ECDHE_RSA_WITH_AES_128_CBC_SHA, TLS_DHE_RSA_WITH_AES_256_CBC_SHA, TLS_DHE_DSS_WITH_AES_256_CBC_SHA, TLS_DHE_RSA_WITH_AES_128_CBC_SHA, TLS_DHE_DSS_WITH_AES_128_CBC_SHA, TLS_ECDH_ECDSA_WITH_AES_256_CBC_SHA, TLS_ECDH_RSA_WITH_AES_256_CBC_SHA, TLS_ECDH_ECDSA_WITH_AES_128_CBC_SHA, TLS_ECDH_RSA_WITH_AES_128_CBC_SHA, TLS_RSA_WITH_AES_256_GCM_SHA384, TLS_RSA_WITH_AES_128_GCM_SHA256, TLS_RSA_WITH_AES_256_CBC_SHA256, TLS_RSA_WITH_AES_128_CBC_SHA256, TLS_RSA_WITH_AES_256_CBC_SHA, TLS_RSA_WITH_AES_128_CBC_SHA, TLS_EMPTY_RENEGOTIATION_INFO_SCSV]
14:07:46.116 [main] DEBUG org.apache.hc.client5.http.ssl.SSLConnectionSocketFactory - Starting handshake
14:07:46.418 [main] DEBUG org.apache.hc.client5.http.ssl.SSLConnectionSocketFactory - Secure session established
14:07:46.419 [main] DEBUG org.apache.hc.client5.http.ssl.SSLConnectionSocketFactory -  negotiated protocol: TLSv1.3
14:07:46.419 [main] DEBUG org.apache.hc.client5.http.ssl.SSLConnectionSocketFactory -  negotiated cipher suite: TLS_AES_256_GCM_SHA384
14:07:46.419 [main] DEBUG org.apache.hc.client5.http.ssl.SSLConnectionSocketFactory -  peer principal: CN=*.github.io, O="GitHub, Inc.", L=San Francisco, ST=California, C=US
14:07:46.422 [main] DEBUG org.apache.hc.client5.http.ssl.SSLConnectionSocketFactory -  peer alternative names: [*.github.io, github.com, *.github.com, www.github.com, github.io, githubusercontent.com, *.githubusercontent.com]
14:07:46.422 [main] DEBUG org.apache.hc.client5.http.ssl.SSLConnectionSocketFactory -  issuer principal: CN=DigiCert TLS RSA SHA256 2020 CA1, O=DigiCert Inc, C=US
14:07:46.424 [main] DEBUG org.apache.hc.client5.http.impl.io.DefaultHttpClientConnectionOperator - http-outgoing-0: connection established 10.128.77.128:65191<->185.199.109.133:443
14:07:46.424 [main] DEBUG org.apache.hc.client5.http.impl.io.PoolingHttpClientConnectionManager - ep-00000000: connected http-outgoing-0
14:07:46.424 [main] DEBUG org.apache.hc.client5.http.impl.classic.InternalHttpClient - ep-00000000: endpoint connected
14:07:46.425 [main] DEBUG org.apache.hc.client5.http.impl.classic.MainClientExec - ex-00000001: executing GET /bonigarcia/webdrivermanager/master/src/main/resources/commands.properties HTTP/1.1
14:07:46.425 [main] DEBUG org.apache.hc.client5.http.impl.classic.InternalHttpClient - ep-00000000: start execution ex-00000001
14:07:46.425 [main] DEBUG org.apache.hc.client5.http.impl.io.PoolingHttpClientConnectionManager - ep-00000000: executing exchange ex-00000001 over http-outgoing-0
14:07:46.426 [main] DEBUG org.apache.hc.client5.http.headers - http-outgoing-0 >> GET /bonigarcia/webdrivermanager/master/src/main/resources/commands.properties HTTP/1.1
14:07:46.426 [main] DEBUG org.apache.hc.client5.http.headers - http-outgoing-0 >> user-agent: Apache-HttpClient/5.0
14:07:46.426 [main] DEBUG org.apache.hc.client5.http.headers - http-outgoing-0 >> accept-encoding: gzip, deflate, br
14:07:46.426 [main] DEBUG org.apache.hc.client5.http.headers - http-outgoing-0 >> cache-control: max-age=0
14:07:46.426 [main] DEBUG org.apache.hc.client5.http.headers - http-outgoing-0 >> connection: keep-alive
14:07:46.426 [main] DEBUG org.apache.hc.client5.http.headers - http-outgoing-0 >> Host: raw.githubusercontent.com
14:07:46.426 [main] DEBUG org.apache.hc.client5.http.wire - http-outgoing-0 >> "GET /bonigarcia/webdrivermanager/master/src/main/resources/commands.properties HTTP/1.1[\r][\n]"
14:07:46.426 [main] DEBUG org.apache.hc.client5.http.wire - http-outgoing-0 >> "user-agent: Apache-HttpClient/5.0[\r][\n]"
14:07:46.426 [main] DEBUG org.apache.hc.client5.http.wire - http-outgoing-0 >> "accept-encoding: gzip, deflate, br[\r][\n]"
14:07:46.426 [main] DEBUG org.apache.hc.client5.http.wire - http-outgoing-0 >> "cache-control: max-age=0[\r][\n]"
14:07:46.426 [main] DEBUG org.apache.hc.client5.http.wire - http-outgoing-0 >> "connection: keep-alive[\r][\n]"
14:07:46.426 [main] DEBUG org.apache.hc.client5.http.wire - http-outgoing-0 >> "Host: raw.githubusercontent.com[\r][\n]"
14:07:46.426 [main] DEBUG org.apache.hc.client5.http.wire - http-outgoing-0 >> "[\r][\n]"
14:07:46.461 [main] DEBUG org.apache.hc.client5.http.wire - http-outgoing-0 << "HTTP/1.1 200 OK[\r][\n]"
14:07:46.461 [main] DEBUG org.apache.hc.client5.http.wire - http-outgoing-0 << "Connection: keep-alive[\r][\n]"
14:07:46.461 [main] DEBUG org.apache.hc.client5.http.wire - http-outgoing-0 << "Content-Length: 723[\r][\n]"
14:07:46.461 [main] DEBUG org.apache.hc.client5.http.wire - http-outgoing-0 << "Cache-Control: max-age=300[\r][\n]"
14:07:46.461 [main] DEBUG org.apache.hc.client5.http.wire - http-outgoing-0 << "Content-Security-Policy: default-src 'none'; style-src 'unsafe-inline'; sandbox[\r][\n]"
14:07:46.461 [main] DEBUG org.apache.hc.client5.http.wire - http-outgoing-0 << "Content-Type: text/plain; charset=utf-8[\r][\n]"
14:07:46.461 [main] DEBUG org.apache.hc.client5.http.wire - http-outgoing-0 << "ETag: W/"e82b438271e9e8680c688b0b680efd0bdd22faa6d6f0a32fc1fd8accc486b67e"[\r][\n]"
14:07:46.461 [main] DEBUG org.apache.hc.client5.http.wire - http-outgoing-0 << "Strict-Transport-Security: max-age=31536000[\r][\n]"
14:07:46.461 [main] DEBUG org.apache.hc.client5.http.wire - http-outgoing-0 << "X-Content-Type-Options: nosniff[\r][\n]"
14:07:46.461 [main] DEBUG org.apache.hc.client5.http.wire - http-outgoing-0 << "X-Frame-Options: deny[\r][\n]"
14:07:46.461 [main] DEBUG org.apache.hc.client5.http.wire - http-outgoing-0 << "X-XSS-Protection: 1; mode=block[\r][\n]"
14:07:46.462 [main] DEBUG org.apache.hc.client5.http.wire - http-outgoing-0 << "X-GitHub-Request-Id: B4F0:2363:1F4C27:2AB2C2:637A03FD[\r][\n]"
14:07:46.462 [main] DEBUG org.apache.hc.client5.http.wire - http-outgoing-0 << "Content-Encoding: gzip[\r][\n]"
14:07:46.462 [main] DEBUG org.apache.hc.client5.http.wire - http-outgoing-0 << "Accept-Ranges: bytes[\r][\n]"
14:07:46.462 [main] DEBUG org.apache.hc.client5.http.wire - http-outgoing-0 << "Date: Mon, 21 Nov 2022 07:07:46 GMT[\r][\n]"
14:07:46.462 [main] DEBUG org.apache.hc.client5.http.wire - http-outgoing-0 << "Via: 1.1 varnish[\r][\n]"
14:07:46.462 [main] DEBUG org.apache.hc.client5.http.wire - http-outgoing-0 << "X-Served-By: cache-qpg1257-QPG[\r][\n]"
14:07:46.462 [main] DEBUG org.apache.hc.client5.http.wire - http-outgoing-0 << "X-Cache: HIT[\r][\n]"
14:07:46.462 [main] DEBUG org.apache.hc.client5.http.wire - http-outgoing-0 << "X-Cache-Hits: 2[\r][\n]"
14:07:46.462 [main] DEBUG org.apache.hc.client5.http.wire - http-outgoing-0 << "X-Timer: S1669014466.426529,VS0,VE0[\r][\n]"
14:07:46.462 [main] DEBUG org.apache.hc.client5.http.wire - http-outgoing-0 << "Vary: Authorization,Accept-Encoding,Origin[\r][\n]"
14:07:46.462 [main] DEBUG org.apache.hc.client5.http.wire - http-outgoing-0 << "Access-Control-Allow-Origin: *[\r][\n]"
14:07:46.463 [main] DEBUG org.apache.hc.client5.http.wire - http-outgoing-0 << "X-Fastly-Request-ID: 637b894d73335724aa116ea4cfc3fcc7146ba9c2[\r][\n]"
14:07:46.463 [main] DEBUG org.apache.hc.client5.http.wire - http-outgoing-0 << "Expires: Mon, 21 Nov 2022 07:12:46 GMT[\r][\n]"
14:07:46.463 [main] DEBUG org.apache.hc.client5.http.wire - http-outgoing-0 << "Source-Age: 106[\r][\n]"
14:07:46.463 [main] DEBUG org.apache.hc.client5.http.wire - http-outgoing-0 << "[\r][\n]"
14:07:46.467 [main] DEBUG org.apache.hc.client5.http.headers - http-outgoing-0 << HTTP/1.1 200 OK
14:07:46.467 [main] DEBUG org.apache.hc.client5.http.headers - http-outgoing-0 << Connection: keep-alive
14:07:46.467 [main] DEBUG org.apache.hc.client5.http.headers - http-outgoing-0 << Content-Length: 723
14:07:46.467 [main] DEBUG org.apache.hc.client5.http.headers - http-outgoing-0 << Cache-Control: max-age=300
14:07:46.467 [main] DEBUG org.apache.hc.client5.http.headers - http-outgoing-0 << Content-Security-Policy: default-src 'none'; style-src 'unsafe-inline'; sandbox
14:07:46.467 [main] DEBUG org.apache.hc.client5.http.headers - http-outgoing-0 << Content-Type: text/plain; charset=utf-8
14:07:46.467 [main] DEBUG org.apache.hc.client5.http.headers - http-outgoing-0 << ETag: W/"e82b438271e9e8680c688b0b680efd0bdd22faa6d6f0a32fc1fd8accc486b67e"
14:07:46.467 [main] DEBUG org.apache.hc.client5.http.headers - http-outgoing-0 << Strict-Transport-Security: max-age=31536000
14:07:46.467 [main] DEBUG org.apache.hc.client5.http.headers - http-outgoing-0 << X-Content-Type-Options: nosniff
14:07:46.467 [main] DEBUG org.apache.hc.client5.http.headers - http-outgoing-0 << X-Frame-Options: deny
14:07:46.467 [main] DEBUG org.apache.hc.client5.http.headers - http-outgoing-0 << X-XSS-Protection: 1; mode=block
14:07:46.467 [main] DEBUG org.apache.hc.client5.http.headers - http-outgoing-0 << X-GitHub-Request-Id: B4F0:2363:1F4C27:2AB2C2:637A03FD
14:07:46.467 [main] DEBUG org.apache.hc.client5.http.headers - http-outgoing-0 << Content-Encoding: gzip
14:07:46.467 [main] DEBUG org.apache.hc.client5.http.headers - http-outgoing-0 << Accept-Ranges: bytes
14:07:46.467 [main] DEBUG org.apache.hc.client5.http.headers - http-outgoing-0 << Date: Mon, 21 Nov 2022 07:07:46 GMT
14:07:46.467 [main] DEBUG org.apache.hc.client5.http.headers - http-outgoing-0 << Via: 1.1 varnish
14:07:46.467 [main] DEBUG org.apache.hc.client5.http.headers - http-outgoing-0 << X-Served-By: cache-qpg1257-QPG
14:07:46.467 [main] DEBUG org.apache.hc.client5.http.headers - http-outgoing-0 << X-Cache: HIT
14:07:46.468 [main] DEBUG org.apache.hc.client5.http.headers - http-outgoing-0 << X-Cache-Hits: 2
14:07:46.468 [main] DEBUG org.apache.hc.client5.http.headers - http-outgoing-0 << X-Timer: S1669014466.426529,VS0,VE0
14:07:46.468 [main] DEBUG org.apache.hc.client5.http.headers - http-outgoing-0 << Vary: Authorization,Accept-Encoding,Origin
14:07:46.468 [main] DEBUG org.apache.hc.client5.http.headers - http-outgoing-0 << Access-Control-Allow-Origin: *
14:07:46.468 [main] DEBUG org.apache.hc.client5.http.headers - http-outgoing-0 << X-Fastly-Request-ID: 637b894d73335724aa116ea4cfc3fcc7146ba9c2
14:07:46.468 [main] DEBUG org.apache.hc.client5.http.headers - http-outgoing-0 << Expires: Mon, 21 Nov 2022 07:12:46 GMT
14:07:46.468 [main] DEBUG org.apache.hc.client5.http.headers - http-outgoing-0 << Source-Age: 106
14:07:46.474 [main] DEBUG org.apache.hc.client5.http.impl.classic.MainClientExec - ex-00000001: connection can be kept alive for 3 MINUTES
14:07:46.479 [main] DEBUG org.apache.hc.client5.http.wire - http-outgoing-0 << "[0x1f][0xffffff8b][0x8][0x0][0x0][0x0][0x0][0x0][0x0][0x3][0xffffffb5]V]o[0xffffffda]0[0x14]}[0xffffffe7]W\[0xffffff81]*[0xffffffb5][0x12][0x1f][[M[0xffffffd3]$[0x1e]hF[0xffffffbb]i [0x18][0xffffffb4][0xffffffdd]&[0xfffffff9][0xffffffc5]$7[0xffffffc1]R[0x12]#;[0xffffff94]v[0xffffffbf]~[0xffffffb6][0xfffffff3]1[0xffffff92][0xffffff9a][0xffffffc1][0x1a]x[0xffffffcb][0xffffffb5][0xffffffaf][0xffffffcf]9[0xffffffbe][0xfffffff7]8v[0xb][0x1c][0x1e]E4[0xfffffff6]$x4[0xffffffa1][0xb]*[0xffffffb1][0xffffffd1][0xffffff82][0xfffffffb]%[0xffffff93][0xffffffe0][0xffffffb3][0x10][0xffffffc1][0xffffffe5]qBY,!Y[0xffffffea] KM8,[0x10][0xfffffff0][0x19][0xffffffdd]u[0xffffff82][0x1e][0xffffffb0][0xffffffd8]L[0xffffffcb]%[0xffffff86][0xffffffa1][0xe][0xffffffb8][0xfffffff0]P[0xffffffe8]$[0xf][0x13]t[0x13]3[0xfffffff9][0xffffff84]B2[0xffffffae][0xffffffe6]|@[0xfffffff5][0x1d][0x8][0xffffffc4][0x18][0x16][0xffffff82]o[0xffffffa4][0xffffff9a]P[0xffffff94][0xffffffe7][0xffffffce]R[0xfffffff0][0x8][0xffffffdb]p[0xffffffcb][0x4][0xfffffffa][0xfffffffc][0xffffffb9][\r][0xffffff93][0x15][\n]"
14:07:46.479 [main] DEBUG org.apache.hc.client5.http.wire - http-outgoing-0 << "[0xffffffda][0xffffff86][0xffffffa1][0x17][0xffffffa8]Q3[0xffffffcb][0xffffffd6][0xffffffd1][0xffffff85][0xffffffc6][0xfffffff7][0xffffff98][0xffffffef][0xffffffa3][0xffffffc0]8[0x1][0xffffffae]s[0x12][0x16][0x7] _d[0xffffff82][0xffffff91][0xffffff84][0xfffffff3][0x1f],[0xfffffff6][0x14]j[0x1b]F,^+[0xffffff98]1ua2[0xffffffbf]h([0xffffff8e][0xffffff94][0xffffffa2][0xffffff91]m[0xffffffa3][0xffffffeb][0xffffff9a][0xffffffb0][0xffffffbb]I[0x17]t[0xffffffdf][0xffffffbd][0xffffffef][0xffffffbb][0xffffff91][0xffffffd7]U[0xffffffbb][0xffffff82][0xffffff9e][0x3][0xffffff9b][0xffffff88][0xffffffb9][0xffffffa6]$[0xffffffa6][0xc][0xffffff9b][0xffffffa5][0xffffffe2][0xffffff83][0xffffff98]F[0xffffffd8]o[0xffffff9e]Mg[0xffffff93][0xffffffbb][0xffffffd9]`|[0xfffffffb]u4[0xffffff9c][0x7f]"}B[0xffffffce][0x8][0xffffffb9][0xffffffe3]<[0x8][0xffffff91][0xffffff90][0xffffff94][0xffffff82][0xffffff90][0xffffffc1]j[0x15]2WI[0xffffffe3]1![0x19][0xffffff91]BnB[0xffffff80][0x9]<f[0xffffffb5][0xffffffe8]=[0xffffffd1]p[0xffffffbd][[0xffffffcf][0xffffffe5][0x1b][0xfffffff4][0xffffff9c][0xffffffff][0xfffffffc][0xfffffff8][0xffffffe1][0xffffffe2][0xffffff94][0xffffffa2][0xffffffae][0xe][0x14]5[0xffffff9a]8[0xffffff83][0xffffffd1]`:[0xfffffffd]<[0xffffffb8][0x1f][0xffffff9c]R[0xffffffcf]u[0x7f]6[0xffffffbc][0xffffff83][0xffffffef][0xf][0xffffffc3][0xffffffd9]/[0xfffffff8][0xfffffff2][0xffffffcd]y s[0xffffffee]'[0x1b]*0g[0xffffffcb][0xffffffc8]nF7H][0xffffff83][0xffffff97]{[0xffffffb1]Q[0x5][\r][0xffffffb5]c[0xffffffb4][0xf][0x2][0xffffffb3][0xffffffb4][0xffffff93][0xe]C[0xffffffa7][0xffffffb3]kAD][0xffffff9d][0xffffffde][0xffffffdb][0xffffffda][0xffffff88][0xffffffec][0xffffffa5][0xffffffbc][0xffffff99][0xffffffd9][0xffffffba]t[0xffffffb5][0xffffffea]9[0xffffffea][0x10])[0xffffffb7][0xffffffca][0xffffff9e][0xfffffff2][0xffffffe2]d^N[0xffffffd8]FW[0x16][0xffffffcd][0xffffffdc]_[0x10][0xfffffff9]i|[0x1c][0xffffff93][0xffffff8e][0xfffffff9]o[0x16][0xffffff86]4'!$G[0xffffffdf]W[0xfffffff4]W*j[[0xfffffff3]xR[0xffffffae][0xffffffb6][0xc][0xffffffd0],; #[0xffffffa9][0xffffff92]5[0xffffffb5][0x7][0xffffff9c][0xffffffb5][0xffffffd0][0x7f][0xffffff90][0xffffffc7]jgs[0xfffffffc][0xffffffc2][0xb][0xffffffd9][0x0]t[0xffffff9e]^'Y[0xfffffffb][0xffffff9f][0xffffffb1][0xffffffd8]:[0xffffffbf][0xffffff8d][0xffffffa5][0xffffff9a][0xffffffad][0x7f]m[0x5]&[0xffffffaa][0xffffffa0]^[0xffffff9b][0xffffffcb][0x5]f[0xffffffae][0xffffffe0]RU[0xffffff82][0x10]MS9l[0xffffff91]4t[0xfffffffb][0xffffff8a]][0xffffffd6][0xfffffff4][0xffffff96][0xffffffa6][0xffffff9f]P[0xffffffce][0xffffffd5][0xffffffce][0xffffff93][0xffffffff][0xffffff97][0xffffffcc]p[0xfffffffd][0xfffffff3][0xffffffe8][0x1b][0xffffffcc][0xffffffa2][0xffffffd9]Q[0xffffffbe][0xffffffb2][0xffffffa3][0xffffffc7]m'[0xffffffdf][0xffffffe4][[0xfffffffb]^[0xffffffb0][0xffffff9a][0xffffffbe][0xffffffda][0xffffffda]_[0xffffffce][0xffffff80][0xffffffd2][0xffffffc1]7[0xffffffb7]][0xffffffc1]b[0xffffffee][0xffffffb5][0xffffffff]w[0xffffff83][0xffffffed][0xffffffa7];[0x15]<[0x10]4[0xffffff92][0xffffff84][0x18][\n]"
14:07:46.480 [main] DEBUG org.apache.hc.client5.http.wire - http-outgoing-0 << "BB[0xffffffba][0xffffff8e]][0xffffffb5]jo[0xffffffb9]+"[0xffffffea][0xffffffb4][0xffffffff]h"[0xffffffea]\?5[0xffffffa9][0xffffffaf]k[0xffffffec][0xffffffff]P[0xffffffea][\n]"
14:07:46.480 [main] DEBUG org.apache.hc.client5.http.wire - http-outgoing-0 << "w[0xffffffe1]K[0x13][0xffffffda][0xffffffec][0xffffff98][0xffffffe6]Y[0xfffffffd]h8m6[0xffffff9c]T[0xffffffc1][0xfffffff2][0xffffffa7][0xffffff91]z_[0xffffff95]o85p[0x1c][0x13][0xffffffe6][0xfffffff0]5[0xffffffee][0xfffffffc][0xffffff92][0xffffff96][0xffffffda][0xfffffff7][0xffffffcf][0xffffffb1][0x5][0x1d][0xffffffea]K[0xffffff9b]9[0xffffff8e][0xffffffad]e[0xfffffff7][0xffffff93][0xffffffa8]`[0xffffffda][0xffffffff][0x1a][0xffffffd2][0xffffff88][0xffffff85][0xfffffffd][0xfffffff2][0xffffff91]N[0xfffffff6]`[0xffffffdf]2[0xffffffcf][0xffffffae]E[0xffffff97][0xffffffc5][0xffffffa2][0xffffff9d][0xffffffef]'[0xffffff9d]mun.[0xffffffd3]f^[0xffffffc7][0xffffff82][0xffffffda][0xffffff82]9[0xfffffff5][0xffffffa9]`[0x5][0xffffffbc]4[0xffffffa1][0x1d]<M[0xffffffb5]A[0xffffffa7]3[[0xffffffc0][0x7f][0x0][0xffffffc1][0xffffffd0]$[0xffffff85][0x1d][\r][0x0][0x0]"
14:07:46.481 [main] DEBUG org.apache.hc.client5.http.impl.classic.InternalHttpClient - ep-00000000: releasing valid endpoint
14:07:46.481 [main] DEBUG org.apache.hc.client5.http.impl.io.PoolingHttpClientConnectionManager - ep-00000000: releasing endpoint
14:07:46.482 [main] DEBUG org.apache.hc.client5.http.impl.io.PoolingHttpClientConnectionManager - ep-00000000: connection http-outgoing-0 can be kept alive for 3 MINUTES
14:07:46.483 [main] DEBUG org.apache.hc.client5.http.impl.io.PoolingHttpClientConnectionManager - ep-00000000: connection released [route: {s}->https://raw.githubusercontent.com:443][total available: 1; route allocated: 1 of 5; total allocated: 1 of 25]
14:07:46.483 [main] DEBUG io.github.bonigarcia.wdm.versions.VersionDetector - Detecting chrome version using online commands.properties
14:07:46.486 [main] DEBUG io.github.bonigarcia.wdm.versions.Shell - Running command on the shell: [cmd.exe, /C, wmic, datafile, where, name="%PROGRAMFILES:\=\\%\\Google\\Chrome\\Application\\chrome.exe", get, Version, /value]
14:07:46.776 [main] DEBUG io.github.bonigarcia.wdm.versions.Shell - Result: Version=107.0.5304.107
14:07:46.781 [main] DEBUG io.github.bonigarcia.wdm.cache.ResolutionCache - Removing resolution chrome107=107.0.5304.62 from cache (expired on Mon Nov 07 13:19:57 ICT 2022)
14:07:46.787 [main] DEBUG org.apache.hc.client5.http.impl.classic.InternalHttpClient - ex-00000002: preparing request execution
14:07:46.787 [main] DEBUG org.apache.hc.client5.http.protocol.RequestAddCookies - Cookie spec selected: strict
14:07:46.787 [main] DEBUG org.apache.hc.client5.http.protocol.RequestAuthCache - Auth cache not set in the context
14:07:46.787 [main] DEBUG org.apache.hc.client5.http.impl.classic.ProtocolExec - ex-00000002: target auth state: UNCHALLENGED
14:07:46.787 [main] DEBUG org.apache.hc.client5.http.impl.classic.ProtocolExec - ex-00000002: proxy auth state: UNCHALLENGED
14:07:46.787 [main] DEBUG org.apache.hc.client5.http.impl.classic.ConnectExec - ex-00000002: acquiring connection with route {s}->https://chromedriver.storage.googleapis.com:443
14:07:46.787 [main] DEBUG org.apache.hc.client5.http.impl.classic.InternalHttpClient - ex-00000002: acquiring endpoint (3 MINUTES)
14:07:46.788 [main] DEBUG org.apache.hc.client5.http.impl.io.PoolingHttpClientConnectionManager - ex-00000002: endpoint lease request (3 MINUTES) [route: {s}->https://chromedriver.storage.googleapis.com:443][total available: 1; route allocated: 0 of 5; total allocated: 1 of 25]
14:07:46.788 [main] DEBUG org.apache.hc.client5.http.impl.io.PoolingHttpClientConnectionManager - ex-00000002: endpoint leased [route: {s}->https://chromedriver.storage.googleapis.com:443][total available: 1; route allocated: 1 of 5; total allocated: 2 of 25]
14:07:46.788 [main] DEBUG org.apache.hc.client5.http.impl.io.PoolingHttpClientConnectionManager - ex-00000002: acquired ep-00000001
14:07:46.788 [main] DEBUG org.apache.hc.client5.http.impl.classic.InternalHttpClient - ex-00000002: acquired endpoint ep-00000001
14:07:46.788 [main] DEBUG org.apache.hc.client5.http.impl.classic.ConnectExec - ex-00000002: opening connection {s}->https://chromedriver.storage.googleapis.com:443
14:07:46.788 [main] DEBUG org.apache.hc.client5.http.impl.classic.InternalHttpClient - ep-00000001: connecting endpoint (30 SECONDS)
14:07:46.788 [main] DEBUG org.apache.hc.client5.http.impl.io.PoolingHttpClientConnectionManager - ep-00000001: connecting endpoint to https://chromedriver.storage.googleapis.com:443 (30 SECONDS)
14:07:46.865 [main] DEBUG org.apache.hc.client5.http.impl.io.DefaultHttpClientConnectionOperator - http-outgoing-1: connecting to chromedriver.storage.googleapis.com/34.101.5.16:443
14:07:46.865 [main] DEBUG org.apache.hc.client5.http.ssl.SSLConnectionSocketFactory - Connecting socket to chromedriver.storage.googleapis.com/34.101.5.16:443 with timeout 30 SECONDS
14:07:46.913 [main] DEBUG org.apache.hc.client5.http.ssl.SSLConnectionSocketFactory - Enabled protocols: [TLSv1.3, TLSv1.2]
14:07:46.913 [main] DEBUG org.apache.hc.client5.http.ssl.SSLConnectionSocketFactory - Enabled cipher suites: [TLS_AES_256_GCM_SHA384, TLS_AES_128_GCM_SHA256, TLS_CHACHA20_POLY1305_SHA256, TLS_ECDHE_ECDSA_WITH_AES_256_GCM_SHA384, TLS_ECDHE_ECDSA_WITH_AES_128_GCM_SHA256, TLS_ECDHE_ECDSA_WITH_CHACHA20_POLY1305_SHA256, TLS_ECDHE_RSA_WITH_AES_256_GCM_SHA384, TLS_ECDHE_RSA_WITH_CHACHA20_POLY1305_SHA256, TLS_ECDHE_RSA_WITH_AES_128_GCM_SHA256, TLS_DHE_RSA_WITH_AES_256_GCM_SHA384, TLS_DHE_RSA_WITH_CHACHA20_POLY1305_SHA256, TLS_DHE_DSS_WITH_AES_256_GCM_SHA384, TLS_DHE_RSA_WITH_AES_128_GCM_SHA256, TLS_DHE_DSS_WITH_AES_128_GCM_SHA256, TLS_ECDHE_ECDSA_WITH_AES_256_CBC_SHA384, TLS_ECDHE_RSA_WITH_AES_256_CBC_SHA384, TLS_ECDHE_ECDSA_WITH_AES_128_CBC_SHA256, TLS_ECDHE_RSA_WITH_AES_128_CBC_SHA256, TLS_DHE_RSA_WITH_AES_256_CBC_SHA256, TLS_DHE_DSS_WITH_AES_256_CBC_SHA256, TLS_DHE_RSA_WITH_AES_128_CBC_SHA256, TLS_DHE_DSS_WITH_AES_128_CBC_SHA256, TLS_ECDH_ECDSA_WITH_AES_256_GCM_SHA384, TLS_ECDH_RSA_WITH_AES_256_GCM_SHA384, TLS_ECDH_ECDSA_WITH_AES_128_GCM_SHA256, TLS_ECDH_RSA_WITH_AES_128_GCM_SHA256, TLS_ECDH_ECDSA_WITH_AES_256_CBC_SHA384, TLS_ECDH_RSA_WITH_AES_256_CBC_SHA384, TLS_ECDH_ECDSA_WITH_AES_128_CBC_SHA256, TLS_ECDH_RSA_WITH_AES_128_CBC_SHA256, TLS_ECDHE_ECDSA_WITH_AES_256_CBC_SHA, TLS_ECDHE_RSA_WITH_AES_256_CBC_SHA, TLS_ECDHE_ECDSA_WITH_AES_128_CBC_SHA, TLS_ECDHE_RSA_WITH_AES_128_CBC_SHA, TLS_DHE_RSA_WITH_AES_256_CBC_SHA, TLS_DHE_DSS_WITH_AES_256_CBC_SHA, TLS_DHE_RSA_WITH_AES_128_CBC_SHA, TLS_DHE_DSS_WITH_AES_128_CBC_SHA, TLS_ECDH_ECDSA_WITH_AES_256_CBC_SHA, TLS_ECDH_RSA_WITH_AES_256_CBC_SHA, TLS_ECDH_ECDSA_WITH_AES_128_CBC_SHA, TLS_ECDH_RSA_WITH_AES_128_CBC_SHA, TLS_RSA_WITH_AES_256_GCM_SHA384, TLS_RSA_WITH_AES_128_GCM_SHA256, TLS_RSA_WITH_AES_256_CBC_SHA256, TLS_RSA_WITH_AES_128_CBC_SHA256, TLS_RSA_WITH_AES_256_CBC_SHA, TLS_RSA_WITH_AES_128_CBC_SHA, TLS_EMPTY_RENEGOTIATION_INFO_SCSV]
14:07:46.913 [main] DEBUG org.apache.hc.client5.http.ssl.SSLConnectionSocketFactory - Starting handshake
14:07:46.987 [main] DEBUG org.apache.hc.client5.http.ssl.SSLConnectionSocketFactory - Secure session established
14:07:46.987 [main] DEBUG org.apache.hc.client5.http.ssl.SSLConnectionSocketFactory -  negotiated protocol: TLSv1.3
14:07:46.987 [main] DEBUG org.apache.hc.client5.http.ssl.SSLConnectionSocketFactory -  negotiated cipher suite: TLS_AES_256_GCM_SHA384
14:07:46.987 [main] DEBUG org.apache.hc.client5.http.ssl.SSLConnectionSocketFactory -  peer principal: CN=*.storage.googleapis.com
14:07:46.988 [main] DEBUG org.apache.hc.client5.http.ssl.SSLConnectionSocketFactory -  peer alternative names: [*.storage.googleapis.com, *.googleapis.com, commondatastorage.googleapis.com, *.commondatastorage.googleapis.com, storage.googleapis.com, storage.mtls.googleapis.com, *.appspot.com.storage.googleapis.com, *.content-storage.googleapis.com, *.content-storage-p2.googleapis.com, *.content-storage-upload.googleapis.com, *.content-storage-download.googleapis.com, *.storage-upload.googleapis.com, *.storage-download.googleapis.com]
14:07:46.988 [main] DEBUG org.apache.hc.client5.http.ssl.SSLConnectionSocketFactory -  issuer principal: CN=GTS CA 1C3, O=Google Trust Services LLC, C=US
14:07:46.988 [main] DEBUG org.apache.hc.client5.http.impl.io.DefaultHttpClientConnectionOperator - http-outgoing-1: connection established 10.128.77.128:65192<->34.101.5.16:443
14:07:46.988 [main] DEBUG org.apache.hc.client5.http.impl.io.PoolingHttpClientConnectionManager - ep-00000001: connected http-outgoing-1
14:07:46.988 [main] DEBUG org.apache.hc.client5.http.impl.classic.InternalHttpClient - ep-00000001: endpoint connected
14:07:46.988 [main] DEBUG org.apache.hc.client5.http.impl.classic.MainClientExec - ex-00000002: executing GET /LATEST_RELEASE_107 HTTP/1.1
14:07:46.988 [main] DEBUG org.apache.hc.client5.http.impl.classic.InternalHttpClient - ep-00000001: start execution ex-00000002
14:07:46.988 [main] DEBUG org.apache.hc.client5.http.impl.io.PoolingHttpClientConnectionManager - ep-00000001: executing exchange ex-00000002 over http-outgoing-1
14:07:46.989 [main] DEBUG org.apache.hc.client5.http.headers - http-outgoing-1 >> GET /LATEST_RELEASE_107 HTTP/1.1
14:07:46.989 [main] DEBUG org.apache.hc.client5.http.headers - http-outgoing-1 >> user-agent: Apache-HttpClient/5.0
14:07:46.989 [main] DEBUG org.apache.hc.client5.http.headers - http-outgoing-1 >> accept-encoding: gzip, deflate, br
14:07:46.989 [main] DEBUG org.apache.hc.client5.http.headers - http-outgoing-1 >> cache-control: max-age=0
14:07:46.989 [main] DEBUG org.apache.hc.client5.http.headers - http-outgoing-1 >> connection: keep-alive
14:07:46.989 [main] DEBUG org.apache.hc.client5.http.headers - http-outgoing-1 >> Host: chromedriver.storage.googleapis.com
14:07:46.989 [main] DEBUG org.apache.hc.client5.http.wire - http-outgoing-1 >> "GET /LATEST_RELEASE_107 HTTP/1.1[\r][\n]"
14:07:46.989 [main] DEBUG org.apache.hc.client5.http.wire - http-outgoing-1 >> "user-agent: Apache-HttpClient/5.0[\r][\n]"
14:07:46.989 [main] DEBUG org.apache.hc.client5.http.wire - http-outgoing-1 >> "accept-encoding: gzip, deflate, br[\r][\n]"
14:07:46.989 [main] DEBUG org.apache.hc.client5.http.wire - http-outgoing-1 >> "cache-control: max-age=0[\r][\n]"
14:07:46.989 [main] DEBUG org.apache.hc.client5.http.wire - http-outgoing-1 >> "connection: keep-alive[\r][\n]"
14:07:46.989 [main] DEBUG org.apache.hc.client5.http.wire - http-outgoing-1 >> "Host: chromedriver.storage.googleapis.com[\r][\n]"
14:07:46.989 [main] DEBUG org.apache.hc.client5.http.wire - http-outgoing-1 >> "[\r][\n]"
14:07:47.029 [main] DEBUG org.apache.hc.client5.http.wire - http-outgoing-1 << "HTTP/1.1 200 OK[\r][\n]"
14:07:47.029 [main] DEBUG org.apache.hc.client5.http.wire - http-outgoing-1 << "X-GUploader-UploadID: ADPycduq2gwBxV1FW7ZqiYd63fiX3SJPguWzMwenp98JRet0TMP6ddzH6BSd3z3wu4KhQP1STA3xS_oAfWC4FhMRxNGeCh5yNO1Z[\r][\n]"
14:07:47.029 [main] DEBUG org.apache.hc.client5.http.wire - http-outgoing-1 << "x-goog-generation: 1666700463649955[\r][\n]"
14:07:47.029 [main] DEBUG org.apache.hc.client5.http.wire - http-outgoing-1 << "x-goog-metageneration: 1[\r][\n]"
14:07:47.029 [main] DEBUG org.apache.hc.client5.http.wire - http-outgoing-1 << "x-goog-stored-content-encoding: identity[\r][\n]"
14:07:47.029 [main] DEBUG org.apache.hc.client5.http.wire - http-outgoing-1 << "x-goog-stored-content-length: 13[\r][\n]"
14:07:47.029 [main] DEBUG org.apache.hc.client5.http.wire - http-outgoing-1 << "Content-Language: en[\r][\n]"
14:07:47.029 [main] DEBUG org.apache.hc.client5.http.wire - http-outgoing-1 << "x-goog-hash: crc32c=GZtV/w==[\r][\n]"
14:07:47.029 [main] DEBUG org.apache.hc.client5.http.wire - http-outgoing-1 << "x-goog-hash: md5=EquORKR7nNr13OnBqPO3SA==[\r][\n]"
14:07:47.029 [main] DEBUG org.apache.hc.client5.http.wire - http-outgoing-1 << "x-goog-storage-class: STANDARD[\r][\n]"
14:07:47.029 [main] DEBUG org.apache.hc.client5.http.wire - http-outgoing-1 << "Accept-Ranges: bytes[\r][\n]"
14:07:47.029 [main] DEBUG org.apache.hc.client5.http.wire - http-outgoing-1 << "Content-Length: 13[\r][\n]"
14:07:47.029 [main] DEBUG org.apache.hc.client5.http.wire - http-outgoing-1 << "Server: UploadServer[\r][\n]"
14:07:47.030 [main] DEBUG org.apache.hc.client5.http.wire - http-outgoing-1 << "Date: Mon, 21 Nov 2022 06:40:42 GMT[\r][\n]"
14:07:47.030 [main] DEBUG org.apache.hc.client5.http.wire - http-outgoing-1 << "Expires: Mon, 21 Nov 2022 07:40:42 GMT[\r][\n]"
14:07:47.030 [main] DEBUG org.apache.hc.client5.http.wire - http-outgoing-1 << "Cache-Control: public, max-age=3600[\r][\n]"
14:07:47.030 [main] DEBUG org.apache.hc.client5.http.wire - http-outgoing-1 << "Age: 1625[\r][\n]"
14:07:47.030 [main] DEBUG org.apache.hc.client5.http.wire - http-outgoing-1 << "Last-Modified: Tue, 25 Oct 2022 12:21:03 GMT[\r][\n]"
14:07:47.030 [main] DEBUG org.apache.hc.client5.http.wire - http-outgoing-1 << "ETag: "12ab8e44a47b9cdaf5dce9c1a8f3b748"[\r][\n]"
14:07:47.030 [main] DEBUG org.apache.hc.client5.http.wire - http-outgoing-1 << "Content-Type: text/plain[\r][\n]"
14:07:47.030 [main] DEBUG org.apache.hc.client5.http.wire - http-outgoing-1 << "Alt-Svc: h3=":443"; ma=2592000,h3-29=":443"; ma=2592000,h3-Q050=":443"; ma=2592000,h3-Q046=":443"; ma=2592000,h3-Q043=":443"; ma=2592000,quic=":443"; ma=2592000; v="46,43"[\r][\n]"
14:07:47.030 [main] DEBUG org.apache.hc.client5.http.wire - http-outgoing-1 << "[\r][\n]"
14:07:47.030 [main] DEBUG org.apache.hc.client5.http.wire - http-outgoing-1 << "107.0.5304.62"
14:07:47.030 [main] DEBUG org.apache.hc.client5.http.headers - http-outgoing-1 << HTTP/1.1 200 OK
14:07:47.030 [main] DEBUG org.apache.hc.client5.http.headers - http-outgoing-1 << X-GUploader-UploadID: ADPycduq2gwBxV1FW7ZqiYd63fiX3SJPguWzMwenp98JRet0TMP6ddzH6BSd3z3wu4KhQP1STA3xS_oAfWC4FhMRxNGeCh5yNO1Z
14:07:47.030 [main] DEBUG org.apache.hc.client5.http.headers - http-outgoing-1 << x-goog-generation: 1666700463649955
14:07:47.030 [main] DEBUG org.apache.hc.client5.http.headers - http-outgoing-1 << x-goog-metageneration: 1
14:07:47.030 [main] DEBUG org.apache.hc.client5.http.headers - http-outgoing-1 << x-goog-stored-content-encoding: identity
14:07:47.030 [main] DEBUG org.apache.hc.client5.http.headers - http-outgoing-1 << x-goog-stored-content-length: 13
14:07:47.030 [main] DEBUG org.apache.hc.client5.http.headers - http-outgoing-1 << Content-Language: en
14:07:47.030 [main] DEBUG org.apache.hc.client5.http.headers - http-outgoing-1 << x-goog-hash: crc32c=GZtV/w==
14:07:47.031 [main] DEBUG org.apache.hc.client5.http.headers - http-outgoing-1 << x-goog-hash: md5=EquORKR7nNr13OnBqPO3SA==
14:07:47.031 [main] DEBUG org.apache.hc.client5.http.headers - http-outgoing-1 << x-goog-storage-class: STANDARD
14:07:47.031 [main] DEBUG org.apache.hc.client5.http.headers - http-outgoing-1 << Accept-Ranges: bytes
14:07:47.031 [main] DEBUG org.apache.hc.client5.http.headers - http-outgoing-1 << Content-Length: 13
14:07:47.031 [main] DEBUG org.apache.hc.client5.http.headers - http-outgoing-1 << Server: UploadServer
14:07:47.031 [main] DEBUG org.apache.hc.client5.http.headers - http-outgoing-1 << Date: Mon, 21 Nov 2022 06:40:42 GMT
14:07:47.031 [main] DEBUG org.apache.hc.client5.http.headers - http-outgoing-1 << Expires: Mon, 21 Nov 2022 07:40:42 GMT
14:07:47.031 [main] DEBUG org.apache.hc.client5.http.headers - http-outgoing-1 << Cache-Control: public, max-age=3600
14:07:47.031 [main] DEBUG org.apache.hc.client5.http.headers - http-outgoing-1 << Age: 1625
14:07:47.031 [main] DEBUG org.apache.hc.client5.http.headers - http-outgoing-1 << Last-Modified: Tue, 25 Oct 2022 12:21:03 GMT
14:07:47.031 [main] DEBUG org.apache.hc.client5.http.headers - http-outgoing-1 << ETag: "12ab8e44a47b9cdaf5dce9c1a8f3b748"
14:07:47.031 [main] DEBUG org.apache.hc.client5.http.headers - http-outgoing-1 << Content-Type: text/plain
14:07:47.031 [main] DEBUG org.apache.hc.client5.http.headers - http-outgoing-1 << Alt-Svc: h3=":443"; ma=2592000,h3-29=":443"; ma=2592000,h3-Q050=":443"; ma=2592000,h3-Q046=":443"; ma=2592000,h3-Q043=":443"; ma=2592000,quic=":443"; ma=2592000; v="46,43"
14:07:47.031 [main] DEBUG org.apache.hc.client5.http.impl.classic.MainClientExec - ex-00000002: connection can be kept alive for 3 MINUTES
14:07:47.032 [main] DEBUG org.apache.hc.client5.http.impl.classic.InternalHttpClient - ep-00000001: releasing valid endpoint
14:07:47.032 [main] DEBUG org.apache.hc.client5.http.impl.io.PoolingHttpClientConnectionManager - ep-00000001: releasing endpoint
14:07:47.032 [main] DEBUG org.apache.hc.client5.http.impl.io.PoolingHttpClientConnectionManager - ep-00000001: connection http-outgoing-1 can be kept alive for 3 MINUTES
14:07:47.032 [main] DEBUG org.apache.hc.client5.http.impl.io.PoolingHttpClientConnectionManager - ep-00000001: connection released [route: {s}->https://chromedriver.storage.googleapis.com:443][total available: 2; route allocated: 1 of 5; total allocated: 2 of 25]
14:07:47.032 [main] DEBUG io.github.bonigarcia.wdm.versions.VersionDetector - Latest version of chromedriver according to https://chromedriver.storage.googleapis.com/LATEST_RELEASE_107 is 107.0.5304.62
14:07:47.033 [main] INFO io.github.bonigarcia.wdm.WebDriverManager - Using chromedriver 107.0.5304.62 (resolved driver for Chrome 107)
14:07:47.039 [main] DEBUG io.github.bonigarcia.wdm.cache.ResolutionCache - Storing resolution chrome=107 in cache (valid until 15:07:47 21/11/2022 ICT)
14:07:47.048 [main] DEBUG io.github.bonigarcia.wdm.cache.ResolutionCache - Storing resolution chrome107=107.0.5304.62 in cache (valid until 14:07:47 22/11/2022 ICT)
14:07:47.064 [main] DEBUG io.github.bonigarcia.wdm.WebDriverManager - Driver chromedriver 107.0.5304.62 found in cache
14:07:47.065 [main] INFO io.github.bonigarcia.wdm.WebDriverManager - Exporting webdriver.chrome.driver as C:\Users\rilaa\.cache\selenium\chromedriver\win32\107.0.5304.62\chromedriver.exe
14:07:47.758 [main] DEBUG net.thucydides.core.reflection.ClassFinder - Could not load class .starter.CucumberTestSuite
14:07:47.758 [main] DEBUG net.thucydides.core.reflection.ClassFinder - Could not load class .starter.pages.HomePage
14:07:47.758 [main] DEBUG net.thucydides.core.reflection.ClassFinder - Could not load class .starter.pages.LoginPage
14:07:47.758 [main] DEBUG net.thucydides.core.reflection.ClassFinder - Could not load class .starter.pages.LogoutPage
14:07:47.758 [main] DEBUG net.thucydides.core.reflection.ClassFinder - Could not load class .starter.pages.OrderPage
14:07:47.758 [main] DEBUG net.thucydides.core.reflection.ClassFinder - Could not load class .starter.pages.RegisterPage
14:07:47.758 [main] DEBUG net.thucydides.core.reflection.ClassFinder - Could not load class .starter.stepdefinitions.HomeStep
14:07:47.758 [main] DEBUG net.thucydides.core.reflection.ClassFinder - Could not load class .starter.stepdefinitions.LoginStepDefinition
14:07:47.758 [main] DEBUG net.thucydides.core.reflection.ClassFinder - Could not load class .starter.stepdefinitions.LogoutStep
14:07:47.759 [main] DEBUG net.thucydides.core.reflection.ClassFinder - Could not load class .starter.stepdefinitions.OrderStep
14:07:47.759 [main] DEBUG net.thucydides.core.reflection.ClassFinder - Could not load class .starter.stepdefinitions.RegisterStep
14:07:47.760 [main] DEBUG net.thucydides.core.reflection.ClassFinder - Could not load class META-INF.versions.9.com.sun.istack.logging.StackHelper
14:07:47.765 [main] DEBUG net.thucydides.core.reflection.ClassFinder - Could not load class META-INF.versions.9.com.sun.xml.bind.v2.runtime.reflect.opt.AccessorInjector
14:07:47.766 [main] DEBUG net.thucydides.core.reflection.ClassFinder - Could not load class META-INF.versions.9.com.sun.xml.bind.v2.runtime.reflect.opt.Injector
14:07:47.766 [main] DEBUG net.thucydides.core.reflection.ClassFinder - Could not load class META-INF.versions.9.com.sun.xml.bind.v2.runtime.reflect.opt.OptimizedAccessorFactory
14:07:47.767 [main] DEBUG net.thucydides.core.reflection.ClassFinder - Could not load class META-INF.versions.9.com.sun.xml.bind.v2.runtime.reflect.opt.OptimizedTransducedAccessorFactory
14:07:47.769 [main] DEBUG net.thucydides.core.reflection.ClassFinder - Could not load class META-INF.versions.9.io.opentelemetry.sdk.internal.CurrentJavaVersionSpecific
14:07:47.769 [main] DEBUG net.thucydides.core.reflection.ClassFinder - Could not load class META-INF.versions.9.io.opentelemetry.sdk.internal.Java9VersionSpecific
14:07:47.770 [main] DEBUG net.thucydides.core.reflection.ClassFinder - Could not load class META-INF.versions.9.javax.xml.bind.ModuleUtil
14:07:47.771 [main] DEBUG net.thucydides.core.reflection.ClassFinder - Could not load class META-INF.versions.9.module-info
14:07:47.773 [main] DEBUG net.thucydides.core.reflection.ClassFinder - Could not load class META-INF.versions.9.org.junit.platform.commons.util.ModuleUtils
14:07:48.253 [main] DEBUG net.thucydides.core.reflection.ClassFinder - Could not load class com.google.gson.internal.
14:07:48.442 [main] DEBUG net.thucydides.core.reflection.ClassFinder - Could not load class com.sun.xml.bind.v2.runtime.output.FastInfosetStreamWriterOutput
14:07:48.909 [main] DEBUG net.thucydides.core.reflection.ClassFinder - Could not load class module-info
14:07:51.574 [main] DEBUG io.netty.util.internal.logging.InternalLoggerFactory - Using SLF4J as the default logging framework
14:07:51.577 [main] DEBUG io.netty.util.ResourceLeakDetector - -Dio.netty.leakDetection.level: simple
14:07:51.578 [main] DEBUG io.netty.util.ResourceLeakDetector - -Dio.netty.leakDetection.targetRecords: 4
14:07:51.582 [main] DEBUG io.netty.util.ResourceLeakDetectorFactory - Loaded default ResourceLeakDetector: io.netty.util.ResourceLeakDetector@6eefc125
14:07:51.604 [main] DEBUG io.netty.util.internal.PlatformDependent0 - -Dio.netty.noUnsafe: false
14:07:51.604 [main] DEBUG io.netty.util.internal.PlatformDependent0 - Java version: 11
14:07:51.605 [main] DEBUG io.netty.util.internal.PlatformDependent0 - sun.misc.Unsafe.theUnsafe: available
14:07:51.606 [main] DEBUG io.netty.util.internal.PlatformDependent0 - sun.misc.Unsafe.copyMemory: available
14:07:51.606 [main] DEBUG io.netty.util.internal.PlatformDependent0 - java.nio.Buffer.address: available
14:07:51.607 [main] DEBUG io.netty.util.internal.PlatformDependent0 - direct buffer constructor: unavailable: Reflective setAccessible(true) disabled
14:07:51.607 [main] DEBUG io.netty.util.internal.PlatformDependent0 - java.nio.Bits.unaligned: available, true
14:07:51.608 [main] DEBUG io.netty.util.internal.PlatformDependent0 - jdk.internal.misc.Unsafe.allocateUninitializedArray(int): unavailable: class io.netty.util.internal.PlatformDependent0$6 cannot access class jdk.internal.misc.Unsafe (in module java.base) because module java.base does not export jdk.internal.misc to unnamed module @30c31dd7
14:07:51.611 [main] DEBUG io.netty.util.internal.PlatformDependent0 - java.nio.DirectByteBuffer.<init>(long, int): unavailable
14:07:51.612 [main] DEBUG io.netty.util.internal.PlatformDependent - sun.misc.Unsafe: available
14:07:51.615 [main] DEBUG io.netty.util.internal.PlatformDependent - maxDirectMemory: 2090860544 bytes (maybe)
14:07:51.615 [main] DEBUG io.netty.util.internal.PlatformDependent - -Dio.netty.tmpdir: C:\Users\rilaa\AppData\Local\Temp (java.io.tmpdir)
14:07:51.615 [main] DEBUG io.netty.util.internal.PlatformDependent - -Dio.netty.bitMode: 64 (sun.arch.data.model)
14:07:51.615 [main] DEBUG io.netty.util.internal.PlatformDependent - Platform: Windows
14:07:51.616 [main] DEBUG io.netty.util.internal.PlatformDependent - -Dio.netty.maxDirectMemory: -1 bytes
14:07:51.616 [main] DEBUG io.netty.util.internal.PlatformDependent - -Dio.netty.uninitializedArrayAllocationThreshold: -1
14:07:51.617 [main] DEBUG io.netty.util.internal.CleanerJava9 - java.nio.ByteBuffer.cleaner(): available
14:07:51.617 [main] DEBUG io.netty.util.internal.PlatformDependent - -Dio.netty.noPreferDirect: false
14:07:51.625 [main] DEBUG io.netty.util.internal.PlatformDependent - org.jctools-core.MpscChunkedArrayQueue: available
14:07:51.647 [main] DEBUG io.netty.util.internal.InternalThreadLocalMap - -Dio.netty.threadLocalMap.stringBuilder.initialSize: 1024
14:07:51.648 [main] DEBUG io.netty.util.internal.InternalThreadLocalMap - -Dio.netty.threadLocalMap.stringBuilder.maxSize: 4096
14:07:51.668 [main] DEBUG io.netty.handler.ssl.JdkSslContext - Default protocols (JDK): [TLSv1.3, TLSv1.2] 
14:07:51.668 [main] DEBUG io.netty.handler.ssl.JdkSslContext - Default cipher suites (JDK): [TLS_ECDHE_ECDSA_WITH_AES_256_GCM_SHA384, TLS_ECDHE_ECDSA_WITH_AES_128_GCM_SHA256, TLS_ECDHE_RSA_WITH_AES_128_GCM_SHA256, TLS_ECDHE_RSA_WITH_AES_256_GCM_SHA384, TLS_ECDHE_RSA_WITH_AES_128_CBC_SHA, TLS_ECDHE_RSA_WITH_AES_256_CBC_SHA, TLS_RSA_WITH_AES_128_GCM_SHA256, TLS_RSA_WITH_AES_128_CBC_SHA, TLS_RSA_WITH_AES_256_CBC_SHA, TLS_AES_128_GCM_SHA256, TLS_AES_256_GCM_SHA384]
14:07:51.698 [main] DEBUG io.netty.channel.MultithreadEventLoopGroup - -Dio.netty.eventLoopThreads: 8
14:07:51.710 [main] DEBUG io.netty.channel.nio.NioEventLoop - -Dio.netty.noKeySetOptimization: false
14:07:51.710 [main] DEBUG io.netty.channel.nio.NioEventLoop - -Dio.netty.selectorAutoRebuildThreshold: 512
14:07:51.767 [main] DEBUG io.netty.buffer.PooledByteBufAllocator - -Dio.netty.allocator.numHeapArenas: 8
14:07:51.767 [main] DEBUG io.netty.buffer.PooledByteBufAllocator - -Dio.netty.allocator.numDirectArenas: 8
14:07:51.767 [main] DEBUG io.netty.buffer.PooledByteBufAllocator - -Dio.netty.allocator.pageSize: 8192
14:07:51.767 [main] DEBUG io.netty.buffer.PooledByteBufAllocator - -Dio.netty.allocator.maxOrder: 11
14:07:51.767 [main] DEBUG io.netty.buffer.PooledByteBufAllocator - -Dio.netty.allocator.chunkSize: 16777216
14:07:51.767 [main] DEBUG io.netty.buffer.PooledByteBufAllocator - -Dio.netty.allocator.smallCacheSize: 256
14:07:51.767 [main] DEBUG io.netty.buffer.PooledByteBufAllocator - -Dio.netty.allocator.normalCacheSize: 64
14:07:51.767 [main] DEBUG io.netty.buffer.PooledByteBufAllocator - -Dio.netty.allocator.maxCachedBufferCapacity: 32768
14:07:51.767 [main] DEBUG io.netty.buffer.PooledByteBufAllocator - -Dio.netty.allocator.cacheTrimInterval: 8192
14:07:51.767 [main] DEBUG io.netty.buffer.PooledByteBufAllocator - -Dio.netty.allocator.cacheTrimIntervalMillis: 0
14:07:51.767 [main] DEBUG io.netty.buffer.PooledByteBufAllocator - -Dio.netty.allocator.useCacheForAllThreads: true
14:07:51.767 [main] DEBUG io.netty.buffer.PooledByteBufAllocator - -Dio.netty.allocator.maxCachedByteBuffersPerChunk: 1023
14:07:51.792 [main] DEBUG io.netty.buffer.ByteBufUtil - -Dio.netty.allocator.type: pooled
14:07:51.793 [main] DEBUG io.netty.buffer.ByteBufUtil - -Dio.netty.threadLocalDirectBufferSize: 0
14:07:51.794 [main] DEBUG io.netty.buffer.ByteBufUtil - -Dio.netty.maxThreadLocalCharBufferSize: 16384
14:07:52.177 [main] DEBUG net.serenitybdd.core.webdriver.driverproviders.ProvideNewDriver - Instantiating driver
14:07:52.177 [main] DEBUG net.serenitybdd.core.webdriver.driverproviders.ProvideNewDriver - Driver capabilities: Capabilities {acceptInsecureCerts: false, base.url: https://alta-shop.vercel.app, browserName: chrome, chrome.driver: src/test/resources/webdrive..., driver: chrome, goog:chromeOptions: {args: [], extensions: []}}
14:07:54.756 [Forwarding newSession on session null to remote] DEBUG io.netty.channel.DefaultChannelId - -Dio.netty.processId: 5412 (auto-detected)
14:07:54.758 [Forwarding newSession on session null to remote] DEBUG io.netty.util.NetUtil - -Djava.net.preferIPv4Stack: false
14:07:54.758 [Forwarding newSession on session null to remote] DEBUG io.netty.util.NetUtil - -Djava.net.preferIPv6Addresses: false
14:07:54.852 [Forwarding newSession on session null to remote] DEBUG io.netty.util.NetUtilInitializations - Loopback interface: lo (Software Loopback Interface 1, 127.0.0.1)
14:07:54.853 [Forwarding newSession on session null to remote] DEBUG io.netty.util.NetUtil - Failed to get SOMAXCONN from sysctl and file \proc\sys\net\core\somaxconn. Default: 200
14:07:54.956 [Forwarding newSession on session null to remote] DEBUG io.netty.channel.DefaultChannelId - -Dio.netty.machineId: 74:4c:a1:ff:fe:7c:2c:b9 (auto-detected)
14:07:55.009 [AsyncHttpClient-1-2] DEBUG io.netty.buffer.AbstractByteBuf - -Dio.netty.buffer.checkAccessible: true
14:07:55.009 [AsyncHttpClient-1-2] DEBUG io.netty.buffer.AbstractByteBuf - -Dio.netty.buffer.checkBounds: true
14:07:55.009 [AsyncHttpClient-1-2] DEBUG io.netty.util.ResourceLeakDetectorFactory - Loaded default ResourceLeakDetector: io.netty.util.ResourceLeakDetector@69d9bc0e
14:07:55.021 [AsyncHttpClient-1-2] DEBUG org.asynchttpclient.netty.channel.NettyConnectListener - Using new Channel '[id: 0x2216f003, L:/127.0.0.1:65222 - R:localhost/127.0.0.1:55353]' for 'POST' to '/session'
14:07:55.036 [AsyncHttpClient-1-2] DEBUG io.netty.util.Recycler - -Dio.netty.recycler.maxCapacityPerThread: 4096
14:07:55.036 [AsyncHttpClient-1-2] DEBUG io.netty.util.Recycler - -Dio.netty.recycler.ratio: 8
14:07:55.036 [AsyncHttpClient-1-2] DEBUG io.netty.util.Recycler - -Dio.netty.recycler.chunkSize: 32
14:07:55.036 [AsyncHttpClient-1-2] DEBUG io.netty.util.Recycler - -Dio.netty.recycler.blocking: false
14:07:56.894 [AsyncHttpClient-1-2] DEBUG io.netty.handler.codec.compression.Brotli - brotli4j not in the classpath; Brotli support will be unavailable.
14:07:56.894 [AsyncHttpClient-1-2] DEBUG org.asynchttpclient.netty.handler.HttpHandler - 

Request DefaultHttpRequest(decodeResult: success, version: HTTP/1.1)
POST /session HTTP/1.1
User-Agent: selenium/4.1.2 (java windows)
Content-Length: 609
Content-Type: application/json; charset=utf-8
host: localhost:55353
accept: */*

Response DefaultHttpResponse(decodeResult: success, version: HTTP/1.1)
HTTP/1.1 200 OK
Content-Type: application/json; charset=utf-8
cache-control: no-cache
content-length: 790

14:07:56.907 [AsyncHttpClient-1-2] DEBUG org.asynchttpclient.netty.channel.ChannelManager - Adding key: http://localhost:55353 for channel [id: 0x2216f003, L:/127.0.0.1:65222 - R:localhost/127.0.0.1:55353]
14:07:57.010 [AsyncHttpClient-1-3] DEBUG org.asynchttpclient.netty.channel.NettyConnectListener - Using new Channel '[id: 0xc14e5a98, L:/127.0.0.1:65232 - R:localhost/127.0.0.1:65225]' for 'GET' to '/json/version'
14:07:57.017 [AsyncHttpClient-1-3] DEBUG org.asynchttpclient.netty.handler.HttpHandler - 

Request DefaultFullHttpRequest(decodeResult: success, version: HTTP/1.1, content: EmptyByteBufBE)
GET /json/version HTTP/1.1
User-Agent: selenium/4.1.2 (java windows)
host: localhost:65225
accept: */*

Response DefaultHttpResponse(decodeResult: success, version: HTTP/1.1)
HTTP/1.1 200 OK
Content-Type: application/json; charset=UTF-8
content-length: 424

14:07:57.018 [AsyncHttpClient-1-3] DEBUG org.asynchttpclient.netty.channel.ChannelManager - Adding key: http://localhost:65225 for channel [id: 0xc14e5a98, L:/127.0.0.1:65232 - R:localhost/127.0.0.1:65225]
14:07:57.023 [main] DEBUG io.netty.util.internal.ThreadLocalRandom - -Dio.netty.initialSeedUniquifier: 0xdecd4222eb708944
14:07:57.029 [AsyncHttpClient-1-4] DEBUG org.asynchttpclient.netty.channel.NettyConnectListener - Using new Channel '[id: 0x76b9ac43, L:/127.0.0.1:65233 - R:localhost/127.0.0.1:65225]' for 'GET' to '/devtools/browser/da5a5eab-2c41-40e7-9511-6c3e55198f10'
14:07:57.036 [AsyncHttpClient-1-4] DEBUG org.asynchttpclient.netty.handler.WebSocketHandler - 

Request DefaultFullHttpRequest(decodeResult: success, version: HTTP/1.1, content: EmptyByteBufBE)
GET /devtools/browser/da5a5eab-2c41-40e7-9511-6c3e55198f10 HTTP/1.1
upgrade: websocket
connection: upgrade
sec-websocket-key: r6l+m3Qi5/2VIfH7AxqZHQ==
sec-websocket-version: 13
origin: http://localhost:65225
host: localhost:65225
accept: */*
user-agent: AHC/2.1

Response DefaultHttpResponse(decodeResult: success, version: HTTP/1.1)
HTTP/1.1 101 WebSocket Protocol Handshake
Upgrade: WebSocket
Connection: Upgrade
Sec-WebSocket-Accept: nCar6u7BCvupSxkDwPDD2XK8xTY=

14:07:57.233 [AsyncHttpClient-1-1] DEBUG org.asynchttpclient.netty.channel.DefaultChannelPool - Entry count for : http://localhost:55353 : 1
14:07:57.233 [AsyncHttpClient-1-1] DEBUG org.asynchttpclient.netty.channel.DefaultChannelPool - Entry count for : http://localhost:65225 : 1
14:07:58.331 [AsyncHttpClient-1-1] DEBUG org.asynchttpclient.netty.channel.DefaultChannelPool - Entry count for : http://localhost:55353 : 1
14:07:58.331 [AsyncHttpClient-1-1] DEBUG org.asynchttpclient.netty.channel.DefaultChannelPool - Entry count for : http://localhost:65225 : 1
14:07:58.710 [main] DEBUG net.thucydides.core.reflection.ClassFinder - Could not load class .starter.CucumberTestSuite
14:07:58.710 [main] DEBUG net.thucydides.core.reflection.ClassFinder - Could not load class .starter.pages.HomePage
14:07:58.710 [main] DEBUG net.thucydides.core.reflection.ClassFinder - Could not load class .starter.pages.LoginPage
14:07:58.710 [main] DEBUG net.thucydides.core.reflection.ClassFinder - Could not load class .starter.pages.LogoutPage
14:07:58.710 [main] DEBUG net.thucydides.core.reflection.ClassFinder - Could not load class .starter.pages.OrderPage
14:07:58.710 [main] DEBUG net.thucydides.core.reflection.ClassFinder - Could not load class .starter.pages.RegisterPage
14:07:58.710 [main] DEBUG net.thucydides.core.reflection.ClassFinder - Could not load class .starter.stepdefinitions.HomeStep
14:07:58.710 [main] DEBUG net.thucydides.core.reflection.ClassFinder - Could not load class .starter.stepdefinitions.LoginStepDefinition
14:07:58.710 [main] DEBUG net.thucydides.core.reflection.ClassFinder - Could not load class .starter.stepdefinitions.LogoutStep
14:07:58.710 [main] DEBUG net.thucydides.core.reflection.ClassFinder - Could not load class .starter.stepdefinitions.OrderStep
14:07:58.710 [main] DEBUG net.thucydides.core.reflection.ClassFinder - Could not load class .starter.stepdefinitions.RegisterStep
14:07:58.711 [main] DEBUG net.thucydides.core.reflection.ClassFinder - Could not load class META-INF.versions.9.com.sun.istack.logging.StackHelper
14:07:58.712 [main] DEBUG net.thucydides.core.reflection.ClassFinder - Could not load class META-INF.versions.9.com.sun.xml.bind.v2.runtime.reflect.opt.AccessorInjector
14:07:58.712 [main] DEBUG net.thucydides.core.reflection.ClassFinder - Could not load class META-INF.versions.9.com.sun.xml.bind.v2.runtime.reflect.opt.Injector
14:07:58.714 [main] DEBUG net.thucydides.core.reflection.ClassFinder - Could not load class META-INF.versions.9.com.sun.xml.bind.v2.runtime.reflect.opt.OptimizedAccessorFactory
14:07:58.715 [main] DEBUG net.thucydides.core.reflection.ClassFinder - Could not load class META-INF.versions.9.com.sun.xml.bind.v2.runtime.reflect.opt.OptimizedTransducedAccessorFactory
14:07:58.715 [main] DEBUG net.thucydides.core.reflection.ClassFinder - Could not load class META-INF.versions.9.io.opentelemetry.sdk.internal.CurrentJavaVersionSpecific
14:07:58.716 [main] DEBUG net.thucydides.core.reflection.ClassFinder - Could not load class META-INF.versions.9.io.opentelemetry.sdk.internal.Java9VersionSpecific
14:07:58.717 [main] DEBUG net.thucydides.core.reflection.ClassFinder - Could not load class META-INF.versions.9.javax.xml.bind.ModuleUtil
14:07:58.717 [main] DEBUG net.thucydides.core.reflection.ClassFinder - Could not load class META-INF.versions.9.module-info
14:07:58.718 [main] DEBUG net.thucydides.core.reflection.ClassFinder - Could not load class META-INF.versions.9.org.junit.platform.commons.util.ModuleUtils
14:07:58.721 [main] DEBUG net.thucydides.core.reflection.ClassFinder - Could not load class com.google.gson.internal.
14:07:58.724 [main] DEBUG net.thucydides.core.reflection.ClassFinder - Could not load class com.sun.xml.bind.v2.runtime.output.FastInfosetStreamWriterOutput
14:07:58.728 [main] DEBUG net.thucydides.core.reflection.ClassFinder - Could not load class module-info
14:07:58.761 [Forwarding get on session b6332bb78dbef1e237b201e6a1d897ce to remote] DEBUG org.asynchttpclient.netty.request.NettyRequestSender - Using pooled Channel '[id: 0x2216f003, L:/127.0.0.1:65222 - R:localhost/127.0.0.1:55353]' for 'POST' to 'http://localhost:55353/session/b6332bb78dbef1e237b201e6a1d897ce/url'
14:07:58.762 [Forwarding get on session b6332bb78dbef1e237b201e6a1d897ce to remote] DEBUG org.asynchttpclient.netty.request.NettyRequestSender - Using open Channel [id: 0x2216f003, L:/127.0.0.1:65222 - R:localhost/127.0.0.1:55353] for POST '/session/b6332bb78dbef1e237b201e6a1d897ce/url'
14:07:59.436 [AsyncHttpClient-1-1] DEBUG org.asynchttpclient.netty.channel.DefaultChannelPool - Entry count for : http://localhost:65225 : 1
14:08:00.356 [AsyncHttpClient-1-2] DEBUG org.asynchttpclient.netty.handler.HttpHandler - 

Request DefaultHttpRequest(decodeResult: success, version: HTTP/1.1)
POST /session/b6332bb78dbef1e237b201e6a1d897ce/url HTTP/1.1
User-Agent: selenium/4.1.2 (java windows)
Content-Length: 59
Content-Type: application/json; charset=utf-8
host: localhost:55353
accept: */*

Response DefaultHttpResponse(decodeResult: success, version: HTTP/1.1)
HTTP/1.1 200 OK
Content-Type: application/json; charset=utf-8
cache-control: no-cache
content-length: 14

14:08:00.357 [AsyncHttpClient-1-2] DEBUG org.asynchttpclient.netty.channel.ChannelManager - Adding key: http://localhost:55353 for channel [id: 0x2216f003, L:/127.0.0.1:65222 - R:localhost/127.0.0.1:55353]
14:08:00.380 [Forwarding setTimeout on session b6332bb78dbef1e237b201e6a1d897ce to remote] DEBUG org.asynchttpclient.netty.request.NettyRequestSender - Using pooled Channel '[id: 0x2216f003, L:/127.0.0.1:65222 - R:localhost/127.0.0.1:55353]' for 'POST' to 'http://localhost:55353/session/b6332bb78dbef1e237b201e6a1d897ce/timeouts'
14:08:00.380 [Forwarding setTimeout on session b6332bb78dbef1e237b201e6a1d897ce to remote] DEBUG org.asynchttpclient.netty.request.NettyRequestSender - Using open Channel [id: 0x2216f003, L:/127.0.0.1:65222 - R:localhost/127.0.0.1:55353] for POST '/session/b6332bb78dbef1e237b201e6a1d897ce/timeouts'
14:08:00.446 [AsyncHttpClient-1-2] DEBUG org.asynchttpclient.netty.handler.HttpHandler - 

Request DefaultHttpRequest(decodeResult: success, version: HTTP/1.1)
POST /session/b6332bb78dbef1e237b201e6a1d897ce/timeouts HTTP/1.1
User-Agent: selenium/4.1.2 (java windows)
Content-Length: 22
Content-Type: application/json; charset=utf-8
host: localhost:55353
accept: */*

Response DefaultHttpResponse(decodeResult: success, version: HTTP/1.1)
HTTP/1.1 200 OK
Content-Type: application/json; charset=utf-8
cache-control: no-cache
content-length: 14

14:08:00.446 [AsyncHttpClient-1-2] DEBUG org.asynchttpclient.netty.channel.ChannelManager - Adding key: http://localhost:55353 for channel [id: 0x2216f003, L:/127.0.0.1:65222 - R:localhost/127.0.0.1:55353]
14:08:00.486 [Forwarding getCurrentUrl on session b6332bb78dbef1e237b201e6a1d897ce to remote] DEBUG org.asynchttpclient.netty.request.NettyRequestSender - Using pooled Channel '[id: 0x2216f003, L:/127.0.0.1:65222 - R:localhost/127.0.0.1:55353]' for 'GET' to 'http://localhost:55353/session/b6332bb78dbef1e237b201e6a1d897ce/url'
14:08:00.489 [Forwarding getCurrentUrl on session b6332bb78dbef1e237b201e6a1d897ce to remote] DEBUG org.asynchttpclient.netty.request.NettyRequestSender - Using open Channel [id: 0x2216f003, L:/127.0.0.1:65222 - R:localhost/127.0.0.1:55353] for GET '/session/b6332bb78dbef1e237b201e6a1d897ce/url'
14:08:00.529 [AsyncHttpClient-1-1] DEBUG org.asynchttpclient.netty.channel.DefaultChannelPool - Entry count for : http://localhost:65225 : 1
14:08:00.633 [AsyncHttpClient-1-2] DEBUG org.asynchttpclient.netty.handler.HttpHandler - 

Request DefaultFullHttpRequest(decodeResult: success, version: HTTP/1.1, content: EmptyByteBufBE)
GET /session/b6332bb78dbef1e237b201e6a1d897ce/url HTTP/1.1
User-Agent: selenium/4.1.2 (java windows)
Cache-Control: no-cache
Content-Type: application/json; charset=utf-8
host: localhost:55353
accept: */*

Response DefaultHttpResponse(decodeResult: success, version: HTTP/1.1)
HTTP/1.1 200 OK
Content-Type: application/json; charset=utf-8
cache-control: no-cache
content-length: 41

14:08:00.633 [AsyncHttpClient-1-2] DEBUG org.asynchttpclient.netty.channel.ChannelManager - Adding key: http://localhost:55353 for channel [id: 0x2216f003, L:/127.0.0.1:65222 - R:localhost/127.0.0.1:55353]
14:08:00.652 [Forwarding findElement on session b6332bb78dbef1e237b201e6a1d897ce to remote] DEBUG org.asynchttpclient.netty.request.NettyRequestSender - Using pooled Channel '[id: 0x2216f003, L:/127.0.0.1:65222 - R:localhost/127.0.0.1:55353]' for 'POST' to 'http://localhost:55353/session/b6332bb78dbef1e237b201e6a1d897ce/element'
14:08:00.652 [Forwarding findElement on session b6332bb78dbef1e237b201e6a1d897ce to remote] DEBUG org.asynchttpclient.netty.request.NettyRequestSender - Using open Channel [id: 0x2216f003, L:/127.0.0.1:65222 - R:localhost/127.0.0.1:55353] for POST '/session/b6332bb78dbef1e237b201e6a1d897ce/element'
14:08:01.067 [AsyncHttpClient-1-2] DEBUG org.asynchttpclient.netty.handler.HttpHandler - 

Request DefaultHttpRequest(decodeResult: success, version: HTTP/1.1)
POST /session/b6332bb78dbef1e237b201e6a1d897ce/element HTTP/1.1
User-Agent: selenium/4.1.2 (java windows)
Content-Length: 77
Content-Type: application/json; charset=utf-8
host: localhost:55353
accept: */*

Response DefaultHttpResponse(decodeResult: success, version: HTTP/1.1)
HTTP/1.1 200 OK
Content-Type: application/json; charset=utf-8
cache-control: no-cache
content-length: 88

14:08:01.068 [AsyncHttpClient-1-2] DEBUG org.asynchttpclient.netty.channel.ChannelManager - Adding key: http://localhost:55353 for channel [id: 0x2216f003, L:/127.0.0.1:65222 - R:localhost/127.0.0.1:55353]
14:08:01.100 [Forwarding isElementDisplayed on session b6332bb78dbef1e237b201e6a1d897ce to remote] DEBUG org.asynchttpclient.netty.request.NettyRequestSender - Using pooled Channel '[id: 0x2216f003, L:/127.0.0.1:65222 - R:localhost/127.0.0.1:55353]' for 'POST' to 'http://localhost:55353/session/b6332bb78dbef1e237b201e6a1d897ce/execute/sync'
14:08:01.101 [Forwarding isElementDisplayed on session b6332bb78dbef1e237b201e6a1d897ce to remote] DEBUG org.asynchttpclient.netty.request.NettyRequestSender - Using open Channel [id: 0x2216f003, L:/127.0.0.1:65222 - R:localhost/127.0.0.1:55353] for POST '/session/b6332bb78dbef1e237b201e6a1d897ce/execute/sync'
14:08:01.282 [AsyncHttpClient-1-2] DEBUG org.asynchttpclient.netty.handler.HttpHandler - 

Request DefaultHttpRequest(decodeResult: success, version: HTTP/1.1)
POST /session/b6332bb78dbef1e237b201e6a1d897ce/execute/sync HTTP/1.1
User-Agent: selenium/4.1.2 (java windows)
Content-Length: 48780
Content-Type: application/json; charset=utf-8
host: localhost:55353
accept: */*

Response DefaultHttpResponse(decodeResult: success, version: HTTP/1.1)
HTTP/1.1 200 OK
Content-Type: application/json; charset=utf-8
cache-control: no-cache
content-length: 14

14:08:01.283 [AsyncHttpClient-1-2] DEBUG org.asynchttpclient.netty.channel.ChannelManager - Adding key: http://localhost:55353 for channel [id: 0x2216f003, L:/127.0.0.1:65222 - R:localhost/127.0.0.1:55353]
  &amp#27;[32mGiven &amp#27;[0m&amp#27;[32mI am on the home page&amp#27;[0m         &amp#27;[90m# starter.stepdefinitions.LoginStepDefinition.iAmOnTheHomePage()&amp#27;[0m
14:08:01.364 [main] DEBUG net.serenitybdd.core.photography.Darkroom - Opening darkroom
14:08:01.367 [Forwarding screenshot on session b6332bb78dbef1e237b201e6a1d897ce to remote] DEBUG org.asynchttpclient.netty.request.NettyRequestSender - Using pooled Channel '[id: 0x2216f003, L:/127.0.0.1:65222 - R:localhost/127.0.0.1:55353]' for 'GET' to 'http://localhost:55353/session/b6332bb78dbef1e237b201e6a1d897ce/screenshot'
14:08:01.367 [Forwarding screenshot on session b6332bb78dbef1e237b201e6a1d897ce to remote] DEBUG org.asynchttpclient.netty.request.NettyRequestSender - Using open Channel [id: 0x2216f003, L:/127.0.0.1:65222 - R:localhost/127.0.0.1:55353] for GET '/session/b6332bb78dbef1e237b201e6a1d897ce/screenshot'
14:08:01.458 [Darkroom Processing Line] DEBUG net.serenitybdd.core.photography.DarkroomProcessingLine - Darkroom processing line starting up
14:08:01.630 [AsyncHttpClient-1-1] DEBUG org.asynchttpclient.netty.channel.DefaultChannelPool - Entry count for : http://localhost:65225 : 1
14:08:01.768 [AsyncHttpClient-1-2] DEBUG org.asynchttpclient.netty.handler.HttpHandler - 

Request DefaultFullHttpRequest(decodeResult: success, version: HTTP/1.1, content: EmptyByteBufBE)
GET /session/b6332bb78dbef1e237b201e6a1d897ce/screenshot HTTP/1.1
User-Agent: selenium/4.1.2 (java windows)
Cache-Control: no-cache
Content-Type: application/json; charset=utf-8
host: localhost:55353
accept: */*

Response DefaultHttpResponse(decodeResult: success, version: HTTP/1.1)
HTTP/1.1 200 OK
Content-Type: application/json; charset=utf-8
cache-control: no-cache
content-length: 25332

14:08:01.769 [AsyncHttpClient-1-2] DEBUG org.asynchttpclient.netty.channel.ChannelManager - Adding key: http://localhost:55353 for channel [id: 0x2216f003, L:/127.0.0.1:65222 - R:localhost/127.0.0.1:55353]
14:08:02.364 [main] DEBUG net.serenitybdd.core.photography.Darkroom - Send negative for processing for target\site\serenity\01cb8e4492787a02e99f68cd41eac60a5de08c899fea6100fe2b3c697dda5733.png
14:08:02.365 [Darkroom Processing Line] DEBUG net.serenitybdd.core.photography.DarkroomProcessingLine - Processing screenshot image in /var/screenshots/screenshot-7076914545052951517
14:08:02.366 [Darkroom Processing Line] DEBUG net.serenitybdd.core.photography.DarkroomProcessingLine - Saving screenshot to target\site\serenity\01cb8e4492787a02e99f68cd41eac60a5de08c899fea6100fe2b3c697dda5733.png
14:08:02.447 [Forwarding screenshot on session b6332bb78dbef1e237b201e6a1d897ce to remote] DEBUG org.asynchttpclient.netty.request.NettyRequestSender - Using pooled Channel '[id: 0x2216f003, L:/127.0.0.1:65222 - R:localhost/127.0.0.1:55353]' for 'GET' to 'http://localhost:55353/session/b6332bb78dbef1e237b201e6a1d897ce/screenshot'
14:08:02.448 [Forwarding screenshot on session b6332bb78dbef1e237b201e6a1d897ce to remote] DEBUG org.asynchttpclient.netty.request.NettyRequestSender - Using open Channel [id: 0x2216f003, L:/127.0.0.1:65222 - R:localhost/127.0.0.1:55353] for GET '/session/b6332bb78dbef1e237b201e6a1d897ce/screenshot'
14:08:02.729 [AsyncHttpClient-1-1] DEBUG org.asynchttpclient.netty.channel.DefaultChannelPool - Entry count for : http://localhost:65225 : 1
14:08:02.837 [AsyncHttpClient-1-2] DEBUG org.asynchttpclient.netty.handler.HttpHandler - 

Request DefaultFullHttpRequest(decodeResult: success, version: HTTP/1.1, content: EmptyByteBufBE)
GET /session/b6332bb78dbef1e237b201e6a1d897ce/screenshot HTTP/1.1
User-Agent: selenium/4.1.2 (java windows)
Cache-Control: no-cache
Content-Type: application/json; charset=utf-8
host: localhost:55353
accept: */*

Response DefaultHttpResponse(decodeResult: success, version: HTTP/1.1)
HTTP/1.1 200 OK
Content-Type: application/json; charset=utf-8
cache-control: no-cache
content-length: 28984

14:08:02.840 [AsyncHttpClient-1-2] DEBUG org.asynchttpclient.netty.channel.ChannelManager - Adding key: http://localhost:55353 for channel [id: 0x2216f003, L:/127.0.0.1:65222 - R:localhost/127.0.0.1:55353]
14:08:02.899 [main] DEBUG net.serenitybdd.core.photography.Darkroom - Send negative for processing for target\site\serenity\0193a8702e4b409d5eb07c6c1aefa05409f2c82037f4aba0003bdc59b6320a2b.png
14:08:02.947 [Darkroom Processing Line] DEBUG net.serenitybdd.core.photography.DarkroomProcessingLine - Processing screenshot image in /var/screenshots/screenshot-5952749234547094414
14:08:02.947 [Darkroom Processing Line] DEBUG net.serenitybdd.core.photography.DarkroomProcessingLine - Saving screenshot to target\site\serenity\0193a8702e4b409d5eb07c6c1aefa05409f2c82037f4aba0003bdc59b6320a2b.png
14:08:02.982 [Forwarding findElement on session b6332bb78dbef1e237b201e6a1d897ce to remote] DEBUG org.asynchttpclient.netty.request.NettyRequestSender - Using pooled Channel '[id: 0x2216f003, L:/127.0.0.1:65222 - R:localhost/127.0.0.1:55353]' for 'POST' to 'http://localhost:55353/session/b6332bb78dbef1e237b201e6a1d897ce/element'
14:08:02.983 [Forwarding findElement on session b6332bb78dbef1e237b201e6a1d897ce to remote] DEBUG org.asynchttpclient.netty.request.NettyRequestSender - Using open Channel [id: 0x2216f003, L:/127.0.0.1:65222 - R:localhost/127.0.0.1:55353] for POST '/session/b6332bb78dbef1e237b201e6a1d897ce/element'
14:08:03.837 [AsyncHttpClient-1-1] DEBUG org.asynchttpclient.netty.channel.DefaultChannelPool - Entry count for : http://localhost:65225 : 1
14:08:04.931 [AsyncHttpClient-1-1] DEBUG org.asynchttpclient.netty.channel.DefaultChannelPool - Entry count for : http://localhost:65225 : 1
14:08:06.030 [AsyncHttpClient-1-1] DEBUG org.asynchttpclient.netty.channel.DefaultChannelPool - Entry count for : http://localhost:65225 : 1
14:08:07.130 [AsyncHttpClient-1-1] DEBUG org.asynchttpclient.netty.channel.DefaultChannelPool - Entry count for : http://localhost:65225 : 1
14:08:08.234 [AsyncHttpClient-1-1] DEBUG org.asynchttpclient.netty.channel.DefaultChannelPool - Entry count for : http://localhost:65225 : 1
14:08:08.798 [AsyncHttpClient-1-2] DEBUG org.asynchttpclient.netty.handler.HttpHandler - 

Request DefaultHttpRequest(decodeResult: success, version: HTTP/1.1)
POST /session/b6332bb78dbef1e237b201e6a1d897ce/element HTTP/1.1
User-Agent: selenium/4.1.2 (java windows)
Content-Length: 97
Content-Type: application/json; charset=utf-8
host: localhost:55353
accept: */*

Response DefaultHttpResponse(decodeResult: success, version: HTTP/1.1)
HTTP/1.1 200 OK
Content-Type: application/json; charset=utf-8
cache-control: no-cache
content-length: 88

14:08:08.799 [AsyncHttpClient-1-2] DEBUG org.asynchttpclient.netty.channel.ChannelManager - Adding key: http://localhost:55353 for channel [id: 0x2216f003, L:/127.0.0.1:65222 - R:localhost/127.0.0.1:55353]
14:08:08.803 [Forwarding getElementTagName on session b6332bb78dbef1e237b201e6a1d897ce to remote] DEBUG org.asynchttpclient.netty.request.NettyRequestSender - Using pooled Channel '[id: 0x2216f003, L:/127.0.0.1:65222 - R:localhost/127.0.0.1:55353]' for 'GET' to 'http://localhost:55353/session/b6332bb78dbef1e237b201e6a1d897ce/element/9c45dcc7-7253-4e59-abd5-e4aa729f0e17/name'
14:08:08.804 [Forwarding getElementTagName on session b6332bb78dbef1e237b201e6a1d897ce to remote] DEBUG org.asynchttpclient.netty.request.NettyRequestSender - Using open Channel [id: 0x2216f003, L:/127.0.0.1:65222 - R:localhost/127.0.0.1:55353] for GET '/session/b6332bb78dbef1e237b201e6a1d897ce/element/9c45dcc7-7253-4e59-abd5-e4aa729f0e17/name'
14:08:08.813 [AsyncHttpClient-1-2] DEBUG org.asynchttpclient.netty.handler.HttpHandler - 

Request DefaultFullHttpRequest(decodeResult: success, version: HTTP/1.1, content: EmptyByteBufBE)
GET /session/b6332bb78dbef1e237b201e6a1d897ce/element/9c45dcc7-7253-4e59-abd5-e4aa729f0e17/name HTTP/1.1
User-Agent: selenium/4.1.2 (java windows)
Cache-Control: no-cache
Content-Type: application/json; charset=utf-8
host: localhost:55353
accept: */*

Response DefaultHttpResponse(decodeResult: success, version: HTTP/1.1)
HTTP/1.1 200 OK
Content-Type: application/json; charset=utf-8
cache-control: no-cache
content-length: 13

14:08:08.814 [AsyncHttpClient-1-2] DEBUG org.asynchttpclient.netty.channel.ChannelManager - Adding key: http://localhost:55353 for channel [id: 0x2216f003, L:/127.0.0.1:65222 - R:localhost/127.0.0.1:55353]
14:08:08.819 [Forwarding getElementTagName on session b6332bb78dbef1e237b201e6a1d897ce to remote] DEBUG org.asynchttpclient.netty.request.NettyRequestSender - Using pooled Channel '[id: 0x2216f003, L:/127.0.0.1:65222 - R:localhost/127.0.0.1:55353]' for 'GET' to 'http://localhost:55353/session/b6332bb78dbef1e237b201e6a1d897ce/element/9c45dcc7-7253-4e59-abd5-e4aa729f0e17/name'
14:08:08.820 [Forwarding getElementTagName on session b6332bb78dbef1e237b201e6a1d897ce to remote] DEBUG org.asynchttpclient.netty.request.NettyRequestSender - Using open Channel [id: 0x2216f003, L:/127.0.0.1:65222 - R:localhost/127.0.0.1:55353] for GET '/session/b6332bb78dbef1e237b201e6a1d897ce/element/9c45dcc7-7253-4e59-abd5-e4aa729f0e17/name'
14:08:08.830 [AsyncHttpClient-1-2] DEBUG org.asynchttpclient.netty.handler.HttpHandler - 

Request DefaultFullHttpRequest(decodeResult: success, version: HTTP/1.1, content: EmptyByteBufBE)
GET /session/b6332bb78dbef1e237b201e6a1d897ce/element/9c45dcc7-7253-4e59-abd5-e4aa729f0e17/name HTTP/1.1
User-Agent: selenium/4.1.2 (java windows)
Cache-Control: no-cache
Content-Type: application/json; charset=utf-8
host: localhost:55353
accept: */*

Response DefaultHttpResponse(decodeResult: success, version: HTTP/1.1)
HTTP/1.1 200 OK
Content-Type: application/json; charset=utf-8
cache-control: no-cache
content-length: 13

14:08:08.830 [AsyncHttpClient-1-2] DEBUG org.asynchttpclient.netty.channel.ChannelManager - Adding key: http://localhost:55353 for channel [id: 0x2216f003, L:/127.0.0.1:65222 - R:localhost/127.0.0.1:55353]
14:08:08.835 [Forwarding findElement on session b6332bb78dbef1e237b201e6a1d897ce to remote] DEBUG org.asynchttpclient.netty.request.NettyRequestSender - Using pooled Channel '[id: 0x2216f003, L:/127.0.0.1:65222 - R:localhost/127.0.0.1:55353]' for 'POST' to 'http://localhost:55353/session/b6332bb78dbef1e237b201e6a1d897ce/element'
14:08:08.835 [Forwarding findElement on session b6332bb78dbef1e237b201e6a1d897ce to remote] DEBUG org.asynchttpclient.netty.request.NettyRequestSender - Using open Channel [id: 0x2216f003, L:/127.0.0.1:65222 - R:localhost/127.0.0.1:55353] for POST '/session/b6332bb78dbef1e237b201e6a1d897ce/element'
14:08:08.852 [AsyncHttpClient-1-2] DEBUG org.asynchttpclient.netty.handler.HttpHandler - 

Request DefaultHttpRequest(decodeResult: success, version: HTTP/1.1)
POST /session/b6332bb78dbef1e237b201e6a1d897ce/element HTTP/1.1
User-Agent: selenium/4.1.2 (java windows)
Content-Length: 97
Content-Type: application/json; charset=utf-8
host: localhost:55353
accept: */*

Response DefaultHttpResponse(decodeResult: success, version: HTTP/1.1)
HTTP/1.1 200 OK
Content-Type: application/json; charset=utf-8
cache-control: no-cache
content-length: 88

14:08:08.853 [AsyncHttpClient-1-2] DEBUG org.asynchttpclient.netty.channel.ChannelManager - Adding key: http://localhost:55353 for channel [id: 0x2216f003, L:/127.0.0.1:65222 - R:localhost/127.0.0.1:55353]
14:08:08.859 [Forwarding clickElement on session b6332bb78dbef1e237b201e6a1d897ce to remote] DEBUG org.asynchttpclient.netty.request.NettyRequestSender - Using pooled Channel '[id: 0x2216f003, L:/127.0.0.1:65222 - R:localhost/127.0.0.1:55353]' for 'POST' to 'http://localhost:55353/session/b6332bb78dbef1e237b201e6a1d897ce/element/9c45dcc7-7253-4e59-abd5-e4aa729f0e17/click'
14:08:08.859 [Forwarding clickElement on session b6332bb78dbef1e237b201e6a1d897ce to remote] DEBUG org.asynchttpclient.netty.request.NettyRequestSender - Using open Channel [id: 0x2216f003, L:/127.0.0.1:65222 - R:localhost/127.0.0.1:55353] for POST '/session/b6332bb78dbef1e237b201e6a1d897ce/element/9c45dcc7-7253-4e59-abd5-e4aa729f0e17/click'
14:08:08.955 [AsyncHttpClient-1-2] DEBUG org.asynchttpclient.netty.handler.HttpHandler - 

Request DefaultHttpRequest(decodeResult: success, version: HTTP/1.1)
POST /session/b6332bb78dbef1e237b201e6a1d897ce/element/9c45dcc7-7253-4e59-abd5-e4aa729f0e17/click HTTP/1.1
User-Agent: selenium/4.1.2 (java windows)
Content-Length: 50
Content-Type: application/json; charset=utf-8
host: localhost:55353
accept: */*

Response DefaultHttpResponse(decodeResult: success, version: HTTP/1.1)
HTTP/1.1 200 OK
Content-Type: application/json; charset=utf-8
cache-control: no-cache
content-length: 14

14:08:08.956 [AsyncHttpClient-1-2] DEBUG org.asynchttpclient.netty.channel.ChannelManager - Adding key: http://localhost:55353 for channel [id: 0x2216f003, L:/127.0.0.1:65222 - R:localhost/127.0.0.1:55353]
  &amp#27;[32mAnd &amp#27;[0m&amp#27;[32mI click login icon&amp#27;[0m              &amp#27;[90m# starter.stepdefinitions.LoginStepDefinition.iClickLoginIcon()&amp#27;[0m
14:08:08.975 [Forwarding screenshot on session b6332bb78dbef1e237b201e6a1d897ce to remote] DEBUG org.asynchttpclient.netty.request.NettyRequestSender - Using pooled Channel '[id: 0x2216f003, L:/127.0.0.1:65222 - R:localhost/127.0.0.1:55353]' for 'GET' to 'http://localhost:55353/session/b6332bb78dbef1e237b201e6a1d897ce/screenshot'
14:08:08.975 [Forwarding screenshot on session b6332bb78dbef1e237b201e6a1d897ce to remote] DEBUG org.asynchttpclient.netty.request.NettyRequestSender - Using open Channel [id: 0x2216f003, L:/127.0.0.1:65222 - R:localhost/127.0.0.1:55353] for GET '/session/b6332bb78dbef1e237b201e6a1d897ce/screenshot'
14:08:09.331 [AsyncHttpClient-1-1] DEBUG org.asynchttpclient.netty.channel.DefaultChannelPool - Entry count for : http://localhost:65225 : 1
14:08:09.529 [AsyncHttpClient-1-2] DEBUG org.asynchttpclient.netty.handler.HttpHandler - 

Request DefaultFullHttpRequest(decodeResult: success, version: HTTP/1.1, content: EmptyByteBufBE)
GET /session/b6332bb78dbef1e237b201e6a1d897ce/screenshot HTTP/1.1
User-Agent: selenium/4.1.2 (java windows)
Cache-Control: no-cache
Content-Type: application/json; charset=utf-8
host: localhost:55353
accept: */*

Response DefaultHttpResponse(decodeResult: success, version: HTTP/1.1)
HTTP/1.1 200 OK
Content-Type: application/json; charset=utf-8
cache-control: no-cache
content-length: 33936

14:08:09.530 [AsyncHttpClient-1-2] DEBUG org.asynchttpclient.netty.channel.ChannelManager - Adding key: http://localhost:55353 for channel [id: 0x2216f003, L:/127.0.0.1:65222 - R:localhost/127.0.0.1:55353]
14:08:09.535 [main] DEBUG net.serenitybdd.core.photography.Darkroom - Send negative for processing for target\site\serenity\b3284d73de5a297ffa8ef7dea2ab351ccbbababbd2fb789d5a478f736a67db2a.png
14:08:09.535 [Darkroom Processing Line] DEBUG net.serenitybdd.core.photography.DarkroomProcessingLine - Processing screenshot image in /var/screenshots/screenshot-15186459506492344130
14:08:09.535 [Darkroom Processing Line] DEBUG net.serenitybdd.core.photography.DarkroomProcessingLine - Saving screenshot to target\site\serenity\b3284d73de5a297ffa8ef7dea2ab351ccbbababbd2fb789d5a478f736a67db2a.png
14:08:09.560 [Forwarding findElement on session b6332bb78dbef1e237b201e6a1d897ce to remote] DEBUG org.asynchttpclient.netty.request.NettyRequestSender - Using pooled Channel '[id: 0x2216f003, L:/127.0.0.1:65222 - R:localhost/127.0.0.1:55353]' for 'POST' to 'http://localhost:55353/session/b6332bb78dbef1e237b201e6a1d897ce/element'
14:08:09.560 [Forwarding findElement on session b6332bb78dbef1e237b201e6a1d897ce to remote] DEBUG org.asynchttpclient.netty.request.NettyRequestSender - Using open Channel [id: 0x2216f003, L:/127.0.0.1:65222 - R:localhost/127.0.0.1:55353] for POST '/session/b6332bb78dbef1e237b201e6a1d897ce/element'
14:08:09.597 [AsyncHttpClient-1-2] DEBUG org.asynchttpclient.netty.handler.HttpHandler - 

Request DefaultHttpRequest(decodeResult: success, version: HTTP/1.1)
POST /session/b6332bb78dbef1e237b201e6a1d897ce/element HTTP/1.1
User-Agent: selenium/4.1.2 (java windows)
Content-Length: 88
Content-Type: application/json; charset=utf-8
host: localhost:55353
accept: */*

Response DefaultHttpResponse(decodeResult: success, version: HTTP/1.1)
HTTP/1.1 200 OK
Content-Type: application/json; charset=utf-8
cache-control: no-cache
content-length: 88

14:08:09.600 [AsyncHttpClient-1-2] DEBUG org.asynchttpclient.netty.channel.ChannelManager - Adding key: http://localhost:55353 for channel [id: 0x2216f003, L:/127.0.0.1:65222 - R:localhost/127.0.0.1:55353]
14:08:09.603 [Forwarding clearElement on session b6332bb78dbef1e237b201e6a1d897ce to remote] DEBUG org.asynchttpclient.netty.request.NettyRequestSender - Using pooled Channel '[id: 0x2216f003, L:/127.0.0.1:65222 - R:localhost/127.0.0.1:55353]' for 'POST' to 'http://localhost:55353/session/b6332bb78dbef1e237b201e6a1d897ce/element/a75be840-f66a-4425-a40c-0d963fc8eed2/clear'
14:08:09.603 [Forwarding clearElement on session b6332bb78dbef1e237b201e6a1d897ce to remote] DEBUG org.asynchttpclient.netty.request.NettyRequestSender - Using open Channel [id: 0x2216f003, L:/127.0.0.1:65222 - R:localhost/127.0.0.1:55353] for POST '/session/b6332bb78dbef1e237b201e6a1d897ce/element/a75be840-f66a-4425-a40c-0d963fc8eed2/clear'
14:08:09.653 [AsyncHttpClient-1-2] DEBUG org.asynchttpclient.netty.handler.HttpHandler - 

Request DefaultHttpRequest(decodeResult: success, version: HTTP/1.1)
POST /session/b6332bb78dbef1e237b201e6a1d897ce/element/a75be840-f66a-4425-a40c-0d963fc8eed2/clear HTTP/1.1
User-Agent: selenium/4.1.2 (java windows)
Content-Length: 50
Content-Type: application/json; charset=utf-8
host: localhost:55353
accept: */*

Response DefaultHttpResponse(decodeResult: success, version: HTTP/1.1)
HTTP/1.1 200 OK
Content-Type: application/json; charset=utf-8
cache-control: no-cache
content-length: 14

14:08:09.654 [AsyncHttpClient-1-2] DEBUG org.asynchttpclient.netty.channel.ChannelManager - Adding key: http://localhost:55353 for channel [id: 0x2216f003, L:/127.0.0.1:65222 - R:localhost/127.0.0.1:55353]
14:08:09.660 [Forwarding sendKeysToElement on session b6332bb78dbef1e237b201e6a1d897ce to remote] DEBUG org.asynchttpclient.netty.request.NettyRequestSender - Using pooled Channel '[id: 0x2216f003, L:/127.0.0.1:65222 - R:localhost/127.0.0.1:55353]' for 'POST' to 'http://localhost:55353/session/b6332bb78dbef1e237b201e6a1d897ce/element/a75be840-f66a-4425-a40c-0d963fc8eed2/value'
14:08:09.660 [Forwarding sendKeysToElement on session b6332bb78dbef1e237b201e6a1d897ce to remote] DEBUG org.asynchttpclient.netty.request.NettyRequestSender - Using open Channel [id: 0x2216f003, L:/127.0.0.1:65222 - R:localhost/127.0.0.1:55353] for POST '/session/b6332bb78dbef1e237b201e6a1d897ce/element/a75be840-f66a-4425-a40c-0d963fc8eed2/value'
14:08:09.725 [AsyncHttpClient-1-2] DEBUG org.asynchttpclient.netty.handler.HttpHandler - 

Request DefaultHttpRequest(decodeResult: success, version: HTTP/1.1)
POST /session/b6332bb78dbef1e237b201e6a1d897ce/element/a75be840-f66a-4425-a40c-0d963fc8eed2/value HTTP/1.1
User-Agent: selenium/4.1.2 (java windows)
Content-Length: 82
Content-Type: application/json; charset=utf-8
host: localhost:55353
accept: */*

Response DefaultHttpResponse(decodeResult: success, version: HTTP/1.1)
HTTP/1.1 200 OK
Content-Type: application/json; charset=utf-8
cache-control: no-cache
content-length: 14

14:08:09.725 [AsyncHttpClient-1-2] DEBUG org.asynchttpclient.netty.channel.ChannelManager - Adding key: http://localhost:55353 for channel [id: 0x2216f003, L:/127.0.0.1:65222 - R:localhost/127.0.0.1:55353]
  &amp#27;[32mWhen &amp#27;[0m&amp#27;[32mI input &amp#27;[0m&amp#27;[32m&amp#27;[1m""&amp#27;[0m&amp#27;[32m email&amp#27;[0m               &amp#27;[90m# starter.stepdefinitions.LoginStepDefinition.iInputEmail(java.lang.String)&amp#27;[0m
14:08:09.745 [Forwarding screenshot on session b6332bb78dbef1e237b201e6a1d897ce to remote] DEBUG org.asynchttpclient.netty.request.NettyRequestSender - Using pooled Channel '[id: 0x2216f003, L:/127.0.0.1:65222 - R:localhost/127.0.0.1:55353]' for 'GET' to 'http://localhost:55353/session/b6332bb78dbef1e237b201e6a1d897ce/screenshot'
14:08:09.746 [Forwarding screenshot on session b6332bb78dbef1e237b201e6a1d897ce to remote] DEBUG org.asynchttpclient.netty.request.NettyRequestSender - Using open Channel [id: 0x2216f003, L:/127.0.0.1:65222 - R:localhost/127.0.0.1:55353] for GET '/session/b6332bb78dbef1e237b201e6a1d897ce/screenshot'
14:08:09.966 [AsyncHttpClient-1-2] DEBUG org.asynchttpclient.netty.handler.HttpHandler - 

Request DefaultFullHttpRequest(decodeResult: success, version: HTTP/1.1, content: EmptyByteBufBE)
GET /session/b6332bb78dbef1e237b201e6a1d897ce/screenshot HTTP/1.1
User-Agent: selenium/4.1.2 (java windows)
Cache-Control: no-cache
Content-Type: application/json; charset=utf-8
host: localhost:55353
accept: */*

Response DefaultHttpResponse(decodeResult: success, version: HTTP/1.1)
HTTP/1.1 200 OK
Content-Type: application/json; charset=utf-8
cache-control: no-cache
content-length: 33792

14:08:09.968 [AsyncHttpClient-1-2] DEBUG org.asynchttpclient.netty.channel.ChannelManager - Adding key: http://localhost:55353 for channel [id: 0x2216f003, L:/127.0.0.1:65222 - R:localhost/127.0.0.1:55353]
14:08:09.976 [main] DEBUG net.serenitybdd.core.photography.Darkroom - Send negative for processing for target\site\serenity\24a70e34f8a93afc2bf3ef5cfbe733b0fc8e3ccfca9881f7841b05255b78fc0b.png
14:08:09.987 [Darkroom Processing Line] DEBUG net.serenitybdd.core.photography.DarkroomProcessingLine - Processing screenshot image in /var/screenshots/screenshot-2307082046441133875
14:08:09.987 [Darkroom Processing Line] DEBUG net.serenitybdd.core.photography.DarkroomProcessingLine - Saving screenshot to target\site\serenity\24a70e34f8a93afc2bf3ef5cfbe733b0fc8e3ccfca9881f7841b05255b78fc0b.png
14:08:10.018 [Forwarding findElement on session b6332bb78dbef1e237b201e6a1d897ce to remote] DEBUG org.asynchttpclient.netty.request.NettyRequestSender - Using pooled Channel '[id: 0x2216f003, L:/127.0.0.1:65222 - R:localhost/127.0.0.1:55353]' for 'POST' to 'http://localhost:55353/session/b6332bb78dbef1e237b201e6a1d897ce/element'
14:08:10.018 [Forwarding findElement on session b6332bb78dbef1e237b201e6a1d897ce to remote] DEBUG org.asynchttpclient.netty.request.NettyRequestSender - Using open Channel [id: 0x2216f003, L:/127.0.0.1:65222 - R:localhost/127.0.0.1:55353] for POST '/session/b6332bb78dbef1e237b201e6a1d897ce/element'
14:08:10.070 [AsyncHttpClient-1-2] DEBUG org.asynchttpclient.netty.handler.HttpHandler - 

Request DefaultHttpRequest(decodeResult: success, version: HTTP/1.1)
POST /session/b6332bb78dbef1e237b201e6a1d897ce/element HTTP/1.1
User-Agent: selenium/4.1.2 (java windows)
Content-Length: 91
Content-Type: application/json; charset=utf-8
host: localhost:55353
accept: */*

Response DefaultHttpResponse(decodeResult: success, version: HTTP/1.1)
HTTP/1.1 200 OK
Content-Type: application/json; charset=utf-8
cache-control: no-cache
content-length: 88

14:08:10.071 [AsyncHttpClient-1-2] DEBUG org.asynchttpclient.netty.channel.ChannelManager - Adding key: http://localhost:55353 for channel [id: 0x2216f003, L:/127.0.0.1:65222 - R:localhost/127.0.0.1:55353]
14:08:10.076 [Forwarding clearElement on session b6332bb78dbef1e237b201e6a1d897ce to remote] DEBUG org.asynchttpclient.netty.request.NettyRequestSender - Using pooled Channel '[id: 0x2216f003, L:/127.0.0.1:65222 - R:localhost/127.0.0.1:55353]' for 'POST' to 'http://localhost:55353/session/b6332bb78dbef1e237b201e6a1d897ce/element/b3cba062-a8ab-4b14-bbf1-d2339a043888/clear'
14:08:10.077 [Forwarding clearElement on session b6332bb78dbef1e237b201e6a1d897ce to remote] DEBUG org.asynchttpclient.netty.request.NettyRequestSender - Using open Channel [id: 0x2216f003, L:/127.0.0.1:65222 - R:localhost/127.0.0.1:55353] for POST '/session/b6332bb78dbef1e237b201e6a1d897ce/element/b3cba062-a8ab-4b14-bbf1-d2339a043888/clear'
14:08:10.128 [AsyncHttpClient-1-2] DEBUG org.asynchttpclient.netty.handler.HttpHandler - 

Request DefaultHttpRequest(decodeResult: success, version: HTTP/1.1)
POST /session/b6332bb78dbef1e237b201e6a1d897ce/element/b3cba062-a8ab-4b14-bbf1-d2339a043888/clear HTTP/1.1
User-Agent: selenium/4.1.2 (java windows)
Content-Length: 50
Content-Type: application/json; charset=utf-8
host: localhost:55353
accept: */*

Response DefaultHttpResponse(decodeResult: success, version: HTTP/1.1)
HTTP/1.1 200 OK
Content-Type: application/json; charset=utf-8
cache-control: no-cache
content-length: 14

14:08:10.128 [AsyncHttpClient-1-2] DEBUG org.asynchttpclient.netty.channel.ChannelManager - Adding key: http://localhost:55353 for channel [id: 0x2216f003, L:/127.0.0.1:65222 - R:localhost/127.0.0.1:55353]
14:08:10.131 [Forwarding sendKeysToElement on session b6332bb78dbef1e237b201e6a1d897ce to remote] DEBUG org.asynchttpclient.netty.request.NettyRequestSender - Using pooled Channel '[id: 0x2216f003, L:/127.0.0.1:65222 - R:localhost/127.0.0.1:55353]' for 'POST' to 'http://localhost:55353/session/b6332bb78dbef1e237b201e6a1d897ce/element/b3cba062-a8ab-4b14-bbf1-d2339a043888/value'
14:08:10.132 [Forwarding sendKeysToElement on session b6332bb78dbef1e237b201e6a1d897ce to remote] DEBUG org.asynchttpclient.netty.request.NettyRequestSender - Using open Channel [id: 0x2216f003, L:/127.0.0.1:65222 - R:localhost/127.0.0.1:55353] for POST '/session/b6332bb78dbef1e237b201e6a1d897ce/element/b3cba062-a8ab-4b14-bbf1-d2339a043888/value'
14:08:10.277 [AsyncHttpClient-1-2] DEBUG org.asynchttpclient.netty.handler.HttpHandler - 

Request DefaultHttpRequest(decodeResult: success, version: HTTP/1.1)
POST /session/b6332bb78dbef1e237b201e6a1d897ce/element/b3cba062-a8ab-4b14-bbf1-d2339a043888/value HTTP/1.1
User-Agent: selenium/4.1.2 (java windows)
Content-Length: 82
Content-Type: application/json; charset=utf-8
host: localhost:55353
accept: */*

Response DefaultHttpResponse(decodeResult: success, version: HTTP/1.1)
HTTP/1.1 200 OK
Content-Type: application/json; charset=utf-8
cache-control: no-cache
content-length: 14

14:08:10.278 [AsyncHttpClient-1-2] DEBUG org.asynchttpclient.netty.channel.ChannelManager - Adding key: http://localhost:55353 for channel [id: 0x2216f003, L:/127.0.0.1:65222 - R:localhost/127.0.0.1:55353]
  &amp#27;[32mAnd &amp#27;[0m&amp#27;[32mI input &amp#27;[0m&amp#27;[32m&amp#27;[1m""&amp#27;[0m&amp#27;[32m password&amp#27;[0m             &amp#27;[90m# starter.stepdefinitions.LoginStepDefinition.iInputPassword(java.lang.String)&amp#27;[0m
14:08:10.293 [Forwarding screenshot on session b6332bb78dbef1e237b201e6a1d897ce to remote] DEBUG org.asynchttpclient.netty.request.NettyRequestSender - Using pooled Channel '[id: 0x2216f003, L:/127.0.0.1:65222 - R:localhost/127.0.0.1:55353]' for 'GET' to 'http://localhost:55353/session/b6332bb78dbef1e237b201e6a1d897ce/screenshot'
14:08:10.293 [Forwarding screenshot on session b6332bb78dbef1e237b201e6a1d897ce to remote] DEBUG org.asynchttpclient.netty.request.NettyRequestSender - Using open Channel [id: 0x2216f003, L:/127.0.0.1:65222 - R:localhost/127.0.0.1:55353] for GET '/session/b6332bb78dbef1e237b201e6a1d897ce/screenshot'
14:08:10.429 [AsyncHttpClient-1-1] DEBUG org.asynchttpclient.netty.channel.DefaultChannelPool - Entry count for : http://localhost:65225 : 1
14:08:10.510 [AsyncHttpClient-1-2] DEBUG org.asynchttpclient.netty.handler.HttpHandler - 

Request DefaultFullHttpRequest(decodeResult: success, version: HTTP/1.1, content: EmptyByteBufBE)
GET /session/b6332bb78dbef1e237b201e6a1d897ce/screenshot HTTP/1.1
User-Agent: selenium/4.1.2 (java windows)
Cache-Control: no-cache
Content-Type: application/json; charset=utf-8
host: localhost:55353
accept: */*

Response DefaultHttpResponse(decodeResult: success, version: HTTP/1.1)
HTTP/1.1 200 OK
Content-Type: application/json; charset=utf-8
cache-control: no-cache
content-length: 33688

14:08:10.511 [AsyncHttpClient-1-2] DEBUG org.asynchttpclient.netty.channel.ChannelManager - Adding key: http://localhost:55353 for channel [id: 0x2216f003, L:/127.0.0.1:65222 - R:localhost/127.0.0.1:55353]
14:08:10.515 [main] DEBUG net.serenitybdd.core.photography.Darkroom - Send negative for processing for target\site\serenity\5ee51bc0e9c82bc8caefbe00f196533e431a1bdb8ab6d4d22719ca9e986885af.png
14:08:10.516 [Darkroom Processing Line] DEBUG net.serenitybdd.core.photography.DarkroomProcessingLine - Processing screenshot image in /var/screenshots/screenshot-1707356598166588902
14:08:10.516 [Darkroom Processing Line] DEBUG net.serenitybdd.core.photography.DarkroomProcessingLine - Saving screenshot to target\site\serenity\5ee51bc0e9c82bc8caefbe00f196533e431a1bdb8ab6d4d22719ca9e986885af.png
14:08:10.536 [Forwarding findElement on session b6332bb78dbef1e237b201e6a1d897ce to remote] DEBUG org.asynchttpclient.netty.request.NettyRequestSender - Using pooled Channel '[id: 0x2216f003, L:/127.0.0.1:65222 - R:localhost/127.0.0.1:55353]' for 'POST' to 'http://localhost:55353/session/b6332bb78dbef1e237b201e6a1d897ce/element'
14:08:10.536 [Forwarding findElement on session b6332bb78dbef1e237b201e6a1d897ce to remote] DEBUG org.asynchttpclient.netty.request.NettyRequestSender - Using open Channel [id: 0x2216f003, L:/127.0.0.1:65222 - R:localhost/127.0.0.1:55353] for POST '/session/b6332bb78dbef1e237b201e6a1d897ce/element'
14:08:10.563 [AsyncHttpClient-1-2] DEBUG org.asynchttpclient.netty.handler.HttpHandler - 

Request DefaultHttpRequest(decodeResult: success, version: HTTP/1.1)
POST /session/b6332bb78dbef1e237b201e6a1d897ce/element HTTP/1.1
User-Agent: selenium/4.1.2 (java windows)
Content-Length: 83
Content-Type: application/json; charset=utf-8
host: localhost:55353
accept: */*

Response DefaultHttpResponse(decodeResult: success, version: HTTP/1.1)
HTTP/1.1 200 OK
Content-Type: application/json; charset=utf-8
cache-control: no-cache
content-length: 88

14:08:10.563 [AsyncHttpClient-1-2] DEBUG org.asynchttpclient.netty.channel.ChannelManager - Adding key: http://localhost:55353 for channel [id: 0x2216f003, L:/127.0.0.1:65222 - R:localhost/127.0.0.1:55353]
14:08:10.566 [Forwarding getElementTagName on session b6332bb78dbef1e237b201e6a1d897ce to remote] DEBUG org.asynchttpclient.netty.request.NettyRequestSender - Using pooled Channel '[id: 0x2216f003, L:/127.0.0.1:65222 - R:localhost/127.0.0.1:55353]' for 'GET' to 'http://localhost:55353/session/b6332bb78dbef1e237b201e6a1d897ce/element/51cd7965-3079-46b5-9b0f-cc1bf50d59e5/name'
14:08:10.567 [Forwarding getElementTagName on session b6332bb78dbef1e237b201e6a1d897ce to remote] DEBUG org.asynchttpclient.netty.request.NettyRequestSender - Using open Channel [id: 0x2216f003, L:/127.0.0.1:65222 - R:localhost/127.0.0.1:55353] for GET '/session/b6332bb78dbef1e237b201e6a1d897ce/element/51cd7965-3079-46b5-9b0f-cc1bf50d59e5/name'
14:08:10.575 [AsyncHttpClient-1-2] DEBUG org.asynchttpclient.netty.handler.HttpHandler - 

Request DefaultFullHttpRequest(decodeResult: success, version: HTTP/1.1, content: EmptyByteBufBE)
GET /session/b6332bb78dbef1e237b201e6a1d897ce/element/51cd7965-3079-46b5-9b0f-cc1bf50d59e5/name HTTP/1.1
User-Agent: selenium/4.1.2 (java windows)
Cache-Control: no-cache
Content-Type: application/json; charset=utf-8
host: localhost:55353
accept: */*

Response DefaultHttpResponse(decodeResult: success, version: HTTP/1.1)
HTTP/1.1 200 OK
Content-Type: application/json; charset=utf-8
cache-control: no-cache
content-length: 16

14:08:10.575 [AsyncHttpClient-1-2] DEBUG org.asynchttpclient.netty.channel.ChannelManager - Adding key: http://localhost:55353 for channel [id: 0x2216f003, L:/127.0.0.1:65222 - R:localhost/127.0.0.1:55353]
14:08:10.580 [Forwarding getElementTagName on session b6332bb78dbef1e237b201e6a1d897ce to remote] DEBUG org.asynchttpclient.netty.request.NettyRequestSender - Using pooled Channel '[id: 0x2216f003, L:/127.0.0.1:65222 - R:localhost/127.0.0.1:55353]' for 'GET' to 'http://localhost:55353/session/b6332bb78dbef1e237b201e6a1d897ce/element/51cd7965-3079-46b5-9b0f-cc1bf50d59e5/name'
14:08:10.581 [Forwarding getElementTagName on session b6332bb78dbef1e237b201e6a1d897ce to remote] DEBUG org.asynchttpclient.netty.request.NettyRequestSender - Using open Channel [id: 0x2216f003, L:/127.0.0.1:65222 - R:localhost/127.0.0.1:55353] for GET '/session/b6332bb78dbef1e237b201e6a1d897ce/element/51cd7965-3079-46b5-9b0f-cc1bf50d59e5/name'
14:08:10.587 [AsyncHttpClient-1-2] DEBUG org.asynchttpclient.netty.handler.HttpHandler - 

Request DefaultFullHttpRequest(decodeResult: success, version: HTTP/1.1, content: EmptyByteBufBE)
GET /session/b6332bb78dbef1e237b201e6a1d897ce/element/51cd7965-3079-46b5-9b0f-cc1bf50d59e5/name HTTP/1.1
User-Agent: selenium/4.1.2 (java windows)
Cache-Control: no-cache
Content-Type: application/json; charset=utf-8
host: localhost:55353
accept: */*

Response DefaultHttpResponse(decodeResult: success, version: HTTP/1.1)
HTTP/1.1 200 OK
Content-Type: application/json; charset=utf-8
cache-control: no-cache
content-length: 16

14:08:10.588 [AsyncHttpClient-1-2] DEBUG org.asynchttpclient.netty.channel.ChannelManager - Adding key: http://localhost:55353 for channel [id: 0x2216f003, L:/127.0.0.1:65222 - R:localhost/127.0.0.1:55353]
14:08:10.597 [Forwarding findElement on session b6332bb78dbef1e237b201e6a1d897ce to remote] DEBUG org.asynchttpclient.netty.request.NettyRequestSender - Using pooled Channel '[id: 0x2216f003, L:/127.0.0.1:65222 - R:localhost/127.0.0.1:55353]' for 'POST' to 'http://localhost:55353/session/b6332bb78dbef1e237b201e6a1d897ce/element'
14:08:10.597 [Forwarding findElement on session b6332bb78dbef1e237b201e6a1d897ce to remote] DEBUG org.asynchttpclient.netty.request.NettyRequestSender - Using open Channel [id: 0x2216f003, L:/127.0.0.1:65222 - R:localhost/127.0.0.1:55353] for POST '/session/b6332bb78dbef1e237b201e6a1d897ce/element'
14:08:10.612 [AsyncHttpClient-1-2] DEBUG org.asynchttpclient.netty.handler.HttpHandler - 

Request DefaultHttpRequest(decodeResult: success, version: HTTP/1.1)
POST /session/b6332bb78dbef1e237b201e6a1d897ce/element HTTP/1.1
User-Agent: selenium/4.1.2 (java windows)
Content-Length: 83
Content-Type: application/json; charset=utf-8
host: localhost:55353
accept: */*

Response DefaultHttpResponse(decodeResult: success, version: HTTP/1.1)
HTTP/1.1 200 OK
Content-Type: application/json; charset=utf-8
cache-control: no-cache
content-length: 88

14:08:10.612 [AsyncHttpClient-1-2] DEBUG org.asynchttpclient.netty.channel.ChannelManager - Adding key: http://localhost:55353 for channel [id: 0x2216f003, L:/127.0.0.1:65222 - R:localhost/127.0.0.1:55353]
14:08:10.615 [Forwarding clickElement on session b6332bb78dbef1e237b201e6a1d897ce to remote] DEBUG org.asynchttpclient.netty.request.NettyRequestSender - Using pooled Channel '[id: 0x2216f003, L:/127.0.0.1:65222 - R:localhost/127.0.0.1:55353]' for 'POST' to 'http://localhost:55353/session/b6332bb78dbef1e237b201e6a1d897ce/element/51cd7965-3079-46b5-9b0f-cc1bf50d59e5/click'
14:08:10.615 [Forwarding clickElement on session b6332bb78dbef1e237b201e6a1d897ce to remote] DEBUG org.asynchttpclient.netty.request.NettyRequestSender - Using open Channel [id: 0x2216f003, L:/127.0.0.1:65222 - R:localhost/127.0.0.1:55353] for POST '/session/b6332bb78dbef1e237b201e6a1d897ce/element/51cd7965-3079-46b5-9b0f-cc1bf50d59e5/click'
14:08:10.696 [AsyncHttpClient-1-2] DEBUG org.asynchttpclient.netty.handler.HttpHandler - 

Request DefaultHttpRequest(decodeResult: success, version: HTTP/1.1)
POST /session/b6332bb78dbef1e237b201e6a1d897ce/element/51cd7965-3079-46b5-9b0f-cc1bf50d59e5/click HTTP/1.1
User-Agent: selenium/4.1.2 (java windows)
Content-Length: 50
Content-Type: application/json; charset=utf-8
host: localhost:55353
accept: */*

Response DefaultHttpResponse(decodeResult: success, version: HTTP/1.1)
HTTP/1.1 200 OK
Content-Type: application/json; charset=utf-8
cache-control: no-cache
content-length: 14

14:08:10.696 [AsyncHttpClient-1-2] DEBUG org.asynchttpclient.netty.channel.ChannelManager - Adding key: http://localhost:55353 for channel [id: 0x2216f003, L:/127.0.0.1:65222 - R:localhost/127.0.0.1:55353]
  &amp#27;[32mAnd &amp#27;[0m&amp#27;[32mI click Login button&amp#27;[0m            &amp#27;[90m# starter.stepdefinitions.LoginStepDefinition.iClickLoginButton()&amp#27;[0m
14:08:10.747 [Forwarding screenshot on session b6332bb78dbef1e237b201e6a1d897ce to remote] DEBUG org.asynchttpclient.netty.request.NettyRequestSender - Using pooled Channel '[id: 0x2216f003, L:/127.0.0.1:65222 - R:localhost/127.0.0.1:55353]' for 'GET' to 'http://localhost:55353/session/b6332bb78dbef1e237b201e6a1d897ce/screenshot'
14:08:10.747 [Forwarding screenshot on session b6332bb78dbef1e237b201e6a1d897ce to remote] DEBUG org.asynchttpclient.netty.request.NettyRequestSender - Using open Channel [id: 0x2216f003, L:/127.0.0.1:65222 - R:localhost/127.0.0.1:55353] for GET '/session/b6332bb78dbef1e237b201e6a1d897ce/screenshot'
14:08:10.968 [AsyncHttpClient-1-2] DEBUG org.asynchttpclient.netty.handler.HttpHandler - 

Request DefaultFullHttpRequest(decodeResult: success, version: HTTP/1.1, content: EmptyByteBufBE)
GET /session/b6332bb78dbef1e237b201e6a1d897ce/screenshot HTTP/1.1
User-Agent: selenium/4.1.2 (java windows)
Cache-Control: no-cache
Content-Type: application/json; charset=utf-8
host: localhost:55353
accept: */*

Response DefaultHttpResponse(decodeResult: success, version: HTTP/1.1)
HTTP/1.1 200 OK
Content-Type: application/json; charset=utf-8
cache-control: no-cache
content-length: 33832

14:08:10.969 [AsyncHttpClient-1-2] DEBUG org.asynchttpclient.netty.channel.ChannelManager - Adding key: http://localhost:55353 for channel [id: 0x2216f003, L:/127.0.0.1:65222 - R:localhost/127.0.0.1:55353]
14:08:10.975 [main] DEBUG net.serenitybdd.core.photography.Darkroom - Send negative for processing for target\site\serenity\950d94b82138263286f0aac191f243bb86ffc00353a431aacec8cccd3034a32e.png
14:08:10.976 [Darkroom Processing Line] DEBUG net.serenitybdd.core.photography.DarkroomProcessingLine - Processing screenshot image in /var/screenshots/screenshot-13749365714822494653
14:08:10.976 [Darkroom Processing Line] DEBUG net.serenitybdd.core.photography.DarkroomProcessingLine - Saving screenshot to target\site\serenity\950d94b82138263286f0aac191f243bb86ffc00353a431aacec8cccd3034a32e.png
14:08:10.995 [Forwarding findElement on session b6332bb78dbef1e237b201e6a1d897ce to remote] DEBUG org.asynchttpclient.netty.request.NettyRequestSender - Using pooled Channel '[id: 0x2216f003, L:/127.0.0.1:65222 - R:localhost/127.0.0.1:55353]' for 'POST' to 'http://localhost:55353/session/b6332bb78dbef1e237b201e6a1d897ce/element'
14:08:10.995 [Forwarding findElement on session b6332bb78dbef1e237b201e6a1d897ce to remote] DEBUG org.asynchttpclient.netty.request.NettyRequestSender - Using open Channel [id: 0x2216f003, L:/127.0.0.1:65222 - R:localhost/127.0.0.1:55353] for POST '/session/b6332bb78dbef1e237b201e6a1d897ce/element'
14:08:11.537 [AsyncHttpClient-1-1] DEBUG org.asynchttpclient.netty.channel.DefaultChannelPool - Entry count for : http://localhost:65225 : 1
14:08:11.965 [AsyncHttpClient-1-2] DEBUG org.asynchttpclient.netty.handler.HttpHandler - 

Request DefaultHttpRequest(decodeResult: success, version: HTTP/1.1)
POST /session/b6332bb78dbef1e237b201e6a1d897ce/element HTTP/1.1
User-Agent: selenium/4.1.2 (java windows)
Content-Length: 81
Content-Type: application/json; charset=utf-8
host: localhost:55353
accept: */*

Response DefaultHttpResponse(decodeResult: success, version: HTTP/1.1)
HTTP/1.1 200 OK
Content-Type: application/json; charset=utf-8
cache-control: no-cache
content-length: 88

14:08:11.965 [AsyncHttpClient-1-2] DEBUG org.asynchttpclient.netty.channel.ChannelManager - Adding key: http://localhost:55353 for channel [id: 0x2216f003, L:/127.0.0.1:65222 - R:localhost/127.0.0.1:55353]
14:08:11.972 [Forwarding isElementDisplayed on session b6332bb78dbef1e237b201e6a1d897ce to remote] DEBUG org.asynchttpclient.netty.request.NettyRequestSender - Using pooled Channel '[id: 0x2216f003, L:/127.0.0.1:65222 - R:localhost/127.0.0.1:55353]' for 'POST' to 'http://localhost:55353/session/b6332bb78dbef1e237b201e6a1d897ce/execute/sync'
14:08:11.972 [Forwarding isElementDisplayed on session b6332bb78dbef1e237b201e6a1d897ce to remote] DEBUG org.asynchttpclient.netty.request.NettyRequestSender - Using open Channel [id: 0x2216f003, L:/127.0.0.1:65222 - R:localhost/127.0.0.1:55353] for POST '/session/b6332bb78dbef1e237b201e6a1d897ce/execute/sync'
14:08:11.991 [AsyncHttpClient-1-2] DEBUG org.asynchttpclient.netty.handler.HttpHandler - 

Request DefaultHttpRequest(decodeResult: success, version: HTTP/1.1)
POST /session/b6332bb78dbef1e237b201e6a1d897ce/execute/sync HTTP/1.1
User-Agent: selenium/4.1.2 (java windows)
Content-Length: 48780
Content-Type: application/json; charset=utf-8
host: localhost:55353
accept: */*

Response DefaultHttpResponse(decodeResult: success, version: HTTP/1.1)
HTTP/1.1 200 OK
Content-Type: application/json; charset=utf-8
cache-control: no-cache
content-length: 14

14:08:11.992 [AsyncHttpClient-1-2] DEBUG org.asynchttpclient.netty.channel.ChannelManager - Adding key: http://localhost:55353 for channel [id: 0x2216f003, L:/127.0.0.1:65222 - R:localhost/127.0.0.1:55353]
  &amp#27;[32mThen &amp#27;[0m&amp#27;[32mI will get the &amp#27;[0m&amp#27;[32m&amp#27;[1m"i can't login"&amp#27;[0m &amp#27;[90m# starter.stepdefinitions.LoginStepDefinition.iWillGetThe(java.lang.String)&amp#27;[0m
14:08:11.997 [Forwarding screenshot on session b6332bb78dbef1e237b201e6a1d897ce to remote] DEBUG org.asynchttpclient.netty.request.NettyRequestSender - Using pooled Channel '[id: 0x2216f003, L:/127.0.0.1:65222 - R:localhost/127.0.0.1:55353]' for 'GET' to 'http://localhost:55353/session/b6332bb78dbef1e237b201e6a1d897ce/screenshot'
14:08:11.997 [Forwarding screenshot on session b6332bb78dbef1e237b201e6a1d897ce to remote] DEBUG org.asynchttpclient.netty.request.NettyRequestSender - Using open Channel [id: 0x2216f003, L:/127.0.0.1:65222 - R:localhost/127.0.0.1:55353] for GET '/session/b6332bb78dbef1e237b201e6a1d897ce/screenshot'
14:08:12.267 [AsyncHttpClient-1-2] DEBUG org.asynchttpclient.netty.handler.HttpHandler - 

Request DefaultFullHttpRequest(decodeResult: success, version: HTTP/1.1, content: EmptyByteBufBE)
GET /session/b6332bb78dbef1e237b201e6a1d897ce/screenshot HTTP/1.1
User-Agent: selenium/4.1.2 (java windows)
Cache-Control: no-cache
Content-Type: application/json; charset=utf-8
host: localhost:55353
accept: */*

Response DefaultHttpResponse(decodeResult: success, version: HTTP/1.1)
HTTP/1.1 200 OK
Content-Type: application/json; charset=utf-8
cache-control: no-cache
content-length: 37800

14:08:12.268 [AsyncHttpClient-1-2] DEBUG org.asynchttpclient.netty.channel.ChannelManager - Adding key: http://localhost:55353 for channel [id: 0x2216f003, L:/127.0.0.1:65222 - R:localhost/127.0.0.1:55353]
14:08:12.275 [main] DEBUG net.serenitybdd.core.photography.Darkroom - Send negative for processing for target\site\serenity\fe16c07252f62dde35b2f3568062c97df43f66b0c428ff7b2fd098aaacda379e.png
14:08:12.281 [Darkroom Processing Line] DEBUG net.serenitybdd.core.photography.DarkroomProcessingLine - Processing screenshot image in /var/screenshots/screenshot-11762610209964261035
14:08:12.285 [Darkroom Processing Line] DEBUG net.serenitybdd.core.photography.DarkroomProcessingLine - Saving screenshot to target\site\serenity\fe16c07252f62dde35b2f3568062c97df43f66b0c428ff7b2fd098aaacda379e.png
14:08:12.543 [Driver Command Executor] DEBUG org.asynchttpclient.netty.request.NettyRequestSender - Using pooled Channel '[id: 0x2216f003, L:/127.0.0.1:65222 - R:localhost/127.0.0.1:55353]' for 'DELETE' to 'http://localhost:55353/session/b6332bb78dbef1e237b201e6a1d897ce'
14:08:12.544 [Driver Command Executor] DEBUG org.asynchttpclient.netty.request.NettyRequestSender - Using open Channel [id: 0x2216f003, L:/127.0.0.1:65222 - R:localhost/127.0.0.1:55353] for DELETE '/session/b6332bb78dbef1e237b201e6a1d897ce'
14:08:12.545 [AsyncHttpClient-1-4] DEBUG org.asynchttpclient.netty.handler.WebSocketHandler - Channel Closed: [id: 0x76b9ac43, L:/127.0.0.1:65233 ! R:localhost/127.0.0.1:65225] with attribute NettyResponseFuture{currentRetry=5,
	isDone=1,
	isCancelled=0,
	asyncHandler=org.asynchttpclient.ws.WebSocketUpgradeHandler@41b5f514,
	nettyRequest=org.asynchttpclient.netty.request.NettyRequest@758c35f5,
	future=java.util.concurrent.CompletableFuture@5cc7cb61[Completed normally],
	uri=ws://localhost:65225/devtools/browser/da5a5eab-2c41-40e7-9511-6c3e55198f10,
	keepAlive=true,
	redirectCount=0,
	timeoutsHolder=null,
	inAuth=0,
	touch=1669014477058}
14:08:12.547 [AsyncHttpClient-1-4] DEBUG org.asynchttpclient.netty.channel.ChannelManager - Closing Channel [id: 0x76b9ac43, L:/127.0.0.1:65233 ! R:localhost/127.0.0.1:65225] 
14:08:12.633 [AsyncHttpClient-1-1] DEBUG org.asynchttpclient.netty.channel.DefaultChannelPool - Entry count for : http://localhost:65225 : 1
14:08:13.736 [AsyncHttpClient-1-1] DEBUG org.asynchttpclient.netty.channel.DefaultChannelPool - Entry count for : http://localhost:65225 : 1
14:08:14.832 [AsyncHttpClient-1-1] DEBUG org.asynchttpclient.netty.channel.DefaultChannelPool - Entry count for : http://localhost:65225 : 1
14:08:15.177 [AsyncHttpClient-1-3] DEBUG org.asynchttpclient.netty.handler.HttpHandler - Unexpected I/O exception on channel [id: 0xc14e5a98, L:/127.0.0.1:65232 - R:localhost/127.0.0.1:65225]
java.io.IOException: An existing connection was forcibly closed by the remote host
	at java.base/sun.nio.ch.SocketDispatcher.read0(Native Method)
	at java.base/sun.nio.ch.SocketDispatcher.read(SocketDispatcher.java:43)
	at java.base/sun.nio.ch.IOUtil.readIntoNativeBuffer(IOUtil.java:276)
	at java.base/sun.nio.ch.IOUtil.read(IOUtil.java:233)
	at java.base/sun.nio.ch.IOUtil.read(IOUtil.java:223)
	at java.base/sun.nio.ch.SocketChannelImpl.read(SocketChannelImpl.java:358)
	at io.netty.buffer.PooledByteBuf.setBytes(PooledByteBuf.java:258)
	at io.netty.buffer.AbstractByteBuf.writeBytes(AbstractByteBuf.java:1132)
	at io.netty.channel.socket.nio.NioSocketChannel.doReadBytes(NioSocketChannel.java:350)
	at io.netty.channel.nio.AbstractNioByteChannel$NioByteUnsafe.read(AbstractNioByteChannel.java:151)
	at io.netty.channel.nio.NioEventLoop.processSelectedKey(NioEventLoop.java:722)
	at io.netty.channel.nio.NioEventLoop.processSelectedKeysOptimized(NioEventLoop.java:658)
	at io.netty.channel.nio.NioEventLoop.processSelectedKeys(NioEventLoop.java:584)
	at io.netty.channel.nio.NioEventLoop.run(NioEventLoop.java:496)
	at io.netty.util.concurrent.SingleThreadEventExecutor$4.run(SingleThreadEventExecutor.java:986)
	at io.netty.util.internal.ThreadExecutorMap$2.run(ThreadExecutorMap.java:74)
	at io.netty.util.concurrent.FastThreadLocalRunnable.run(FastThreadLocalRunnable.java:30)
	at java.base/java.lang.Thread.run(Thread.java:834)
14:08:15.178 [AsyncHttpClient-1-3] DEBUG org.asynchttpclient.netty.channel.ChannelManager - Closing Channel [id: 0xc14e5a98, L:/127.0.0.1:65232 - R:localhost/127.0.0.1:65225] 
14:08:15.181 [AsyncHttpClient-1-3] DEBUG org.asynchttpclient.netty.handler.HttpHandler - Channel Closed: [id: 0xc14e5a98, L:/127.0.0.1:65232 ! R:localhost/127.0.0.1:65225] with attribute DISCARD
14:08:15.253 [AsyncHttpClient-1-2] DEBUG org.asynchttpclient.netty.handler.HttpHandler - 

Request DefaultFullHttpRequest(decodeResult: success, version: HTTP/1.1, content: EmptyByteBufBE)
DELETE /session/b6332bb78dbef1e237b201e6a1d897ce HTTP/1.1
User-Agent: selenium/4.1.2 (java windows)
Content-Type: application/json; charset=utf-8
host: localhost:55353
accept: */*

Response DefaultHttpResponse(decodeResult: success, version: HTTP/1.1)
HTTP/1.1 200 OK
Content-Type: application/json; charset=utf-8
cache-control: no-cache
content-length: 14

14:08:15.254 [AsyncHttpClient-1-2] DEBUG org.asynchttpclient.netty.channel.ChannelManager - Adding key: http://localhost:55353 for channel [id: 0x2216f003, L:/127.0.0.1:65222 - R:localhost/127.0.0.1:55353]
14:08:15.356 [AsyncHttpClient-1-2] DEBUG org.asynchttpclient.netty.handler.HttpHandler - Channel Closed: [id: 0x2216f003, L:/127.0.0.1:65222 ! R:localhost/127.0.0.1:55353] with attribute DISCARD
14:08:15.436 [main] INFO  - 
  _____   ___   ___   _____     ___     _     ___   ___   ___   ___  
 |_   _| | __| / __| |_   _|   | _ \   /_\   / __| / __| | __| |   \ 
   | |   | _|  \__ \   | |     |  _/  / _ \  \__ \ \__ \ | _|  | |) |
   |_|   |___| |___/   |_|     |_|   /_/ \_\ |___/ |___/ |___| |___/ 

Login with account
----------------------------------------------------------------------
]]></system-out>
    <system-err><![CDATA[Starting ChromeDriver 107.0.5304.62 (1eec40d3a5764881c92085aaee66d25075c159aa-refs/branch-heads/5304@{#942}) on port 55353
Only local connections are allowed.
Please see https://chromedriver.chromium.org/security-considerations for suggestions on keeping ChromeDriver safe.
ChromeDriver was started successfully.
Nov 21, 2022 2:07:56 PM org.openqa.selenium.remote.ProtocolHandshake createSession
INFO: Detected dialect: W3C
Nov 21, 2022 2:07:57 PM org.openqa.selenium.devtools.CdpVersionFinder findNearestMatch
WARNING: Unable to find an exact match for CDP version 107, so returning the closest version found: a no-op implementation
Nov 21, 2022 2:07:57 PM org.openqa.selenium.devtools.CdpVersionFinder findNearestMatch
INFO: Unable to find CDP implementation matching 107.
Nov 21, 2022 2:07:57 PM org.openqa.selenium.chromium.ChromiumDriver lambda$new$3
WARNING: Unable to find version of CDP to use for . You may need to include a dependency on a specific version of the CDP using something similar to `org.seleniumhq.selenium:selenium-devtools-v86:4.1.2` where the version ("v86") matches the version of the chromium-based browser you're using and the version number of the artifact is the same as Selenium's.
]]></system-err>
  </testcase>
  <testcase name="Login with account #2" classname="Login" time="16.594">
    <system-out><![CDATA[
@Login
Scenario Outline: Login with account      &amp#27;[90m# src/test/resources/features/login.feature:17&amp#27;[0m
14:08:15.471 [main] INFO io.cucumber.core.plugin.SerenityReporter - Running feature from file:///D:/Ra/file%20kuliah/semester%207/resume%20alta/Mini%20Project/Web%20testing/AltaShop/src/test/resources/features/login.feature
14:08:15.518 [main] INFO net.serenitybdd.core.webdriver.driverproviders.ChromeDriverProvider - Using automatically driver download
14:08:15.766 [main] DEBUG io.github.bonigarcia.wdm.cache.ResolutionCache - Resolution chrome=107 in cache (valid until 15:07:47 21/11/2022 ICT)
14:08:15.780 [main] DEBUG io.github.bonigarcia.wdm.cache.ResolutionCache - Resolution chrome107=107.0.5304.62 in cache (valid until 14:07:47 22/11/2022 ICT)
14:08:15.802 [main] INFO io.github.bonigarcia.wdm.WebDriverManager - Using chromedriver 107.0.5304.62 (resolved driver for Chrome 107)
14:08:15.839 [main] DEBUG io.github.bonigarcia.wdm.WebDriverManager - Driver chromedriver 107.0.5304.62 found in cache
14:08:15.847 [main] INFO io.github.bonigarcia.wdm.WebDriverManager - Exporting webdriver.chrome.driver as C:\Users\rilaa\.cache\selenium\chromedriver\win32\107.0.5304.62\chromedriver.exe
14:08:15.930 [AsyncHttpClient-1-1] DEBUG org.asynchttpclient.netty.channel.DefaultChannelPool - Entry count for : http://localhost:55353 : 1
14:08:15.930 [AsyncHttpClient-1-1] DEBUG org.asynchttpclient.netty.channel.DefaultChannelPool - Entry count for : http://localhost:65225 : 1
14:08:15.930 [AsyncHttpClient-1-1] DEBUG org.asynchttpclient.netty.channel.DefaultChannelPool - Adding Candidate expired Channel [id: 0x2216f003, L:/127.0.0.1:65222 ! R:localhost/127.0.0.1:55353] isIdleTimeoutExpired=false isRemotelyClosed=true isTtlExpired=false
14:08:15.930 [AsyncHttpClient-1-1] DEBUG org.asynchttpclient.netty.channel.DefaultChannelPool - Closing Idle Channel [id: 0x2216f003, L:/127.0.0.1:65222 ! R:localhost/127.0.0.1:55353]
14:08:15.931 [AsyncHttpClient-1-1] DEBUG org.asynchttpclient.netty.channel.DefaultChannelPool - Adding Candidate expired Channel [id: 0xc14e5a98, L:/127.0.0.1:65232 ! R:localhost/127.0.0.1:65225] isIdleTimeoutExpired=false isRemotelyClosed=true isTtlExpired=false
14:08:15.931 [AsyncHttpClient-1-1] DEBUG org.asynchttpclient.netty.channel.DefaultChannelPool - Closing Idle Channel [id: 0xc14e5a98, L:/127.0.0.1:65232 ! R:localhost/127.0.0.1:65225]
14:08:15.931 [AsyncHttpClient-1-1] DEBUG org.asynchttpclient.netty.channel.DefaultChannelPool - Closed 2 connections out of 2 in 1 ms
14:08:16.216 [main] DEBUG net.serenitybdd.core.webdriver.driverproviders.ProvideNewDriver - Instantiating driver
14:08:16.216 [main] DEBUG net.serenitybdd.core.webdriver.driverproviders.ProvideNewDriver - Driver capabilities: Capabilities {acceptInsecureCerts: false, base.url: https://alta-shop.vercel.app, browserName: chrome, chrome.driver: src/test/resources/webdrive..., driver: chrome, goog:chromeOptions: {args: [], extensions: []}}
14:08:17.828 [AsyncHttpClient-1-5] DEBUG org.asynchttpclient.netty.channel.NettyConnectListener - Using new Channel '[id: 0x9924f6bd, L:/127.0.0.1:55735 - R:localhost/127.0.0.1:63038]' for 'POST' to '/session'
14:08:21.668 [AsyncHttpClient-1-5] DEBUG org.asynchttpclient.netty.handler.HttpHandler - 

Request DefaultHttpRequest(decodeResult: success, version: HTTP/1.1)
POST /session HTTP/1.1
User-Agent: selenium/4.1.2 (java windows)
Content-Length: 609
Content-Type: application/json; charset=utf-8
host: localhost:63038
accept: */*

Response DefaultHttpResponse(decodeResult: success, version: HTTP/1.1)
HTTP/1.1 200 OK
Content-Type: application/json; charset=utf-8
cache-control: no-cache
content-length: 789

14:08:21.668 [AsyncHttpClient-1-5] DEBUG org.asynchttpclient.netty.channel.ChannelManager - Adding key: http://localhost:63038 for channel [id: 0x9924f6bd, L:/127.0.0.1:55735 - R:localhost/127.0.0.1:63038]
14:08:21.688 [AsyncHttpClient-1-6] DEBUG org.asynchttpclient.netty.channel.NettyConnectListener - Using new Channel '[id: 0x33a0a3f7, L:/127.0.0.1:55744 - R:localhost/127.0.0.1:55737]' for 'GET' to '/json/version'
14:08:21.698 [AsyncHttpClient-1-6] DEBUG org.asynchttpclient.netty.handler.HttpHandler - 

Request DefaultFullHttpRequest(decodeResult: success, version: HTTP/1.1, content: EmptyByteBufBE)
GET /json/version HTTP/1.1
User-Agent: selenium/4.1.2 (java windows)
host: localhost:55737
accept: */*

Response DefaultHttpResponse(decodeResult: success, version: HTTP/1.1)
HTTP/1.1 200 OK
Content-Type: application/json; charset=UTF-8
content-length: 424

14:08:21.698 [AsyncHttpClient-1-6] DEBUG org.asynchttpclient.netty.channel.ChannelManager - Adding key: http://localhost:55737 for channel [id: 0x33a0a3f7, L:/127.0.0.1:55744 - R:localhost/127.0.0.1:55737]
14:08:21.724 [AsyncHttpClient-1-7] DEBUG org.asynchttpclient.netty.channel.NettyConnectListener - Using new Channel '[id: 0x07ea9bb1, L:/127.0.0.1:55745 - R:localhost/127.0.0.1:55737]' for 'GET' to '/devtools/browser/cccc851d-e170-4647-bc2e-db984c9e3063'
14:08:21.746 [AsyncHttpClient-1-7] DEBUG org.asynchttpclient.netty.handler.WebSocketHandler - 

Request DefaultFullHttpRequest(decodeResult: success, version: HTTP/1.1, content: EmptyByteBufBE)
GET /devtools/browser/cccc851d-e170-4647-bc2e-db984c9e3063 HTTP/1.1
upgrade: websocket
connection: upgrade
sec-websocket-key: it3p6D/cXGAA4FToSvMB+w==
sec-websocket-version: 13
origin: http://localhost:55737
host: localhost:55737
accept: */*
user-agent: AHC/2.1

Response DefaultHttpResponse(decodeResult: success, version: HTTP/1.1)
HTTP/1.1 101 WebSocket Protocol Handshake
Upgrade: WebSocket
Connection: Upgrade
Sec-WebSocket-Accept: 2BCiA5QjwWCN/X+rO/QpGaaecTw=

14:08:21.758 [Forwarding get on session 58d322d40955b5cb4cb5c231792be106 to remote] DEBUG org.asynchttpclient.netty.request.NettyRequestSender - Using pooled Channel '[id: 0x9924f6bd, L:/127.0.0.1:55735 - R:localhost/127.0.0.1:63038]' for 'POST' to 'http://localhost:63038/session/58d322d40955b5cb4cb5c231792be106/url'
14:08:21.758 [Forwarding get on session 58d322d40955b5cb4cb5c231792be106 to remote] DEBUG org.asynchttpclient.netty.request.NettyRequestSender - Using open Channel [id: 0x9924f6bd, L:/127.0.0.1:55735 - R:localhost/127.0.0.1:63038] for POST '/session/58d322d40955b5cb4cb5c231792be106/url'
14:08:22.530 [AsyncHttpClient-1-1] DEBUG org.asynchttpclient.netty.channel.DefaultChannelPool - Entry count for : http://localhost:55737 : 1
14:08:23.632 [AsyncHttpClient-1-1] DEBUG org.asynchttpclient.netty.channel.DefaultChannelPool - Entry count for : http://localhost:55737 : 1
14:08:24.730 [AsyncHttpClient-1-1] DEBUG org.asynchttpclient.netty.channel.DefaultChannelPool - Entry count for : http://localhost:55737 : 1
14:08:24.982 [AsyncHttpClient-1-5] DEBUG org.asynchttpclient.netty.handler.HttpHandler - 

Request DefaultHttpRequest(decodeResult: success, version: HTTP/1.1)
POST /session/58d322d40955b5cb4cb5c231792be106/url HTTP/1.1
User-Agent: selenium/4.1.2 (java windows)
Content-Length: 59
Content-Type: application/json; charset=utf-8
host: localhost:63038
accept: */*

Response DefaultHttpResponse(decodeResult: success, version: HTTP/1.1)
HTTP/1.1 200 OK
Content-Type: application/json; charset=utf-8
cache-control: no-cache
content-length: 14

14:08:24.983 [AsyncHttpClient-1-5] DEBUG org.asynchttpclient.netty.channel.ChannelManager - Adding key: http://localhost:63038 for channel [id: 0x9924f6bd, L:/127.0.0.1:55735 - R:localhost/127.0.0.1:63038]
14:08:24.985 [Forwarding setTimeout on session 58d322d40955b5cb4cb5c231792be106 to remote] DEBUG org.asynchttpclient.netty.request.NettyRequestSender - Using pooled Channel '[id: 0x9924f6bd, L:/127.0.0.1:55735 - R:localhost/127.0.0.1:63038]' for 'POST' to 'http://localhost:63038/session/58d322d40955b5cb4cb5c231792be106/timeouts'
14:08:24.985 [Forwarding setTimeout on session 58d322d40955b5cb4cb5c231792be106 to remote] DEBUG org.asynchttpclient.netty.request.NettyRequestSender - Using open Channel [id: 0x9924f6bd, L:/127.0.0.1:55735 - R:localhost/127.0.0.1:63038] for POST '/session/58d322d40955b5cb4cb5c231792be106/timeouts'
14:08:24.995 [AsyncHttpClient-1-5] DEBUG org.asynchttpclient.netty.handler.HttpHandler - 

Request DefaultHttpRequest(decodeResult: success, version: HTTP/1.1)
POST /session/58d322d40955b5cb4cb5c231792be106/timeouts HTTP/1.1
User-Agent: selenium/4.1.2 (java windows)
Content-Length: 22
Content-Type: application/json; charset=utf-8
host: localhost:63038
accept: */*

Response DefaultHttpResponse(decodeResult: success, version: HTTP/1.1)
HTTP/1.1 200 OK
Content-Type: application/json; charset=utf-8
cache-control: no-cache
content-length: 14

14:08:24.995 [AsyncHttpClient-1-5] DEBUG org.asynchttpclient.netty.channel.ChannelManager - Adding key: http://localhost:63038 for channel [id: 0x9924f6bd, L:/127.0.0.1:55735 - R:localhost/127.0.0.1:63038]
14:08:24.999 [Forwarding getCurrentUrl on session 58d322d40955b5cb4cb5c231792be106 to remote] DEBUG org.asynchttpclient.netty.request.NettyRequestSender - Using pooled Channel '[id: 0x9924f6bd, L:/127.0.0.1:55735 - R:localhost/127.0.0.1:63038]' for 'GET' to 'http://localhost:63038/session/58d322d40955b5cb4cb5c231792be106/url'
14:08:25.000 [Forwarding getCurrentUrl on session 58d322d40955b5cb4cb5c231792be106 to remote] DEBUG org.asynchttpclient.netty.request.NettyRequestSender - Using open Channel [id: 0x9924f6bd, L:/127.0.0.1:55735 - R:localhost/127.0.0.1:63038] for GET '/session/58d322d40955b5cb4cb5c231792be106/url'
14:08:25.014 [AsyncHttpClient-1-5] DEBUG org.asynchttpclient.netty.handler.HttpHandler - 

Request DefaultFullHttpRequest(decodeResult: success, version: HTTP/1.1, content: EmptyByteBufBE)
GET /session/58d322d40955b5cb4cb5c231792be106/url HTTP/1.1
User-Agent: selenium/4.1.2 (java windows)
Cache-Control: no-cache
Content-Type: application/json; charset=utf-8
host: localhost:63038
accept: */*

Response DefaultHttpResponse(decodeResult: success, version: HTTP/1.1)
HTTP/1.1 200 OK
Content-Type: application/json; charset=utf-8
cache-control: no-cache
content-length: 41

14:08:25.015 [AsyncHttpClient-1-5] DEBUG org.asynchttpclient.netty.channel.ChannelManager - Adding key: http://localhost:63038 for channel [id: 0x9924f6bd, L:/127.0.0.1:55735 - R:localhost/127.0.0.1:63038]
14:08:25.027 [Forwarding findElement on session 58d322d40955b5cb4cb5c231792be106 to remote] DEBUG org.asynchttpclient.netty.request.NettyRequestSender - Using pooled Channel '[id: 0x9924f6bd, L:/127.0.0.1:55735 - R:localhost/127.0.0.1:63038]' for 'POST' to 'http://localhost:63038/session/58d322d40955b5cb4cb5c231792be106/element'
14:08:25.027 [Forwarding findElement on session 58d322d40955b5cb4cb5c231792be106 to remote] DEBUG org.asynchttpclient.netty.request.NettyRequestSender - Using open Channel [id: 0x9924f6bd, L:/127.0.0.1:55735 - R:localhost/127.0.0.1:63038] for POST '/session/58d322d40955b5cb4cb5c231792be106/element'
14:08:25.499 [AsyncHttpClient-1-5] DEBUG org.asynchttpclient.netty.handler.HttpHandler - 

Request DefaultHttpRequest(decodeResult: success, version: HTTP/1.1)
POST /session/58d322d40955b5cb4cb5c231792be106/element HTTP/1.1
User-Agent: selenium/4.1.2 (java windows)
Content-Length: 77
Content-Type: application/json; charset=utf-8
host: localhost:63038
accept: */*

Response DefaultHttpResponse(decodeResult: success, version: HTTP/1.1)
HTTP/1.1 200 OK
Content-Type: application/json; charset=utf-8
cache-control: no-cache
content-length: 88

14:08:25.501 [AsyncHttpClient-1-5] DEBUG org.asynchttpclient.netty.channel.ChannelManager - Adding key: http://localhost:63038 for channel [id: 0x9924f6bd, L:/127.0.0.1:55735 - R:localhost/127.0.0.1:63038]
14:08:25.516 [Forwarding isElementDisplayed on session 58d322d40955b5cb4cb5c231792be106 to remote] DEBUG org.asynchttpclient.netty.request.NettyRequestSender - Using pooled Channel '[id: 0x9924f6bd, L:/127.0.0.1:55735 - R:localhost/127.0.0.1:63038]' for 'POST' to 'http://localhost:63038/session/58d322d40955b5cb4cb5c231792be106/execute/sync'
14:08:25.516 [Forwarding isElementDisplayed on session 58d322d40955b5cb4cb5c231792be106 to remote] DEBUG org.asynchttpclient.netty.request.NettyRequestSender - Using open Channel [id: 0x9924f6bd, L:/127.0.0.1:55735 - R:localhost/127.0.0.1:63038] for POST '/session/58d322d40955b5cb4cb5c231792be106/execute/sync'
14:08:25.616 [AsyncHttpClient-1-5] DEBUG org.asynchttpclient.netty.handler.HttpHandler - 

Request DefaultHttpRequest(decodeResult: success, version: HTTP/1.1)
POST /session/58d322d40955b5cb4cb5c231792be106/execute/sync HTTP/1.1
User-Agent: selenium/4.1.2 (java windows)
Content-Length: 48780
Content-Type: application/json; charset=utf-8
host: localhost:63038
accept: */*

Response DefaultHttpResponse(decodeResult: success, version: HTTP/1.1)
HTTP/1.1 200 OK
Content-Type: application/json; charset=utf-8
cache-control: no-cache
content-length: 14

14:08:25.617 [AsyncHttpClient-1-5] DEBUG org.asynchttpclient.netty.channel.ChannelManager - Adding key: http://localhost:63038 for channel [id: 0x9924f6bd, L:/127.0.0.1:55735 - R:localhost/127.0.0.1:63038]
  &amp#27;[32mGiven &amp#27;[0m&amp#27;[32mI am on the home page&amp#27;[0m             &amp#27;[90m# starter.stepdefinitions.LoginStepDefinition.iAmOnTheHomePage()&amp#27;[0m
14:08:25.631 [Forwarding screenshot on session 58d322d40955b5cb4cb5c231792be106 to remote] DEBUG org.asynchttpclient.netty.request.NettyRequestSender - Using pooled Channel '[id: 0x9924f6bd, L:/127.0.0.1:55735 - R:localhost/127.0.0.1:63038]' for 'GET' to 'http://localhost:63038/session/58d322d40955b5cb4cb5c231792be106/screenshot'
14:08:25.632 [Forwarding screenshot on session 58d322d40955b5cb4cb5c231792be106 to remote] DEBUG org.asynchttpclient.netty.request.NettyRequestSender - Using open Channel [id: 0x9924f6bd, L:/127.0.0.1:55735 - R:localhost/127.0.0.1:63038] for GET '/session/58d322d40955b5cb4cb5c231792be106/screenshot'
14:08:25.830 [AsyncHttpClient-1-1] DEBUG org.asynchttpclient.netty.channel.DefaultChannelPool - Entry count for : http://localhost:55737 : 1
14:08:25.876 [AsyncHttpClient-1-5] DEBUG org.asynchttpclient.netty.handler.HttpHandler - 

Request DefaultFullHttpRequest(decodeResult: success, version: HTTP/1.1, content: EmptyByteBufBE)
GET /session/58d322d40955b5cb4cb5c231792be106/screenshot HTTP/1.1
User-Agent: selenium/4.1.2 (java windows)
Cache-Control: no-cache
Content-Type: application/json; charset=utf-8
host: localhost:63038
accept: */*

Response DefaultHttpResponse(decodeResult: success, version: HTTP/1.1)
HTTP/1.1 200 OK
Content-Type: application/json; charset=utf-8
cache-control: no-cache
content-length: 32736

14:08:25.878 [AsyncHttpClient-1-5] DEBUG org.asynchttpclient.netty.channel.ChannelManager - Adding key: http://localhost:63038 for channel [id: 0x9924f6bd, L:/127.0.0.1:55735 - R:localhost/127.0.0.1:63038]
14:08:25.883 [main] DEBUG net.serenitybdd.core.photography.Darkroom - Send negative for processing for target\site\serenity\825a4a1ebfebcb8b54599451948a80de4e39d55e7b35c5cf41f81c5f53723941.png
14:08:25.884 [Darkroom Processing Line] DEBUG net.serenitybdd.core.photography.DarkroomProcessingLine - Processing screenshot image in /var/screenshots/screenshot-15794580523009812871
14:08:25.884 [Darkroom Processing Line] DEBUG net.serenitybdd.core.photography.DarkroomProcessingLine - Saving screenshot to target\site\serenity\825a4a1ebfebcb8b54599451948a80de4e39d55e7b35c5cf41f81c5f53723941.png
14:08:25.912 [Forwarding findElement on session 58d322d40955b5cb4cb5c231792be106 to remote] DEBUG org.asynchttpclient.netty.request.NettyRequestSender - Using pooled Channel '[id: 0x9924f6bd, L:/127.0.0.1:55735 - R:localhost/127.0.0.1:63038]' for 'POST' to 'http://localhost:63038/session/58d322d40955b5cb4cb5c231792be106/element'
14:08:25.912 [Forwarding findElement on session 58d322d40955b5cb4cb5c231792be106 to remote] DEBUG org.asynchttpclient.netty.request.NettyRequestSender - Using open Channel [id: 0x9924f6bd, L:/127.0.0.1:55735 - R:localhost/127.0.0.1:63038] for POST '/session/58d322d40955b5cb4cb5c231792be106/element'
14:08:25.967 [AsyncHttpClient-1-5] DEBUG org.asynchttpclient.netty.handler.HttpHandler - 

Request DefaultHttpRequest(decodeResult: success, version: HTTP/1.1)
POST /session/58d322d40955b5cb4cb5c231792be106/element HTTP/1.1
User-Agent: selenium/4.1.2 (java windows)
Content-Length: 97
Content-Type: application/json; charset=utf-8
host: localhost:63038
accept: */*

Response DefaultHttpResponse(decodeResult: success, version: HTTP/1.1)
HTTP/1.1 200 OK
Content-Type: application/json; charset=utf-8
cache-control: no-cache
content-length: 88

14:08:25.967 [AsyncHttpClient-1-5] DEBUG org.asynchttpclient.netty.channel.ChannelManager - Adding key: http://localhost:63038 for channel [id: 0x9924f6bd, L:/127.0.0.1:55735 - R:localhost/127.0.0.1:63038]
14:08:25.970 [Forwarding getElementTagName on session 58d322d40955b5cb4cb5c231792be106 to remote] DEBUG org.asynchttpclient.netty.request.NettyRequestSender - Using pooled Channel '[id: 0x9924f6bd, L:/127.0.0.1:55735 - R:localhost/127.0.0.1:63038]' for 'GET' to 'http://localhost:63038/session/58d322d40955b5cb4cb5c231792be106/element/8dc94b3e-9ec6-4765-b1c0-1e6b44c42379/name'
14:08:25.970 [Forwarding getElementTagName on session 58d322d40955b5cb4cb5c231792be106 to remote] DEBUG org.asynchttpclient.netty.request.NettyRequestSender - Using open Channel [id: 0x9924f6bd, L:/127.0.0.1:55735 - R:localhost/127.0.0.1:63038] for GET '/session/58d322d40955b5cb4cb5c231792be106/element/8dc94b3e-9ec6-4765-b1c0-1e6b44c42379/name'
14:08:25.989 [AsyncHttpClient-1-5] DEBUG org.asynchttpclient.netty.handler.HttpHandler - 

Request DefaultFullHttpRequest(decodeResult: success, version: HTTP/1.1, content: EmptyByteBufBE)
GET /session/58d322d40955b5cb4cb5c231792be106/element/8dc94b3e-9ec6-4765-b1c0-1e6b44c42379/name HTTP/1.1
User-Agent: selenium/4.1.2 (java windows)
Cache-Control: no-cache
Content-Type: application/json; charset=utf-8
host: localhost:63038
accept: */*

Response DefaultHttpResponse(decodeResult: success, version: HTTP/1.1)
HTTP/1.1 200 OK
Content-Type: application/json; charset=utf-8
cache-control: no-cache
content-length: 13

14:08:25.990 [AsyncHttpClient-1-5] DEBUG org.asynchttpclient.netty.channel.ChannelManager - Adding key: http://localhost:63038 for channel [id: 0x9924f6bd, L:/127.0.0.1:55735 - R:localhost/127.0.0.1:63038]
14:08:25.996 [Forwarding getElementTagName on session 58d322d40955b5cb4cb5c231792be106 to remote] DEBUG org.asynchttpclient.netty.request.NettyRequestSender - Using pooled Channel '[id: 0x9924f6bd, L:/127.0.0.1:55735 - R:localhost/127.0.0.1:63038]' for 'GET' to 'http://localhost:63038/session/58d322d40955b5cb4cb5c231792be106/element/8dc94b3e-9ec6-4765-b1c0-1e6b44c42379/name'
14:08:25.996 [Forwarding getElementTagName on session 58d322d40955b5cb4cb5c231792be106 to remote] DEBUG org.asynchttpclient.netty.request.NettyRequestSender - Using open Channel [id: 0x9924f6bd, L:/127.0.0.1:55735 - R:localhost/127.0.0.1:63038] for GET '/session/58d322d40955b5cb4cb5c231792be106/element/8dc94b3e-9ec6-4765-b1c0-1e6b44c42379/name'
14:08:26.016 [AsyncHttpClient-1-5] DEBUG org.asynchttpclient.netty.handler.HttpHandler - 

Request DefaultFullHttpRequest(decodeResult: success, version: HTTP/1.1, content: EmptyByteBufBE)
GET /session/58d322d40955b5cb4cb5c231792be106/element/8dc94b3e-9ec6-4765-b1c0-1e6b44c42379/name HTTP/1.1
User-Agent: selenium/4.1.2 (java windows)
Cache-Control: no-cache
Content-Type: application/json; charset=utf-8
host: localhost:63038
accept: */*

Response DefaultHttpResponse(decodeResult: success, version: HTTP/1.1)
HTTP/1.1 200 OK
Content-Type: application/json; charset=utf-8
cache-control: no-cache
content-length: 13

14:08:26.017 [AsyncHttpClient-1-5] DEBUG org.asynchttpclient.netty.channel.ChannelManager - Adding key: http://localhost:63038 for channel [id: 0x9924f6bd, L:/127.0.0.1:55735 - R:localhost/127.0.0.1:63038]
14:08:26.026 [Forwarding findElement on session 58d322d40955b5cb4cb5c231792be106 to remote] DEBUG org.asynchttpclient.netty.request.NettyRequestSender - Using pooled Channel '[id: 0x9924f6bd, L:/127.0.0.1:55735 - R:localhost/127.0.0.1:63038]' for 'POST' to 'http://localhost:63038/session/58d322d40955b5cb4cb5c231792be106/element'
14:08:26.026 [Forwarding findElement on session 58d322d40955b5cb4cb5c231792be106 to remote] DEBUG org.asynchttpclient.netty.request.NettyRequestSender - Using open Channel [id: 0x9924f6bd, L:/127.0.0.1:55735 - R:localhost/127.0.0.1:63038] for POST '/session/58d322d40955b5cb4cb5c231792be106/element'
14:08:26.038 [AsyncHttpClient-1-5] DEBUG org.asynchttpclient.netty.handler.HttpHandler - 

Request DefaultHttpRequest(decodeResult: success, version: HTTP/1.1)
POST /session/58d322d40955b5cb4cb5c231792be106/element HTTP/1.1
User-Agent: selenium/4.1.2 (java windows)
Content-Length: 97
Content-Type: application/json; charset=utf-8
host: localhost:63038
accept: */*

Response DefaultHttpResponse(decodeResult: success, version: HTTP/1.1)
HTTP/1.1 200 OK
Content-Type: application/json; charset=utf-8
cache-control: no-cache
content-length: 88

14:08:26.038 [AsyncHttpClient-1-5] DEBUG org.asynchttpclient.netty.channel.ChannelManager - Adding key: http://localhost:63038 for channel [id: 0x9924f6bd, L:/127.0.0.1:55735 - R:localhost/127.0.0.1:63038]
14:08:26.047 [Forwarding clickElement on session 58d322d40955b5cb4cb5c231792be106 to remote] DEBUG org.asynchttpclient.netty.request.NettyRequestSender - Using pooled Channel '[id: 0x9924f6bd, L:/127.0.0.1:55735 - R:localhost/127.0.0.1:63038]' for 'POST' to 'http://localhost:63038/session/58d322d40955b5cb4cb5c231792be106/element/8dc94b3e-9ec6-4765-b1c0-1e6b44c42379/click'
14:08:26.047 [Forwarding clickElement on session 58d322d40955b5cb4cb5c231792be106 to remote] DEBUG org.asynchttpclient.netty.request.NettyRequestSender - Using open Channel [id: 0x9924f6bd, L:/127.0.0.1:55735 - R:localhost/127.0.0.1:63038] for POST '/session/58d322d40955b5cb4cb5c231792be106/element/8dc94b3e-9ec6-4765-b1c0-1e6b44c42379/click'
14:08:26.284 [AsyncHttpClient-1-5] DEBUG org.asynchttpclient.netty.handler.HttpHandler - 

Request DefaultHttpRequest(decodeResult: success, version: HTTP/1.1)
POST /session/58d322d40955b5cb4cb5c231792be106/element/8dc94b3e-9ec6-4765-b1c0-1e6b44c42379/click HTTP/1.1
User-Agent: selenium/4.1.2 (java windows)
Content-Length: 50
Content-Type: application/json; charset=utf-8
host: localhost:63038
accept: */*

Response DefaultHttpResponse(decodeResult: success, version: HTTP/1.1)
HTTP/1.1 200 OK
Content-Type: application/json; charset=utf-8
cache-control: no-cache
content-length: 14

14:08:26.285 [AsyncHttpClient-1-5] DEBUG org.asynchttpclient.netty.channel.ChannelManager - Adding key: http://localhost:63038 for channel [id: 0x9924f6bd, L:/127.0.0.1:55735 - R:localhost/127.0.0.1:63038]
  &amp#27;[32mAnd &amp#27;[0m&amp#27;[32mI click login icon&amp#27;[0m                  &amp#27;[90m# starter.stepdefinitions.LoginStepDefinition.iClickLoginIcon()&amp#27;[0m
14:08:26.317 [Forwarding screenshot on session 58d322d40955b5cb4cb5c231792be106 to remote] DEBUG org.asynchttpclient.netty.request.NettyRequestSender - Using pooled Channel '[id: 0x9924f6bd, L:/127.0.0.1:55735 - R:localhost/127.0.0.1:63038]' for 'GET' to 'http://localhost:63038/session/58d322d40955b5cb4cb5c231792be106/screenshot'
14:08:26.317 [Forwarding screenshot on session 58d322d40955b5cb4cb5c231792be106 to remote] DEBUG org.asynchttpclient.netty.request.NettyRequestSender - Using open Channel [id: 0x9924f6bd, L:/127.0.0.1:55735 - R:localhost/127.0.0.1:63038] for GET '/session/58d322d40955b5cb4cb5c231792be106/screenshot'
14:08:26.776 [AsyncHttpClient-1-5] DEBUG org.asynchttpclient.netty.handler.HttpHandler - 

Request DefaultFullHttpRequest(decodeResult: success, version: HTTP/1.1, content: EmptyByteBufBE)
GET /session/58d322d40955b5cb4cb5c231792be106/screenshot HTTP/1.1
User-Agent: selenium/4.1.2 (java windows)
Cache-Control: no-cache
Content-Type: application/json; charset=utf-8
host: localhost:63038
accept: */*

Response DefaultHttpResponse(decodeResult: success, version: HTTP/1.1)
HTTP/1.1 200 OK
Content-Type: application/json; charset=utf-8
cache-control: no-cache
content-length: 33888

14:08:26.777 [AsyncHttpClient-1-5] DEBUG org.asynchttpclient.netty.channel.ChannelManager - Adding key: http://localhost:63038 for channel [id: 0x9924f6bd, L:/127.0.0.1:55735 - R:localhost/127.0.0.1:63038]
14:08:26.781 [main] DEBUG net.serenitybdd.core.photography.Darkroom - Send negative for processing for target\site\serenity\2707d3d1be04bea3188db1932dce5d31d26aea162830f58a300f8eb13d36c7eb.png
14:08:26.782 [Darkroom Processing Line] DEBUG net.serenitybdd.core.photography.DarkroomProcessingLine - Processing screenshot image in /var/screenshots/screenshot-7706588007259844904
14:08:26.782 [Darkroom Processing Line] DEBUG net.serenitybdd.core.photography.DarkroomProcessingLine - Saving screenshot to target\site\serenity\2707d3d1be04bea3188db1932dce5d31d26aea162830f58a300f8eb13d36c7eb.png
14:08:26.802 [Forwarding findElement on session 58d322d40955b5cb4cb5c231792be106 to remote] DEBUG org.asynchttpclient.netty.request.NettyRequestSender - Using pooled Channel '[id: 0x9924f6bd, L:/127.0.0.1:55735 - R:localhost/127.0.0.1:63038]' for 'POST' to 'http://localhost:63038/session/58d322d40955b5cb4cb5c231792be106/element'
14:08:26.802 [Forwarding findElement on session 58d322d40955b5cb4cb5c231792be106 to remote] DEBUG org.asynchttpclient.netty.request.NettyRequestSender - Using open Channel [id: 0x9924f6bd, L:/127.0.0.1:55735 - R:localhost/127.0.0.1:63038] for POST '/session/58d322d40955b5cb4cb5c231792be106/element'
14:08:26.838 [AsyncHttpClient-1-5] DEBUG org.asynchttpclient.netty.handler.HttpHandler - 

Request DefaultHttpRequest(decodeResult: success, version: HTTP/1.1)
POST /session/58d322d40955b5cb4cb5c231792be106/element HTTP/1.1
User-Agent: selenium/4.1.2 (java windows)
Content-Length: 88
Content-Type: application/json; charset=utf-8
host: localhost:63038
accept: */*

Response DefaultHttpResponse(decodeResult: success, version: HTTP/1.1)
HTTP/1.1 200 OK
Content-Type: application/json; charset=utf-8
cache-control: no-cache
content-length: 88

14:08:26.839 [AsyncHttpClient-1-5] DEBUG org.asynchttpclient.netty.channel.ChannelManager - Adding key: http://localhost:63038 for channel [id: 0x9924f6bd, L:/127.0.0.1:55735 - R:localhost/127.0.0.1:63038]
14:08:26.842 [Forwarding clearElement on session 58d322d40955b5cb4cb5c231792be106 to remote] DEBUG org.asynchttpclient.netty.request.NettyRequestSender - Using pooled Channel '[id: 0x9924f6bd, L:/127.0.0.1:55735 - R:localhost/127.0.0.1:63038]' for 'POST' to 'http://localhost:63038/session/58d322d40955b5cb4cb5c231792be106/element/073af18f-1c8f-4e1f-8293-61a3d1a15acb/clear'
14:08:26.842 [Forwarding clearElement on session 58d322d40955b5cb4cb5c231792be106 to remote] DEBUG org.asynchttpclient.netty.request.NettyRequestSender - Using open Channel [id: 0x9924f6bd, L:/127.0.0.1:55735 - R:localhost/127.0.0.1:63038] for POST '/session/58d322d40955b5cb4cb5c231792be106/element/073af18f-1c8f-4e1f-8293-61a3d1a15acb/clear'
14:08:26.931 [AsyncHttpClient-1-1] DEBUG org.asynchttpclient.netty.channel.DefaultChannelPool - Entry count for : http://localhost:55737 : 1
14:08:26.936 [AsyncHttpClient-1-5] DEBUG org.asynchttpclient.netty.handler.HttpHandler - 

Request DefaultHttpRequest(decodeResult: success, version: HTTP/1.1)
POST /session/58d322d40955b5cb4cb5c231792be106/element/073af18f-1c8f-4e1f-8293-61a3d1a15acb/clear HTTP/1.1
User-Agent: selenium/4.1.2 (java windows)
Content-Length: 50
Content-Type: application/json; charset=utf-8
host: localhost:63038
accept: */*

Response DefaultHttpResponse(decodeResult: success, version: HTTP/1.1)
HTTP/1.1 200 OK
Content-Type: application/json; charset=utf-8
cache-control: no-cache
content-length: 14

14:08:26.936 [AsyncHttpClient-1-5] DEBUG org.asynchttpclient.netty.channel.ChannelManager - Adding key: http://localhost:63038 for channel [id: 0x9924f6bd, L:/127.0.0.1:55735 - R:localhost/127.0.0.1:63038]
14:08:26.940 [Forwarding sendKeysToElement on session 58d322d40955b5cb4cb5c231792be106 to remote] DEBUG org.asynchttpclient.netty.request.NettyRequestSender - Using pooled Channel '[id: 0x9924f6bd, L:/127.0.0.1:55735 - R:localhost/127.0.0.1:63038]' for 'POST' to 'http://localhost:63038/session/58d322d40955b5cb4cb5c231792be106/element/073af18f-1c8f-4e1f-8293-61a3d1a15acb/value'
14:08:26.940 [Forwarding sendKeysToElement on session 58d322d40955b5cb4cb5c231792be106 to remote] DEBUG org.asynchttpclient.netty.request.NettyRequestSender - Using open Channel [id: 0x9924f6bd, L:/127.0.0.1:55735 - R:localhost/127.0.0.1:63038] for POST '/session/58d322d40955b5cb4cb5c231792be106/element/073af18f-1c8f-4e1f-8293-61a3d1a15acb/value'
14:08:27.307 [AsyncHttpClient-1-5] DEBUG org.asynchttpclient.netty.handler.HttpHandler - 

Request DefaultHttpRequest(decodeResult: success, version: HTTP/1.1)
POST /session/58d322d40955b5cb4cb5c231792be106/element/073af18f-1c8f-4e1f-8293-61a3d1a15acb/value HTTP/1.1
User-Agent: selenium/4.1.2 (java windows)
Content-Length: 261
Content-Type: application/json; charset=utf-8
host: localhost:63038
accept: */*

Response DefaultHttpResponse(decodeResult: success, version: HTTP/1.1)
HTTP/1.1 200 OK
Content-Type: application/json; charset=utf-8
cache-control: no-cache
content-length: 14

14:08:27.308 [AsyncHttpClient-1-5] DEBUG org.asynchttpclient.netty.channel.ChannelManager - Adding key: http://localhost:63038 for channel [id: 0x9924f6bd, L:/127.0.0.1:55735 - R:localhost/127.0.0.1:63038]
  &amp#27;[32mWhen &amp#27;[0m&amp#27;[32mI input &amp#27;[0m&amp#27;[32m&amp#27;[1m"rilaaarn@gmail.com"&amp#27;[0m&amp#27;[32m email&amp#27;[0m &amp#27;[90m# starter.stepdefinitions.LoginStepDefinition.iInputEmail(java.lang.String)&amp#27;[0m
14:08:27.341 [Forwarding screenshot on session 58d322d40955b5cb4cb5c231792be106 to remote] DEBUG org.asynchttpclient.netty.request.NettyRequestSender - Using pooled Channel '[id: 0x9924f6bd, L:/127.0.0.1:55735 - R:localhost/127.0.0.1:63038]' for 'GET' to 'http://localhost:63038/session/58d322d40955b5cb4cb5c231792be106/screenshot'
14:08:27.341 [Forwarding screenshot on session 58d322d40955b5cb4cb5c231792be106 to remote] DEBUG org.asynchttpclient.netty.request.NettyRequestSender - Using open Channel [id: 0x9924f6bd, L:/127.0.0.1:55735 - R:localhost/127.0.0.1:63038] for GET '/session/58d322d40955b5cb4cb5c231792be106/screenshot'
14:08:27.665 [AsyncHttpClient-1-5] DEBUG org.asynchttpclient.netty.handler.HttpHandler - 

Request DefaultFullHttpRequest(decodeResult: success, version: HTTP/1.1, content: EmptyByteBufBE)
GET /session/58d322d40955b5cb4cb5c231792be106/screenshot HTTP/1.1
User-Agent: selenium/4.1.2 (java windows)
Cache-Control: no-cache
Content-Type: application/json; charset=utf-8
host: localhost:63038
accept: */*

Response DefaultHttpResponse(decodeResult: success, version: HTTP/1.1)
HTTP/1.1 200 OK
Content-Type: application/json; charset=utf-8
cache-control: no-cache
content-length: 37836

14:08:27.667 [AsyncHttpClient-1-5] DEBUG org.asynchttpclient.netty.channel.ChannelManager - Adding key: http://localhost:63038 for channel [id: 0x9924f6bd, L:/127.0.0.1:55735 - R:localhost/127.0.0.1:63038]
14:08:27.706 [main] DEBUG net.serenitybdd.core.photography.Darkroom - Send negative for processing for target\site\serenity\0e21da68e33466a153c9e1e4095bee9a00e7b04bcbf1b2207e2c1ead13f2004c.png
14:08:27.720 [Darkroom Processing Line] DEBUG net.serenitybdd.core.photography.DarkroomProcessingLine - Processing screenshot image in /var/screenshots/screenshot-13118636122246023211
14:08:27.720 [Darkroom Processing Line] DEBUG net.serenitybdd.core.photography.DarkroomProcessingLine - Saving screenshot to target\site\serenity\0e21da68e33466a153c9e1e4095bee9a00e7b04bcbf1b2207e2c1ead13f2004c.png
14:08:27.731 [Forwarding findElement on session 58d322d40955b5cb4cb5c231792be106 to remote] DEBUG org.asynchttpclient.netty.request.NettyRequestSender - Using pooled Channel '[id: 0x9924f6bd, L:/127.0.0.1:55735 - R:localhost/127.0.0.1:63038]' for 'POST' to 'http://localhost:63038/session/58d322d40955b5cb4cb5c231792be106/element'
14:08:27.731 [Forwarding findElement on session 58d322d40955b5cb4cb5c231792be106 to remote] DEBUG org.asynchttpclient.netty.request.NettyRequestSender - Using open Channel [id: 0x9924f6bd, L:/127.0.0.1:55735 - R:localhost/127.0.0.1:63038] for POST '/session/58d322d40955b5cb4cb5c231792be106/element'
14:08:27.886 [AsyncHttpClient-1-5] DEBUG org.asynchttpclient.netty.handler.HttpHandler - 

Request DefaultHttpRequest(decodeResult: success, version: HTTP/1.1)
POST /session/58d322d40955b5cb4cb5c231792be106/element HTTP/1.1
User-Agent: selenium/4.1.2 (java windows)
Content-Length: 91
Content-Type: application/json; charset=utf-8
host: localhost:63038
accept: */*

Response DefaultHttpResponse(decodeResult: success, version: HTTP/1.1)
HTTP/1.1 200 OK
Content-Type: application/json; charset=utf-8
cache-control: no-cache
content-length: 88

14:08:27.886 [AsyncHttpClient-1-5] DEBUG org.asynchttpclient.netty.channel.ChannelManager - Adding key: http://localhost:63038 for channel [id: 0x9924f6bd, L:/127.0.0.1:55735 - R:localhost/127.0.0.1:63038]
14:08:27.890 [Forwarding clearElement on session 58d322d40955b5cb4cb5c231792be106 to remote] DEBUG org.asynchttpclient.netty.request.NettyRequestSender - Using pooled Channel '[id: 0x9924f6bd, L:/127.0.0.1:55735 - R:localhost/127.0.0.1:63038]' for 'POST' to 'http://localhost:63038/session/58d322d40955b5cb4cb5c231792be106/element/355cb893-986d-4f7c-b398-9ee4fcb7731a/clear'
14:08:27.890 [Forwarding clearElement on session 58d322d40955b5cb4cb5c231792be106 to remote] DEBUG org.asynchttpclient.netty.request.NettyRequestSender - Using open Channel [id: 0x9924f6bd, L:/127.0.0.1:55735 - R:localhost/127.0.0.1:63038] for POST '/session/58d322d40955b5cb4cb5c231792be106/element/355cb893-986d-4f7c-b398-9ee4fcb7731a/clear'
14:08:27.958 [AsyncHttpClient-1-5] DEBUG org.asynchttpclient.netty.handler.HttpHandler - 

Request DefaultHttpRequest(decodeResult: success, version: HTTP/1.1)
POST /session/58d322d40955b5cb4cb5c231792be106/element/355cb893-986d-4f7c-b398-9ee4fcb7731a/clear HTTP/1.1
User-Agent: selenium/4.1.2 (java windows)
Content-Length: 50
Content-Type: application/json; charset=utf-8
host: localhost:63038
accept: */*

Response DefaultHttpResponse(decodeResult: success, version: HTTP/1.1)
HTTP/1.1 200 OK
Content-Type: application/json; charset=utf-8
cache-control: no-cache
content-length: 14

14:08:27.960 [AsyncHttpClient-1-5] DEBUG org.asynchttpclient.netty.channel.ChannelManager - Adding key: http://localhost:63038 for channel [id: 0x9924f6bd, L:/127.0.0.1:55735 - R:localhost/127.0.0.1:63038]
14:08:27.963 [Forwarding sendKeysToElement on session 58d322d40955b5cb4cb5c231792be106 to remote] DEBUG org.asynchttpclient.netty.request.NettyRequestSender - Using pooled Channel '[id: 0x9924f6bd, L:/127.0.0.1:55735 - R:localhost/127.0.0.1:63038]' for 'POST' to 'http://localhost:63038/session/58d322d40955b5cb4cb5c231792be106/element/355cb893-986d-4f7c-b398-9ee4fcb7731a/value'
14:08:27.963 [Forwarding sendKeysToElement on session 58d322d40955b5cb4cb5c231792be106 to remote] DEBUG org.asynchttpclient.netty.request.NettyRequestSender - Using open Channel [id: 0x9924f6bd, L:/127.0.0.1:55735 - R:localhost/127.0.0.1:63038] for POST '/session/58d322d40955b5cb4cb5c231792be106/element/355cb893-986d-4f7c-b398-9ee4fcb7731a/value'
14:08:28.038 [AsyncHttpClient-1-1] DEBUG org.asynchttpclient.netty.channel.DefaultChannelPool - Entry count for : http://localhost:55737 : 1
14:08:28.170 [AsyncHttpClient-1-5] DEBUG org.asynchttpclient.netty.handler.HttpHandler - 

Request DefaultHttpRequest(decodeResult: success, version: HTTP/1.1)
POST /session/58d322d40955b5cb4cb5c231792be106/element/355cb893-986d-4f7c-b398-9ee4fcb7731a/value HTTP/1.1
User-Agent: selenium/4.1.2 (java windows)
Content-Length: 221
Content-Type: application/json; charset=utf-8
host: localhost:63038
accept: */*

Response DefaultHttpResponse(decodeResult: success, version: HTTP/1.1)
HTTP/1.1 200 OK
Content-Type: application/json; charset=utf-8
cache-control: no-cache
content-length: 14

14:08:28.170 [AsyncHttpClient-1-5] DEBUG org.asynchttpclient.netty.channel.ChannelManager - Adding key: http://localhost:63038 for channel [id: 0x9924f6bd, L:/127.0.0.1:55735 - R:localhost/127.0.0.1:63038]
  &amp#27;[32mAnd &amp#27;[0m&amp#27;[32mI input &amp#27;[0m&amp#27;[32m&amp#27;[1m"Rilaafhrila15!"&amp#27;[0m&amp#27;[32m password&amp#27;[0m   &amp#27;[90m# starter.stepdefinitions.LoginStepDefinition.iInputPassword(java.lang.String)&amp#27;[0m
14:08:28.185 [Forwarding screenshot on session 58d322d40955b5cb4cb5c231792be106 to remote] DEBUG org.asynchttpclient.netty.request.NettyRequestSender - Using pooled Channel '[id: 0x9924f6bd, L:/127.0.0.1:55735 - R:localhost/127.0.0.1:63038]' for 'GET' to 'http://localhost:63038/session/58d322d40955b5cb4cb5c231792be106/screenshot'
14:08:28.186 [Forwarding screenshot on session 58d322d40955b5cb4cb5c231792be106 to remote] DEBUG org.asynchttpclient.netty.request.NettyRequestSender - Using open Channel [id: 0x9924f6bd, L:/127.0.0.1:55735 - R:localhost/127.0.0.1:63038] for GET '/session/58d322d40955b5cb4cb5c231792be106/screenshot'
14:08:28.383 [AsyncHttpClient-1-5] DEBUG org.asynchttpclient.netty.handler.HttpHandler - 

Request DefaultFullHttpRequest(decodeResult: success, version: HTTP/1.1, content: EmptyByteBufBE)
GET /session/58d322d40955b5cb4cb5c231792be106/screenshot HTTP/1.1
User-Agent: selenium/4.1.2 (java windows)
Cache-Control: no-cache
Content-Type: application/json; charset=utf-8
host: localhost:63038
accept: */*

Response DefaultHttpResponse(decodeResult: success, version: HTTP/1.1)
HTTP/1.1 200 OK
Content-Type: application/json; charset=utf-8
cache-control: no-cache
content-length: 40088

14:08:28.385 [AsyncHttpClient-1-5] DEBUG org.asynchttpclient.netty.channel.ChannelManager - Adding key: http://localhost:63038 for channel [id: 0x9924f6bd, L:/127.0.0.1:55735 - R:localhost/127.0.0.1:63038]
14:08:28.389 [main] DEBUG net.serenitybdd.core.photography.Darkroom - Send negative for processing for target\site\serenity\6cdd0a0537165abe02197b5143ed573d6a0a65629a3f217d9b08706ee1052476.png
14:08:28.393 [Darkroom Processing Line] DEBUG net.serenitybdd.core.photography.DarkroomProcessingLine - Processing screenshot image in /var/screenshots/screenshot-17437071430104363886
14:08:28.393 [Darkroom Processing Line] DEBUG net.serenitybdd.core.photography.DarkroomProcessingLine - Saving screenshot to target\site\serenity\6cdd0a0537165abe02197b5143ed573d6a0a65629a3f217d9b08706ee1052476.png
14:08:28.408 [Forwarding findElement on session 58d322d40955b5cb4cb5c231792be106 to remote] DEBUG org.asynchttpclient.netty.request.NettyRequestSender - Using pooled Channel '[id: 0x9924f6bd, L:/127.0.0.1:55735 - R:localhost/127.0.0.1:63038]' for 'POST' to 'http://localhost:63038/session/58d322d40955b5cb4cb5c231792be106/element'
14:08:28.408 [Forwarding findElement on session 58d322d40955b5cb4cb5c231792be106 to remote] DEBUG org.asynchttpclient.netty.request.NettyRequestSender - Using open Channel [id: 0x9924f6bd, L:/127.0.0.1:55735 - R:localhost/127.0.0.1:63038] for POST '/session/58d322d40955b5cb4cb5c231792be106/element'
14:08:28.428 [AsyncHttpClient-1-5] DEBUG org.asynchttpclient.netty.handler.HttpHandler - 

Request DefaultHttpRequest(decodeResult: success, version: HTTP/1.1)
POST /session/58d322d40955b5cb4cb5c231792be106/element HTTP/1.1
User-Agent: selenium/4.1.2 (java windows)
Content-Length: 83
Content-Type: application/json; charset=utf-8
host: localhost:63038
accept: */*

Response DefaultHttpResponse(decodeResult: success, version: HTTP/1.1)
HTTP/1.1 200 OK
Content-Type: application/json; charset=utf-8
cache-control: no-cache
content-length: 88

14:08:28.428 [AsyncHttpClient-1-5] DEBUG org.asynchttpclient.netty.channel.ChannelManager - Adding key: http://localhost:63038 for channel [id: 0x9924f6bd, L:/127.0.0.1:55735 - R:localhost/127.0.0.1:63038]
14:08:28.432 [Forwarding getElementTagName on session 58d322d40955b5cb4cb5c231792be106 to remote] DEBUG org.asynchttpclient.netty.request.NettyRequestSender - Using pooled Channel '[id: 0x9924f6bd, L:/127.0.0.1:55735 - R:localhost/127.0.0.1:63038]' for 'GET' to 'http://localhost:63038/session/58d322d40955b5cb4cb5c231792be106/element/48e334f8-8816-4a37-8093-93a57e380994/name'
14:08:28.432 [Forwarding getElementTagName on session 58d322d40955b5cb4cb5c231792be106 to remote] DEBUG org.asynchttpclient.netty.request.NettyRequestSender - Using open Channel [id: 0x9924f6bd, L:/127.0.0.1:55735 - R:localhost/127.0.0.1:63038] for GET '/session/58d322d40955b5cb4cb5c231792be106/element/48e334f8-8816-4a37-8093-93a57e380994/name'
14:08:28.445 [AsyncHttpClient-1-5] DEBUG org.asynchttpclient.netty.handler.HttpHandler - 

Request DefaultFullHttpRequest(decodeResult: success, version: HTTP/1.1, content: EmptyByteBufBE)
GET /session/58d322d40955b5cb4cb5c231792be106/element/48e334f8-8816-4a37-8093-93a57e380994/name HTTP/1.1
User-Agent: selenium/4.1.2 (java windows)
Cache-Control: no-cache
Content-Type: application/json; charset=utf-8
host: localhost:63038
accept: */*

Response DefaultHttpResponse(decodeResult: success, version: HTTP/1.1)
HTTP/1.1 200 OK
Content-Type: application/json; charset=utf-8
cache-control: no-cache
content-length: 16

14:08:28.446 [AsyncHttpClient-1-5] DEBUG org.asynchttpclient.netty.channel.ChannelManager - Adding key: http://localhost:63038 for channel [id: 0x9924f6bd, L:/127.0.0.1:55735 - R:localhost/127.0.0.1:63038]
14:08:28.450 [Forwarding getElementTagName on session 58d322d40955b5cb4cb5c231792be106 to remote] DEBUG org.asynchttpclient.netty.request.NettyRequestSender - Using pooled Channel '[id: 0x9924f6bd, L:/127.0.0.1:55735 - R:localhost/127.0.0.1:63038]' for 'GET' to 'http://localhost:63038/session/58d322d40955b5cb4cb5c231792be106/element/48e334f8-8816-4a37-8093-93a57e380994/name'
14:08:28.450 [Forwarding getElementTagName on session 58d322d40955b5cb4cb5c231792be106 to remote] DEBUG org.asynchttpclient.netty.request.NettyRequestSender - Using open Channel [id: 0x9924f6bd, L:/127.0.0.1:55735 - R:localhost/127.0.0.1:63038] for GET '/session/58d322d40955b5cb4cb5c231792be106/element/48e334f8-8816-4a37-8093-93a57e380994/name'
14:08:28.461 [AsyncHttpClient-1-5] DEBUG org.asynchttpclient.netty.handler.HttpHandler - 

Request DefaultFullHttpRequest(decodeResult: success, version: HTTP/1.1, content: EmptyByteBufBE)
GET /session/58d322d40955b5cb4cb5c231792be106/element/48e334f8-8816-4a37-8093-93a57e380994/name HTTP/1.1
User-Agent: selenium/4.1.2 (java windows)
Cache-Control: no-cache
Content-Type: application/json; charset=utf-8
host: localhost:63038
accept: */*

Response DefaultHttpResponse(decodeResult: success, version: HTTP/1.1)
HTTP/1.1 200 OK
Content-Type: application/json; charset=utf-8
cache-control: no-cache
content-length: 16

14:08:28.462 [AsyncHttpClient-1-5] DEBUG org.asynchttpclient.netty.channel.ChannelManager - Adding key: http://localhost:63038 for channel [id: 0x9924f6bd, L:/127.0.0.1:55735 - R:localhost/127.0.0.1:63038]
14:08:28.466 [Forwarding findElement on session 58d322d40955b5cb4cb5c231792be106 to remote] DEBUG org.asynchttpclient.netty.request.NettyRequestSender - Using pooled Channel '[id: 0x9924f6bd, L:/127.0.0.1:55735 - R:localhost/127.0.0.1:63038]' for 'POST' to 'http://localhost:63038/session/58d322d40955b5cb4cb5c231792be106/element'
14:08:28.466 [Forwarding findElement on session 58d322d40955b5cb4cb5c231792be106 to remote] DEBUG org.asynchttpclient.netty.request.NettyRequestSender - Using open Channel [id: 0x9924f6bd, L:/127.0.0.1:55735 - R:localhost/127.0.0.1:63038] for POST '/session/58d322d40955b5cb4cb5c231792be106/element'
14:08:28.487 [AsyncHttpClient-1-5] DEBUG org.asynchttpclient.netty.handler.HttpHandler - 

Request DefaultHttpRequest(decodeResult: success, version: HTTP/1.1)
POST /session/58d322d40955b5cb4cb5c231792be106/element HTTP/1.1
User-Agent: selenium/4.1.2 (java windows)
Content-Length: 83
Content-Type: application/json; charset=utf-8
host: localhost:63038
accept: */*

Response DefaultHttpResponse(decodeResult: success, version: HTTP/1.1)
HTTP/1.1 200 OK
Content-Type: application/json; charset=utf-8
cache-control: no-cache
content-length: 88

14:08:28.488 [AsyncHttpClient-1-5] DEBUG org.asynchttpclient.netty.channel.ChannelManager - Adding key: http://localhost:63038 for channel [id: 0x9924f6bd, L:/127.0.0.1:55735 - R:localhost/127.0.0.1:63038]
14:08:28.491 [Forwarding clickElement on session 58d322d40955b5cb4cb5c231792be106 to remote] DEBUG org.asynchttpclient.netty.request.NettyRequestSender - Using pooled Channel '[id: 0x9924f6bd, L:/127.0.0.1:55735 - R:localhost/127.0.0.1:63038]' for 'POST' to 'http://localhost:63038/session/58d322d40955b5cb4cb5c231792be106/element/48e334f8-8816-4a37-8093-93a57e380994/click'
14:08:28.491 [Forwarding clickElement on session 58d322d40955b5cb4cb5c231792be106 to remote] DEBUG org.asynchttpclient.netty.request.NettyRequestSender - Using open Channel [id: 0x9924f6bd, L:/127.0.0.1:55735 - R:localhost/127.0.0.1:63038] for POST '/session/58d322d40955b5cb4cb5c231792be106/element/48e334f8-8816-4a37-8093-93a57e380994/click'
14:08:28.557 [AsyncHttpClient-1-5] DEBUG org.asynchttpclient.netty.handler.HttpHandler - 

Request DefaultHttpRequest(decodeResult: success, version: HTTP/1.1)
POST /session/58d322d40955b5cb4cb5c231792be106/element/48e334f8-8816-4a37-8093-93a57e380994/click HTTP/1.1
User-Agent: selenium/4.1.2 (java windows)
Content-Length: 50
Content-Type: application/json; charset=utf-8
host: localhost:63038
accept: */*

Response DefaultHttpResponse(decodeResult: success, version: HTTP/1.1)
HTTP/1.1 200 OK
Content-Type: application/json; charset=utf-8
cache-control: no-cache
content-length: 14

14:08:28.557 [AsyncHttpClient-1-5] DEBUG org.asynchttpclient.netty.channel.ChannelManager - Adding key: http://localhost:63038 for channel [id: 0x9924f6bd, L:/127.0.0.1:55735 - R:localhost/127.0.0.1:63038]
  &amp#27;[32mAnd &amp#27;[0m&amp#27;[32mI click Login button&amp#27;[0m                &amp#27;[90m# starter.stepdefinitions.LoginStepDefinition.iClickLoginButton()&amp#27;[0m
14:08:28.576 [Forwarding screenshot on session 58d322d40955b5cb4cb5c231792be106 to remote] DEBUG org.asynchttpclient.netty.request.NettyRequestSender - Using pooled Channel '[id: 0x9924f6bd, L:/127.0.0.1:55735 - R:localhost/127.0.0.1:63038]' for 'GET' to 'http://localhost:63038/session/58d322d40955b5cb4cb5c231792be106/screenshot'
14:08:28.576 [Forwarding screenshot on session 58d322d40955b5cb4cb5c231792be106 to remote] DEBUG org.asynchttpclient.netty.request.NettyRequestSender - Using open Channel [id: 0x9924f6bd, L:/127.0.0.1:55735 - R:localhost/127.0.0.1:63038] for GET '/session/58d322d40955b5cb4cb5c231792be106/screenshot'
14:08:28.803 [AsyncHttpClient-1-5] DEBUG org.asynchttpclient.netty.handler.HttpHandler - 

Request DefaultFullHttpRequest(decodeResult: success, version: HTTP/1.1, content: EmptyByteBufBE)
GET /session/58d322d40955b5cb4cb5c231792be106/screenshot HTTP/1.1
User-Agent: selenium/4.1.2 (java windows)
Cache-Control: no-cache
Content-Type: application/json; charset=utf-8
host: localhost:63038
accept: */*

Response DefaultHttpResponse(decodeResult: success, version: HTTP/1.1)
HTTP/1.1 200 OK
Content-Type: application/json; charset=utf-8
cache-control: no-cache
content-length: 39180

14:08:28.804 [AsyncHttpClient-1-5] DEBUG org.asynchttpclient.netty.channel.ChannelManager - Adding key: http://localhost:63038 for channel [id: 0x9924f6bd, L:/127.0.0.1:55735 - R:localhost/127.0.0.1:63038]
14:08:28.810 [main] DEBUG net.serenitybdd.core.photography.Darkroom - Send negative for processing for target\site\serenity\b5de40fc6d5a96d18c1fd2ca5d2e80a1dc907b7e0b2fa05830ff099060713abf.png
14:08:28.810 [Darkroom Processing Line] DEBUG net.serenitybdd.core.photography.DarkroomProcessingLine - Processing screenshot image in /var/screenshots/screenshot-13068929633057739780
14:08:28.810 [Darkroom Processing Line] DEBUG net.serenitybdd.core.photography.DarkroomProcessingLine - Saving screenshot to target\site\serenity\b5de40fc6d5a96d18c1fd2ca5d2e80a1dc907b7e0b2fa05830ff099060713abf.png
14:08:28.826 [Forwarding findElement on session 58d322d40955b5cb4cb5c231792be106 to remote] DEBUG org.asynchttpclient.netty.request.NettyRequestSender - Using pooled Channel '[id: 0x9924f6bd, L:/127.0.0.1:55735 - R:localhost/127.0.0.1:63038]' for 'POST' to 'http://localhost:63038/session/58d322d40955b5cb4cb5c231792be106/element'
14:08:28.826 [Forwarding findElement on session 58d322d40955b5cb4cb5c231792be106 to remote] DEBUG org.asynchttpclient.netty.request.NettyRequestSender - Using open Channel [id: 0x9924f6bd, L:/127.0.0.1:55735 - R:localhost/127.0.0.1:63038] for POST '/session/58d322d40955b5cb4cb5c231792be106/element'
14:08:28.837 [AsyncHttpClient-1-5] DEBUG org.asynchttpclient.netty.handler.HttpHandler - 

Request DefaultHttpRequest(decodeResult: success, version: HTTP/1.1)
POST /session/58d322d40955b5cb4cb5c231792be106/element HTTP/1.1
User-Agent: selenium/4.1.2 (java windows)
Content-Length: 77
Content-Type: application/json; charset=utf-8
host: localhost:63038
accept: */*

Response DefaultHttpResponse(decodeResult: success, version: HTTP/1.1)
HTTP/1.1 200 OK
Content-Type: application/json; charset=utf-8
cache-control: no-cache
content-length: 88

14:08:28.838 [AsyncHttpClient-1-5] DEBUG org.asynchttpclient.netty.channel.ChannelManager - Adding key: http://localhost:63038 for channel [id: 0x9924f6bd, L:/127.0.0.1:55735 - R:localhost/127.0.0.1:63038]
14:08:28.845 [Forwarding isElementDisplayed on session 58d322d40955b5cb4cb5c231792be106 to remote] DEBUG org.asynchttpclient.netty.request.NettyRequestSender - Using pooled Channel '[id: 0x9924f6bd, L:/127.0.0.1:55735 - R:localhost/127.0.0.1:63038]' for 'POST' to 'http://localhost:63038/session/58d322d40955b5cb4cb5c231792be106/execute/sync'
14:08:28.845 [Forwarding isElementDisplayed on session 58d322d40955b5cb4cb5c231792be106 to remote] DEBUG org.asynchttpclient.netty.request.NettyRequestSender - Using open Channel [id: 0x9924f6bd, L:/127.0.0.1:55735 - R:localhost/127.0.0.1:63038] for POST '/session/58d322d40955b5cb4cb5c231792be106/execute/sync'
14:08:28.865 [AsyncHttpClient-1-5] DEBUG org.asynchttpclient.netty.handler.HttpHandler - 

Request DefaultHttpRequest(decodeResult: success, version: HTTP/1.1)
POST /session/58d322d40955b5cb4cb5c231792be106/execute/sync HTTP/1.1
User-Agent: selenium/4.1.2 (java windows)
Content-Length: 48780
Content-Type: application/json; charset=utf-8
host: localhost:63038
accept: */*

Response DefaultHttpResponse(decodeResult: success, version: HTTP/1.1)
HTTP/1.1 200 OK
Content-Type: application/json; charset=utf-8
cache-control: no-cache
content-length: 14

14:08:28.865 [AsyncHttpClient-1-5] DEBUG org.asynchttpclient.netty.channel.ChannelManager - Adding key: http://localhost:63038 for channel [id: 0x9924f6bd, L:/127.0.0.1:55735 - R:localhost/127.0.0.1:63038]
  &amp#27;[32mThen &amp#27;[0m&amp#27;[32mI will get the &amp#27;[0m&amp#27;[32m&amp#27;[1m"i can login"&amp#27;[0m       &amp#27;[90m# starter.stepdefinitions.LoginStepDefinition.iWillGetThe(java.lang.String)&amp#27;[0m
14:08:28.877 [Forwarding screenshot on session 58d322d40955b5cb4cb5c231792be106 to remote] DEBUG org.asynchttpclient.netty.request.NettyRequestSender - Using pooled Channel '[id: 0x9924f6bd, L:/127.0.0.1:55735 - R:localhost/127.0.0.1:63038]' for 'GET' to 'http://localhost:63038/session/58d322d40955b5cb4cb5c231792be106/screenshot'
14:08:28.877 [Forwarding screenshot on session 58d322d40955b5cb4cb5c231792be106 to remote] DEBUG org.asynchttpclient.netty.request.NettyRequestSender - Using open Channel [id: 0x9924f6bd, L:/127.0.0.1:55735 - R:localhost/127.0.0.1:63038] for GET '/session/58d322d40955b5cb4cb5c231792be106/screenshot'
14:08:29.129 [AsyncHttpClient-1-1] DEBUG org.asynchttpclient.netty.channel.DefaultChannelPool - Entry count for : http://localhost:55737 : 1
14:08:30.230 [AsyncHttpClient-1-1] DEBUG org.asynchttpclient.netty.channel.DefaultChannelPool - Entry count for : http://localhost:55737 : 1
14:08:31.336 [AsyncHttpClient-1-1] DEBUG org.asynchttpclient.netty.channel.DefaultChannelPool - Entry count for : http://localhost:55737 : 1
14:08:31.537 [AsyncHttpClient-1-5] DEBUG org.asynchttpclient.netty.handler.HttpHandler - 

Request DefaultFullHttpRequest(decodeResult: success, version: HTTP/1.1, content: EmptyByteBufBE)
GET /session/58d322d40955b5cb4cb5c231792be106/screenshot HTTP/1.1
User-Agent: selenium/4.1.2 (java windows)
Cache-Control: no-cache
Content-Type: application/json; charset=utf-8
host: localhost:63038
accept: */*

Response DefaultHttpResponse(decodeResult: success, version: HTTP/1.1)
HTTP/1.1 200 OK
Content-Type: application/json; charset=utf-8
cache-control: no-cache
content-length: 37168

14:08:31.537 [AsyncHttpClient-1-5] DEBUG org.asynchttpclient.netty.channel.ChannelManager - Adding key: http://localhost:63038 for channel [id: 0x9924f6bd, L:/127.0.0.1:55735 - R:localhost/127.0.0.1:63038]
14:08:31.541 [main] DEBUG net.serenitybdd.core.photography.Darkroom - Send negative for processing for target\site\serenity\e77104600765929ac824ff8c18d5e73aa75aa4f67fedefa2019395edff65d68c.png
14:08:31.543 [Darkroom Processing Line] DEBUG net.serenitybdd.core.photography.DarkroomProcessingLine - Processing screenshot image in /var/screenshots/screenshot-8132957607575878567
14:08:31.544 [Darkroom Processing Line] DEBUG net.serenitybdd.core.photography.DarkroomProcessingLine - Saving screenshot to target\site\serenity\e77104600765929ac824ff8c18d5e73aa75aa4f67fedefa2019395edff65d68c.png
14:08:31.555 [AsyncHttpClient-1-7] DEBUG org.asynchttpclient.netty.handler.WebSocketHandler - Channel Closed: [id: 0x07ea9bb1, L:/127.0.0.1:55745 ! R:localhost/127.0.0.1:55737] with attribute NettyResponseFuture{currentRetry=5,
	isDone=1,
	isCancelled=0,
	asyncHandler=org.asynchttpclient.ws.WebSocketUpgradeHandler@4905fc55,
	nettyRequest=org.asynchttpclient.netty.request.NettyRequest@c076b11,
	future=java.util.concurrent.CompletableFuture@23ec810b[Completed normally],
	uri=ws://localhost:55737/devtools/browser/cccc851d-e170-4647-bc2e-db984c9e3063,
	keepAlive=true,
	redirectCount=0,
	timeoutsHolder=null,
	inAuth=0,
	touch=1669014501747}
14:08:31.555 [AsyncHttpClient-1-7] DEBUG org.asynchttpclient.netty.channel.ChannelManager - Closing Channel [id: 0x07ea9bb1, L:/127.0.0.1:55745 ! R:localhost/127.0.0.1:55737] 
14:08:31.559 [Driver Command Executor] DEBUG org.asynchttpclient.netty.request.NettyRequestSender - Using pooled Channel '[id: 0x9924f6bd, L:/127.0.0.1:55735 - R:localhost/127.0.0.1:63038]' for 'DELETE' to 'http://localhost:63038/session/58d322d40955b5cb4cb5c231792be106'
14:08:31.559 [Driver Command Executor] DEBUG org.asynchttpclient.netty.request.NettyRequestSender - Using open Channel [id: 0x9924f6bd, L:/127.0.0.1:55735 - R:localhost/127.0.0.1:63038] for DELETE '/session/58d322d40955b5cb4cb5c231792be106'
14:08:31.756 [AsyncHttpClient-1-6] DEBUG org.asynchttpclient.netty.handler.HttpHandler - Unexpected I/O exception on channel [id: 0x33a0a3f7, L:/127.0.0.1:55744 - R:localhost/127.0.0.1:55737]
java.io.IOException: An existing connection was forcibly closed by the remote host
	at java.base/sun.nio.ch.SocketDispatcher.read0(Native Method)
	at java.base/sun.nio.ch.SocketDispatcher.read(SocketDispatcher.java:43)
	at java.base/sun.nio.ch.IOUtil.readIntoNativeBuffer(IOUtil.java:276)
	at java.base/sun.nio.ch.IOUtil.read(IOUtil.java:233)
	at java.base/sun.nio.ch.IOUtil.read(IOUtil.java:223)
	at java.base/sun.nio.ch.SocketChannelImpl.read(SocketChannelImpl.java:358)
	at io.netty.buffer.PooledByteBuf.setBytes(PooledByteBuf.java:258)
	at io.netty.buffer.AbstractByteBuf.writeBytes(AbstractByteBuf.java:1132)
	at io.netty.channel.socket.nio.NioSocketChannel.doReadBytes(NioSocketChannel.java:350)
	at io.netty.channel.nio.AbstractNioByteChannel$NioByteUnsafe.read(AbstractNioByteChannel.java:151)
	at io.netty.channel.nio.NioEventLoop.processSelectedKey(NioEventLoop.java:722)
	at io.netty.channel.nio.NioEventLoop.processSelectedKeysOptimized(NioEventLoop.java:658)
	at io.netty.channel.nio.NioEventLoop.processSelectedKeys(NioEventLoop.java:584)
	at io.netty.channel.nio.NioEventLoop.run(NioEventLoop.java:496)
	at io.netty.util.concurrent.SingleThreadEventExecutor$4.run(SingleThreadEventExecutor.java:986)
	at io.netty.util.internal.ThreadExecutorMap$2.run(ThreadExecutorMap.java:74)
	at io.netty.util.concurrent.FastThreadLocalRunnable.run(FastThreadLocalRunnable.java:30)
	at java.base/java.lang.Thread.run(Thread.java:834)
14:08:31.756 [AsyncHttpClient-1-6] DEBUG org.asynchttpclient.netty.channel.ChannelManager - Closing Channel [id: 0x33a0a3f7, L:/127.0.0.1:55744 - R:localhost/127.0.0.1:55737] 
14:08:31.757 [AsyncHttpClient-1-6] DEBUG org.asynchttpclient.netty.handler.HttpHandler - Channel Closed: [id: 0x33a0a3f7, L:/127.0.0.1:55744 ! R:localhost/127.0.0.1:55737] with attribute DISCARD
14:08:31.779 [AsyncHttpClient-1-5] DEBUG org.asynchttpclient.netty.handler.HttpHandler - 

Request DefaultFullHttpRequest(decodeResult: success, version: HTTP/1.1, content: EmptyByteBufBE)
DELETE /session/58d322d40955b5cb4cb5c231792be106 HTTP/1.1
User-Agent: selenium/4.1.2 (java windows)
Content-Type: application/json; charset=utf-8
host: localhost:63038
accept: */*

Response DefaultHttpResponse(decodeResult: success, version: HTTP/1.1)
HTTP/1.1 200 OK
Content-Type: application/json; charset=utf-8
cache-control: no-cache
content-length: 14

14:08:31.780 [AsyncHttpClient-1-5] DEBUG org.asynchttpclient.netty.channel.ChannelManager - Adding key: http://localhost:63038 for channel [id: 0x9924f6bd, L:/127.0.0.1:55735 - R:localhost/127.0.0.1:63038]
14:08:31.879 [AsyncHttpClient-1-5] DEBUG org.asynchttpclient.netty.handler.HttpHandler - Channel Closed: [id: 0x9924f6bd, L:/127.0.0.1:55735 ! R:localhost/127.0.0.1:63038] with attribute DISCARD
14:08:32.035 [main] INFO  - 
  _____   ___   ___   _____     ___     _     ___   ___   ___   ___  
 |_   _| | __| / __| |_   _|   | _ \   /_\   / __| / __| | __| |   \ 
   | |   | _|  \__ \   | |     |  _/  / _ \  \__ \ \__ \ | _|  | |) |
   |_|   |___| |___/   |_|     |_|   /_/ \_\ |___/ |___/ |___| |___/ 

Login with account
----------------------------------------------------------------------
]]></system-out>
    <system-err><![CDATA[Starting ChromeDriver 107.0.5304.62 (1eec40d3a5764881c92085aaee66d25075c159aa-refs/branch-heads/5304@{#942}) on port 63038
Only local connections are allowed.
Please see https://chromedriver.chromium.org/security-considerations for suggestions on keeping ChromeDriver safe.
ChromeDriver was started successfully.
Nov 21, 2022 2:08:21 PM org.openqa.selenium.remote.ProtocolHandshake createSession
INFO: Detected dialect: W3C
Nov 21, 2022 2:08:21 PM org.openqa.selenium.devtools.CdpVersionFinder findNearestMatch
WARNING: Unable to find an exact match for CDP version 107, so returning the closest version found: a no-op implementation
Nov 21, 2022 2:08:21 PM org.openqa.selenium.devtools.CdpVersionFinder findNearestMatch
INFO: Unable to find CDP implementation matching 107.
Nov 21, 2022 2:08:21 PM org.openqa.selenium.chromium.ChromiumDriver lambda$new$3
WARNING: Unable to find version of CDP to use for . You may need to include a dependency on a specific version of the CDP using something similar to `org.seleniumhq.selenium:selenium-devtools-v86:4.1.2` where the version ("v86") matches the version of the chromium-based browser you're using and the version number of the artifact is the same as Selenium's.
]]></system-err>
  </testcase>
  <testcase name="Login with account #3" classname="Login" time="8.74">
    <system-out><![CDATA[
@Login
Scenario Outline: Login with account      &amp#27;[90m# src/test/resources/features/login.feature:18&amp#27;[0m
14:08:32.070 [main] INFO io.cucumber.core.plugin.SerenityReporter - Running feature from file:///D:/Ra/file%20kuliah/semester%207/resume%20alta/Mini%20Project/Web%20testing/AltaShop/src/test/resources/features/login.feature
14:08:32.373 [main] INFO net.serenitybdd.core.webdriver.driverproviders.ChromeDriverProvider - Using automatically driver download
14:08:32.430 [AsyncHttpClient-1-1] DEBUG org.asynchttpclient.netty.channel.DefaultChannelPool - Entry count for : http://localhost:63038 : 1
14:08:32.430 [AsyncHttpClient-1-1] DEBUG org.asynchttpclient.netty.channel.DefaultChannelPool - Entry count for : http://localhost:55737 : 1
14:08:32.430 [AsyncHttpClient-1-1] DEBUG org.asynchttpclient.netty.channel.DefaultChannelPool - Adding Candidate expired Channel [id: 0x9924f6bd, L:/127.0.0.1:55735 ! R:localhost/127.0.0.1:63038] isIdleTimeoutExpired=false isRemotelyClosed=true isTtlExpired=false
14:08:32.430 [AsyncHttpClient-1-1] DEBUG org.asynchttpclient.netty.channel.DefaultChannelPool - Closing Idle Channel [id: 0x9924f6bd, L:/127.0.0.1:55735 ! R:localhost/127.0.0.1:63038]
14:08:32.430 [AsyncHttpClient-1-1] DEBUG org.asynchttpclient.netty.channel.DefaultChannelPool - Adding Candidate expired Channel [id: 0x33a0a3f7, L:/127.0.0.1:55744 ! R:localhost/127.0.0.1:55737] isIdleTimeoutExpired=false isRemotelyClosed=true isTtlExpired=false
14:08:32.430 [AsyncHttpClient-1-1] DEBUG org.asynchttpclient.netty.channel.DefaultChannelPool - Closing Idle Channel [id: 0x33a0a3f7, L:/127.0.0.1:55744 ! R:localhost/127.0.0.1:55737]
14:08:32.430 [AsyncHttpClient-1-1] DEBUG org.asynchttpclient.netty.channel.DefaultChannelPool - Closed 2 connections out of 2 in 0 ms
14:08:34.199 [main] DEBUG io.github.bonigarcia.wdm.cache.ResolutionCache - Resolution chrome=107 in cache (valid until 15:07:47 21/11/2022 ICT)
14:08:34.222 [main] DEBUG io.github.bonigarcia.wdm.cache.ResolutionCache - Resolution chrome107=107.0.5304.62 in cache (valid until 14:07:47 22/11/2022 ICT)
14:08:34.230 [main] INFO io.github.bonigarcia.wdm.WebDriverManager - Using chromedriver 107.0.5304.62 (resolved driver for Chrome 107)
14:08:34.257 [main] DEBUG io.github.bonigarcia.wdm.WebDriverManager - Driver chromedriver 107.0.5304.62 found in cache
14:08:34.259 [main] INFO io.github.bonigarcia.wdm.WebDriverManager - Exporting webdriver.chrome.driver as C:\Users\rilaa\.cache\selenium\chromedriver\win32\107.0.5304.62\chromedriver.exe
14:08:34.545 [main] DEBUG net.serenitybdd.core.webdriver.driverproviders.ProvideNewDriver - Instantiating driver
14:08:34.545 [main] DEBUG net.serenitybdd.core.webdriver.driverproviders.ProvideNewDriver - Driver capabilities: Capabilities {acceptInsecureCerts: false, base.url: https://alta-shop.vercel.app, browserName: chrome, chrome.driver: src/test/resources/webdrive..., driver: chrome, goog:chromeOptions: {args: [], extensions: []}}
14:08:34.688 [AsyncHttpClient-1-8] DEBUG org.asynchttpclient.netty.channel.NettyConnectListener - Using new Channel '[id: 0x0ee37126, L:/127.0.0.1:55767 - R:localhost/127.0.0.1:62674]' for 'POST' to '/session'
14:08:35.696 [AsyncHttpClient-1-8] DEBUG org.asynchttpclient.netty.handler.HttpHandler - 

Request DefaultHttpRequest(decodeResult: success, version: HTTP/1.1)
POST /session HTTP/1.1
User-Agent: selenium/4.1.2 (java windows)
Content-Length: 609
Content-Type: application/json; charset=utf-8
host: localhost:62674
accept: */*

Response DefaultHttpResponse(decodeResult: success, version: HTTP/1.1)
HTTP/1.1 200 OK
Content-Type: application/json; charset=utf-8
cache-control: no-cache
content-length: 789

14:08:35.696 [AsyncHttpClient-1-8] DEBUG org.asynchttpclient.netty.channel.ChannelManager - Adding key: http://localhost:62674 for channel [id: 0x0ee37126, L:/127.0.0.1:55767 - R:localhost/127.0.0.1:62674]
14:08:35.732 [AsyncHttpClient-1-1] DEBUG org.asynchttpclient.netty.channel.DefaultChannelPool - Entry count for : http://localhost:62674 : 1
14:08:35.735 [AsyncHttpClient-1-9] DEBUG org.asynchttpclient.netty.channel.NettyConnectListener - Using new Channel '[id: 0x80556ef4, L:/127.0.0.1:55774 - R:localhost/127.0.0.1:55768]' for 'GET' to '/json/version'
14:08:35.743 [AsyncHttpClient-1-9] DEBUG org.asynchttpclient.netty.handler.HttpHandler - 

Request DefaultFullHttpRequest(decodeResult: success, version: HTTP/1.1, content: EmptyByteBufBE)
GET /json/version HTTP/1.1
User-Agent: selenium/4.1.2 (java windows)
host: localhost:55768
accept: */*

Response DefaultHttpResponse(decodeResult: success, version: HTTP/1.1)
HTTP/1.1 200 OK
Content-Type: application/json; charset=UTF-8
content-length: 424

14:08:35.743 [AsyncHttpClient-1-9] DEBUG org.asynchttpclient.netty.channel.ChannelManager - Adding key: http://localhost:55768 for channel [id: 0x80556ef4, L:/127.0.0.1:55774 - R:localhost/127.0.0.1:55768]
14:08:35.750 [AsyncHttpClient-1-2] DEBUG org.asynchttpclient.netty.channel.NettyConnectListener - Using new Channel '[id: 0x9aad859b, L:/127.0.0.1:55775 - R:localhost/127.0.0.1:55768]' for 'GET' to '/devtools/browser/71960dbe-7d20-4733-b20a-8e8c0b05d6cd'
14:08:35.752 [AsyncHttpClient-1-2] DEBUG org.asynchttpclient.netty.handler.WebSocketHandler - 

Request DefaultFullHttpRequest(decodeResult: success, version: HTTP/1.1, content: EmptyByteBufBE)
GET /devtools/browser/71960dbe-7d20-4733-b20a-8e8c0b05d6cd HTTP/1.1
upgrade: websocket
connection: upgrade
sec-websocket-key: vYWuUZlRWL2+1GsYmpcQTg==
sec-websocket-version: 13
origin: http://localhost:55768
host: localhost:55768
accept: */*
user-agent: AHC/2.1

Response DefaultHttpResponse(decodeResult: success, version: HTTP/1.1)
HTTP/1.1 101 WebSocket Protocol Handshake
Upgrade: WebSocket
Connection: Upgrade
Sec-WebSocket-Accept: nDBjqTugqjzbFo6Iq9d/SjuEI28=

14:08:35.758 [Forwarding get on session d70c7bf29aef6a9ba05c4eec520664b5 to remote] DEBUG org.asynchttpclient.netty.request.NettyRequestSender - Using pooled Channel '[id: 0x0ee37126, L:/127.0.0.1:55767 - R:localhost/127.0.0.1:62674]' for 'POST' to 'http://localhost:62674/session/d70c7bf29aef6a9ba05c4eec520664b5/url'
14:08:35.758 [Forwarding get on session d70c7bf29aef6a9ba05c4eec520664b5 to remote] DEBUG org.asynchttpclient.netty.request.NettyRequestSender - Using open Channel [id: 0x0ee37126, L:/127.0.0.1:55767 - R:localhost/127.0.0.1:62674] for POST '/session/d70c7bf29aef6a9ba05c4eec520664b5/url'
14:08:36.829 [AsyncHttpClient-1-1] DEBUG org.asynchttpclient.netty.channel.DefaultChannelPool - Entry count for : http://localhost:55768 : 1
14:08:37.368 [AsyncHttpClient-1-8] DEBUG org.asynchttpclient.netty.handler.HttpHandler - 

Request DefaultHttpRequest(decodeResult: success, version: HTTP/1.1)
POST /session/d70c7bf29aef6a9ba05c4eec520664b5/url HTTP/1.1
User-Agent: selenium/4.1.2 (java windows)
Content-Length: 59
Content-Type: application/json; charset=utf-8
host: localhost:62674
accept: */*

Response DefaultHttpResponse(decodeResult: success, version: HTTP/1.1)
HTTP/1.1 200 OK
Content-Type: application/json; charset=utf-8
cache-control: no-cache
content-length: 14

14:08:37.369 [AsyncHttpClient-1-8] DEBUG org.asynchttpclient.netty.channel.ChannelManager - Adding key: http://localhost:62674 for channel [id: 0x0ee37126, L:/127.0.0.1:55767 - R:localhost/127.0.0.1:62674]
14:08:37.371 [Forwarding setTimeout on session d70c7bf29aef6a9ba05c4eec520664b5 to remote] DEBUG org.asynchttpclient.netty.request.NettyRequestSender - Using pooled Channel '[id: 0x0ee37126, L:/127.0.0.1:55767 - R:localhost/127.0.0.1:62674]' for 'POST' to 'http://localhost:62674/session/d70c7bf29aef6a9ba05c4eec520664b5/timeouts'
14:08:37.371 [Forwarding setTimeout on session d70c7bf29aef6a9ba05c4eec520664b5 to remote] DEBUG org.asynchttpclient.netty.request.NettyRequestSender - Using open Channel [id: 0x0ee37126, L:/127.0.0.1:55767 - R:localhost/127.0.0.1:62674] for POST '/session/d70c7bf29aef6a9ba05c4eec520664b5/timeouts'
14:08:37.377 [AsyncHttpClient-1-8] DEBUG org.asynchttpclient.netty.handler.HttpHandler - 

Request DefaultHttpRequest(decodeResult: success, version: HTTP/1.1)
POST /session/d70c7bf29aef6a9ba05c4eec520664b5/timeouts HTTP/1.1
User-Agent: selenium/4.1.2 (java windows)
Content-Length: 22
Content-Type: application/json; charset=utf-8
host: localhost:62674
accept: */*

Response DefaultHttpResponse(decodeResult: success, version: HTTP/1.1)
HTTP/1.1 200 OK
Content-Type: application/json; charset=utf-8
cache-control: no-cache
content-length: 14

14:08:37.378 [AsyncHttpClient-1-8] DEBUG org.asynchttpclient.netty.channel.ChannelManager - Adding key: http://localhost:62674 for channel [id: 0x0ee37126, L:/127.0.0.1:55767 - R:localhost/127.0.0.1:62674]
14:08:37.398 [Forwarding getCurrentUrl on session d70c7bf29aef6a9ba05c4eec520664b5 to remote] DEBUG org.asynchttpclient.netty.request.NettyRequestSender - Using pooled Channel '[id: 0x0ee37126, L:/127.0.0.1:55767 - R:localhost/127.0.0.1:62674]' for 'GET' to 'http://localhost:62674/session/d70c7bf29aef6a9ba05c4eec520664b5/url'
14:08:37.398 [Forwarding getCurrentUrl on session d70c7bf29aef6a9ba05c4eec520664b5 to remote] DEBUG org.asynchttpclient.netty.request.NettyRequestSender - Using open Channel [id: 0x0ee37126, L:/127.0.0.1:55767 - R:localhost/127.0.0.1:62674] for GET '/session/d70c7bf29aef6a9ba05c4eec520664b5/url'
14:08:37.530 [AsyncHttpClient-1-8] DEBUG org.asynchttpclient.netty.handler.HttpHandler - 

Request DefaultFullHttpRequest(decodeResult: success, version: HTTP/1.1, content: EmptyByteBufBE)
GET /session/d70c7bf29aef6a9ba05c4eec520664b5/url HTTP/1.1
User-Agent: selenium/4.1.2 (java windows)
Cache-Control: no-cache
Content-Type: application/json; charset=utf-8
host: localhost:62674
accept: */*

Response DefaultHttpResponse(decodeResult: success, version: HTTP/1.1)
HTTP/1.1 200 OK
Content-Type: application/json; charset=utf-8
cache-control: no-cache
content-length: 41

14:08:37.530 [AsyncHttpClient-1-8] DEBUG org.asynchttpclient.netty.channel.ChannelManager - Adding key: http://localhost:62674 for channel [id: 0x0ee37126, L:/127.0.0.1:55767 - R:localhost/127.0.0.1:62674]
14:08:37.545 [Forwarding findElement on session d70c7bf29aef6a9ba05c4eec520664b5 to remote] DEBUG org.asynchttpclient.netty.request.NettyRequestSender - Using pooled Channel '[id: 0x0ee37126, L:/127.0.0.1:55767 - R:localhost/127.0.0.1:62674]' for 'POST' to 'http://localhost:62674/session/d70c7bf29aef6a9ba05c4eec520664b5/element'
14:08:37.545 [Forwarding findElement on session d70c7bf29aef6a9ba05c4eec520664b5 to remote] DEBUG org.asynchttpclient.netty.request.NettyRequestSender - Using open Channel [id: 0x0ee37126, L:/127.0.0.1:55767 - R:localhost/127.0.0.1:62674] for POST '/session/d70c7bf29aef6a9ba05c4eec520664b5/element'
14:08:37.578 [AsyncHttpClient-1-8] DEBUG org.asynchttpclient.netty.handler.HttpHandler - 

Request DefaultHttpRequest(decodeResult: success, version: HTTP/1.1)
POST /session/d70c7bf29aef6a9ba05c4eec520664b5/element HTTP/1.1
User-Agent: selenium/4.1.2 (java windows)
Content-Length: 77
Content-Type: application/json; charset=utf-8
host: localhost:62674
accept: */*

Response DefaultHttpResponse(decodeResult: success, version: HTTP/1.1)
HTTP/1.1 200 OK
Content-Type: application/json; charset=utf-8
cache-control: no-cache
content-length: 88

14:08:37.578 [AsyncHttpClient-1-8] DEBUG org.asynchttpclient.netty.channel.ChannelManager - Adding key: http://localhost:62674 for channel [id: 0x0ee37126, L:/127.0.0.1:55767 - R:localhost/127.0.0.1:62674]
14:08:37.593 [Forwarding isElementDisplayed on session d70c7bf29aef6a9ba05c4eec520664b5 to remote] DEBUG org.asynchttpclient.netty.request.NettyRequestSender - Using pooled Channel '[id: 0x0ee37126, L:/127.0.0.1:55767 - R:localhost/127.0.0.1:62674]' for 'POST' to 'http://localhost:62674/session/d70c7bf29aef6a9ba05c4eec520664b5/execute/sync'
14:08:37.593 [Forwarding isElementDisplayed on session d70c7bf29aef6a9ba05c4eec520664b5 to remote] DEBUG org.asynchttpclient.netty.request.NettyRequestSender - Using open Channel [id: 0x0ee37126, L:/127.0.0.1:55767 - R:localhost/127.0.0.1:62674] for POST '/session/d70c7bf29aef6a9ba05c4eec520664b5/execute/sync'
14:08:37.621 [AsyncHttpClient-1-8] DEBUG org.asynchttpclient.netty.handler.HttpHandler - 

Request DefaultHttpRequest(decodeResult: success, version: HTTP/1.1)
POST /session/d70c7bf29aef6a9ba05c4eec520664b5/execute/sync HTTP/1.1
User-Agent: selenium/4.1.2 (java windows)
Content-Length: 48780
Content-Type: application/json; charset=utf-8
host: localhost:62674
accept: */*

Response DefaultHttpResponse(decodeResult: success, version: HTTP/1.1)
HTTP/1.1 200 OK
Content-Type: application/json; charset=utf-8
cache-control: no-cache
content-length: 14

14:08:37.625 [AsyncHttpClient-1-8] DEBUG org.asynchttpclient.netty.channel.ChannelManager - Adding key: http://localhost:62674 for channel [id: 0x0ee37126, L:/127.0.0.1:55767 - R:localhost/127.0.0.1:62674]
  &amp#27;[32mGiven &amp#27;[0m&amp#27;[32mI am on the home page&amp#27;[0m             &amp#27;[90m# starter.stepdefinitions.LoginStepDefinition.iAmOnTheHomePage()&amp#27;[0m
14:08:37.636 [Forwarding screenshot on session d70c7bf29aef6a9ba05c4eec520664b5 to remote] DEBUG org.asynchttpclient.netty.request.NettyRequestSender - Using pooled Channel '[id: 0x0ee37126, L:/127.0.0.1:55767 - R:localhost/127.0.0.1:62674]' for 'GET' to 'http://localhost:62674/session/d70c7bf29aef6a9ba05c4eec520664b5/screenshot'
14:08:37.636 [Forwarding screenshot on session d70c7bf29aef6a9ba05c4eec520664b5 to remote] DEBUG org.asynchttpclient.netty.request.NettyRequestSender - Using open Channel [id: 0x0ee37126, L:/127.0.0.1:55767 - R:localhost/127.0.0.1:62674] for GET '/session/d70c7bf29aef6a9ba05c4eec520664b5/screenshot'
14:08:37.887 [AsyncHttpClient-1-8] DEBUG org.asynchttpclient.netty.handler.HttpHandler - 

Request DefaultFullHttpRequest(decodeResult: success, version: HTTP/1.1, content: EmptyByteBufBE)
GET /session/d70c7bf29aef6a9ba05c4eec520664b5/screenshot HTTP/1.1
User-Agent: selenium/4.1.2 (java windows)
Cache-Control: no-cache
Content-Type: application/json; charset=utf-8
host: localhost:62674
accept: */*

Response DefaultHttpResponse(decodeResult: success, version: HTTP/1.1)
HTTP/1.1 200 OK
Content-Type: application/json; charset=utf-8
cache-control: no-cache
content-length: 31156

14:08:37.889 [AsyncHttpClient-1-8] DEBUG org.asynchttpclient.netty.channel.ChannelManager - Adding key: http://localhost:62674 for channel [id: 0x0ee37126, L:/127.0.0.1:55767 - R:localhost/127.0.0.1:62674]
14:08:37.894 [main] DEBUG net.serenitybdd.core.photography.Darkroom - Send negative for processing for target\site\serenity\e8f9346d14c299c968c3aaa17867faca41f72166ca561946a43c4cfacc347898.png
14:08:37.894 [Darkroom Processing Line] DEBUG net.serenitybdd.core.photography.DarkroomProcessingLine - Processing screenshot image in /var/screenshots/screenshot-17012505290707084925
14:08:37.894 [Darkroom Processing Line] DEBUG net.serenitybdd.core.photography.DarkroomProcessingLine - Saving screenshot to target\site\serenity\e8f9346d14c299c968c3aaa17867faca41f72166ca561946a43c4cfacc347898.png
14:08:37.910 [Forwarding findElement on session d70c7bf29aef6a9ba05c4eec520664b5 to remote] DEBUG org.asynchttpclient.netty.request.NettyRequestSender - Using pooled Channel '[id: 0x0ee37126, L:/127.0.0.1:55767 - R:localhost/127.0.0.1:62674]' for 'POST' to 'http://localhost:62674/session/d70c7bf29aef6a9ba05c4eec520664b5/element'
14:08:37.910 [Forwarding findElement on session d70c7bf29aef6a9ba05c4eec520664b5 to remote] DEBUG org.asynchttpclient.netty.request.NettyRequestSender - Using open Channel [id: 0x0ee37126, L:/127.0.0.1:55767 - R:localhost/127.0.0.1:62674] for POST '/session/d70c7bf29aef6a9ba05c4eec520664b5/element'
14:08:37.930 [AsyncHttpClient-1-1] DEBUG org.asynchttpclient.netty.channel.DefaultChannelPool - Entry count for : http://localhost:55768 : 1
14:08:37.938 [AsyncHttpClient-1-8] DEBUG org.asynchttpclient.netty.handler.HttpHandler - 

Request DefaultHttpRequest(decodeResult: success, version: HTTP/1.1)
POST /session/d70c7bf29aef6a9ba05c4eec520664b5/element HTTP/1.1
User-Agent: selenium/4.1.2 (java windows)
Content-Length: 97
Content-Type: application/json; charset=utf-8
host: localhost:62674
accept: */*

Response DefaultHttpResponse(decodeResult: success, version: HTTP/1.1)
HTTP/1.1 200 OK
Content-Type: application/json; charset=utf-8
cache-control: no-cache
content-length: 88

14:08:37.938 [AsyncHttpClient-1-8] DEBUG org.asynchttpclient.netty.channel.ChannelManager - Adding key: http://localhost:62674 for channel [id: 0x0ee37126, L:/127.0.0.1:55767 - R:localhost/127.0.0.1:62674]
14:08:37.943 [Forwarding getElementTagName on session d70c7bf29aef6a9ba05c4eec520664b5 to remote] DEBUG org.asynchttpclient.netty.request.NettyRequestSender - Using pooled Channel '[id: 0x0ee37126, L:/127.0.0.1:55767 - R:localhost/127.0.0.1:62674]' for 'GET' to 'http://localhost:62674/session/d70c7bf29aef6a9ba05c4eec520664b5/element/ab4d0d1d-0061-4e9c-abc4-5f78c8fcbfba/name'
14:08:37.943 [Forwarding getElementTagName on session d70c7bf29aef6a9ba05c4eec520664b5 to remote] DEBUG org.asynchttpclient.netty.request.NettyRequestSender - Using open Channel [id: 0x0ee37126, L:/127.0.0.1:55767 - R:localhost/127.0.0.1:62674] for GET '/session/d70c7bf29aef6a9ba05c4eec520664b5/element/ab4d0d1d-0061-4e9c-abc4-5f78c8fcbfba/name'
14:08:37.954 [AsyncHttpClient-1-8] DEBUG org.asynchttpclient.netty.handler.HttpHandler - 

Request DefaultFullHttpRequest(decodeResult: success, version: HTTP/1.1, content: EmptyByteBufBE)
GET /session/d70c7bf29aef6a9ba05c4eec520664b5/element/ab4d0d1d-0061-4e9c-abc4-5f78c8fcbfba/name HTTP/1.1
User-Agent: selenium/4.1.2 (java windows)
Cache-Control: no-cache
Content-Type: application/json; charset=utf-8
host: localhost:62674
accept: */*

Response DefaultHttpResponse(decodeResult: success, version: HTTP/1.1)
HTTP/1.1 200 OK
Content-Type: application/json; charset=utf-8
cache-control: no-cache
content-length: 13

14:08:37.954 [AsyncHttpClient-1-8] DEBUG org.asynchttpclient.netty.channel.ChannelManager - Adding key: http://localhost:62674 for channel [id: 0x0ee37126, L:/127.0.0.1:55767 - R:localhost/127.0.0.1:62674]
14:08:37.959 [Forwarding getElementTagName on session d70c7bf29aef6a9ba05c4eec520664b5 to remote] DEBUG org.asynchttpclient.netty.request.NettyRequestSender - Using pooled Channel '[id: 0x0ee37126, L:/127.0.0.1:55767 - R:localhost/127.0.0.1:62674]' for 'GET' to 'http://localhost:62674/session/d70c7bf29aef6a9ba05c4eec520664b5/element/ab4d0d1d-0061-4e9c-abc4-5f78c8fcbfba/name'
14:08:37.959 [Forwarding getElementTagName on session d70c7bf29aef6a9ba05c4eec520664b5 to remote] DEBUG org.asynchttpclient.netty.request.NettyRequestSender - Using open Channel [id: 0x0ee37126, L:/127.0.0.1:55767 - R:localhost/127.0.0.1:62674] for GET '/session/d70c7bf29aef6a9ba05c4eec520664b5/element/ab4d0d1d-0061-4e9c-abc4-5f78c8fcbfba/name'
14:08:37.970 [AsyncHttpClient-1-8] DEBUG org.asynchttpclient.netty.handler.HttpHandler - 

Request DefaultFullHttpRequest(decodeResult: success, version: HTTP/1.1, content: EmptyByteBufBE)
GET /session/d70c7bf29aef6a9ba05c4eec520664b5/element/ab4d0d1d-0061-4e9c-abc4-5f78c8fcbfba/name HTTP/1.1
User-Agent: selenium/4.1.2 (java windows)
Cache-Control: no-cache
Content-Type: application/json; charset=utf-8
host: localhost:62674
accept: */*

Response DefaultHttpResponse(decodeResult: success, version: HTTP/1.1)
HTTP/1.1 200 OK
Content-Type: application/json; charset=utf-8
cache-control: no-cache
content-length: 13

14:08:37.970 [AsyncHttpClient-1-8] DEBUG org.asynchttpclient.netty.channel.ChannelManager - Adding key: http://localhost:62674 for channel [id: 0x0ee37126, L:/127.0.0.1:55767 - R:localhost/127.0.0.1:62674]
14:08:37.980 [Forwarding findElement on session d70c7bf29aef6a9ba05c4eec520664b5 to remote] DEBUG org.asynchttpclient.netty.request.NettyRequestSender - Using pooled Channel '[id: 0x0ee37126, L:/127.0.0.1:55767 - R:localhost/127.0.0.1:62674]' for 'POST' to 'http://localhost:62674/session/d70c7bf29aef6a9ba05c4eec520664b5/element'
14:08:37.980 [Forwarding findElement on session d70c7bf29aef6a9ba05c4eec520664b5 to remote] DEBUG org.asynchttpclient.netty.request.NettyRequestSender - Using open Channel [id: 0x0ee37126, L:/127.0.0.1:55767 - R:localhost/127.0.0.1:62674] for POST '/session/d70c7bf29aef6a9ba05c4eec520664b5/element'
14:08:37.995 [AsyncHttpClient-1-8] DEBUG org.asynchttpclient.netty.handler.HttpHandler - 

Request DefaultHttpRequest(decodeResult: success, version: HTTP/1.1)
POST /session/d70c7bf29aef6a9ba05c4eec520664b5/element HTTP/1.1
User-Agent: selenium/4.1.2 (java windows)
Content-Length: 97
Content-Type: application/json; charset=utf-8
host: localhost:62674
accept: */*

Response DefaultHttpResponse(decodeResult: success, version: HTTP/1.1)
HTTP/1.1 200 OK
Content-Type: application/json; charset=utf-8
cache-control: no-cache
content-length: 88

14:08:37.996 [AsyncHttpClient-1-8] DEBUG org.asynchttpclient.netty.channel.ChannelManager - Adding key: http://localhost:62674 for channel [id: 0x0ee37126, L:/127.0.0.1:55767 - R:localhost/127.0.0.1:62674]
14:08:37.998 [Forwarding clickElement on session d70c7bf29aef6a9ba05c4eec520664b5 to remote] DEBUG org.asynchttpclient.netty.request.NettyRequestSender - Using pooled Channel '[id: 0x0ee37126, L:/127.0.0.1:55767 - R:localhost/127.0.0.1:62674]' for 'POST' to 'http://localhost:62674/session/d70c7bf29aef6a9ba05c4eec520664b5/element/ab4d0d1d-0061-4e9c-abc4-5f78c8fcbfba/click'
14:08:37.998 [Forwarding clickElement on session d70c7bf29aef6a9ba05c4eec520664b5 to remote] DEBUG org.asynchttpclient.netty.request.NettyRequestSender - Using open Channel [id: 0x0ee37126, L:/127.0.0.1:55767 - R:localhost/127.0.0.1:62674] for POST '/session/d70c7bf29aef6a9ba05c4eec520664b5/element/ab4d0d1d-0061-4e9c-abc4-5f78c8fcbfba/click'
14:08:38.064 [AsyncHttpClient-1-8] DEBUG org.asynchttpclient.netty.handler.HttpHandler - 

Request DefaultHttpRequest(decodeResult: success, version: HTTP/1.1)
POST /session/d70c7bf29aef6a9ba05c4eec520664b5/element/ab4d0d1d-0061-4e9c-abc4-5f78c8fcbfba/click HTTP/1.1
User-Agent: selenium/4.1.2 (java windows)
Content-Length: 50
Content-Type: application/json; charset=utf-8
host: localhost:62674
accept: */*

Response DefaultHttpResponse(decodeResult: success, version: HTTP/1.1)
HTTP/1.1 200 OK
Content-Type: application/json; charset=utf-8
cache-control: no-cache
content-length: 14

14:08:38.066 [AsyncHttpClient-1-8] DEBUG org.asynchttpclient.netty.channel.ChannelManager - Adding key: http://localhost:62674 for channel [id: 0x0ee37126, L:/127.0.0.1:55767 - R:localhost/127.0.0.1:62674]
  &amp#27;[32mAnd &amp#27;[0m&amp#27;[32mI click login icon&amp#27;[0m                  &amp#27;[90m# starter.stepdefinitions.LoginStepDefinition.iClickLoginIcon()&amp#27;[0m
14:08:38.078 [Forwarding screenshot on session d70c7bf29aef6a9ba05c4eec520664b5 to remote] DEBUG org.asynchttpclient.netty.request.NettyRequestSender - Using pooled Channel '[id: 0x0ee37126, L:/127.0.0.1:55767 - R:localhost/127.0.0.1:62674]' for 'GET' to 'http://localhost:62674/session/d70c7bf29aef6a9ba05c4eec520664b5/screenshot'
14:08:38.079 [Forwarding screenshot on session d70c7bf29aef6a9ba05c4eec520664b5 to remote] DEBUG org.asynchttpclient.netty.request.NettyRequestSender - Using open Channel [id: 0x0ee37126, L:/127.0.0.1:55767 - R:localhost/127.0.0.1:62674] for GET '/session/d70c7bf29aef6a9ba05c4eec520664b5/screenshot'
14:08:38.323 [AsyncHttpClient-1-8] DEBUG org.asynchttpclient.netty.handler.HttpHandler - 

Request DefaultFullHttpRequest(decodeResult: success, version: HTTP/1.1, content: EmptyByteBufBE)
GET /session/d70c7bf29aef6a9ba05c4eec520664b5/screenshot HTTP/1.1
User-Agent: selenium/4.1.2 (java windows)
Cache-Control: no-cache
Content-Type: application/json; charset=utf-8
host: localhost:62674
accept: */*

Response DefaultHttpResponse(decodeResult: success, version: HTTP/1.1)
HTTP/1.1 200 OK
Content-Type: application/json; charset=utf-8
cache-control: no-cache
content-length: 28348

14:08:38.323 [AsyncHttpClient-1-8] DEBUG org.asynchttpclient.netty.channel.ChannelManager - Adding key: http://localhost:62674 for channel [id: 0x0ee37126, L:/127.0.0.1:55767 - R:localhost/127.0.0.1:62674]
14:08:38.327 [main] DEBUG net.serenitybdd.core.photography.Darkroom - Send negative for processing for target\site\serenity\af2ffb37782a7101886c154a771a0221a2bf75312c950d17a3436f8743cd99b9.png
14:08:38.328 [Darkroom Processing Line] DEBUG net.serenitybdd.core.photography.DarkroomProcessingLine - Processing screenshot image in /var/screenshots/screenshot-13397191695131229673
14:08:38.328 [Darkroom Processing Line] DEBUG net.serenitybdd.core.photography.DarkroomProcessingLine - Saving screenshot to target\site\serenity\af2ffb37782a7101886c154a771a0221a2bf75312c950d17a3436f8743cd99b9.png
14:08:38.346 [Forwarding findElement on session d70c7bf29aef6a9ba05c4eec520664b5 to remote] DEBUG org.asynchttpclient.netty.request.NettyRequestSender - Using pooled Channel '[id: 0x0ee37126, L:/127.0.0.1:55767 - R:localhost/127.0.0.1:62674]' for 'POST' to 'http://localhost:62674/session/d70c7bf29aef6a9ba05c4eec520664b5/element'
14:08:38.346 [Forwarding findElement on session d70c7bf29aef6a9ba05c4eec520664b5 to remote] DEBUG org.asynchttpclient.netty.request.NettyRequestSender - Using open Channel [id: 0x0ee37126, L:/127.0.0.1:55767 - R:localhost/127.0.0.1:62674] for POST '/session/d70c7bf29aef6a9ba05c4eec520664b5/element'
14:08:38.377 [AsyncHttpClient-1-8] DEBUG org.asynchttpclient.netty.handler.HttpHandler - 

Request DefaultHttpRequest(decodeResult: success, version: HTTP/1.1)
POST /session/d70c7bf29aef6a9ba05c4eec520664b5/element HTTP/1.1
User-Agent: selenium/4.1.2 (java windows)
Content-Length: 88
Content-Type: application/json; charset=utf-8
host: localhost:62674
accept: */*

Response DefaultHttpResponse(decodeResult: success, version: HTTP/1.1)
HTTP/1.1 200 OK
Content-Type: application/json; charset=utf-8
cache-control: no-cache
content-length: 88

14:08:38.377 [AsyncHttpClient-1-8] DEBUG org.asynchttpclient.netty.channel.ChannelManager - Adding key: http://localhost:62674 for channel [id: 0x0ee37126, L:/127.0.0.1:55767 - R:localhost/127.0.0.1:62674]
14:08:38.380 [Forwarding clearElement on session d70c7bf29aef6a9ba05c4eec520664b5 to remote] DEBUG org.asynchttpclient.netty.request.NettyRequestSender - Using pooled Channel '[id: 0x0ee37126, L:/127.0.0.1:55767 - R:localhost/127.0.0.1:62674]' for 'POST' to 'http://localhost:62674/session/d70c7bf29aef6a9ba05c4eec520664b5/element/867c9cfb-2669-4ea0-b385-c0b3390253a8/clear'
14:08:38.380 [Forwarding clearElement on session d70c7bf29aef6a9ba05c4eec520664b5 to remote] DEBUG org.asynchttpclient.netty.request.NettyRequestSender - Using open Channel [id: 0x0ee37126, L:/127.0.0.1:55767 - R:localhost/127.0.0.1:62674] for POST '/session/d70c7bf29aef6a9ba05c4eec520664b5/element/867c9cfb-2669-4ea0-b385-c0b3390253a8/clear'
14:08:38.432 [AsyncHttpClient-1-8] DEBUG org.asynchttpclient.netty.handler.HttpHandler - 

Request DefaultHttpRequest(decodeResult: success, version: HTTP/1.1)
POST /session/d70c7bf29aef6a9ba05c4eec520664b5/element/867c9cfb-2669-4ea0-b385-c0b3390253a8/clear HTTP/1.1
User-Agent: selenium/4.1.2 (java windows)
Content-Length: 50
Content-Type: application/json; charset=utf-8
host: localhost:62674
accept: */*

Response DefaultHttpResponse(decodeResult: success, version: HTTP/1.1)
HTTP/1.1 200 OK
Content-Type: application/json; charset=utf-8
cache-control: no-cache
content-length: 14

14:08:38.432 [AsyncHttpClient-1-8] DEBUG org.asynchttpclient.netty.channel.ChannelManager - Adding key: http://localhost:62674 for channel [id: 0x0ee37126, L:/127.0.0.1:55767 - R:localhost/127.0.0.1:62674]
14:08:38.435 [Forwarding sendKeysToElement on session d70c7bf29aef6a9ba05c4eec520664b5 to remote] DEBUG org.asynchttpclient.netty.request.NettyRequestSender - Using pooled Channel '[id: 0x0ee37126, L:/127.0.0.1:55767 - R:localhost/127.0.0.1:62674]' for 'POST' to 'http://localhost:62674/session/d70c7bf29aef6a9ba05c4eec520664b5/element/867c9cfb-2669-4ea0-b385-c0b3390253a8/value'
14:08:38.435 [Forwarding sendKeysToElement on session d70c7bf29aef6a9ba05c4eec520664b5 to remote] DEBUG org.asynchttpclient.netty.request.NettyRequestSender - Using open Channel [id: 0x0ee37126, L:/127.0.0.1:55767 - R:localhost/127.0.0.1:62674] for POST '/session/d70c7bf29aef6a9ba05c4eec520664b5/element/867c9cfb-2669-4ea0-b385-c0b3390253a8/value'
14:08:38.663 [AsyncHttpClient-1-8] DEBUG org.asynchttpclient.netty.handler.HttpHandler - 

Request DefaultHttpRequest(decodeResult: success, version: HTTP/1.1)
POST /session/d70c7bf29aef6a9ba05c4eec520664b5/element/867c9cfb-2669-4ea0-b385-c0b3390253a8/value HTTP/1.1
User-Agent: selenium/4.1.2 (java windows)
Content-Length: 261
Content-Type: application/json; charset=utf-8
host: localhost:62674
accept: */*

Response DefaultHttpResponse(decodeResult: success, version: HTTP/1.1)
HTTP/1.1 200 OK
Content-Type: application/json; charset=utf-8
cache-control: no-cache
content-length: 14

14:08:38.663 [AsyncHttpClient-1-8] DEBUG org.asynchttpclient.netty.channel.ChannelManager - Adding key: http://localhost:62674 for channel [id: 0x0ee37126, L:/127.0.0.1:55767 - R:localhost/127.0.0.1:62674]
  &amp#27;[32mWhen &amp#27;[0m&amp#27;[32mI input &amp#27;[0m&amp#27;[32m&amp#27;[1m"rilaaarn@gmail.com"&amp#27;[0m&amp#27;[32m email&amp#27;[0m &amp#27;[90m# starter.stepdefinitions.LoginStepDefinition.iInputEmail(java.lang.String)&amp#27;[0m
14:08:38.673 [Forwarding screenshot on session d70c7bf29aef6a9ba05c4eec520664b5 to remote] DEBUG org.asynchttpclient.netty.request.NettyRequestSender - Using pooled Channel '[id: 0x0ee37126, L:/127.0.0.1:55767 - R:localhost/127.0.0.1:62674]' for 'GET' to 'http://localhost:62674/session/d70c7bf29aef6a9ba05c4eec520664b5/screenshot'
14:08:38.674 [Forwarding screenshot on session d70c7bf29aef6a9ba05c4eec520664b5 to remote] DEBUG org.asynchttpclient.netty.request.NettyRequestSender - Using open Channel [id: 0x0ee37126, L:/127.0.0.1:55767 - R:localhost/127.0.0.1:62674] for GET '/session/d70c7bf29aef6a9ba05c4eec520664b5/screenshot'
14:08:38.972 [AsyncHttpClient-1-8] DEBUG org.asynchttpclient.netty.handler.HttpHandler - 

Request DefaultFullHttpRequest(decodeResult: success, version: HTTP/1.1, content: EmptyByteBufBE)
GET /session/d70c7bf29aef6a9ba05c4eec520664b5/screenshot HTTP/1.1
User-Agent: selenium/4.1.2 (java windows)
Cache-Control: no-cache
Content-Type: application/json; charset=utf-8
host: localhost:62674
accept: */*

Response DefaultHttpResponse(decodeResult: success, version: HTTP/1.1)
HTTP/1.1 200 OK
Content-Type: application/json; charset=utf-8
cache-control: no-cache
content-length: 38176

14:08:38.973 [AsyncHttpClient-1-8] DEBUG org.asynchttpclient.netty.channel.ChannelManager - Adding key: http://localhost:62674 for channel [id: 0x0ee37126, L:/127.0.0.1:55767 - R:localhost/127.0.0.1:62674]
14:08:38.983 [main] DEBUG net.serenitybdd.core.photography.Darkroom - Send negative for processing for target\site\serenity\d8b98f05921a284e2dc57a0d7fef828f05313aa62f5b6c6c480d1e54f383d9f1.png
14:08:38.992 [Darkroom Processing Line] DEBUG net.serenitybdd.core.photography.DarkroomProcessingLine - Processing screenshot image in /var/screenshots/screenshot-7126346101396832833
14:08:38.996 [Darkroom Processing Line] DEBUG net.serenitybdd.core.photography.DarkroomProcessingLine - Saving screenshot to target\site\serenity\d8b98f05921a284e2dc57a0d7fef828f05313aa62f5b6c6c480d1e54f383d9f1.png
14:08:39.025 [Forwarding findElement on session d70c7bf29aef6a9ba05c4eec520664b5 to remote] DEBUG org.asynchttpclient.netty.request.NettyRequestSender - Using pooled Channel '[id: 0x0ee37126, L:/127.0.0.1:55767 - R:localhost/127.0.0.1:62674]' for 'POST' to 'http://localhost:62674/session/d70c7bf29aef6a9ba05c4eec520664b5/element'
14:08:39.025 [Forwarding findElement on session d70c7bf29aef6a9ba05c4eec520664b5 to remote] DEBUG org.asynchttpclient.netty.request.NettyRequestSender - Using open Channel [id: 0x0ee37126, L:/127.0.0.1:55767 - R:localhost/127.0.0.1:62674] for POST '/session/d70c7bf29aef6a9ba05c4eec520664b5/element'
14:08:39.036 [AsyncHttpClient-1-1] DEBUG org.asynchttpclient.netty.channel.DefaultChannelPool - Entry count for : http://localhost:55768 : 1
14:08:39.062 [AsyncHttpClient-1-8] DEBUG org.asynchttpclient.netty.handler.HttpHandler - 

Request DefaultHttpRequest(decodeResult: success, version: HTTP/1.1)
POST /session/d70c7bf29aef6a9ba05c4eec520664b5/element HTTP/1.1
User-Agent: selenium/4.1.2 (java windows)
Content-Length: 91
Content-Type: application/json; charset=utf-8
host: localhost:62674
accept: */*

Response DefaultHttpResponse(decodeResult: success, version: HTTP/1.1)
HTTP/1.1 200 OK
Content-Type: application/json; charset=utf-8
cache-control: no-cache
content-length: 88

14:08:39.063 [AsyncHttpClient-1-8] DEBUG org.asynchttpclient.netty.channel.ChannelManager - Adding key: http://localhost:62674 for channel [id: 0x0ee37126, L:/127.0.0.1:55767 - R:localhost/127.0.0.1:62674]
14:08:39.068 [Forwarding clearElement on session d70c7bf29aef6a9ba05c4eec520664b5 to remote] DEBUG org.asynchttpclient.netty.request.NettyRequestSender - Using pooled Channel '[id: 0x0ee37126, L:/127.0.0.1:55767 - R:localhost/127.0.0.1:62674]' for 'POST' to 'http://localhost:62674/session/d70c7bf29aef6a9ba05c4eec520664b5/element/17a2e313-f81b-4baf-a712-23aa8b882d9c/clear'
14:08:39.068 [Forwarding clearElement on session d70c7bf29aef6a9ba05c4eec520664b5 to remote] DEBUG org.asynchttpclient.netty.request.NettyRequestSender - Using open Channel [id: 0x0ee37126, L:/127.0.0.1:55767 - R:localhost/127.0.0.1:62674] for POST '/session/d70c7bf29aef6a9ba05c4eec520664b5/element/17a2e313-f81b-4baf-a712-23aa8b882d9c/clear'
14:08:39.114 [AsyncHttpClient-1-8] DEBUG org.asynchttpclient.netty.handler.HttpHandler - 

Request DefaultHttpRequest(decodeResult: success, version: HTTP/1.1)
POST /session/d70c7bf29aef6a9ba05c4eec520664b5/element/17a2e313-f81b-4baf-a712-23aa8b882d9c/clear HTTP/1.1
User-Agent: selenium/4.1.2 (java windows)
Content-Length: 50
Content-Type: application/json; charset=utf-8
host: localhost:62674
accept: */*

Response DefaultHttpResponse(decodeResult: success, version: HTTP/1.1)
HTTP/1.1 200 OK
Content-Type: application/json; charset=utf-8
cache-control: no-cache
content-length: 14

14:08:39.114 [AsyncHttpClient-1-8] DEBUG org.asynchttpclient.netty.channel.ChannelManager - Adding key: http://localhost:62674 for channel [id: 0x0ee37126, L:/127.0.0.1:55767 - R:localhost/127.0.0.1:62674]
14:08:39.117 [Forwarding sendKeysToElement on session d70c7bf29aef6a9ba05c4eec520664b5 to remote] DEBUG org.asynchttpclient.netty.request.NettyRequestSender - Using pooled Channel '[id: 0x0ee37126, L:/127.0.0.1:55767 - R:localhost/127.0.0.1:62674]' for 'POST' to 'http://localhost:62674/session/d70c7bf29aef6a9ba05c4eec520664b5/element/17a2e313-f81b-4baf-a712-23aa8b882d9c/value'
14:08:39.117 [Forwarding sendKeysToElement on session d70c7bf29aef6a9ba05c4eec520664b5 to remote] DEBUG org.asynchttpclient.netty.request.NettyRequestSender - Using open Channel [id: 0x0ee37126, L:/127.0.0.1:55767 - R:localhost/127.0.0.1:62674] for POST '/session/d70c7bf29aef6a9ba05c4eec520664b5/element/17a2e313-f81b-4baf-a712-23aa8b882d9c/value'
14:08:39.264 [AsyncHttpClient-1-8] DEBUG org.asynchttpclient.netty.handler.HttpHandler - 

Request DefaultHttpRequest(decodeResult: success, version: HTTP/1.1)
POST /session/d70c7bf29aef6a9ba05c4eec520664b5/element/17a2e313-f81b-4baf-a712-23aa8b882d9c/value HTTP/1.1
User-Agent: selenium/4.1.2 (java windows)
Content-Length: 161
Content-Type: application/json; charset=utf-8
host: localhost:62674
accept: */*

Response DefaultHttpResponse(decodeResult: success, version: HTTP/1.1)
HTTP/1.1 200 OK
Content-Type: application/json; charset=utf-8
cache-control: no-cache
content-length: 14

14:08:39.264 [AsyncHttpClient-1-8] DEBUG org.asynchttpclient.netty.channel.ChannelManager - Adding key: http://localhost:62674 for channel [id: 0x0ee37126, L:/127.0.0.1:55767 - R:localhost/127.0.0.1:62674]
  &amp#27;[32mAnd &amp#27;[0m&amp#27;[32mI input &amp#27;[0m&amp#27;[32m&amp#27;[1m"aaaaaaaa"&amp#27;[0m&amp#27;[32m password&amp#27;[0m         &amp#27;[90m# starter.stepdefinitions.LoginStepDefinition.iInputPassword(java.lang.String)&amp#27;[0m
14:08:39.281 [Forwarding screenshot on session d70c7bf29aef6a9ba05c4eec520664b5 to remote] DEBUG org.asynchttpclient.netty.request.NettyRequestSender - Using pooled Channel '[id: 0x0ee37126, L:/127.0.0.1:55767 - R:localhost/127.0.0.1:62674]' for 'GET' to 'http://localhost:62674/session/d70c7bf29aef6a9ba05c4eec520664b5/screenshot'
14:08:39.281 [Forwarding screenshot on session d70c7bf29aef6a9ba05c4eec520664b5 to remote] DEBUG org.asynchttpclient.netty.request.NettyRequestSender - Using open Channel [id: 0x0ee37126, L:/127.0.0.1:55767 - R:localhost/127.0.0.1:62674] for GET '/session/d70c7bf29aef6a9ba05c4eec520664b5/screenshot'
14:08:39.469 [AsyncHttpClient-1-8] DEBUG org.asynchttpclient.netty.handler.HttpHandler - 

Request DefaultFullHttpRequest(decodeResult: success, version: HTTP/1.1, content: EmptyByteBufBE)
GET /session/d70c7bf29aef6a9ba05c4eec520664b5/screenshot HTTP/1.1
User-Agent: selenium/4.1.2 (java windows)
Cache-Control: no-cache
Content-Type: application/json; charset=utf-8
host: localhost:62674
accept: */*

Response DefaultHttpResponse(decodeResult: success, version: HTTP/1.1)
HTTP/1.1 200 OK
Content-Type: application/json; charset=utf-8
cache-control: no-cache
content-length: 39740

14:08:39.470 [AsyncHttpClient-1-8] DEBUG org.asynchttpclient.netty.channel.ChannelManager - Adding key: http://localhost:62674 for channel [id: 0x0ee37126, L:/127.0.0.1:55767 - R:localhost/127.0.0.1:62674]
14:08:39.474 [main] DEBUG net.serenitybdd.core.photography.Darkroom - Send negative for processing for target\site\serenity\8a7f7b9f6a284c2000462b6625e59e0b863459ef000bd54ab162fcbebe987538.png
14:08:39.476 [Darkroom Processing Line] DEBUG net.serenitybdd.core.photography.DarkroomProcessingLine - Processing screenshot image in /var/screenshots/screenshot-18101942888777704214
14:08:39.476 [Darkroom Processing Line] DEBUG net.serenitybdd.core.photography.DarkroomProcessingLine - Saving screenshot to target\site\serenity\8a7f7b9f6a284c2000462b6625e59e0b863459ef000bd54ab162fcbebe987538.png
14:08:39.496 [Forwarding findElement on session d70c7bf29aef6a9ba05c4eec520664b5 to remote] DEBUG org.asynchttpclient.netty.request.NettyRequestSender - Using pooled Channel '[id: 0x0ee37126, L:/127.0.0.1:55767 - R:localhost/127.0.0.1:62674]' for 'POST' to 'http://localhost:62674/session/d70c7bf29aef6a9ba05c4eec520664b5/element'
14:08:39.496 [Forwarding findElement on session d70c7bf29aef6a9ba05c4eec520664b5 to remote] DEBUG org.asynchttpclient.netty.request.NettyRequestSender - Using open Channel [id: 0x0ee37126, L:/127.0.0.1:55767 - R:localhost/127.0.0.1:62674] for POST '/session/d70c7bf29aef6a9ba05c4eec520664b5/element'
14:08:39.519 [AsyncHttpClient-1-8] DEBUG org.asynchttpclient.netty.handler.HttpHandler - 

Request DefaultHttpRequest(decodeResult: success, version: HTTP/1.1)
POST /session/d70c7bf29aef6a9ba05c4eec520664b5/element HTTP/1.1
User-Agent: selenium/4.1.2 (java windows)
Content-Length: 83
Content-Type: application/json; charset=utf-8
host: localhost:62674
accept: */*

Response DefaultHttpResponse(decodeResult: success, version: HTTP/1.1)
HTTP/1.1 200 OK
Content-Type: application/json; charset=utf-8
cache-control: no-cache
content-length: 88

14:08:39.519 [AsyncHttpClient-1-8] DEBUG org.asynchttpclient.netty.channel.ChannelManager - Adding key: http://localhost:62674 for channel [id: 0x0ee37126, L:/127.0.0.1:55767 - R:localhost/127.0.0.1:62674]
14:08:39.525 [Forwarding getElementTagName on session d70c7bf29aef6a9ba05c4eec520664b5 to remote] DEBUG org.asynchttpclient.netty.request.NettyRequestSender - Using pooled Channel '[id: 0x0ee37126, L:/127.0.0.1:55767 - R:localhost/127.0.0.1:62674]' for 'GET' to 'http://localhost:62674/session/d70c7bf29aef6a9ba05c4eec520664b5/element/d8dbcfd1-1e39-4203-8880-e594f419888c/name'
14:08:39.525 [Forwarding getElementTagName on session d70c7bf29aef6a9ba05c4eec520664b5 to remote] DEBUG org.asynchttpclient.netty.request.NettyRequestSender - Using open Channel [id: 0x0ee37126, L:/127.0.0.1:55767 - R:localhost/127.0.0.1:62674] for GET '/session/d70c7bf29aef6a9ba05c4eec520664b5/element/d8dbcfd1-1e39-4203-8880-e594f419888c/name'
14:08:39.539 [AsyncHttpClient-1-8] DEBUG org.asynchttpclient.netty.handler.HttpHandler - 

Request DefaultFullHttpRequest(decodeResult: success, version: HTTP/1.1, content: EmptyByteBufBE)
GET /session/d70c7bf29aef6a9ba05c4eec520664b5/element/d8dbcfd1-1e39-4203-8880-e594f419888c/name HTTP/1.1
User-Agent: selenium/4.1.2 (java windows)
Cache-Control: no-cache
Content-Type: application/json; charset=utf-8
host: localhost:62674
accept: */*

Response DefaultHttpResponse(decodeResult: success, version: HTTP/1.1)
HTTP/1.1 200 OK
Content-Type: application/json; charset=utf-8
cache-control: no-cache
content-length: 16

14:08:39.539 [AsyncHttpClient-1-8] DEBUG org.asynchttpclient.netty.channel.ChannelManager - Adding key: http://localhost:62674 for channel [id: 0x0ee37126, L:/127.0.0.1:55767 - R:localhost/127.0.0.1:62674]
14:08:39.544 [Forwarding getElementTagName on session d70c7bf29aef6a9ba05c4eec520664b5 to remote] DEBUG org.asynchttpclient.netty.request.NettyRequestSender - Using pooled Channel '[id: 0x0ee37126, L:/127.0.0.1:55767 - R:localhost/127.0.0.1:62674]' for 'GET' to 'http://localhost:62674/session/d70c7bf29aef6a9ba05c4eec520664b5/element/d8dbcfd1-1e39-4203-8880-e594f419888c/name'
14:08:39.544 [Forwarding getElementTagName on session d70c7bf29aef6a9ba05c4eec520664b5 to remote] DEBUG org.asynchttpclient.netty.request.NettyRequestSender - Using open Channel [id: 0x0ee37126, L:/127.0.0.1:55767 - R:localhost/127.0.0.1:62674] for GET '/session/d70c7bf29aef6a9ba05c4eec520664b5/element/d8dbcfd1-1e39-4203-8880-e594f419888c/name'
14:08:39.549 [AsyncHttpClient-1-8] DEBUG org.asynchttpclient.netty.handler.HttpHandler - 

Request DefaultFullHttpRequest(decodeResult: success, version: HTTP/1.1, content: EmptyByteBufBE)
GET /session/d70c7bf29aef6a9ba05c4eec520664b5/element/d8dbcfd1-1e39-4203-8880-e594f419888c/name HTTP/1.1
User-Agent: selenium/4.1.2 (java windows)
Cache-Control: no-cache
Content-Type: application/json; charset=utf-8
host: localhost:62674
accept: */*

Response DefaultHttpResponse(decodeResult: success, version: HTTP/1.1)
HTTP/1.1 200 OK
Content-Type: application/json; charset=utf-8
cache-control: no-cache
content-length: 16

14:08:39.549 [AsyncHttpClient-1-8] DEBUG org.asynchttpclient.netty.channel.ChannelManager - Adding key: http://localhost:62674 for channel [id: 0x0ee37126, L:/127.0.0.1:55767 - R:localhost/127.0.0.1:62674]
14:08:39.554 [Forwarding findElement on session d70c7bf29aef6a9ba05c4eec520664b5 to remote] DEBUG org.asynchttpclient.netty.request.NettyRequestSender - Using pooled Channel '[id: 0x0ee37126, L:/127.0.0.1:55767 - R:localhost/127.0.0.1:62674]' for 'POST' to 'http://localhost:62674/session/d70c7bf29aef6a9ba05c4eec520664b5/element'
14:08:39.555 [Forwarding findElement on session d70c7bf29aef6a9ba05c4eec520664b5 to remote] DEBUG org.asynchttpclient.netty.request.NettyRequestSender - Using open Channel [id: 0x0ee37126, L:/127.0.0.1:55767 - R:localhost/127.0.0.1:62674] for POST '/session/d70c7bf29aef6a9ba05c4eec520664b5/element'
14:08:39.570 [AsyncHttpClient-1-8] DEBUG org.asynchttpclient.netty.handler.HttpHandler - 

Request DefaultHttpRequest(decodeResult: success, version: HTTP/1.1)
POST /session/d70c7bf29aef6a9ba05c4eec520664b5/element HTTP/1.1
User-Agent: selenium/4.1.2 (java windows)
Content-Length: 83
Content-Type: application/json; charset=utf-8
host: localhost:62674
accept: */*

Response DefaultHttpResponse(decodeResult: success, version: HTTP/1.1)
HTTP/1.1 200 OK
Content-Type: application/json; charset=utf-8
cache-control: no-cache
content-length: 88

14:08:39.570 [AsyncHttpClient-1-8] DEBUG org.asynchttpclient.netty.channel.ChannelManager - Adding key: http://localhost:62674 for channel [id: 0x0ee37126, L:/127.0.0.1:55767 - R:localhost/127.0.0.1:62674]
14:08:39.576 [Forwarding clickElement on session d70c7bf29aef6a9ba05c4eec520664b5 to remote] DEBUG org.asynchttpclient.netty.request.NettyRequestSender - Using pooled Channel '[id: 0x0ee37126, L:/127.0.0.1:55767 - R:localhost/127.0.0.1:62674]' for 'POST' to 'http://localhost:62674/session/d70c7bf29aef6a9ba05c4eec520664b5/element/d8dbcfd1-1e39-4203-8880-e594f419888c/click'
14:08:39.576 [Forwarding clickElement on session d70c7bf29aef6a9ba05c4eec520664b5 to remote] DEBUG org.asynchttpclient.netty.request.NettyRequestSender - Using open Channel [id: 0x0ee37126, L:/127.0.0.1:55767 - R:localhost/127.0.0.1:62674] for POST '/session/d70c7bf29aef6a9ba05c4eec520664b5/element/d8dbcfd1-1e39-4203-8880-e594f419888c/click'
14:08:39.647 [AsyncHttpClient-1-8] DEBUG org.asynchttpclient.netty.handler.HttpHandler - 

Request DefaultHttpRequest(decodeResult: success, version: HTTP/1.1)
POST /session/d70c7bf29aef6a9ba05c4eec520664b5/element/d8dbcfd1-1e39-4203-8880-e594f419888c/click HTTP/1.1
User-Agent: selenium/4.1.2 (java windows)
Content-Length: 50
Content-Type: application/json; charset=utf-8
host: localhost:62674
accept: */*

Response DefaultHttpResponse(decodeResult: success, version: HTTP/1.1)
HTTP/1.1 200 OK
Content-Type: application/json; charset=utf-8
cache-control: no-cache
content-length: 14

14:08:39.648 [AsyncHttpClient-1-8] DEBUG org.asynchttpclient.netty.channel.ChannelManager - Adding key: http://localhost:62674 for channel [id: 0x0ee37126, L:/127.0.0.1:55767 - R:localhost/127.0.0.1:62674]
  &amp#27;[32mAnd &amp#27;[0m&amp#27;[32mI click Login button&amp#27;[0m                &amp#27;[90m# starter.stepdefinitions.LoginStepDefinition.iClickLoginButton()&amp#27;[0m
14:08:39.657 [Forwarding screenshot on session d70c7bf29aef6a9ba05c4eec520664b5 to remote] DEBUG org.asynchttpclient.netty.request.NettyRequestSender - Using pooled Channel '[id: 0x0ee37126, L:/127.0.0.1:55767 - R:localhost/127.0.0.1:62674]' for 'GET' to 'http://localhost:62674/session/d70c7bf29aef6a9ba05c4eec520664b5/screenshot'
14:08:39.657 [Forwarding screenshot on session d70c7bf29aef6a9ba05c4eec520664b5 to remote] DEBUG org.asynchttpclient.netty.request.NettyRequestSender - Using open Channel [id: 0x0ee37126, L:/127.0.0.1:55767 - R:localhost/127.0.0.1:62674] for GET '/session/d70c7bf29aef6a9ba05c4eec520664b5/screenshot'
14:08:39.852 [AsyncHttpClient-1-8] DEBUG org.asynchttpclient.netty.handler.HttpHandler - 

Request DefaultFullHttpRequest(decodeResult: success, version: HTTP/1.1, content: EmptyByteBufBE)
GET /session/d70c7bf29aef6a9ba05c4eec520664b5/screenshot HTTP/1.1
User-Agent: selenium/4.1.2 (java windows)
Cache-Control: no-cache
Content-Type: application/json; charset=utf-8
host: localhost:62674
accept: */*

Response DefaultHttpResponse(decodeResult: success, version: HTTP/1.1)
HTTP/1.1 200 OK
Content-Type: application/json; charset=utf-8
cache-control: no-cache
content-length: 38688

14:08:39.853 [AsyncHttpClient-1-8] DEBUG org.asynchttpclient.netty.channel.ChannelManager - Adding key: http://localhost:62674 for channel [id: 0x0ee37126, L:/127.0.0.1:55767 - R:localhost/127.0.0.1:62674]
14:08:39.856 [main] DEBUG net.serenitybdd.core.photography.Darkroom - Send negative for processing for target\site\serenity\8777039326023653ebe154a3bcce1fd255fff54d1062bebce98cbe027145fcb3.png
14:08:39.857 [Darkroom Processing Line] DEBUG net.serenitybdd.core.photography.DarkroomProcessingLine - Processing screenshot image in /var/screenshots/screenshot-6051812002161135272
14:08:39.858 [Darkroom Processing Line] DEBUG net.serenitybdd.core.photography.DarkroomProcessingLine - Saving screenshot to target\site\serenity\8777039326023653ebe154a3bcce1fd255fff54d1062bebce98cbe027145fcb3.png
14:08:39.871 [Forwarding findElement on session d70c7bf29aef6a9ba05c4eec520664b5 to remote] DEBUG org.asynchttpclient.netty.request.NettyRequestSender - Using pooled Channel '[id: 0x0ee37126, L:/127.0.0.1:55767 - R:localhost/127.0.0.1:62674]' for 'POST' to 'http://localhost:62674/session/d70c7bf29aef6a9ba05c4eec520664b5/element'
14:08:39.872 [Forwarding findElement on session d70c7bf29aef6a9ba05c4eec520664b5 to remote] DEBUG org.asynchttpclient.netty.request.NettyRequestSender - Using open Channel [id: 0x0ee37126, L:/127.0.0.1:55767 - R:localhost/127.0.0.1:62674] for POST '/session/d70c7bf29aef6a9ba05c4eec520664b5/element'
14:08:40.130 [AsyncHttpClient-1-1] DEBUG org.asynchttpclient.netty.channel.DefaultChannelPool - Entry count for : http://localhost:55768 : 1
14:08:40.198 [AsyncHttpClient-1-8] DEBUG org.asynchttpclient.netty.handler.HttpHandler - 

Request DefaultHttpRequest(decodeResult: success, version: HTTP/1.1)
POST /session/d70c7bf29aef6a9ba05c4eec520664b5/element HTTP/1.1
User-Agent: selenium/4.1.2 (java windows)
Content-Length: 81
Content-Type: application/json; charset=utf-8
host: localhost:62674
accept: */*

Response DefaultHttpResponse(decodeResult: success, version: HTTP/1.1)
HTTP/1.1 200 OK
Content-Type: application/json; charset=utf-8
cache-control: no-cache
content-length: 88

14:08:40.198 [AsyncHttpClient-1-8] DEBUG org.asynchttpclient.netty.channel.ChannelManager - Adding key: http://localhost:62674 for channel [id: 0x0ee37126, L:/127.0.0.1:55767 - R:localhost/127.0.0.1:62674]
14:08:40.204 [Forwarding isElementDisplayed on session d70c7bf29aef6a9ba05c4eec520664b5 to remote] DEBUG org.asynchttpclient.netty.request.NettyRequestSender - Using pooled Channel '[id: 0x0ee37126, L:/127.0.0.1:55767 - R:localhost/127.0.0.1:62674]' for 'POST' to 'http://localhost:62674/session/d70c7bf29aef6a9ba05c4eec520664b5/execute/sync'
14:08:40.204 [Forwarding isElementDisplayed on session d70c7bf29aef6a9ba05c4eec520664b5 to remote] DEBUG org.asynchttpclient.netty.request.NettyRequestSender - Using open Channel [id: 0x0ee37126, L:/127.0.0.1:55767 - R:localhost/127.0.0.1:62674] for POST '/session/d70c7bf29aef6a9ba05c4eec520664b5/execute/sync'
14:08:40.233 [AsyncHttpClient-1-8] DEBUG org.asynchttpclient.netty.handler.HttpHandler - 

Request DefaultHttpRequest(decodeResult: success, version: HTTP/1.1)
POST /session/d70c7bf29aef6a9ba05c4eec520664b5/execute/sync HTTP/1.1
User-Agent: selenium/4.1.2 (java windows)
Content-Length: 48780
Content-Type: application/json; charset=utf-8
host: localhost:62674
accept: */*

Response DefaultHttpResponse(decodeResult: success, version: HTTP/1.1)
HTTP/1.1 200 OK
Content-Type: application/json; charset=utf-8
cache-control: no-cache
content-length: 14

14:08:40.233 [AsyncHttpClient-1-8] DEBUG org.asynchttpclient.netty.channel.ChannelManager - Adding key: http://localhost:62674 for channel [id: 0x0ee37126, L:/127.0.0.1:55767 - R:localhost/127.0.0.1:62674]
  &amp#27;[32mThen &amp#27;[0m&amp#27;[32mI will get the &amp#27;[0m&amp#27;[32m&amp#27;[1m"i can't login"&amp#27;[0m     &amp#27;[90m# starter.stepdefinitions.LoginStepDefinition.iWillGetThe(java.lang.String)&amp#27;[0m
14:08:40.245 [Forwarding screenshot on session d70c7bf29aef6a9ba05c4eec520664b5 to remote] DEBUG org.asynchttpclient.netty.request.NettyRequestSender - Using pooled Channel '[id: 0x0ee37126, L:/127.0.0.1:55767 - R:localhost/127.0.0.1:62674]' for 'GET' to 'http://localhost:62674/session/d70c7bf29aef6a9ba05c4eec520664b5/screenshot'
14:08:40.245 [Forwarding screenshot on session d70c7bf29aef6a9ba05c4eec520664b5 to remote] DEBUG org.asynchttpclient.netty.request.NettyRequestSender - Using open Channel [id: 0x0ee37126, L:/127.0.0.1:55767 - R:localhost/127.0.0.1:62674] for GET '/session/d70c7bf29aef6a9ba05c4eec520664b5/screenshot'
14:08:40.428 [AsyncHttpClient-1-8] DEBUG org.asynchttpclient.netty.handler.HttpHandler - 

Request DefaultFullHttpRequest(decodeResult: success, version: HTTP/1.1, content: EmptyByteBufBE)
GET /session/d70c7bf29aef6a9ba05c4eec520664b5/screenshot HTTP/1.1
User-Agent: selenium/4.1.2 (java windows)
Cache-Control: no-cache
Content-Type: application/json; charset=utf-8
host: localhost:62674
accept: */*

Response DefaultHttpResponse(decodeResult: success, version: HTTP/1.1)
HTTP/1.1 200 OK
Content-Type: application/json; charset=utf-8
cache-control: no-cache
content-length: 45680

14:08:40.429 [AsyncHttpClient-1-8] DEBUG org.asynchttpclient.netty.channel.ChannelManager - Adding key: http://localhost:62674 for channel [id: 0x0ee37126, L:/127.0.0.1:55767 - R:localhost/127.0.0.1:62674]
14:08:40.433 [main] DEBUG net.serenitybdd.core.photography.Darkroom - Send negative for processing for target\site\serenity\e26d0e8172da69e64897a02753069e01bf075035e661988fa335d60f7fe93499.png
14:08:40.433 [Darkroom Processing Line] DEBUG net.serenitybdd.core.photography.DarkroomProcessingLine - Processing screenshot image in /var/screenshots/screenshot-14944539184267134553
14:08:40.433 [Darkroom Processing Line] DEBUG net.serenitybdd.core.photography.DarkroomProcessingLine - Saving screenshot to target\site\serenity\e26d0e8172da69e64897a02753069e01bf075035e661988fa335d60f7fe93499.png
14:08:40.445 [AsyncHttpClient-1-2] DEBUG org.asynchttpclient.netty.handler.WebSocketHandler - Channel Closed: [id: 0x9aad859b, L:/127.0.0.1:55775 ! R:localhost/127.0.0.1:55768] with attribute NettyResponseFuture{currentRetry=5,
	isDone=1,
	isCancelled=0,
	asyncHandler=org.asynchttpclient.ws.WebSocketUpgradeHandler@29c28d29,
	nettyRequest=org.asynchttpclient.netty.request.NettyRequest@4a5f3e7e,
	future=java.util.concurrent.CompletableFuture@78e0a85f[Completed normally],
	uri=ws://localhost:55768/devtools/browser/71960dbe-7d20-4733-b20a-8e8c0b05d6cd,
	keepAlive=true,
	redirectCount=0,
	timeoutsHolder=null,
	inAuth=0,
	touch=1669014515752}
14:08:40.445 [AsyncHttpClient-1-2] DEBUG org.asynchttpclient.netty.channel.ChannelManager - Closing Channel [id: 0x9aad859b, L:/127.0.0.1:55775 ! R:localhost/127.0.0.1:55768] 
14:08:40.446 [Driver Command Executor] DEBUG org.asynchttpclient.netty.request.NettyRequestSender - Using pooled Channel '[id: 0x0ee37126, L:/127.0.0.1:55767 - R:localhost/127.0.0.1:62674]' for 'DELETE' to 'http://localhost:62674/session/d70c7bf29aef6a9ba05c4eec520664b5'
14:08:40.446 [Driver Command Executor] DEBUG org.asynchttpclient.netty.request.NettyRequestSender - Using open Channel [id: 0x0ee37126, L:/127.0.0.1:55767 - R:localhost/127.0.0.1:62674] for DELETE '/session/d70c7bf29aef6a9ba05c4eec520664b5'
14:08:40.605 [AsyncHttpClient-1-9] DEBUG org.asynchttpclient.netty.handler.HttpHandler - Unexpected I/O exception on channel [id: 0x80556ef4, L:/127.0.0.1:55774 - R:localhost/127.0.0.1:55768]
java.io.IOException: An existing connection was forcibly closed by the remote host
	at java.base/sun.nio.ch.SocketDispatcher.read0(Native Method)
	at java.base/sun.nio.ch.SocketDispatcher.read(SocketDispatcher.java:43)
	at java.base/sun.nio.ch.IOUtil.readIntoNativeBuffer(IOUtil.java:276)
	at java.base/sun.nio.ch.IOUtil.read(IOUtil.java:233)
	at java.base/sun.nio.ch.IOUtil.read(IOUtil.java:223)
	at java.base/sun.nio.ch.SocketChannelImpl.read(SocketChannelImpl.java:358)
	at io.netty.buffer.PooledByteBuf.setBytes(PooledByteBuf.java:258)
	at io.netty.buffer.AbstractByteBuf.writeBytes(AbstractByteBuf.java:1132)
	at io.netty.channel.socket.nio.NioSocketChannel.doReadBytes(NioSocketChannel.java:350)
	at io.netty.channel.nio.AbstractNioByteChannel$NioByteUnsafe.read(AbstractNioByteChannel.java:151)
	at io.netty.channel.nio.NioEventLoop.processSelectedKey(NioEventLoop.java:722)
	at io.netty.channel.nio.NioEventLoop.processSelectedKeysOptimized(NioEventLoop.java:658)
	at io.netty.channel.nio.NioEventLoop.processSelectedKeys(NioEventLoop.java:584)
	at io.netty.channel.nio.NioEventLoop.run(NioEventLoop.java:496)
	at io.netty.util.concurrent.SingleThreadEventExecutor$4.run(SingleThreadEventExecutor.java:986)
	at io.netty.util.internal.ThreadExecutorMap$2.run(ThreadExecutorMap.java:74)
	at io.netty.util.concurrent.FastThreadLocalRunnable.run(FastThreadLocalRunnable.java:30)
	at java.base/java.lang.Thread.run(Thread.java:834)
14:08:40.605 [AsyncHttpClient-1-9] DEBUG org.asynchttpclient.netty.channel.ChannelManager - Closing Channel [id: 0x80556ef4, L:/127.0.0.1:55774 - R:localhost/127.0.0.1:55768] 
14:08:40.605 [AsyncHttpClient-1-9] DEBUG org.asynchttpclient.netty.handler.HttpHandler - Channel Closed: [id: 0x80556ef4, L:/127.0.0.1:55774 ! R:localhost/127.0.0.1:55768] with attribute DISCARD
14:08:40.632 [AsyncHttpClient-1-8] DEBUG org.asynchttpclient.netty.handler.HttpHandler - 

Request DefaultFullHttpRequest(decodeResult: success, version: HTTP/1.1, content: EmptyByteBufBE)
DELETE /session/d70c7bf29aef6a9ba05c4eec520664b5 HTTP/1.1
User-Agent: selenium/4.1.2 (java windows)
Content-Type: application/json; charset=utf-8
host: localhost:62674
accept: */*

Response DefaultHttpResponse(decodeResult: success, version: HTTP/1.1)
HTTP/1.1 200 OK
Content-Type: application/json; charset=utf-8
cache-control: no-cache
content-length: 14

14:08:40.632 [AsyncHttpClient-1-8] DEBUG org.asynchttpclient.netty.channel.ChannelManager - Adding key: http://localhost:62674 for channel [id: 0x0ee37126, L:/127.0.0.1:55767 - R:localhost/127.0.0.1:62674]
14:08:40.700 [AsyncHttpClient-1-8] DEBUG org.asynchttpclient.netty.handler.HttpHandler - Channel Closed: [id: 0x0ee37126, L:/127.0.0.1:55767 ! R:localhost/127.0.0.1:62674] with attribute DISCARD
]]></system-out>
    <system-err><![CDATA[Starting ChromeDriver 107.0.5304.62 (1eec40d3a5764881c92085aaee66d25075c159aa-refs/branch-heads/5304@{#942}) on port 62674
Only local connections are allowed.
Please see https://chromedriver.chromium.org/security-considerations for suggestions on keeping ChromeDriver safe.
ChromeDriver was started successfully.
Nov 21, 2022 2:08:35 PM org.openqa.selenium.remote.ProtocolHandshake createSession
INFO: Detected dialect: W3C
Nov 21, 2022 2:08:35 PM org.openqa.selenium.devtools.CdpVersionFinder findNearestMatch
WARNING: Unable to find an exact match for CDP version 107, so returning the closest version found: a no-op implementation
Nov 21, 2022 2:08:35 PM org.openqa.selenium.devtools.CdpVersionFinder findNearestMatch
INFO: Unable to find CDP implementation matching 107.
Nov 21, 2022 2:08:35 PM org.openqa.selenium.chromium.ChromiumDriver lambda$new$3
WARNING: Unable to find version of CDP to use for . You may need to include a dependency on a specific version of the CDP using something similar to `org.seleniumhq.selenium:selenium-devtools-v86:4.1.2` where the version ("v86") matches the version of the chromium-based browser you're using and the version number of the artifact is the same as Selenium's.
]]></system-err>
  </testcase>
  <testcase name="Login with account #4" classname="Login" time="7.736">
    <system-out><![CDATA[
@Login
Scenario Outline: Login with account    &amp#27;[90m# src/test/resources/features/login.feature:19&amp#27;[0m
14:08:40.799 [main] INFO io.cucumber.core.plugin.SerenityReporter - Running feature from file:///D:/Ra/file%20kuliah/semester%207/resume%20alta/Mini%20Project/Web%20testing/AltaShop/src/test/resources/features/login.feature
14:08:40.832 [main] INFO net.serenitybdd.core.webdriver.driverproviders.ChromeDriverProvider - Using automatically driver download
14:08:41.073 [main] DEBUG io.github.bonigarcia.wdm.cache.ResolutionCache - Resolution chrome=107 in cache (valid until 15:07:47 21/11/2022 ICT)
14:08:41.082 [main] DEBUG io.github.bonigarcia.wdm.cache.ResolutionCache - Resolution chrome107=107.0.5304.62 in cache (valid until 14:07:47 22/11/2022 ICT)
14:08:41.095 [main] INFO io.github.bonigarcia.wdm.WebDriverManager - Using chromedriver 107.0.5304.62 (resolved driver for Chrome 107)
14:08:41.127 [main] DEBUG io.github.bonigarcia.wdm.WebDriverManager - Driver chromedriver 107.0.5304.62 found in cache
14:08:41.128 [main] INFO io.github.bonigarcia.wdm.WebDriverManager - Exporting webdriver.chrome.driver as C:\Users\rilaa\.cache\selenium\chromedriver\win32\107.0.5304.62\chromedriver.exe
14:08:41.229 [AsyncHttpClient-1-1] DEBUG org.asynchttpclient.netty.channel.DefaultChannelPool - Entry count for : http://localhost:62674 : 1
14:08:41.229 [AsyncHttpClient-1-1] DEBUG org.asynchttpclient.netty.channel.DefaultChannelPool - Entry count for : http://localhost:55768 : 1
14:08:41.229 [AsyncHttpClient-1-1] DEBUG org.asynchttpclient.netty.channel.DefaultChannelPool - Adding Candidate expired Channel [id: 0x0ee37126, L:/127.0.0.1:55767 ! R:localhost/127.0.0.1:62674] isIdleTimeoutExpired=false isRemotelyClosed=true isTtlExpired=false
14:08:41.229 [AsyncHttpClient-1-1] DEBUG org.asynchttpclient.netty.channel.DefaultChannelPool - Closing Idle Channel [id: 0x0ee37126, L:/127.0.0.1:55767 ! R:localhost/127.0.0.1:62674]
14:08:41.229 [AsyncHttpClient-1-1] DEBUG org.asynchttpclient.netty.channel.DefaultChannelPool - Adding Candidate expired Channel [id: 0x80556ef4, L:/127.0.0.1:55774 ! R:localhost/127.0.0.1:55768] isIdleTimeoutExpired=false isRemotelyClosed=true isTtlExpired=false
14:08:41.229 [AsyncHttpClient-1-1] DEBUG org.asynchttpclient.netty.channel.DefaultChannelPool - Closing Idle Channel [id: 0x80556ef4, L:/127.0.0.1:55774 ! R:localhost/127.0.0.1:55768]
14:08:41.229 [AsyncHttpClient-1-1] DEBUG org.asynchttpclient.netty.channel.DefaultChannelPool - Closed 2 connections out of 2 in 0 ms
14:08:41.426 [main] DEBUG net.serenitybdd.core.webdriver.driverproviders.ProvideNewDriver - Instantiating driver
14:08:41.426 [main] DEBUG net.serenitybdd.core.webdriver.driverproviders.ProvideNewDriver - Driver capabilities: Capabilities {acceptInsecureCerts: false, base.url: https://alta-shop.vercel.app, browserName: chrome, chrome.driver: src/test/resources/webdrive..., driver: chrome, goog:chromeOptions: {args: [], extensions: []}}
14:08:41.649 [AsyncHttpClient-1-3] DEBUG org.asynchttpclient.netty.channel.NettyConnectListener - Using new Channel '[id: 0xad418445, L:/127.0.0.1:55793 - R:localhost/127.0.0.1:52713]' for 'POST' to '/session'
14:08:42.748 [AsyncHttpClient-1-3] DEBUG org.asynchttpclient.netty.handler.HttpHandler - 

Request DefaultHttpRequest(decodeResult: success, version: HTTP/1.1)
POST /session HTTP/1.1
User-Agent: selenium/4.1.2 (java windows)
Content-Length: 609
Content-Type: application/json; charset=utf-8
host: localhost:52713
accept: */*

Response DefaultHttpResponse(decodeResult: success, version: HTTP/1.1)
HTTP/1.1 200 OK
Content-Type: application/json; charset=utf-8
cache-control: no-cache
content-length: 790

14:08:42.748 [AsyncHttpClient-1-3] DEBUG org.asynchttpclient.netty.channel.ChannelManager - Adding key: http://localhost:52713 for channel [id: 0xad418445, L:/127.0.0.1:55793 - R:localhost/127.0.0.1:52713]
14:08:42.763 [AsyncHttpClient-1-4] DEBUG org.asynchttpclient.netty.channel.NettyConnectListener - Using new Channel '[id: 0xca0b1b2f, L:/127.0.0.1:55802 - R:localhost/127.0.0.1:55794]' for 'GET' to '/json/version'
14:08:42.765 [AsyncHttpClient-1-4] DEBUG org.asynchttpclient.netty.handler.HttpHandler - 

Request DefaultFullHttpRequest(decodeResult: success, version: HTTP/1.1, content: EmptyByteBufBE)
GET /json/version HTTP/1.1
User-Agent: selenium/4.1.2 (java windows)
host: localhost:55794
accept: */*

Response DefaultHttpResponse(decodeResult: success, version: HTTP/1.1)
HTTP/1.1 200 OK
Content-Type: application/json; charset=UTF-8
content-length: 424

14:08:42.765 [AsyncHttpClient-1-4] DEBUG org.asynchttpclient.netty.channel.ChannelManager - Adding key: http://localhost:55794 for channel [id: 0xca0b1b2f, L:/127.0.0.1:55802 - R:localhost/127.0.0.1:55794]
14:08:42.774 [AsyncHttpClient-1-5] DEBUG org.asynchttpclient.netty.channel.NettyConnectListener - Using new Channel '[id: 0x3d8f5c9b, L:/127.0.0.1:55803 - R:localhost/127.0.0.1:55794]' for 'GET' to '/devtools/browser/9686e484-021b-404f-90da-d4f1f14626f4'
14:08:42.779 [AsyncHttpClient-1-5] DEBUG org.asynchttpclient.netty.handler.WebSocketHandler - 

Request DefaultFullHttpRequest(decodeResult: success, version: HTTP/1.1, content: EmptyByteBufBE)
GET /devtools/browser/9686e484-021b-404f-90da-d4f1f14626f4 HTTP/1.1
upgrade: websocket
connection: upgrade
sec-websocket-key: 6D/fhfm/b9FY+RwJfjP1XQ==
sec-websocket-version: 13
origin: http://localhost:55794
host: localhost:55794
accept: */*
user-agent: AHC/2.1

Response DefaultHttpResponse(decodeResult: success, version: HTTP/1.1)
HTTP/1.1 101 WebSocket Protocol Handshake
Upgrade: WebSocket
Connection: Upgrade
Sec-WebSocket-Accept: LLsAyLSg1ZjHodt4OfvbMELBJxM=

14:08:42.794 [Forwarding get on session a2b80cc1d01fdc161eef571a1f2e64a9 to remote] DEBUG org.asynchttpclient.netty.request.NettyRequestSender - Using pooled Channel '[id: 0xad418445, L:/127.0.0.1:55793 - R:localhost/127.0.0.1:52713]' for 'POST' to 'http://localhost:52713/session/a2b80cc1d01fdc161eef571a1f2e64a9/url'
14:08:42.794 [Forwarding get on session a2b80cc1d01fdc161eef571a1f2e64a9 to remote] DEBUG org.asynchttpclient.netty.request.NettyRequestSender - Using open Channel [id: 0xad418445, L:/127.0.0.1:55793 - R:localhost/127.0.0.1:52713] for POST '/session/a2b80cc1d01fdc161eef571a1f2e64a9/url'
14:08:43.430 [AsyncHttpClient-1-1] DEBUG org.asynchttpclient.netty.channel.DefaultChannelPool - Entry count for : http://localhost:55794 : 1
14:08:44.099 [AsyncHttpClient-1-3] DEBUG org.asynchttpclient.netty.handler.HttpHandler - 

Request DefaultHttpRequest(decodeResult: success, version: HTTP/1.1)
POST /session/a2b80cc1d01fdc161eef571a1f2e64a9/url HTTP/1.1
User-Agent: selenium/4.1.2 (java windows)
Content-Length: 59
Content-Type: application/json; charset=utf-8
host: localhost:52713
accept: */*

Response DefaultHttpResponse(decodeResult: success, version: HTTP/1.1)
HTTP/1.1 200 OK
Content-Type: application/json; charset=utf-8
cache-control: no-cache
content-length: 14

14:08:44.099 [AsyncHttpClient-1-3] DEBUG org.asynchttpclient.netty.channel.ChannelManager - Adding key: http://localhost:52713 for channel [id: 0xad418445, L:/127.0.0.1:55793 - R:localhost/127.0.0.1:52713]
14:08:44.104 [Forwarding setTimeout on session a2b80cc1d01fdc161eef571a1f2e64a9 to remote] DEBUG org.asynchttpclient.netty.request.NettyRequestSender - Using pooled Channel '[id: 0xad418445, L:/127.0.0.1:55793 - R:localhost/127.0.0.1:52713]' for 'POST' to 'http://localhost:52713/session/a2b80cc1d01fdc161eef571a1f2e64a9/timeouts'
14:08:44.104 [Forwarding setTimeout on session a2b80cc1d01fdc161eef571a1f2e64a9 to remote] DEBUG org.asynchttpclient.netty.request.NettyRequestSender - Using open Channel [id: 0xad418445, L:/127.0.0.1:55793 - R:localhost/127.0.0.1:52713] for POST '/session/a2b80cc1d01fdc161eef571a1f2e64a9/timeouts'
14:08:44.111 [AsyncHttpClient-1-3] DEBUG org.asynchttpclient.netty.handler.HttpHandler - 

Request DefaultHttpRequest(decodeResult: success, version: HTTP/1.1)
POST /session/a2b80cc1d01fdc161eef571a1f2e64a9/timeouts HTTP/1.1
User-Agent: selenium/4.1.2 (java windows)
Content-Length: 22
Content-Type: application/json; charset=utf-8
host: localhost:52713
accept: */*

Response DefaultHttpResponse(decodeResult: success, version: HTTP/1.1)
HTTP/1.1 200 OK
Content-Type: application/json; charset=utf-8
cache-control: no-cache
content-length: 14

14:08:44.112 [AsyncHttpClient-1-3] DEBUG org.asynchttpclient.netty.channel.ChannelManager - Adding key: http://localhost:52713 for channel [id: 0xad418445, L:/127.0.0.1:55793 - R:localhost/127.0.0.1:52713]
14:08:44.118 [Forwarding getCurrentUrl on session a2b80cc1d01fdc161eef571a1f2e64a9 to remote] DEBUG org.asynchttpclient.netty.request.NettyRequestSender - Using pooled Channel '[id: 0xad418445, L:/127.0.0.1:55793 - R:localhost/127.0.0.1:52713]' for 'GET' to 'http://localhost:52713/session/a2b80cc1d01fdc161eef571a1f2e64a9/url'
14:08:44.119 [Forwarding getCurrentUrl on session a2b80cc1d01fdc161eef571a1f2e64a9 to remote] DEBUG org.asynchttpclient.netty.request.NettyRequestSender - Using open Channel [id: 0xad418445, L:/127.0.0.1:55793 - R:localhost/127.0.0.1:52713] for GET '/session/a2b80cc1d01fdc161eef571a1f2e64a9/url'
14:08:44.126 [AsyncHttpClient-1-3] DEBUG org.asynchttpclient.netty.handler.HttpHandler - 

Request DefaultFullHttpRequest(decodeResult: success, version: HTTP/1.1, content: EmptyByteBufBE)
GET /session/a2b80cc1d01fdc161eef571a1f2e64a9/url HTTP/1.1
User-Agent: selenium/4.1.2 (java windows)
Cache-Control: no-cache
Content-Type: application/json; charset=utf-8
host: localhost:52713
accept: */*

Response DefaultHttpResponse(decodeResult: success, version: HTTP/1.1)
HTTP/1.1 200 OK
Content-Type: application/json; charset=utf-8
cache-control: no-cache
content-length: 41

14:08:44.127 [AsyncHttpClient-1-3] DEBUG org.asynchttpclient.netty.channel.ChannelManager - Adding key: http://localhost:52713 for channel [id: 0xad418445, L:/127.0.0.1:55793 - R:localhost/127.0.0.1:52713]
14:08:44.136 [Forwarding findElement on session a2b80cc1d01fdc161eef571a1f2e64a9 to remote] DEBUG org.asynchttpclient.netty.request.NettyRequestSender - Using pooled Channel '[id: 0xad418445, L:/127.0.0.1:55793 - R:localhost/127.0.0.1:52713]' for 'POST' to 'http://localhost:52713/session/a2b80cc1d01fdc161eef571a1f2e64a9/element'
14:08:44.136 [Forwarding findElement on session a2b80cc1d01fdc161eef571a1f2e64a9 to remote] DEBUG org.asynchttpclient.netty.request.NettyRequestSender - Using open Channel [id: 0xad418445, L:/127.0.0.1:55793 - R:localhost/127.0.0.1:52713] for POST '/session/a2b80cc1d01fdc161eef571a1f2e64a9/element'
14:08:44.155 [AsyncHttpClient-1-3] DEBUG org.asynchttpclient.netty.handler.HttpHandler - 

Request DefaultHttpRequest(decodeResult: success, version: HTTP/1.1)
POST /session/a2b80cc1d01fdc161eef571a1f2e64a9/element HTTP/1.1
User-Agent: selenium/4.1.2 (java windows)
Content-Length: 77
Content-Type: application/json; charset=utf-8
host: localhost:52713
accept: */*

Response DefaultHttpResponse(decodeResult: success, version: HTTP/1.1)
HTTP/1.1 200 OK
Content-Type: application/json; charset=utf-8
cache-control: no-cache
content-length: 88

14:08:44.155 [AsyncHttpClient-1-3] DEBUG org.asynchttpclient.netty.channel.ChannelManager - Adding key: http://localhost:52713 for channel [id: 0xad418445, L:/127.0.0.1:55793 - R:localhost/127.0.0.1:52713]
14:08:44.163 [Forwarding isElementDisplayed on session a2b80cc1d01fdc161eef571a1f2e64a9 to remote] DEBUG org.asynchttpclient.netty.request.NettyRequestSender - Using pooled Channel '[id: 0xad418445, L:/127.0.0.1:55793 - R:localhost/127.0.0.1:52713]' for 'POST' to 'http://localhost:52713/session/a2b80cc1d01fdc161eef571a1f2e64a9/execute/sync'
14:08:44.163 [Forwarding isElementDisplayed on session a2b80cc1d01fdc161eef571a1f2e64a9 to remote] DEBUG org.asynchttpclient.netty.request.NettyRequestSender - Using open Channel [id: 0xad418445, L:/127.0.0.1:55793 - R:localhost/127.0.0.1:52713] for POST '/session/a2b80cc1d01fdc161eef571a1f2e64a9/execute/sync'
14:08:44.209 [AsyncHttpClient-1-3] DEBUG org.asynchttpclient.netty.handler.HttpHandler - 

Request DefaultHttpRequest(decodeResult: success, version: HTTP/1.1)
POST /session/a2b80cc1d01fdc161eef571a1f2e64a9/execute/sync HTTP/1.1
User-Agent: selenium/4.1.2 (java windows)
Content-Length: 48780
Content-Type: application/json; charset=utf-8
host: localhost:52713
accept: */*

Response DefaultHttpResponse(decodeResult: success, version: HTTP/1.1)
HTTP/1.1 200 OK
Content-Type: application/json; charset=utf-8
cache-control: no-cache
content-length: 14

14:08:44.209 [AsyncHttpClient-1-3] DEBUG org.asynchttpclient.netty.channel.ChannelManager - Adding key: http://localhost:52713 for channel [id: 0xad418445, L:/127.0.0.1:55793 - R:localhost/127.0.0.1:52713]
  &amp#27;[32mGiven &amp#27;[0m&amp#27;[32mI am on the home page&amp#27;[0m           &amp#27;[90m# starter.stepdefinitions.LoginStepDefinition.iAmOnTheHomePage()&amp#27;[0m
14:08:44.217 [Forwarding screenshot on session a2b80cc1d01fdc161eef571a1f2e64a9 to remote] DEBUG org.asynchttpclient.netty.request.NettyRequestSender - Using pooled Channel '[id: 0xad418445, L:/127.0.0.1:55793 - R:localhost/127.0.0.1:52713]' for 'GET' to 'http://localhost:52713/session/a2b80cc1d01fdc161eef571a1f2e64a9/screenshot'
14:08:44.217 [Forwarding screenshot on session a2b80cc1d01fdc161eef571a1f2e64a9 to remote] DEBUG org.asynchttpclient.netty.request.NettyRequestSender - Using open Channel [id: 0xad418445, L:/127.0.0.1:55793 - R:localhost/127.0.0.1:52713] for GET '/session/a2b80cc1d01fdc161eef571a1f2e64a9/screenshot'
14:08:44.530 [AsyncHttpClient-1-1] DEBUG org.asynchttpclient.netty.channel.DefaultChannelPool - Entry count for : http://localhost:55794 : 1
14:08:44.533 [AsyncHttpClient-1-3] DEBUG org.asynchttpclient.netty.handler.HttpHandler - 

Request DefaultFullHttpRequest(decodeResult: success, version: HTTP/1.1, content: EmptyByteBufBE)
GET /session/a2b80cc1d01fdc161eef571a1f2e64a9/screenshot HTTP/1.1
User-Agent: selenium/4.1.2 (java windows)
Cache-Control: no-cache
Content-Type: application/json; charset=utf-8
host: localhost:52713
accept: */*

Response DefaultHttpResponse(decodeResult: success, version: HTTP/1.1)
HTTP/1.1 200 OK
Content-Type: application/json; charset=utf-8
cache-control: no-cache
content-length: 35244

14:08:44.533 [AsyncHttpClient-1-3] DEBUG org.asynchttpclient.netty.channel.ChannelManager - Adding key: http://localhost:52713 for channel [id: 0xad418445, L:/127.0.0.1:55793 - R:localhost/127.0.0.1:52713]
14:08:44.538 [main] DEBUG net.serenitybdd.core.photography.Darkroom - Send negative for processing for target\site\serenity\ea0d3be77a263b65c04661ba9435835e73cb31af61ff80fd3b459460811fd0a0.png
14:08:44.542 [Darkroom Processing Line] DEBUG net.serenitybdd.core.photography.DarkroomProcessingLine - Processing screenshot image in /var/screenshots/screenshot-8641063697555372495
14:08:44.542 [Darkroom Processing Line] DEBUG net.serenitybdd.core.photography.DarkroomProcessingLine - Saving screenshot to target\site\serenity\ea0d3be77a263b65c04661ba9435835e73cb31af61ff80fd3b459460811fd0a0.png
14:08:44.563 [Forwarding findElement on session a2b80cc1d01fdc161eef571a1f2e64a9 to remote] DEBUG org.asynchttpclient.netty.request.NettyRequestSender - Using pooled Channel '[id: 0xad418445, L:/127.0.0.1:55793 - R:localhost/127.0.0.1:52713]' for 'POST' to 'http://localhost:52713/session/a2b80cc1d01fdc161eef571a1f2e64a9/element'
14:08:44.563 [Forwarding findElement on session a2b80cc1d01fdc161eef571a1f2e64a9 to remote] DEBUG org.asynchttpclient.netty.request.NettyRequestSender - Using open Channel [id: 0xad418445, L:/127.0.0.1:55793 - R:localhost/127.0.0.1:52713] for POST '/session/a2b80cc1d01fdc161eef571a1f2e64a9/element'
14:08:44.664 [AsyncHttpClient-1-3] DEBUG org.asynchttpclient.netty.handler.HttpHandler - 

Request DefaultHttpRequest(decodeResult: success, version: HTTP/1.1)
POST /session/a2b80cc1d01fdc161eef571a1f2e64a9/element HTTP/1.1
User-Agent: selenium/4.1.2 (java windows)
Content-Length: 97
Content-Type: application/json; charset=utf-8
host: localhost:52713
accept: */*

Response DefaultHttpResponse(decodeResult: success, version: HTTP/1.1)
HTTP/1.1 200 OK
Content-Type: application/json; charset=utf-8
cache-control: no-cache
content-length: 88

14:08:44.665 [AsyncHttpClient-1-3] DEBUG org.asynchttpclient.netty.channel.ChannelManager - Adding key: http://localhost:52713 for channel [id: 0xad418445, L:/127.0.0.1:55793 - R:localhost/127.0.0.1:52713]
14:08:44.668 [Forwarding getElementTagName on session a2b80cc1d01fdc161eef571a1f2e64a9 to remote] DEBUG org.asynchttpclient.netty.request.NettyRequestSender - Using pooled Channel '[id: 0xad418445, L:/127.0.0.1:55793 - R:localhost/127.0.0.1:52713]' for 'GET' to 'http://localhost:52713/session/a2b80cc1d01fdc161eef571a1f2e64a9/element/a7e8334a-0134-4e8f-96ae-20a94b689f56/name'
14:08:44.668 [Forwarding getElementTagName on session a2b80cc1d01fdc161eef571a1f2e64a9 to remote] DEBUG org.asynchttpclient.netty.request.NettyRequestSender - Using open Channel [id: 0xad418445, L:/127.0.0.1:55793 - R:localhost/127.0.0.1:52713] for GET '/session/a2b80cc1d01fdc161eef571a1f2e64a9/element/a7e8334a-0134-4e8f-96ae-20a94b689f56/name'
14:08:44.681 [AsyncHttpClient-1-3] DEBUG org.asynchttpclient.netty.handler.HttpHandler - 

Request DefaultFullHttpRequest(decodeResult: success, version: HTTP/1.1, content: EmptyByteBufBE)
GET /session/a2b80cc1d01fdc161eef571a1f2e64a9/element/a7e8334a-0134-4e8f-96ae-20a94b689f56/name HTTP/1.1
User-Agent: selenium/4.1.2 (java windows)
Cache-Control: no-cache
Content-Type: application/json; charset=utf-8
host: localhost:52713
accept: */*

Response DefaultHttpResponse(decodeResult: success, version: HTTP/1.1)
HTTP/1.1 200 OK
Content-Type: application/json; charset=utf-8
cache-control: no-cache
content-length: 13

14:08:44.682 [AsyncHttpClient-1-3] DEBUG org.asynchttpclient.netty.channel.ChannelManager - Adding key: http://localhost:52713 for channel [id: 0xad418445, L:/127.0.0.1:55793 - R:localhost/127.0.0.1:52713]
14:08:44.684 [Forwarding getElementTagName on session a2b80cc1d01fdc161eef571a1f2e64a9 to remote] DEBUG org.asynchttpclient.netty.request.NettyRequestSender - Using pooled Channel '[id: 0xad418445, L:/127.0.0.1:55793 - R:localhost/127.0.0.1:52713]' for 'GET' to 'http://localhost:52713/session/a2b80cc1d01fdc161eef571a1f2e64a9/element/a7e8334a-0134-4e8f-96ae-20a94b689f56/name'
14:08:44.684 [Forwarding getElementTagName on session a2b80cc1d01fdc161eef571a1f2e64a9 to remote] DEBUG org.asynchttpclient.netty.request.NettyRequestSender - Using open Channel [id: 0xad418445, L:/127.0.0.1:55793 - R:localhost/127.0.0.1:52713] for GET '/session/a2b80cc1d01fdc161eef571a1f2e64a9/element/a7e8334a-0134-4e8f-96ae-20a94b689f56/name'
14:08:44.718 [AsyncHttpClient-1-3] DEBUG org.asynchttpclient.netty.handler.HttpHandler - 

Request DefaultFullHttpRequest(decodeResult: success, version: HTTP/1.1, content: EmptyByteBufBE)
GET /session/a2b80cc1d01fdc161eef571a1f2e64a9/element/a7e8334a-0134-4e8f-96ae-20a94b689f56/name HTTP/1.1
User-Agent: selenium/4.1.2 (java windows)
Cache-Control: no-cache
Content-Type: application/json; charset=utf-8
host: localhost:52713
accept: */*

Response DefaultHttpResponse(decodeResult: success, version: HTTP/1.1)
HTTP/1.1 200 OK
Content-Type: application/json; charset=utf-8
cache-control: no-cache
content-length: 13

14:08:44.718 [AsyncHttpClient-1-3] DEBUG org.asynchttpclient.netty.channel.ChannelManager - Adding key: http://localhost:52713 for channel [id: 0xad418445, L:/127.0.0.1:55793 - R:localhost/127.0.0.1:52713]
14:08:44.725 [Forwarding findElement on session a2b80cc1d01fdc161eef571a1f2e64a9 to remote] DEBUG org.asynchttpclient.netty.request.NettyRequestSender - Using pooled Channel '[id: 0xad418445, L:/127.0.0.1:55793 - R:localhost/127.0.0.1:52713]' for 'POST' to 'http://localhost:52713/session/a2b80cc1d01fdc161eef571a1f2e64a9/element'
14:08:44.725 [Forwarding findElement on session a2b80cc1d01fdc161eef571a1f2e64a9 to remote] DEBUG org.asynchttpclient.netty.request.NettyRequestSender - Using open Channel [id: 0xad418445, L:/127.0.0.1:55793 - R:localhost/127.0.0.1:52713] for POST '/session/a2b80cc1d01fdc161eef571a1f2e64a9/element'
14:08:44.749 [AsyncHttpClient-1-3] DEBUG org.asynchttpclient.netty.handler.HttpHandler - 

Request DefaultHttpRequest(decodeResult: success, version: HTTP/1.1)
POST /session/a2b80cc1d01fdc161eef571a1f2e64a9/element HTTP/1.1
User-Agent: selenium/4.1.2 (java windows)
Content-Length: 97
Content-Type: application/json; charset=utf-8
host: localhost:52713
accept: */*

Response DefaultHttpResponse(decodeResult: success, version: HTTP/1.1)
HTTP/1.1 200 OK
Content-Type: application/json; charset=utf-8
cache-control: no-cache
content-length: 88

14:08:44.750 [AsyncHttpClient-1-3] DEBUG org.asynchttpclient.netty.channel.ChannelManager - Adding key: http://localhost:52713 for channel [id: 0xad418445, L:/127.0.0.1:55793 - R:localhost/127.0.0.1:52713]
14:08:44.752 [Forwarding clickElement on session a2b80cc1d01fdc161eef571a1f2e64a9 to remote] DEBUG org.asynchttpclient.netty.request.NettyRequestSender - Using pooled Channel '[id: 0xad418445, L:/127.0.0.1:55793 - R:localhost/127.0.0.1:52713]' for 'POST' to 'http://localhost:52713/session/a2b80cc1d01fdc161eef571a1f2e64a9/element/a7e8334a-0134-4e8f-96ae-20a94b689f56/click'
14:08:44.752 [Forwarding clickElement on session a2b80cc1d01fdc161eef571a1f2e64a9 to remote] DEBUG org.asynchttpclient.netty.request.NettyRequestSender - Using open Channel [id: 0xad418445, L:/127.0.0.1:55793 - R:localhost/127.0.0.1:52713] for POST '/session/a2b80cc1d01fdc161eef571a1f2e64a9/element/a7e8334a-0134-4e8f-96ae-20a94b689f56/click'
14:08:44.897 [AsyncHttpClient-1-3] DEBUG org.asynchttpclient.netty.handler.HttpHandler - 

Request DefaultHttpRequest(decodeResult: success, version: HTTP/1.1)
POST /session/a2b80cc1d01fdc161eef571a1f2e64a9/element/a7e8334a-0134-4e8f-96ae-20a94b689f56/click HTTP/1.1
User-Agent: selenium/4.1.2 (java windows)
Content-Length: 50
Content-Type: application/json; charset=utf-8
host: localhost:52713
accept: */*

Response DefaultHttpResponse(decodeResult: success, version: HTTP/1.1)
HTTP/1.1 200 OK
Content-Type: application/json; charset=utf-8
cache-control: no-cache
content-length: 14

14:08:44.897 [AsyncHttpClient-1-3] DEBUG org.asynchttpclient.netty.channel.ChannelManager - Adding key: http://localhost:52713 for channel [id: 0xad418445, L:/127.0.0.1:55793 - R:localhost/127.0.0.1:52713]
  &amp#27;[32mAnd &amp#27;[0m&amp#27;[32mI click login icon&amp#27;[0m                &amp#27;[90m# starter.stepdefinitions.LoginStepDefinition.iClickLoginIcon()&amp#27;[0m
14:08:44.929 [Forwarding screenshot on session a2b80cc1d01fdc161eef571a1f2e64a9 to remote] DEBUG org.asynchttpclient.netty.request.NettyRequestSender - Using pooled Channel '[id: 0xad418445, L:/127.0.0.1:55793 - R:localhost/127.0.0.1:52713]' for 'GET' to 'http://localhost:52713/session/a2b80cc1d01fdc161eef571a1f2e64a9/screenshot'
14:08:44.929 [Forwarding screenshot on session a2b80cc1d01fdc161eef571a1f2e64a9 to remote] DEBUG org.asynchttpclient.netty.request.NettyRequestSender - Using open Channel [id: 0xad418445, L:/127.0.0.1:55793 - R:localhost/127.0.0.1:52713] for GET '/session/a2b80cc1d01fdc161eef571a1f2e64a9/screenshot'
14:08:45.630 [AsyncHttpClient-1-1] DEBUG org.asynchttpclient.netty.channel.DefaultChannelPool - Entry count for : http://localhost:55794 : 1
14:08:45.673 [AsyncHttpClient-1-3] DEBUG org.asynchttpclient.netty.handler.HttpHandler - 

Request DefaultFullHttpRequest(decodeResult: success, version: HTTP/1.1, content: EmptyByteBufBE)
GET /session/a2b80cc1d01fdc161eef571a1f2e64a9/screenshot HTTP/1.1
User-Agent: selenium/4.1.2 (java windows)
Cache-Control: no-cache
Content-Type: application/json; charset=utf-8
host: localhost:52713
accept: */*

Response DefaultHttpResponse(decodeResult: success, version: HTTP/1.1)
HTTP/1.1 200 OK
Content-Type: application/json; charset=utf-8
cache-control: no-cache
content-length: 33860

14:08:45.673 [AsyncHttpClient-1-3] DEBUG org.asynchttpclient.netty.channel.ChannelManager - Adding key: http://localhost:52713 for channel [id: 0xad418445, L:/127.0.0.1:55793 - R:localhost/127.0.0.1:52713]
14:08:45.676 [main] DEBUG net.serenitybdd.core.photography.Darkroom - Send negative for processing for target\site\serenity\9e06cebfc6f632cb89dedf229239029570184dd7ea91c79bfc1777f15812ef1e.png
14:08:45.677 [Darkroom Processing Line] DEBUG net.serenitybdd.core.photography.DarkroomProcessingLine - Processing screenshot image in /var/screenshots/screenshot-1589298735627933755
14:08:45.677 [Darkroom Processing Line] DEBUG net.serenitybdd.core.photography.DarkroomProcessingLine - Saving screenshot to target\site\serenity\9e06cebfc6f632cb89dedf229239029570184dd7ea91c79bfc1777f15812ef1e.png
14:08:45.688 [Forwarding findElement on session a2b80cc1d01fdc161eef571a1f2e64a9 to remote] DEBUG org.asynchttpclient.netty.request.NettyRequestSender - Using pooled Channel '[id: 0xad418445, L:/127.0.0.1:55793 - R:localhost/127.0.0.1:52713]' for 'POST' to 'http://localhost:52713/session/a2b80cc1d01fdc161eef571a1f2e64a9/element'
14:08:45.688 [Forwarding findElement on session a2b80cc1d01fdc161eef571a1f2e64a9 to remote] DEBUG org.asynchttpclient.netty.request.NettyRequestSender - Using open Channel [id: 0xad418445, L:/127.0.0.1:55793 - R:localhost/127.0.0.1:52713] for POST '/session/a2b80cc1d01fdc161eef571a1f2e64a9/element'
14:08:45.772 [AsyncHttpClient-1-3] DEBUG org.asynchttpclient.netty.handler.HttpHandler - 

Request DefaultHttpRequest(decodeResult: success, version: HTTP/1.1)
POST /session/a2b80cc1d01fdc161eef571a1f2e64a9/element HTTP/1.1
User-Agent: selenium/4.1.2 (java windows)
Content-Length: 88
Content-Type: application/json; charset=utf-8
host: localhost:52713
accept: */*

Response DefaultHttpResponse(decodeResult: success, version: HTTP/1.1)
HTTP/1.1 200 OK
Content-Type: application/json; charset=utf-8
cache-control: no-cache
content-length: 88

14:08:45.772 [AsyncHttpClient-1-3] DEBUG org.asynchttpclient.netty.channel.ChannelManager - Adding key: http://localhost:52713 for channel [id: 0xad418445, L:/127.0.0.1:55793 - R:localhost/127.0.0.1:52713]
14:08:45.773 [Forwarding clearElement on session a2b80cc1d01fdc161eef571a1f2e64a9 to remote] DEBUG org.asynchttpclient.netty.request.NettyRequestSender - Using pooled Channel '[id: 0xad418445, L:/127.0.0.1:55793 - R:localhost/127.0.0.1:52713]' for 'POST' to 'http://localhost:52713/session/a2b80cc1d01fdc161eef571a1f2e64a9/element/be5b2c61-592a-43d7-91e0-40db9474f52a/clear'
14:08:45.773 [Forwarding clearElement on session a2b80cc1d01fdc161eef571a1f2e64a9 to remote] DEBUG org.asynchttpclient.netty.request.NettyRequestSender - Using open Channel [id: 0xad418445, L:/127.0.0.1:55793 - R:localhost/127.0.0.1:52713] for POST '/session/a2b80cc1d01fdc161eef571a1f2e64a9/element/be5b2c61-592a-43d7-91e0-40db9474f52a/clear'
14:08:45.844 [AsyncHttpClient-1-3] DEBUG org.asynchttpclient.netty.handler.HttpHandler - 

Request DefaultHttpRequest(decodeResult: success, version: HTTP/1.1)
POST /session/a2b80cc1d01fdc161eef571a1f2e64a9/element/be5b2c61-592a-43d7-91e0-40db9474f52a/clear HTTP/1.1
User-Agent: selenium/4.1.2 (java windows)
Content-Length: 50
Content-Type: application/json; charset=utf-8
host: localhost:52713
accept: */*

Response DefaultHttpResponse(decodeResult: success, version: HTTP/1.1)
HTTP/1.1 200 OK
Content-Type: application/json; charset=utf-8
cache-control: no-cache
content-length: 14

14:08:45.844 [AsyncHttpClient-1-3] DEBUG org.asynchttpclient.netty.channel.ChannelManager - Adding key: http://localhost:52713 for channel [id: 0xad418445, L:/127.0.0.1:55793 - R:localhost/127.0.0.1:52713]
14:08:45.846 [Forwarding sendKeysToElement on session a2b80cc1d01fdc161eef571a1f2e64a9 to remote] DEBUG org.asynchttpclient.netty.request.NettyRequestSender - Using pooled Channel '[id: 0xad418445, L:/127.0.0.1:55793 - R:localhost/127.0.0.1:52713]' for 'POST' to 'http://localhost:52713/session/a2b80cc1d01fdc161eef571a1f2e64a9/element/be5b2c61-592a-43d7-91e0-40db9474f52a/value'
14:08:45.846 [Forwarding sendKeysToElement on session a2b80cc1d01fdc161eef571a1f2e64a9 to remote] DEBUG org.asynchttpclient.netty.request.NettyRequestSender - Using open Channel [id: 0xad418445, L:/127.0.0.1:55793 - R:localhost/127.0.0.1:52713] for POST '/session/a2b80cc1d01fdc161eef571a1f2e64a9/element/be5b2c61-592a-43d7-91e0-40db9474f52a/value'
14:08:46.034 [AsyncHttpClient-1-3] DEBUG org.asynchttpclient.netty.handler.HttpHandler - 

Request DefaultHttpRequest(decodeResult: success, version: HTTP/1.1)
POST /session/a2b80cc1d01fdc161eef571a1f2e64a9/element/be5b2c61-592a-43d7-91e0-40db9474f52a/value HTTP/1.1
User-Agent: selenium/4.1.2 (java windows)
Content-Length: 161
Content-Type: application/json; charset=utf-8
host: localhost:52713
accept: */*

Response DefaultHttpResponse(decodeResult: success, version: HTTP/1.1)
HTTP/1.1 200 OK
Content-Type: application/json; charset=utf-8
cache-control: no-cache
content-length: 14

14:08:46.034 [AsyncHttpClient-1-3] DEBUG org.asynchttpclient.netty.channel.ChannelManager - Adding key: http://localhost:52713 for channel [id: 0xad418445, L:/127.0.0.1:55793 - R:localhost/127.0.0.1:52713]
  &amp#27;[32mWhen &amp#27;[0m&amp#27;[32mI input &amp#27;[0m&amp#27;[32m&amp#27;[1m"aaaaaaaa"&amp#27;[0m&amp#27;[32m email&amp#27;[0m         &amp#27;[90m# starter.stepdefinitions.LoginStepDefinition.iInputEmail(java.lang.String)&amp#27;[0m
14:08:46.049 [Forwarding screenshot on session a2b80cc1d01fdc161eef571a1f2e64a9 to remote] DEBUG org.asynchttpclient.netty.request.NettyRequestSender - Using pooled Channel '[id: 0xad418445, L:/127.0.0.1:55793 - R:localhost/127.0.0.1:52713]' for 'GET' to 'http://localhost:52713/session/a2b80cc1d01fdc161eef571a1f2e64a9/screenshot'
14:08:46.052 [Forwarding screenshot on session a2b80cc1d01fdc161eef571a1f2e64a9 to remote] DEBUG org.asynchttpclient.netty.request.NettyRequestSender - Using open Channel [id: 0xad418445, L:/127.0.0.1:55793 - R:localhost/127.0.0.1:52713] for GET '/session/a2b80cc1d01fdc161eef571a1f2e64a9/screenshot'
14:08:46.297 [AsyncHttpClient-1-3] DEBUG org.asynchttpclient.netty.handler.HttpHandler - 

Request DefaultFullHttpRequest(decodeResult: success, version: HTTP/1.1, content: EmptyByteBufBE)
GET /session/a2b80cc1d01fdc161eef571a1f2e64a9/screenshot HTTP/1.1
User-Agent: selenium/4.1.2 (java windows)
Cache-Control: no-cache
Content-Type: application/json; charset=utf-8
host: localhost:52713
accept: */*

Response DefaultHttpResponse(decodeResult: success, version: HTTP/1.1)
HTTP/1.1 200 OK
Content-Type: application/json; charset=utf-8
cache-control: no-cache
content-length: 35808

14:08:46.298 [AsyncHttpClient-1-3] DEBUG org.asynchttpclient.netty.channel.ChannelManager - Adding key: http://localhost:52713 for channel [id: 0xad418445, L:/127.0.0.1:55793 - R:localhost/127.0.0.1:52713]
14:08:46.303 [main] DEBUG net.serenitybdd.core.photography.Darkroom - Send negative for processing for target\site\serenity\8b7dc9f83b40af7c6c04b9359ea7840b3d1c40a4eda4debf14fef70b6845986b.png
14:08:46.312 [Darkroom Processing Line] DEBUG net.serenitybdd.core.photography.DarkroomProcessingLine - Processing screenshot image in /var/screenshots/screenshot-3788433340187797853
14:08:46.312 [Darkroom Processing Line] DEBUG net.serenitybdd.core.photography.DarkroomProcessingLine - Saving screenshot to target\site\serenity\8b7dc9f83b40af7c6c04b9359ea7840b3d1c40a4eda4debf14fef70b6845986b.png
14:08:46.318 [Forwarding findElement on session a2b80cc1d01fdc161eef571a1f2e64a9 to remote] DEBUG org.asynchttpclient.netty.request.NettyRequestSender - Using pooled Channel '[id: 0xad418445, L:/127.0.0.1:55793 - R:localhost/127.0.0.1:52713]' for 'POST' to 'http://localhost:52713/session/a2b80cc1d01fdc161eef571a1f2e64a9/element'
14:08:46.318 [Forwarding findElement on session a2b80cc1d01fdc161eef571a1f2e64a9 to remote] DEBUG org.asynchttpclient.netty.request.NettyRequestSender - Using open Channel [id: 0xad418445, L:/127.0.0.1:55793 - R:localhost/127.0.0.1:52713] for POST '/session/a2b80cc1d01fdc161eef571a1f2e64a9/element'
14:08:46.338 [AsyncHttpClient-1-3] DEBUG org.asynchttpclient.netty.handler.HttpHandler - 

Request DefaultHttpRequest(decodeResult: success, version: HTTP/1.1)
POST /session/a2b80cc1d01fdc161eef571a1f2e64a9/element HTTP/1.1
User-Agent: selenium/4.1.2 (java windows)
Content-Length: 91
Content-Type: application/json; charset=utf-8
host: localhost:52713
accept: */*

Response DefaultHttpResponse(decodeResult: success, version: HTTP/1.1)
HTTP/1.1 200 OK
Content-Type: application/json; charset=utf-8
cache-control: no-cache
content-length: 88

14:08:46.338 [AsyncHttpClient-1-3] DEBUG org.asynchttpclient.netty.channel.ChannelManager - Adding key: http://localhost:52713 for channel [id: 0xad418445, L:/127.0.0.1:55793 - R:localhost/127.0.0.1:52713]
14:08:46.343 [Forwarding clearElement on session a2b80cc1d01fdc161eef571a1f2e64a9 to remote] DEBUG org.asynchttpclient.netty.request.NettyRequestSender - Using pooled Channel '[id: 0xad418445, L:/127.0.0.1:55793 - R:localhost/127.0.0.1:52713]' for 'POST' to 'http://localhost:52713/session/a2b80cc1d01fdc161eef571a1f2e64a9/element/9c50c05d-3b61-46ed-816d-6228615a23ff/clear'
14:08:46.343 [Forwarding clearElement on session a2b80cc1d01fdc161eef571a1f2e64a9 to remote] DEBUG org.asynchttpclient.netty.request.NettyRequestSender - Using open Channel [id: 0xad418445, L:/127.0.0.1:55793 - R:localhost/127.0.0.1:52713] for POST '/session/a2b80cc1d01fdc161eef571a1f2e64a9/element/9c50c05d-3b61-46ed-816d-6228615a23ff/clear'
14:08:46.388 [AsyncHttpClient-1-3] DEBUG org.asynchttpclient.netty.handler.HttpHandler - 

Request DefaultHttpRequest(decodeResult: success, version: HTTP/1.1)
POST /session/a2b80cc1d01fdc161eef571a1f2e64a9/element/9c50c05d-3b61-46ed-816d-6228615a23ff/clear HTTP/1.1
User-Agent: selenium/4.1.2 (java windows)
Content-Length: 50
Content-Type: application/json; charset=utf-8
host: localhost:52713
accept: */*

Response DefaultHttpResponse(decodeResult: success, version: HTTP/1.1)
HTTP/1.1 200 OK
Content-Type: application/json; charset=utf-8
cache-control: no-cache
content-length: 14

14:08:46.388 [AsyncHttpClient-1-3] DEBUG org.asynchttpclient.netty.channel.ChannelManager - Adding key: http://localhost:52713 for channel [id: 0xad418445, L:/127.0.0.1:55793 - R:localhost/127.0.0.1:52713]
14:08:46.395 [Forwarding sendKeysToElement on session a2b80cc1d01fdc161eef571a1f2e64a9 to remote] DEBUG org.asynchttpclient.netty.request.NettyRequestSender - Using pooled Channel '[id: 0xad418445, L:/127.0.0.1:55793 - R:localhost/127.0.0.1:52713]' for 'POST' to 'http://localhost:52713/session/a2b80cc1d01fdc161eef571a1f2e64a9/element/9c50c05d-3b61-46ed-816d-6228615a23ff/value'
14:08:46.395 [Forwarding sendKeysToElement on session a2b80cc1d01fdc161eef571a1f2e64a9 to remote] DEBUG org.asynchttpclient.netty.request.NettyRequestSender - Using open Channel [id: 0xad418445, L:/127.0.0.1:55793 - R:localhost/127.0.0.1:52713] for POST '/session/a2b80cc1d01fdc161eef571a1f2e64a9/element/9c50c05d-3b61-46ed-816d-6228615a23ff/value'
14:08:46.578 [AsyncHttpClient-1-3] DEBUG org.asynchttpclient.netty.handler.HttpHandler - 

Request DefaultHttpRequest(decodeResult: success, version: HTTP/1.1)
POST /session/a2b80cc1d01fdc161eef571a1f2e64a9/element/9c50c05d-3b61-46ed-816d-6228615a23ff/value HTTP/1.1
User-Agent: selenium/4.1.2 (java windows)
Content-Length: 221
Content-Type: application/json; charset=utf-8
host: localhost:52713
accept: */*

Response DefaultHttpResponse(decodeResult: success, version: HTTP/1.1)
HTTP/1.1 200 OK
Content-Type: application/json; charset=utf-8
cache-control: no-cache
content-length: 14

14:08:46.578 [AsyncHttpClient-1-3] DEBUG org.asynchttpclient.netty.channel.ChannelManager - Adding key: http://localhost:52713 for channel [id: 0xad418445, L:/127.0.0.1:55793 - R:localhost/127.0.0.1:52713]
  &amp#27;[32mAnd &amp#27;[0m&amp#27;[32mI input &amp#27;[0m&amp#27;[32m&amp#27;[1m"Rilaafhrila15!"&amp#27;[0m&amp#27;[32m password&amp#27;[0m &amp#27;[90m# starter.stepdefinitions.LoginStepDefinition.iInputPassword(java.lang.String)&amp#27;[0m
14:08:46.592 [Forwarding screenshot on session a2b80cc1d01fdc161eef571a1f2e64a9 to remote] DEBUG org.asynchttpclient.netty.request.NettyRequestSender - Using pooled Channel '[id: 0xad418445, L:/127.0.0.1:55793 - R:localhost/127.0.0.1:52713]' for 'GET' to 'http://localhost:52713/session/a2b80cc1d01fdc161eef571a1f2e64a9/screenshot'
14:08:46.592 [Forwarding screenshot on session a2b80cc1d01fdc161eef571a1f2e64a9 to remote] DEBUG org.asynchttpclient.netty.request.NettyRequestSender - Using open Channel [id: 0xad418445, L:/127.0.0.1:55793 - R:localhost/127.0.0.1:52713] for GET '/session/a2b80cc1d01fdc161eef571a1f2e64a9/screenshot'
14:08:46.744 [AsyncHttpClient-1-1] DEBUG org.asynchttpclient.netty.channel.DefaultChannelPool - Entry count for : http://localhost:55794 : 1
14:08:46.786 [AsyncHttpClient-1-3] DEBUG org.asynchttpclient.netty.handler.HttpHandler - 

Request DefaultFullHttpRequest(decodeResult: success, version: HTTP/1.1, content: EmptyByteBufBE)
GET /session/a2b80cc1d01fdc161eef571a1f2e64a9/screenshot HTTP/1.1
User-Agent: selenium/4.1.2 (java windows)
Cache-Control: no-cache
Content-Type: application/json; charset=utf-8
host: localhost:52713
accept: */*

Response DefaultHttpResponse(decodeResult: success, version: HTTP/1.1)
HTTP/1.1 200 OK
Content-Type: application/json; charset=utf-8
cache-control: no-cache
content-length: 37672

14:08:46.786 [AsyncHttpClient-1-3] DEBUG org.asynchttpclient.netty.channel.ChannelManager - Adding key: http://localhost:52713 for channel [id: 0xad418445, L:/127.0.0.1:55793 - R:localhost/127.0.0.1:52713]
14:08:46.790 [main] DEBUG net.serenitybdd.core.photography.Darkroom - Send negative for processing for target\site\serenity\c2b59efabb1c128dc8c18e84c3492b9ee2c0b98b772f3b81c02cad5472b314af.png
14:08:46.792 [Darkroom Processing Line] DEBUG net.serenitybdd.core.photography.DarkroomProcessingLine - Processing screenshot image in /var/screenshots/screenshot-1158043164594184191
14:08:46.792 [Darkroom Processing Line] DEBUG net.serenitybdd.core.photography.DarkroomProcessingLine - Saving screenshot to target\site\serenity\c2b59efabb1c128dc8c18e84c3492b9ee2c0b98b772f3b81c02cad5472b314af.png
14:08:46.802 [Forwarding findElement on session a2b80cc1d01fdc161eef571a1f2e64a9 to remote] DEBUG org.asynchttpclient.netty.request.NettyRequestSender - Using pooled Channel '[id: 0xad418445, L:/127.0.0.1:55793 - R:localhost/127.0.0.1:52713]' for 'POST' to 'http://localhost:52713/session/a2b80cc1d01fdc161eef571a1f2e64a9/element'
14:08:46.802 [Forwarding findElement on session a2b80cc1d01fdc161eef571a1f2e64a9 to remote] DEBUG org.asynchttpclient.netty.request.NettyRequestSender - Using open Channel [id: 0xad418445, L:/127.0.0.1:55793 - R:localhost/127.0.0.1:52713] for POST '/session/a2b80cc1d01fdc161eef571a1f2e64a9/element'
14:08:46.817 [AsyncHttpClient-1-3] DEBUG org.asynchttpclient.netty.handler.HttpHandler - 

Request DefaultHttpRequest(decodeResult: success, version: HTTP/1.1)
POST /session/a2b80cc1d01fdc161eef571a1f2e64a9/element HTTP/1.1
User-Agent: selenium/4.1.2 (java windows)
Content-Length: 83
Content-Type: application/json; charset=utf-8
host: localhost:52713
accept: */*

Response DefaultHttpResponse(decodeResult: success, version: HTTP/1.1)
HTTP/1.1 200 OK
Content-Type: application/json; charset=utf-8
cache-control: no-cache
content-length: 88

14:08:46.817 [AsyncHttpClient-1-3] DEBUG org.asynchttpclient.netty.channel.ChannelManager - Adding key: http://localhost:52713 for channel [id: 0xad418445, L:/127.0.0.1:55793 - R:localhost/127.0.0.1:52713]
14:08:46.818 [Forwarding getElementTagName on session a2b80cc1d01fdc161eef571a1f2e64a9 to remote] DEBUG org.asynchttpclient.netty.request.NettyRequestSender - Using pooled Channel '[id: 0xad418445, L:/127.0.0.1:55793 - R:localhost/127.0.0.1:52713]' for 'GET' to 'http://localhost:52713/session/a2b80cc1d01fdc161eef571a1f2e64a9/element/3d6d97f6-f911-4d77-b22a-68ded8d53e21/name'
14:08:46.818 [Forwarding getElementTagName on session a2b80cc1d01fdc161eef571a1f2e64a9 to remote] DEBUG org.asynchttpclient.netty.request.NettyRequestSender - Using open Channel [id: 0xad418445, L:/127.0.0.1:55793 - R:localhost/127.0.0.1:52713] for GET '/session/a2b80cc1d01fdc161eef571a1f2e64a9/element/3d6d97f6-f911-4d77-b22a-68ded8d53e21/name'
14:08:46.827 [AsyncHttpClient-1-3] DEBUG org.asynchttpclient.netty.handler.HttpHandler - 

Request DefaultFullHttpRequest(decodeResult: success, version: HTTP/1.1, content: EmptyByteBufBE)
GET /session/a2b80cc1d01fdc161eef571a1f2e64a9/element/3d6d97f6-f911-4d77-b22a-68ded8d53e21/name HTTP/1.1
User-Agent: selenium/4.1.2 (java windows)
Cache-Control: no-cache
Content-Type: application/json; charset=utf-8
host: localhost:52713
accept: */*

Response DefaultHttpResponse(decodeResult: success, version: HTTP/1.1)
HTTP/1.1 200 OK
Content-Type: application/json; charset=utf-8
cache-control: no-cache
content-length: 16

14:08:46.827 [AsyncHttpClient-1-3] DEBUG org.asynchttpclient.netty.channel.ChannelManager - Adding key: http://localhost:52713 for channel [id: 0xad418445, L:/127.0.0.1:55793 - R:localhost/127.0.0.1:52713]
14:08:46.828 [Forwarding getElementTagName on session a2b80cc1d01fdc161eef571a1f2e64a9 to remote] DEBUG org.asynchttpclient.netty.request.NettyRequestSender - Using pooled Channel '[id: 0xad418445, L:/127.0.0.1:55793 - R:localhost/127.0.0.1:52713]' for 'GET' to 'http://localhost:52713/session/a2b80cc1d01fdc161eef571a1f2e64a9/element/3d6d97f6-f911-4d77-b22a-68ded8d53e21/name'
14:08:46.828 [Forwarding getElementTagName on session a2b80cc1d01fdc161eef571a1f2e64a9 to remote] DEBUG org.asynchttpclient.netty.request.NettyRequestSender - Using open Channel [id: 0xad418445, L:/127.0.0.1:55793 - R:localhost/127.0.0.1:52713] for GET '/session/a2b80cc1d01fdc161eef571a1f2e64a9/element/3d6d97f6-f911-4d77-b22a-68ded8d53e21/name'
14:08:46.833 [AsyncHttpClient-1-3] DEBUG org.asynchttpclient.netty.handler.HttpHandler - 

Request DefaultFullHttpRequest(decodeResult: success, version: HTTP/1.1, content: EmptyByteBufBE)
GET /session/a2b80cc1d01fdc161eef571a1f2e64a9/element/3d6d97f6-f911-4d77-b22a-68ded8d53e21/name HTTP/1.1
User-Agent: selenium/4.1.2 (java windows)
Cache-Control: no-cache
Content-Type: application/json; charset=utf-8
host: localhost:52713
accept: */*

Response DefaultHttpResponse(decodeResult: success, version: HTTP/1.1)
HTTP/1.1 200 OK
Content-Type: application/json; charset=utf-8
cache-control: no-cache
content-length: 16

14:08:46.833 [AsyncHttpClient-1-3] DEBUG org.asynchttpclient.netty.channel.ChannelManager - Adding key: http://localhost:52713 for channel [id: 0xad418445, L:/127.0.0.1:55793 - R:localhost/127.0.0.1:52713]
14:08:46.835 [Forwarding findElement on session a2b80cc1d01fdc161eef571a1f2e64a9 to remote] DEBUG org.asynchttpclient.netty.request.NettyRequestSender - Using pooled Channel '[id: 0xad418445, L:/127.0.0.1:55793 - R:localhost/127.0.0.1:52713]' for 'POST' to 'http://localhost:52713/session/a2b80cc1d01fdc161eef571a1f2e64a9/element'
14:08:46.835 [Forwarding findElement on session a2b80cc1d01fdc161eef571a1f2e64a9 to remote] DEBUG org.asynchttpclient.netty.request.NettyRequestSender - Using open Channel [id: 0xad418445, L:/127.0.0.1:55793 - R:localhost/127.0.0.1:52713] for POST '/session/a2b80cc1d01fdc161eef571a1f2e64a9/element'
14:08:46.846 [AsyncHttpClient-1-3] DEBUG org.asynchttpclient.netty.handler.HttpHandler - 

Request DefaultHttpRequest(decodeResult: success, version: HTTP/1.1)
POST /session/a2b80cc1d01fdc161eef571a1f2e64a9/element HTTP/1.1
User-Agent: selenium/4.1.2 (java windows)
Content-Length: 83
Content-Type: application/json; charset=utf-8
host: localhost:52713
accept: */*

Response DefaultHttpResponse(decodeResult: success, version: HTTP/1.1)
HTTP/1.1 200 OK
Content-Type: application/json; charset=utf-8
cache-control: no-cache
content-length: 88

14:08:46.846 [AsyncHttpClient-1-3] DEBUG org.asynchttpclient.netty.channel.ChannelManager - Adding key: http://localhost:52713 for channel [id: 0xad418445, L:/127.0.0.1:55793 - R:localhost/127.0.0.1:52713]
14:08:46.848 [Forwarding clickElement on session a2b80cc1d01fdc161eef571a1f2e64a9 to remote] DEBUG org.asynchttpclient.netty.request.NettyRequestSender - Using pooled Channel '[id: 0xad418445, L:/127.0.0.1:55793 - R:localhost/127.0.0.1:52713]' for 'POST' to 'http://localhost:52713/session/a2b80cc1d01fdc161eef571a1f2e64a9/element/3d6d97f6-f911-4d77-b22a-68ded8d53e21/click'
14:08:46.848 [Forwarding clickElement on session a2b80cc1d01fdc161eef571a1f2e64a9 to remote] DEBUG org.asynchttpclient.netty.request.NettyRequestSender - Using open Channel [id: 0xad418445, L:/127.0.0.1:55793 - R:localhost/127.0.0.1:52713] for POST '/session/a2b80cc1d01fdc161eef571a1f2e64a9/element/3d6d97f6-f911-4d77-b22a-68ded8d53e21/click'
14:08:46.906 [AsyncHttpClient-1-3] DEBUG org.asynchttpclient.netty.handler.HttpHandler - 

Request DefaultHttpRequest(decodeResult: success, version: HTTP/1.1)
POST /session/a2b80cc1d01fdc161eef571a1f2e64a9/element/3d6d97f6-f911-4d77-b22a-68ded8d53e21/click HTTP/1.1
User-Agent: selenium/4.1.2 (java windows)
Content-Length: 50
Content-Type: application/json; charset=utf-8
host: localhost:52713
accept: */*

Response DefaultHttpResponse(decodeResult: success, version: HTTP/1.1)
HTTP/1.1 200 OK
Content-Type: application/json; charset=utf-8
cache-control: no-cache
content-length: 14

14:08:46.907 [AsyncHttpClient-1-3] DEBUG org.asynchttpclient.netty.channel.ChannelManager - Adding key: http://localhost:52713 for channel [id: 0xad418445, L:/127.0.0.1:55793 - R:localhost/127.0.0.1:52713]
  &amp#27;[32mAnd &amp#27;[0m&amp#27;[32mI click Login button&amp#27;[0m              &amp#27;[90m# starter.stepdefinitions.LoginStepDefinition.iClickLoginButton()&amp#27;[0m
14:08:46.916 [Forwarding screenshot on session a2b80cc1d01fdc161eef571a1f2e64a9 to remote] DEBUG org.asynchttpclient.netty.request.NettyRequestSender - Using pooled Channel '[id: 0xad418445, L:/127.0.0.1:55793 - R:localhost/127.0.0.1:52713]' for 'GET' to 'http://localhost:52713/session/a2b80cc1d01fdc161eef571a1f2e64a9/screenshot'
14:08:46.916 [Forwarding screenshot on session a2b80cc1d01fdc161eef571a1f2e64a9 to remote] DEBUG org.asynchttpclient.netty.request.NettyRequestSender - Using open Channel [id: 0xad418445, L:/127.0.0.1:55793 - R:localhost/127.0.0.1:52713] for GET '/session/a2b80cc1d01fdc161eef571a1f2e64a9/screenshot'
14:08:47.100 [AsyncHttpClient-1-3] DEBUG org.asynchttpclient.netty.handler.HttpHandler - 

Request DefaultFullHttpRequest(decodeResult: success, version: HTTP/1.1, content: EmptyByteBufBE)
GET /session/a2b80cc1d01fdc161eef571a1f2e64a9/screenshot HTTP/1.1
User-Agent: selenium/4.1.2 (java windows)
Cache-Control: no-cache
Content-Type: application/json; charset=utf-8
host: localhost:52713
accept: */*

Response DefaultHttpResponse(decodeResult: success, version: HTTP/1.1)
HTTP/1.1 200 OK
Content-Type: application/json; charset=utf-8
cache-control: no-cache
content-length: 37508

14:08:47.100 [AsyncHttpClient-1-3] DEBUG org.asynchttpclient.netty.channel.ChannelManager - Adding key: http://localhost:52713 for channel [id: 0xad418445, L:/127.0.0.1:55793 - R:localhost/127.0.0.1:52713]
14:08:47.103 [main] DEBUG net.serenitybdd.core.photography.Darkroom - Send negative for processing for target\site\serenity\ff157eed4557c17b3af1f533f76c45bee467c07ae17f3e43dcae1a2538b10b6a.png
14:08:47.103 [Darkroom Processing Line] DEBUG net.serenitybdd.core.photography.DarkroomProcessingLine - Processing screenshot image in /var/screenshots/screenshot-7156766447101766681
14:08:47.103 [Darkroom Processing Line] DEBUG net.serenitybdd.core.photography.DarkroomProcessingLine - Saving screenshot to target\site\serenity\ff157eed4557c17b3af1f533f76c45bee467c07ae17f3e43dcae1a2538b10b6a.png
14:08:47.118 [Forwarding findElement on session a2b80cc1d01fdc161eef571a1f2e64a9 to remote] DEBUG org.asynchttpclient.netty.request.NettyRequestSender - Using pooled Channel '[id: 0xad418445, L:/127.0.0.1:55793 - R:localhost/127.0.0.1:52713]' for 'POST' to 'http://localhost:52713/session/a2b80cc1d01fdc161eef571a1f2e64a9/element'
14:08:47.118 [Forwarding findElement on session a2b80cc1d01fdc161eef571a1f2e64a9 to remote] DEBUG org.asynchttpclient.netty.request.NettyRequestSender - Using open Channel [id: 0xad418445, L:/127.0.0.1:55793 - R:localhost/127.0.0.1:52713] for POST '/session/a2b80cc1d01fdc161eef571a1f2e64a9/element'
14:08:47.831 [AsyncHttpClient-1-1] DEBUG org.asynchttpclient.netty.channel.DefaultChannelPool - Entry count for : http://localhost:55794 : 1
14:08:47.954 [AsyncHttpClient-1-3] DEBUG org.asynchttpclient.netty.handler.HttpHandler - 

Request DefaultHttpRequest(decodeResult: success, version: HTTP/1.1)
POST /session/a2b80cc1d01fdc161eef571a1f2e64a9/element HTTP/1.1
User-Agent: selenium/4.1.2 (java windows)
Content-Length: 81
Content-Type: application/json; charset=utf-8
host: localhost:52713
accept: */*

Response DefaultHttpResponse(decodeResult: success, version: HTTP/1.1)
HTTP/1.1 200 OK
Content-Type: application/json; charset=utf-8
cache-control: no-cache
content-length: 88

14:08:47.954 [AsyncHttpClient-1-3] DEBUG org.asynchttpclient.netty.channel.ChannelManager - Adding key: http://localhost:52713 for channel [id: 0xad418445, L:/127.0.0.1:55793 - R:localhost/127.0.0.1:52713]
14:08:47.959 [Forwarding isElementDisplayed on session a2b80cc1d01fdc161eef571a1f2e64a9 to remote] DEBUG org.asynchttpclient.netty.request.NettyRequestSender - Using pooled Channel '[id: 0xad418445, L:/127.0.0.1:55793 - R:localhost/127.0.0.1:52713]' for 'POST' to 'http://localhost:52713/session/a2b80cc1d01fdc161eef571a1f2e64a9/execute/sync'
14:08:47.959 [Forwarding isElementDisplayed on session a2b80cc1d01fdc161eef571a1f2e64a9 to remote] DEBUG org.asynchttpclient.netty.request.NettyRequestSender - Using open Channel [id: 0xad418445, L:/127.0.0.1:55793 - R:localhost/127.0.0.1:52713] for POST '/session/a2b80cc1d01fdc161eef571a1f2e64a9/execute/sync'
14:08:47.978 [AsyncHttpClient-1-3] DEBUG org.asynchttpclient.netty.handler.HttpHandler - 

Request DefaultHttpRequest(decodeResult: success, version: HTTP/1.1)
POST /session/a2b80cc1d01fdc161eef571a1f2e64a9/execute/sync HTTP/1.1
User-Agent: selenium/4.1.2 (java windows)
Content-Length: 48780
Content-Type: application/json; charset=utf-8
host: localhost:52713
accept: */*

Response DefaultHttpResponse(decodeResult: success, version: HTTP/1.1)
HTTP/1.1 200 OK
Content-Type: application/json; charset=utf-8
cache-control: no-cache
content-length: 14

14:08:47.979 [AsyncHttpClient-1-3] DEBUG org.asynchttpclient.netty.channel.ChannelManager - Adding key: http://localhost:52713 for channel [id: 0xad418445, L:/127.0.0.1:55793 - R:localhost/127.0.0.1:52713]
  &amp#27;[32mThen &amp#27;[0m&amp#27;[32mI will get the &amp#27;[0m&amp#27;[32m&amp#27;[1m"i can't login"&amp#27;[0m   &amp#27;[90m# starter.stepdefinitions.LoginStepDefinition.iWillGetThe(java.lang.String)&amp#27;[0m
14:08:47.996 [Forwarding screenshot on session a2b80cc1d01fdc161eef571a1f2e64a9 to remote] DEBUG org.asynchttpclient.netty.request.NettyRequestSender - Using pooled Channel '[id: 0xad418445, L:/127.0.0.1:55793 - R:localhost/127.0.0.1:52713]' for 'GET' to 'http://localhost:52713/session/a2b80cc1d01fdc161eef571a1f2e64a9/screenshot'
14:08:47.996 [Forwarding screenshot on session a2b80cc1d01fdc161eef571a1f2e64a9 to remote] DEBUG org.asynchttpclient.netty.request.NettyRequestSender - Using open Channel [id: 0xad418445, L:/127.0.0.1:55793 - R:localhost/127.0.0.1:52713] for GET '/session/a2b80cc1d01fdc161eef571a1f2e64a9/screenshot'
14:08:48.216 [AsyncHttpClient-1-3] DEBUG org.asynchttpclient.netty.handler.HttpHandler - 

Request DefaultFullHttpRequest(decodeResult: success, version: HTTP/1.1, content: EmptyByteBufBE)
GET /session/a2b80cc1d01fdc161eef571a1f2e64a9/screenshot HTTP/1.1
User-Agent: selenium/4.1.2 (java windows)
Cache-Control: no-cache
Content-Type: application/json; charset=utf-8
host: localhost:52713
accept: */*

Response DefaultHttpResponse(decodeResult: success, version: HTTP/1.1)
HTTP/1.1 200 OK
Content-Type: application/json; charset=utf-8
cache-control: no-cache
content-length: 41092

14:08:48.217 [AsyncHttpClient-1-3] DEBUG org.asynchttpclient.netty.channel.ChannelManager - Adding key: http://localhost:52713 for channel [id: 0xad418445, L:/127.0.0.1:55793 - R:localhost/127.0.0.1:52713]
14:08:48.218 [main] DEBUG net.serenitybdd.core.photography.Darkroom - Send negative for processing for target\site\serenity\ce6f3f9e3dbeb62d0dfcccc0959166905241d014e6d57e9a06f01a2c5ba089d5.png
14:08:48.219 [Darkroom Processing Line] DEBUG net.serenitybdd.core.photography.DarkroomProcessingLine - Processing screenshot image in /var/screenshots/screenshot-7150965227032130809
14:08:48.219 [Darkroom Processing Line] DEBUG net.serenitybdd.core.photography.DarkroomProcessingLine - Saving screenshot to target\site\serenity\ce6f3f9e3dbeb62d0dfcccc0959166905241d014e6d57e9a06f01a2c5ba089d5.png
14:08:48.228 [AsyncHttpClient-1-5] DEBUG org.asynchttpclient.netty.handler.WebSocketHandler - Channel Closed: [id: 0x3d8f5c9b, L:/127.0.0.1:55803 ! R:localhost/127.0.0.1:55794] with attribute NettyResponseFuture{currentRetry=5,
	isDone=1,
	isCancelled=0,
	asyncHandler=org.asynchttpclient.ws.WebSocketUpgradeHandler@28498aef,
	nettyRequest=org.asynchttpclient.netty.request.NettyRequest@a355012,
	future=java.util.concurrent.CompletableFuture@526c340b[Completed normally],
	uri=ws://localhost:55794/devtools/browser/9686e484-021b-404f-90da-d4f1f14626f4,
	keepAlive=true,
	redirectCount=0,
	timeoutsHolder=null,
	inAuth=0,
	touch=1669014522780}
14:08:48.228 [AsyncHttpClient-1-5] DEBUG org.asynchttpclient.netty.channel.ChannelManager - Closing Channel [id: 0x3d8f5c9b, L:/127.0.0.1:55803 ! R:localhost/127.0.0.1:55794] 
14:08:48.229 [Driver Command Executor] DEBUG org.asynchttpclient.netty.request.NettyRequestSender - Using pooled Channel '[id: 0xad418445, L:/127.0.0.1:55793 - R:localhost/127.0.0.1:52713]' for 'DELETE' to 'http://localhost:52713/session/a2b80cc1d01fdc161eef571a1f2e64a9'
14:08:48.229 [Driver Command Executor] DEBUG org.asynchttpclient.netty.request.NettyRequestSender - Using open Channel [id: 0xad418445, L:/127.0.0.1:55793 - R:localhost/127.0.0.1:52713] for DELETE '/session/a2b80cc1d01fdc161eef571a1f2e64a9'
14:08:48.398 [AsyncHttpClient-1-4] DEBUG org.asynchttpclient.netty.handler.HttpHandler - Unexpected I/O exception on channel [id: 0xca0b1b2f, L:/127.0.0.1:55802 - R:localhost/127.0.0.1:55794]
java.io.IOException: An existing connection was forcibly closed by the remote host
	at java.base/sun.nio.ch.SocketDispatcher.read0(Native Method)
	at java.base/sun.nio.ch.SocketDispatcher.read(SocketDispatcher.java:43)
	at java.base/sun.nio.ch.IOUtil.readIntoNativeBuffer(IOUtil.java:276)
	at java.base/sun.nio.ch.IOUtil.read(IOUtil.java:233)
	at java.base/sun.nio.ch.IOUtil.read(IOUtil.java:223)
	at java.base/sun.nio.ch.SocketChannelImpl.read(SocketChannelImpl.java:358)
	at io.netty.buffer.PooledByteBuf.setBytes(PooledByteBuf.java:258)
	at io.netty.buffer.AbstractByteBuf.writeBytes(AbstractByteBuf.java:1132)
	at io.netty.channel.socket.nio.NioSocketChannel.doReadBytes(NioSocketChannel.java:350)
	at io.netty.channel.nio.AbstractNioByteChannel$NioByteUnsafe.read(AbstractNioByteChannel.java:151)
	at io.netty.channel.nio.NioEventLoop.processSelectedKey(NioEventLoop.java:722)
	at io.netty.channel.nio.NioEventLoop.processSelectedKeysOptimized(NioEventLoop.java:658)
	at io.netty.channel.nio.NioEventLoop.processSelectedKeys(NioEventLoop.java:584)
	at io.netty.channel.nio.NioEventLoop.run(NioEventLoop.java:496)
	at io.netty.util.concurrent.SingleThreadEventExecutor$4.run(SingleThreadEventExecutor.java:986)
	at io.netty.util.internal.ThreadExecutorMap$2.run(ThreadExecutorMap.java:74)
	at io.netty.util.concurrent.FastThreadLocalRunnable.run(FastThreadLocalRunnable.java:30)
	at java.base/java.lang.Thread.run(Thread.java:834)
14:08:48.399 [AsyncHttpClient-1-4] DEBUG org.asynchttpclient.netty.channel.ChannelManager - Closing Channel [id: 0xca0b1b2f, L:/127.0.0.1:55802 - R:localhost/127.0.0.1:55794] 
14:08:48.399 [AsyncHttpClient-1-4] DEBUG org.asynchttpclient.netty.handler.HttpHandler - Channel Closed: [id: 0xca0b1b2f, L:/127.0.0.1:55802 ! R:localhost/127.0.0.1:55794] with attribute DISCARD
14:08:48.422 [AsyncHttpClient-1-3] DEBUG org.asynchttpclient.netty.handler.HttpHandler - 

Request DefaultFullHttpRequest(decodeResult: success, version: HTTP/1.1, content: EmptyByteBufBE)
DELETE /session/a2b80cc1d01fdc161eef571a1f2e64a9 HTTP/1.1
User-Agent: selenium/4.1.2 (java windows)
Content-Type: application/json; charset=utf-8
host: localhost:52713
accept: */*

Response DefaultHttpResponse(decodeResult: success, version: HTTP/1.1)
HTTP/1.1 200 OK
Content-Type: application/json; charset=utf-8
cache-control: no-cache
content-length: 14

14:08:48.422 [AsyncHttpClient-1-3] DEBUG org.asynchttpclient.netty.channel.ChannelManager - Adding key: http://localhost:52713 for channel [id: 0xad418445, L:/127.0.0.1:55793 - R:localhost/127.0.0.1:52713]
14:08:48.479 [AsyncHttpClient-1-3] DEBUG org.asynchttpclient.netty.handler.HttpHandler - Channel Closed: [id: 0xad418445, L:/127.0.0.1:55793 ! R:localhost/127.0.0.1:52713] with attribute DISCARD
]]></system-out>
    <system-err><![CDATA[Starting ChromeDriver 107.0.5304.62 (1eec40d3a5764881c92085aaee66d25075c159aa-refs/branch-heads/5304@{#942}) on port 52713
Only local connections are allowed.
Please see https://chromedriver.chromium.org/security-considerations for suggestions on keeping ChromeDriver safe.
ChromeDriver was started successfully.
Nov 21, 2022 2:08:42 PM org.openqa.selenium.remote.ProtocolHandshake createSession
INFO: Detected dialect: W3C
Nov 21, 2022 2:08:42 PM org.openqa.selenium.devtools.CdpVersionFinder findNearestMatch
WARNING: Unable to find an exact match for CDP version 107, so returning the closest version found: a no-op implementation
Nov 21, 2022 2:08:42 PM org.openqa.selenium.devtools.CdpVersionFinder findNearestMatch
INFO: Unable to find CDP implementation matching 107.
Nov 21, 2022 2:08:42 PM org.openqa.selenium.chromium.ChromiumDriver lambda$new$3
WARNING: Unable to find version of CDP to use for . You may need to include a dependency on a specific version of the CDP using something similar to `org.seleniumhq.selenium:selenium-devtools-v86:4.1.2` where the version ("v86") matches the version of the chromium-based browser you're using and the version number of the artifact is the same as Selenium's.
]]></system-err>
  </testcase>
  <testcase name="Login with account #5" classname="Login" time="6.697">
    <system-out><![CDATA[
@Login
Scenario Outline: Login with account  &amp#27;[90m# src/test/resources/features/login.feature:20&amp#27;[0m
14:08:48.538 [main] INFO io.cucumber.core.plugin.SerenityReporter - Running feature from file:///D:/Ra/file%20kuliah/semester%207/resume%20alta/Mini%20Project/Web%20testing/AltaShop/src/test/resources/features/login.feature
14:08:48.572 [main] INFO net.serenitybdd.core.webdriver.driverproviders.ChromeDriverProvider - Using automatically driver download
14:08:48.754 [main] DEBUG io.github.bonigarcia.wdm.cache.ResolutionCache - Resolution chrome=107 in cache (valid until 15:07:47 21/11/2022 ICT)
14:08:48.764 [main] DEBUG io.github.bonigarcia.wdm.cache.ResolutionCache - Resolution chrome107=107.0.5304.62 in cache (valid until 14:07:47 22/11/2022 ICT)
14:08:48.766 [main] INFO io.github.bonigarcia.wdm.WebDriverManager - Using chromedriver 107.0.5304.62 (resolved driver for Chrome 107)
14:08:48.786 [main] DEBUG io.github.bonigarcia.wdm.WebDriverManager - Driver chromedriver 107.0.5304.62 found in cache
14:08:48.787 [main] INFO io.github.bonigarcia.wdm.WebDriverManager - Exporting webdriver.chrome.driver as C:\Users\rilaa\.cache\selenium\chromedriver\win32\107.0.5304.62\chromedriver.exe
14:08:48.933 [AsyncHttpClient-1-1] DEBUG org.asynchttpclient.netty.channel.DefaultChannelPool - Entry count for : http://localhost:52713 : 1
14:08:48.934 [AsyncHttpClient-1-1] DEBUG org.asynchttpclient.netty.channel.DefaultChannelPool - Entry count for : http://localhost:55794 : 1
14:08:48.934 [AsyncHttpClient-1-1] DEBUG org.asynchttpclient.netty.channel.DefaultChannelPool - Adding Candidate expired Channel [id: 0xad418445, L:/127.0.0.1:55793 ! R:localhost/127.0.0.1:52713] isIdleTimeoutExpired=false isRemotelyClosed=true isTtlExpired=false
14:08:48.934 [AsyncHttpClient-1-1] DEBUG org.asynchttpclient.netty.channel.DefaultChannelPool - Closing Idle Channel [id: 0xad418445, L:/127.0.0.1:55793 ! R:localhost/127.0.0.1:52713]
14:08:48.934 [AsyncHttpClient-1-1] DEBUG org.asynchttpclient.netty.channel.DefaultChannelPool - Adding Candidate expired Channel [id: 0xca0b1b2f, L:/127.0.0.1:55802 ! R:localhost/127.0.0.1:55794] isIdleTimeoutExpired=false isRemotelyClosed=true isTtlExpired=false
14:08:48.934 [AsyncHttpClient-1-1] DEBUG org.asynchttpclient.netty.channel.DefaultChannelPool - Closing Idle Channel [id: 0xca0b1b2f, L:/127.0.0.1:55802 ! R:localhost/127.0.0.1:55794]
14:08:48.934 [AsyncHttpClient-1-1] DEBUG org.asynchttpclient.netty.channel.DefaultChannelPool - Closed 2 connections out of 2 in 0 ms
14:08:48.946 [main] DEBUG net.serenitybdd.core.webdriver.driverproviders.ProvideNewDriver - Instantiating driver
14:08:48.946 [main] DEBUG net.serenitybdd.core.webdriver.driverproviders.ProvideNewDriver - Driver capabilities: Capabilities {acceptInsecureCerts: false, base.url: https://alta-shop.vercel.app, browserName: chrome, chrome.driver: src/test/resources/webdrive..., driver: chrome, goog:chromeOptions: {args: [], extensions: []}}
14:08:49.078 [AsyncHttpClient-1-6] DEBUG org.asynchttpclient.netty.channel.NettyConnectListener - Using new Channel '[id: 0x649d30d5, L:/127.0.0.1:55821 - R:localhost/127.0.0.1:56296]' for 'POST' to '/session'
14:08:50.384 [AsyncHttpClient-1-6] DEBUG org.asynchttpclient.netty.handler.HttpHandler - 

Request DefaultHttpRequest(decodeResult: success, version: HTTP/1.1)
POST /session HTTP/1.1
User-Agent: selenium/4.1.2 (java windows)
Content-Length: 609
Content-Type: application/json; charset=utf-8
host: localhost:56296
accept: */*

Response DefaultHttpResponse(decodeResult: success, version: HTTP/1.1)
HTTP/1.1 200 OK
Content-Type: application/json; charset=utf-8
cache-control: no-cache
content-length: 791

14:08:50.385 [AsyncHttpClient-1-6] DEBUG org.asynchttpclient.netty.channel.ChannelManager - Adding key: http://localhost:56296 for channel [id: 0x649d30d5, L:/127.0.0.1:55821 - R:localhost/127.0.0.1:56296]
14:08:50.394 [AsyncHttpClient-1-7] DEBUG org.asynchttpclient.netty.channel.NettyConnectListener - Using new Channel '[id: 0xc4df9f35, L:/127.0.0.1:55828 - R:localhost/127.0.0.1:55822]' for 'GET' to '/json/version'
14:08:50.395 [AsyncHttpClient-1-7] DEBUG org.asynchttpclient.netty.handler.HttpHandler - 

Request DefaultFullHttpRequest(decodeResult: success, version: HTTP/1.1, content: EmptyByteBufBE)
GET /json/version HTTP/1.1
User-Agent: selenium/4.1.2 (java windows)
host: localhost:55822
accept: */*

Response DefaultHttpResponse(decodeResult: success, version: HTTP/1.1)
HTTP/1.1 200 OK
Content-Type: application/json; charset=UTF-8
content-length: 424

14:08:50.395 [AsyncHttpClient-1-7] DEBUG org.asynchttpclient.netty.channel.ChannelManager - Adding key: http://localhost:55822 for channel [id: 0xc4df9f35, L:/127.0.0.1:55828 - R:localhost/127.0.0.1:55822]
14:08:50.398 [AsyncHttpClient-1-8] DEBUG org.asynchttpclient.netty.channel.NettyConnectListener - Using new Channel '[id: 0xbe186f8b, L:/127.0.0.1:55829 - R:localhost/127.0.0.1:55822]' for 'GET' to '/devtools/browser/f5790890-920a-4e94-9483-5b5a5433ccc1'
14:08:50.399 [AsyncHttpClient-1-8] DEBUG org.asynchttpclient.netty.handler.WebSocketHandler - 

Request DefaultFullHttpRequest(decodeResult: success, version: HTTP/1.1, content: EmptyByteBufBE)
GET /devtools/browser/f5790890-920a-4e94-9483-5b5a5433ccc1 HTTP/1.1
upgrade: websocket
connection: upgrade
sec-websocket-key: NUEpWf2ros2kDdwXNnfxLg==
sec-websocket-version: 13
origin: http://localhost:55822
host: localhost:55822
accept: */*
user-agent: AHC/2.1

Response DefaultHttpResponse(decodeResult: success, version: HTTP/1.1)
HTTP/1.1 101 WebSocket Protocol Handshake
Upgrade: WebSocket
Connection: Upgrade
Sec-WebSocket-Accept: l5RRhr0uyCvGfIL2wVEUeNyf9Yc=

14:08:50.404 [Forwarding get on session e4354fe3e53730a3d32e2c78b2a01e76 to remote] DEBUG org.asynchttpclient.netty.request.NettyRequestSender - Using pooled Channel '[id: 0x649d30d5, L:/127.0.0.1:55821 - R:localhost/127.0.0.1:56296]' for 'POST' to 'http://localhost:56296/session/e4354fe3e53730a3d32e2c78b2a01e76/url'
14:08:50.405 [Forwarding get on session e4354fe3e53730a3d32e2c78b2a01e76 to remote] DEBUG org.asynchttpclient.netty.request.NettyRequestSender - Using open Channel [id: 0x649d30d5, L:/127.0.0.1:55821 - R:localhost/127.0.0.1:56296] for POST '/session/e4354fe3e53730a3d32e2c78b2a01e76/url'
14:08:51.132 [AsyncHttpClient-1-1] DEBUG org.asynchttpclient.netty.channel.DefaultChannelPool - Entry count for : http://localhost:55822 : 1
14:08:51.924 [AsyncHttpClient-1-6] DEBUG org.asynchttpclient.netty.handler.HttpHandler - 

Request DefaultHttpRequest(decodeResult: success, version: HTTP/1.1)
POST /session/e4354fe3e53730a3d32e2c78b2a01e76/url HTTP/1.1
User-Agent: selenium/4.1.2 (java windows)
Content-Length: 59
Content-Type: application/json; charset=utf-8
host: localhost:56296
accept: */*

Response DefaultHttpResponse(decodeResult: success, version: HTTP/1.1)
HTTP/1.1 200 OK
Content-Type: application/json; charset=utf-8
cache-control: no-cache
content-length: 14

14:08:51.924 [AsyncHttpClient-1-6] DEBUG org.asynchttpclient.netty.channel.ChannelManager - Adding key: http://localhost:56296 for channel [id: 0x649d30d5, L:/127.0.0.1:55821 - R:localhost/127.0.0.1:56296]
14:08:51.927 [Forwarding setTimeout on session e4354fe3e53730a3d32e2c78b2a01e76 to remote] DEBUG org.asynchttpclient.netty.request.NettyRequestSender - Using pooled Channel '[id: 0x649d30d5, L:/127.0.0.1:55821 - R:localhost/127.0.0.1:56296]' for 'POST' to 'http://localhost:56296/session/e4354fe3e53730a3d32e2c78b2a01e76/timeouts'
14:08:51.927 [Forwarding setTimeout on session e4354fe3e53730a3d32e2c78b2a01e76 to remote] DEBUG org.asynchttpclient.netty.request.NettyRequestSender - Using open Channel [id: 0x649d30d5, L:/127.0.0.1:55821 - R:localhost/127.0.0.1:56296] for POST '/session/e4354fe3e53730a3d32e2c78b2a01e76/timeouts'
14:08:51.929 [AsyncHttpClient-1-6] DEBUG org.asynchttpclient.netty.handler.HttpHandler - 

Request DefaultHttpRequest(decodeResult: success, version: HTTP/1.1)
POST /session/e4354fe3e53730a3d32e2c78b2a01e76/timeouts HTTP/1.1
User-Agent: selenium/4.1.2 (java windows)
Content-Length: 22
Content-Type: application/json; charset=utf-8
host: localhost:56296
accept: */*

Response DefaultHttpResponse(decodeResult: success, version: HTTP/1.1)
HTTP/1.1 200 OK
Content-Type: application/json; charset=utf-8
cache-control: no-cache
content-length: 14

14:08:51.929 [AsyncHttpClient-1-6] DEBUG org.asynchttpclient.netty.channel.ChannelManager - Adding key: http://localhost:56296 for channel [id: 0x649d30d5, L:/127.0.0.1:55821 - R:localhost/127.0.0.1:56296]
14:08:51.937 [Forwarding getCurrentUrl on session e4354fe3e53730a3d32e2c78b2a01e76 to remote] DEBUG org.asynchttpclient.netty.request.NettyRequestSender - Using pooled Channel '[id: 0x649d30d5, L:/127.0.0.1:55821 - R:localhost/127.0.0.1:56296]' for 'GET' to 'http://localhost:56296/session/e4354fe3e53730a3d32e2c78b2a01e76/url'
14:08:51.937 [Forwarding getCurrentUrl on session e4354fe3e53730a3d32e2c78b2a01e76 to remote] DEBUG org.asynchttpclient.netty.request.NettyRequestSender - Using open Channel [id: 0x649d30d5, L:/127.0.0.1:55821 - R:localhost/127.0.0.1:56296] for GET '/session/e4354fe3e53730a3d32e2c78b2a01e76/url'
14:08:51.948 [AsyncHttpClient-1-6] DEBUG org.asynchttpclient.netty.handler.HttpHandler - 

Request DefaultFullHttpRequest(decodeResult: success, version: HTTP/1.1, content: EmptyByteBufBE)
GET /session/e4354fe3e53730a3d32e2c78b2a01e76/url HTTP/1.1
User-Agent: selenium/4.1.2 (java windows)
Cache-Control: no-cache
Content-Type: application/json; charset=utf-8
host: localhost:56296
accept: */*

Response DefaultHttpResponse(decodeResult: success, version: HTTP/1.1)
HTTP/1.1 200 OK
Content-Type: application/json; charset=utf-8
cache-control: no-cache
content-length: 41

14:08:51.948 [AsyncHttpClient-1-6] DEBUG org.asynchttpclient.netty.channel.ChannelManager - Adding key: http://localhost:56296 for channel [id: 0x649d30d5, L:/127.0.0.1:55821 - R:localhost/127.0.0.1:56296]
14:08:51.956 [Forwarding findElement on session e4354fe3e53730a3d32e2c78b2a01e76 to remote] DEBUG org.asynchttpclient.netty.request.NettyRequestSender - Using pooled Channel '[id: 0x649d30d5, L:/127.0.0.1:55821 - R:localhost/127.0.0.1:56296]' for 'POST' to 'http://localhost:56296/session/e4354fe3e53730a3d32e2c78b2a01e76/element'
14:08:51.956 [Forwarding findElement on session e4354fe3e53730a3d32e2c78b2a01e76 to remote] DEBUG org.asynchttpclient.netty.request.NettyRequestSender - Using open Channel [id: 0x649d30d5, L:/127.0.0.1:55821 - R:localhost/127.0.0.1:56296] for POST '/session/e4354fe3e53730a3d32e2c78b2a01e76/element'
14:08:51.985 [AsyncHttpClient-1-6] DEBUG org.asynchttpclient.netty.handler.HttpHandler - 

Request DefaultHttpRequest(decodeResult: success, version: HTTP/1.1)
POST /session/e4354fe3e53730a3d32e2c78b2a01e76/element HTTP/1.1
User-Agent: selenium/4.1.2 (java windows)
Content-Length: 77
Content-Type: application/json; charset=utf-8
host: localhost:56296
accept: */*

Response DefaultHttpResponse(decodeResult: success, version: HTTP/1.1)
HTTP/1.1 200 OK
Content-Type: application/json; charset=utf-8
cache-control: no-cache
content-length: 88

14:08:51.986 [AsyncHttpClient-1-6] DEBUG org.asynchttpclient.netty.channel.ChannelManager - Adding key: http://localhost:56296 for channel [id: 0x649d30d5, L:/127.0.0.1:55821 - R:localhost/127.0.0.1:56296]
14:08:51.991 [Forwarding isElementDisplayed on session e4354fe3e53730a3d32e2c78b2a01e76 to remote] DEBUG org.asynchttpclient.netty.request.NettyRequestSender - Using pooled Channel '[id: 0x649d30d5, L:/127.0.0.1:55821 - R:localhost/127.0.0.1:56296]' for 'POST' to 'http://localhost:56296/session/e4354fe3e53730a3d32e2c78b2a01e76/execute/sync'
14:08:51.991 [Forwarding isElementDisplayed on session e4354fe3e53730a3d32e2c78b2a01e76 to remote] DEBUG org.asynchttpclient.netty.request.NettyRequestSender - Using open Channel [id: 0x649d30d5, L:/127.0.0.1:55821 - R:localhost/127.0.0.1:56296] for POST '/session/e4354fe3e53730a3d32e2c78b2a01e76/execute/sync'
14:08:52.104 [AsyncHttpClient-1-6] DEBUG org.asynchttpclient.netty.handler.HttpHandler - 

Request DefaultHttpRequest(decodeResult: success, version: HTTP/1.1)
POST /session/e4354fe3e53730a3d32e2c78b2a01e76/execute/sync HTTP/1.1
User-Agent: selenium/4.1.2 (java windows)
Content-Length: 48780
Content-Type: application/json; charset=utf-8
host: localhost:56296
accept: */*

Response DefaultHttpResponse(decodeResult: success, version: HTTP/1.1)
HTTP/1.1 200 OK
Content-Type: application/json; charset=utf-8
cache-control: no-cache
content-length: 14

14:08:52.104 [AsyncHttpClient-1-6] DEBUG org.asynchttpclient.netty.channel.ChannelManager - Adding key: http://localhost:56296 for channel [id: 0x649d30d5, L:/127.0.0.1:55821 - R:localhost/127.0.0.1:56296]
  &amp#27;[32mGiven &amp#27;[0m&amp#27;[32mI am on the home page&amp#27;[0m         &amp#27;[90m# starter.stepdefinitions.LoginStepDefinition.iAmOnTheHomePage()&amp#27;[0m
14:08:52.116 [Forwarding screenshot on session e4354fe3e53730a3d32e2c78b2a01e76 to remote] DEBUG org.asynchttpclient.netty.request.NettyRequestSender - Using pooled Channel '[id: 0x649d30d5, L:/127.0.0.1:55821 - R:localhost/127.0.0.1:56296]' for 'GET' to 'http://localhost:56296/session/e4354fe3e53730a3d32e2c78b2a01e76/screenshot'
14:08:52.116 [Forwarding screenshot on session e4354fe3e53730a3d32e2c78b2a01e76 to remote] DEBUG org.asynchttpclient.netty.request.NettyRequestSender - Using open Channel [id: 0x649d30d5, L:/127.0.0.1:55821 - R:localhost/127.0.0.1:56296] for GET '/session/e4354fe3e53730a3d32e2c78b2a01e76/screenshot'
14:08:52.229 [AsyncHttpClient-1-1] DEBUG org.asynchttpclient.netty.channel.DefaultChannelPool - Entry count for : http://localhost:55822 : 1
14:08:52.370 [AsyncHttpClient-1-6] DEBUG org.asynchttpclient.netty.handler.HttpHandler - 

Request DefaultFullHttpRequest(decodeResult: success, version: HTTP/1.1, content: EmptyByteBufBE)
GET /session/e4354fe3e53730a3d32e2c78b2a01e76/screenshot HTTP/1.1
User-Agent: selenium/4.1.2 (java windows)
Cache-Control: no-cache
Content-Type: application/json; charset=utf-8
host: localhost:56296
accept: */*

Response DefaultHttpResponse(decodeResult: success, version: HTTP/1.1)
HTTP/1.1 200 OK
Content-Type: application/json; charset=utf-8
cache-control: no-cache
content-length: 36456

14:08:52.371 [AsyncHttpClient-1-6] DEBUG org.asynchttpclient.netty.channel.ChannelManager - Adding key: http://localhost:56296 for channel [id: 0x649d30d5, L:/127.0.0.1:55821 - R:localhost/127.0.0.1:56296]
14:08:52.381 [main] DEBUG net.serenitybdd.core.photography.Darkroom - Send negative for processing for target\site\serenity\50976d4ea7f8ba248b6fc2195816ab6b9fa3bae13c3a7b0ba07136779dffc740.png
14:08:52.382 [Darkroom Processing Line] DEBUG net.serenitybdd.core.photography.DarkroomProcessingLine - Processing screenshot image in /var/screenshots/screenshot-2825655916607584712
14:08:52.382 [Darkroom Processing Line] DEBUG net.serenitybdd.core.photography.DarkroomProcessingLine - Saving screenshot to target\site\serenity\50976d4ea7f8ba248b6fc2195816ab6b9fa3bae13c3a7b0ba07136779dffc740.png
14:08:52.396 [Forwarding findElement on session e4354fe3e53730a3d32e2c78b2a01e76 to remote] DEBUG org.asynchttpclient.netty.request.NettyRequestSender - Using pooled Channel '[id: 0x649d30d5, L:/127.0.0.1:55821 - R:localhost/127.0.0.1:56296]' for 'POST' to 'http://localhost:56296/session/e4354fe3e53730a3d32e2c78b2a01e76/element'
14:08:52.396 [Forwarding findElement on session e4354fe3e53730a3d32e2c78b2a01e76 to remote] DEBUG org.asynchttpclient.netty.request.NettyRequestSender - Using open Channel [id: 0x649d30d5, L:/127.0.0.1:55821 - R:localhost/127.0.0.1:56296] for POST '/session/e4354fe3e53730a3d32e2c78b2a01e76/element'
14:08:52.417 [AsyncHttpClient-1-6] DEBUG org.asynchttpclient.netty.handler.HttpHandler - 

Request DefaultHttpRequest(decodeResult: success, version: HTTP/1.1)
POST /session/e4354fe3e53730a3d32e2c78b2a01e76/element HTTP/1.1
User-Agent: selenium/4.1.2 (java windows)
Content-Length: 97
Content-Type: application/json; charset=utf-8
host: localhost:56296
accept: */*

Response DefaultHttpResponse(decodeResult: success, version: HTTP/1.1)
HTTP/1.1 200 OK
Content-Type: application/json; charset=utf-8
cache-control: no-cache
content-length: 88

14:08:52.417 [AsyncHttpClient-1-6] DEBUG org.asynchttpclient.netty.channel.ChannelManager - Adding key: http://localhost:56296 for channel [id: 0x649d30d5, L:/127.0.0.1:55821 - R:localhost/127.0.0.1:56296]
14:08:52.419 [Forwarding getElementTagName on session e4354fe3e53730a3d32e2c78b2a01e76 to remote] DEBUG org.asynchttpclient.netty.request.NettyRequestSender - Using pooled Channel '[id: 0x649d30d5, L:/127.0.0.1:55821 - R:localhost/127.0.0.1:56296]' for 'GET' to 'http://localhost:56296/session/e4354fe3e53730a3d32e2c78b2a01e76/element/afb9880d-ba34-40f5-b0e2-915f0a92006c/name'
14:08:52.419 [Forwarding getElementTagName on session e4354fe3e53730a3d32e2c78b2a01e76 to remote] DEBUG org.asynchttpclient.netty.request.NettyRequestSender - Using open Channel [id: 0x649d30d5, L:/127.0.0.1:55821 - R:localhost/127.0.0.1:56296] for GET '/session/e4354fe3e53730a3d32e2c78b2a01e76/element/afb9880d-ba34-40f5-b0e2-915f0a92006c/name'
14:08:52.433 [AsyncHttpClient-1-6] DEBUG org.asynchttpclient.netty.handler.HttpHandler - 

Request DefaultFullHttpRequest(decodeResult: success, version: HTTP/1.1, content: EmptyByteBufBE)
GET /session/e4354fe3e53730a3d32e2c78b2a01e76/element/afb9880d-ba34-40f5-b0e2-915f0a92006c/name HTTP/1.1
User-Agent: selenium/4.1.2 (java windows)
Cache-Control: no-cache
Content-Type: application/json; charset=utf-8
host: localhost:56296
accept: */*

Response DefaultHttpResponse(decodeResult: success, version: HTTP/1.1)
HTTP/1.1 200 OK
Content-Type: application/json; charset=utf-8
cache-control: no-cache
content-length: 13

14:08:52.434 [AsyncHttpClient-1-6] DEBUG org.asynchttpclient.netty.channel.ChannelManager - Adding key: http://localhost:56296 for channel [id: 0x649d30d5, L:/127.0.0.1:55821 - R:localhost/127.0.0.1:56296]
14:08:52.435 [Forwarding getElementTagName on session e4354fe3e53730a3d32e2c78b2a01e76 to remote] DEBUG org.asynchttpclient.netty.request.NettyRequestSender - Using pooled Channel '[id: 0x649d30d5, L:/127.0.0.1:55821 - R:localhost/127.0.0.1:56296]' for 'GET' to 'http://localhost:56296/session/e4354fe3e53730a3d32e2c78b2a01e76/element/afb9880d-ba34-40f5-b0e2-915f0a92006c/name'
14:08:52.435 [Forwarding getElementTagName on session e4354fe3e53730a3d32e2c78b2a01e76 to remote] DEBUG org.asynchttpclient.netty.request.NettyRequestSender - Using open Channel [id: 0x649d30d5, L:/127.0.0.1:55821 - R:localhost/127.0.0.1:56296] for GET '/session/e4354fe3e53730a3d32e2c78b2a01e76/element/afb9880d-ba34-40f5-b0e2-915f0a92006c/name'
14:08:52.446 [AsyncHttpClient-1-6] DEBUG org.asynchttpclient.netty.handler.HttpHandler - 

Request DefaultFullHttpRequest(decodeResult: success, version: HTTP/1.1, content: EmptyByteBufBE)
GET /session/e4354fe3e53730a3d32e2c78b2a01e76/element/afb9880d-ba34-40f5-b0e2-915f0a92006c/name HTTP/1.1
User-Agent: selenium/4.1.2 (java windows)
Cache-Control: no-cache
Content-Type: application/json; charset=utf-8
host: localhost:56296
accept: */*

Response DefaultHttpResponse(decodeResult: success, version: HTTP/1.1)
HTTP/1.1 200 OK
Content-Type: application/json; charset=utf-8
cache-control: no-cache
content-length: 13

14:08:52.446 [AsyncHttpClient-1-6] DEBUG org.asynchttpclient.netty.channel.ChannelManager - Adding key: http://localhost:56296 for channel [id: 0x649d30d5, L:/127.0.0.1:55821 - R:localhost/127.0.0.1:56296]
14:08:52.448 [Forwarding findElement on session e4354fe3e53730a3d32e2c78b2a01e76 to remote] DEBUG org.asynchttpclient.netty.request.NettyRequestSender - Using pooled Channel '[id: 0x649d30d5, L:/127.0.0.1:55821 - R:localhost/127.0.0.1:56296]' for 'POST' to 'http://localhost:56296/session/e4354fe3e53730a3d32e2c78b2a01e76/element'
14:08:52.448 [Forwarding findElement on session e4354fe3e53730a3d32e2c78b2a01e76 to remote] DEBUG org.asynchttpclient.netty.request.NettyRequestSender - Using open Channel [id: 0x649d30d5, L:/127.0.0.1:55821 - R:localhost/127.0.0.1:56296] for POST '/session/e4354fe3e53730a3d32e2c78b2a01e76/element'
14:08:52.464 [AsyncHttpClient-1-6] DEBUG org.asynchttpclient.netty.handler.HttpHandler - 

Request DefaultHttpRequest(decodeResult: success, version: HTTP/1.1)
POST /session/e4354fe3e53730a3d32e2c78b2a01e76/element HTTP/1.1
User-Agent: selenium/4.1.2 (java windows)
Content-Length: 97
Content-Type: application/json; charset=utf-8
host: localhost:56296
accept: */*

Response DefaultHttpResponse(decodeResult: success, version: HTTP/1.1)
HTTP/1.1 200 OK
Content-Type: application/json; charset=utf-8
cache-control: no-cache
content-length: 88

14:08:52.464 [AsyncHttpClient-1-6] DEBUG org.asynchttpclient.netty.channel.ChannelManager - Adding key: http://localhost:56296 for channel [id: 0x649d30d5, L:/127.0.0.1:55821 - R:localhost/127.0.0.1:56296]
14:08:52.465 [Forwarding clickElement on session e4354fe3e53730a3d32e2c78b2a01e76 to remote] DEBUG org.asynchttpclient.netty.request.NettyRequestSender - Using pooled Channel '[id: 0x649d30d5, L:/127.0.0.1:55821 - R:localhost/127.0.0.1:56296]' for 'POST' to 'http://localhost:56296/session/e4354fe3e53730a3d32e2c78b2a01e76/element/afb9880d-ba34-40f5-b0e2-915f0a92006c/click'
14:08:52.466 [Forwarding clickElement on session e4354fe3e53730a3d32e2c78b2a01e76 to remote] DEBUG org.asynchttpclient.netty.request.NettyRequestSender - Using open Channel [id: 0x649d30d5, L:/127.0.0.1:55821 - R:localhost/127.0.0.1:56296] for POST '/session/e4354fe3e53730a3d32e2c78b2a01e76/element/afb9880d-ba34-40f5-b0e2-915f0a92006c/click'
14:08:52.544 [AsyncHttpClient-1-6] DEBUG org.asynchttpclient.netty.handler.HttpHandler - 

Request DefaultHttpRequest(decodeResult: success, version: HTTP/1.1)
POST /session/e4354fe3e53730a3d32e2c78b2a01e76/element/afb9880d-ba34-40f5-b0e2-915f0a92006c/click HTTP/1.1
User-Agent: selenium/4.1.2 (java windows)
Content-Length: 50
Content-Type: application/json; charset=utf-8
host: localhost:56296
accept: */*

Response DefaultHttpResponse(decodeResult: success, version: HTTP/1.1)
HTTP/1.1 200 OK
Content-Type: application/json; charset=utf-8
cache-control: no-cache
content-length: 14

14:08:52.545 [AsyncHttpClient-1-6] DEBUG org.asynchttpclient.netty.channel.ChannelManager - Adding key: http://localhost:56296 for channel [id: 0x649d30d5, L:/127.0.0.1:55821 - R:localhost/127.0.0.1:56296]
  &amp#27;[32mAnd &amp#27;[0m&amp#27;[32mI click login icon&amp#27;[0m              &amp#27;[90m# starter.stepdefinitions.LoginStepDefinition.iClickLoginIcon()&amp#27;[0m
14:08:52.566 [Forwarding screenshot on session e4354fe3e53730a3d32e2c78b2a01e76 to remote] DEBUG org.asynchttpclient.netty.request.NettyRequestSender - Using pooled Channel '[id: 0x649d30d5, L:/127.0.0.1:55821 - R:localhost/127.0.0.1:56296]' for 'GET' to 'http://localhost:56296/session/e4354fe3e53730a3d32e2c78b2a01e76/screenshot'
14:08:52.566 [Forwarding screenshot on session e4354fe3e53730a3d32e2c78b2a01e76 to remote] DEBUG org.asynchttpclient.netty.request.NettyRequestSender - Using open Channel [id: 0x649d30d5, L:/127.0.0.1:55821 - R:localhost/127.0.0.1:56296] for GET '/session/e4354fe3e53730a3d32e2c78b2a01e76/screenshot'
14:08:52.958 [AsyncHttpClient-1-6] DEBUG org.asynchttpclient.netty.handler.HttpHandler - 

Request DefaultFullHttpRequest(decodeResult: success, version: HTTP/1.1, content: EmptyByteBufBE)
GET /session/e4354fe3e53730a3d32e2c78b2a01e76/screenshot HTTP/1.1
User-Agent: selenium/4.1.2 (java windows)
Cache-Control: no-cache
Content-Type: application/json; charset=utf-8
host: localhost:56296
accept: */*

Response DefaultHttpResponse(decodeResult: success, version: HTTP/1.1)
HTTP/1.1 200 OK
Content-Type: application/json; charset=utf-8
cache-control: no-cache
content-length: 33936

14:08:52.959 [AsyncHttpClient-1-6] DEBUG org.asynchttpclient.netty.channel.ChannelManager - Adding key: http://localhost:56296 for channel [id: 0x649d30d5, L:/127.0.0.1:55821 - R:localhost/127.0.0.1:56296]
14:08:52.961 [main] DEBUG net.serenitybdd.core.photography.Darkroom - Send negative for processing for target\site\serenity\b3284d73de5a297ffa8ef7dea2ab351ccbbababbd2fb789d5a478f736a67db2a.png
14:08:52.971 [Forwarding findElement on session e4354fe3e53730a3d32e2c78b2a01e76 to remote] DEBUG org.asynchttpclient.netty.request.NettyRequestSender - Using pooled Channel '[id: 0x649d30d5, L:/127.0.0.1:55821 - R:localhost/127.0.0.1:56296]' for 'POST' to 'http://localhost:56296/session/e4354fe3e53730a3d32e2c78b2a01e76/element'
14:08:52.971 [Forwarding findElement on session e4354fe3e53730a3d32e2c78b2a01e76 to remote] DEBUG org.asynchttpclient.netty.request.NettyRequestSender - Using open Channel [id: 0x649d30d5, L:/127.0.0.1:55821 - R:localhost/127.0.0.1:56296] for POST '/session/e4354fe3e53730a3d32e2c78b2a01e76/element'
14:08:53.003 [AsyncHttpClient-1-6] DEBUG org.asynchttpclient.netty.handler.HttpHandler - 

Request DefaultHttpRequest(decodeResult: success, version: HTTP/1.1)
POST /session/e4354fe3e53730a3d32e2c78b2a01e76/element HTTP/1.1
User-Agent: selenium/4.1.2 (java windows)
Content-Length: 88
Content-Type: application/json; charset=utf-8
host: localhost:56296
accept: */*

Response DefaultHttpResponse(decodeResult: success, version: HTTP/1.1)
HTTP/1.1 200 OK
Content-Type: application/json; charset=utf-8
cache-control: no-cache
content-length: 88

14:08:53.003 [AsyncHttpClient-1-6] DEBUG org.asynchttpclient.netty.channel.ChannelManager - Adding key: http://localhost:56296 for channel [id: 0x649d30d5, L:/127.0.0.1:55821 - R:localhost/127.0.0.1:56296]
14:08:53.006 [Forwarding clearElement on session e4354fe3e53730a3d32e2c78b2a01e76 to remote] DEBUG org.asynchttpclient.netty.request.NettyRequestSender - Using pooled Channel '[id: 0x649d30d5, L:/127.0.0.1:55821 - R:localhost/127.0.0.1:56296]' for 'POST' to 'http://localhost:56296/session/e4354fe3e53730a3d32e2c78b2a01e76/element/e2690f3f-e0b3-4b30-9af9-0e6553a58cbf/clear'
14:08:53.006 [Forwarding clearElement on session e4354fe3e53730a3d32e2c78b2a01e76 to remote] DEBUG org.asynchttpclient.netty.request.NettyRequestSender - Using open Channel [id: 0x649d30d5, L:/127.0.0.1:55821 - R:localhost/127.0.0.1:56296] for POST '/session/e4354fe3e53730a3d32e2c78b2a01e76/element/e2690f3f-e0b3-4b30-9af9-0e6553a58cbf/clear'
14:08:53.057 [AsyncHttpClient-1-6] DEBUG org.asynchttpclient.netty.handler.HttpHandler - 

Request DefaultHttpRequest(decodeResult: success, version: HTTP/1.1)
POST /session/e4354fe3e53730a3d32e2c78b2a01e76/element/e2690f3f-e0b3-4b30-9af9-0e6553a58cbf/clear HTTP/1.1
User-Agent: selenium/4.1.2 (java windows)
Content-Length: 50
Content-Type: application/json; charset=utf-8
host: localhost:56296
accept: */*

Response DefaultHttpResponse(decodeResult: success, version: HTTP/1.1)
HTTP/1.1 200 OK
Content-Type: application/json; charset=utf-8
cache-control: no-cache
content-length: 14

14:08:53.058 [AsyncHttpClient-1-6] DEBUG org.asynchttpclient.netty.channel.ChannelManager - Adding key: http://localhost:56296 for channel [id: 0x649d30d5, L:/127.0.0.1:55821 - R:localhost/127.0.0.1:56296]
14:08:53.060 [Forwarding sendKeysToElement on session e4354fe3e53730a3d32e2c78b2a01e76 to remote] DEBUG org.asynchttpclient.netty.request.NettyRequestSender - Using pooled Channel '[id: 0x649d30d5, L:/127.0.0.1:55821 - R:localhost/127.0.0.1:56296]' for 'POST' to 'http://localhost:56296/session/e4354fe3e53730a3d32e2c78b2a01e76/element/e2690f3f-e0b3-4b30-9af9-0e6553a58cbf/value'
14:08:53.060 [Forwarding sendKeysToElement on session e4354fe3e53730a3d32e2c78b2a01e76 to remote] DEBUG org.asynchttpclient.netty.request.NettyRequestSender - Using open Channel [id: 0x649d30d5, L:/127.0.0.1:55821 - R:localhost/127.0.0.1:56296] for POST '/session/e4354fe3e53730a3d32e2c78b2a01e76/element/e2690f3f-e0b3-4b30-9af9-0e6553a58cbf/value'
14:08:53.205 [AsyncHttpClient-1-6] DEBUG org.asynchttpclient.netty.handler.HttpHandler - 

Request DefaultHttpRequest(decodeResult: success, version: HTTP/1.1)
POST /session/e4354fe3e53730a3d32e2c78b2a01e76/element/e2690f3f-e0b3-4b30-9af9-0e6553a58cbf/value HTTP/1.1
User-Agent: selenium/4.1.2 (java windows)
Content-Length: 161
Content-Type: application/json; charset=utf-8
host: localhost:56296
accept: */*

Response DefaultHttpResponse(decodeResult: success, version: HTTP/1.1)
HTTP/1.1 200 OK
Content-Type: application/json; charset=utf-8
cache-control: no-cache
content-length: 14

14:08:53.205 [AsyncHttpClient-1-6] DEBUG org.asynchttpclient.netty.channel.ChannelManager - Adding key: http://localhost:56296 for channel [id: 0x649d30d5, L:/127.0.0.1:55821 - R:localhost/127.0.0.1:56296]
  &amp#27;[32mWhen &amp#27;[0m&amp#27;[32mI input &amp#27;[0m&amp#27;[32m&amp#27;[1m"aaaaaaaa"&amp#27;[0m&amp#27;[32m email&amp#27;[0m       &amp#27;[90m# starter.stepdefinitions.LoginStepDefinition.iInputEmail(java.lang.String)&amp#27;[0m
14:08:53.214 [Forwarding screenshot on session e4354fe3e53730a3d32e2c78b2a01e76 to remote] DEBUG org.asynchttpclient.netty.request.NettyRequestSender - Using pooled Channel '[id: 0x649d30d5, L:/127.0.0.1:55821 - R:localhost/127.0.0.1:56296]' for 'GET' to 'http://localhost:56296/session/e4354fe3e53730a3d32e2c78b2a01e76/screenshot'
14:08:53.215 [Forwarding screenshot on session e4354fe3e53730a3d32e2c78b2a01e76 to remote] DEBUG org.asynchttpclient.netty.request.NettyRequestSender - Using open Channel [id: 0x649d30d5, L:/127.0.0.1:55821 - R:localhost/127.0.0.1:56296] for GET '/session/e4354fe3e53730a3d32e2c78b2a01e76/screenshot'
14:08:53.333 [AsyncHttpClient-1-1] DEBUG org.asynchttpclient.netty.channel.DefaultChannelPool - Entry count for : http://localhost:55822 : 1
14:08:53.495 [AsyncHttpClient-1-6] DEBUG org.asynchttpclient.netty.handler.HttpHandler - 

Request DefaultFullHttpRequest(decodeResult: success, version: HTTP/1.1, content: EmptyByteBufBE)
GET /session/e4354fe3e53730a3d32e2c78b2a01e76/screenshot HTTP/1.1
User-Agent: selenium/4.1.2 (java windows)
Cache-Control: no-cache
Content-Type: application/json; charset=utf-8
host: localhost:56296
accept: */*

Response DefaultHttpResponse(decodeResult: success, version: HTTP/1.1)
HTTP/1.1 200 OK
Content-Type: application/json; charset=utf-8
cache-control: no-cache
content-length: 35732

14:08:53.496 [AsyncHttpClient-1-6] DEBUG org.asynchttpclient.netty.channel.ChannelManager - Adding key: http://localhost:56296 for channel [id: 0x649d30d5, L:/127.0.0.1:55821 - R:localhost/127.0.0.1:56296]
14:08:53.497 [main] DEBUG net.serenitybdd.core.photography.Darkroom - Send negative for processing for target\site\serenity\a8e6a07a9513089c66de211eb56dd66c3166fb1cbd99e69c779607456ec61183.png
14:08:53.499 [Darkroom Processing Line] DEBUG net.serenitybdd.core.photography.DarkroomProcessingLine - Processing screenshot image in /var/screenshots/screenshot-10627982068567246454
14:08:53.499 [Darkroom Processing Line] DEBUG net.serenitybdd.core.photography.DarkroomProcessingLine - Saving screenshot to target\site\serenity\a8e6a07a9513089c66de211eb56dd66c3166fb1cbd99e69c779607456ec61183.png
14:08:53.511 [Forwarding findElement on session e4354fe3e53730a3d32e2c78b2a01e76 to remote] DEBUG org.asynchttpclient.netty.request.NettyRequestSender - Using pooled Channel '[id: 0x649d30d5, L:/127.0.0.1:55821 - R:localhost/127.0.0.1:56296]' for 'POST' to 'http://localhost:56296/session/e4354fe3e53730a3d32e2c78b2a01e76/element'
14:08:53.511 [Forwarding findElement on session e4354fe3e53730a3d32e2c78b2a01e76 to remote] DEBUG org.asynchttpclient.netty.request.NettyRequestSender - Using open Channel [id: 0x649d30d5, L:/127.0.0.1:55821 - R:localhost/127.0.0.1:56296] for POST '/session/e4354fe3e53730a3d32e2c78b2a01e76/element'
14:08:53.559 [AsyncHttpClient-1-6] DEBUG org.asynchttpclient.netty.handler.HttpHandler - 

Request DefaultHttpRequest(decodeResult: success, version: HTTP/1.1)
POST /session/e4354fe3e53730a3d32e2c78b2a01e76/element HTTP/1.1
User-Agent: selenium/4.1.2 (java windows)
Content-Length: 91
Content-Type: application/json; charset=utf-8
host: localhost:56296
accept: */*

Response DefaultHttpResponse(decodeResult: success, version: HTTP/1.1)
HTTP/1.1 200 OK
Content-Type: application/json; charset=utf-8
cache-control: no-cache
content-length: 88

14:08:53.559 [AsyncHttpClient-1-6] DEBUG org.asynchttpclient.netty.channel.ChannelManager - Adding key: http://localhost:56296 for channel [id: 0x649d30d5, L:/127.0.0.1:55821 - R:localhost/127.0.0.1:56296]
14:08:53.563 [Forwarding clearElement on session e4354fe3e53730a3d32e2c78b2a01e76 to remote] DEBUG org.asynchttpclient.netty.request.NettyRequestSender - Using pooled Channel '[id: 0x649d30d5, L:/127.0.0.1:55821 - R:localhost/127.0.0.1:56296]' for 'POST' to 'http://localhost:56296/session/e4354fe3e53730a3d32e2c78b2a01e76/element/647c823a-d939-4b9f-bb3e-a870f777329d/clear'
14:08:53.563 [Forwarding clearElement on session e4354fe3e53730a3d32e2c78b2a01e76 to remote] DEBUG org.asynchttpclient.netty.request.NettyRequestSender - Using open Channel [id: 0x649d30d5, L:/127.0.0.1:55821 - R:localhost/127.0.0.1:56296] for POST '/session/e4354fe3e53730a3d32e2c78b2a01e76/element/647c823a-d939-4b9f-bb3e-a870f777329d/clear'
14:08:53.664 [AsyncHttpClient-1-6] DEBUG org.asynchttpclient.netty.handler.HttpHandler - 

Request DefaultHttpRequest(decodeResult: success, version: HTTP/1.1)
POST /session/e4354fe3e53730a3d32e2c78b2a01e76/element/647c823a-d939-4b9f-bb3e-a870f777329d/clear HTTP/1.1
User-Agent: selenium/4.1.2 (java windows)
Content-Length: 50
Content-Type: application/json; charset=utf-8
host: localhost:56296
accept: */*

Response DefaultHttpResponse(decodeResult: success, version: HTTP/1.1)
HTTP/1.1 200 OK
Content-Type: application/json; charset=utf-8
cache-control: no-cache
content-length: 14

14:08:53.665 [AsyncHttpClient-1-6] DEBUG org.asynchttpclient.netty.channel.ChannelManager - Adding key: http://localhost:56296 for channel [id: 0x649d30d5, L:/127.0.0.1:55821 - R:localhost/127.0.0.1:56296]
14:08:53.667 [Forwarding sendKeysToElement on session e4354fe3e53730a3d32e2c78b2a01e76 to remote] DEBUG org.asynchttpclient.netty.request.NettyRequestSender - Using pooled Channel '[id: 0x649d30d5, L:/127.0.0.1:55821 - R:localhost/127.0.0.1:56296]' for 'POST' to 'http://localhost:56296/session/e4354fe3e53730a3d32e2c78b2a01e76/element/647c823a-d939-4b9f-bb3e-a870f777329d/value'
14:08:53.667 [Forwarding sendKeysToElement on session e4354fe3e53730a3d32e2c78b2a01e76 to remote] DEBUG org.asynchttpclient.netty.request.NettyRequestSender - Using open Channel [id: 0x649d30d5, L:/127.0.0.1:55821 - R:localhost/127.0.0.1:56296] for POST '/session/e4354fe3e53730a3d32e2c78b2a01e76/element/647c823a-d939-4b9f-bb3e-a870f777329d/value'
14:08:53.824 [AsyncHttpClient-1-6] DEBUG org.asynchttpclient.netty.handler.HttpHandler - 

Request DefaultHttpRequest(decodeResult: success, version: HTTP/1.1)
POST /session/e4354fe3e53730a3d32e2c78b2a01e76/element/647c823a-d939-4b9f-bb3e-a870f777329d/value HTTP/1.1
User-Agent: selenium/4.1.2 (java windows)
Content-Length: 161
Content-Type: application/json; charset=utf-8
host: localhost:56296
accept: */*

Response DefaultHttpResponse(decodeResult: success, version: HTTP/1.1)
HTTP/1.1 200 OK
Content-Type: application/json; charset=utf-8
cache-control: no-cache
content-length: 14

14:08:53.824 [AsyncHttpClient-1-6] DEBUG org.asynchttpclient.netty.channel.ChannelManager - Adding key: http://localhost:56296 for channel [id: 0x649d30d5, L:/127.0.0.1:55821 - R:localhost/127.0.0.1:56296]
  &amp#27;[32mAnd &amp#27;[0m&amp#27;[32mI input &amp#27;[0m&amp#27;[32m&amp#27;[1m"aaaaaaaa"&amp#27;[0m&amp#27;[32m password&amp#27;[0m     &amp#27;[90m# starter.stepdefinitions.LoginStepDefinition.iInputPassword(java.lang.String)&amp#27;[0m
14:08:53.833 [Forwarding screenshot on session e4354fe3e53730a3d32e2c78b2a01e76 to remote] DEBUG org.asynchttpclient.netty.request.NettyRequestSender - Using pooled Channel '[id: 0x649d30d5, L:/127.0.0.1:55821 - R:localhost/127.0.0.1:56296]' for 'GET' to 'http://localhost:56296/session/e4354fe3e53730a3d32e2c78b2a01e76/screenshot'
14:08:53.833 [Forwarding screenshot on session e4354fe3e53730a3d32e2c78b2a01e76 to remote] DEBUG org.asynchttpclient.netty.request.NettyRequestSender - Using open Channel [id: 0x649d30d5, L:/127.0.0.1:55821 - R:localhost/127.0.0.1:56296] for GET '/session/e4354fe3e53730a3d32e2c78b2a01e76/screenshot'
14:08:54.028 [AsyncHttpClient-1-6] DEBUG org.asynchttpclient.netty.handler.HttpHandler - 

Request DefaultFullHttpRequest(decodeResult: success, version: HTTP/1.1, content: EmptyByteBufBE)
GET /session/e4354fe3e53730a3d32e2c78b2a01e76/screenshot HTTP/1.1
User-Agent: selenium/4.1.2 (java windows)
Cache-Control: no-cache
Content-Type: application/json; charset=utf-8
host: localhost:56296
accept: */*

Response DefaultHttpResponse(decodeResult: success, version: HTTP/1.1)
HTTP/1.1 200 OK
Content-Type: application/json; charset=utf-8
cache-control: no-cache
content-length: 37388

14:08:54.028 [AsyncHttpClient-1-6] DEBUG org.asynchttpclient.netty.channel.ChannelManager - Adding key: http://localhost:56296 for channel [id: 0x649d30d5, L:/127.0.0.1:55821 - R:localhost/127.0.0.1:56296]
14:08:54.030 [main] DEBUG net.serenitybdd.core.photography.Darkroom - Send negative for processing for target\site\serenity\bda46e76eefb8cb6a2a000444902482c45e61bc3cedadb4b55a6946343090bac.png
14:08:54.030 [Darkroom Processing Line] DEBUG net.serenitybdd.core.photography.DarkroomProcessingLine - Processing screenshot image in /var/screenshots/screenshot-10860507982349299901
14:08:54.030 [Darkroom Processing Line] DEBUG net.serenitybdd.core.photography.DarkroomProcessingLine - Saving screenshot to target\site\serenity\bda46e76eefb8cb6a2a000444902482c45e61bc3cedadb4b55a6946343090bac.png
14:08:54.036 [Forwarding findElement on session e4354fe3e53730a3d32e2c78b2a01e76 to remote] DEBUG org.asynchttpclient.netty.request.NettyRequestSender - Using pooled Channel '[id: 0x649d30d5, L:/127.0.0.1:55821 - R:localhost/127.0.0.1:56296]' for 'POST' to 'http://localhost:56296/session/e4354fe3e53730a3d32e2c78b2a01e76/element'
14:08:54.036 [Forwarding findElement on session e4354fe3e53730a3d32e2c78b2a01e76 to remote] DEBUG org.asynchttpclient.netty.request.NettyRequestSender - Using open Channel [id: 0x649d30d5, L:/127.0.0.1:55821 - R:localhost/127.0.0.1:56296] for POST '/session/e4354fe3e53730a3d32e2c78b2a01e76/element'
14:08:54.049 [AsyncHttpClient-1-6] DEBUG org.asynchttpclient.netty.handler.HttpHandler - 

Request DefaultHttpRequest(decodeResult: success, version: HTTP/1.1)
POST /session/e4354fe3e53730a3d32e2c78b2a01e76/element HTTP/1.1
User-Agent: selenium/4.1.2 (java windows)
Content-Length: 83
Content-Type: application/json; charset=utf-8
host: localhost:56296
accept: */*

Response DefaultHttpResponse(decodeResult: success, version: HTTP/1.1)
HTTP/1.1 200 OK
Content-Type: application/json; charset=utf-8
cache-control: no-cache
content-length: 88

14:08:54.049 [AsyncHttpClient-1-6] DEBUG org.asynchttpclient.netty.channel.ChannelManager - Adding key: http://localhost:56296 for channel [id: 0x649d30d5, L:/127.0.0.1:55821 - R:localhost/127.0.0.1:56296]
14:08:54.050 [Forwarding getElementTagName on session e4354fe3e53730a3d32e2c78b2a01e76 to remote] DEBUG org.asynchttpclient.netty.request.NettyRequestSender - Using pooled Channel '[id: 0x649d30d5, L:/127.0.0.1:55821 - R:localhost/127.0.0.1:56296]' for 'GET' to 'http://localhost:56296/session/e4354fe3e53730a3d32e2c78b2a01e76/element/0f70dda6-1fd6-4884-ab29-5c9bc58c881e/name'
14:08:54.050 [Forwarding getElementTagName on session e4354fe3e53730a3d32e2c78b2a01e76 to remote] DEBUG org.asynchttpclient.netty.request.NettyRequestSender - Using open Channel [id: 0x649d30d5, L:/127.0.0.1:55821 - R:localhost/127.0.0.1:56296] for GET '/session/e4354fe3e53730a3d32e2c78b2a01e76/element/0f70dda6-1fd6-4884-ab29-5c9bc58c881e/name'
14:08:54.053 [AsyncHttpClient-1-6] DEBUG org.asynchttpclient.netty.handler.HttpHandler - 

Request DefaultFullHttpRequest(decodeResult: success, version: HTTP/1.1, content: EmptyByteBufBE)
GET /session/e4354fe3e53730a3d32e2c78b2a01e76/element/0f70dda6-1fd6-4884-ab29-5c9bc58c881e/name HTTP/1.1
User-Agent: selenium/4.1.2 (java windows)
Cache-Control: no-cache
Content-Type: application/json; charset=utf-8
host: localhost:56296
accept: */*

Response DefaultHttpResponse(decodeResult: success, version: HTTP/1.1)
HTTP/1.1 200 OK
Content-Type: application/json; charset=utf-8
cache-control: no-cache
content-length: 16

14:08:54.053 [AsyncHttpClient-1-6] DEBUG org.asynchttpclient.netty.channel.ChannelManager - Adding key: http://localhost:56296 for channel [id: 0x649d30d5, L:/127.0.0.1:55821 - R:localhost/127.0.0.1:56296]
14:08:54.054 [Forwarding getElementTagName on session e4354fe3e53730a3d32e2c78b2a01e76 to remote] DEBUG org.asynchttpclient.netty.request.NettyRequestSender - Using pooled Channel '[id: 0x649d30d5, L:/127.0.0.1:55821 - R:localhost/127.0.0.1:56296]' for 'GET' to 'http://localhost:56296/session/e4354fe3e53730a3d32e2c78b2a01e76/element/0f70dda6-1fd6-4884-ab29-5c9bc58c881e/name'
14:08:54.054 [Forwarding getElementTagName on session e4354fe3e53730a3d32e2c78b2a01e76 to remote] DEBUG org.asynchttpclient.netty.request.NettyRequestSender - Using open Channel [id: 0x649d30d5, L:/127.0.0.1:55821 - R:localhost/127.0.0.1:56296] for GET '/session/e4354fe3e53730a3d32e2c78b2a01e76/element/0f70dda6-1fd6-4884-ab29-5c9bc58c881e/name'
14:08:54.060 [AsyncHttpClient-1-6] DEBUG org.asynchttpclient.netty.handler.HttpHandler - 

Request DefaultFullHttpRequest(decodeResult: success, version: HTTP/1.1, content: EmptyByteBufBE)
GET /session/e4354fe3e53730a3d32e2c78b2a01e76/element/0f70dda6-1fd6-4884-ab29-5c9bc58c881e/name HTTP/1.1
User-Agent: selenium/4.1.2 (java windows)
Cache-Control: no-cache
Content-Type: application/json; charset=utf-8
host: localhost:56296
accept: */*

Response DefaultHttpResponse(decodeResult: success, version: HTTP/1.1)
HTTP/1.1 200 OK
Content-Type: application/json; charset=utf-8
cache-control: no-cache
content-length: 16

14:08:54.060 [AsyncHttpClient-1-6] DEBUG org.asynchttpclient.netty.channel.ChannelManager - Adding key: http://localhost:56296 for channel [id: 0x649d30d5, L:/127.0.0.1:55821 - R:localhost/127.0.0.1:56296]
14:08:54.062 [Forwarding findElement on session e4354fe3e53730a3d32e2c78b2a01e76 to remote] DEBUG org.asynchttpclient.netty.request.NettyRequestSender - Using pooled Channel '[id: 0x649d30d5, L:/127.0.0.1:55821 - R:localhost/127.0.0.1:56296]' for 'POST' to 'http://localhost:56296/session/e4354fe3e53730a3d32e2c78b2a01e76/element'
14:08:54.062 [Forwarding findElement on session e4354fe3e53730a3d32e2c78b2a01e76 to remote] DEBUG org.asynchttpclient.netty.request.NettyRequestSender - Using open Channel [id: 0x649d30d5, L:/127.0.0.1:55821 - R:localhost/127.0.0.1:56296] for POST '/session/e4354fe3e53730a3d32e2c78b2a01e76/element'
14:08:54.067 [AsyncHttpClient-1-6] DEBUG org.asynchttpclient.netty.handler.HttpHandler - 

Request DefaultHttpRequest(decodeResult: success, version: HTTP/1.1)
POST /session/e4354fe3e53730a3d32e2c78b2a01e76/element HTTP/1.1
User-Agent: selenium/4.1.2 (java windows)
Content-Length: 83
Content-Type: application/json; charset=utf-8
host: localhost:56296
accept: */*

Response DefaultHttpResponse(decodeResult: success, version: HTTP/1.1)
HTTP/1.1 200 OK
Content-Type: application/json; charset=utf-8
cache-control: no-cache
content-length: 88

14:08:54.067 [AsyncHttpClient-1-6] DEBUG org.asynchttpclient.netty.channel.ChannelManager - Adding key: http://localhost:56296 for channel [id: 0x649d30d5, L:/127.0.0.1:55821 - R:localhost/127.0.0.1:56296]
14:08:54.068 [Forwarding clickElement on session e4354fe3e53730a3d32e2c78b2a01e76 to remote] DEBUG org.asynchttpclient.netty.request.NettyRequestSender - Using pooled Channel '[id: 0x649d30d5, L:/127.0.0.1:55821 - R:localhost/127.0.0.1:56296]' for 'POST' to 'http://localhost:56296/session/e4354fe3e53730a3d32e2c78b2a01e76/element/0f70dda6-1fd6-4884-ab29-5c9bc58c881e/click'
14:08:54.068 [Forwarding clickElement on session e4354fe3e53730a3d32e2c78b2a01e76 to remote] DEBUG org.asynchttpclient.netty.request.NettyRequestSender - Using open Channel [id: 0x649d30d5, L:/127.0.0.1:55821 - R:localhost/127.0.0.1:56296] for POST '/session/e4354fe3e53730a3d32e2c78b2a01e76/element/0f70dda6-1fd6-4884-ab29-5c9bc58c881e/click'
14:08:54.098 [AsyncHttpClient-1-6] DEBUG org.asynchttpclient.netty.handler.HttpHandler - 

Request DefaultHttpRequest(decodeResult: success, version: HTTP/1.1)
POST /session/e4354fe3e53730a3d32e2c78b2a01e76/element/0f70dda6-1fd6-4884-ab29-5c9bc58c881e/click HTTP/1.1
User-Agent: selenium/4.1.2 (java windows)
Content-Length: 50
Content-Type: application/json; charset=utf-8
host: localhost:56296
accept: */*

Response DefaultHttpResponse(decodeResult: success, version: HTTP/1.1)
HTTP/1.1 200 OK
Content-Type: application/json; charset=utf-8
cache-control: no-cache
content-length: 14

14:08:54.099 [AsyncHttpClient-1-6] DEBUG org.asynchttpclient.netty.channel.ChannelManager - Adding key: http://localhost:56296 for channel [id: 0x649d30d5, L:/127.0.0.1:55821 - R:localhost/127.0.0.1:56296]
  &amp#27;[32mAnd &amp#27;[0m&amp#27;[32mI click Login button&amp#27;[0m            &amp#27;[90m# starter.stepdefinitions.LoginStepDefinition.iClickLoginButton()&amp#27;[0m
14:08:54.102 [Forwarding screenshot on session e4354fe3e53730a3d32e2c78b2a01e76 to remote] DEBUG org.asynchttpclient.netty.request.NettyRequestSender - Using pooled Channel '[id: 0x649d30d5, L:/127.0.0.1:55821 - R:localhost/127.0.0.1:56296]' for 'GET' to 'http://localhost:56296/session/e4354fe3e53730a3d32e2c78b2a01e76/screenshot'
14:08:54.103 [Forwarding screenshot on session e4354fe3e53730a3d32e2c78b2a01e76 to remote] DEBUG org.asynchttpclient.netty.request.NettyRequestSender - Using open Channel [id: 0x649d30d5, L:/127.0.0.1:55821 - R:localhost/127.0.0.1:56296] for GET '/session/e4354fe3e53730a3d32e2c78b2a01e76/screenshot'
14:08:54.319 [AsyncHttpClient-1-6] DEBUG org.asynchttpclient.netty.handler.HttpHandler - 

Request DefaultFullHttpRequest(decodeResult: success, version: HTTP/1.1, content: EmptyByteBufBE)
GET /session/e4354fe3e53730a3d32e2c78b2a01e76/screenshot HTTP/1.1
User-Agent: selenium/4.1.2 (java windows)
Cache-Control: no-cache
Content-Type: application/json; charset=utf-8
host: localhost:56296
accept: */*

Response DefaultHttpResponse(decodeResult: success, version: HTTP/1.1)
HTTP/1.1 200 OK
Content-Type: application/json; charset=utf-8
cache-control: no-cache
content-length: 36644

14:08:54.320 [AsyncHttpClient-1-6] DEBUG org.asynchttpclient.netty.channel.ChannelManager - Adding key: http://localhost:56296 for channel [id: 0x649d30d5, L:/127.0.0.1:55821 - R:localhost/127.0.0.1:56296]
14:08:54.322 [main] DEBUG net.serenitybdd.core.photography.Darkroom - Send negative for processing for target\site\serenity\47298dc1c344cd514a923aae851f28f22e492fc9e68a2100c889c2aabbcd6098.png
14:08:54.325 [Darkroom Processing Line] DEBUG net.serenitybdd.core.photography.DarkroomProcessingLine - Processing screenshot image in /var/screenshots/screenshot-286994816232274570
14:08:54.325 [Darkroom Processing Line] DEBUG net.serenitybdd.core.photography.DarkroomProcessingLine - Saving screenshot to target\site\serenity\47298dc1c344cd514a923aae851f28f22e492fc9e68a2100c889c2aabbcd6098.png
14:08:54.335 [Forwarding findElement on session e4354fe3e53730a3d32e2c78b2a01e76 to remote] DEBUG org.asynchttpclient.netty.request.NettyRequestSender - Using pooled Channel '[id: 0x649d30d5, L:/127.0.0.1:55821 - R:localhost/127.0.0.1:56296]' for 'POST' to 'http://localhost:56296/session/e4354fe3e53730a3d32e2c78b2a01e76/element'
14:08:54.335 [Forwarding findElement on session e4354fe3e53730a3d32e2c78b2a01e76 to remote] DEBUG org.asynchttpclient.netty.request.NettyRequestSender - Using open Channel [id: 0x649d30d5, L:/127.0.0.1:55821 - R:localhost/127.0.0.1:56296] for POST '/session/e4354fe3e53730a3d32e2c78b2a01e76/element'
14:08:54.430 [AsyncHttpClient-1-1] DEBUG org.asynchttpclient.netty.channel.DefaultChannelPool - Entry count for : http://localhost:55822 : 1
14:08:54.668 [AsyncHttpClient-1-6] DEBUG org.asynchttpclient.netty.handler.HttpHandler - 

Request DefaultHttpRequest(decodeResult: success, version: HTTP/1.1)
POST /session/e4354fe3e53730a3d32e2c78b2a01e76/element HTTP/1.1
User-Agent: selenium/4.1.2 (java windows)
Content-Length: 81
Content-Type: application/json; charset=utf-8
host: localhost:56296
accept: */*

Response DefaultHttpResponse(decodeResult: success, version: HTTP/1.1)
HTTP/1.1 200 OK
Content-Type: application/json; charset=utf-8
cache-control: no-cache
content-length: 88

14:08:54.668 [AsyncHttpClient-1-6] DEBUG org.asynchttpclient.netty.channel.ChannelManager - Adding key: http://localhost:56296 for channel [id: 0x649d30d5, L:/127.0.0.1:55821 - R:localhost/127.0.0.1:56296]
14:08:54.677 [Forwarding isElementDisplayed on session e4354fe3e53730a3d32e2c78b2a01e76 to remote] DEBUG org.asynchttpclient.netty.request.NettyRequestSender - Using pooled Channel '[id: 0x649d30d5, L:/127.0.0.1:55821 - R:localhost/127.0.0.1:56296]' for 'POST' to 'http://localhost:56296/session/e4354fe3e53730a3d32e2c78b2a01e76/execute/sync'
14:08:54.677 [Forwarding isElementDisplayed on session e4354fe3e53730a3d32e2c78b2a01e76 to remote] DEBUG org.asynchttpclient.netty.request.NettyRequestSender - Using open Channel [id: 0x649d30d5, L:/127.0.0.1:55821 - R:localhost/127.0.0.1:56296] for POST '/session/e4354fe3e53730a3d32e2c78b2a01e76/execute/sync'
14:08:54.688 [AsyncHttpClient-1-6] DEBUG org.asynchttpclient.netty.handler.HttpHandler - 

Request DefaultHttpRequest(decodeResult: success, version: HTTP/1.1)
POST /session/e4354fe3e53730a3d32e2c78b2a01e76/execute/sync HTTP/1.1
User-Agent: selenium/4.1.2 (java windows)
Content-Length: 48780
Content-Type: application/json; charset=utf-8
host: localhost:56296
accept: */*

Response DefaultHttpResponse(decodeResult: success, version: HTTP/1.1)
HTTP/1.1 200 OK
Content-Type: application/json; charset=utf-8
cache-control: no-cache
content-length: 14

14:08:54.688 [AsyncHttpClient-1-6] DEBUG org.asynchttpclient.netty.channel.ChannelManager - Adding key: http://localhost:56296 for channel [id: 0x649d30d5, L:/127.0.0.1:55821 - R:localhost/127.0.0.1:56296]
  &amp#27;[32mThen &amp#27;[0m&amp#27;[32mI will get the &amp#27;[0m&amp#27;[32m&amp#27;[1m"i can't login"&amp#27;[0m &amp#27;[90m# starter.stepdefinitions.LoginStepDefinition.iWillGetThe(java.lang.String)&amp#27;[0m
14:08:54.694 [Forwarding screenshot on session e4354fe3e53730a3d32e2c78b2a01e76 to remote] DEBUG org.asynchttpclient.netty.request.NettyRequestSender - Using pooled Channel '[id: 0x649d30d5, L:/127.0.0.1:55821 - R:localhost/127.0.0.1:56296]' for 'GET' to 'http://localhost:56296/session/e4354fe3e53730a3d32e2c78b2a01e76/screenshot'
14:08:54.694 [Forwarding screenshot on session e4354fe3e53730a3d32e2c78b2a01e76 to remote] DEBUG org.asynchttpclient.netty.request.NettyRequestSender - Using open Channel [id: 0x649d30d5, L:/127.0.0.1:55821 - R:localhost/127.0.0.1:56296] for GET '/session/e4354fe3e53730a3d32e2c78b2a01e76/screenshot'
14:08:54.913 [AsyncHttpClient-1-6] DEBUG org.asynchttpclient.netty.handler.HttpHandler - 

Request DefaultFullHttpRequest(decodeResult: success, version: HTTP/1.1, content: EmptyByteBufBE)
GET /session/e4354fe3e53730a3d32e2c78b2a01e76/screenshot HTTP/1.1
User-Agent: selenium/4.1.2 (java windows)
Cache-Control: no-cache
Content-Type: application/json; charset=utf-8
host: localhost:56296
accept: */*

Response DefaultHttpResponse(decodeResult: success, version: HTTP/1.1)
HTTP/1.1 200 OK
Content-Type: application/json; charset=utf-8
cache-control: no-cache
content-length: 40432

14:08:54.914 [AsyncHttpClient-1-6] DEBUG org.asynchttpclient.netty.channel.ChannelManager - Adding key: http://localhost:56296 for channel [id: 0x649d30d5, L:/127.0.0.1:55821 - R:localhost/127.0.0.1:56296]
14:08:54.915 [main] DEBUG net.serenitybdd.core.photography.Darkroom - Send negative for processing for target\site\serenity\cd34f0b03db11bc1e239c5a302e665db5036af952f04751e4983b963a5d1bfe3.png
14:08:54.916 [Darkroom Processing Line] DEBUG net.serenitybdd.core.photography.DarkroomProcessingLine - Processing screenshot image in /var/screenshots/screenshot-13706247730751019730
14:08:54.916 [Darkroom Processing Line] DEBUG net.serenitybdd.core.photography.DarkroomProcessingLine - Saving screenshot to target\site\serenity\cd34f0b03db11bc1e239c5a302e665db5036af952f04751e4983b963a5d1bfe3.png
14:08:54.921 [AsyncHttpClient-1-8] DEBUG org.asynchttpclient.netty.handler.WebSocketHandler - Channel Closed: [id: 0xbe186f8b, L:/127.0.0.1:55829 ! R:localhost/127.0.0.1:55822] with attribute NettyResponseFuture{currentRetry=5,
	isDone=1,
	isCancelled=0,
	asyncHandler=org.asynchttpclient.ws.WebSocketUpgradeHandler@56f9eb96,
	nettyRequest=org.asynchttpclient.netty.request.NettyRequest@71e30126,
	future=java.util.concurrent.CompletableFuture@2e197303[Completed normally],
	uri=ws://localhost:55822/devtools/browser/f5790890-920a-4e94-9483-5b5a5433ccc1,
	keepAlive=true,
	redirectCount=0,
	timeoutsHolder=null,
	inAuth=0,
	touch=1669014530400}
14:08:54.921 [AsyncHttpClient-1-8] DEBUG org.asynchttpclient.netty.channel.ChannelManager - Closing Channel [id: 0xbe186f8b, L:/127.0.0.1:55829 ! R:localhost/127.0.0.1:55822] 
14:08:54.924 [Driver Command Executor] DEBUG org.asynchttpclient.netty.request.NettyRequestSender - Using pooled Channel '[id: 0x649d30d5, L:/127.0.0.1:55821 - R:localhost/127.0.0.1:56296]' for 'DELETE' to 'http://localhost:56296/session/e4354fe3e53730a3d32e2c78b2a01e76'
14:08:54.924 [Driver Command Executor] DEBUG org.asynchttpclient.netty.request.NettyRequestSender - Using open Channel [id: 0x649d30d5, L:/127.0.0.1:55821 - R:localhost/127.0.0.1:56296] for DELETE '/session/e4354fe3e53730a3d32e2c78b2a01e76'
14:08:55.037 [AsyncHttpClient-1-7] DEBUG org.asynchttpclient.netty.handler.HttpHandler - Unexpected I/O exception on channel [id: 0xc4df9f35, L:/127.0.0.1:55828 - R:localhost/127.0.0.1:55822]
java.io.IOException: An existing connection was forcibly closed by the remote host
	at java.base/sun.nio.ch.SocketDispatcher.read0(Native Method)
	at java.base/sun.nio.ch.SocketDispatcher.read(SocketDispatcher.java:43)
	at java.base/sun.nio.ch.IOUtil.readIntoNativeBuffer(IOUtil.java:276)
	at java.base/sun.nio.ch.IOUtil.read(IOUtil.java:233)
	at java.base/sun.nio.ch.IOUtil.read(IOUtil.java:223)
	at java.base/sun.nio.ch.SocketChannelImpl.read(SocketChannelImpl.java:358)
	at io.netty.buffer.PooledByteBuf.setBytes(PooledByteBuf.java:258)
	at io.netty.buffer.AbstractByteBuf.writeBytes(AbstractByteBuf.java:1132)
	at io.netty.channel.socket.nio.NioSocketChannel.doReadBytes(NioSocketChannel.java:350)
	at io.netty.channel.nio.AbstractNioByteChannel$NioByteUnsafe.read(AbstractNioByteChannel.java:151)
	at io.netty.channel.nio.NioEventLoop.processSelectedKey(NioEventLoop.java:722)
	at io.netty.channel.nio.NioEventLoop.processSelectedKeysOptimized(NioEventLoop.java:658)
	at io.netty.channel.nio.NioEventLoop.processSelectedKeys(NioEventLoop.java:584)
	at io.netty.channel.nio.NioEventLoop.run(NioEventLoop.java:496)
	at io.netty.util.concurrent.SingleThreadEventExecutor$4.run(SingleThreadEventExecutor.java:986)
	at io.netty.util.internal.ThreadExecutorMap$2.run(ThreadExecutorMap.java:74)
	at io.netty.util.concurrent.FastThreadLocalRunnable.run(FastThreadLocalRunnable.java:30)
	at java.base/java.lang.Thread.run(Thread.java:834)
14:08:55.038 [AsyncHttpClient-1-7] DEBUG org.asynchttpclient.netty.channel.ChannelManager - Closing Channel [id: 0xc4df9f35, L:/127.0.0.1:55828 - R:localhost/127.0.0.1:55822] 
14:08:55.038 [AsyncHttpClient-1-7] DEBUG org.asynchttpclient.netty.handler.HttpHandler - Channel Closed: [id: 0xc4df9f35, L:/127.0.0.1:55828 ! R:localhost/127.0.0.1:55822] with attribute DISCARD
14:08:55.060 [AsyncHttpClient-1-6] DEBUG org.asynchttpclient.netty.handler.HttpHandler - 

Request DefaultFullHttpRequest(decodeResult: success, version: HTTP/1.1, content: EmptyByteBufBE)
DELETE /session/e4354fe3e53730a3d32e2c78b2a01e76 HTTP/1.1
User-Agent: selenium/4.1.2 (java windows)
Content-Type: application/json; charset=utf-8
host: localhost:56296
accept: */*

Response DefaultHttpResponse(decodeResult: success, version: HTTP/1.1)
HTTP/1.1 200 OK
Content-Type: application/json; charset=utf-8
cache-control: no-cache
content-length: 14

14:08:55.060 [AsyncHttpClient-1-6] DEBUG org.asynchttpclient.netty.channel.ChannelManager - Adding key: http://localhost:56296 for channel [id: 0x649d30d5, L:/127.0.0.1:55821 - R:localhost/127.0.0.1:56296]
14:08:55.150 [AsyncHttpClient-1-6] DEBUG org.asynchttpclient.netty.handler.HttpHandler - Channel Closed: [id: 0x649d30d5, L:/127.0.0.1:55821 ! R:localhost/127.0.0.1:56296] with attribute DISCARD
]]></system-out>
    <system-err><![CDATA[Starting ChromeDriver 107.0.5304.62 (1eec40d3a5764881c92085aaee66d25075c159aa-refs/branch-heads/5304@{#942}) on port 56296
Only local connections are allowed.
Please see https://chromedriver.chromium.org/security-considerations for suggestions on keeping ChromeDriver safe.
ChromeDriver was started successfully.
Nov 21, 2022 2:08:50 PM org.openqa.selenium.remote.ProtocolHandshake createSession
INFO: Detected dialect: W3C
Nov 21, 2022 2:08:50 PM org.openqa.selenium.devtools.CdpVersionFinder findNearestMatch
WARNING: Unable to find an exact match for CDP version 107, so returning the closest version found: a no-op implementation
Nov 21, 2022 2:08:50 PM org.openqa.selenium.devtools.CdpVersionFinder findNearestMatch
INFO: Unable to find CDP implementation matching 107.
Nov 21, 2022 2:08:50 PM org.openqa.selenium.chromium.ChromiumDriver lambda$new$3
WARNING: Unable to find version of CDP to use for . You may need to include a dependency on a specific version of the CDP using something similar to `org.seleniumhq.selenium:selenium-devtools-v86:4.1.2` where the version ("v86") matches the version of the chromium-based browser you're using and the version number of the artifact is the same as Selenium's.
]]></system-err>
  </testcase>
</testsuite>