<?xml version="1.0" encoding="UTF-8"?>
<testsuite xmlns:xsi="http://www.w3.org/2001/XMLSchema-instance" xsi:noNamespaceSchemaLocation="https://maven.apache.org/surefire/maven-failsafe-plugin/xsd/failsafe-test-report-3.0.xsd" version="3.0" name="starter.CucumberTestSuite" time="146.482" tests="23" errors="1" skipped="0" failures="0">
  <properties>
    <property name="sun.desktop" value="windows"/>
    <property name="awt.toolkit" value="sun.awt.windows.WToolkit"/>
    <property name="java.specification.version" value="11"/>
    <property name="webdriver.chrome.driver" value="D:\Ra\file kuliah\semester 7\resume alta\Mini Project\Web\AltaShop\src\test\resources\webdriver\chromedriver.exe"/>
    <property name="sun.cpu.isalist" value="amd64"/>
    <property name="sun.jnu.encoding" value="Cp1252"/>
    <property name="java.class.path" value="D:\Ra\file kuliah\semester 7\resume alta\Mini Project\Web\AltaShop\target\test-classes;C:\Users\rilaa\.m2\repository\net\serenity-bdd\serenity-core\3.2.1\serenity-core-3.2.1.jar;C:\Users\rilaa\.m2\repository\net\serenity-bdd\serenity-model\3.2.1\serenity-model-3.2.1.jar;C:\Users\rilaa\.m2\repository\org\apache\commons\commons-text\1.9\commons-text-1.9.jar;C:\Users\rilaa\.m2\repository\commons-net\commons-net\3.8.0\commons-net-3.8.0.jar;C:\Users\rilaa\.m2\repository\com\google\guava\guava\31.1-jre\guava-31.1-jre.jar;C:\Users\rilaa\.m2\repository\com\google\guava\failureaccess\1.0.1\failureaccess-1.0.1.jar;C:\Users\rilaa\.m2\repository\com\google\guava\listenablefuture\9999.0-empty-to-avoid-conflict-with-guava\listenablefuture-9999.0-empty-to-avoid-conflict-with-guava.jar;C:\Users\rilaa\.m2\repository\com\google\code\findbugs\jsr305\3.0.2\jsr305-3.0.2.jar;C:\Users\rilaa\.m2\repository\org\checkerframework\checker-qual\3.12.0\checker-qual-3.12.0.jar;C:\Users\rilaa\.m2\repository\com\google\errorprone\error_prone_annotations\2.11.0\error_prone_annotations-2.11.0.jar;C:\Users\rilaa\.m2\repository\com\google\j2objc\j2objc-annotations\1.3\j2objc-annotations-1.3.jar;C:\Users\rilaa\.m2\repository\com\google\inject\guice\5.1.0\guice-5.1.0.jar;C:\Users\rilaa\.m2\repository\javax\inject\javax.inject\1\javax.inject-1.jar;C:\Users\rilaa\.m2\repository\aopalliance\aopalliance\1.0\aopalliance-1.0.jar;C:\Users\rilaa\.m2\repository\org\jsoup\jsoup\1.14.3\jsoup-1.14.3.jar;C:\Users\rilaa\.m2\repository\com\thoughtworks\xstream\xstream\1.4.19\xstream-1.4.19.jar;C:\Users\rilaa\.m2\repository\io\github\x-stream\mxparser\1.2.2\mxparser-1.2.2.jar;C:\Users\rilaa\.m2\repository\xmlpull\xmlpull\1.1.3.1\xmlpull-1.1.3.1.jar;C:\Users\rilaa\.m2\repository\io\cucumber\cucumber-java\7.2.3\cucumber-java-7.2.3.jar;C:\Users\rilaa\.m2\repository\com\typesafe\config\1.4.2\config-1.4.2.jar;C:\Users\rilaa\.m2\repository\org\imgscalr\imgscalr-lib\4.2\imgscalr-lib-4.2.jar;C:\Users\rilaa\.m2\repository\org\awaitility\awaitility\4.2.0\awaitility-4.2.0.jar;C:\Users\rilaa\.m2\repository\org\freemarker\freemarker\2.3.31\freemarker-2.3.31.jar;C:\Users\rilaa\.m2\repository\io\github\classgraph\classgraph\4.8.138\classgraph-4.8.138.jar;C:\Users\rilaa\.m2\repository\net\sourceforge\jexcelapi\jxl\2.6.12\jxl-2.6.12.jar;C:\Users\rilaa\.m2\repository\net\bytebuddy\byte-buddy\1.12.8\byte-buddy-1.12.8.jar;C:\Users\rilaa\.m2\repository\net\bytebuddy\byte-buddy-agent\1.12.8\byte-buddy-agent-1.12.8.jar;C:\Users\rilaa\.m2\repository\org\objenesis\objenesis\3.1\objenesis-3.1.jar;C:\Users\rilaa\.m2\repository\net\serenity-bdd\serenity-reports\3.2.1\serenity-reports-3.2.1.jar;C:\Users\rilaa\.m2\repository\net\serenity-bdd\serenity-stats\3.2.1\serenity-stats-3.2.1.jar;C:\Users\rilaa\.m2\repository\net\serenity-bdd\serenity-reports-configuration\3.2.1\serenity-reports-configuration-3.2.1.jar;C:\Users\rilaa\.m2\repository\com\vladsch\flexmark\flexmark-all\0.34.30\flexmark-all-0.34.30.jar;C:\Users\rilaa\.m2\repository\com\vladsch\flexmark\flexmark\0.34.30\flexmark-0.34.30.jar;C:\Users\rilaa\.m2\repository\com\vladsch\flexmark\flexmark-ext-abbreviation\0.34.30\flexmark-ext-abbreviation-0.34.30.jar;C:\Users\rilaa\.m2\repository\com\vladsch\flexmark\flexmark-ext-admonition\0.34.30\flexmark-ext-admonition-0.34.30.jar;C:\Users\rilaa\.m2\repository\com\vladsch\flexmark\flexmark-ext-anchorlink\0.34.30\flexmark-ext-anchorlink-0.34.30.jar;C:\Users\rilaa\.m2\repository\com\vladsch\flexmark\flexmark-ext-aside\0.34.30\flexmark-ext-aside-0.34.30.jar;C:\Users\rilaa\.m2\repository\com\vladsch\flexmark\flexmark-ext-attributes\0.34.30\flexmark-ext-attributes-0.34.30.jar;C:\Users\rilaa\.m2\repository\com\vladsch\flexmark\flexmark-ext-autolink\0.34.30\flexmark-ext-autolink-0.34.30.jar;C:\Users\rilaa\.m2\repository\org\nibor\autolink\autolink\0.6.0\autolink-0.6.0.jar;C:\Users\rilaa\.m2\repository\com\vladsch\flexmark\flexmark-ext-definition\0.34.30\flexmark-ext-definition-0.34.30.jar;C:\Users\rilaa\.m2\repository\com\vladsch\flexmark\flexmark-ext-emoji\0.34.30\flexmark-ext-emoji-0.34.30.jar;C:\Users\rilaa\.m2\repository\com\vladsch\flexmark\flexmark-ext-enumerated-reference\0.34.30\flexmark-ext-enumerated-reference-0.34.30.jar;C:\Users\rilaa\.m2\repository\com\vladsch\flexmark\flexmark-ext-escaped-character\0.34.30\flexmark-ext-escaped-character-0.34.30.jar;C:\Users\rilaa\.m2\repository\com\vladsch\flexmark\flexmark-ext-footnotes\0.34.30\flexmark-ext-footnotes-0.34.30.jar;C:\Users\rilaa\.m2\repository\com\vladsch\flexmark\flexmark-ext-gfm-issues\0.34.30\flexmark-ext-gfm-issues-0.34.30.jar;C:\Users\rilaa\.m2\repository\com\vladsch\flexmark\flexmark-ext-gfm-strikethrough\0.34.30\flexmark-ext-gfm-strikethrough-0.34.30.jar;C:\Users\rilaa\.m2\repository\com\vladsch\flexmark\flexmark-ext-gfm-tables\0.34.30\flexmark-ext-gfm-tables-0.34.30.jar;C:\Users\rilaa\.m2\repository\com\vladsch\flexmark\flexmark-ext-gfm-tasklist\0.34.30\flexmark-ext-gfm-tasklist-0.34.30.jar;C:\Users\rilaa\.m2\repository\com\vladsch\flexmark\flexmark-ext-gfm-users\0.34.30\flexmark-ext-gfm-users-0.34.30.jar;C:\Users\rilaa\.m2\repository\com\vladsch\flexmark\flexmark-ext-gitlab\0.34.30\flexmark-ext-gitlab-0.34.30.jar;C:\Users\rilaa\.m2\repository\com\vladsch\flexmark\flexmark-ext-jekyll-front-matter\0.34.30\flexmark-ext-jekyll-front-matter-0.34.30.jar;C:\Users\rilaa\.m2\repository\com\vladsch\flexmark\flexmark-ext-jekyll-tag\0.34.30\flexmark-ext-jekyll-tag-0.34.30.jar;C:\Users\rilaa\.m2\repository\com\vladsch\flexmark\flexmark-ext-media-tags\0.34.30\flexmark-ext-media-tags-0.34.30.jar;C:\Users\rilaa\.m2\repository\com\vladsch\flexmark\flexmark-test-util\0.34.30\flexmark-test-util-0.34.30.jar;C:\Users\rilaa\.m2\repository\com\vladsch\flexmark\flexmark-ext-ins\0.34.30\flexmark-ext-ins-0.34.30.jar;C:\Users\rilaa\.m2\repository\com\vladsch\flexmark\flexmark-ext-xwiki-macros\0.34.30\flexmark-ext-xwiki-macros-0.34.30.jar;C:\Users\rilaa\.m2\repository\com\vladsch\flexmark\flexmark-ext-superscript\0.34.30\flexmark-ext-superscript-0.34.30.jar;C:\Users\rilaa\.m2\repository\com\vladsch\flexmark\flexmark-ext-tables\0.34.30\flexmark-ext-tables-0.34.30.jar;C:\Users\rilaa\.m2\repository\com\vladsch\flexmark\flexmark-ext-toc\0.34.30\flexmark-ext-toc-0.34.30.jar;C:\Users\rilaa\.m2\repository\com\vladsch\flexmark\flexmark-ext-typographic\0.34.30\flexmark-ext-typographic-0.34.30.jar;C:\Users\rilaa\.m2\repository\com\vladsch\flexmark\flexmark-ext-wikilink\0.34.30\flexmark-ext-wikilink-0.34.30.jar;C:\Users\rilaa\.m2\repository\com\vladsch\flexmark\flexmark-ext-yaml-front-matter\0.34.30\flexmark-ext-yaml-front-matter-0.34.30.jar;C:\Users\rilaa\.m2\repository\com\vladsch\flexmark\flexmark-ext-youtube-embedded\0.34.30\flexmark-ext-youtube-embedded-0.34.30.jar;C:\Users\rilaa\.m2\repository\com\vladsch\flexmark\flexmark-formatter\0.34.30\flexmark-formatter-0.34.30.jar;C:\Users\rilaa\.m2\repository\com\vladsch\flexmark\flexmark-html-parser\0.34.30\flexmark-html-parser-0.34.30.jar;C:\Users\rilaa\.m2\repository\com\vladsch\flexmark\flexmark-jira-converter\0.34.30\flexmark-jira-converter-0.34.30.jar;C:\Users\rilaa\.m2\repository\com\vladsch\flexmark\flexmark-pdf-converter\0.34.30\flexmark-pdf-converter-0.34.30.jar;C:\Users\rilaa\.m2\repository\com\openhtmltopdf\openhtmltopdf-core\0.0.1-RC13\openhtmltopdf-core-0.0.1-RC13.jar;C:\Users\rilaa\.m2\repository\com\openhtmltopdf\openhtmltopdf-pdfbox\0.0.1-RC13\openhtmltopdf-pdfbox-0.0.1-RC13.jar;C:\Users\rilaa\.m2\repository\org\apache\pdfbox\pdfbox\2.0.8\pdfbox-2.0.8.jar;C:\Users\rilaa\.m2\repository\org\apache\pdfbox\fontbox\2.0.8\fontbox-2.0.8.jar;C:\Users\rilaa\.m2\repository\commons-logging\commons-logging\1.2\commons-logging-1.2.jar;C:\Users\rilaa\.m2\repository\org\apache\pdfbox\xmpbox\2.0.8\xmpbox-2.0.8.jar;C:\Users\rilaa\.m2\repository\de\rototor\pdfbox\graphics2d\0.12\graphics2d-0.12.jar;C:\Users\rilaa\.m2\repository\com\openhtmltopdf\openhtmltopdf-rtl-support\0.0.1-RC13\openhtmltopdf-rtl-support-0.0.1-RC13.jar;C:\Users\rilaa\.m2\repository\com\ibm\icu\icu4j\59.1\icu4j-59.1.jar;C:\Users\rilaa\.m2\repository\com\openhtmltopdf\openhtmltopdf-jsoup-dom-converter\0.0.1-RC13\openhtmltopdf-jsoup-dom-converter-0.0.1-RC13.jar;C:\Users\rilaa\.m2\repository\com\vladsch\flexmark\flexmark-profile-pegdown\0.34.30\flexmark-profile-pegdown-0.34.30.jar;C:\Users\rilaa\.m2\repository\com\vladsch\flexmark\flexmark-util\0.34.30\flexmark-util-0.34.30.jar;C:\Users\rilaa\.m2\repository\com\vladsch\flexmark\flexmark-youtrack-converter\0.34.30\flexmark-youtrack-converter-0.34.30.jar;C:\Users\rilaa\.m2\repository\es\nitaur\markdown\txtmark\0.16\txtmark-0.16.jar;C:\Users\rilaa\.m2\repository\net\serenity-bdd\serenity-report-resources\3.2.1\serenity-report-resources-3.2.1.jar;C:\Users\rilaa\.m2\repository\com\google\code\gson\gson\2.9.0\gson-2.9.0.jar;C:\Users\rilaa\.m2\repository\com\fasterxml\jackson\core\jackson-core\2.13.2\jackson-core-2.13.2.jar;C:\Users\rilaa\.m2\repository\com\fasterxml\jackson\core\jackson-databind\2.13.2\jackson-databind-2.13.2.jar;C:\Users\rilaa\.m2\repository\com\fasterxml\jackson\core\jackson-annotations\2.13.2\jackson-annotations-2.13.2.jar;C:\Users\rilaa\.m2\repository\commons-codec\commons-codec\1.15\commons-codec-1.15.jar;C:\Users\rilaa\.m2\repository\commons-io\commons-io\2.11.0\commons-io-2.11.0.jar;C:\Users\rilaa\.m2\repository\org\seleniumhq\selenium\selenium-java\4.1.2\selenium-java-4.1.2.jar;C:\Users\rilaa\.m2\repository\org\seleniumhq\selenium\selenium-devtools-v85\4.1.2\selenium-devtools-v85-4.1.2.jar;C:\Users\rilaa\.m2\repository\org\seleniumhq\selenium\selenium-devtools-v95\4.1.2\selenium-devtools-v95-4.1.2.jar;C:\Users\rilaa\.m2\repository\org\seleniumhq\selenium\selenium-devtools-v96\4.1.2\selenium-devtools-v96-4.1.2.jar;C:\Users\rilaa\.m2\repository\org\seleniumhq\selenium\selenium-devtools-v97\4.1.2\selenium-devtools-v97-4.1.2.jar;C:\Users\rilaa\.m2\repository\org\seleniumhq\selenium\selenium-firefox-xpi-driver\4.1.2\selenium-firefox-xpi-driver-4.1.2.jar;C:\Users\rilaa\.m2\repository\org\seleniumhq\selenium\selenium-opera-driver\4.1.2\selenium-opera-driver-4.1.2.jar;C:\Users\rilaa\.m2\repository\org\seleniumhq\selenium\selenium-remote-driver\4.1.2\selenium-remote-driver-4.1.2.jar;C:\Users\rilaa\.m2\repository\com\beust\jcommander\1.82\jcommander-1.82.jar;C:\Users\rilaa\.m2\repository\io\netty\netty-buffer\4.1.73.Final\netty-buffer-4.1.73.Final.jar;C:\Users\rilaa\.m2\repository\io\netty\netty-codec-http\4.1.73.Final\netty-codec-http-4.1.73.Final.jar;C:\Users\rilaa\.m2\repository\io\netty\netty-codec\4.1.73.Final\netty-codec-4.1.73.Final.jar;C:\Users\rilaa\.m2\repository\io\netty\netty-handler\4.1.73.Final\netty-handler-4.1.73.Final.jar;C:\Users\rilaa\.m2\repository\io\netty\netty-tcnative-classes\2.0.46.Final\netty-tcnative-classes-2.0.46.Final.jar;C:\Users\rilaa\.m2\repository\io\netty\netty-common\4.1.73.Final\netty-common-4.1.73.Final.jar;C:\Users\rilaa\.m2\repository\io\netty\netty-transport-classes-epoll\4.1.73.Final\netty-transport-classes-epoll-4.1.73.Final.jar;C:\Users\rilaa\.m2\repository\io\netty\netty-transport-classes-kqueue\4.1.73.Final\netty-transport-classes-kqueue-4.1.73.Final.jar;C:\Users\rilaa\.m2\repository\io\netty\netty-transport-native-epoll\4.1.73.Final\netty-transport-native-epoll-4.1.73.Final.jar;C:\Users\rilaa\.m2\repository\io\netty\netty-transport-native-kqueue\4.1.73.Final\netty-transport-native-kqueue-4.1.73.Final.jar;C:\Users\rilaa\.m2\repository\io\netty\netty-transport-native-unix-common\4.1.73.Final\netty-transport-native-unix-common-4.1.73.Final.jar;C:\Users\rilaa\.m2\repository\io\netty\netty-transport\4.1.73.Final\netty-transport-4.1.73.Final.jar;C:\Users\rilaa\.m2\repository\io\netty\netty-resolver\4.1.73.Final\netty-resolver-4.1.73.Final.jar;C:\Users\rilaa\.m2\repository\io\opentelemetry\opentelemetry-api\1.10.1\opentelemetry-api-1.10.1.jar;C:\Users\rilaa\.m2\repository\io\opentelemetry\opentelemetry-context\1.10.1\opentelemetry-context-1.10.1.jar;C:\Users\rilaa\.m2\repository\io\opentelemetry\opentelemetry-exporter-logging\1.10.1\opentelemetry-exporter-logging-1.10.1.jar;C:\Users\rilaa\.m2\repository\io\opentelemetry\opentelemetry-sdk-metrics\1.10.1-alpha\opentelemetry-sdk-metrics-1.10.1-alpha.jar;C:\Users\rilaa\.m2\repository\io\opentelemetry\opentelemetry-sdk-logs\1.10.1-alpha\opentelemetry-sdk-logs-1.10.1-alpha.jar;C:\Users\rilaa\.m2\repository\io\opentelemetry\opentelemetry-sdk-common\1.10.1\opentelemetry-sdk-common-1.10.1.jar;C:\Users\rilaa\.m2\repository\io\opentelemetry\opentelemetry-sdk-extension-autoconfigure-spi\1.10.1\opentelemetry-sdk-extension-autoconfigure-spi-1.10.1.jar;C:\Users\rilaa\.m2\repository\io\opentelemetry\opentelemetry-sdk-extension-autoconfigure\1.10.1-alpha\opentelemetry-sdk-extension-autoconfigure-1.10.1-alpha.jar;C:\Users\rilaa\.m2\repository\io\opentelemetry\opentelemetry-sdk-trace\1.10.1\opentelemetry-sdk-trace-1.10.1.jar;C:\Users\rilaa\.m2\repository\io\opentelemetry\opentelemetry-sdk\1.10.1\opentelemetry-sdk-1.10.1.jar;C:\Users\rilaa\.m2\repository\io\opentelemetry\opentelemetry-semconv\1.10.1-alpha\opentelemetry-semconv-1.10.1-alpha.jar;C:\Users\rilaa\.m2\repository\io\ous\jtoml\2.0.0\jtoml-2.0.0.jar;C:\Users\rilaa\.m2\repository\org\apache\commons\commons-exec\1.3\commons-exec-1.3.jar;C:\Users\rilaa\.m2\repository\org\asynchttpclient\async-http-client\2.12.3\async-http-client-2.12.3.jar;C:\Users\rilaa\.m2\repository\org\asynchttpclient\async-http-client-netty-utils\2.12.3\async-http-client-netty-utils-2.12.3.jar;C:\Users\rilaa\.m2\repository\io\netty\netty-codec-socks\4.1.60.Final\netty-codec-socks-4.1.60.Final.jar;C:\Users\rilaa\.m2\repository\io\netty\netty-handler-proxy\4.1.60.Final\netty-handler-proxy-4.1.60.Final.jar;C:\Users\rilaa\.m2\repository\io\netty\netty-transport-native-epoll\4.1.60.Final\netty-transport-native-epoll-4.1.60.Final-linux-x86_64.jar;C:\Users\rilaa\.m2\repository\io\netty\netty-transport-native-kqueue\4.1.60.Final\netty-transport-native-kqueue-4.1.60.Final-osx-x86_64.jar;C:\Users\rilaa\.m2\repository\org\reactivestreams\reactive-streams\1.0.3\reactive-streams-1.0.3.jar;C:\Users\rilaa\.m2\repository\com\typesafe\netty\netty-reactive-streams\2.0.4\netty-reactive-streams-2.0.4.jar;C:\Users\rilaa\.m2\repository\org\seleniumhq\selenium\selenium-http\4.1.2\selenium-http-4.1.2.jar;C:\Users\rilaa\.m2\repository\net\jodah\failsafe\2.4.4\failsafe-2.4.4.jar;C:\Users\rilaa\.m2\repository\org\seleniumhq\selenium\selenium-safari-driver\4.1.2\selenium-safari-driver-4.1.2.jar;C:\Users\rilaa\.m2\repository\org\seleniumhq\selenium\selenium-api\4.1.2\selenium-api-4.1.2.jar;C:\Users\rilaa\.m2\repository\org\seleniumhq\selenium\selenium-support\4.1.2\selenium-support-4.1.2.jar;C:\Users\rilaa\.m2\repository\com\google\auto\service\auto-service-annotations\1.0.1\auto-service-annotations-1.0.1.jar;C:\Users\rilaa\.m2\repository\com\google\auto\service\auto-service\1.0.1\auto-service-1.0.1.jar;C:\Users\rilaa\.m2\repository\com\google\auto\auto-common\1.2\auto-common-1.2.jar;C:\Users\rilaa\.m2\repository\org\seleniumhq\selenium\selenium-json\4.1.2\selenium-json-4.1.2.jar;C:\Users\rilaa\.m2\repository\org\seleniumhq\selenium\selenium-chrome-driver\4.1.2\selenium-chrome-driver-4.1.2.jar;C:\Users\rilaa\.m2\repository\org\seleniumhq\selenium\selenium-chromium-driver\4.1.2\selenium-chromium-driver-4.1.2.jar;C:\Users\rilaa\.m2\repository\org\seleniumhq\selenium\selenium-firefox-driver\4.1.2\selenium-firefox-driver-4.1.2.jar;C:\Users\rilaa\.m2\repository\org\seleniumhq\selenium\selenium-edge-driver\4.1.2\selenium-edge-driver-4.1.2.jar;C:\Users\rilaa\.m2\repository\org\seleniumhq\selenium\selenium-ie-driver\4.1.2\selenium-ie-driver-4.1.2.jar;C:\Users\rilaa\.m2\repository\org\projectlombok\lombok\1.18.20\lombok-1.18.20.jar;C:\Users\rilaa\.m2\repository\io\appium\java-client\8.0.0\java-client-8.0.0.jar;C:\Users\rilaa\.m2\repository\commons-validator\commons-validator\1.7\commons-validator-1.7.jar;C:\Users\rilaa\.m2\repository\commons-digester\commons-digester\2.1\commons-digester-2.1.jar;C:\Users\rilaa\.m2\repository\org\aspectj\aspectjweaver\1.9.8\aspectjweaver-1.9.8.jar;C:\Users\rilaa\.m2\repository\org\codehaus\groovy\groovy\3.0.10\groovy-3.0.10.jar;C:\Users\rilaa\.m2\repository\net\sf\opencsv\opencsv\2.0\opencsv-2.0.jar;C:\Users\rilaa\.m2\repository\commons-beanutils\commons-beanutils\1.9.4\commons-beanutils-1.9.4.jar;C:\Users\rilaa\.m2\repository\org\apache\commons\commons-lang3\3.12.0\commons-lang3-3.12.0.jar;C:\Users\rilaa\.m2\repository\commons-collections\commons-collections\3.2.2\commons-collections-3.2.2.jar;C:\Users\rilaa\.m2\repository\org\fluentlenium\fluentlenium-core\0.10.2\fluentlenium-core-0.10.2.jar;C:\Users\rilaa\.m2\repository\io\github\bonigarcia\webdrivermanager\5.1.0\webdrivermanager-5.1.0.jar;C:\Users\rilaa\.m2\repository\com\github\docker-java\docker-java\3.2.13\docker-java-3.2.13.jar;C:\Users\rilaa\.m2\repository\com\github\docker-java\docker-java-core\3.2.13\docker-java-core-3.2.13.jar;C:\Users\rilaa\.m2\repository\com\github\docker-java\docker-java-api\3.2.13\docker-java-api-3.2.13.jar;C:\Users\rilaa\.m2\repository\org\apache\commons\commons-compress\1.21\commons-compress-1.21.jar;C:\Users\rilaa\.m2\repository\org\bouncycastle\bcpkix-jdk15on\1.64\bcpkix-jdk15on-1.64.jar;C:\Users\rilaa\.m2\repository\org\bouncycastle\bcprov-jdk15on\1.64\bcprov-jdk15on-1.64.jar;C:\Users\rilaa\.m2\repository\org\slf4j\jcl-over-slf4j\1.7.30\jcl-over-slf4j-1.7.30.jar;C:\Users\rilaa\.m2\repository\com\github\docker-java\docker-java-transport-httpclient5\3.2.13\docker-java-transport-httpclient5-3.2.13.jar;C:\Users\rilaa\.m2\repository\com\github\docker-java\docker-java-transport\3.2.13\docker-java-transport-3.2.13.jar;C:\Users\rilaa\.m2\repository\org\apache\httpcomponents\client5\httpclient5\5.0.3\httpclient5-5.0.3.jar;C:\Users\rilaa\.m2\repository\org\apache\httpcomponents\core5\httpcore5\5.0.2\httpcore5-5.0.2.jar;C:\Users\rilaa\.m2\repository\net\java\dev\jna\jna\5.8.0\jna-5.8.0.jar;C:\Users\rilaa\.m2\repository\org\brotli\dec\0.1.2\dec-0.1.2.jar;C:\Users\rilaa\.m2\repository\com\jhlabs\filters\2.0.235\filters-2.0.235.jar;C:\Users\rilaa\.m2\repository\com\paulhammant\ngwebdriver\1.1.6\ngwebdriver-1.1.6.jar;C:\Users\rilaa\.m2\repository\joda-time\joda-time\2.8.2\joda-time-2.8.2.jar;C:\Users\rilaa\.m2\repository\org\hamcrest\hamcrest\2.2\hamcrest-2.2.jar;C:\Users\rilaa\.m2\repository\com\google\jimfs\jimfs\1.2\jimfs-1.2.jar;C:\Users\rilaa\.m2\repository\org\mockito\mockito-core\3.3.3\mockito-core-3.3.3.jar;C:\Users\rilaa\.m2\repository\javax\xml\bind\jaxb-api\2.3.1\jaxb-api-2.3.1.jar;C:\Users\rilaa\.m2\repository\javax\activation\javax.activation-api\1.2.0\javax.activation-api-1.2.0.jar;C:\Users\rilaa\.m2\repository\com\sun\xml\bind\jaxb-core\2.3.0.1\jaxb-core-2.3.0.1.jar;C:\Users\rilaa\.m2\repository\com\sun\xml\bind\jaxb-impl\2.3.3\jaxb-impl-2.3.3.jar;C:\Users\rilaa\.m2\repository\jakarta\xml\bind\jakarta.xml.bind-api\2.3.3\jakarta.xml.bind-api-2.3.3.jar;C:\Users\rilaa\.m2\repository\com\sun\activation\jakarta.activation\1.2.2\jakarta.activation-1.2.2.jar;C:\Users\rilaa\.m2\repository\javax\activation\activation\1.1.1\activation-1.1.1.jar;C:\Users\rilaa\.m2\repository\net\serenity-bdd\serenity-cucumber\3.2.1\serenity-cucumber-3.2.1.jar;C:\Users\rilaa\.m2\repository\io\cucumber\cucumber-core\7.2.3\cucumber-core-7.2.3.jar;C:\Users\rilaa\.m2\repository\io\cucumber\cucumber-gherkin\7.2.3\cucumber-gherkin-7.2.3.jar;C:\Users\rilaa\.m2\repository\io\cucumber\cucumber-gherkin-messages\7.2.3\cucumber-gherkin-messages-7.2.3.jar;C:\Users\rilaa\.m2\repository\io\cucumber\messages\17.1.1\messages-17.1.1.jar;C:\Users\rilaa\.m2\repository\io\cucumber\tag-expressions\4.1.0\tag-expressions-4.1.0.jar;C:\Users\rilaa\.m2\repository\io\cucumber\cucumber-expressions\15.0.1\cucumber-expressions-15.0.1.jar;C:\Users\rilaa\.m2\repository\io\cucumber\datatable\7.2.3\datatable-7.2.3.jar;C:\Users\rilaa\.m2\repository\io\cucumber\cucumber-plugin\7.2.3\cucumber-plugin-7.2.3.jar;C:\Users\rilaa\.m2\repository\io\cucumber\docstring\7.2.3\docstring-7.2.3.jar;C:\Users\rilaa\.m2\repository\io\cucumber\html-formatter\17.0.0\html-formatter-17.0.0.jar;C:\Users\rilaa\.m2\repository\io\cucumber\ci-environment\8.1.0\ci-environment-8.1.0.jar;C:\Users\rilaa\.m2\repository\io\cucumber\cucumber-junit\7.2.3\cucumber-junit-7.2.3.jar;C:\Users\rilaa\.m2\repository\org\apache\commons\commons-csv\1.5\commons-csv-1.5.jar;C:\Users\rilaa\.m2\repository\net\serenity-bdd\serenity-screenplay\3.2.1\serenity-screenplay-3.2.1.jar;C:\Users\rilaa\.m2\repository\net\serenity-bdd\serenity-screenplay-webdriver\3.2.1\serenity-screenplay-webdriver-3.2.1.jar;C:\Users\rilaa\.m2\repository\net\serenity-bdd\serenity-ensure\3.2.1\serenity-ensure-3.2.1.jar;C:\Users\rilaa\.m2\repository\net\serenity-bdd\serenity-junit\3.2.1\serenity-junit-3.2.1.jar;C:\Users\rilaa\.m2\repository\org\jetbrains\kotlin\kotlin-stdlib\1.6.0\kotlin-stdlib-1.6.0.jar;C:\Users\rilaa\.m2\repository\org\jetbrains\annotations\13.0\annotations-13.0.jar;C:\Users\rilaa\.m2\repository\org\jetbrains\kotlin\kotlin-stdlib-common\1.6.0\kotlin-stdlib-common-1.6.0.jar;C:\Users\rilaa\.m2\repository\org\junit\platform\junit-platform-launcher\1.8.1\junit-platform-launcher-1.8.1.jar;C:\Users\rilaa\.m2\repository\org\junit\platform\junit-platform-engine\1.8.1\junit-platform-engine-1.8.1.jar;C:\Users\rilaa\.m2\repository\org\opentest4j\opentest4j\1.2.0\opentest4j-1.2.0.jar;C:\Users\rilaa\.m2\repository\org\junit\platform\junit-platform-commons\1.8.1\junit-platform-commons-1.8.1.jar;C:\Users\rilaa\.m2\repository\org\apiguardian\apiguardian-api\1.1.2\apiguardian-api-1.1.2.jar;C:\Users\rilaa\.m2\repository\org\junit\jupiter\junit-jupiter-engine\5.8.2\junit-jupiter-engine-5.8.2.jar;C:\Users\rilaa\.m2\repository\org\junit\jupiter\junit-jupiter-api\5.8.2\junit-jupiter-api-5.8.2.jar;C:\Users\rilaa\.m2\repository\org\junit\vintage\junit-vintage-engine\5.8.2\junit-vintage-engine-5.8.2.jar;C:\Users\rilaa\.m2\repository\junit\junit\4.13.2\junit-4.13.2.jar;C:\Users\rilaa\.m2\repository\org\hamcrest\hamcrest-core\1.3\hamcrest-core-1.3.jar;C:\Users\rilaa\.m2\repository\ch\qos\logback\logback-classic\1.2.10\logback-classic-1.2.10.jar;C:\Users\rilaa\.m2\repository\ch\qos\logback\logback-core\1.2.10\logback-core-1.2.10.jar;C:\Users\rilaa\.m2\repository\org\slf4j\slf4j-api\1.7.32\slf4j-api-1.7.32.jar;C:\Users\rilaa\.m2\repository\org\assertj\assertj-core\3.6.2\assertj-core-3.6.2.jar;"/>
    <property name="java.vm.vendor" value="Oracle Corporation"/>
    <property name="sun.arch.data.model" value="64"/>
    <property name="user.variant" value=""/>
    <property name="java.vendor.url" value="https://openjdk.java.net/"/>
    <property name="user.timezone" value="Asia/Bangkok"/>
    <property name="log4j2.formatMsgNoLookups" value="true"/>
    <property name="java.vm.specification.version" value="11"/>
    <property name="os.name" value="Windows 11"/>
    <property name="sun.java.launcher" value="SUN_STANDARD"/>
    <property name="user.country" value="ID"/>
    <property name="sun.boot.library.path" value="C:\Program Files\Java\jdk-11.0.16\bin"/>
    <property name="sun.java.command" value="org.apache.maven.surefire.booter.ForkedBooter C:\Users\rilaa\AppData\Local\Temp\surefire16527026153459733595 2022-11-04T18-16-41_991-jvmRun1 surefire5091306395559718047tmp surefire_07439899122961708418tmp"/>
    <property name="jdk.debug" value="release"/>
    <property name="surefire.test.class.path" value="D:\Ra\file kuliah\semester 7\resume alta\Mini Project\Web\AltaShop\target\test-classes;C:\Users\rilaa\.m2\repository\net\serenity-bdd\serenity-core\3.2.1\serenity-core-3.2.1.jar;C:\Users\rilaa\.m2\repository\net\serenity-bdd\serenity-model\3.2.1\serenity-model-3.2.1.jar;C:\Users\rilaa\.m2\repository\org\apache\commons\commons-text\1.9\commons-text-1.9.jar;C:\Users\rilaa\.m2\repository\commons-net\commons-net\3.8.0\commons-net-3.8.0.jar;C:\Users\rilaa\.m2\repository\com\google\guava\guava\31.1-jre\guava-31.1-jre.jar;C:\Users\rilaa\.m2\repository\com\google\guava\failureaccess\1.0.1\failureaccess-1.0.1.jar;C:\Users\rilaa\.m2\repository\com\google\guava\listenablefuture\9999.0-empty-to-avoid-conflict-with-guava\listenablefuture-9999.0-empty-to-avoid-conflict-with-guava.jar;C:\Users\rilaa\.m2\repository\com\google\code\findbugs\jsr305\3.0.2\jsr305-3.0.2.jar;C:\Users\rilaa\.m2\repository\org\checkerframework\checker-qual\3.12.0\checker-qual-3.12.0.jar;C:\Users\rilaa\.m2\repository\com\google\errorprone\error_prone_annotations\2.11.0\error_prone_annotations-2.11.0.jar;C:\Users\rilaa\.m2\repository\com\google\j2objc\j2objc-annotations\1.3\j2objc-annotations-1.3.jar;C:\Users\rilaa\.m2\repository\com\google\inject\guice\5.1.0\guice-5.1.0.jar;C:\Users\rilaa\.m2\repository\javax\inject\javax.inject\1\javax.inject-1.jar;C:\Users\rilaa\.m2\repository\aopalliance\aopalliance\1.0\aopalliance-1.0.jar;C:\Users\rilaa\.m2\repository\org\jsoup\jsoup\1.14.3\jsoup-1.14.3.jar;C:\Users\rilaa\.m2\repository\com\thoughtworks\xstream\xstream\1.4.19\xstream-1.4.19.jar;C:\Users\rilaa\.m2\repository\io\github\x-stream\mxparser\1.2.2\mxparser-1.2.2.jar;C:\Users\rilaa\.m2\repository\xmlpull\xmlpull\1.1.3.1\xmlpull-1.1.3.1.jar;C:\Users\rilaa\.m2\repository\io\cucumber\cucumber-java\7.2.3\cucumber-java-7.2.3.jar;C:\Users\rilaa\.m2\repository\com\typesafe\config\1.4.2\config-1.4.2.jar;C:\Users\rilaa\.m2\repository\org\imgscalr\imgscalr-lib\4.2\imgscalr-lib-4.2.jar;C:\Users\rilaa\.m2\repository\org\awaitility\awaitility\4.2.0\awaitility-4.2.0.jar;C:\Users\rilaa\.m2\repository\org\freemarker\freemarker\2.3.31\freemarker-2.3.31.jar;C:\Users\rilaa\.m2\repository\io\github\classgraph\classgraph\4.8.138\classgraph-4.8.138.jar;C:\Users\rilaa\.m2\repository\net\sourceforge\jexcelapi\jxl\2.6.12\jxl-2.6.12.jar;C:\Users\rilaa\.m2\repository\net\bytebuddy\byte-buddy\1.12.8\byte-buddy-1.12.8.jar;C:\Users\rilaa\.m2\repository\net\bytebuddy\byte-buddy-agent\1.12.8\byte-buddy-agent-1.12.8.jar;C:\Users\rilaa\.m2\repository\org\objenesis\objenesis\3.1\objenesis-3.1.jar;C:\Users\rilaa\.m2\repository\net\serenity-bdd\serenity-reports\3.2.1\serenity-reports-3.2.1.jar;C:\Users\rilaa\.m2\repository\net\serenity-bdd\serenity-stats\3.2.1\serenity-stats-3.2.1.jar;C:\Users\rilaa\.m2\repository\net\serenity-bdd\serenity-reports-configuration\3.2.1\serenity-reports-configuration-3.2.1.jar;C:\Users\rilaa\.m2\repository\com\vladsch\flexmark\flexmark-all\0.34.30\flexmark-all-0.34.30.jar;C:\Users\rilaa\.m2\repository\com\vladsch\flexmark\flexmark\0.34.30\flexmark-0.34.30.jar;C:\Users\rilaa\.m2\repository\com\vladsch\flexmark\flexmark-ext-abbreviation\0.34.30\flexmark-ext-abbreviation-0.34.30.jar;C:\Users\rilaa\.m2\repository\com\vladsch\flexmark\flexmark-ext-admonition\0.34.30\flexmark-ext-admonition-0.34.30.jar;C:\Users\rilaa\.m2\repository\com\vladsch\flexmark\flexmark-ext-anchorlink\0.34.30\flexmark-ext-anchorlink-0.34.30.jar;C:\Users\rilaa\.m2\repository\com\vladsch\flexmark\flexmark-ext-aside\0.34.30\flexmark-ext-aside-0.34.30.jar;C:\Users\rilaa\.m2\repository\com\vladsch\flexmark\flexmark-ext-attributes\0.34.30\flexmark-ext-attributes-0.34.30.jar;C:\Users\rilaa\.m2\repository\com\vladsch\flexmark\flexmark-ext-autolink\0.34.30\flexmark-ext-autolink-0.34.30.jar;C:\Users\rilaa\.m2\repository\org\nibor\autolink\autolink\0.6.0\autolink-0.6.0.jar;C:\Users\rilaa\.m2\repository\com\vladsch\flexmark\flexmark-ext-definition\0.34.30\flexmark-ext-definition-0.34.30.jar;C:\Users\rilaa\.m2\repository\com\vladsch\flexmark\flexmark-ext-emoji\0.34.30\flexmark-ext-emoji-0.34.30.jar;C:\Users\rilaa\.m2\repository\com\vladsch\flexmark\flexmark-ext-enumerated-reference\0.34.30\flexmark-ext-enumerated-reference-0.34.30.jar;C:\Users\rilaa\.m2\repository\com\vladsch\flexmark\flexmark-ext-escaped-character\0.34.30\flexmark-ext-escaped-character-0.34.30.jar;C:\Users\rilaa\.m2\repository\com\vladsch\flexmark\flexmark-ext-footnotes\0.34.30\flexmark-ext-footnotes-0.34.30.jar;C:\Users\rilaa\.m2\repository\com\vladsch\flexmark\flexmark-ext-gfm-issues\0.34.30\flexmark-ext-gfm-issues-0.34.30.jar;C:\Users\rilaa\.m2\repository\com\vladsch\flexmark\flexmark-ext-gfm-strikethrough\0.34.30\flexmark-ext-gfm-strikethrough-0.34.30.jar;C:\Users\rilaa\.m2\repository\com\vladsch\flexmark\flexmark-ext-gfm-tables\0.34.30\flexmark-ext-gfm-tables-0.34.30.jar;C:\Users\rilaa\.m2\repository\com\vladsch\flexmark\flexmark-ext-gfm-tasklist\0.34.30\flexmark-ext-gfm-tasklist-0.34.30.jar;C:\Users\rilaa\.m2\repository\com\vladsch\flexmark\flexmark-ext-gfm-users\0.34.30\flexmark-ext-gfm-users-0.34.30.jar;C:\Users\rilaa\.m2\repository\com\vladsch\flexmark\flexmark-ext-gitlab\0.34.30\flexmark-ext-gitlab-0.34.30.jar;C:\Users\rilaa\.m2\repository\com\vladsch\flexmark\flexmark-ext-jekyll-front-matter\0.34.30\flexmark-ext-jekyll-front-matter-0.34.30.jar;C:\Users\rilaa\.m2\repository\com\vladsch\flexmark\flexmark-ext-jekyll-tag\0.34.30\flexmark-ext-jekyll-tag-0.34.30.jar;C:\Users\rilaa\.m2\repository\com\vladsch\flexmark\flexmark-ext-media-tags\0.34.30\flexmark-ext-media-tags-0.34.30.jar;C:\Users\rilaa\.m2\repository\com\vladsch\flexmark\flexmark-test-util\0.34.30\flexmark-test-util-0.34.30.jar;C:\Users\rilaa\.m2\repository\com\vladsch\flexmark\flexmark-ext-ins\0.34.30\flexmark-ext-ins-0.34.30.jar;C:\Users\rilaa\.m2\repository\com\vladsch\flexmark\flexmark-ext-xwiki-macros\0.34.30\flexmark-ext-xwiki-macros-0.34.30.jar;C:\Users\rilaa\.m2\repository\com\vladsch\flexmark\flexmark-ext-superscript\0.34.30\flexmark-ext-superscript-0.34.30.jar;C:\Users\rilaa\.m2\repository\com\vladsch\flexmark\flexmark-ext-tables\0.34.30\flexmark-ext-tables-0.34.30.jar;C:\Users\rilaa\.m2\repository\com\vladsch\flexmark\flexmark-ext-toc\0.34.30\flexmark-ext-toc-0.34.30.jar;C:\Users\rilaa\.m2\repository\com\vladsch\flexmark\flexmark-ext-typographic\0.34.30\flexmark-ext-typographic-0.34.30.jar;C:\Users\rilaa\.m2\repository\com\vladsch\flexmark\flexmark-ext-wikilink\0.34.30\flexmark-ext-wikilink-0.34.30.jar;C:\Users\rilaa\.m2\repository\com\vladsch\flexmark\flexmark-ext-yaml-front-matter\0.34.30\flexmark-ext-yaml-front-matter-0.34.30.jar;C:\Users\rilaa\.m2\repository\com\vladsch\flexmark\flexmark-ext-youtube-embedded\0.34.30\flexmark-ext-youtube-embedded-0.34.30.jar;C:\Users\rilaa\.m2\repository\com\vladsch\flexmark\flexmark-formatter\0.34.30\flexmark-formatter-0.34.30.jar;C:\Users\rilaa\.m2\repository\com\vladsch\flexmark\flexmark-html-parser\0.34.30\flexmark-html-parser-0.34.30.jar;C:\Users\rilaa\.m2\repository\com\vladsch\flexmark\flexmark-jira-converter\0.34.30\flexmark-jira-converter-0.34.30.jar;C:\Users\rilaa\.m2\repository\com\vladsch\flexmark\flexmark-pdf-converter\0.34.30\flexmark-pdf-converter-0.34.30.jar;C:\Users\rilaa\.m2\repository\com\openhtmltopdf\openhtmltopdf-core\0.0.1-RC13\openhtmltopdf-core-0.0.1-RC13.jar;C:\Users\rilaa\.m2\repository\com\openhtmltopdf\openhtmltopdf-pdfbox\0.0.1-RC13\openhtmltopdf-pdfbox-0.0.1-RC13.jar;C:\Users\rilaa\.m2\repository\org\apache\pdfbox\pdfbox\2.0.8\pdfbox-2.0.8.jar;C:\Users\rilaa\.m2\repository\org\apache\pdfbox\fontbox\2.0.8\fontbox-2.0.8.jar;C:\Users\rilaa\.m2\repository\commons-logging\commons-logging\1.2\commons-logging-1.2.jar;C:\Users\rilaa\.m2\repository\org\apache\pdfbox\xmpbox\2.0.8\xmpbox-2.0.8.jar;C:\Users\rilaa\.m2\repository\de\rototor\pdfbox\graphics2d\0.12\graphics2d-0.12.jar;C:\Users\rilaa\.m2\repository\com\openhtmltopdf\openhtmltopdf-rtl-support\0.0.1-RC13\openhtmltopdf-rtl-support-0.0.1-RC13.jar;C:\Users\rilaa\.m2\repository\com\ibm\icu\icu4j\59.1\icu4j-59.1.jar;C:\Users\rilaa\.m2\repository\com\openhtmltopdf\openhtmltopdf-jsoup-dom-converter\0.0.1-RC13\openhtmltopdf-jsoup-dom-converter-0.0.1-RC13.jar;C:\Users\rilaa\.m2\repository\com\vladsch\flexmark\flexmark-profile-pegdown\0.34.30\flexmark-profile-pegdown-0.34.30.jar;C:\Users\rilaa\.m2\repository\com\vladsch\flexmark\flexmark-util\0.34.30\flexmark-util-0.34.30.jar;C:\Users\rilaa\.m2\repository\com\vladsch\flexmark\flexmark-youtrack-converter\0.34.30\flexmark-youtrack-converter-0.34.30.jar;C:\Users\rilaa\.m2\repository\es\nitaur\markdown\txtmark\0.16\txtmark-0.16.jar;C:\Users\rilaa\.m2\repository\net\serenity-bdd\serenity-report-resources\3.2.1\serenity-report-resources-3.2.1.jar;C:\Users\rilaa\.m2\repository\com\google\code\gson\gson\2.9.0\gson-2.9.0.jar;C:\Users\rilaa\.m2\repository\com\fasterxml\jackson\core\jackson-core\2.13.2\jackson-core-2.13.2.jar;C:\Users\rilaa\.m2\repository\com\fasterxml\jackson\core\jackson-databind\2.13.2\jackson-databind-2.13.2.jar;C:\Users\rilaa\.m2\repository\com\fasterxml\jackson\core\jackson-annotations\2.13.2\jackson-annotations-2.13.2.jar;C:\Users\rilaa\.m2\repository\commons-codec\commons-codec\1.15\commons-codec-1.15.jar;C:\Users\rilaa\.m2\repository\commons-io\commons-io\2.11.0\commons-io-2.11.0.jar;C:\Users\rilaa\.m2\repository\org\seleniumhq\selenium\selenium-java\4.1.2\selenium-java-4.1.2.jar;C:\Users\rilaa\.m2\repository\org\seleniumhq\selenium\selenium-devtools-v85\4.1.2\selenium-devtools-v85-4.1.2.jar;C:\Users\rilaa\.m2\repository\org\seleniumhq\selenium\selenium-devtools-v95\4.1.2\selenium-devtools-v95-4.1.2.jar;C:\Users\rilaa\.m2\repository\org\seleniumhq\selenium\selenium-devtools-v96\4.1.2\selenium-devtools-v96-4.1.2.jar;C:\Users\rilaa\.m2\repository\org\seleniumhq\selenium\selenium-devtools-v97\4.1.2\selenium-devtools-v97-4.1.2.jar;C:\Users\rilaa\.m2\repository\org\seleniumhq\selenium\selenium-firefox-xpi-driver\4.1.2\selenium-firefox-xpi-driver-4.1.2.jar;C:\Users\rilaa\.m2\repository\org\seleniumhq\selenium\selenium-opera-driver\4.1.2\selenium-opera-driver-4.1.2.jar;C:\Users\rilaa\.m2\repository\org\seleniumhq\selenium\selenium-remote-driver\4.1.2\selenium-remote-driver-4.1.2.jar;C:\Users\rilaa\.m2\repository\com\beust\jcommander\1.82\jcommander-1.82.jar;C:\Users\rilaa\.m2\repository\io\netty\netty-buffer\4.1.73.Final\netty-buffer-4.1.73.Final.jar;C:\Users\rilaa\.m2\repository\io\netty\netty-codec-http\4.1.73.Final\netty-codec-http-4.1.73.Final.jar;C:\Users\rilaa\.m2\repository\io\netty\netty-codec\4.1.73.Final\netty-codec-4.1.73.Final.jar;C:\Users\rilaa\.m2\repository\io\netty\netty-handler\4.1.73.Final\netty-handler-4.1.73.Final.jar;C:\Users\rilaa\.m2\repository\io\netty\netty-tcnative-classes\2.0.46.Final\netty-tcnative-classes-2.0.46.Final.jar;C:\Users\rilaa\.m2\repository\io\netty\netty-common\4.1.73.Final\netty-common-4.1.73.Final.jar;C:\Users\rilaa\.m2\repository\io\netty\netty-transport-classes-epoll\4.1.73.Final\netty-transport-classes-epoll-4.1.73.Final.jar;C:\Users\rilaa\.m2\repository\io\netty\netty-transport-classes-kqueue\4.1.73.Final\netty-transport-classes-kqueue-4.1.73.Final.jar;C:\Users\rilaa\.m2\repository\io\netty\netty-transport-native-epoll\4.1.73.Final\netty-transport-native-epoll-4.1.73.Final.jar;C:\Users\rilaa\.m2\repository\io\netty\netty-transport-native-kqueue\4.1.73.Final\netty-transport-native-kqueue-4.1.73.Final.jar;C:\Users\rilaa\.m2\repository\io\netty\netty-transport-native-unix-common\4.1.73.Final\netty-transport-native-unix-common-4.1.73.Final.jar;C:\Users\rilaa\.m2\repository\io\netty\netty-transport\4.1.73.Final\netty-transport-4.1.73.Final.jar;C:\Users\rilaa\.m2\repository\io\netty\netty-resolver\4.1.73.Final\netty-resolver-4.1.73.Final.jar;C:\Users\rilaa\.m2\repository\io\opentelemetry\opentelemetry-api\1.10.1\opentelemetry-api-1.10.1.jar;C:\Users\rilaa\.m2\repository\io\opentelemetry\opentelemetry-context\1.10.1\opentelemetry-context-1.10.1.jar;C:\Users\rilaa\.m2\repository\io\opentelemetry\opentelemetry-exporter-logging\1.10.1\opentelemetry-exporter-logging-1.10.1.jar;C:\Users\rilaa\.m2\repository\io\opentelemetry\opentelemetry-sdk-metrics\1.10.1-alpha\opentelemetry-sdk-metrics-1.10.1-alpha.jar;C:\Users\rilaa\.m2\repository\io\opentelemetry\opentelemetry-sdk-logs\1.10.1-alpha\opentelemetry-sdk-logs-1.10.1-alpha.jar;C:\Users\rilaa\.m2\repository\io\opentelemetry\opentelemetry-sdk-common\1.10.1\opentelemetry-sdk-common-1.10.1.jar;C:\Users\rilaa\.m2\repository\io\opentelemetry\opentelemetry-sdk-extension-autoconfigure-spi\1.10.1\opentelemetry-sdk-extension-autoconfigure-spi-1.10.1.jar;C:\Users\rilaa\.m2\repository\io\opentelemetry\opentelemetry-sdk-extension-autoconfigure\1.10.1-alpha\opentelemetry-sdk-extension-autoconfigure-1.10.1-alpha.jar;C:\Users\rilaa\.m2\repository\io\opentelemetry\opentelemetry-sdk-trace\1.10.1\opentelemetry-sdk-trace-1.10.1.jar;C:\Users\rilaa\.m2\repository\io\opentelemetry\opentelemetry-sdk\1.10.1\opentelemetry-sdk-1.10.1.jar;C:\Users\rilaa\.m2\repository\io\opentelemetry\opentelemetry-semconv\1.10.1-alpha\opentelemetry-semconv-1.10.1-alpha.jar;C:\Users\rilaa\.m2\repository\io\ous\jtoml\2.0.0\jtoml-2.0.0.jar;C:\Users\rilaa\.m2\repository\org\apache\commons\commons-exec\1.3\commons-exec-1.3.jar;C:\Users\rilaa\.m2\repository\org\asynchttpclient\async-http-client\2.12.3\async-http-client-2.12.3.jar;C:\Users\rilaa\.m2\repository\org\asynchttpclient\async-http-client-netty-utils\2.12.3\async-http-client-netty-utils-2.12.3.jar;C:\Users\rilaa\.m2\repository\io\netty\netty-codec-socks\4.1.60.Final\netty-codec-socks-4.1.60.Final.jar;C:\Users\rilaa\.m2\repository\io\netty\netty-handler-proxy\4.1.60.Final\netty-handler-proxy-4.1.60.Final.jar;C:\Users\rilaa\.m2\repository\io\netty\netty-transport-native-epoll\4.1.60.Final\netty-transport-native-epoll-4.1.60.Final-linux-x86_64.jar;C:\Users\rilaa\.m2\repository\io\netty\netty-transport-native-kqueue\4.1.60.Final\netty-transport-native-kqueue-4.1.60.Final-osx-x86_64.jar;C:\Users\rilaa\.m2\repository\org\reactivestreams\reactive-streams\1.0.3\reactive-streams-1.0.3.jar;C:\Users\rilaa\.m2\repository\com\typesafe\netty\netty-reactive-streams\2.0.4\netty-reactive-streams-2.0.4.jar;C:\Users\rilaa\.m2\repository\org\seleniumhq\selenium\selenium-http\4.1.2\selenium-http-4.1.2.jar;C:\Users\rilaa\.m2\repository\net\jodah\failsafe\2.4.4\failsafe-2.4.4.jar;C:\Users\rilaa\.m2\repository\org\seleniumhq\selenium\selenium-safari-driver\4.1.2\selenium-safari-driver-4.1.2.jar;C:\Users\rilaa\.m2\repository\org\seleniumhq\selenium\selenium-api\4.1.2\selenium-api-4.1.2.jar;C:\Users\rilaa\.m2\repository\org\seleniumhq\selenium\selenium-support\4.1.2\selenium-support-4.1.2.jar;C:\Users\rilaa\.m2\repository\com\google\auto\service\auto-service-annotations\1.0.1\auto-service-annotations-1.0.1.jar;C:\Users\rilaa\.m2\repository\com\google\auto\service\auto-service\1.0.1\auto-service-1.0.1.jar;C:\Users\rilaa\.m2\repository\com\google\auto\auto-common\1.2\auto-common-1.2.jar;C:\Users\rilaa\.m2\repository\org\seleniumhq\selenium\selenium-json\4.1.2\selenium-json-4.1.2.jar;C:\Users\rilaa\.m2\repository\org\seleniumhq\selenium\selenium-chrome-driver\4.1.2\selenium-chrome-driver-4.1.2.jar;C:\Users\rilaa\.m2\repository\org\seleniumhq\selenium\selenium-chromium-driver\4.1.2\selenium-chromium-driver-4.1.2.jar;C:\Users\rilaa\.m2\repository\org\seleniumhq\selenium\selenium-firefox-driver\4.1.2\selenium-firefox-driver-4.1.2.jar;C:\Users\rilaa\.m2\repository\org\seleniumhq\selenium\selenium-edge-driver\4.1.2\selenium-edge-driver-4.1.2.jar;C:\Users\rilaa\.m2\repository\org\seleniumhq\selenium\selenium-ie-driver\4.1.2\selenium-ie-driver-4.1.2.jar;C:\Users\rilaa\.m2\repository\org\projectlombok\lombok\1.18.20\lombok-1.18.20.jar;C:\Users\rilaa\.m2\repository\io\appium\java-client\8.0.0\java-client-8.0.0.jar;C:\Users\rilaa\.m2\repository\commons-validator\commons-validator\1.7\commons-validator-1.7.jar;C:\Users\rilaa\.m2\repository\commons-digester\commons-digester\2.1\commons-digester-2.1.jar;C:\Users\rilaa\.m2\repository\org\aspectj\aspectjweaver\1.9.8\aspectjweaver-1.9.8.jar;C:\Users\rilaa\.m2\repository\org\codehaus\groovy\groovy\3.0.10\groovy-3.0.10.jar;C:\Users\rilaa\.m2\repository\net\sf\opencsv\opencsv\2.0\opencsv-2.0.jar;C:\Users\rilaa\.m2\repository\commons-beanutils\commons-beanutils\1.9.4\commons-beanutils-1.9.4.jar;C:\Users\rilaa\.m2\repository\org\apache\commons\commons-lang3\3.12.0\commons-lang3-3.12.0.jar;C:\Users\rilaa\.m2\repository\commons-collections\commons-collections\3.2.2\commons-collections-3.2.2.jar;C:\Users\rilaa\.m2\repository\org\fluentlenium\fluentlenium-core\0.10.2\fluentlenium-core-0.10.2.jar;C:\Users\rilaa\.m2\repository\io\github\bonigarcia\webdrivermanager\5.1.0\webdrivermanager-5.1.0.jar;C:\Users\rilaa\.m2\repository\com\github\docker-java\docker-java\3.2.13\docker-java-3.2.13.jar;C:\Users\rilaa\.m2\repository\com\github\docker-java\docker-java-core\3.2.13\docker-java-core-3.2.13.jar;C:\Users\rilaa\.m2\repository\com\github\docker-java\docker-java-api\3.2.13\docker-java-api-3.2.13.jar;C:\Users\rilaa\.m2\repository\org\apache\commons\commons-compress\1.21\commons-compress-1.21.jar;C:\Users\rilaa\.m2\repository\org\bouncycastle\bcpkix-jdk15on\1.64\bcpkix-jdk15on-1.64.jar;C:\Users\rilaa\.m2\repository\org\bouncycastle\bcprov-jdk15on\1.64\bcprov-jdk15on-1.64.jar;C:\Users\rilaa\.m2\repository\org\slf4j\jcl-over-slf4j\1.7.30\jcl-over-slf4j-1.7.30.jar;C:\Users\rilaa\.m2\repository\com\github\docker-java\docker-java-transport-httpclient5\3.2.13\docker-java-transport-httpclient5-3.2.13.jar;C:\Users\rilaa\.m2\repository\com\github\docker-java\docker-java-transport\3.2.13\docker-java-transport-3.2.13.jar;C:\Users\rilaa\.m2\repository\org\apache\httpcomponents\client5\httpclient5\5.0.3\httpclient5-5.0.3.jar;C:\Users\rilaa\.m2\repository\org\apache\httpcomponents\core5\httpcore5\5.0.2\httpcore5-5.0.2.jar;C:\Users\rilaa\.m2\repository\net\java\dev\jna\jna\5.8.0\jna-5.8.0.jar;C:\Users\rilaa\.m2\repository\org\brotli\dec\0.1.2\dec-0.1.2.jar;C:\Users\rilaa\.m2\repository\com\jhlabs\filters\2.0.235\filters-2.0.235.jar;C:\Users\rilaa\.m2\repository\com\paulhammant\ngwebdriver\1.1.6\ngwebdriver-1.1.6.jar;C:\Users\rilaa\.m2\repository\joda-time\joda-time\2.8.2\joda-time-2.8.2.jar;C:\Users\rilaa\.m2\repository\org\hamcrest\hamcrest\2.2\hamcrest-2.2.jar;C:\Users\rilaa\.m2\repository\com\google\jimfs\jimfs\1.2\jimfs-1.2.jar;C:\Users\rilaa\.m2\repository\org\mockito\mockito-core\3.3.3\mockito-core-3.3.3.jar;C:\Users\rilaa\.m2\repository\javax\xml\bind\jaxb-api\2.3.1\jaxb-api-2.3.1.jar;C:\Users\rilaa\.m2\repository\javax\activation\javax.activation-api\1.2.0\javax.activation-api-1.2.0.jar;C:\Users\rilaa\.m2\repository\com\sun\xml\bind\jaxb-core\2.3.0.1\jaxb-core-2.3.0.1.jar;C:\Users\rilaa\.m2\repository\com\sun\xml\bind\jaxb-impl\2.3.3\jaxb-impl-2.3.3.jar;C:\Users\rilaa\.m2\repository\jakarta\xml\bind\jakarta.xml.bind-api\2.3.3\jakarta.xml.bind-api-2.3.3.jar;C:\Users\rilaa\.m2\repository\com\sun\activation\jakarta.activation\1.2.2\jakarta.activation-1.2.2.jar;C:\Users\rilaa\.m2\repository\javax\activation\activation\1.1.1\activation-1.1.1.jar;C:\Users\rilaa\.m2\repository\net\serenity-bdd\serenity-cucumber\3.2.1\serenity-cucumber-3.2.1.jar;C:\Users\rilaa\.m2\repository\io\cucumber\cucumber-core\7.2.3\cucumber-core-7.2.3.jar;C:\Users\rilaa\.m2\repository\io\cucumber\cucumber-gherkin\7.2.3\cucumber-gherkin-7.2.3.jar;C:\Users\rilaa\.m2\repository\io\cucumber\cucumber-gherkin-messages\7.2.3\cucumber-gherkin-messages-7.2.3.jar;C:\Users\rilaa\.m2\repository\io\cucumber\messages\17.1.1\messages-17.1.1.jar;C:\Users\rilaa\.m2\repository\io\cucumber\tag-expressions\4.1.0\tag-expressions-4.1.0.jar;C:\Users\rilaa\.m2\repository\io\cucumber\cucumber-expressions\15.0.1\cucumber-expressions-15.0.1.jar;C:\Users\rilaa\.m2\repository\io\cucumber\datatable\7.2.3\datatable-7.2.3.jar;C:\Users\rilaa\.m2\repository\io\cucumber\cucumber-plugin\7.2.3\cucumber-plugin-7.2.3.jar;C:\Users\rilaa\.m2\repository\io\cucumber\docstring\7.2.3\docstring-7.2.3.jar;C:\Users\rilaa\.m2\repository\io\cucumber\html-formatter\17.0.0\html-formatter-17.0.0.jar;C:\Users\rilaa\.m2\repository\io\cucumber\ci-environment\8.1.0\ci-environment-8.1.0.jar;C:\Users\rilaa\.m2\repository\io\cucumber\cucumber-junit\7.2.3\cucumber-junit-7.2.3.jar;C:\Users\rilaa\.m2\repository\org\apache\commons\commons-csv\1.5\commons-csv-1.5.jar;C:\Users\rilaa\.m2\repository\net\serenity-bdd\serenity-screenplay\3.2.1\serenity-screenplay-3.2.1.jar;C:\Users\rilaa\.m2\repository\net\serenity-bdd\serenity-screenplay-webdriver\3.2.1\serenity-screenplay-webdriver-3.2.1.jar;C:\Users\rilaa\.m2\repository\net\serenity-bdd\serenity-ensure\3.2.1\serenity-ensure-3.2.1.jar;C:\Users\rilaa\.m2\repository\net\serenity-bdd\serenity-junit\3.2.1\serenity-junit-3.2.1.jar;C:\Users\rilaa\.m2\repository\org\jetbrains\kotlin\kotlin-stdlib\1.6.0\kotlin-stdlib-1.6.0.jar;C:\Users\rilaa\.m2\repository\org\jetbrains\annotations\13.0\annotations-13.0.jar;C:\Users\rilaa\.m2\repository\org\jetbrains\kotlin\kotlin-stdlib-common\1.6.0\kotlin-stdlib-common-1.6.0.jar;C:\Users\rilaa\.m2\repository\org\junit\platform\junit-platform-launcher\1.8.1\junit-platform-launcher-1.8.1.jar;C:\Users\rilaa\.m2\repository\org\junit\platform\junit-platform-engine\1.8.1\junit-platform-engine-1.8.1.jar;C:\Users\rilaa\.m2\repository\org\opentest4j\opentest4j\1.2.0\opentest4j-1.2.0.jar;C:\Users\rilaa\.m2\repository\org\junit\platform\junit-platform-commons\1.8.1\junit-platform-commons-1.8.1.jar;C:\Users\rilaa\.m2\repository\org\apiguardian\apiguardian-api\1.1.2\apiguardian-api-1.1.2.jar;C:\Users\rilaa\.m2\repository\org\junit\jupiter\junit-jupiter-engine\5.8.2\junit-jupiter-engine-5.8.2.jar;C:\Users\rilaa\.m2\repository\org\junit\jupiter\junit-jupiter-api\5.8.2\junit-jupiter-api-5.8.2.jar;C:\Users\rilaa\.m2\repository\org\junit\vintage\junit-vintage-engine\5.8.2\junit-vintage-engine-5.8.2.jar;C:\Users\rilaa\.m2\repository\junit\junit\4.13.2\junit-4.13.2.jar;C:\Users\rilaa\.m2\repository\org\hamcrest\hamcrest-core\1.3\hamcrest-core-1.3.jar;C:\Users\rilaa\.m2\repository\ch\qos\logback\logback-classic\1.2.10\logback-classic-1.2.10.jar;C:\Users\rilaa\.m2\repository\ch\qos\logback\logback-core\1.2.10\logback-core-1.2.10.jar;C:\Users\rilaa\.m2\repository\org\slf4j\slf4j-api\1.7.32\slf4j-api-1.7.32.jar;C:\Users\rilaa\.m2\repository\org\assertj\assertj-core\3.6.2\assertj-core-3.6.2.jar;"/>
    <property name="sun.cpu.endian" value="little"/>
    <property name="user.home" value="C:\Users\rilaa"/>
    <property name="user.language" value="en"/>
    <property name="java.specification.vendor" value="Oracle Corporation"/>
    <property name="jdk.module.path" value="D:\Ra\file kuliah\semester 7\resume alta\Mini Project\Web\AltaShop\target\AltaShop-1.0-SNAPSHOT.jar"/>
    <property name="java.version.date" value="2022-07-19"/>
    <property name="java.home" value="C:\Program Files\Java\jdk-11.0.16"/>
    <property name="file.separator" value="\"/>
    <property name="basedir" value="D:\Ra\file kuliah\semester 7\resume alta\Mini Project\Web\AltaShop"/>
    <property name="java.vm.compressedOopsMode" value="32-bit"/>
    <property name="line.separator" value="&#10;"/>
    <property name="java.specification.name" value="Java Platform API Specification"/>
    <property name="java.vm.specification.vendor" value="Oracle Corporation"/>
    <property name="java.awt.graphicsenv" value="sun.awt.Win32GraphicsEnvironment"/>
    <property name="surefire.real.class.path" value="C:\Users\rilaa\.m2\repository\org\apache\maven\surefire\surefire-booter\3.0.0-M5\surefire-booter-3.0.0-M5.jar;C:\Users\rilaa\.m2\repository\org\apache\maven\surefire\surefire-api\3.0.0-M5\surefire-api-3.0.0-M5.jar;C:\Users\rilaa\.m2\repository\org\apache\maven\surefire\surefire-logger-api\3.0.0-M5\surefire-logger-api-3.0.0-M5.jar;C:\Users\rilaa\.m2\repository\org\apache\maven\surefire\surefire-shared-utils\3.0.0-M4\surefire-shared-utils-3.0.0-M4.jar;C:\Users\rilaa\.m2\repository\org\apache\maven\surefire\surefire-extensions-spi\3.0.0-M5\surefire-extensions-spi-3.0.0-M5.jar;D:\Ra\file kuliah\semester 7\resume alta\Mini Project\Web\AltaShop\target\test-classes;C:\Users\rilaa\.m2\repository\net\serenity-bdd\serenity-core\3.2.1\serenity-core-3.2.1.jar;C:\Users\rilaa\.m2\repository\net\serenity-bdd\serenity-model\3.2.1\serenity-model-3.2.1.jar;C:\Users\rilaa\.m2\repository\org\apache\commons\commons-text\1.9\commons-text-1.9.jar;C:\Users\rilaa\.m2\repository\commons-net\commons-net\3.8.0\commons-net-3.8.0.jar;C:\Users\rilaa\.m2\repository\com\google\guava\guava\31.1-jre\guava-31.1-jre.jar;C:\Users\rilaa\.m2\repository\com\google\guava\failureaccess\1.0.1\failureaccess-1.0.1.jar;C:\Users\rilaa\.m2\repository\com\google\guava\listenablefuture\9999.0-empty-to-avoid-conflict-with-guava\listenablefuture-9999.0-empty-to-avoid-conflict-with-guava.jar;C:\Users\rilaa\.m2\repository\com\google\code\findbugs\jsr305\3.0.2\jsr305-3.0.2.jar;C:\Users\rilaa\.m2\repository\org\checkerframework\checker-qual\3.12.0\checker-qual-3.12.0.jar;C:\Users\rilaa\.m2\repository\com\google\errorprone\error_prone_annotations\2.11.0\error_prone_annotations-2.11.0.jar;C:\Users\rilaa\.m2\repository\com\google\j2objc\j2objc-annotations\1.3\j2objc-annotations-1.3.jar;C:\Users\rilaa\.m2\repository\com\google\inject\guice\5.1.0\guice-5.1.0.jar;C:\Users\rilaa\.m2\repository\javax\inject\javax.inject\1\javax.inject-1.jar;C:\Users\rilaa\.m2\repository\aopalliance\aopalliance\1.0\aopalliance-1.0.jar;C:\Users\rilaa\.m2\repository\org\jsoup\jsoup\1.14.3\jsoup-1.14.3.jar;C:\Users\rilaa\.m2\repository\com\thoughtworks\xstream\xstream\1.4.19\xstream-1.4.19.jar;C:\Users\rilaa\.m2\repository\io\github\x-stream\mxparser\1.2.2\mxparser-1.2.2.jar;C:\Users\rilaa\.m2\repository\xmlpull\xmlpull\1.1.3.1\xmlpull-1.1.3.1.jar;C:\Users\rilaa\.m2\repository\io\cucumber\cucumber-java\7.2.3\cucumber-java-7.2.3.jar;C:\Users\rilaa\.m2\repository\com\typesafe\config\1.4.2\config-1.4.2.jar;C:\Users\rilaa\.m2\repository\org\imgscalr\imgscalr-lib\4.2\imgscalr-lib-4.2.jar;C:\Users\rilaa\.m2\repository\org\awaitility\awaitility\4.2.0\awaitility-4.2.0.jar;C:\Users\rilaa\.m2\repository\org\freemarker\freemarker\2.3.31\freemarker-2.3.31.jar;C:\Users\rilaa\.m2\repository\io\github\classgraph\classgraph\4.8.138\classgraph-4.8.138.jar;C:\Users\rilaa\.m2\repository\net\sourceforge\jexcelapi\jxl\2.6.12\jxl-2.6.12.jar;C:\Users\rilaa\.m2\repository\net\bytebuddy\byte-buddy\1.12.8\byte-buddy-1.12.8.jar;C:\Users\rilaa\.m2\repository\net\bytebuddy\byte-buddy-agent\1.12.8\byte-buddy-agent-1.12.8.jar;C:\Users\rilaa\.m2\repository\org\objenesis\objenesis\3.1\objenesis-3.1.jar;C:\Users\rilaa\.m2\repository\net\serenity-bdd\serenity-reports\3.2.1\serenity-reports-3.2.1.jar;C:\Users\rilaa\.m2\repository\net\serenity-bdd\serenity-stats\3.2.1\serenity-stats-3.2.1.jar;C:\Users\rilaa\.m2\repository\net\serenity-bdd\serenity-reports-configuration\3.2.1\serenity-reports-configuration-3.2.1.jar;C:\Users\rilaa\.m2\repository\com\vladsch\flexmark\flexmark-all\0.34.30\flexmark-all-0.34.30.jar;C:\Users\rilaa\.m2\repository\com\vladsch\flexmark\flexmark\0.34.30\flexmark-0.34.30.jar;C:\Users\rilaa\.m2\repository\com\vladsch\flexmark\flexmark-ext-abbreviation\0.34.30\flexmark-ext-abbreviation-0.34.30.jar;C:\Users\rilaa\.m2\repository\com\vladsch\flexmark\flexmark-ext-admonition\0.34.30\flexmark-ext-admonition-0.34.30.jar;C:\Users\rilaa\.m2\repository\com\vladsch\flexmark\flexmark-ext-anchorlink\0.34.30\flexmark-ext-anchorlink-0.34.30.jar;C:\Users\rilaa\.m2\repository\com\vladsch\flexmark\flexmark-ext-aside\0.34.30\flexmark-ext-aside-0.34.30.jar;C:\Users\rilaa\.m2\repository\com\vladsch\flexmark\flexmark-ext-attributes\0.34.30\flexmark-ext-attributes-0.34.30.jar;C:\Users\rilaa\.m2\repository\com\vladsch\flexmark\flexmark-ext-autolink\0.34.30\flexmark-ext-autolink-0.34.30.jar;C:\Users\rilaa\.m2\repository\org\nibor\autolink\autolink\0.6.0\autolink-0.6.0.jar;C:\Users\rilaa\.m2\repository\com\vladsch\flexmark\flexmark-ext-definition\0.34.30\flexmark-ext-definition-0.34.30.jar;C:\Users\rilaa\.m2\repository\com\vladsch\flexmark\flexmark-ext-emoji\0.34.30\flexmark-ext-emoji-0.34.30.jar;C:\Users\rilaa\.m2\repository\com\vladsch\flexmark\flexmark-ext-enumerated-reference\0.34.30\flexmark-ext-enumerated-reference-0.34.30.jar;C:\Users\rilaa\.m2\repository\com\vladsch\flexmark\flexmark-ext-escaped-character\0.34.30\flexmark-ext-escaped-character-0.34.30.jar;C:\Users\rilaa\.m2\repository\com\vladsch\flexmark\flexmark-ext-footnotes\0.34.30\flexmark-ext-footnotes-0.34.30.jar;C:\Users\rilaa\.m2\repository\com\vladsch\flexmark\flexmark-ext-gfm-issues\0.34.30\flexmark-ext-gfm-issues-0.34.30.jar;C:\Users\rilaa\.m2\repository\com\vladsch\flexmark\flexmark-ext-gfm-strikethrough\0.34.30\flexmark-ext-gfm-strikethrough-0.34.30.jar;C:\Users\rilaa\.m2\repository\com\vladsch\flexmark\flexmark-ext-gfm-tables\0.34.30\flexmark-ext-gfm-tables-0.34.30.jar;C:\Users\rilaa\.m2\repository\com\vladsch\flexmark\flexmark-ext-gfm-tasklist\0.34.30\flexmark-ext-gfm-tasklist-0.34.30.jar;C:\Users\rilaa\.m2\repository\com\vladsch\flexmark\flexmark-ext-gfm-users\0.34.30\flexmark-ext-gfm-users-0.34.30.jar;C:\Users\rilaa\.m2\repository\com\vladsch\flexmark\flexmark-ext-gitlab\0.34.30\flexmark-ext-gitlab-0.34.30.jar;C:\Users\rilaa\.m2\repository\com\vladsch\flexmark\flexmark-ext-jekyll-front-matter\0.34.30\flexmark-ext-jekyll-front-matter-0.34.30.jar;C:\Users\rilaa\.m2\repository\com\vladsch\flexmark\flexmark-ext-jekyll-tag\0.34.30\flexmark-ext-jekyll-tag-0.34.30.jar;C:\Users\rilaa\.m2\repository\com\vladsch\flexmark\flexmark-ext-media-tags\0.34.30\flexmark-ext-media-tags-0.34.30.jar;C:\Users\rilaa\.m2\repository\com\vladsch\flexmark\flexmark-test-util\0.34.30\flexmark-test-util-0.34.30.jar;C:\Users\rilaa\.m2\repository\com\vladsch\flexmark\flexmark-ext-ins\0.34.30\flexmark-ext-ins-0.34.30.jar;C:\Users\rilaa\.m2\repository\com\vladsch\flexmark\flexmark-ext-xwiki-macros\0.34.30\flexmark-ext-xwiki-macros-0.34.30.jar;C:\Users\rilaa\.m2\repository\com\vladsch\flexmark\flexmark-ext-superscript\0.34.30\flexmark-ext-superscript-0.34.30.jar;C:\Users\rilaa\.m2\repository\com\vladsch\flexmark\flexmark-ext-tables\0.34.30\flexmark-ext-tables-0.34.30.jar;C:\Users\rilaa\.m2\repository\com\vladsch\flexmark\flexmark-ext-toc\0.34.30\flexmark-ext-toc-0.34.30.jar;C:\Users\rilaa\.m2\repository\com\vladsch\flexmark\flexmark-ext-typographic\0.34.30\flexmark-ext-typographic-0.34.30.jar;C:\Users\rilaa\.m2\repository\com\vladsch\flexmark\flexmark-ext-wikilink\0.34.30\flexmark-ext-wikilink-0.34.30.jar;C:\Users\rilaa\.m2\repository\com\vladsch\flexmark\flexmark-ext-yaml-front-matter\0.34.30\flexmark-ext-yaml-front-matter-0.34.30.jar;C:\Users\rilaa\.m2\repository\com\vladsch\flexmark\flexmark-ext-youtube-embedded\0.34.30\flexmark-ext-youtube-embedded-0.34.30.jar;C:\Users\rilaa\.m2\repository\com\vladsch\flexmark\flexmark-formatter\0.34.30\flexmark-formatter-0.34.30.jar;C:\Users\rilaa\.m2\repository\com\vladsch\flexmark\flexmark-html-parser\0.34.30\flexmark-html-parser-0.34.30.jar;C:\Users\rilaa\.m2\repository\com\vladsch\flexmark\flexmark-jira-converter\0.34.30\flexmark-jira-converter-0.34.30.jar;C:\Users\rilaa\.m2\repository\com\vladsch\flexmark\flexmark-pdf-converter\0.34.30\flexmark-pdf-converter-0.34.30.jar;C:\Users\rilaa\.m2\repository\com\openhtmltopdf\openhtmltopdf-core\0.0.1-RC13\openhtmltopdf-core-0.0.1-RC13.jar;C:\Users\rilaa\.m2\repository\com\openhtmltopdf\openhtmltopdf-pdfbox\0.0.1-RC13\openhtmltopdf-pdfbox-0.0.1-RC13.jar;C:\Users\rilaa\.m2\repository\org\apache\pdfbox\pdfbox\2.0.8\pdfbox-2.0.8.jar;C:\Users\rilaa\.m2\repository\org\apache\pdfbox\fontbox\2.0.8\fontbox-2.0.8.jar;C:\Users\rilaa\.m2\repository\commons-logging\commons-logging\1.2\commons-logging-1.2.jar;C:\Users\rilaa\.m2\repository\org\apache\pdfbox\xmpbox\2.0.8\xmpbox-2.0.8.jar;C:\Users\rilaa\.m2\repository\de\rototor\pdfbox\graphics2d\0.12\graphics2d-0.12.jar;C:\Users\rilaa\.m2\repository\com\openhtmltopdf\openhtmltopdf-rtl-support\0.0.1-RC13\openhtmltopdf-rtl-support-0.0.1-RC13.jar;C:\Users\rilaa\.m2\repository\com\ibm\icu\icu4j\59.1\icu4j-59.1.jar;C:\Users\rilaa\.m2\repository\com\openhtmltopdf\openhtmltopdf-jsoup-dom-converter\0.0.1-RC13\openhtmltopdf-jsoup-dom-converter-0.0.1-RC13.jar;C:\Users\rilaa\.m2\repository\com\vladsch\flexmark\flexmark-profile-pegdown\0.34.30\flexmark-profile-pegdown-0.34.30.jar;C:\Users\rilaa\.m2\repository\com\vladsch\flexmark\flexmark-util\0.34.30\flexmark-util-0.34.30.jar;C:\Users\rilaa\.m2\repository\com\vladsch\flexmark\flexmark-youtrack-converter\0.34.30\flexmark-youtrack-converter-0.34.30.jar;C:\Users\rilaa\.m2\repository\es\nitaur\markdown\txtmark\0.16\txtmark-0.16.jar;C:\Users\rilaa\.m2\repository\net\serenity-bdd\serenity-report-resources\3.2.1\serenity-report-resources-3.2.1.jar;C:\Users\rilaa\.m2\repository\com\google\code\gson\gson\2.9.0\gson-2.9.0.jar;C:\Users\rilaa\.m2\repository\com\fasterxml\jackson\core\jackson-core\2.13.2\jackson-core-2.13.2.jar;C:\Users\rilaa\.m2\repository\com\fasterxml\jackson\core\jackson-databind\2.13.2\jackson-databind-2.13.2.jar;C:\Users\rilaa\.m2\repository\com\fasterxml\jackson\core\jackson-annotations\2.13.2\jackson-annotations-2.13.2.jar;C:\Users\rilaa\.m2\repository\commons-codec\commons-codec\1.15\commons-codec-1.15.jar;C:\Users\rilaa\.m2\repository\commons-io\commons-io\2.11.0\commons-io-2.11.0.jar;C:\Users\rilaa\.m2\repository\org\seleniumhq\selenium\selenium-java\4.1.2\selenium-java-4.1.2.jar;C:\Users\rilaa\.m2\repository\org\seleniumhq\selenium\selenium-devtools-v85\4.1.2\selenium-devtools-v85-4.1.2.jar;C:\Users\rilaa\.m2\repository\org\seleniumhq\selenium\selenium-devtools-v95\4.1.2\selenium-devtools-v95-4.1.2.jar;C:\Users\rilaa\.m2\repository\org\seleniumhq\selenium\selenium-devtools-v96\4.1.2\selenium-devtools-v96-4.1.2.jar;C:\Users\rilaa\.m2\repository\org\seleniumhq\selenium\selenium-devtools-v97\4.1.2\selenium-devtools-v97-4.1.2.jar;C:\Users\rilaa\.m2\repository\org\seleniumhq\selenium\selenium-firefox-xpi-driver\4.1.2\selenium-firefox-xpi-driver-4.1.2.jar;C:\Users\rilaa\.m2\repository\org\seleniumhq\selenium\selenium-opera-driver\4.1.2\selenium-opera-driver-4.1.2.jar;C:\Users\rilaa\.m2\repository\org\seleniumhq\selenium\selenium-remote-driver\4.1.2\selenium-remote-driver-4.1.2.jar;C:\Users\rilaa\.m2\repository\com\beust\jcommander\1.82\jcommander-1.82.jar;C:\Users\rilaa\.m2\repository\io\netty\netty-buffer\4.1.73.Final\netty-buffer-4.1.73.Final.jar;C:\Users\rilaa\.m2\repository\io\netty\netty-codec-http\4.1.73.Final\netty-codec-http-4.1.73.Final.jar;C:\Users\rilaa\.m2\repository\io\netty\netty-codec\4.1.73.Final\netty-codec-4.1.73.Final.jar;C:\Users\rilaa\.m2\repository\io\netty\netty-handler\4.1.73.Final\netty-handler-4.1.73.Final.jar;C:\Users\rilaa\.m2\repository\io\netty\netty-tcnative-classes\2.0.46.Final\netty-tcnative-classes-2.0.46.Final.jar;C:\Users\rilaa\.m2\repository\io\netty\netty-common\4.1.73.Final\netty-common-4.1.73.Final.jar;C:\Users\rilaa\.m2\repository\io\netty\netty-transport-classes-epoll\4.1.73.Final\netty-transport-classes-epoll-4.1.73.Final.jar;C:\Users\rilaa\.m2\repository\io\netty\netty-transport-classes-kqueue\4.1.73.Final\netty-transport-classes-kqueue-4.1.73.Final.jar;C:\Users\rilaa\.m2\repository\io\netty\netty-transport-native-epoll\4.1.73.Final\netty-transport-native-epoll-4.1.73.Final.jar;C:\Users\rilaa\.m2\repository\io\netty\netty-transport-native-kqueue\4.1.73.Final\netty-transport-native-kqueue-4.1.73.Final.jar;C:\Users\rilaa\.m2\repository\io\netty\netty-transport-native-unix-common\4.1.73.Final\netty-transport-native-unix-common-4.1.73.Final.jar;C:\Users\rilaa\.m2\repository\io\netty\netty-transport\4.1.73.Final\netty-transport-4.1.73.Final.jar;C:\Users\rilaa\.m2\repository\io\netty\netty-resolver\4.1.73.Final\netty-resolver-4.1.73.Final.jar;C:\Users\rilaa\.m2\repository\io\opentelemetry\opentelemetry-api\1.10.1\opentelemetry-api-1.10.1.jar;C:\Users\rilaa\.m2\repository\io\opentelemetry\opentelemetry-context\1.10.1\opentelemetry-context-1.10.1.jar;C:\Users\rilaa\.m2\repository\io\opentelemetry\opentelemetry-exporter-logging\1.10.1\opentelemetry-exporter-logging-1.10.1.jar;C:\Users\rilaa\.m2\repository\io\opentelemetry\opentelemetry-sdk-metrics\1.10.1-alpha\opentelemetry-sdk-metrics-1.10.1-alpha.jar;C:\Users\rilaa\.m2\repository\io\opentelemetry\opentelemetry-sdk-logs\1.10.1-alpha\opentelemetry-sdk-logs-1.10.1-alpha.jar;C:\Users\rilaa\.m2\repository\io\opentelemetry\opentelemetry-sdk-common\1.10.1\opentelemetry-sdk-common-1.10.1.jar;C:\Users\rilaa\.m2\repository\io\opentelemetry\opentelemetry-sdk-extension-autoconfigure-spi\1.10.1\opentelemetry-sdk-extension-autoconfigure-spi-1.10.1.jar;C:\Users\rilaa\.m2\repository\io\opentelemetry\opentelemetry-sdk-extension-autoconfigure\1.10.1-alpha\opentelemetry-sdk-extension-autoconfigure-1.10.1-alpha.jar;C:\Users\rilaa\.m2\repository\io\opentelemetry\opentelemetry-sdk-trace\1.10.1\opentelemetry-sdk-trace-1.10.1.jar;C:\Users\rilaa\.m2\repository\io\opentelemetry\opentelemetry-sdk\1.10.1\opentelemetry-sdk-1.10.1.jar;C:\Users\rilaa\.m2\repository\io\opentelemetry\opentelemetry-semconv\1.10.1-alpha\opentelemetry-semconv-1.10.1-alpha.jar;C:\Users\rilaa\.m2\repository\io\ous\jtoml\2.0.0\jtoml-2.0.0.jar;C:\Users\rilaa\.m2\repository\org\apache\commons\commons-exec\1.3\commons-exec-1.3.jar;C:\Users\rilaa\.m2\repository\org\asynchttpclient\async-http-client\2.12.3\async-http-client-2.12.3.jar;C:\Users\rilaa\.m2\repository\org\asynchttpclient\async-http-client-netty-utils\2.12.3\async-http-client-netty-utils-2.12.3.jar;C:\Users\rilaa\.m2\repository\io\netty\netty-codec-socks\4.1.60.Final\netty-codec-socks-4.1.60.Final.jar;C:\Users\rilaa\.m2\repository\io\netty\netty-handler-proxy\4.1.60.Final\netty-handler-proxy-4.1.60.Final.jar;C:\Users\rilaa\.m2\repository\io\netty\netty-transport-native-epoll\4.1.60.Final\netty-transport-native-epoll-4.1.60.Final-linux-x86_64.jar;C:\Users\rilaa\.m2\repository\io\netty\netty-transport-native-kqueue\4.1.60.Final\netty-transport-native-kqueue-4.1.60.Final-osx-x86_64.jar;C:\Users\rilaa\.m2\repository\org\reactivestreams\reactive-streams\1.0.3\reactive-streams-1.0.3.jar;C:\Users\rilaa\.m2\repository\com\typesafe\netty\netty-reactive-streams\2.0.4\netty-reactive-streams-2.0.4.jar;C:\Users\rilaa\.m2\repository\org\seleniumhq\selenium\selenium-http\4.1.2\selenium-http-4.1.2.jar;C:\Users\rilaa\.m2\repository\net\jodah\failsafe\2.4.4\failsafe-2.4.4.jar;C:\Users\rilaa\.m2\repository\org\seleniumhq\selenium\selenium-safari-driver\4.1.2\selenium-safari-driver-4.1.2.jar;C:\Users\rilaa\.m2\repository\org\seleniumhq\selenium\selenium-api\4.1.2\selenium-api-4.1.2.jar;C:\Users\rilaa\.m2\repository\org\seleniumhq\selenium\selenium-support\4.1.2\selenium-support-4.1.2.jar;C:\Users\rilaa\.m2\repository\com\google\auto\service\auto-service-annotations\1.0.1\auto-service-annotations-1.0.1.jar;C:\Users\rilaa\.m2\repository\com\google\auto\service\auto-service\1.0.1\auto-service-1.0.1.jar;C:\Users\rilaa\.m2\repository\com\google\auto\auto-common\1.2\auto-common-1.2.jar;C:\Users\rilaa\.m2\repository\org\seleniumhq\selenium\selenium-json\4.1.2\selenium-json-4.1.2.jar;C:\Users\rilaa\.m2\repository\org\seleniumhq\selenium\selenium-chrome-driver\4.1.2\selenium-chrome-driver-4.1.2.jar;C:\Users\rilaa\.m2\repository\org\seleniumhq\selenium\selenium-chromium-driver\4.1.2\selenium-chromium-driver-4.1.2.jar;C:\Users\rilaa\.m2\repository\org\seleniumhq\selenium\selenium-firefox-driver\4.1.2\selenium-firefox-driver-4.1.2.jar;C:\Users\rilaa\.m2\repository\org\seleniumhq\selenium\selenium-edge-driver\4.1.2\selenium-edge-driver-4.1.2.jar;C:\Users\rilaa\.m2\repository\org\seleniumhq\selenium\selenium-ie-driver\4.1.2\selenium-ie-driver-4.1.2.jar;C:\Users\rilaa\.m2\repository\org\projectlombok\lombok\1.18.20\lombok-1.18.20.jar;C:\Users\rilaa\.m2\repository\io\appium\java-client\8.0.0\java-client-8.0.0.jar;C:\Users\rilaa\.m2\repository\commons-validator\commons-validator\1.7\commons-validator-1.7.jar;C:\Users\rilaa\.m2\repository\commons-digester\commons-digester\2.1\commons-digester-2.1.jar;C:\Users\rilaa\.m2\repository\org\aspectj\aspectjweaver\1.9.8\aspectjweaver-1.9.8.jar;C:\Users\rilaa\.m2\repository\org\codehaus\groovy\groovy\3.0.10\groovy-3.0.10.jar;C:\Users\rilaa\.m2\repository\net\sf\opencsv\opencsv\2.0\opencsv-2.0.jar;C:\Users\rilaa\.m2\repository\commons-beanutils\commons-beanutils\1.9.4\commons-beanutils-1.9.4.jar;C:\Users\rilaa\.m2\repository\org\apache\commons\commons-lang3\3.12.0\commons-lang3-3.12.0.jar;C:\Users\rilaa\.m2\repository\commons-collections\commons-collections\3.2.2\commons-collections-3.2.2.jar;C:\Users\rilaa\.m2\repository\org\fluentlenium\fluentlenium-core\0.10.2\fluentlenium-core-0.10.2.jar;C:\Users\rilaa\.m2\repository\io\github\bonigarcia\webdrivermanager\5.1.0\webdrivermanager-5.1.0.jar;C:\Users\rilaa\.m2\repository\com\github\docker-java\docker-java\3.2.13\docker-java-3.2.13.jar;C:\Users\rilaa\.m2\repository\com\github\docker-java\docker-java-core\3.2.13\docker-java-core-3.2.13.jar;C:\Users\rilaa\.m2\repository\com\github\docker-java\docker-java-api\3.2.13\docker-java-api-3.2.13.jar;C:\Users\rilaa\.m2\repository\org\apache\commons\commons-compress\1.21\commons-compress-1.21.jar;C:\Users\rilaa\.m2\repository\org\bouncycastle\bcpkix-jdk15on\1.64\bcpkix-jdk15on-1.64.jar;C:\Users\rilaa\.m2\repository\org\bouncycastle\bcprov-jdk15on\1.64\bcprov-jdk15on-1.64.jar;C:\Users\rilaa\.m2\repository\org\slf4j\jcl-over-slf4j\1.7.30\jcl-over-slf4j-1.7.30.jar;C:\Users\rilaa\.m2\repository\com\github\docker-java\docker-java-transport-httpclient5\3.2.13\docker-java-transport-httpclient5-3.2.13.jar;C:\Users\rilaa\.m2\repository\com\github\docker-java\docker-java-transport\3.2.13\docker-java-transport-3.2.13.jar;C:\Users\rilaa\.m2\repository\org\apache\httpcomponents\client5\httpclient5\5.0.3\httpclient5-5.0.3.jar;C:\Users\rilaa\.m2\repository\org\apache\httpcomponents\core5\httpcore5\5.0.2\httpcore5-5.0.2.jar;C:\Users\rilaa\.m2\repository\net\java\dev\jna\jna\5.8.0\jna-5.8.0.jar;C:\Users\rilaa\.m2\repository\org\brotli\dec\0.1.2\dec-0.1.2.jar;C:\Users\rilaa\.m2\repository\com\jhlabs\filters\2.0.235\filters-2.0.235.jar;C:\Users\rilaa\.m2\repository\com\paulhammant\ngwebdriver\1.1.6\ngwebdriver-1.1.6.jar;C:\Users\rilaa\.m2\repository\joda-time\joda-time\2.8.2\joda-time-2.8.2.jar;C:\Users\rilaa\.m2\repository\org\hamcrest\hamcrest\2.2\hamcrest-2.2.jar;C:\Users\rilaa\.m2\repository\com\google\jimfs\jimfs\1.2\jimfs-1.2.jar;C:\Users\rilaa\.m2\repository\org\mockito\mockito-core\3.3.3\mockito-core-3.3.3.jar;C:\Users\rilaa\.m2\repository\javax\xml\bind\jaxb-api\2.3.1\jaxb-api-2.3.1.jar;C:\Users\rilaa\.m2\repository\javax\activation\javax.activation-api\1.2.0\javax.activation-api-1.2.0.jar;C:\Users\rilaa\.m2\repository\com\sun\xml\bind\jaxb-core\2.3.0.1\jaxb-core-2.3.0.1.jar;C:\Users\rilaa\.m2\repository\com\sun\xml\bind\jaxb-impl\2.3.3\jaxb-impl-2.3.3.jar;C:\Users\rilaa\.m2\repository\jakarta\xml\bind\jakarta.xml.bind-api\2.3.3\jakarta.xml.bind-api-2.3.3.jar;C:\Users\rilaa\.m2\repository\com\sun\activation\jakarta.activation\1.2.2\jakarta.activation-1.2.2.jar;C:\Users\rilaa\.m2\repository\javax\activation\activation\1.1.1\activation-1.1.1.jar;C:\Users\rilaa\.m2\repository\net\serenity-bdd\serenity-cucumber\3.2.1\serenity-cucumber-3.2.1.jar;C:\Users\rilaa\.m2\repository\io\cucumber\cucumber-core\7.2.3\cucumber-core-7.2.3.jar;C:\Users\rilaa\.m2\repository\io\cucumber\cucumber-gherkin\7.2.3\cucumber-gherkin-7.2.3.jar;C:\Users\rilaa\.m2\repository\io\cucumber\cucumber-gherkin-messages\7.2.3\cucumber-gherkin-messages-7.2.3.jar;C:\Users\rilaa\.m2\repository\io\cucumber\messages\17.1.1\messages-17.1.1.jar;C:\Users\rilaa\.m2\repository\io\cucumber\tag-expressions\4.1.0\tag-expressions-4.1.0.jar;C:\Users\rilaa\.m2\repository\io\cucumber\cucumber-expressions\15.0.1\cucumber-expressions-15.0.1.jar;C:\Users\rilaa\.m2\repository\io\cucumber\datatable\7.2.3\datatable-7.2.3.jar;C:\Users\rilaa\.m2\repository\io\cucumber\cucumber-plugin\7.2.3\cucumber-plugin-7.2.3.jar;C:\Users\rilaa\.m2\repository\io\cucumber\docstring\7.2.3\docstring-7.2.3.jar;C:\Users\rilaa\.m2\repository\io\cucumber\html-formatter\17.0.0\html-formatter-17.0.0.jar;C:\Users\rilaa\.m2\repository\io\cucumber\ci-environment\8.1.0\ci-environment-8.1.0.jar;C:\Users\rilaa\.m2\repository\io\cucumber\cucumber-junit\7.2.3\cucumber-junit-7.2.3.jar;C:\Users\rilaa\.m2\repository\org\apache\commons\commons-csv\1.5\commons-csv-1.5.jar;C:\Users\rilaa\.m2\repository\net\serenity-bdd\serenity-screenplay\3.2.1\serenity-screenplay-3.2.1.jar;C:\Users\rilaa\.m2\repository\net\serenity-bdd\serenity-screenplay-webdriver\3.2.1\serenity-screenplay-webdriver-3.2.1.jar;C:\Users\rilaa\.m2\repository\net\serenity-bdd\serenity-ensure\3.2.1\serenity-ensure-3.2.1.jar;C:\Users\rilaa\.m2\repository\net\serenity-bdd\serenity-junit\3.2.1\serenity-junit-3.2.1.jar;C:\Users\rilaa\.m2\repository\org\jetbrains\kotlin\kotlin-stdlib\1.6.0\kotlin-stdlib-1.6.0.jar;C:\Users\rilaa\.m2\repository\org\jetbrains\annotations\13.0\annotations-13.0.jar;C:\Users\rilaa\.m2\repository\org\jetbrains\kotlin\kotlin-stdlib-common\1.6.0\kotlin-stdlib-common-1.6.0.jar;C:\Users\rilaa\.m2\repository\org\junit\platform\junit-platform-launcher\1.8.1\junit-platform-launcher-1.8.1.jar;C:\Users\rilaa\.m2\repository\org\junit\platform\junit-platform-engine\1.8.1\junit-platform-engine-1.8.1.jar;C:\Users\rilaa\.m2\repository\org\opentest4j\opentest4j\1.2.0\opentest4j-1.2.0.jar;C:\Users\rilaa\.m2\repository\org\junit\platform\junit-platform-commons\1.8.1\junit-platform-commons-1.8.1.jar;C:\Users\rilaa\.m2\repository\org\apiguardian\apiguardian-api\1.1.2\apiguardian-api-1.1.2.jar;C:\Users\rilaa\.m2\repository\org\junit\jupiter\junit-jupiter-engine\5.8.2\junit-jupiter-engine-5.8.2.jar;C:\Users\rilaa\.m2\repository\org\junit\jupiter\junit-jupiter-api\5.8.2\junit-jupiter-api-5.8.2.jar;C:\Users\rilaa\.m2\repository\org\junit\vintage\junit-vintage-engine\5.8.2\junit-vintage-engine-5.8.2.jar;C:\Users\rilaa\.m2\repository\junit\junit\4.13.2\junit-4.13.2.jar;C:\Users\rilaa\.m2\repository\org\hamcrest\hamcrest-core\1.3\hamcrest-core-1.3.jar;C:\Users\rilaa\.m2\repository\ch\qos\logback\logback-classic\1.2.10\logback-classic-1.2.10.jar;C:\Users\rilaa\.m2\repository\ch\qos\logback\logback-core\1.2.10\logback-core-1.2.10.jar;C:\Users\rilaa\.m2\repository\org\slf4j\slf4j-api\1.7.32\slf4j-api-1.7.32.jar;C:\Users\rilaa\.m2\repository\org\assertj\assertj-core\3.6.2\assertj-core-3.6.2.jar;C:\Users\rilaa\.m2\repository\org\apache\maven\surefire\surefire-junit-platform\3.0.0-M5\surefire-junit-platform-3.0.0-M5.jar;C:\Users\rilaa\.m2\repository\org\apache\maven\surefire\common-java5\3.0.0-M5\common-java5-3.0.0-M5.jar"/>
    <property name="user.script" value=""/>
    <property name="java.protocol.handler.pkgs" value="com.google.common"/>
    <property name="sun.management.compiler" value="HotSpot 64-Bit Tiered Compilers"/>
    <property name="java.runtime.version" value="11.0.16+11-LTS-199"/>
    <property name="user.name" value="rilaa"/>
    <property name="path.separator" value=";"/>
    <property name="os.version" value="10.0"/>
    <property name="java.runtime.name" value="Java(TM) SE Runtime Environment"/>
    <property name="file.encoding" value="Cp1252"/>
    <property name="webdriver.base.url" value=""/>
    <property name="java.vm.name" value="Java HotSpot(TM) 64-Bit Server VM"/>
    <property name="java.vendor.version" value="18.9"/>
    <property name="localRepository" value="C:\Users\rilaa\.m2\repository"/>
    <property name="java.vendor.url.bug" value="https://bugreport.java.com/bugreport/"/>
    <property name="java.io.tmpdir" value="C:\Users\rilaa\AppData\Local\Temp\"/>
    <property name="java.version" value="11.0.16"/>
    <property name="user.dir" value="D:\Ra\file kuliah\semester 7\resume alta\Mini Project\Web\AltaShop"/>
    <property name="os.arch" value="amd64"/>
    <property name="java.vm.specification.name" value="Java Virtual Machine Specification"/>
    <property name="java.awt.printerjob" value="sun.awt.windows.WPrinterJob"/>
    <property name="sun.os.patch.level" value=""/>
    <property name="java.library.path" value="C:\Program Files\Java\jdk-11.0.16\bin;C:\Windows\Sun\Java\bin;C:\Windows\system32;C:\Windows;C:\Program Files\Java\jdk-11.0.16\bin;C:\Program Files\Common Files\Oracle\Java\javapath;C:\Windows\system32;C:\Windows;C:\Windows\System32\Wbem;C:\Windows\System32\WindowsPowerShell\v1.0\;C:\Windows\System32\OpenSSH\;C:\Program Files\MATLAB\MATLAB Production Server\R2015a\runtime\win64;C:\Program Files\MATLAB\MATLAB Production Server\R2015a\bin;C:\Program Files\MATLAB\MATLAB Production Server\R2015a\polyspace\bin;C:\Program Files\Git\cmd;C:\Program Files\apache-maven-3.8.6\bin;C:\Program Files\Java\jdk-18.0.2.1;C:\Users\rilaa\AppData\Local\Android\Sdk\platform-tools;C:\Program Files\nodejs\;C:\Users\rilaa\AppData\Local\Programs\Python\Python39\Scripts\;C:\Users\rilaa\AppData\Local\Programs\Python\Python39\;C:\Users\rilaa\AppData\Local\Microsoft\WindowsApps;;C:\Program Files\JetBrains\IntelliJ IDEA Community Edition 2022.2.1\bin;;C:\Users\rilaa\AppData\Local\Programs\Microsoft VS Code\bin;C:\Users\rilaa\AppData\Roaming\npm;."/>
    <property name="java.vendor" value="Oracle Corporation"/>
    <property name="java.vm.info" value="mixed mode"/>
    <property name="java.vm.version" value="11.0.16+11-LTS-199"/>
    <property name="sun.io.unicode.encoding" value="UnicodeLittle"/>
    <property name="java.class.version" value="55.0"/>
  </properties>
  <testcase name="I want add one product to trolley" classname="Home" time="12.351">
    <system-out><![CDATA[18:16:44.885 [main] INFO io.cucumber.core.plugin.SerenityReporter - Running feature from file:///D:/Ra/file%20kuliah/semester%207/resume%20alta/Mini%20Project/Web/AltaShop/src/test/resources/features/home.feature
18:16:45.011 [main] INFO  - 

-------------------------------------------------------------------------------------
     _______. _______ .______       _______ .__   __.  __  .___________.____    ____ 
    /       ||   ____||   _  \     |   ____||  \ |  | |  | |           |\   \  /   / 
   |   (----`|  |__   |  |_)  |    |  |__   |   \|  | |  | `---|  |----` \   \/   /  
    \   \    |   __|  |      /     |   __|  |  . `  | |  |     |  |       \_    _/   
.----)   |   |  |____ |  |\  \----.|  |____ |  |\   | |  |     |  |         |  |     
|_______/    |_______|| _| `._____||_______||__| \__| |__|     |__|         |__|    
                                                                                     
 News and tutorials at http://www.serenity-bdd.info                                  
 Documentation at https://wakaleo.gitbooks.io/the-serenity-book/content/             
 Join the Serenity Community on Gitter: https://gitter.im/serenity-bdd/serenity-core 
 Serenity BDD Support and Training at http://serenity-bdd.info/#/trainingandsupport  
-------------------------------------------------------------------------------------

18:16:45.014 [main] DEBUG net.thucydides.core.steps.StepEventBus - Test suite started for story net.thucydides.core.model.Story@a79fd7e8
18:16:45.018 [main] INFO  - Test Suite Started: Home
18:16:45.030 [main] INFO io.cucumber.core.plugin.SerenityReporter - Running feature from file:///D:/Ra/file%20kuliah/semester%207/resume%20alta/Mini%20Project/Web/AltaShop/src/test/resources/features/login.feature
18:16:45.035 [main] DEBUG net.thucydides.core.steps.StepEventBus - Test suite started for story net.thucydides.core.model.Story@f388ff28
18:16:45.036 [main] INFO  - Test Suite Started: Login
18:16:45.036 [main] INFO io.cucumber.core.plugin.SerenityReporter - Running feature from file:///D:/Ra/file%20kuliah/semester%207/resume%20alta/Mini%20Project/Web/AltaShop/src/test/resources/features/logout.feature
18:16:45.039 [main] DEBUG net.thucydides.core.steps.StepEventBus - Test suite started for story net.thucydides.core.model.Story@b51a1248
18:16:45.040 [main] INFO  - Test Suite Started: Logout
18:16:45.040 [main] INFO io.cucumber.core.plugin.SerenityReporter - Running feature from file:///D:/Ra/file%20kuliah/semester%207/resume%20alta/Mini%20Project/Web/AltaShop/src/test/resources/features/order.feature
18:16:45.046 [main] DEBUG net.thucydides.core.steps.StepEventBus - Test suite started for story net.thucydides.core.model.Story@9cac46c8
18:16:45.046 [main] INFO  - Test Suite Started: Order
18:16:45.046 [main] INFO io.cucumber.core.plugin.SerenityReporter - Running feature from file:///D:/Ra/file%20kuliah/semester%207/resume%20alta/Mini%20Project/Web/AltaShop/src/test/resources/features/register.feature
18:16:45.052 [main] DEBUG net.thucydides.core.steps.StepEventBus - Test suite started for story net.thucydides.core.model.Story@63230c68
18:16:45.053 [main] INFO  - Test Suite Started: Register
18:16:45.053 [main] INFO io.cucumber.core.plugin.SerenityReporter - Running feature from file:///D:/Ra/file%20kuliah/semester%207/resume%20alta/Mini%20Project/Web/AltaShop/src/test/resources/features/home.feature
18:16:45.055 [main] DEBUG net.thucydides.core.steps.StepEventBus - Test suite started for story net.thucydides.core.model.Story@a79fd7e8
18:16:45.056 [main] INFO  - Test Suite Started: Home

@Home
Scenario: I want add one product to trolley &amp#27;[90m# src/test/resources/features/home.feature:7&amp#27;[0m
18:16:45.162 [main] INFO io.cucumber.core.plugin.SerenityReporter - Running feature from file:///D:/Ra/file%20kuliah/semester%207/resume%20alta/Mini%20Project/Web/AltaShop/src/test/resources/features/home.feature
18:16:45.249 [main] INFO  - 
  _____   ___   ___   _____     ___   _____     _     ___   _____   ___   ___  
 |_   _| | __| / __| |_   _|   / __| |_   _|   /_\   | _ \ |_   _| | __| |   \ 
   | |   | _|  \__ \   | |     \__ \   | |    / _ \  |   /   | |   | _|  | |) |
   |_|   |___| |___/   |_|     |___/   |_|   /_/ \_\ |_|_\   |_|   |___| |___/ 

I want add one product to trolley(home;i-want-add-one-product-to-trolley)
--------------------------------------------------------------------------------
18:16:45.856 [main] INFO net.serenitybdd.core.webdriver.driverproviders.ChromeDriverProvider - Using automatically driver download
18:16:46.420 [main] DEBUG io.github.bonigarcia.wdm.cache.ResolutionCache - Resolution chrome=107 in cache (valid until 18:54:29 04/11/2022 ICT)
18:16:46.427 [main] DEBUG io.github.bonigarcia.wdm.cache.ResolutionCache - Resolution chrome107=107.0.5304.62 in cache (valid until 17:54:29 05/11/2022 ICT)
18:16:46.429 [main] INFO io.github.bonigarcia.wdm.WebDriverManager - Using chromedriver 107.0.5304.62 (resolved driver for Chrome 107)
18:16:46.446 [main] DEBUG io.github.bonigarcia.wdm.WebDriverManager - Driver chromedriver 107.0.5304.62 found in cache
18:16:46.447 [main] INFO io.github.bonigarcia.wdm.WebDriverManager - Exporting webdriver.chrome.driver as C:\Users\rilaa\.cache\selenium\chromedriver\win32\107.0.5304.62\chromedriver.exe
18:16:46.987 [main] DEBUG net.thucydides.core.reflection.ClassFinder - Could not load class .starter.CucumberTestSuite
18:16:46.987 [main] DEBUG net.thucydides.core.reflection.ClassFinder - Could not load class .starter.pages.HomePage
18:16:46.987 [main] DEBUG net.thucydides.core.reflection.ClassFinder - Could not load class .starter.pages.LoginPage
18:16:46.988 [main] DEBUG net.thucydides.core.reflection.ClassFinder - Could not load class .starter.pages.LogoutPage
18:16:46.988 [main] DEBUG net.thucydides.core.reflection.ClassFinder - Could not load class .starter.pages.OrderPage
18:16:46.988 [main] DEBUG net.thucydides.core.reflection.ClassFinder - Could not load class .starter.pages.RegisterPage
18:16:46.988 [main] DEBUG net.thucydides.core.reflection.ClassFinder - Could not load class .starter.stepdefinitions.HomeStep
18:16:46.988 [main] DEBUG net.thucydides.core.reflection.ClassFinder - Could not load class .starter.stepdefinitions.LoginStepDefinition
18:16:46.988 [main] DEBUG net.thucydides.core.reflection.ClassFinder - Could not load class .starter.stepdefinitions.LogoutStep
18:16:46.988 [main] DEBUG net.thucydides.core.reflection.ClassFinder - Could not load class .starter.stepdefinitions.OrderStep
18:16:46.988 [main] DEBUG net.thucydides.core.reflection.ClassFinder - Could not load class .starter.stepdefinitions.RegisterStep
18:16:46.989 [main] DEBUG net.thucydides.core.reflection.ClassFinder - Could not load class META-INF.versions.9.com.sun.istack.logging.StackHelper
18:16:46.989 [main] DEBUG net.thucydides.core.reflection.ClassFinder - Could not load class META-INF.versions.9.com.sun.xml.bind.v2.runtime.reflect.opt.AccessorInjector
18:16:46.989 [main] DEBUG net.thucydides.core.reflection.ClassFinder - Could not load class META-INF.versions.9.com.sun.xml.bind.v2.runtime.reflect.opt.Injector
18:16:46.989 [main] DEBUG net.thucydides.core.reflection.ClassFinder - Could not load class META-INF.versions.9.com.sun.xml.bind.v2.runtime.reflect.opt.OptimizedAccessorFactory
18:16:46.990 [main] DEBUG net.thucydides.core.reflection.ClassFinder - Could not load class META-INF.versions.9.com.sun.xml.bind.v2.runtime.reflect.opt.OptimizedTransducedAccessorFactory
18:16:46.990 [main] DEBUG net.thucydides.core.reflection.ClassFinder - Could not load class META-INF.versions.9.io.opentelemetry.sdk.internal.CurrentJavaVersionSpecific
18:16:46.990 [main] DEBUG net.thucydides.core.reflection.ClassFinder - Could not load class META-INF.versions.9.io.opentelemetry.sdk.internal.Java9VersionSpecific
18:16:46.990 [main] DEBUG net.thucydides.core.reflection.ClassFinder - Could not load class META-INF.versions.9.javax.xml.bind.ModuleUtil
18:16:46.991 [main] DEBUG net.thucydides.core.reflection.ClassFinder - Could not load class META-INF.versions.9.module-info
18:16:46.991 [main] DEBUG net.thucydides.core.reflection.ClassFinder - Could not load class META-INF.versions.9.org.junit.platform.commons.util.ModuleUtils
18:16:47.223 [main] DEBUG net.thucydides.core.reflection.ClassFinder - Could not load class com.google.gson.internal.
18:16:47.380 [main] DEBUG net.thucydides.core.reflection.ClassFinder - Could not load class com.sun.xml.bind.v2.runtime.output.FastInfosetStreamWriterOutput
18:16:47.759 [main] DEBUG net.thucydides.core.reflection.ClassFinder - Could not load class module-info
18:16:49.854 [main] DEBUG io.netty.util.internal.logging.InternalLoggerFactory - Using SLF4J as the default logging framework
18:16:49.856 [main] DEBUG io.netty.util.ResourceLeakDetector - -Dio.netty.leakDetection.level: simple
18:16:49.856 [main] DEBUG io.netty.util.ResourceLeakDetector - -Dio.netty.leakDetection.targetRecords: 4
18:16:49.859 [main] DEBUG io.netty.util.ResourceLeakDetectorFactory - Loaded default ResourceLeakDetector: io.netty.util.ResourceLeakDetector@6048e171
18:16:49.870 [main] DEBUG io.netty.util.internal.PlatformDependent0 - -Dio.netty.noUnsafe: false
18:16:49.870 [main] DEBUG io.netty.util.internal.PlatformDependent0 - Java version: 11
18:16:49.871 [main] DEBUG io.netty.util.internal.PlatformDependent0 - sun.misc.Unsafe.theUnsafe: available
18:16:49.872 [main] DEBUG io.netty.util.internal.PlatformDependent0 - sun.misc.Unsafe.copyMemory: available
18:16:49.872 [main] DEBUG io.netty.util.internal.PlatformDependent0 - java.nio.Buffer.address: available
18:16:49.873 [main] DEBUG io.netty.util.internal.PlatformDependent0 - direct buffer constructor: unavailable: Reflective setAccessible(true) disabled
18:16:49.873 [main] DEBUG io.netty.util.internal.PlatformDependent0 - java.nio.Bits.unaligned: available, true
18:16:49.874 [main] DEBUG io.netty.util.internal.PlatformDependent0 - jdk.internal.misc.Unsafe.allocateUninitializedArray(int): unavailable: class io.netty.util.internal.PlatformDependent0$6 cannot access class jdk.internal.misc.Unsafe (in module java.base) because module java.base does not export jdk.internal.misc to unnamed module @51650883
18:16:49.875 [main] DEBUG io.netty.util.internal.PlatformDependent0 - java.nio.DirectByteBuffer.<init>(long, int): unavailable
18:16:49.875 [main] DEBUG io.netty.util.internal.PlatformDependent - sun.misc.Unsafe: available
18:16:49.877 [main] DEBUG io.netty.util.internal.PlatformDependent - maxDirectMemory: 2090860544 bytes (maybe)
18:16:49.877 [main] DEBUG io.netty.util.internal.PlatformDependent - -Dio.netty.tmpdir: C:\Users\rilaa\AppData\Local\Temp (java.io.tmpdir)
18:16:49.877 [main] DEBUG io.netty.util.internal.PlatformDependent - -Dio.netty.bitMode: 64 (sun.arch.data.model)
18:16:49.877 [main] DEBUG io.netty.util.internal.PlatformDependent - Platform: Windows
18:16:49.878 [main] DEBUG io.netty.util.internal.PlatformDependent - -Dio.netty.maxDirectMemory: -1 bytes
18:16:49.878 [main] DEBUG io.netty.util.internal.PlatformDependent - -Dio.netty.uninitializedArrayAllocationThreshold: -1
18:16:49.879 [main] DEBUG io.netty.util.internal.CleanerJava9 - java.nio.ByteBuffer.cleaner(): available
18:16:49.879 [main] DEBUG io.netty.util.internal.PlatformDependent - -Dio.netty.noPreferDirect: false
18:16:49.884 [main] DEBUG io.netty.util.internal.PlatformDependent - org.jctools-core.MpscChunkedArrayQueue: available
18:16:49.896 [main] DEBUG io.netty.util.internal.InternalThreadLocalMap - -Dio.netty.threadLocalMap.stringBuilder.initialSize: 1024
18:16:49.896 [main] DEBUG io.netty.util.internal.InternalThreadLocalMap - -Dio.netty.threadLocalMap.stringBuilder.maxSize: 4096
18:16:49.918 [main] DEBUG io.netty.handler.ssl.JdkSslContext - Default protocols (JDK): [TLSv1.3, TLSv1.2] 
18:16:49.918 [main] DEBUG io.netty.handler.ssl.JdkSslContext - Default cipher suites (JDK): [TLS_ECDHE_ECDSA_WITH_AES_256_GCM_SHA384, TLS_ECDHE_ECDSA_WITH_AES_128_GCM_SHA256, TLS_ECDHE_RSA_WITH_AES_128_GCM_SHA256, TLS_ECDHE_RSA_WITH_AES_256_GCM_SHA384, TLS_ECDHE_RSA_WITH_AES_128_CBC_SHA, TLS_ECDHE_RSA_WITH_AES_256_CBC_SHA, TLS_RSA_WITH_AES_128_GCM_SHA256, TLS_RSA_WITH_AES_128_CBC_SHA, TLS_RSA_WITH_AES_256_CBC_SHA, TLS_AES_128_GCM_SHA256, TLS_AES_256_GCM_SHA384]
18:16:49.935 [main] DEBUG io.netty.channel.MultithreadEventLoopGroup - -Dio.netty.eventLoopThreads: 8
18:16:49.940 [main] DEBUG io.netty.channel.nio.NioEventLoop - -Dio.netty.noKeySetOptimization: false
18:16:49.941 [main] DEBUG io.netty.channel.nio.NioEventLoop - -Dio.netty.selectorAutoRebuildThreshold: 512
18:16:49.967 [main] DEBUG io.netty.buffer.PooledByteBufAllocator - -Dio.netty.allocator.numHeapArenas: 8
18:16:49.968 [main] DEBUG io.netty.buffer.PooledByteBufAllocator - -Dio.netty.allocator.numDirectArenas: 8
18:16:49.968 [main] DEBUG io.netty.buffer.PooledByteBufAllocator - -Dio.netty.allocator.pageSize: 8192
18:16:49.968 [main] DEBUG io.netty.buffer.PooledByteBufAllocator - -Dio.netty.allocator.maxOrder: 11
18:16:49.968 [main] DEBUG io.netty.buffer.PooledByteBufAllocator - -Dio.netty.allocator.chunkSize: 16777216
18:16:49.968 [main] DEBUG io.netty.buffer.PooledByteBufAllocator - -Dio.netty.allocator.smallCacheSize: 256
18:16:49.968 [main] DEBUG io.netty.buffer.PooledByteBufAllocator - -Dio.netty.allocator.normalCacheSize: 64
18:16:49.968 [main] DEBUG io.netty.buffer.PooledByteBufAllocator - -Dio.netty.allocator.maxCachedBufferCapacity: 32768
18:16:49.968 [main] DEBUG io.netty.buffer.PooledByteBufAllocator - -Dio.netty.allocator.cacheTrimInterval: 8192
18:16:49.968 [main] DEBUG io.netty.buffer.PooledByteBufAllocator - -Dio.netty.allocator.cacheTrimIntervalMillis: 0
18:16:49.968 [main] DEBUG io.netty.buffer.PooledByteBufAllocator - -Dio.netty.allocator.useCacheForAllThreads: true
18:16:49.968 [main] DEBUG io.netty.buffer.PooledByteBufAllocator - -Dio.netty.allocator.maxCachedByteBuffersPerChunk: 1023
18:16:49.975 [main] DEBUG io.netty.buffer.ByteBufUtil - -Dio.netty.allocator.type: pooled
18:16:49.975 [main] DEBUG io.netty.buffer.ByteBufUtil - -Dio.netty.threadLocalDirectBufferSize: 0
18:16:49.975 [main] DEBUG io.netty.buffer.ByteBufUtil - -Dio.netty.maxThreadLocalCharBufferSize: 16384
18:16:50.132 [main] DEBUG net.serenitybdd.core.webdriver.driverproviders.ProvideNewDriver - Instantiating driver
18:16:50.133 [main] DEBUG net.serenitybdd.core.webdriver.driverproviders.ProvideNewDriver - Driver capabilities: Capabilities {acceptInsecureCerts: false, base.url: https://alta-shop.vercel.app, browserName: chrome, chrome.driver: src/test/resources/webdrive..., driver: chrome, goog:chromeOptions: {args: [], extensions: []}}
18:16:50.331 [Forwarding newSession on session null to remote] DEBUG io.netty.channel.DefaultChannelId - -Dio.netty.processId: 17180 (auto-detected)
18:16:50.333 [Forwarding newSession on session null to remote] DEBUG io.netty.util.NetUtil - -Djava.net.preferIPv4Stack: false
18:16:50.333 [Forwarding newSession on session null to remote] DEBUG io.netty.util.NetUtil - -Djava.net.preferIPv6Addresses: false
18:16:50.450 [Forwarding newSession on session null to remote] DEBUG io.netty.util.NetUtilInitializations - Loopback interface: lo (Software Loopback Interface 1, 127.0.0.1)
18:16:50.451 [Forwarding newSession on session null to remote] DEBUG io.netty.util.NetUtil - Failed to get SOMAXCONN from sysctl and file \proc\sys\net\core\somaxconn. Default: 200
18:16:50.561 [Forwarding newSession on session null to remote] DEBUG io.netty.channel.DefaultChannelId - -Dio.netty.machineId: 74:4c:a1:ff:fe:7c:2c:b9 (auto-detected)
18:16:50.600 [AsyncHttpClient-1-2] DEBUG io.netty.buffer.AbstractByteBuf - -Dio.netty.buffer.checkAccessible: true
18:16:50.600 [AsyncHttpClient-1-2] DEBUG io.netty.buffer.AbstractByteBuf - -Dio.netty.buffer.checkBounds: true
18:16:50.600 [AsyncHttpClient-1-2] DEBUG io.netty.util.ResourceLeakDetectorFactory - Loaded default ResourceLeakDetector: io.netty.util.ResourceLeakDetector@41da0d34
18:16:50.612 [AsyncHttpClient-1-2] DEBUG org.asynchttpclient.netty.channel.NettyConnectListener - Using new Channel '[id: 0x44b82717, L:/127.0.0.1:65384 - R:localhost/127.0.0.1:49312]' for 'POST' to '/session'
18:16:50.625 [AsyncHttpClient-1-2] DEBUG io.netty.util.Recycler - -Dio.netty.recycler.maxCapacityPerThread: 4096
18:16:50.625 [AsyncHttpClient-1-2] DEBUG io.netty.util.Recycler - -Dio.netty.recycler.ratio: 8
18:16:50.625 [AsyncHttpClient-1-2] DEBUG io.netty.util.Recycler - -Dio.netty.recycler.chunkSize: 32
18:16:50.625 [AsyncHttpClient-1-2] DEBUG io.netty.util.Recycler - -Dio.netty.recycler.blocking: false
18:16:51.244 [AsyncHttpClient-1-2] DEBUG io.netty.handler.codec.compression.Brotli - brotli4j not in the classpath; Brotli support will be unavailable.
18:16:51.244 [AsyncHttpClient-1-2] DEBUG org.asynchttpclient.netty.handler.HttpHandler - 

Request DefaultHttpRequest(decodeResult: success, version: HTTP/1.1)
POST /session HTTP/1.1
User-Agent: selenium/4.1.2 (java windows)
Content-Length: 609
Content-Type: application/json; charset=utf-8
host: localhost:49312
accept: */*

Response DefaultHttpResponse(decodeResult: success, version: HTTP/1.1)
HTTP/1.1 200 OK
Content-Type: application/json; charset=utf-8
cache-control: no-cache
content-length: 789

18:16:51.252 [AsyncHttpClient-1-2] DEBUG org.asynchttpclient.netty.channel.ChannelManager - Adding key: http://localhost:49312 for channel [id: 0x44b82717, L:/127.0.0.1:65384 - R:localhost/127.0.0.1:49312]
18:16:51.365 [AsyncHttpClient-1-3] DEBUG org.asynchttpclient.netty.channel.NettyConnectListener - Using new Channel '[id: 0x7b479f2b, L:/127.0.0.1:65391 - R:localhost/127.0.0.1:65385]' for 'GET' to '/json/version'
18:16:51.372 [AsyncHttpClient-1-3] DEBUG org.asynchttpclient.netty.handler.HttpHandler - 

Request DefaultFullHttpRequest(decodeResult: success, version: HTTP/1.1, content: EmptyByteBufBE)
GET /json/version HTTP/1.1
User-Agent: selenium/4.1.2 (java windows)
host: localhost:65385
accept: */*

Response DefaultHttpResponse(decodeResult: success, version: HTTP/1.1)
HTTP/1.1 200 OK
Content-Type: application/json; charset=UTF-8
content-length: 423

18:16:51.372 [AsyncHttpClient-1-3] DEBUG org.asynchttpclient.netty.channel.ChannelManager - Adding key: http://localhost:65385 for channel [id: 0x7b479f2b, L:/127.0.0.1:65391 - R:localhost/127.0.0.1:65385]
18:16:51.379 [main] DEBUG io.netty.util.internal.ThreadLocalRandom - -Dio.netty.initialSeedUniquifier: 0x2f1509fbe267072f
18:16:51.423 [AsyncHttpClient-1-4] DEBUG org.asynchttpclient.netty.channel.NettyConnectListener - Using new Channel '[id: 0x1640ea35, L:/127.0.0.1:65392 - R:localhost/127.0.0.1:65385]' for 'GET' to '/devtools/browser/de8631b2-4ac3-4391-a71a-13f0f1e98bba'
18:16:51.430 [AsyncHttpClient-1-4] DEBUG org.asynchttpclient.netty.handler.WebSocketHandler - 

Request DefaultFullHttpRequest(decodeResult: success, version: HTTP/1.1, content: EmptyByteBufBE)
GET /devtools/browser/de8631b2-4ac3-4391-a71a-13f0f1e98bba HTTP/1.1
upgrade: websocket
connection: upgrade
sec-websocket-key: CtJC7GFPrBdj1PAAmqufOA==
sec-websocket-version: 13
origin: http://localhost:65385
host: localhost:65385
accept: */*
user-agent: AHC/2.1

Response DefaultHttpResponse(decodeResult: success, version: HTTP/1.1)
HTTP/1.1 101 WebSocket Protocol Handshake
Upgrade: WebSocket
Connection: Upgrade
Sec-WebSocket-Accept: zmJyPcvxX2iXlb9Zr6r7awJRGwc=

18:16:52.097 [AsyncHttpClient-1-1] DEBUG org.asynchttpclient.netty.channel.DefaultChannelPool - Entry count for : http://localhost:49312 : 1
18:16:52.097 [AsyncHttpClient-1-1] DEBUG org.asynchttpclient.netty.channel.DefaultChannelPool - Entry count for : http://localhost:65385 : 1
18:16:52.362 [main] DEBUG net.thucydides.core.reflection.ClassFinder - Could not load class .starter.CucumberTestSuite
18:16:52.363 [main] DEBUG net.thucydides.core.reflection.ClassFinder - Could not load class .starter.pages.HomePage
18:16:52.363 [main] DEBUG net.thucydides.core.reflection.ClassFinder - Could not load class .starter.pages.LoginPage
18:16:52.363 [main] DEBUG net.thucydides.core.reflection.ClassFinder - Could not load class .starter.pages.LogoutPage
18:16:52.364 [main] DEBUG net.thucydides.core.reflection.ClassFinder - Could not load class .starter.pages.OrderPage
18:16:52.364 [main] DEBUG net.thucydides.core.reflection.ClassFinder - Could not load class .starter.pages.RegisterPage
18:16:52.364 [main] DEBUG net.thucydides.core.reflection.ClassFinder - Could not load class .starter.stepdefinitions.HomeStep
18:16:52.364 [main] DEBUG net.thucydides.core.reflection.ClassFinder - Could not load class .starter.stepdefinitions.LoginStepDefinition
18:16:52.364 [main] DEBUG net.thucydides.core.reflection.ClassFinder - Could not load class .starter.stepdefinitions.LogoutStep
18:16:52.364 [main] DEBUG net.thucydides.core.reflection.ClassFinder - Could not load class .starter.stepdefinitions.OrderStep
18:16:52.364 [main] DEBUG net.thucydides.core.reflection.ClassFinder - Could not load class .starter.stepdefinitions.RegisterStep
18:16:52.365 [main] DEBUG net.thucydides.core.reflection.ClassFinder - Could not load class META-INF.versions.9.com.sun.istack.logging.StackHelper
18:16:52.365 [main] DEBUG net.thucydides.core.reflection.ClassFinder - Could not load class META-INF.versions.9.com.sun.xml.bind.v2.runtime.reflect.opt.AccessorInjector
18:16:52.365 [main] DEBUG net.thucydides.core.reflection.ClassFinder - Could not load class META-INF.versions.9.com.sun.xml.bind.v2.runtime.reflect.opt.Injector
18:16:52.366 [main] DEBUG net.thucydides.core.reflection.ClassFinder - Could not load class META-INF.versions.9.com.sun.xml.bind.v2.runtime.reflect.opt.OptimizedAccessorFactory
18:16:52.366 [main] DEBUG net.thucydides.core.reflection.ClassFinder - Could not load class META-INF.versions.9.com.sun.xml.bind.v2.runtime.reflect.opt.OptimizedTransducedAccessorFactory
18:16:52.366 [main] DEBUG net.thucydides.core.reflection.ClassFinder - Could not load class META-INF.versions.9.io.opentelemetry.sdk.internal.CurrentJavaVersionSpecific
18:16:52.366 [main] DEBUG net.thucydides.core.reflection.ClassFinder - Could not load class META-INF.versions.9.io.opentelemetry.sdk.internal.Java9VersionSpecific
18:16:52.367 [main] DEBUG net.thucydides.core.reflection.ClassFinder - Could not load class META-INF.versions.9.javax.xml.bind.ModuleUtil
18:16:52.367 [main] DEBUG net.thucydides.core.reflection.ClassFinder - Could not load class META-INF.versions.9.module-info
18:16:52.368 [main] DEBUG net.thucydides.core.reflection.ClassFinder - Could not load class META-INF.versions.9.org.junit.platform.commons.util.ModuleUtils
18:16:52.371 [main] DEBUG net.thucydides.core.reflection.ClassFinder - Could not load class com.google.gson.internal.
18:16:52.373 [main] DEBUG net.thucydides.core.reflection.ClassFinder - Could not load class com.sun.xml.bind.v2.runtime.output.FastInfosetStreamWriterOutput
18:16:52.378 [main] DEBUG net.thucydides.core.reflection.ClassFinder - Could not load class module-info
18:16:52.408 [Forwarding get on session aa3354588fdf33811963b0f178dbf676 to remote] DEBUG org.asynchttpclient.netty.request.NettyRequestSender - Using pooled Channel '[id: 0x44b82717, L:/127.0.0.1:65384 - R:localhost/127.0.0.1:49312]' for 'POST' to 'http://localhost:49312/session/aa3354588fdf33811963b0f178dbf676/url'
18:16:52.408 [Forwarding get on session aa3354588fdf33811963b0f178dbf676 to remote] DEBUG org.asynchttpclient.netty.request.NettyRequestSender - Using open Channel [id: 0x44b82717, L:/127.0.0.1:65384 - R:localhost/127.0.0.1:49312] for POST '/session/aa3354588fdf33811963b0f178dbf676/url'
18:16:53.170 [AsyncHttpClient-1-2] DEBUG org.asynchttpclient.netty.handler.HttpHandler - 

Request DefaultHttpRequest(decodeResult: success, version: HTTP/1.1)
POST /session/aa3354588fdf33811963b0f178dbf676/url HTTP/1.1
User-Agent: selenium/4.1.2 (java windows)
Content-Length: 59
Content-Type: application/json; charset=utf-8
host: localhost:49312
accept: */*

Response DefaultHttpResponse(decodeResult: success, version: HTTP/1.1)
HTTP/1.1 200 OK
Content-Type: application/json; charset=utf-8
cache-control: no-cache
content-length: 14

18:16:53.171 [AsyncHttpClient-1-2] DEBUG org.asynchttpclient.netty.channel.ChannelManager - Adding key: http://localhost:49312 for channel [id: 0x44b82717, L:/127.0.0.1:65384 - R:localhost/127.0.0.1:49312]
18:16:53.183 [Forwarding setTimeout on session aa3354588fdf33811963b0f178dbf676 to remote] DEBUG org.asynchttpclient.netty.request.NettyRequestSender - Using pooled Channel '[id: 0x44b82717, L:/127.0.0.1:65384 - R:localhost/127.0.0.1:49312]' for 'POST' to 'http://localhost:49312/session/aa3354588fdf33811963b0f178dbf676/timeouts'
18:16:53.183 [Forwarding setTimeout on session aa3354588fdf33811963b0f178dbf676 to remote] DEBUG org.asynchttpclient.netty.request.NettyRequestSender - Using open Channel [id: 0x44b82717, L:/127.0.0.1:65384 - R:localhost/127.0.0.1:49312] for POST '/session/aa3354588fdf33811963b0f178dbf676/timeouts'
18:16:53.206 [AsyncHttpClient-1-1] DEBUG org.asynchttpclient.netty.channel.DefaultChannelPool - Entry count for : http://localhost:65385 : 1
18:16:53.208 [AsyncHttpClient-1-2] DEBUG org.asynchttpclient.netty.handler.HttpHandler - 

Request DefaultHttpRequest(decodeResult: success, version: HTTP/1.1)
POST /session/aa3354588fdf33811963b0f178dbf676/timeouts HTTP/1.1
User-Agent: selenium/4.1.2 (java windows)
Content-Length: 22
Content-Type: application/json; charset=utf-8
host: localhost:49312
accept: */*

Response DefaultHttpResponse(decodeResult: success, version: HTTP/1.1)
HTTP/1.1 200 OK
Content-Type: application/json; charset=utf-8
cache-control: no-cache
content-length: 14

18:16:53.208 [AsyncHttpClient-1-2] DEBUG org.asynchttpclient.netty.channel.ChannelManager - Adding key: http://localhost:49312 for channel [id: 0x44b82717, L:/127.0.0.1:65384 - R:localhost/127.0.0.1:49312]
18:16:53.221 [Forwarding getCurrentUrl on session aa3354588fdf33811963b0f178dbf676 to remote] DEBUG org.asynchttpclient.netty.request.NettyRequestSender - Using pooled Channel '[id: 0x44b82717, L:/127.0.0.1:65384 - R:localhost/127.0.0.1:49312]' for 'GET' to 'http://localhost:49312/session/aa3354588fdf33811963b0f178dbf676/url'
18:16:53.222 [Forwarding getCurrentUrl on session aa3354588fdf33811963b0f178dbf676 to remote] DEBUG org.asynchttpclient.netty.request.NettyRequestSender - Using open Channel [id: 0x44b82717, L:/127.0.0.1:65384 - R:localhost/127.0.0.1:49312] for GET '/session/aa3354588fdf33811963b0f178dbf676/url'
18:16:53.234 [AsyncHttpClient-1-2] DEBUG org.asynchttpclient.netty.handler.HttpHandler - 

Request DefaultFullHttpRequest(decodeResult: success, version: HTTP/1.1, content: EmptyByteBufBE)
GET /session/aa3354588fdf33811963b0f178dbf676/url HTTP/1.1
User-Agent: selenium/4.1.2 (java windows)
Cache-Control: no-cache
Content-Type: application/json; charset=utf-8
host: localhost:49312
accept: */*

Response DefaultHttpResponse(decodeResult: success, version: HTTP/1.1)
HTTP/1.1 200 OK
Content-Type: application/json; charset=utf-8
cache-control: no-cache
content-length: 41

18:16:53.235 [AsyncHttpClient-1-2] DEBUG org.asynchttpclient.netty.channel.ChannelManager - Adding key: http://localhost:49312 for channel [id: 0x44b82717, L:/127.0.0.1:65384 - R:localhost/127.0.0.1:49312]
18:16:53.251 [Forwarding findElement on session aa3354588fdf33811963b0f178dbf676 to remote] DEBUG org.asynchttpclient.netty.request.NettyRequestSender - Using pooled Channel '[id: 0x44b82717, L:/127.0.0.1:65384 - R:localhost/127.0.0.1:49312]' for 'POST' to 'http://localhost:49312/session/aa3354588fdf33811963b0f178dbf676/element'
18:16:53.251 [Forwarding findElement on session aa3354588fdf33811963b0f178dbf676 to remote] DEBUG org.asynchttpclient.netty.request.NettyRequestSender - Using open Channel [id: 0x44b82717, L:/127.0.0.1:65384 - R:localhost/127.0.0.1:49312] for POST '/session/aa3354588fdf33811963b0f178dbf676/element'
18:16:53.270 [AsyncHttpClient-1-2] DEBUG org.asynchttpclient.netty.handler.HttpHandler - 

Request DefaultHttpRequest(decodeResult: success, version: HTTP/1.1)
POST /session/aa3354588fdf33811963b0f178dbf676/element HTTP/1.1
User-Agent: selenium/4.1.2 (java windows)
Content-Length: 77
Content-Type: application/json; charset=utf-8
host: localhost:49312
accept: */*

Response DefaultHttpResponse(decodeResult: success, version: HTTP/1.1)
HTTP/1.1 200 OK
Content-Type: application/json; charset=utf-8
cache-control: no-cache
content-length: 88

18:16:53.270 [AsyncHttpClient-1-2] DEBUG org.asynchttpclient.netty.channel.ChannelManager - Adding key: http://localhost:49312 for channel [id: 0x44b82717, L:/127.0.0.1:65384 - R:localhost/127.0.0.1:49312]
18:16:53.280 [Forwarding isElementDisplayed on session aa3354588fdf33811963b0f178dbf676 to remote] DEBUG org.asynchttpclient.netty.request.NettyRequestSender - Using pooled Channel '[id: 0x44b82717, L:/127.0.0.1:65384 - R:localhost/127.0.0.1:49312]' for 'POST' to 'http://localhost:49312/session/aa3354588fdf33811963b0f178dbf676/execute/sync'
18:16:53.281 [Forwarding isElementDisplayed on session aa3354588fdf33811963b0f178dbf676 to remote] DEBUG org.asynchttpclient.netty.request.NettyRequestSender - Using open Channel [id: 0x44b82717, L:/127.0.0.1:65384 - R:localhost/127.0.0.1:49312] for POST '/session/aa3354588fdf33811963b0f178dbf676/execute/sync'
18:16:53.368 [AsyncHttpClient-1-2] DEBUG org.asynchttpclient.netty.handler.HttpHandler - 

Request DefaultHttpRequest(decodeResult: success, version: HTTP/1.1)
POST /session/aa3354588fdf33811963b0f178dbf676/execute/sync HTTP/1.1
User-Agent: selenium/4.1.2 (java windows)
Content-Length: 48780
Content-Type: application/json; charset=utf-8
host: localhost:49312
accept: */*

Response DefaultHttpResponse(decodeResult: success, version: HTTP/1.1)
HTTP/1.1 200 OK
Content-Type: application/json; charset=utf-8
cache-control: no-cache
content-length: 14

18:16:53.369 [AsyncHttpClient-1-2] DEBUG org.asynchttpclient.netty.channel.ChannelManager - Adding key: http://localhost:49312 for channel [id: 0x44b82717, L:/127.0.0.1:65384 - R:localhost/127.0.0.1:49312]
  &amp#27;[32mGiven &amp#27;[0m&amp#27;[32mI am on the home page&amp#27;[0m               &amp#27;[90m# starter.stepdefinitions.LoginStepDefinition.iAmOnTheHomePage()&amp#27;[0m
18:16:53.398 [main] DEBUG net.serenitybdd.core.photography.Darkroom - Opening darkroom
18:16:53.398 [Darkroom Processing Line] DEBUG net.serenitybdd.core.photography.DarkroomProcessingLine - Darkroom processing line starting up
18:16:53.398 [Forwarding screenshot on session aa3354588fdf33811963b0f178dbf676 to remote] DEBUG org.asynchttpclient.netty.request.NettyRequestSender - Using pooled Channel '[id: 0x44b82717, L:/127.0.0.1:65384 - R:localhost/127.0.0.1:49312]' for 'GET' to 'http://localhost:49312/session/aa3354588fdf33811963b0f178dbf676/screenshot'
18:16:53.398 [Forwarding screenshot on session aa3354588fdf33811963b0f178dbf676 to remote] DEBUG org.asynchttpclient.netty.request.NettyRequestSender - Using open Channel [id: 0x44b82717, L:/127.0.0.1:65384 - R:localhost/127.0.0.1:49312] for GET '/session/aa3354588fdf33811963b0f178dbf676/screenshot'
18:16:53.627 [AsyncHttpClient-1-2] DEBUG org.asynchttpclient.netty.handler.HttpHandler - 

Request DefaultFullHttpRequest(decodeResult: success, version: HTTP/1.1, content: EmptyByteBufBE)
GET /session/aa3354588fdf33811963b0f178dbf676/screenshot HTTP/1.1
User-Agent: selenium/4.1.2 (java windows)
Cache-Control: no-cache
Content-Type: application/json; charset=utf-8
host: localhost:49312
accept: */*

Response DefaultHttpResponse(decodeResult: success, version: HTTP/1.1)
HTTP/1.1 200 OK
Content-Type: application/json; charset=utf-8
cache-control: no-cache
content-length: 33552

18:16:53.628 [AsyncHttpClient-1-2] DEBUG org.asynchttpclient.netty.channel.ChannelManager - Adding key: http://localhost:49312 for channel [id: 0x44b82717, L:/127.0.0.1:65384 - R:localhost/127.0.0.1:49312]
18:16:53.711 [main] DEBUG net.serenitybdd.core.photography.Darkroom - Send negative for processing for target\site\serenity\348846bdf96774a1dbb68d3970652df7700974f3900692e999a0d5c2de133f4a.png
18:16:53.712 [Darkroom Processing Line] DEBUG net.serenitybdd.core.photography.DarkroomProcessingLine - Processing screenshot image in /var/screenshots/screenshot-13207282169164960585
18:16:53.712 [Darkroom Processing Line] DEBUG net.serenitybdd.core.photography.DarkroomProcessingLine - Saving screenshot to target\site\serenity\348846bdf96774a1dbb68d3970652df7700974f3900692e999a0d5c2de133f4a.png
18:16:53.946 [Forwarding findElement on session aa3354588fdf33811963b0f178dbf676 to remote] DEBUG org.asynchttpclient.netty.request.NettyRequestSender - Using pooled Channel '[id: 0x44b82717, L:/127.0.0.1:65384 - R:localhost/127.0.0.1:49312]' for 'POST' to 'http://localhost:49312/session/aa3354588fdf33811963b0f178dbf676/element'
18:16:53.946 [Forwarding findElement on session aa3354588fdf33811963b0f178dbf676 to remote] DEBUG org.asynchttpclient.netty.request.NettyRequestSender - Using open Channel [id: 0x44b82717, L:/127.0.0.1:65384 - R:localhost/127.0.0.1:49312] for POST '/session/aa3354588fdf33811963b0f178dbf676/element'
18:16:54.293 [AsyncHttpClient-1-1] DEBUG org.asynchttpclient.netty.channel.DefaultChannelPool - Entry count for : http://localhost:65385 : 1
18:16:55.388 [AsyncHttpClient-1-1] DEBUG org.asynchttpclient.netty.channel.DefaultChannelPool - Entry count for : http://localhost:65385 : 1
18:16:56.428 [AsyncHttpClient-1-2] DEBUG org.asynchttpclient.netty.handler.HttpHandler - 

Request DefaultHttpRequest(decodeResult: success, version: HTTP/1.1)
POST /session/aa3354588fdf33811963b0f178dbf676/element HTTP/1.1
User-Agent: selenium/4.1.2 (java windows)
Content-Length: 117
Content-Type: application/json; charset=utf-8
host: localhost:49312
accept: */*

Response DefaultHttpResponse(decodeResult: success, version: HTTP/1.1)
HTTP/1.1 200 OK
Content-Type: application/json; charset=utf-8
cache-control: no-cache
content-length: 88

18:16:56.429 [AsyncHttpClient-1-2] DEBUG org.asynchttpclient.netty.channel.ChannelManager - Adding key: http://localhost:49312 for channel [id: 0x44b82717, L:/127.0.0.1:65384 - R:localhost/127.0.0.1:49312]
18:16:56.431 [Forwarding getElementTagName on session aa3354588fdf33811963b0f178dbf676 to remote] DEBUG org.asynchttpclient.netty.request.NettyRequestSender - Using pooled Channel '[id: 0x44b82717, L:/127.0.0.1:65384 - R:localhost/127.0.0.1:49312]' for 'GET' to 'http://localhost:49312/session/aa3354588fdf33811963b0f178dbf676/element/2f72cf03-fd2c-49d1-9ab5-17e062645911/name'
18:16:56.432 [Forwarding getElementTagName on session aa3354588fdf33811963b0f178dbf676 to remote] DEBUG org.asynchttpclient.netty.request.NettyRequestSender - Using open Channel [id: 0x44b82717, L:/127.0.0.1:65384 - R:localhost/127.0.0.1:49312] for GET '/session/aa3354588fdf33811963b0f178dbf676/element/2f72cf03-fd2c-49d1-9ab5-17e062645911/name'
18:16:56.440 [AsyncHttpClient-1-2] DEBUG org.asynchttpclient.netty.handler.HttpHandler - 

Request DefaultFullHttpRequest(decodeResult: success, version: HTTP/1.1, content: EmptyByteBufBE)
GET /session/aa3354588fdf33811963b0f178dbf676/element/2f72cf03-fd2c-49d1-9ab5-17e062645911/name HTTP/1.1
User-Agent: selenium/4.1.2 (java windows)
Cache-Control: no-cache
Content-Type: application/json; charset=utf-8
host: localhost:49312
accept: */*

Response DefaultHttpResponse(decodeResult: success, version: HTTP/1.1)
HTTP/1.1 200 OK
Content-Type: application/json; charset=utf-8
cache-control: no-cache
content-length: 16

18:16:56.440 [AsyncHttpClient-1-2] DEBUG org.asynchttpclient.netty.channel.ChannelManager - Adding key: http://localhost:49312 for channel [id: 0x44b82717, L:/127.0.0.1:65384 - R:localhost/127.0.0.1:49312]
18:16:56.442 [Forwarding getElementTagName on session aa3354588fdf33811963b0f178dbf676 to remote] DEBUG org.asynchttpclient.netty.request.NettyRequestSender - Using pooled Channel '[id: 0x44b82717, L:/127.0.0.1:65384 - R:localhost/127.0.0.1:49312]' for 'GET' to 'http://localhost:49312/session/aa3354588fdf33811963b0f178dbf676/element/2f72cf03-fd2c-49d1-9ab5-17e062645911/name'
18:16:56.442 [Forwarding getElementTagName on session aa3354588fdf33811963b0f178dbf676 to remote] DEBUG org.asynchttpclient.netty.request.NettyRequestSender - Using open Channel [id: 0x44b82717, L:/127.0.0.1:65384 - R:localhost/127.0.0.1:49312] for GET '/session/aa3354588fdf33811963b0f178dbf676/element/2f72cf03-fd2c-49d1-9ab5-17e062645911/name'
18:16:56.445 [AsyncHttpClient-1-2] DEBUG org.asynchttpclient.netty.handler.HttpHandler - 

Request DefaultFullHttpRequest(decodeResult: success, version: HTTP/1.1, content: EmptyByteBufBE)
GET /session/aa3354588fdf33811963b0f178dbf676/element/2f72cf03-fd2c-49d1-9ab5-17e062645911/name HTTP/1.1
User-Agent: selenium/4.1.2 (java windows)
Cache-Control: no-cache
Content-Type: application/json; charset=utf-8
host: localhost:49312
accept: */*

Response DefaultHttpResponse(decodeResult: success, version: HTTP/1.1)
HTTP/1.1 200 OK
Content-Type: application/json; charset=utf-8
cache-control: no-cache
content-length: 16

18:16:56.445 [AsyncHttpClient-1-2] DEBUG org.asynchttpclient.netty.channel.ChannelManager - Adding key: http://localhost:49312 for channel [id: 0x44b82717, L:/127.0.0.1:65384 - R:localhost/127.0.0.1:49312]
18:16:56.448 [Forwarding findElement on session aa3354588fdf33811963b0f178dbf676 to remote] DEBUG org.asynchttpclient.netty.request.NettyRequestSender - Using pooled Channel '[id: 0x44b82717, L:/127.0.0.1:65384 - R:localhost/127.0.0.1:49312]' for 'POST' to 'http://localhost:49312/session/aa3354588fdf33811963b0f178dbf676/element'
18:16:56.448 [Forwarding findElement on session aa3354588fdf33811963b0f178dbf676 to remote] DEBUG org.asynchttpclient.netty.request.NettyRequestSender - Using open Channel [id: 0x44b82717, L:/127.0.0.1:65384 - R:localhost/127.0.0.1:49312] for POST '/session/aa3354588fdf33811963b0f178dbf676/element'
18:16:56.465 [AsyncHttpClient-1-2] DEBUG org.asynchttpclient.netty.handler.HttpHandler - 

Request DefaultHttpRequest(decodeResult: success, version: HTTP/1.1)
POST /session/aa3354588fdf33811963b0f178dbf676/element HTTP/1.1
User-Agent: selenium/4.1.2 (java windows)
Content-Length: 117
Content-Type: application/json; charset=utf-8
host: localhost:49312
accept: */*

Response DefaultHttpResponse(decodeResult: success, version: HTTP/1.1)
HTTP/1.1 200 OK
Content-Type: application/json; charset=utf-8
cache-control: no-cache
content-length: 88

18:16:56.465 [AsyncHttpClient-1-2] DEBUG org.asynchttpclient.netty.channel.ChannelManager - Adding key: http://localhost:49312 for channel [id: 0x44b82717, L:/127.0.0.1:65384 - R:localhost/127.0.0.1:49312]
18:16:56.467 [Forwarding clickElement on session aa3354588fdf33811963b0f178dbf676 to remote] DEBUG org.asynchttpclient.netty.request.NettyRequestSender - Using pooled Channel '[id: 0x44b82717, L:/127.0.0.1:65384 - R:localhost/127.0.0.1:49312]' for 'POST' to 'http://localhost:49312/session/aa3354588fdf33811963b0f178dbf676/element/2f72cf03-fd2c-49d1-9ab5-17e062645911/click'
18:16:56.467 [Forwarding clickElement on session aa3354588fdf33811963b0f178dbf676 to remote] DEBUG org.asynchttpclient.netty.request.NettyRequestSender - Using open Channel [id: 0x44b82717, L:/127.0.0.1:65384 - R:localhost/127.0.0.1:49312] for POST '/session/aa3354588fdf33811963b0f178dbf676/element/2f72cf03-fd2c-49d1-9ab5-17e062645911/click'
18:16:56.489 [AsyncHttpClient-1-1] DEBUG org.asynchttpclient.netty.channel.DefaultChannelPool - Entry count for : http://localhost:65385 : 1
18:16:56.526 [AsyncHttpClient-1-2] DEBUG org.asynchttpclient.netty.handler.HttpHandler - 

Request DefaultHttpRequest(decodeResult: success, version: HTTP/1.1)
POST /session/aa3354588fdf33811963b0f178dbf676/element/2f72cf03-fd2c-49d1-9ab5-17e062645911/click HTTP/1.1
User-Agent: selenium/4.1.2 (java windows)
Content-Length: 50
Content-Type: application/json; charset=utf-8
host: localhost:49312
accept: */*

Response DefaultHttpResponse(decodeResult: success, version: HTTP/1.1)
HTTP/1.1 200 OK
Content-Type: application/json; charset=utf-8
cache-control: no-cache
content-length: 14

18:16:56.527 [AsyncHttpClient-1-2] DEBUG org.asynchttpclient.netty.channel.ChannelManager - Adding key: http://localhost:49312 for channel [id: 0x44b82717, L:/127.0.0.1:65384 - R:localhost/127.0.0.1:49312]
  &amp#27;[32mWhen &amp#27;[0m&amp#27;[32mI click buy button&amp#27;[0m                   &amp#27;[90m# starter.stepdefinitions.HomeStep.iClickBuyButton()&amp#27;[0m
18:16:56.535 [Forwarding screenshot on session aa3354588fdf33811963b0f178dbf676 to remote] DEBUG org.asynchttpclient.netty.request.NettyRequestSender - Using pooled Channel '[id: 0x44b82717, L:/127.0.0.1:65384 - R:localhost/127.0.0.1:49312]' for 'GET' to 'http://localhost:49312/session/aa3354588fdf33811963b0f178dbf676/screenshot'
18:16:56.535 [Forwarding screenshot on session aa3354588fdf33811963b0f178dbf676 to remote] DEBUG org.asynchttpclient.netty.request.NettyRequestSender - Using open Channel [id: 0x44b82717, L:/127.0.0.1:65384 - R:localhost/127.0.0.1:49312] for GET '/session/aa3354588fdf33811963b0f178dbf676/screenshot'
18:16:56.673 [AsyncHttpClient-1-2] DEBUG org.asynchttpclient.netty.handler.HttpHandler - 

Request DefaultFullHttpRequest(decodeResult: success, version: HTTP/1.1, content: EmptyByteBufBE)
GET /session/aa3354588fdf33811963b0f178dbf676/screenshot HTTP/1.1
User-Agent: selenium/4.1.2 (java windows)
Cache-Control: no-cache
Content-Type: application/json; charset=utf-8
host: localhost:49312
accept: */*

Response DefaultHttpResponse(decodeResult: success, version: HTTP/1.1)
HTTP/1.1 200 OK
Content-Type: application/json; charset=utf-8
cache-control: no-cache
content-length: 77888

18:16:56.675 [AsyncHttpClient-1-2] DEBUG org.asynchttpclient.netty.channel.ChannelManager - Adding key: http://localhost:49312 for channel [id: 0x44b82717, L:/127.0.0.1:65384 - R:localhost/127.0.0.1:49312]
18:16:56.679 [main] DEBUG net.serenitybdd.core.photography.Darkroom - Send negative for processing for target\site\serenity\7e87cd0fc86f79218453fd642383f7adca043b6a4c1f4b78f3e882275c834b1c.png
18:16:56.684 [Darkroom Processing Line] DEBUG net.serenitybdd.core.photography.DarkroomProcessingLine - Processing screenshot image in /var/screenshots/screenshot-14290593667870109520
18:16:56.684 [Darkroom Processing Line] DEBUG net.serenitybdd.core.photography.DarkroomProcessingLine - Saving screenshot to target\site\serenity\7e87cd0fc86f79218453fd642383f7adca043b6a4c1f4b78f3e882275c834b1c.png
18:16:56.687 [Forwarding findElement on session aa3354588fdf33811963b0f178dbf676 to remote] DEBUG org.asynchttpclient.netty.request.NettyRequestSender - Using pooled Channel '[id: 0x44b82717, L:/127.0.0.1:65384 - R:localhost/127.0.0.1:49312]' for 'POST' to 'http://localhost:49312/session/aa3354588fdf33811963b0f178dbf676/element'
18:16:56.687 [Forwarding findElement on session aa3354588fdf33811963b0f178dbf676 to remote] DEBUG org.asynchttpclient.netty.request.NettyRequestSender - Using open Channel [id: 0x44b82717, L:/127.0.0.1:65384 - R:localhost/127.0.0.1:49312] for POST '/session/aa3354588fdf33811963b0f178dbf676/element'
18:16:56.842 [AsyncHttpClient-1-2] DEBUG org.asynchttpclient.netty.handler.HttpHandler - 

Request DefaultHttpRequest(decodeResult: success, version: HTTP/1.1)
POST /session/aa3354588fdf33811963b0f178dbf676/element HTTP/1.1
User-Agent: selenium/4.1.2 (java windows)
Content-Length: 102
Content-Type: application/json; charset=utf-8
host: localhost:49312
accept: */*

Response DefaultHttpResponse(decodeResult: success, version: HTTP/1.1)
HTTP/1.1 200 OK
Content-Type: application/json; charset=utf-8
cache-control: no-cache
content-length: 88

18:16:56.842 [AsyncHttpClient-1-2] DEBUG org.asynchttpclient.netty.channel.ChannelManager - Adding key: http://localhost:49312 for channel [id: 0x44b82717, L:/127.0.0.1:65384 - R:localhost/127.0.0.1:49312]
18:16:56.849 [Forwarding isElementDisplayed on session aa3354588fdf33811963b0f178dbf676 to remote] DEBUG org.asynchttpclient.netty.request.NettyRequestSender - Using pooled Channel '[id: 0x44b82717, L:/127.0.0.1:65384 - R:localhost/127.0.0.1:49312]' for 'POST' to 'http://localhost:49312/session/aa3354588fdf33811963b0f178dbf676/execute/sync'
18:16:56.849 [Forwarding isElementDisplayed on session aa3354588fdf33811963b0f178dbf676 to remote] DEBUG org.asynchttpclient.netty.request.NettyRequestSender - Using open Channel [id: 0x44b82717, L:/127.0.0.1:65384 - R:localhost/127.0.0.1:49312] for POST '/session/aa3354588fdf33811963b0f178dbf676/execute/sync'
18:16:56.863 [AsyncHttpClient-1-2] DEBUG org.asynchttpclient.netty.handler.HttpHandler - 

Request DefaultHttpRequest(decodeResult: success, version: HTTP/1.1)
POST /session/aa3354588fdf33811963b0f178dbf676/execute/sync HTTP/1.1
User-Agent: selenium/4.1.2 (java windows)
Content-Length: 48780
Content-Type: application/json; charset=utf-8
host: localhost:49312
accept: */*

Response DefaultHttpResponse(decodeResult: success, version: HTTP/1.1)
HTTP/1.1 200 OK
Content-Type: application/json; charset=utf-8
cache-control: no-cache
content-length: 14

18:16:56.863 [AsyncHttpClient-1-2] DEBUG org.asynchttpclient.netty.channel.ChannelManager - Adding key: http://localhost:49312 for channel [id: 0x44b82717, L:/127.0.0.1:65384 - R:localhost/127.0.0.1:49312]
  &amp#27;[32mThen &amp#27;[0m&amp#27;[32mThe product success added to cart&amp#27;[0m    &amp#27;[90m# starter.stepdefinitions.HomeStep.theProductSuccessAddedToCart()&amp#27;[0m
18:16:56.870 [Forwarding screenshot on session aa3354588fdf33811963b0f178dbf676 to remote] DEBUG org.asynchttpclient.netty.request.NettyRequestSender - Using pooled Channel '[id: 0x44b82717, L:/127.0.0.1:65384 - R:localhost/127.0.0.1:49312]' for 'GET' to 'http://localhost:49312/session/aa3354588fdf33811963b0f178dbf676/screenshot'
18:16:56.870 [Forwarding screenshot on session aa3354588fdf33811963b0f178dbf676 to remote] DEBUG org.asynchttpclient.netty.request.NettyRequestSender - Using open Channel [id: 0x44b82717, L:/127.0.0.1:65384 - R:localhost/127.0.0.1:49312] for GET '/session/aa3354588fdf33811963b0f178dbf676/screenshot'
18:16:57.000 [AsyncHttpClient-1-2] DEBUG org.asynchttpclient.netty.handler.HttpHandler - 

Request DefaultFullHttpRequest(decodeResult: success, version: HTTP/1.1, content: EmptyByteBufBE)
GET /session/aa3354588fdf33811963b0f178dbf676/screenshot HTTP/1.1
User-Agent: selenium/4.1.2 (java windows)
Cache-Control: no-cache
Content-Type: application/json; charset=utf-8
host: localhost:49312
accept: */*

Response DefaultHttpResponse(decodeResult: success, version: HTTP/1.1)
HTTP/1.1 200 OK
Content-Type: application/json; charset=utf-8
cache-control: no-cache
content-length: 77404

18:16:57.001 [AsyncHttpClient-1-2] DEBUG org.asynchttpclient.netty.channel.ChannelManager - Adding key: http://localhost:49312 for channel [id: 0x44b82717, L:/127.0.0.1:65384 - R:localhost/127.0.0.1:49312]
18:16:57.004 [main] DEBUG net.serenitybdd.core.photography.Darkroom - Send negative for processing for target\site\serenity\eb621fb81c254cce8da6b6c553cc58c1bbaa84e8fd4f0e7fb3ed8247d22a80fa.png
18:16:57.004 [Darkroom Processing Line] DEBUG net.serenitybdd.core.photography.DarkroomProcessingLine - Processing screenshot image in /var/screenshots/screenshot-6997908550597042715
18:16:57.004 [Darkroom Processing Line] DEBUG net.serenitybdd.core.photography.DarkroomProcessingLine - Saving screenshot to target\site\serenity\eb621fb81c254cce8da6b6c553cc58c1bbaa84e8fd4f0e7fb3ed8247d22a80fa.png
18:16:57.008 [main] INFO  - 
  _____   ___   ___   _____     ___     _     ___   ___   ___   ___  
 |_   _| | __| / __| |_   _|   | _ \   /_\   / __| / __| | __| |   \ 
   | |   | _|  \__ \   | |     |  _/  / _ \  \__ \ \__ \ | _|  | |) |
   |_|   |___| |___/   |_|     |_|   /_/ \_\ |___/ |___/ |___| |___/ 

I want add one product to trolley
----------------------------------------------------------------------
18:16:57.096 [Driver Command Executor] DEBUG org.asynchttpclient.netty.request.NettyRequestSender - Using pooled Channel '[id: 0x44b82717, L:/127.0.0.1:65384 - R:localhost/127.0.0.1:49312]' for 'DELETE' to 'http://localhost:49312/session/aa3354588fdf33811963b0f178dbf676'
18:16:57.096 [Driver Command Executor] DEBUG org.asynchttpclient.netty.request.NettyRequestSender - Using open Channel [id: 0x44b82717, L:/127.0.0.1:65384 - R:localhost/127.0.0.1:49312] for DELETE '/session/aa3354588fdf33811963b0f178dbf676'
18:16:57.097 [AsyncHttpClient-1-4] DEBUG org.asynchttpclient.netty.handler.WebSocketHandler - Channel Closed: [id: 0x1640ea35, L:/127.0.0.1:65392 ! R:localhost/127.0.0.1:65385] with attribute NettyResponseFuture{currentRetry=5,
	isDone=1,
	isCancelled=0,
	asyncHandler=org.asynchttpclient.ws.WebSocketUpgradeHandler@1b0235af,
	nettyRequest=org.asynchttpclient.netty.request.NettyRequest@20ae8370,
	future=java.util.concurrent.CompletableFuture@4786c32d[Completed normally],
	uri=ws://localhost:65385/devtools/browser/de8631b2-4ac3-4391-a71a-13f0f1e98bba,
	keepAlive=true,
	redirectCount=0,
	timeoutsHolder=null,
	inAuth=0,
	touch=1667560611442}
18:16:57.097 [AsyncHttpClient-1-4] DEBUG org.asynchttpclient.netty.channel.ChannelManager - Closing Channel [id: 0x1640ea35, L:/127.0.0.1:65392 ! R:localhost/127.0.0.1:65385] 
18:16:57.204 [AsyncHttpClient-1-3] DEBUG org.asynchttpclient.netty.handler.HttpHandler - Unexpected I/O exception on channel [id: 0x7b479f2b, L:/127.0.0.1:65391 - R:localhost/127.0.0.1:65385]
java.io.IOException: An existing connection was forcibly closed by the remote host
	at java.base/sun.nio.ch.SocketDispatcher.read0(Native Method)
	at java.base/sun.nio.ch.SocketDispatcher.read(SocketDispatcher.java:43)
	at java.base/sun.nio.ch.IOUtil.readIntoNativeBuffer(IOUtil.java:276)
	at java.base/sun.nio.ch.IOUtil.read(IOUtil.java:233)
	at java.base/sun.nio.ch.IOUtil.read(IOUtil.java:223)
	at java.base/sun.nio.ch.SocketChannelImpl.read(SocketChannelImpl.java:358)
	at io.netty.buffer.PooledByteBuf.setBytes(PooledByteBuf.java:258)
	at io.netty.buffer.AbstractByteBuf.writeBytes(AbstractByteBuf.java:1132)
	at io.netty.channel.socket.nio.NioSocketChannel.doReadBytes(NioSocketChannel.java:350)
	at io.netty.channel.nio.AbstractNioByteChannel$NioByteUnsafe.read(AbstractNioByteChannel.java:151)
	at io.netty.channel.nio.NioEventLoop.processSelectedKey(NioEventLoop.java:722)
	at io.netty.channel.nio.NioEventLoop.processSelectedKeysOptimized(NioEventLoop.java:658)
	at io.netty.channel.nio.NioEventLoop.processSelectedKeys(NioEventLoop.java:584)
	at io.netty.channel.nio.NioEventLoop.run(NioEventLoop.java:496)
	at io.netty.util.concurrent.SingleThreadEventExecutor$4.run(SingleThreadEventExecutor.java:986)
	at io.netty.util.internal.ThreadExecutorMap$2.run(ThreadExecutorMap.java:74)
	at io.netty.util.concurrent.FastThreadLocalRunnable.run(FastThreadLocalRunnable.java:30)
	at java.base/java.lang.Thread.run(Thread.java:834)
18:16:57.204 [AsyncHttpClient-1-3] DEBUG org.asynchttpclient.netty.channel.ChannelManager - Closing Channel [id: 0x7b479f2b, L:/127.0.0.1:65391 - R:localhost/127.0.0.1:65385] 
18:16:57.206 [AsyncHttpClient-1-3] DEBUG org.asynchttpclient.netty.handler.HttpHandler - Channel Closed: [id: 0x7b479f2b, L:/127.0.0.1:65391 ! R:localhost/127.0.0.1:65385] with attribute DISCARD
18:16:57.228 [AsyncHttpClient-1-2] DEBUG org.asynchttpclient.netty.handler.HttpHandler - 

Request DefaultFullHttpRequest(decodeResult: success, version: HTTP/1.1, content: EmptyByteBufBE)
DELETE /session/aa3354588fdf33811963b0f178dbf676 HTTP/1.1
User-Agent: selenium/4.1.2 (java windows)
Content-Type: application/json; charset=utf-8
host: localhost:49312
accept: */*

Response DefaultHttpResponse(decodeResult: success, version: HTTP/1.1)
HTTP/1.1 200 OK
Content-Type: application/json; charset=utf-8
cache-control: no-cache
content-length: 14

18:16:57.229 [AsyncHttpClient-1-2] DEBUG org.asynchttpclient.netty.channel.ChannelManager - Adding key: http://localhost:49312 for channel [id: 0x44b82717, L:/127.0.0.1:65384 - R:localhost/127.0.0.1:49312]
18:16:57.327 [AsyncHttpClient-1-2] DEBUG org.asynchttpclient.netty.handler.HttpHandler - Channel Closed: [id: 0x44b82717, L:/127.0.0.1:65384 ! R:localhost/127.0.0.1:49312] with attribute DISCARD
]]></system-out>
    <system-err><![CDATA[Starting ChromeDriver 107.0.5304.62 (1eec40d3a5764881c92085aaee66d25075c159aa-refs/branch-heads/5304@{#942}) on port 49312
Only local connections are allowed.
Please see https://chromedriver.chromium.org/security-considerations for suggestions on keeping ChromeDriver safe.
ChromeDriver was started successfully.
Nov 04, 2022 6:16:51 PM org.openqa.selenium.remote.ProtocolHandshake createSession
INFO: Detected dialect: W3C
Nov 04, 2022 6:16:51 PM org.openqa.selenium.devtools.CdpVersionFinder findNearestMatch
WARNING: Unable to find an exact match for CDP version 107, so returning the closest version found: a no-op implementation
Nov 04, 2022 6:16:51 PM org.openqa.selenium.devtools.CdpVersionFinder findNearestMatch
INFO: Unable to find CDP implementation matching 107.
Nov 04, 2022 6:16:51 PM org.openqa.selenium.chromium.ChromiumDriver lambda$new$3
WARNING: Unable to find version of CDP to use for . You may need to include a dependency on a specific version of the CDP using something similar to `org.seleniumhq.selenium:selenium-devtools-v86:4.1.2` where the version ("v86") matches the version of the chromium-based browser you're using and the version number of the artifact is the same as Selenium's.
]]></system-err>
  </testcase>
  <testcase name="I want add two product to trolley" classname="Home" time="6.447">
    <system-out><![CDATA[
@Home
Scenario: I want add two product to trolley &amp#27;[90m# src/test/resources/features/home.feature:12&amp#27;[0m
18:16:57.435 [main] INFO io.cucumber.core.plugin.SerenityReporter - Running feature from file:///D:/Ra/file%20kuliah/semester%207/resume%20alta/Mini%20Project/Web/AltaShop/src/test/resources/features/home.feature
18:16:57.443 [main] INFO  - 
  _____   ___   ___   _____     ___   _____     _     ___   _____   ___   ___  
 |_   _| | __| / __| |_   _|   / __| |_   _|   /_\   | _ \ |_   _| | __| |   \ 
   | |   | _|  \__ \   | |     \__ \   | |    / _ \  |   /   | |   | _|  | |) |
   |_|   |___| |___/   |_|     |___/   |_|   /_/ \_\ |_|_\   |_|   |___| |___/ 

I want add two product to trolley(home;i-want-add-two-product-to-trolley)
--------------------------------------------------------------------------------
18:16:57.480 [main] INFO net.serenitybdd.core.webdriver.driverproviders.ChromeDriverProvider - Using automatically driver download
18:16:57.593 [AsyncHttpClient-1-1] DEBUG org.asynchttpclient.netty.channel.DefaultChannelPool - Entry count for : http://localhost:49312 : 1
18:16:57.593 [AsyncHttpClient-1-1] DEBUG org.asynchttpclient.netty.channel.DefaultChannelPool - Entry count for : http://localhost:65385 : 1
18:16:57.593 [AsyncHttpClient-1-1] DEBUG org.asynchttpclient.netty.channel.DefaultChannelPool - Adding Candidate expired Channel [id: 0x44b82717, L:/127.0.0.1:65384 ! R:localhost/127.0.0.1:49312] isIdleTimeoutExpired=false isRemotelyClosed=true isTtlExpired=false
18:16:57.595 [AsyncHttpClient-1-1] DEBUG org.asynchttpclient.netty.channel.DefaultChannelPool - Closing Idle Channel [id: 0x44b82717, L:/127.0.0.1:65384 ! R:localhost/127.0.0.1:49312]
18:16:57.595 [AsyncHttpClient-1-1] DEBUG org.asynchttpclient.netty.channel.DefaultChannelPool - Adding Candidate expired Channel [id: 0x7b479f2b, L:/127.0.0.1:65391 ! R:localhost/127.0.0.1:65385] isIdleTimeoutExpired=false isRemotelyClosed=true isTtlExpired=false
18:16:57.595 [AsyncHttpClient-1-1] DEBUG org.asynchttpclient.netty.channel.DefaultChannelPool - Closing Idle Channel [id: 0x7b479f2b, L:/127.0.0.1:65391 ! R:localhost/127.0.0.1:65385]
18:16:57.595 [AsyncHttpClient-1-1] DEBUG org.asynchttpclient.netty.channel.DefaultChannelPool - Closed 2 connections out of 2 in 2 ms
18:16:57.673 [main] DEBUG io.github.bonigarcia.wdm.cache.ResolutionCache - Resolution chrome=107 in cache (valid until 18:54:29 04/11/2022 ICT)
18:16:57.691 [main] DEBUG io.github.bonigarcia.wdm.cache.ResolutionCache - Resolution chrome107=107.0.5304.62 in cache (valid until 17:54:29 05/11/2022 ICT)
18:16:57.695 [main] INFO io.github.bonigarcia.wdm.WebDriverManager - Using chromedriver 107.0.5304.62 (resolved driver for Chrome 107)
18:16:57.714 [main] DEBUG io.github.bonigarcia.wdm.WebDriverManager - Driver chromedriver 107.0.5304.62 found in cache
18:16:57.715 [main] INFO io.github.bonigarcia.wdm.WebDriverManager - Exporting webdriver.chrome.driver as C:\Users\rilaa\.cache\selenium\chromedriver\win32\107.0.5304.62\chromedriver.exe
18:16:57.842 [main] DEBUG net.serenitybdd.core.webdriver.driverproviders.ProvideNewDriver - Instantiating driver
18:16:57.842 [main] DEBUG net.serenitybdd.core.webdriver.driverproviders.ProvideNewDriver - Driver capabilities: Capabilities {acceptInsecureCerts: false, base.url: https://alta-shop.vercel.app, browserName: chrome, chrome.driver: src/test/resources/webdrive..., driver: chrome, goog:chromeOptions: {args: [], extensions: []}}
18:16:57.979 [AsyncHttpClient-1-5] DEBUG org.asynchttpclient.netty.channel.NettyConnectListener - Using new Channel '[id: 0xb58cfedd, L:/127.0.0.1:65409 - R:localhost/127.0.0.1:57697]' for 'POST' to '/session'
18:16:58.717 [AsyncHttpClient-1-5] DEBUG org.asynchttpclient.netty.handler.HttpHandler - 

Request DefaultHttpRequest(decodeResult: success, version: HTTP/1.1)
POST /session HTTP/1.1
User-Agent: selenium/4.1.2 (java windows)
Content-Length: 609
Content-Type: application/json; charset=utf-8
host: localhost:57697
accept: */*

Response DefaultHttpResponse(decodeResult: success, version: HTTP/1.1)
HTTP/1.1 200 OK
Content-Type: application/json; charset=utf-8
cache-control: no-cache
content-length: 788

18:16:58.717 [AsyncHttpClient-1-5] DEBUG org.asynchttpclient.netty.channel.ChannelManager - Adding key: http://localhost:57697 for channel [id: 0xb58cfedd, L:/127.0.0.1:65409 - R:localhost/127.0.0.1:57697]
18:16:58.729 [AsyncHttpClient-1-6] DEBUG org.asynchttpclient.netty.channel.NettyConnectListener - Using new Channel '[id: 0xd3c4b89b, L:/127.0.0.1:65416 - R:localhost/127.0.0.1:65410]' for 'GET' to '/json/version'
18:16:58.734 [AsyncHttpClient-1-6] DEBUG org.asynchttpclient.netty.handler.HttpHandler - 

Request DefaultFullHttpRequest(decodeResult: success, version: HTTP/1.1, content: EmptyByteBufBE)
GET /json/version HTTP/1.1
User-Agent: selenium/4.1.2 (java windows)
host: localhost:65410
accept: */*

Response DefaultHttpResponse(decodeResult: success, version: HTTP/1.1)
HTTP/1.1 200 OK
Content-Type: application/json; charset=UTF-8
content-length: 423

18:16:58.734 [AsyncHttpClient-1-6] DEBUG org.asynchttpclient.netty.channel.ChannelManager - Adding key: http://localhost:65410 for channel [id: 0xd3c4b89b, L:/127.0.0.1:65416 - R:localhost/127.0.0.1:65410]
18:16:58.737 [AsyncHttpClient-1-7] DEBUG org.asynchttpclient.netty.channel.NettyConnectListener - Using new Channel '[id: 0x1f2854aa, L:/127.0.0.1:65417 - R:localhost/127.0.0.1:65410]' for 'GET' to '/devtools/browser/cf3c4cf0-d877-49a0-b1b4-3491e0b43c36'
18:16:58.744 [AsyncHttpClient-1-7] DEBUG org.asynchttpclient.netty.handler.WebSocketHandler - 

Request DefaultFullHttpRequest(decodeResult: success, version: HTTP/1.1, content: EmptyByteBufBE)
GET /devtools/browser/cf3c4cf0-d877-49a0-b1b4-3491e0b43c36 HTTP/1.1
upgrade: websocket
connection: upgrade
sec-websocket-key: gDFTHeTh/w+Z/3ABwVRG8A==
sec-websocket-version: 13
origin: http://localhost:65410
host: localhost:65410
accept: */*
user-agent: AHC/2.1

Response DefaultHttpResponse(decodeResult: success, version: HTTP/1.1)
HTTP/1.1 101 WebSocket Protocol Handshake
Upgrade: WebSocket
Connection: Upgrade
Sec-WebSocket-Accept: 368/p8NgrNYRVY7hAigJBEG791E=

18:16:58.750 [Forwarding get on session f5643695931ad9405a40004a1b2d9b3f to remote] DEBUG org.asynchttpclient.netty.request.NettyRequestSender - Using pooled Channel '[id: 0xb58cfedd, L:/127.0.0.1:65409 - R:localhost/127.0.0.1:57697]' for 'POST' to 'http://localhost:57697/session/f5643695931ad9405a40004a1b2d9b3f/url'
18:16:58.750 [Forwarding get on session f5643695931ad9405a40004a1b2d9b3f to remote] DEBUG org.asynchttpclient.netty.request.NettyRequestSender - Using open Channel [id: 0xb58cfedd, L:/127.0.0.1:65409 - R:localhost/127.0.0.1:57697] for POST '/session/f5643695931ad9405a40004a1b2d9b3f/url'
18:16:59.676 [AsyncHttpClient-1-5] DEBUG org.asynchttpclient.netty.handler.HttpHandler - 

Request DefaultHttpRequest(decodeResult: success, version: HTTP/1.1)
POST /session/f5643695931ad9405a40004a1b2d9b3f/url HTTP/1.1
User-Agent: selenium/4.1.2 (java windows)
Content-Length: 59
Content-Type: application/json; charset=utf-8
host: localhost:57697
accept: */*

Response DefaultHttpResponse(decodeResult: success, version: HTTP/1.1)
HTTP/1.1 200 OK
Content-Type: application/json; charset=utf-8
cache-control: no-cache
content-length: 14

18:16:59.677 [AsyncHttpClient-1-5] DEBUG org.asynchttpclient.netty.channel.ChannelManager - Adding key: http://localhost:57697 for channel [id: 0xb58cfedd, L:/127.0.0.1:65409 - R:localhost/127.0.0.1:57697]
18:16:59.681 [Forwarding setTimeout on session f5643695931ad9405a40004a1b2d9b3f to remote] DEBUG org.asynchttpclient.netty.request.NettyRequestSender - Using pooled Channel '[id: 0xb58cfedd, L:/127.0.0.1:65409 - R:localhost/127.0.0.1:57697]' for 'POST' to 'http://localhost:57697/session/f5643695931ad9405a40004a1b2d9b3f/timeouts'
18:16:59.682 [Forwarding setTimeout on session f5643695931ad9405a40004a1b2d9b3f to remote] DEBUG org.asynchttpclient.netty.request.NettyRequestSender - Using open Channel [id: 0xb58cfedd, L:/127.0.0.1:65409 - R:localhost/127.0.0.1:57697] for POST '/session/f5643695931ad9405a40004a1b2d9b3f/timeouts'
18:16:59.687 [AsyncHttpClient-1-5] DEBUG org.asynchttpclient.netty.handler.HttpHandler - 

Request DefaultHttpRequest(decodeResult: success, version: HTTP/1.1)
POST /session/f5643695931ad9405a40004a1b2d9b3f/timeouts HTTP/1.1
User-Agent: selenium/4.1.2 (java windows)
Content-Length: 22
Content-Type: application/json; charset=utf-8
host: localhost:57697
accept: */*

Response DefaultHttpResponse(decodeResult: success, version: HTTP/1.1)
HTTP/1.1 200 OK
Content-Type: application/json; charset=utf-8
cache-control: no-cache
content-length: 14

18:16:59.687 [AsyncHttpClient-1-5] DEBUG org.asynchttpclient.netty.channel.ChannelManager - Adding key: http://localhost:57697 for channel [id: 0xb58cfedd, L:/127.0.0.1:65409 - R:localhost/127.0.0.1:57697]
18:16:59.697 [Forwarding getCurrentUrl on session f5643695931ad9405a40004a1b2d9b3f to remote] DEBUG org.asynchttpclient.netty.request.NettyRequestSender - Using pooled Channel '[id: 0xb58cfedd, L:/127.0.0.1:65409 - R:localhost/127.0.0.1:57697]' for 'GET' to 'http://localhost:57697/session/f5643695931ad9405a40004a1b2d9b3f/url'
18:16:59.697 [Forwarding getCurrentUrl on session f5643695931ad9405a40004a1b2d9b3f to remote] DEBUG org.asynchttpclient.netty.request.NettyRequestSender - Using open Channel [id: 0xb58cfedd, L:/127.0.0.1:65409 - R:localhost/127.0.0.1:57697] for GET '/session/f5643695931ad9405a40004a1b2d9b3f/url'
18:16:59.707 [AsyncHttpClient-1-5] DEBUG org.asynchttpclient.netty.handler.HttpHandler - 

Request DefaultFullHttpRequest(decodeResult: success, version: HTTP/1.1, content: EmptyByteBufBE)
GET /session/f5643695931ad9405a40004a1b2d9b3f/url HTTP/1.1
User-Agent: selenium/4.1.2 (java windows)
Cache-Control: no-cache
Content-Type: application/json; charset=utf-8
host: localhost:57697
accept: */*

Response DefaultHttpResponse(decodeResult: success, version: HTTP/1.1)
HTTP/1.1 200 OK
Content-Type: application/json; charset=utf-8
cache-control: no-cache
content-length: 41

18:16:59.708 [AsyncHttpClient-1-5] DEBUG org.asynchttpclient.netty.channel.ChannelManager - Adding key: http://localhost:57697 for channel [id: 0xb58cfedd, L:/127.0.0.1:65409 - R:localhost/127.0.0.1:57697]
18:16:59.713 [Forwarding findElement on session f5643695931ad9405a40004a1b2d9b3f to remote] DEBUG org.asynchttpclient.netty.request.NettyRequestSender - Using pooled Channel '[id: 0xb58cfedd, L:/127.0.0.1:65409 - R:localhost/127.0.0.1:57697]' for 'POST' to 'http://localhost:57697/session/f5643695931ad9405a40004a1b2d9b3f/element'
18:16:59.713 [Forwarding findElement on session f5643695931ad9405a40004a1b2d9b3f to remote] DEBUG org.asynchttpclient.netty.request.NettyRequestSender - Using open Channel [id: 0xb58cfedd, L:/127.0.0.1:65409 - R:localhost/127.0.0.1:57697] for POST '/session/f5643695931ad9405a40004a1b2d9b3f/element'
18:16:59.734 [AsyncHttpClient-1-5] DEBUG org.asynchttpclient.netty.handler.HttpHandler - 

Request DefaultHttpRequest(decodeResult: success, version: HTTP/1.1)
POST /session/f5643695931ad9405a40004a1b2d9b3f/element HTTP/1.1
User-Agent: selenium/4.1.2 (java windows)
Content-Length: 77
Content-Type: application/json; charset=utf-8
host: localhost:57697
accept: */*

Response DefaultHttpResponse(decodeResult: success, version: HTTP/1.1)
HTTP/1.1 200 OK
Content-Type: application/json; charset=utf-8
cache-control: no-cache
content-length: 88

18:16:59.734 [AsyncHttpClient-1-5] DEBUG org.asynchttpclient.netty.channel.ChannelManager - Adding key: http://localhost:57697 for channel [id: 0xb58cfedd, L:/127.0.0.1:65409 - R:localhost/127.0.0.1:57697]
18:16:59.743 [Forwarding isElementDisplayed on session f5643695931ad9405a40004a1b2d9b3f to remote] DEBUG org.asynchttpclient.netty.request.NettyRequestSender - Using pooled Channel '[id: 0xb58cfedd, L:/127.0.0.1:65409 - R:localhost/127.0.0.1:57697]' for 'POST' to 'http://localhost:57697/session/f5643695931ad9405a40004a1b2d9b3f/execute/sync'
18:16:59.743 [Forwarding isElementDisplayed on session f5643695931ad9405a40004a1b2d9b3f to remote] DEBUG org.asynchttpclient.netty.request.NettyRequestSender - Using open Channel [id: 0xb58cfedd, L:/127.0.0.1:65409 - R:localhost/127.0.0.1:57697] for POST '/session/f5643695931ad9405a40004a1b2d9b3f/execute/sync'
18:16:59.765 [AsyncHttpClient-1-5] DEBUG org.asynchttpclient.netty.handler.HttpHandler - 

Request DefaultHttpRequest(decodeResult: success, version: HTTP/1.1)
POST /session/f5643695931ad9405a40004a1b2d9b3f/execute/sync HTTP/1.1
User-Agent: selenium/4.1.2 (java windows)
Content-Length: 48780
Content-Type: application/json; charset=utf-8
host: localhost:57697
accept: */*

Response DefaultHttpResponse(decodeResult: success, version: HTTP/1.1)
HTTP/1.1 200 OK
Content-Type: application/json; charset=utf-8
cache-control: no-cache
content-length: 14

18:16:59.765 [AsyncHttpClient-1-5] DEBUG org.asynchttpclient.netty.channel.ChannelManager - Adding key: http://localhost:57697 for channel [id: 0xb58cfedd, L:/127.0.0.1:65409 - R:localhost/127.0.0.1:57697]
  &amp#27;[32mGiven &amp#27;[0m&amp#27;[32mI am on the home page&amp#27;[0m               &amp#27;[90m# starter.stepdefinitions.LoginStepDefinition.iAmOnTheHomePage()&amp#27;[0m
18:16:59.773 [Forwarding screenshot on session f5643695931ad9405a40004a1b2d9b3f to remote] DEBUG org.asynchttpclient.netty.request.NettyRequestSender - Using pooled Channel '[id: 0xb58cfedd, L:/127.0.0.1:65409 - R:localhost/127.0.0.1:57697]' for 'GET' to 'http://localhost:57697/session/f5643695931ad9405a40004a1b2d9b3f/screenshot'
18:16:59.773 [Forwarding screenshot on session f5643695931ad9405a40004a1b2d9b3f to remote] DEBUG org.asynchttpclient.netty.request.NettyRequestSender - Using open Channel [id: 0xb58cfedd, L:/127.0.0.1:65409 - R:localhost/127.0.0.1:57697] for GET '/session/f5643695931ad9405a40004a1b2d9b3f/screenshot'
18:16:59.794 [AsyncHttpClient-1-1] DEBUG org.asynchttpclient.netty.channel.DefaultChannelPool - Entry count for : http://localhost:65410 : 1
18:16:59.956 [AsyncHttpClient-1-5] DEBUG org.asynchttpclient.netty.handler.HttpHandler - 

Request DefaultFullHttpRequest(decodeResult: success, version: HTTP/1.1, content: EmptyByteBufBE)
GET /session/f5643695931ad9405a40004a1b2d9b3f/screenshot HTTP/1.1
User-Agent: selenium/4.1.2 (java windows)
Cache-Control: no-cache
Content-Type: application/json; charset=utf-8
host: localhost:57697
accept: */*

Response DefaultHttpResponse(decodeResult: success, version: HTTP/1.1)
HTTP/1.1 200 OK
Content-Type: application/json; charset=utf-8
cache-control: no-cache
content-length: 36256

18:16:59.957 [AsyncHttpClient-1-5] DEBUG org.asynchttpclient.netty.channel.ChannelManager - Adding key: http://localhost:57697 for channel [id: 0xb58cfedd, L:/127.0.0.1:65409 - R:localhost/127.0.0.1:57697]
18:16:59.960 [main] DEBUG net.serenitybdd.core.photography.Darkroom - Send negative for processing for target\site\serenity\c9e6d166cf7ee9032373924d7dc2ffd31bef39ff220e147d93e3c5d7039a012a.png
18:16:59.960 [Darkroom Processing Line] DEBUG net.serenitybdd.core.photography.DarkroomProcessingLine - Processing screenshot image in /var/screenshots/screenshot-17554670464904106057
18:16:59.960 [Darkroom Processing Line] DEBUG net.serenitybdd.core.photography.DarkroomProcessingLine - Saving screenshot to target\site\serenity\c9e6d166cf7ee9032373924d7dc2ffd31bef39ff220e147d93e3c5d7039a012a.png
18:16:59.976 [Forwarding findElement on session f5643695931ad9405a40004a1b2d9b3f to remote] DEBUG org.asynchttpclient.netty.request.NettyRequestSender - Using pooled Channel '[id: 0xb58cfedd, L:/127.0.0.1:65409 - R:localhost/127.0.0.1:57697]' for 'POST' to 'http://localhost:57697/session/f5643695931ad9405a40004a1b2d9b3f/element'
18:16:59.976 [Forwarding findElement on session f5643695931ad9405a40004a1b2d9b3f to remote] DEBUG org.asynchttpclient.netty.request.NettyRequestSender - Using open Channel [id: 0xb58cfedd, L:/127.0.0.1:65409 - R:localhost/127.0.0.1:57697] for POST '/session/f5643695931ad9405a40004a1b2d9b3f/element'
18:17:00.890 [AsyncHttpClient-1-1] DEBUG org.asynchttpclient.netty.channel.DefaultChannelPool - Entry count for : http://localhost:65410 : 1
18:17:01.990 [AsyncHttpClient-1-1] DEBUG org.asynchttpclient.netty.channel.DefaultChannelPool - Entry count for : http://localhost:65410 : 1
18:17:02.830 [AsyncHttpClient-1-5] DEBUG org.asynchttpclient.netty.handler.HttpHandler - 

Request DefaultHttpRequest(decodeResult: success, version: HTTP/1.1)
POST /session/f5643695931ad9405a40004a1b2d9b3f/element HTTP/1.1
User-Agent: selenium/4.1.2 (java windows)
Content-Length: 117
Content-Type: application/json; charset=utf-8
host: localhost:57697
accept: */*

Response DefaultHttpResponse(decodeResult: success, version: HTTP/1.1)
HTTP/1.1 200 OK
Content-Type: application/json; charset=utf-8
cache-control: no-cache
content-length: 88

18:17:02.830 [AsyncHttpClient-1-5] DEBUG org.asynchttpclient.netty.channel.ChannelManager - Adding key: http://localhost:57697 for channel [id: 0xb58cfedd, L:/127.0.0.1:65409 - R:localhost/127.0.0.1:57697]
18:17:02.832 [Forwarding getElementTagName on session f5643695931ad9405a40004a1b2d9b3f to remote] DEBUG org.asynchttpclient.netty.request.NettyRequestSender - Using pooled Channel '[id: 0xb58cfedd, L:/127.0.0.1:65409 - R:localhost/127.0.0.1:57697]' for 'GET' to 'http://localhost:57697/session/f5643695931ad9405a40004a1b2d9b3f/element/dc860ab6-efd6-48d3-97b5-7078ccb00b69/name'
18:17:02.832 [Forwarding getElementTagName on session f5643695931ad9405a40004a1b2d9b3f to remote] DEBUG org.asynchttpclient.netty.request.NettyRequestSender - Using open Channel [id: 0xb58cfedd, L:/127.0.0.1:65409 - R:localhost/127.0.0.1:57697] for GET '/session/f5643695931ad9405a40004a1b2d9b3f/element/dc860ab6-efd6-48d3-97b5-7078ccb00b69/name'
18:17:02.843 [AsyncHttpClient-1-5] DEBUG org.asynchttpclient.netty.handler.HttpHandler - 

Request DefaultFullHttpRequest(decodeResult: success, version: HTTP/1.1, content: EmptyByteBufBE)
GET /session/f5643695931ad9405a40004a1b2d9b3f/element/dc860ab6-efd6-48d3-97b5-7078ccb00b69/name HTTP/1.1
User-Agent: selenium/4.1.2 (java windows)
Cache-Control: no-cache
Content-Type: application/json; charset=utf-8
host: localhost:57697
accept: */*

Response DefaultHttpResponse(decodeResult: success, version: HTTP/1.1)
HTTP/1.1 200 OK
Content-Type: application/json; charset=utf-8
cache-control: no-cache
content-length: 16

18:17:02.843 [AsyncHttpClient-1-5] DEBUG org.asynchttpclient.netty.channel.ChannelManager - Adding key: http://localhost:57697 for channel [id: 0xb58cfedd, L:/127.0.0.1:65409 - R:localhost/127.0.0.1:57697]
18:17:02.845 [Forwarding getElementTagName on session f5643695931ad9405a40004a1b2d9b3f to remote] DEBUG org.asynchttpclient.netty.request.NettyRequestSender - Using pooled Channel '[id: 0xb58cfedd, L:/127.0.0.1:65409 - R:localhost/127.0.0.1:57697]' for 'GET' to 'http://localhost:57697/session/f5643695931ad9405a40004a1b2d9b3f/element/dc860ab6-efd6-48d3-97b5-7078ccb00b69/name'
18:17:02.845 [Forwarding getElementTagName on session f5643695931ad9405a40004a1b2d9b3f to remote] DEBUG org.asynchttpclient.netty.request.NettyRequestSender - Using open Channel [id: 0xb58cfedd, L:/127.0.0.1:65409 - R:localhost/127.0.0.1:57697] for GET '/session/f5643695931ad9405a40004a1b2d9b3f/element/dc860ab6-efd6-48d3-97b5-7078ccb00b69/name'
18:17:02.848 [AsyncHttpClient-1-5] DEBUG org.asynchttpclient.netty.handler.HttpHandler - 

Request DefaultFullHttpRequest(decodeResult: success, version: HTTP/1.1, content: EmptyByteBufBE)
GET /session/f5643695931ad9405a40004a1b2d9b3f/element/dc860ab6-efd6-48d3-97b5-7078ccb00b69/name HTTP/1.1
User-Agent: selenium/4.1.2 (java windows)
Cache-Control: no-cache
Content-Type: application/json; charset=utf-8
host: localhost:57697
accept: */*

Response DefaultHttpResponse(decodeResult: success, version: HTTP/1.1)
HTTP/1.1 200 OK
Content-Type: application/json; charset=utf-8
cache-control: no-cache
content-length: 16

18:17:02.848 [AsyncHttpClient-1-5] DEBUG org.asynchttpclient.netty.channel.ChannelManager - Adding key: http://localhost:57697 for channel [id: 0xb58cfedd, L:/127.0.0.1:65409 - R:localhost/127.0.0.1:57697]
18:17:02.850 [Forwarding findElement on session f5643695931ad9405a40004a1b2d9b3f to remote] DEBUG org.asynchttpclient.netty.request.NettyRequestSender - Using pooled Channel '[id: 0xb58cfedd, L:/127.0.0.1:65409 - R:localhost/127.0.0.1:57697]' for 'POST' to 'http://localhost:57697/session/f5643695931ad9405a40004a1b2d9b3f/element'
18:17:02.850 [Forwarding findElement on session f5643695931ad9405a40004a1b2d9b3f to remote] DEBUG org.asynchttpclient.netty.request.NettyRequestSender - Using open Channel [id: 0xb58cfedd, L:/127.0.0.1:65409 - R:localhost/127.0.0.1:57697] for POST '/session/f5643695931ad9405a40004a1b2d9b3f/element'
18:17:02.867 [AsyncHttpClient-1-5] DEBUG org.asynchttpclient.netty.handler.HttpHandler - 

Request DefaultHttpRequest(decodeResult: success, version: HTTP/1.1)
POST /session/f5643695931ad9405a40004a1b2d9b3f/element HTTP/1.1
User-Agent: selenium/4.1.2 (java windows)
Content-Length: 117
Content-Type: application/json; charset=utf-8
host: localhost:57697
accept: */*

Response DefaultHttpResponse(decodeResult: success, version: HTTP/1.1)
HTTP/1.1 200 OK
Content-Type: application/json; charset=utf-8
cache-control: no-cache
content-length: 88

18:17:02.868 [AsyncHttpClient-1-5] DEBUG org.asynchttpclient.netty.channel.ChannelManager - Adding key: http://localhost:57697 for channel [id: 0xb58cfedd, L:/127.0.0.1:65409 - R:localhost/127.0.0.1:57697]
18:17:02.869 [Forwarding clickElement on session f5643695931ad9405a40004a1b2d9b3f to remote] DEBUG org.asynchttpclient.netty.request.NettyRequestSender - Using pooled Channel '[id: 0xb58cfedd, L:/127.0.0.1:65409 - R:localhost/127.0.0.1:57697]' for 'POST' to 'http://localhost:57697/session/f5643695931ad9405a40004a1b2d9b3f/element/dc860ab6-efd6-48d3-97b5-7078ccb00b69/click'
18:17:02.869 [Forwarding clickElement on session f5643695931ad9405a40004a1b2d9b3f to remote] DEBUG org.asynchttpclient.netty.request.NettyRequestSender - Using open Channel [id: 0xb58cfedd, L:/127.0.0.1:65409 - R:localhost/127.0.0.1:57697] for POST '/session/f5643695931ad9405a40004a1b2d9b3f/element/dc860ab6-efd6-48d3-97b5-7078ccb00b69/click'
18:17:02.927 [AsyncHttpClient-1-5] DEBUG org.asynchttpclient.netty.handler.HttpHandler - 

Request DefaultHttpRequest(decodeResult: success, version: HTTP/1.1)
POST /session/f5643695931ad9405a40004a1b2d9b3f/element/dc860ab6-efd6-48d3-97b5-7078ccb00b69/click HTTP/1.1
User-Agent: selenium/4.1.2 (java windows)
Content-Length: 50
Content-Type: application/json; charset=utf-8
host: localhost:57697
accept: */*

Response DefaultHttpResponse(decodeResult: success, version: HTTP/1.1)
HTTP/1.1 200 OK
Content-Type: application/json; charset=utf-8
cache-control: no-cache
content-length: 14

18:17:02.927 [AsyncHttpClient-1-5] DEBUG org.asynchttpclient.netty.channel.ChannelManager - Adding key: http://localhost:57697 for channel [id: 0xb58cfedd, L:/127.0.0.1:65409 - R:localhost/127.0.0.1:57697]
  &amp#27;[32mWhen &amp#27;[0m&amp#27;[32mI click buy button&amp#27;[0m                   &amp#27;[90m# starter.stepdefinitions.HomeStep.iClickBuyButton()&amp#27;[0m
18:17:02.933 [Forwarding screenshot on session f5643695931ad9405a40004a1b2d9b3f to remote] DEBUG org.asynchttpclient.netty.request.NettyRequestSender - Using pooled Channel '[id: 0xb58cfedd, L:/127.0.0.1:65409 - R:localhost/127.0.0.1:57697]' for 'GET' to 'http://localhost:57697/session/f5643695931ad9405a40004a1b2d9b3f/screenshot'
18:17:02.934 [Forwarding screenshot on session f5643695931ad9405a40004a1b2d9b3f to remote] DEBUG org.asynchttpclient.netty.request.NettyRequestSender - Using open Channel [id: 0xb58cfedd, L:/127.0.0.1:65409 - R:localhost/127.0.0.1:57697] for GET '/session/f5643695931ad9405a40004a1b2d9b3f/screenshot'
18:17:03.089 [AsyncHttpClient-1-1] DEBUG org.asynchttpclient.netty.channel.DefaultChannelPool - Entry count for : http://localhost:65410 : 1
18:17:03.093 [AsyncHttpClient-1-5] DEBUG org.asynchttpclient.netty.handler.HttpHandler - 

Request DefaultFullHttpRequest(decodeResult: success, version: HTTP/1.1, content: EmptyByteBufBE)
GET /session/f5643695931ad9405a40004a1b2d9b3f/screenshot HTTP/1.1
User-Agent: selenium/4.1.2 (java windows)
Cache-Control: no-cache
Content-Type: application/json; charset=utf-8
host: localhost:57697
accept: */*

Response DefaultHttpResponse(decodeResult: success, version: HTTP/1.1)
HTTP/1.1 200 OK
Content-Type: application/json; charset=utf-8
cache-control: no-cache
content-length: 78136

18:17:03.093 [AsyncHttpClient-1-5] DEBUG org.asynchttpclient.netty.channel.ChannelManager - Adding key: http://localhost:57697 for channel [id: 0xb58cfedd, L:/127.0.0.1:65409 - R:localhost/127.0.0.1:57697]
18:17:03.098 [main] DEBUG net.serenitybdd.core.photography.Darkroom - Send negative for processing for target\site\serenity\a8d10bab8a3d61db509c7d9772d908574ee8243f0d064044615837179a2af7dd.png
18:17:03.098 [Darkroom Processing Line] DEBUG net.serenitybdd.core.photography.DarkroomProcessingLine - Processing screenshot image in /var/screenshots/screenshot-4714559286271068743
18:17:03.098 [Darkroom Processing Line] DEBUG net.serenitybdd.core.photography.DarkroomProcessingLine - Saving screenshot to target\site\serenity\a8d10bab8a3d61db509c7d9772d908574ee8243f0d064044615837179a2af7dd.png
18:17:03.104 [Forwarding findElement on session f5643695931ad9405a40004a1b2d9b3f to remote] DEBUG org.asynchttpclient.netty.request.NettyRequestSender - Using pooled Channel '[id: 0xb58cfedd, L:/127.0.0.1:65409 - R:localhost/127.0.0.1:57697]' for 'POST' to 'http://localhost:57697/session/f5643695931ad9405a40004a1b2d9b3f/element'
18:17:03.104 [Forwarding findElement on session f5643695931ad9405a40004a1b2d9b3f to remote] DEBUG org.asynchttpclient.netty.request.NettyRequestSender - Using open Channel [id: 0xb58cfedd, L:/127.0.0.1:65409 - R:localhost/127.0.0.1:57697] for POST '/session/f5643695931ad9405a40004a1b2d9b3f/element'
18:17:03.131 [AsyncHttpClient-1-5] DEBUG org.asynchttpclient.netty.handler.HttpHandler - 

Request DefaultHttpRequest(decodeResult: success, version: HTTP/1.1)
POST /session/f5643695931ad9405a40004a1b2d9b3f/element HTTP/1.1
User-Agent: selenium/4.1.2 (java windows)
Content-Length: 117
Content-Type: application/json; charset=utf-8
host: localhost:57697
accept: */*

Response DefaultHttpResponse(decodeResult: success, version: HTTP/1.1)
HTTP/1.1 200 OK
Content-Type: application/json; charset=utf-8
cache-control: no-cache
content-length: 88

18:17:03.132 [AsyncHttpClient-1-5] DEBUG org.asynchttpclient.netty.channel.ChannelManager - Adding key: http://localhost:57697 for channel [id: 0xb58cfedd, L:/127.0.0.1:65409 - R:localhost/127.0.0.1:57697]
18:17:03.134 [Forwarding getElementTagName on session f5643695931ad9405a40004a1b2d9b3f to remote] DEBUG org.asynchttpclient.netty.request.NettyRequestSender - Using pooled Channel '[id: 0xb58cfedd, L:/127.0.0.1:65409 - R:localhost/127.0.0.1:57697]' for 'GET' to 'http://localhost:57697/session/f5643695931ad9405a40004a1b2d9b3f/element/dc860ab6-efd6-48d3-97b5-7078ccb00b69/name'
18:17:03.139 [Forwarding getElementTagName on session f5643695931ad9405a40004a1b2d9b3f to remote] DEBUG org.asynchttpclient.netty.request.NettyRequestSender - Using open Channel [id: 0xb58cfedd, L:/127.0.0.1:65409 - R:localhost/127.0.0.1:57697] for GET '/session/f5643695931ad9405a40004a1b2d9b3f/element/dc860ab6-efd6-48d3-97b5-7078ccb00b69/name'
18:17:03.144 [AsyncHttpClient-1-5] DEBUG org.asynchttpclient.netty.handler.HttpHandler - 

Request DefaultFullHttpRequest(decodeResult: success, version: HTTP/1.1, content: EmptyByteBufBE)
GET /session/f5643695931ad9405a40004a1b2d9b3f/element/dc860ab6-efd6-48d3-97b5-7078ccb00b69/name HTTP/1.1
User-Agent: selenium/4.1.2 (java windows)
Cache-Control: no-cache
Content-Type: application/json; charset=utf-8
host: localhost:57697
accept: */*

Response DefaultHttpResponse(decodeResult: success, version: HTTP/1.1)
HTTP/1.1 200 OK
Content-Type: application/json; charset=utf-8
cache-control: no-cache
content-length: 16

18:17:03.144 [AsyncHttpClient-1-5] DEBUG org.asynchttpclient.netty.channel.ChannelManager - Adding key: http://localhost:57697 for channel [id: 0xb58cfedd, L:/127.0.0.1:65409 - R:localhost/127.0.0.1:57697]
18:17:03.145 [Forwarding getElementTagName on session f5643695931ad9405a40004a1b2d9b3f to remote] DEBUG org.asynchttpclient.netty.request.NettyRequestSender - Using pooled Channel '[id: 0xb58cfedd, L:/127.0.0.1:65409 - R:localhost/127.0.0.1:57697]' for 'GET' to 'http://localhost:57697/session/f5643695931ad9405a40004a1b2d9b3f/element/dc860ab6-efd6-48d3-97b5-7078ccb00b69/name'
18:17:03.145 [Forwarding getElementTagName on session f5643695931ad9405a40004a1b2d9b3f to remote] DEBUG org.asynchttpclient.netty.request.NettyRequestSender - Using open Channel [id: 0xb58cfedd, L:/127.0.0.1:65409 - R:localhost/127.0.0.1:57697] for GET '/session/f5643695931ad9405a40004a1b2d9b3f/element/dc860ab6-efd6-48d3-97b5-7078ccb00b69/name'
18:17:03.148 [AsyncHttpClient-1-5] DEBUG org.asynchttpclient.netty.handler.HttpHandler - 

Request DefaultFullHttpRequest(decodeResult: success, version: HTTP/1.1, content: EmptyByteBufBE)
GET /session/f5643695931ad9405a40004a1b2d9b3f/element/dc860ab6-efd6-48d3-97b5-7078ccb00b69/name HTTP/1.1
User-Agent: selenium/4.1.2 (java windows)
Cache-Control: no-cache
Content-Type: application/json; charset=utf-8
host: localhost:57697
accept: */*

Response DefaultHttpResponse(decodeResult: success, version: HTTP/1.1)
HTTP/1.1 200 OK
Content-Type: application/json; charset=utf-8
cache-control: no-cache
content-length: 16

18:17:03.148 [AsyncHttpClient-1-5] DEBUG org.asynchttpclient.netty.channel.ChannelManager - Adding key: http://localhost:57697 for channel [id: 0xb58cfedd, L:/127.0.0.1:65409 - R:localhost/127.0.0.1:57697]
18:17:03.152 [Forwarding findElement on session f5643695931ad9405a40004a1b2d9b3f to remote] DEBUG org.asynchttpclient.netty.request.NettyRequestSender - Using pooled Channel '[id: 0xb58cfedd, L:/127.0.0.1:65409 - R:localhost/127.0.0.1:57697]' for 'POST' to 'http://localhost:57697/session/f5643695931ad9405a40004a1b2d9b3f/element'
18:17:03.152 [Forwarding findElement on session f5643695931ad9405a40004a1b2d9b3f to remote] DEBUG org.asynchttpclient.netty.request.NettyRequestSender - Using open Channel [id: 0xb58cfedd, L:/127.0.0.1:65409 - R:localhost/127.0.0.1:57697] for POST '/session/f5643695931ad9405a40004a1b2d9b3f/element'
18:17:03.269 [AsyncHttpClient-1-5] DEBUG org.asynchttpclient.netty.handler.HttpHandler - 

Request DefaultHttpRequest(decodeResult: success, version: HTTP/1.1)
POST /session/f5643695931ad9405a40004a1b2d9b3f/element HTTP/1.1
User-Agent: selenium/4.1.2 (java windows)
Content-Length: 117
Content-Type: application/json; charset=utf-8
host: localhost:57697
accept: */*

Response DefaultHttpResponse(decodeResult: success, version: HTTP/1.1)
HTTP/1.1 200 OK
Content-Type: application/json; charset=utf-8
cache-control: no-cache
content-length: 88

18:17:03.269 [AsyncHttpClient-1-5] DEBUG org.asynchttpclient.netty.channel.ChannelManager - Adding key: http://localhost:57697 for channel [id: 0xb58cfedd, L:/127.0.0.1:65409 - R:localhost/127.0.0.1:57697]
18:17:03.273 [Forwarding clickElement on session f5643695931ad9405a40004a1b2d9b3f to remote] DEBUG org.asynchttpclient.netty.request.NettyRequestSender - Using pooled Channel '[id: 0xb58cfedd, L:/127.0.0.1:65409 - R:localhost/127.0.0.1:57697]' for 'POST' to 'http://localhost:57697/session/f5643695931ad9405a40004a1b2d9b3f/element/dc860ab6-efd6-48d3-97b5-7078ccb00b69/click'
18:17:03.273 [Forwarding clickElement on session f5643695931ad9405a40004a1b2d9b3f to remote] DEBUG org.asynchttpclient.netty.request.NettyRequestSender - Using open Channel [id: 0xb58cfedd, L:/127.0.0.1:65409 - R:localhost/127.0.0.1:57697] for POST '/session/f5643695931ad9405a40004a1b2d9b3f/element/dc860ab6-efd6-48d3-97b5-7078ccb00b69/click'
18:17:03.353 [AsyncHttpClient-1-5] DEBUG org.asynchttpclient.netty.handler.HttpHandler - 

Request DefaultHttpRequest(decodeResult: success, version: HTTP/1.1)
POST /session/f5643695931ad9405a40004a1b2d9b3f/element/dc860ab6-efd6-48d3-97b5-7078ccb00b69/click HTTP/1.1
User-Agent: selenium/4.1.2 (java windows)
Content-Length: 50
Content-Type: application/json; charset=utf-8
host: localhost:57697
accept: */*

Response DefaultHttpResponse(decodeResult: success, version: HTTP/1.1)
HTTP/1.1 200 OK
Content-Type: application/json; charset=utf-8
cache-control: no-cache
content-length: 14

18:17:03.353 [AsyncHttpClient-1-5] DEBUG org.asynchttpclient.netty.channel.ChannelManager - Adding key: http://localhost:57697 for channel [id: 0xb58cfedd, L:/127.0.0.1:65409 - R:localhost/127.0.0.1:57697]
  &amp#27;[32mAnd &amp#27;[0m&amp#27;[32mI click buy button in other product&amp#27;[0m   &amp#27;[90m# starter.stepdefinitions.HomeStep.iClickBuyButtonInOtherProduct()&amp#27;[0m
18:17:03.360 [Forwarding screenshot on session f5643695931ad9405a40004a1b2d9b3f to remote] DEBUG org.asynchttpclient.netty.request.NettyRequestSender - Using pooled Channel '[id: 0xb58cfedd, L:/127.0.0.1:65409 - R:localhost/127.0.0.1:57697]' for 'GET' to 'http://localhost:57697/session/f5643695931ad9405a40004a1b2d9b3f/screenshot'
18:17:03.360 [Forwarding screenshot on session f5643695931ad9405a40004a1b2d9b3f to remote] DEBUG org.asynchttpclient.netty.request.NettyRequestSender - Using open Channel [id: 0xb58cfedd, L:/127.0.0.1:65409 - R:localhost/127.0.0.1:57697] for GET '/session/f5643695931ad9405a40004a1b2d9b3f/screenshot'
18:17:03.505 [AsyncHttpClient-1-5] DEBUG org.asynchttpclient.netty.handler.HttpHandler - 

Request DefaultFullHttpRequest(decodeResult: success, version: HTTP/1.1, content: EmptyByteBufBE)
GET /session/f5643695931ad9405a40004a1b2d9b3f/screenshot HTTP/1.1
User-Agent: selenium/4.1.2 (java windows)
Cache-Control: no-cache
Content-Type: application/json; charset=utf-8
host: localhost:57697
accept: */*

Response DefaultHttpResponse(decodeResult: success, version: HTTP/1.1)
HTTP/1.1 200 OK
Content-Type: application/json; charset=utf-8
cache-control: no-cache
content-length: 78068

18:17:03.506 [AsyncHttpClient-1-5] DEBUG org.asynchttpclient.netty.channel.ChannelManager - Adding key: http://localhost:57697 for channel [id: 0xb58cfedd, L:/127.0.0.1:65409 - R:localhost/127.0.0.1:57697]
18:17:03.509 [main] DEBUG net.serenitybdd.core.photography.Darkroom - Send negative for processing for target\site\serenity\14605d23ef0344296f5e23edbda8f0bb989e3d3dd4807e17dcb9f3ba8760e3ca.png
18:17:03.509 [Darkroom Processing Line] DEBUG net.serenitybdd.core.photography.DarkroomProcessingLine - Processing screenshot image in /var/screenshots/screenshot-13065751898125323685
18:17:03.509 [Darkroom Processing Line] DEBUG net.serenitybdd.core.photography.DarkroomProcessingLine - Saving screenshot to target\site\serenity\14605d23ef0344296f5e23edbda8f0bb989e3d3dd4807e17dcb9f3ba8760e3ca.png
18:17:03.514 [Forwarding findElement on session f5643695931ad9405a40004a1b2d9b3f to remote] DEBUG org.asynchttpclient.netty.request.NettyRequestSender - Using pooled Channel '[id: 0xb58cfedd, L:/127.0.0.1:65409 - R:localhost/127.0.0.1:57697]' for 'POST' to 'http://localhost:57697/session/f5643695931ad9405a40004a1b2d9b3f/element'
18:17:03.515 [Forwarding findElement on session f5643695931ad9405a40004a1b2d9b3f to remote] DEBUG org.asynchttpclient.netty.request.NettyRequestSender - Using open Channel [id: 0xb58cfedd, L:/127.0.0.1:65409 - R:localhost/127.0.0.1:57697] for POST '/session/f5643695931ad9405a40004a1b2d9b3f/element'
18:17:03.532 [AsyncHttpClient-1-5] DEBUG org.asynchttpclient.netty.handler.HttpHandler - 

Request DefaultHttpRequest(decodeResult: success, version: HTTP/1.1)
POST /session/f5643695931ad9405a40004a1b2d9b3f/element HTTP/1.1
User-Agent: selenium/4.1.2 (java windows)
Content-Length: 102
Content-Type: application/json; charset=utf-8
host: localhost:57697
accept: */*

Response DefaultHttpResponse(decodeResult: success, version: HTTP/1.1)
HTTP/1.1 200 OK
Content-Type: application/json; charset=utf-8
cache-control: no-cache
content-length: 88

18:17:03.533 [AsyncHttpClient-1-5] DEBUG org.asynchttpclient.netty.channel.ChannelManager - Adding key: http://localhost:57697 for channel [id: 0xb58cfedd, L:/127.0.0.1:65409 - R:localhost/127.0.0.1:57697]
18:17:03.536 [Forwarding isElementDisplayed on session f5643695931ad9405a40004a1b2d9b3f to remote] DEBUG org.asynchttpclient.netty.request.NettyRequestSender - Using pooled Channel '[id: 0xb58cfedd, L:/127.0.0.1:65409 - R:localhost/127.0.0.1:57697]' for 'POST' to 'http://localhost:57697/session/f5643695931ad9405a40004a1b2d9b3f/execute/sync'
18:17:03.536 [Forwarding isElementDisplayed on session f5643695931ad9405a40004a1b2d9b3f to remote] DEBUG org.asynchttpclient.netty.request.NettyRequestSender - Using open Channel [id: 0xb58cfedd, L:/127.0.0.1:65409 - R:localhost/127.0.0.1:57697] for POST '/session/f5643695931ad9405a40004a1b2d9b3f/execute/sync'
18:17:03.547 [AsyncHttpClient-1-5] DEBUG org.asynchttpclient.netty.handler.HttpHandler - 

Request DefaultHttpRequest(decodeResult: success, version: HTTP/1.1)
POST /session/f5643695931ad9405a40004a1b2d9b3f/execute/sync HTTP/1.1
User-Agent: selenium/4.1.2 (java windows)
Content-Length: 48780
Content-Type: application/json; charset=utf-8
host: localhost:57697
accept: */*

Response DefaultHttpResponse(decodeResult: success, version: HTTP/1.1)
HTTP/1.1 200 OK
Content-Type: application/json; charset=utf-8
cache-control: no-cache
content-length: 14

18:17:03.547 [AsyncHttpClient-1-5] DEBUG org.asynchttpclient.netty.channel.ChannelManager - Adding key: http://localhost:57697 for channel [id: 0xb58cfedd, L:/127.0.0.1:65409 - R:localhost/127.0.0.1:57697]
  &amp#27;[32mThen &amp#27;[0m&amp#27;[32mThe product success added to cart&amp#27;[0m    &amp#27;[90m# starter.stepdefinitions.HomeStep.theProductSuccessAddedToCart()&amp#27;[0m
18:17:03.552 [main] INFO  - 
  _____   ___   ___   _____     ___     _     ___   ___   ___   ___  
 |_   _| | __| / __| |_   _|   | _ \   /_\   / __| / __| | __| |   \ 
   | |   | _|  \__ \   | |     |  _/  / _ \  \__ \ \__ \ | _|  | |) |
   |_|   |___| |___/   |_|     |_|   /_/ \_\ |___/ |___/ |___| |___/ 

I want add two product to trolley
----------------------------------------------------------------------
18:17:03.553 [AsyncHttpClient-1-7] DEBUG org.asynchttpclient.netty.handler.WebSocketHandler - Channel Closed: [id: 0x1f2854aa, L:/127.0.0.1:65417 ! R:localhost/127.0.0.1:65410] with attribute NettyResponseFuture{currentRetry=5,
	isDone=1,
	isCancelled=0,
	asyncHandler=org.asynchttpclient.ws.WebSocketUpgradeHandler@494cc8fe,
	nettyRequest=org.asynchttpclient.netty.request.NettyRequest@c4e5fb3,
	future=java.util.concurrent.CompletableFuture@6a003567[Completed normally],
	uri=ws://localhost:65410/devtools/browser/cf3c4cf0-d877-49a0-b1b4-3491e0b43c36,
	keepAlive=true,
	redirectCount=0,
	timeoutsHolder=null,
	inAuth=0,
	touch=1667560618744}
18:17:03.553 [AsyncHttpClient-1-7] DEBUG org.asynchttpclient.netty.channel.ChannelManager - Closing Channel [id: 0x1f2854aa, L:/127.0.0.1:65417 ! R:localhost/127.0.0.1:65410] 
18:17:03.554 [Driver Command Executor] DEBUG org.asynchttpclient.netty.request.NettyRequestSender - Using pooled Channel '[id: 0xb58cfedd, L:/127.0.0.1:65409 - R:localhost/127.0.0.1:57697]' for 'DELETE' to 'http://localhost:57697/session/f5643695931ad9405a40004a1b2d9b3f'
18:17:03.555 [Driver Command Executor] DEBUG org.asynchttpclient.netty.request.NettyRequestSender - Using open Channel [id: 0xb58cfedd, L:/127.0.0.1:65409 - R:localhost/127.0.0.1:57697] for DELETE '/session/f5643695931ad9405a40004a1b2d9b3f'
18:17:03.700 [AsyncHttpClient-1-6] DEBUG org.asynchttpclient.netty.handler.HttpHandler - Unexpected I/O exception on channel [id: 0xd3c4b89b, L:/127.0.0.1:65416 - R:localhost/127.0.0.1:65410]
java.io.IOException: An existing connection was forcibly closed by the remote host
	at java.base/sun.nio.ch.SocketDispatcher.read0(Native Method)
	at java.base/sun.nio.ch.SocketDispatcher.read(SocketDispatcher.java:43)
	at java.base/sun.nio.ch.IOUtil.readIntoNativeBuffer(IOUtil.java:276)
	at java.base/sun.nio.ch.IOUtil.read(IOUtil.java:233)
	at java.base/sun.nio.ch.IOUtil.read(IOUtil.java:223)
	at java.base/sun.nio.ch.SocketChannelImpl.read(SocketChannelImpl.java:358)
	at io.netty.buffer.PooledByteBuf.setBytes(PooledByteBuf.java:258)
	at io.netty.buffer.AbstractByteBuf.writeBytes(AbstractByteBuf.java:1132)
	at io.netty.channel.socket.nio.NioSocketChannel.doReadBytes(NioSocketChannel.java:350)
	at io.netty.channel.nio.AbstractNioByteChannel$NioByteUnsafe.read(AbstractNioByteChannel.java:151)
	at io.netty.channel.nio.NioEventLoop.processSelectedKey(NioEventLoop.java:722)
	at io.netty.channel.nio.NioEventLoop.processSelectedKeysOptimized(NioEventLoop.java:658)
	at io.netty.channel.nio.NioEventLoop.processSelectedKeys(NioEventLoop.java:584)
	at io.netty.channel.nio.NioEventLoop.run(NioEventLoop.java:496)
	at io.netty.util.concurrent.SingleThreadEventExecutor$4.run(SingleThreadEventExecutor.java:986)
	at io.netty.util.internal.ThreadExecutorMap$2.run(ThreadExecutorMap.java:74)
	at io.netty.util.concurrent.FastThreadLocalRunnable.run(FastThreadLocalRunnable.java:30)
	at java.base/java.lang.Thread.run(Thread.java:834)
18:17:03.700 [AsyncHttpClient-1-6] DEBUG org.asynchttpclient.netty.channel.ChannelManager - Closing Channel [id: 0xd3c4b89b, L:/127.0.0.1:65416 - R:localhost/127.0.0.1:65410] 
18:17:03.700 [AsyncHttpClient-1-6] DEBUG org.asynchttpclient.netty.handler.HttpHandler - Channel Closed: [id: 0xd3c4b89b, L:/127.0.0.1:65416 ! R:localhost/127.0.0.1:65410] with attribute DISCARD
18:17:03.718 [AsyncHttpClient-1-5] DEBUG org.asynchttpclient.netty.handler.HttpHandler - 

Request DefaultFullHttpRequest(decodeResult: success, version: HTTP/1.1, content: EmptyByteBufBE)
DELETE /session/f5643695931ad9405a40004a1b2d9b3f HTTP/1.1
User-Agent: selenium/4.1.2 (java windows)
Content-Type: application/json; charset=utf-8
host: localhost:57697
accept: */*

Response DefaultHttpResponse(decodeResult: success, version: HTTP/1.1)
HTTP/1.1 200 OK
Content-Type: application/json; charset=utf-8
cache-control: no-cache
content-length: 14

18:17:03.718 [AsyncHttpClient-1-5] DEBUG org.asynchttpclient.netty.channel.ChannelManager - Adding key: http://localhost:57697 for channel [id: 0xb58cfedd, L:/127.0.0.1:65409 - R:localhost/127.0.0.1:57697]
18:17:03.788 [AsyncHttpClient-1-5] DEBUG org.asynchttpclient.netty.handler.HttpHandler - Channel Closed: [id: 0xb58cfedd, L:/127.0.0.1:65409 ! R:localhost/127.0.0.1:57697] with attribute DISCARD
]]></system-out>
    <system-err><![CDATA[Starting ChromeDriver 107.0.5304.62 (1eec40d3a5764881c92085aaee66d25075c159aa-refs/branch-heads/5304@{#942}) on port 57697
Only local connections are allowed.
Please see https://chromedriver.chromium.org/security-considerations for suggestions on keeping ChromeDriver safe.
ChromeDriver was started successfully.
Nov 04, 2022 6:16:58 PM org.openqa.selenium.remote.ProtocolHandshake createSession
INFO: Detected dialect: W3C
Nov 04, 2022 6:16:58 PM org.openqa.selenium.devtools.CdpVersionFinder findNearestMatch
WARNING: Unable to find an exact match for CDP version 107, so returning the closest version found: a no-op implementation
Nov 04, 2022 6:16:58 PM org.openqa.selenium.devtools.CdpVersionFinder findNearestMatch
INFO: Unable to find CDP implementation matching 107.
Nov 04, 2022 6:16:58 PM org.openqa.selenium.chromium.ChromiumDriver lambda$new$3
WARNING: Unable to find version of CDP to use for . You may need to include a dependency on a specific version of the CDP using something similar to `org.seleniumhq.selenium:selenium-devtools-v86:4.1.2` where the version ("v86") matches the version of the chromium-based browser you're using and the version number of the artifact is the same as Selenium's.
]]></system-err>
  </testcase>
  <testcase name="I want to see the detail product of PS5" classname="Home" time="9.176">
    <error type="org.openqa.selenium.NoSuchElementException"><![CDATA[org.openqa.selenium.NoSuchElementException: 
no such element: Unable to locate element: {"method":"xpath","selector":"//div[@class='v-rating v-rating--dense']"}
  (Session info: chrome=107.0.5304.88)
For documentation on this error, please visit: https://selenium.dev/exceptions/#no_such_element
Build info: version: '4.1.2', revision: '9a5a329c5a'
System info: host: 'JUSTR', ip: '192.168.190.194', os.name: 'Windows 11', os.arch: 'amd64', os.version: '10.0', java.version: '11.0.16'
Driver info: org.openqa.selenium.chrome.ChromeDriver
Command: [0bbc1a4487c255fff7cf7291109d8c94, findElement {using=xpath, value=//div[@class='v-rating v-rating--dense']}]
Capabilities {acceptInsecureCerts: false, browserName: chrome, browserVersion: 107.0.5304.88, chrome: {chromedriverVersion: 107.0.5304.62 (1eec40d3a576..., userDataDir: C:\Users\rilaa\AppData\Loca...}, goog:chromeOptions: {debuggerAddress: localhost:65434}, javascriptEnabled: true, networkConnectionEnabled: false, pageLoadStrategy: normal, platform: WINDOWS, platformName: WINDOWS, proxy: Proxy(), se:cdp: ws://localhost:65434/devtoo..., se:cdpVersion: 107.0.5304.88, setWindowRect: true, strictFileInteractability: false, timeouts: {implicit: 0, pageLoad: 300000, script: 30000}, unhandledPromptBehavior: dismiss and notify, webauthn:extension:credBlob: true, webauthn:extension:largeBlob: true, webauthn:virtualAuthenticators: true}
Session ID: 0bbc1a4487c255fff7cf7291109d8c94
]]></error>
    <system-out><![CDATA[
@Home
Scenario: I want to see the detail product of PS5 &amp#27;[90m# src/test/resources/features/home.feature:18&amp#27;[0m
18:17:03.875 [main] INFO io.cucumber.core.plugin.SerenityReporter - Running feature from file:///D:/Ra/file%20kuliah/semester%207/resume%20alta/Mini%20Project/Web/AltaShop/src/test/resources/features/home.feature
18:17:03.878 [main] INFO  - 
  _____   ___   ___   _____     ___   _____     _     ___   _____   ___   ___  
 |_   _| | __| / __| |_   _|   / __| |_   _|   /_\   | _ \ |_   _| | __| |   \ 
   | |   | _|  \__ \   | |     \__ \   | |    / _ \  |   /   | |   | _|  | |) |
   |_|   |___| |___/   |_|     |___/   |_|   /_/ \_\ |_|_\   |_|   |___| |___/ 

I want to see the detail product of PS5(home;i-want-to-see-the-detail-product-of-ps5)
--------------------------------------------------------------------------------
18:17:03.926 [main] INFO net.serenitybdd.core.webdriver.driverproviders.ChromeDriverProvider - Using automatically driver download
18:17:04.042 [main] DEBUG io.github.bonigarcia.wdm.cache.ResolutionCache - Resolution chrome=107 in cache (valid until 18:54:29 04/11/2022 ICT)
18:17:04.046 [main] DEBUG io.github.bonigarcia.wdm.cache.ResolutionCache - Resolution chrome107=107.0.5304.62 in cache (valid until 17:54:29 05/11/2022 ICT)
18:17:04.048 [main] INFO io.github.bonigarcia.wdm.WebDriverManager - Using chromedriver 107.0.5304.62 (resolved driver for Chrome 107)
18:17:04.060 [main] DEBUG io.github.bonigarcia.wdm.WebDriverManager - Driver chromedriver 107.0.5304.62 found in cache
18:17:04.061 [main] INFO io.github.bonigarcia.wdm.WebDriverManager - Exporting webdriver.chrome.driver as C:\Users\rilaa\.cache\selenium\chromedriver\win32\107.0.5304.62\chromedriver.exe
18:17:04.161 [main] DEBUG net.serenitybdd.core.webdriver.driverproviders.ProvideNewDriver - Instantiating driver
18:17:04.161 [main] DEBUG net.serenitybdd.core.webdriver.driverproviders.ProvideNewDriver - Driver capabilities: Capabilities {acceptInsecureCerts: false, base.url: https://alta-shop.vercel.app, browserName: chrome, chrome.driver: src/test/resources/webdrive..., driver: chrome, goog:chromeOptions: {args: [], extensions: []}}
18:17:04.193 [AsyncHttpClient-1-1] DEBUG org.asynchttpclient.netty.channel.DefaultChannelPool - Entry count for : http://localhost:57697 : 1
18:17:04.193 [AsyncHttpClient-1-1] DEBUG org.asynchttpclient.netty.channel.DefaultChannelPool - Entry count for : http://localhost:65410 : 1
18:17:04.193 [AsyncHttpClient-1-1] DEBUG org.asynchttpclient.netty.channel.DefaultChannelPool - Adding Candidate expired Channel [id: 0xb58cfedd, L:/127.0.0.1:65409 ! R:localhost/127.0.0.1:57697] isIdleTimeoutExpired=false isRemotelyClosed=true isTtlExpired=false
18:17:04.193 [AsyncHttpClient-1-1] DEBUG org.asynchttpclient.netty.channel.DefaultChannelPool - Closing Idle Channel [id: 0xb58cfedd, L:/127.0.0.1:65409 ! R:localhost/127.0.0.1:57697]
18:17:04.193 [AsyncHttpClient-1-1] DEBUG org.asynchttpclient.netty.channel.DefaultChannelPool - Adding Candidate expired Channel [id: 0xd3c4b89b, L:/127.0.0.1:65416 ! R:localhost/127.0.0.1:65410] isIdleTimeoutExpired=false isRemotelyClosed=true isTtlExpired=false
18:17:04.193 [AsyncHttpClient-1-1] DEBUG org.asynchttpclient.netty.channel.DefaultChannelPool - Closing Idle Channel [id: 0xd3c4b89b, L:/127.0.0.1:65416 ! R:localhost/127.0.0.1:65410]
18:17:04.193 [AsyncHttpClient-1-1] DEBUG org.asynchttpclient.netty.channel.DefaultChannelPool - Closed 2 connections out of 2 in 0 ms
18:17:04.278 [AsyncHttpClient-1-8] DEBUG org.asynchttpclient.netty.channel.NettyConnectListener - Using new Channel '[id: 0x93eab006, L:/127.0.0.1:65433 - R:localhost/127.0.0.1:62666]' for 'POST' to '/session'
18:17:05.079 [AsyncHttpClient-1-8] DEBUG org.asynchttpclient.netty.handler.HttpHandler - 

Request DefaultHttpRequest(decodeResult: success, version: HTTP/1.1)
POST /session HTTP/1.1
User-Agent: selenium/4.1.2 (java windows)
Content-Length: 609
Content-Type: application/json; charset=utf-8
host: localhost:62666
accept: */*

Response DefaultHttpResponse(decodeResult: success, version: HTTP/1.1)
HTTP/1.1 200 OK
Content-Type: application/json; charset=utf-8
cache-control: no-cache
content-length: 789

18:17:05.079 [AsyncHttpClient-1-8] DEBUG org.asynchttpclient.netty.channel.ChannelManager - Adding key: http://localhost:62666 for channel [id: 0x93eab006, L:/127.0.0.1:65433 - R:localhost/127.0.0.1:62666]
18:17:05.115 [AsyncHttpClient-1-9] DEBUG org.asynchttpclient.netty.channel.NettyConnectListener - Using new Channel '[id: 0x5a4e694b, L:/127.0.0.1:65440 - R:localhost/127.0.0.1:65434]' for 'GET' to '/json/version'
18:17:05.127 [AsyncHttpClient-1-9] DEBUG org.asynchttpclient.netty.handler.HttpHandler - 

Request DefaultFullHttpRequest(decodeResult: success, version: HTTP/1.1, content: EmptyByteBufBE)
GET /json/version HTTP/1.1
User-Agent: selenium/4.1.2 (java windows)
host: localhost:65434
accept: */*

Response DefaultHttpResponse(decodeResult: success, version: HTTP/1.1)
HTTP/1.1 200 OK
Content-Type: application/json; charset=UTF-8
content-length: 423

18:17:05.129 [AsyncHttpClient-1-9] DEBUG org.asynchttpclient.netty.channel.ChannelManager - Adding key: http://localhost:65434 for channel [id: 0x5a4e694b, L:/127.0.0.1:65440 - R:localhost/127.0.0.1:65434]
18:17:05.133 [AsyncHttpClient-1-2] DEBUG org.asynchttpclient.netty.channel.NettyConnectListener - Using new Channel '[id: 0x21da0708, L:/127.0.0.1:65441 - R:localhost/127.0.0.1:65434]' for 'GET' to '/devtools/browser/1be4d4e8-ef20-4c86-b204-25b9e7064667'
18:17:05.134 [AsyncHttpClient-1-2] DEBUG org.asynchttpclient.netty.handler.WebSocketHandler - 

Request DefaultFullHttpRequest(decodeResult: success, version: HTTP/1.1, content: EmptyByteBufBE)
GET /devtools/browser/1be4d4e8-ef20-4c86-b204-25b9e7064667 HTTP/1.1
upgrade: websocket
connection: upgrade
sec-websocket-key: o72o6ojK1LAWdQvHFq18QQ==
sec-websocket-version: 13
origin: http://localhost:65434
host: localhost:65434
accept: */*
user-agent: AHC/2.1

Response DefaultHttpResponse(decodeResult: success, version: HTTP/1.1)
HTTP/1.1 101 WebSocket Protocol Handshake
Upgrade: WebSocket
Connection: Upgrade
Sec-WebSocket-Accept: v0HEkp3AA6v8I9lnHptEkR2tHj0=

18:17:05.142 [Forwarding get on session 0bbc1a4487c255fff7cf7291109d8c94 to remote] DEBUG org.asynchttpclient.netty.request.NettyRequestSender - Using pooled Channel '[id: 0x93eab006, L:/127.0.0.1:65433 - R:localhost/127.0.0.1:62666]' for 'POST' to 'http://localhost:62666/session/0bbc1a4487c255fff7cf7291109d8c94/url'
18:17:05.142 [Forwarding get on session 0bbc1a4487c255fff7cf7291109d8c94 to remote] DEBUG org.asynchttpclient.netty.request.NettyRequestSender - Using open Channel [id: 0x93eab006, L:/127.0.0.1:65433 - R:localhost/127.0.0.1:62666] for POST '/session/0bbc1a4487c255fff7cf7291109d8c94/url'
18:17:05.292 [AsyncHttpClient-1-1] DEBUG org.asynchttpclient.netty.channel.DefaultChannelPool - Entry count for : http://localhost:65434 : 1
18:17:06.279 [AsyncHttpClient-1-8] DEBUG org.asynchttpclient.netty.handler.HttpHandler - 

Request DefaultHttpRequest(decodeResult: success, version: HTTP/1.1)
POST /session/0bbc1a4487c255fff7cf7291109d8c94/url HTTP/1.1
User-Agent: selenium/4.1.2 (java windows)
Content-Length: 59
Content-Type: application/json; charset=utf-8
host: localhost:62666
accept: */*

Response DefaultHttpResponse(decodeResult: success, version: HTTP/1.1)
HTTP/1.1 200 OK
Content-Type: application/json; charset=utf-8
cache-control: no-cache
content-length: 14

18:17:06.279 [AsyncHttpClient-1-8] DEBUG org.asynchttpclient.netty.channel.ChannelManager - Adding key: http://localhost:62666 for channel [id: 0x93eab006, L:/127.0.0.1:65433 - R:localhost/127.0.0.1:62666]
18:17:06.281 [Forwarding setTimeout on session 0bbc1a4487c255fff7cf7291109d8c94 to remote] DEBUG org.asynchttpclient.netty.request.NettyRequestSender - Using pooled Channel '[id: 0x93eab006, L:/127.0.0.1:65433 - R:localhost/127.0.0.1:62666]' for 'POST' to 'http://localhost:62666/session/0bbc1a4487c255fff7cf7291109d8c94/timeouts'
18:17:06.281 [Forwarding setTimeout on session 0bbc1a4487c255fff7cf7291109d8c94 to remote] DEBUG org.asynchttpclient.netty.request.NettyRequestSender - Using open Channel [id: 0x93eab006, L:/127.0.0.1:65433 - R:localhost/127.0.0.1:62666] for POST '/session/0bbc1a4487c255fff7cf7291109d8c94/timeouts'
18:17:06.283 [AsyncHttpClient-1-8] DEBUG org.asynchttpclient.netty.handler.HttpHandler - 

Request DefaultHttpRequest(decodeResult: success, version: HTTP/1.1)
POST /session/0bbc1a4487c255fff7cf7291109d8c94/timeouts HTTP/1.1
User-Agent: selenium/4.1.2 (java windows)
Content-Length: 22
Content-Type: application/json; charset=utf-8
host: localhost:62666
accept: */*

Response DefaultHttpResponse(decodeResult: success, version: HTTP/1.1)
HTTP/1.1 200 OK
Content-Type: application/json; charset=utf-8
cache-control: no-cache
content-length: 14

18:17:06.284 [AsyncHttpClient-1-8] DEBUG org.asynchttpclient.netty.channel.ChannelManager - Adding key: http://localhost:62666 for channel [id: 0x93eab006, L:/127.0.0.1:65433 - R:localhost/127.0.0.1:62666]
18:17:06.287 [Forwarding getCurrentUrl on session 0bbc1a4487c255fff7cf7291109d8c94 to remote] DEBUG org.asynchttpclient.netty.request.NettyRequestSender - Using pooled Channel '[id: 0x93eab006, L:/127.0.0.1:65433 - R:localhost/127.0.0.1:62666]' for 'GET' to 'http://localhost:62666/session/0bbc1a4487c255fff7cf7291109d8c94/url'
18:17:06.287 [Forwarding getCurrentUrl on session 0bbc1a4487c255fff7cf7291109d8c94 to remote] DEBUG org.asynchttpclient.netty.request.NettyRequestSender - Using open Channel [id: 0x93eab006, L:/127.0.0.1:65433 - R:localhost/127.0.0.1:62666] for GET '/session/0bbc1a4487c255fff7cf7291109d8c94/url'
18:17:06.298 [AsyncHttpClient-1-8] DEBUG org.asynchttpclient.netty.handler.HttpHandler - 

Request DefaultFullHttpRequest(decodeResult: success, version: HTTP/1.1, content: EmptyByteBufBE)
GET /session/0bbc1a4487c255fff7cf7291109d8c94/url HTTP/1.1
User-Agent: selenium/4.1.2 (java windows)
Cache-Control: no-cache
Content-Type: application/json; charset=utf-8
host: localhost:62666
accept: */*

Response DefaultHttpResponse(decodeResult: success, version: HTTP/1.1)
HTTP/1.1 200 OK
Content-Type: application/json; charset=utf-8
cache-control: no-cache
content-length: 41

18:17:06.298 [AsyncHttpClient-1-8] DEBUG org.asynchttpclient.netty.channel.ChannelManager - Adding key: http://localhost:62666 for channel [id: 0x93eab006, L:/127.0.0.1:65433 - R:localhost/127.0.0.1:62666]
18:17:06.303 [Forwarding findElement on session 0bbc1a4487c255fff7cf7291109d8c94 to remote] DEBUG org.asynchttpclient.netty.request.NettyRequestSender - Using pooled Channel '[id: 0x93eab006, L:/127.0.0.1:65433 - R:localhost/127.0.0.1:62666]' for 'POST' to 'http://localhost:62666/session/0bbc1a4487c255fff7cf7291109d8c94/element'
18:17:06.303 [Forwarding findElement on session 0bbc1a4487c255fff7cf7291109d8c94 to remote] DEBUG org.asynchttpclient.netty.request.NettyRequestSender - Using open Channel [id: 0x93eab006, L:/127.0.0.1:65433 - R:localhost/127.0.0.1:62666] for POST '/session/0bbc1a4487c255fff7cf7291109d8c94/element'
18:17:06.318 [AsyncHttpClient-1-8] DEBUG org.asynchttpclient.netty.handler.HttpHandler - 

Request DefaultHttpRequest(decodeResult: success, version: HTTP/1.1)
POST /session/0bbc1a4487c255fff7cf7291109d8c94/element HTTP/1.1
User-Agent: selenium/4.1.2 (java windows)
Content-Length: 77
Content-Type: application/json; charset=utf-8
host: localhost:62666
accept: */*

Response DefaultHttpResponse(decodeResult: success, version: HTTP/1.1)
HTTP/1.1 200 OK
Content-Type: application/json; charset=utf-8
cache-control: no-cache
content-length: 88

18:17:06.318 [AsyncHttpClient-1-8] DEBUG org.asynchttpclient.netty.channel.ChannelManager - Adding key: http://localhost:62666 for channel [id: 0x93eab006, L:/127.0.0.1:65433 - R:localhost/127.0.0.1:62666]
18:17:06.321 [Forwarding isElementDisplayed on session 0bbc1a4487c255fff7cf7291109d8c94 to remote] DEBUG org.asynchttpclient.netty.request.NettyRequestSender - Using pooled Channel '[id: 0x93eab006, L:/127.0.0.1:65433 - R:localhost/127.0.0.1:62666]' for 'POST' to 'http://localhost:62666/session/0bbc1a4487c255fff7cf7291109d8c94/execute/sync'
18:17:06.322 [Forwarding isElementDisplayed on session 0bbc1a4487c255fff7cf7291109d8c94 to remote] DEBUG org.asynchttpclient.netty.request.NettyRequestSender - Using open Channel [id: 0x93eab006, L:/127.0.0.1:65433 - R:localhost/127.0.0.1:62666] for POST '/session/0bbc1a4487c255fff7cf7291109d8c94/execute/sync'
18:17:06.335 [AsyncHttpClient-1-8] DEBUG org.asynchttpclient.netty.handler.HttpHandler - 

Request DefaultHttpRequest(decodeResult: success, version: HTTP/1.1)
POST /session/0bbc1a4487c255fff7cf7291109d8c94/execute/sync HTTP/1.1
User-Agent: selenium/4.1.2 (java windows)
Content-Length: 48780
Content-Type: application/json; charset=utf-8
host: localhost:62666
accept: */*

Response DefaultHttpResponse(decodeResult: success, version: HTTP/1.1)
HTTP/1.1 200 OK
Content-Type: application/json; charset=utf-8
cache-control: no-cache
content-length: 14

18:17:06.335 [AsyncHttpClient-1-8] DEBUG org.asynchttpclient.netty.channel.ChannelManager - Adding key: http://localhost:62666 for channel [id: 0x93eab006, L:/127.0.0.1:65433 - R:localhost/127.0.0.1:62666]
  &amp#27;[32mGiven &amp#27;[0m&amp#27;[32mI am on the home page&amp#27;[0m                     &amp#27;[90m# starter.stepdefinitions.LoginStepDefinition.iAmOnTheHomePage()&amp#27;[0m
18:17:06.342 [Forwarding screenshot on session 0bbc1a4487c255fff7cf7291109d8c94 to remote] DEBUG org.asynchttpclient.netty.request.NettyRequestSender - Using pooled Channel '[id: 0x93eab006, L:/127.0.0.1:65433 - R:localhost/127.0.0.1:62666]' for 'GET' to 'http://localhost:62666/session/0bbc1a4487c255fff7cf7291109d8c94/screenshot'
18:17:06.342 [Forwarding screenshot on session 0bbc1a4487c255fff7cf7291109d8c94 to remote] DEBUG org.asynchttpclient.netty.request.NettyRequestSender - Using open Channel [id: 0x93eab006, L:/127.0.0.1:65433 - R:localhost/127.0.0.1:62666] for GET '/session/0bbc1a4487c255fff7cf7291109d8c94/screenshot'
18:17:06.394 [AsyncHttpClient-1-1] DEBUG org.asynchttpclient.netty.channel.DefaultChannelPool - Entry count for : http://localhost:65434 : 1
18:17:06.535 [AsyncHttpClient-1-8] DEBUG org.asynchttpclient.netty.handler.HttpHandler - 

Request DefaultFullHttpRequest(decodeResult: success, version: HTTP/1.1, content: EmptyByteBufBE)
GET /session/0bbc1a4487c255fff7cf7291109d8c94/screenshot HTTP/1.1
User-Agent: selenium/4.1.2 (java windows)
Cache-Control: no-cache
Content-Type: application/json; charset=utf-8
host: localhost:62666
accept: */*

Response DefaultHttpResponse(decodeResult: success, version: HTTP/1.1)
HTTP/1.1 200 OK
Content-Type: application/json; charset=utf-8
cache-control: no-cache
content-length: 33040

18:17:06.535 [AsyncHttpClient-1-8] DEBUG org.asynchttpclient.netty.channel.ChannelManager - Adding key: http://localhost:62666 for channel [id: 0x93eab006, L:/127.0.0.1:65433 - R:localhost/127.0.0.1:62666]
18:17:06.537 [main] DEBUG net.serenitybdd.core.photography.Darkroom - Send negative for processing for target\site\serenity\b8f39f555a6a68359f3ace51af01979d3250a71a9640a42e51c91cc3d7c67b16.png
18:17:06.537 [Darkroom Processing Line] DEBUG net.serenitybdd.core.photography.DarkroomProcessingLine - Processing screenshot image in /var/screenshots/screenshot-3471257359524392084
18:17:06.537 [Darkroom Processing Line] DEBUG net.serenitybdd.core.photography.DarkroomProcessingLine - Saving screenshot to target\site\serenity\b8f39f555a6a68359f3ace51af01979d3250a71a9640a42e51c91cc3d7c67b16.png
18:17:06.551 [Forwarding findElement on session 0bbc1a4487c255fff7cf7291109d8c94 to remote] DEBUG org.asynchttpclient.netty.request.NettyRequestSender - Using pooled Channel '[id: 0x93eab006, L:/127.0.0.1:65433 - R:localhost/127.0.0.1:62666]' for 'POST' to 'http://localhost:62666/session/0bbc1a4487c255fff7cf7291109d8c94/element'
18:17:06.551 [Forwarding findElement on session 0bbc1a4487c255fff7cf7291109d8c94 to remote] DEBUG org.asynchttpclient.netty.request.NettyRequestSender - Using open Channel [id: 0x93eab006, L:/127.0.0.1:65433 - R:localhost/127.0.0.1:62666] for POST '/session/0bbc1a4487c255fff7cf7291109d8c94/element'
18:17:07.490 [AsyncHttpClient-1-1] DEBUG org.asynchttpclient.netty.channel.DefaultChannelPool - Entry count for : http://localhost:65434 : 1
18:17:08.579 [AsyncHttpClient-1-8] DEBUG org.asynchttpclient.netty.handler.HttpHandler - 

Request DefaultHttpRequest(decodeResult: success, version: HTTP/1.1)
POST /session/0bbc1a4487c255fff7cf7291109d8c94/element HTTP/1.1
User-Agent: selenium/4.1.2 (java windows)
Content-Length: 119
Content-Type: application/json; charset=utf-8
host: localhost:62666
accept: */*

Response DefaultHttpResponse(decodeResult: success, version: HTTP/1.1)
HTTP/1.1 404 Not Found
Content-Type: application/json; charset=utf-8
cache-control: no-cache
content-length: 1042

18:17:08.580 [AsyncHttpClient-1-8] DEBUG org.asynchttpclient.netty.channel.ChannelManager - Adding key: http://localhost:62666 for channel [id: 0x93eab006, L:/127.0.0.1:65433 - R:localhost/127.0.0.1:62666]
18:17:08.593 [AsyncHttpClient-1-1] DEBUG org.asynchttpclient.netty.channel.DefaultChannelPool - Entry count for : http://localhost:65434 : 1
18:17:08.593 [AsyncHttpClient-1-1] DEBUG org.asynchttpclient.netty.channel.DefaultChannelPool - Entry count for : http://localhost:62666 : 1
18:17:08.696 [Forwarding findElement on session 0bbc1a4487c255fff7cf7291109d8c94 to remote] DEBUG org.asynchttpclient.netty.request.NettyRequestSender - Using pooled Channel '[id: 0x93eab006, L:/127.0.0.1:65433 - R:localhost/127.0.0.1:62666]' for 'POST' to 'http://localhost:62666/session/0bbc1a4487c255fff7cf7291109d8c94/element'
18:17:08.697 [Forwarding findElement on session 0bbc1a4487c255fff7cf7291109d8c94 to remote] DEBUG org.asynchttpclient.netty.request.NettyRequestSender - Using open Channel [id: 0x93eab006, L:/127.0.0.1:65433 - R:localhost/127.0.0.1:62666] for POST '/session/0bbc1a4487c255fff7cf7291109d8c94/element'
18:17:09.697 [AsyncHttpClient-1-1] DEBUG org.asynchttpclient.netty.channel.DefaultChannelPool - Entry count for : http://localhost:65434 : 1
18:17:09.729 [AsyncHttpClient-1-8] DEBUG org.asynchttpclient.netty.handler.HttpHandler - 

Request DefaultHttpRequest(decodeResult: success, version: HTTP/1.1)
POST /session/0bbc1a4487c255fff7cf7291109d8c94/element HTTP/1.1
User-Agent: selenium/4.1.2 (java windows)
Content-Length: 119
Content-Type: application/json; charset=utf-8
host: localhost:62666
accept: */*

Response DefaultHttpResponse(decodeResult: success, version: HTTP/1.1)
HTTP/1.1 200 OK
Content-Type: application/json; charset=utf-8
cache-control: no-cache
content-length: 88

18:17:09.729 [AsyncHttpClient-1-8] DEBUG org.asynchttpclient.netty.channel.ChannelManager - Adding key: http://localhost:62666 for channel [id: 0x93eab006, L:/127.0.0.1:65433 - R:localhost/127.0.0.1:62666]
18:17:09.731 [Forwarding getElementTagName on session 0bbc1a4487c255fff7cf7291109d8c94 to remote] DEBUG org.asynchttpclient.netty.request.NettyRequestSender - Using pooled Channel '[id: 0x93eab006, L:/127.0.0.1:65433 - R:localhost/127.0.0.1:62666]' for 'GET' to 'http://localhost:62666/session/0bbc1a4487c255fff7cf7291109d8c94/element/94c4bb73-20c8-4329-bd7d-c94f695b943f/name'
18:17:09.731 [Forwarding getElementTagName on session 0bbc1a4487c255fff7cf7291109d8c94 to remote] DEBUG org.asynchttpclient.netty.request.NettyRequestSender - Using open Channel [id: 0x93eab006, L:/127.0.0.1:65433 - R:localhost/127.0.0.1:62666] for GET '/session/0bbc1a4487c255fff7cf7291109d8c94/element/94c4bb73-20c8-4329-bd7d-c94f695b943f/name'
18:17:09.752 [AsyncHttpClient-1-8] DEBUG org.asynchttpclient.netty.handler.HttpHandler - 

Request DefaultFullHttpRequest(decodeResult: success, version: HTTP/1.1, content: EmptyByteBufBE)
GET /session/0bbc1a4487c255fff7cf7291109d8c94/element/94c4bb73-20c8-4329-bd7d-c94f695b943f/name HTTP/1.1
User-Agent: selenium/4.1.2 (java windows)
Cache-Control: no-cache
Content-Type: application/json; charset=utf-8
host: localhost:62666
accept: */*

Response DefaultHttpResponse(decodeResult: success, version: HTTP/1.1)
HTTP/1.1 200 OK
Content-Type: application/json; charset=utf-8
cache-control: no-cache
content-length: 16

18:17:09.752 [AsyncHttpClient-1-8] DEBUG org.asynchttpclient.netty.channel.ChannelManager - Adding key: http://localhost:62666 for channel [id: 0x93eab006, L:/127.0.0.1:65433 - R:localhost/127.0.0.1:62666]
18:17:09.754 [Forwarding getElementTagName on session 0bbc1a4487c255fff7cf7291109d8c94 to remote] DEBUG org.asynchttpclient.netty.request.NettyRequestSender - Using pooled Channel '[id: 0x93eab006, L:/127.0.0.1:65433 - R:localhost/127.0.0.1:62666]' for 'GET' to 'http://localhost:62666/session/0bbc1a4487c255fff7cf7291109d8c94/element/94c4bb73-20c8-4329-bd7d-c94f695b943f/name'
18:17:09.754 [Forwarding getElementTagName on session 0bbc1a4487c255fff7cf7291109d8c94 to remote] DEBUG org.asynchttpclient.netty.request.NettyRequestSender - Using open Channel [id: 0x93eab006, L:/127.0.0.1:65433 - R:localhost/127.0.0.1:62666] for GET '/session/0bbc1a4487c255fff7cf7291109d8c94/element/94c4bb73-20c8-4329-bd7d-c94f695b943f/name'
18:17:09.760 [AsyncHttpClient-1-8] DEBUG org.asynchttpclient.netty.handler.HttpHandler - 

Request DefaultFullHttpRequest(decodeResult: success, version: HTTP/1.1, content: EmptyByteBufBE)
GET /session/0bbc1a4487c255fff7cf7291109d8c94/element/94c4bb73-20c8-4329-bd7d-c94f695b943f/name HTTP/1.1
User-Agent: selenium/4.1.2 (java windows)
Cache-Control: no-cache
Content-Type: application/json; charset=utf-8
host: localhost:62666
accept: */*

Response DefaultHttpResponse(decodeResult: success, version: HTTP/1.1)
HTTP/1.1 200 OK
Content-Type: application/json; charset=utf-8
cache-control: no-cache
content-length: 16

18:17:09.760 [AsyncHttpClient-1-8] DEBUG org.asynchttpclient.netty.channel.ChannelManager - Adding key: http://localhost:62666 for channel [id: 0x93eab006, L:/127.0.0.1:65433 - R:localhost/127.0.0.1:62666]
18:17:09.761 [Forwarding findElement on session 0bbc1a4487c255fff7cf7291109d8c94 to remote] DEBUG org.asynchttpclient.netty.request.NettyRequestSender - Using pooled Channel '[id: 0x93eab006, L:/127.0.0.1:65433 - R:localhost/127.0.0.1:62666]' for 'POST' to 'http://localhost:62666/session/0bbc1a4487c255fff7cf7291109d8c94/element'
18:17:09.762 [Forwarding findElement on session 0bbc1a4487c255fff7cf7291109d8c94 to remote] DEBUG org.asynchttpclient.netty.request.NettyRequestSender - Using open Channel [id: 0x93eab006, L:/127.0.0.1:65433 - R:localhost/127.0.0.1:62666] for POST '/session/0bbc1a4487c255fff7cf7291109d8c94/element'
18:17:09.777 [AsyncHttpClient-1-8] DEBUG org.asynchttpclient.netty.handler.HttpHandler - 

Request DefaultHttpRequest(decodeResult: success, version: HTTP/1.1)
POST /session/0bbc1a4487c255fff7cf7291109d8c94/element HTTP/1.1
User-Agent: selenium/4.1.2 (java windows)
Content-Length: 119
Content-Type: application/json; charset=utf-8
host: localhost:62666
accept: */*

Response DefaultHttpResponse(decodeResult: success, version: HTTP/1.1)
HTTP/1.1 200 OK
Content-Type: application/json; charset=utf-8
cache-control: no-cache
content-length: 88

18:17:09.777 [AsyncHttpClient-1-8] DEBUG org.asynchttpclient.netty.channel.ChannelManager - Adding key: http://localhost:62666 for channel [id: 0x93eab006, L:/127.0.0.1:65433 - R:localhost/127.0.0.1:62666]
18:17:09.778 [Forwarding clickElement on session 0bbc1a4487c255fff7cf7291109d8c94 to remote] DEBUG org.asynchttpclient.netty.request.NettyRequestSender - Using pooled Channel '[id: 0x93eab006, L:/127.0.0.1:65433 - R:localhost/127.0.0.1:62666]' for 'POST' to 'http://localhost:62666/session/0bbc1a4487c255fff7cf7291109d8c94/element/94c4bb73-20c8-4329-bd7d-c94f695b943f/click'
18:17:09.778 [Forwarding clickElement on session 0bbc1a4487c255fff7cf7291109d8c94 to remote] DEBUG org.asynchttpclient.netty.request.NettyRequestSender - Using open Channel [id: 0x93eab006, L:/127.0.0.1:65433 - R:localhost/127.0.0.1:62666] for POST '/session/0bbc1a4487c255fff7cf7291109d8c94/element/94c4bb73-20c8-4329-bd7d-c94f695b943f/click'
18:17:09.832 [AsyncHttpClient-1-8] DEBUG org.asynchttpclient.netty.handler.HttpHandler - 

Request DefaultHttpRequest(decodeResult: success, version: HTTP/1.1)
POST /session/0bbc1a4487c255fff7cf7291109d8c94/element/94c4bb73-20c8-4329-bd7d-c94f695b943f/click HTTP/1.1
User-Agent: selenium/4.1.2 (java windows)
Content-Length: 50
Content-Type: application/json; charset=utf-8
host: localhost:62666
accept: */*

Response DefaultHttpResponse(decodeResult: success, version: HTTP/1.1)
HTTP/1.1 200 OK
Content-Type: application/json; charset=utf-8
cache-control: no-cache
content-length: 14

18:17:09.833 [AsyncHttpClient-1-8] DEBUG org.asynchttpclient.netty.channel.ChannelManager - Adding key: http://localhost:62666 for channel [id: 0x93eab006, L:/127.0.0.1:65433 - R:localhost/127.0.0.1:62666]
  &amp#27;[32mWhen &amp#27;[0m&amp#27;[32mI click detail button in PS5&amp#27;[0m               &amp#27;[90m# starter.stepdefinitions.HomeStep.iClickDetailButtonInPS5()&amp#27;[0m
18:17:09.846 [Forwarding screenshot on session 0bbc1a4487c255fff7cf7291109d8c94 to remote] DEBUG org.asynchttpclient.netty.request.NettyRequestSender - Using pooled Channel '[id: 0x93eab006, L:/127.0.0.1:65433 - R:localhost/127.0.0.1:62666]' for 'GET' to 'http://localhost:62666/session/0bbc1a4487c255fff7cf7291109d8c94/screenshot'
18:17:09.847 [Forwarding screenshot on session 0bbc1a4487c255fff7cf7291109d8c94 to remote] DEBUG org.asynchttpclient.netty.request.NettyRequestSender - Using open Channel [id: 0x93eab006, L:/127.0.0.1:65433 - R:localhost/127.0.0.1:62666] for GET '/session/0bbc1a4487c255fff7cf7291109d8c94/screenshot'
18:17:10.162 [AsyncHttpClient-1-8] DEBUG org.asynchttpclient.netty.handler.HttpHandler - 

Request DefaultFullHttpRequest(decodeResult: success, version: HTTP/1.1, content: EmptyByteBufBE)
GET /session/0bbc1a4487c255fff7cf7291109d8c94/screenshot HTTP/1.1
User-Agent: selenium/4.1.2 (java windows)
Cache-Control: no-cache
Content-Type: application/json; charset=utf-8
host: localhost:62666
accept: */*

Response DefaultHttpResponse(decodeResult: success, version: HTTP/1.1)
HTTP/1.1 200 OK
Content-Type: application/json; charset=utf-8
cache-control: no-cache
content-length: 18832

18:17:10.163 [AsyncHttpClient-1-8] DEBUG org.asynchttpclient.netty.channel.ChannelManager - Adding key: http://localhost:62666 for channel [id: 0x93eab006, L:/127.0.0.1:65433 - R:localhost/127.0.0.1:62666]
18:17:10.164 [main] DEBUG net.serenitybdd.core.photography.Darkroom - Send negative for processing for target\site\serenity\193096893c92fa2dbdedfa8eeec4650170d9175d334ddf3d4b3e2b84d1a13d61.png
18:17:10.164 [Darkroom Processing Line] DEBUG net.serenitybdd.core.photography.DarkroomProcessingLine - Processing screenshot image in /var/screenshots/screenshot-1742000633048175289
18:17:10.164 [Darkroom Processing Line] DEBUG net.serenitybdd.core.photography.DarkroomProcessingLine - Saving screenshot to target\site\serenity\193096893c92fa2dbdedfa8eeec4650170d9175d334ddf3d4b3e2b84d1a13d61.png
18:17:10.174 [Forwarding findElement on session 0bbc1a4487c255fff7cf7291109d8c94 to remote] DEBUG org.asynchttpclient.netty.request.NettyRequestSender - Using pooled Channel '[id: 0x93eab006, L:/127.0.0.1:65433 - R:localhost/127.0.0.1:62666]' for 'POST' to 'http://localhost:62666/session/0bbc1a4487c255fff7cf7291109d8c94/element'
18:17:10.174 [Forwarding findElement on session 0bbc1a4487c255fff7cf7291109d8c94 to remote] DEBUG org.asynchttpclient.netty.request.NettyRequestSender - Using open Channel [id: 0x93eab006, L:/127.0.0.1:65433 - R:localhost/127.0.0.1:62666] for POST '/session/0bbc1a4487c255fff7cf7291109d8c94/element'
18:17:10.788 [AsyncHttpClient-1-1] DEBUG org.asynchttpclient.netty.channel.DefaultChannelPool - Entry count for : http://localhost:65434 : 1
18:17:11.891 [AsyncHttpClient-1-1] DEBUG org.asynchttpclient.netty.channel.DefaultChannelPool - Entry count for : http://localhost:65434 : 1
18:17:12.237 [AsyncHttpClient-1-8] DEBUG org.asynchttpclient.netty.handler.HttpHandler - 

Request DefaultHttpRequest(decodeResult: success, version: HTTP/1.1)
POST /session/0bbc1a4487c255fff7cf7291109d8c94/element HTTP/1.1
User-Agent: selenium/4.1.2 (java windows)
Content-Length: 87
Content-Type: application/json; charset=utf-8
host: localhost:62666
accept: */*

Response DefaultHttpResponse(decodeResult: success, version: HTTP/1.1)
HTTP/1.1 404 Not Found
Content-Type: application/json; charset=utf-8
cache-control: no-cache
content-length: 1020

18:17:12.237 [AsyncHttpClient-1-8] DEBUG org.asynchttpclient.netty.channel.ChannelManager - Adding key: http://localhost:62666 for channel [id: 0x93eab006, L:/127.0.0.1:65433 - R:localhost/127.0.0.1:62666]
18:17:12.256 [Forwarding screenshot on session 0bbc1a4487c255fff7cf7291109d8c94 to remote] DEBUG org.asynchttpclient.netty.request.NettyRequestSender - Using pooled Channel '[id: 0x93eab006, L:/127.0.0.1:65433 - R:localhost/127.0.0.1:62666]' for 'GET' to 'http://localhost:62666/session/0bbc1a4487c255fff7cf7291109d8c94/screenshot'
18:17:12.256 [Forwarding screenshot on session 0bbc1a4487c255fff7cf7291109d8c94 to remote] DEBUG org.asynchttpclient.netty.request.NettyRequestSender - Using open Channel [id: 0x93eab006, L:/127.0.0.1:65433 - R:localhost/127.0.0.1:62666] for GET '/session/0bbc1a4487c255fff7cf7291109d8c94/screenshot'
18:17:12.461 [AsyncHttpClient-1-8] DEBUG org.asynchttpclient.netty.handler.HttpHandler - 

Request DefaultFullHttpRequest(decodeResult: success, version: HTTP/1.1, content: EmptyByteBufBE)
GET /session/0bbc1a4487c255fff7cf7291109d8c94/screenshot HTTP/1.1
User-Agent: selenium/4.1.2 (java windows)
Cache-Control: no-cache
Content-Type: application/json; charset=utf-8
host: localhost:62666
accept: */*

Response DefaultHttpResponse(decodeResult: success, version: HTTP/1.1)
HTTP/1.1 200 OK
Content-Type: application/json; charset=utf-8
cache-control: no-cache
content-length: 19204

18:17:12.461 [AsyncHttpClient-1-8] DEBUG org.asynchttpclient.netty.channel.ChannelManager - Adding key: http://localhost:62666 for channel [id: 0x93eab006, L:/127.0.0.1:65433 - R:localhost/127.0.0.1:62666]
18:17:12.463 [main] DEBUG net.serenitybdd.core.photography.Darkroom - Send negative for processing for target\site\serenity\dabf1d058e6e40ea68a903de52cc212407ad6c3841caf8e1e576bc4324bc6258.png
18:17:12.464 [Darkroom Processing Line] DEBUG net.serenitybdd.core.photography.DarkroomProcessingLine - Processing screenshot image in /var/screenshots/screenshot-12532550464304283021
18:17:12.464 [Darkroom Processing Line] DEBUG net.serenitybdd.core.photography.DarkroomProcessingLine - Saving screenshot to target\site\serenity\dabf1d058e6e40ea68a903de52cc212407ad6c3841caf8e1e576bc4324bc6258.png
18:17:12.479 [Forwarding getPageSource on session 0bbc1a4487c255fff7cf7291109d8c94 to remote] DEBUG org.asynchttpclient.netty.request.NettyRequestSender - Using pooled Channel '[id: 0x93eab006, L:/127.0.0.1:65433 - R:localhost/127.0.0.1:62666]' for 'POST' to 'http://localhost:62666/session/0bbc1a4487c255fff7cf7291109d8c94/execute/sync'
18:17:12.479 [Forwarding getPageSource on session 0bbc1a4487c255fff7cf7291109d8c94 to remote] DEBUG org.asynchttpclient.netty.request.NettyRequestSender - Using open Channel [id: 0x93eab006, L:/127.0.0.1:65433 - R:localhost/127.0.0.1:62666] for POST '/session/0bbc1a4487c255fff7cf7291109d8c94/execute/sync'
18:17:12.488 [AsyncHttpClient-1-8] DEBUG org.asynchttpclient.netty.handler.HttpHandler - 

Request DefaultHttpRequest(decodeResult: success, version: HTTP/1.1)
POST /session/0bbc1a4487c255fff7cf7291109d8c94/execute/sync HTTP/1.1
User-Agent: selenium/4.1.2 (java windows)
Content-Length: 176
Content-Type: application/json; charset=utf-8
host: localhost:62666
accept: */*

Response DefaultHttpResponse(decodeResult: success, version: HTTP/1.1)
HTTP/1.1 200 OK
Content-Type: application/json; charset=utf-8
cache-control: no-cache
content-length: 20580

18:17:12.489 [AsyncHttpClient-1-8] DEBUG org.asynchttpclient.netty.channel.ChannelManager - Adding key: http://localhost:62666 for channel [id: 0x93eab006, L:/127.0.0.1:65433 - R:localhost/127.0.0.1:62666]
18:17:12.601 [Forwarding getCurrentUrl on session 0bbc1a4487c255fff7cf7291109d8c94 to remote] DEBUG org.asynchttpclient.netty.request.NettyRequestSender - Using pooled Channel '[id: 0x93eab006, L:/127.0.0.1:65433 - R:localhost/127.0.0.1:62666]' for 'GET' to 'http://localhost:62666/session/0bbc1a4487c255fff7cf7291109d8c94/url'
18:17:12.601 [Forwarding getCurrentUrl on session 0bbc1a4487c255fff7cf7291109d8c94 to remote] DEBUG org.asynchttpclient.netty.request.NettyRequestSender - Using open Channel [id: 0x93eab006, L:/127.0.0.1:65433 - R:localhost/127.0.0.1:62666] for GET '/session/0bbc1a4487c255fff7cf7291109d8c94/url'
18:17:12.608 [AsyncHttpClient-1-8] DEBUG org.asynchttpclient.netty.handler.HttpHandler - 

Request DefaultFullHttpRequest(decodeResult: success, version: HTTP/1.1, content: EmptyByteBufBE)
GET /session/0bbc1a4487c255fff7cf7291109d8c94/url HTTP/1.1
User-Agent: selenium/4.1.2 (java windows)
Cache-Control: no-cache
Content-Type: application/json; charset=utf-8
host: localhost:62666
accept: */*

Response DefaultHttpResponse(decodeResult: success, version: HTTP/1.1)
HTTP/1.1 200 OK
Content-Type: application/json; charset=utf-8
cache-control: no-cache
content-length: 52

18:17:12.608 [AsyncHttpClient-1-8] DEBUG org.asynchttpclient.netty.channel.ChannelManager - Adding key: http://localhost:62666 for channel [id: 0x93eab006, L:/127.0.0.1:65433 - R:localhost/127.0.0.1:62666]
  &amp#27;[31mThen &amp#27;[0m&amp#27;[31mThe detail page is showed&amp#27;[0m                  &amp#27;[90m# starter.stepdefinitions.HomeStep.theDetailPageIsShowed()&amp#27;[0m
      &amp#27;[31morg.openqa.selenium.NoSuchElementException: no such element: Unable to locate element: {"method":"xpath","selector":"//div[@class='v-rating v-rating--dense']"}
  (Session info: chrome=107.0.5304.88)
For documentation on this error, please visit: https://selenium.dev/exceptions/#no_such_element
Build info: version: '4.1.2', revision: '9a5a329c5a'
System info: host: 'JUSTR', ip: '192.168.190.194', os.name: 'Windows 11', os.arch: 'amd64', os.version: '10.0', java.version: '11.0.16'
Driver info: org.openqa.selenium.chrome.ChromeDriver
Command: [0bbc1a4487c255fff7cf7291109d8c94, findElement {using=xpath, value=//div[@class='v-rating v-rating--dense']}]
Capabilities {acceptInsecureCerts: false, browserName: chrome, browserVersion: 107.0.5304.88, chrome: {chromedriverVersion: 107.0.5304.62 (1eec40d3a576..., userDataDir: C:\Users\rilaa\AppData\Loca...}, goog:chromeOptions: {debuggerAddress: localhost:65434}, javascriptEnabled: true, networkConnectionEnabled: false, pageLoadStrategy: normal, platform: WINDOWS, platformName: WINDOWS, proxy: Proxy(), se:cdp: ws://localhost:65434/devtoo..., se:cdpVersion: 107.0.5304.88, setWindowRect: true, strictFileInteractability: false, timeouts: {implicit: 0, pageLoad: 300000, script: 30000}, unhandledPromptBehavior: dismiss and notify, webauthn:extension:credBlob: true, webauthn:extension:largeBlob: true, webauthn:virtualAuthenticators: true}
Session ID: 0bbc1a4487c255fff7cf7291109d8c94
	at java.base/jdk.internal.reflect.NativeConstructorAccessorImpl.newInstance0(Native Method)
	at java.base/jdk.internal.reflect.NativeConstructorAccessorImpl.newInstance(NativeConstructorAccessorImpl.java:62)
	at java.base/jdk.internal.reflect.DelegatingConstructorAccessorImpl.newInstance(DelegatingConstructorAccessorImpl.java:45)
	at java.base/java.lang.reflect.Constructor.newInstance(Constructor.java:490)
	at org.openqa.selenium.remote.codec.w3c.W3CHttpResponseCodec.createException(W3CHttpResponseCodec.java:200)
	at org.openqa.selenium.remote.codec.w3c.W3CHttpResponseCodec.decode(W3CHttpResponseCodec.java:133)
	at org.openqa.selenium.remote.codec.w3c.W3CHttpResponseCodec.decode(W3CHttpResponseCodec.java:53)
	at org.openqa.selenium.remote.HttpCommandExecutor.execute(HttpCommandExecutor.java:184)
	at org.openqa.selenium.remote.service.DriverCommandExecutor.invokeExecute(DriverCommandExecutor.java:167)
	at org.openqa.selenium.remote.service.DriverCommandExecutor.execute(DriverCommandExecutor.java:142)
	at org.openqa.selenium.remote.RemoteWebDriver.execute(RemoteWebDriver.java:558)
	at org.openqa.selenium.remote.ElementLocation$ElementFinder$2.findElement(ElementLocation.java:162)
	at org.openqa.selenium.remote.ElementLocation.findElement(ElementLocation.java:60)
	at org.openqa.selenium.remote.RemoteWebDriver.findElement(RemoteWebDriver.java:382)
	at org.openqa.selenium.remote.RemoteWebDriver.findElement(RemoteWebDriver.java:374)
	at net.thucydides.core.webdriver.WebDriverFacade.findElement(WebDriverFacade.java:224)
	at net.serenitybdd.core.pages.WebElementResolverByLocator.resolveForDriver(WebElementResolverByLocator.java:25)
	at net.serenitybdd.core.pages.WebElementFacadeImpl.getResolvedElement(WebElementFacadeImpl.java:191)
	at net.serenitybdd.core.pages.WebElementFacadeImpl.getElement(WebElementFacadeImpl.java:186)
	at net.serenitybdd.core.pages.WebElementFacadeImpl.isDisplayed(WebElementFacadeImpl.java:1289)
	at AltaShop@1.0-SNAPSHOT/starter.pages.HomePage.showHeaderDetail(HomePage.java:56)
	at AltaShop@1.0-SNAPSHOT/starter.pages.HomePage$ByteBuddy$d7JWelbV.showHeaderDetail$accessor$Chl22PHW(Unknown Source)
	at java.base/jdk.internal.reflect.NativeMethodAccessorImpl.invoke0(Native Method)
	at java.base/jdk.internal.reflect.NativeMethodAccessorImpl.invoke(NativeMethodAccessorImpl.java:62)
	at java.base/jdk.internal.reflect.DelegatingMethodAccessorImpl.invoke(DelegatingMethodAccessorImpl.java:43)
	at java.base/java.lang.reflect.Method.invoke(Method.java:566)
	at net.thucydides.core.steps.BaseMethodRunner.invokeMethod(BaseMethodRunner.java:18)
	at net.thucydides.core.steps.NormalMethodRunner.invokeMethodAndNotifyFailures(NormalMethodRunner.java:18)
	at net.thucydides.core.steps.StepInterceptor.runNormalMethod(StepInterceptor.java:406)
	at net.thucydides.core.steps.StepInterceptor.testStepResult(StepInterceptor.java:191)
	at net.thucydides.core.steps.StepInterceptor.intercept(StepInterceptor.java:84)
	at net.thucydides.core.steps.ProxyConfiguration$InterceptorDispatcher.intercept(ProxyConfiguration.java:51)
	at AltaShop@1.0-SNAPSHOT/starter.pages.HomePage$ByteBuddy$d7JWelbV.showHeaderDetail(Unknown Source)
	at AltaShop@1.0-SNAPSHOT/starter.stepdefinitions.HomeStep.theDetailPageIsShowed(HomeStep.java:37)
	at âœ½.The detail page is showed(file:///D:/Ra/file%20kuliah/semester%207/resume%20alta/Mini%20Project/Web/AltaShop/src/test/resources/features/home.feature:21)
&amp#27;[0m
18:17:12.653 [main] ERROR  - 
  _____   ___   ___   _____     ___   ___   ___    ___    ___ 
 |_   _| | __| / __| |_   _|   | __| | _ \ | _ \  / _ \  | _ \
   | |   | _|  \__ \   | |     | _|  |   / |   / | (_) | |   /
   |_|   |___| |___/   |_|     |___| |_|_\ |_|_\  \___/  |_|_\

I want to see the detail product of PS5
---------------------------------------------------------------
18:17:12.659 [main] DEBUG  - RELATED ISSUES: 
18:17:12.660 [main] ERROR  -     Test failed at step: Show header detail
18:17:12.660 [main] ERROR  -     no such element: Unable to locate element: {"method":"xpath","selector":"//div[@class='v-rating v-rating--dense']"}
18:17:12.670 [AsyncHttpClient-1-2] DEBUG org.asynchttpclient.netty.handler.WebSocketHandler - Channel Closed: [id: 0x21da0708, L:/127.0.0.1:65441 ! R:localhost/127.0.0.1:65434] with attribute NettyResponseFuture{currentRetry=5,
	isDone=1,
	isCancelled=0,
	asyncHandler=org.asynchttpclient.ws.WebSocketUpgradeHandler@653a1c29,
	nettyRequest=org.asynchttpclient.netty.request.NettyRequest@4b718f8e,
	future=java.util.concurrent.CompletableFuture@5dc8fe63[Completed normally],
	uri=ws://localhost:65434/devtools/browser/1be4d4e8-ef20-4c86-b204-25b9e7064667,
	keepAlive=true,
	redirectCount=0,
	timeoutsHolder=null,
	inAuth=0,
	touch=1667560625135}
18:17:12.670 [AsyncHttpClient-1-2] DEBUG org.asynchttpclient.netty.channel.ChannelManager - Closing Channel [id: 0x21da0708, L:/127.0.0.1:65441 ! R:localhost/127.0.0.1:65434] 
18:17:12.675 [Driver Command Executor] DEBUG org.asynchttpclient.netty.request.NettyRequestSender - Using pooled Channel '[id: 0x93eab006, L:/127.0.0.1:65433 - R:localhost/127.0.0.1:62666]' for 'DELETE' to 'http://localhost:62666/session/0bbc1a4487c255fff7cf7291109d8c94'
18:17:12.675 [Driver Command Executor] DEBUG org.asynchttpclient.netty.request.NettyRequestSender - Using open Channel [id: 0x93eab006, L:/127.0.0.1:65433 - R:localhost/127.0.0.1:62666] for DELETE '/session/0bbc1a4487c255fff7cf7291109d8c94'
18:17:12.912 [AsyncHttpClient-1-9] DEBUG org.asynchttpclient.netty.handler.HttpHandler - Unexpected I/O exception on channel [id: 0x5a4e694b, L:/127.0.0.1:65440 - R:localhost/127.0.0.1:65434]
java.io.IOException: An existing connection was forcibly closed by the remote host
	at java.base/sun.nio.ch.SocketDispatcher.read0(Native Method)
	at java.base/sun.nio.ch.SocketDispatcher.read(SocketDispatcher.java:43)
	at java.base/sun.nio.ch.IOUtil.readIntoNativeBuffer(IOUtil.java:276)
	at java.base/sun.nio.ch.IOUtil.read(IOUtil.java:233)
	at java.base/sun.nio.ch.IOUtil.read(IOUtil.java:223)
	at java.base/sun.nio.ch.SocketChannelImpl.read(SocketChannelImpl.java:358)
	at io.netty.buffer.PooledByteBuf.setBytes(PooledByteBuf.java:258)
	at io.netty.buffer.AbstractByteBuf.writeBytes(AbstractByteBuf.java:1132)
	at io.netty.channel.socket.nio.NioSocketChannel.doReadBytes(NioSocketChannel.java:350)
	at io.netty.channel.nio.AbstractNioByteChannel$NioByteUnsafe.read(AbstractNioByteChannel.java:151)
	at io.netty.channel.nio.NioEventLoop.processSelectedKey(NioEventLoop.java:722)
	at io.netty.channel.nio.NioEventLoop.processSelectedKeysOptimized(NioEventLoop.java:658)
	at io.netty.channel.nio.NioEventLoop.processSelectedKeys(NioEventLoop.java:584)
	at io.netty.channel.nio.NioEventLoop.run(NioEventLoop.java:496)
	at io.netty.util.concurrent.SingleThreadEventExecutor$4.run(SingleThreadEventExecutor.java:986)
	at io.netty.util.internal.ThreadExecutorMap$2.run(ThreadExecutorMap.java:74)
	at io.netty.util.concurrent.FastThreadLocalRunnable.run(FastThreadLocalRunnable.java:30)
	at java.base/java.lang.Thread.run(Thread.java:834)
18:17:12.913 [AsyncHttpClient-1-9] DEBUG org.asynchttpclient.netty.channel.ChannelManager - Closing Channel [id: 0x5a4e694b, L:/127.0.0.1:65440 - R:localhost/127.0.0.1:65434] 
18:17:12.913 [AsyncHttpClient-1-9] DEBUG org.asynchttpclient.netty.handler.HttpHandler - Channel Closed: [id: 0x5a4e694b, L:/127.0.0.1:65440 ! R:localhost/127.0.0.1:65434] with attribute DISCARD
18:17:12.932 [AsyncHttpClient-1-8] DEBUG org.asynchttpclient.netty.handler.HttpHandler - 

Request DefaultFullHttpRequest(decodeResult: success, version: HTTP/1.1, content: EmptyByteBufBE)
DELETE /session/0bbc1a4487c255fff7cf7291109d8c94 HTTP/1.1
User-Agent: selenium/4.1.2 (java windows)
Content-Type: application/json; charset=utf-8
host: localhost:62666
accept: */*

Response DefaultHttpResponse(decodeResult: success, version: HTTP/1.1)
HTTP/1.1 200 OK
Content-Type: application/json; charset=utf-8
cache-control: no-cache
content-length: 14

18:17:12.932 [AsyncHttpClient-1-8] DEBUG org.asynchttpclient.netty.channel.ChannelManager - Adding key: http://localhost:62666 for channel [id: 0x93eab006, L:/127.0.0.1:65433 - R:localhost/127.0.0.1:62666]
18:17:12.980 [AsyncHttpClient-1-8] DEBUG org.asynchttpclient.netty.handler.HttpHandler - Channel Closed: [id: 0x93eab006, L:/127.0.0.1:65433 ! R:localhost/127.0.0.1:62666] with attribute DISCARD
18:17:12.993 [AsyncHttpClient-1-1] DEBUG org.asynchttpclient.netty.channel.DefaultChannelPool - Entry count for : http://localhost:65434 : 1
18:17:12.993 [AsyncHttpClient-1-1] DEBUG org.asynchttpclient.netty.channel.DefaultChannelPool - Entry count for : http://localhost:62666 : 1
18:17:12.993 [AsyncHttpClient-1-1] DEBUG org.asynchttpclient.netty.channel.DefaultChannelPool - Adding Candidate expired Channel [id: 0x5a4e694b, L:/127.0.0.1:65440 ! R:localhost/127.0.0.1:65434] isIdleTimeoutExpired=false isRemotelyClosed=true isTtlExpired=false
18:17:12.993 [AsyncHttpClient-1-1] DEBUG org.asynchttpclient.netty.channel.DefaultChannelPool - Closing Idle Channel [id: 0x5a4e694b, L:/127.0.0.1:65440 ! R:localhost/127.0.0.1:65434]
18:17:12.993 [AsyncHttpClient-1-1] DEBUG org.asynchttpclient.netty.channel.DefaultChannelPool - Adding Candidate expired Channel [id: 0x93eab006, L:/127.0.0.1:65433 ! R:localhost/127.0.0.1:62666] isIdleTimeoutExpired=false isRemotelyClosed=true isTtlExpired=false
18:17:12.993 [AsyncHttpClient-1-1] DEBUG org.asynchttpclient.netty.channel.DefaultChannelPool - Closing Idle Channel [id: 0x93eab006, L:/127.0.0.1:65433 ! R:localhost/127.0.0.1:62666]
18:17:12.993 [AsyncHttpClient-1-1] DEBUG org.asynchttpclient.netty.channel.DefaultChannelPool - Closed 2 connections out of 2 in 0 ms
]]></system-out>
    <system-err><![CDATA[Starting ChromeDriver 107.0.5304.62 (1eec40d3a5764881c92085aaee66d25075c159aa-refs/branch-heads/5304@{#942}) on port 62666
Only local connections are allowed.
Please see https://chromedriver.chromium.org/security-considerations for suggestions on keeping ChromeDriver safe.
ChromeDriver was started successfully.
Nov 04, 2022 6:17:05 PM org.openqa.selenium.remote.ProtocolHandshake createSession
INFO: Detected dialect: W3C
Nov 04, 2022 6:17:05 PM org.openqa.selenium.devtools.CdpVersionFinder findNearestMatch
WARNING: Unable to find an exact match for CDP version 107, so returning the closest version found: a no-op implementation
Nov 04, 2022 6:17:05 PM org.openqa.selenium.devtools.CdpVersionFinder findNearestMatch
INFO: Unable to find CDP implementation matching 107.
Nov 04, 2022 6:17:05 PM org.openqa.selenium.chromium.ChromiumDriver lambda$new$3
WARNING: Unable to find version of CDP to use for . You may need to include a dependency on a specific version of the CDP using something similar to `org.seleniumhq.selenium:selenium-devtools-v86:4.1.2` where the version ("v86") matches the version of the chromium-based browser you're using and the version number of the artifact is the same as Selenium's.
]]></system-err>
  </testcase>
  <testcase name="I want to see the detail product of PS2" classname="Home" time="9.82">
    <system-out><![CDATA[
@Home
Scenario: I want to see the detail product of PS2 &amp#27;[90m# src/test/resources/features/home.feature:23&amp#27;[0m
18:17:13.068 [main] INFO io.cucumber.core.plugin.SerenityReporter - Running feature from file:///D:/Ra/file%20kuliah/semester%207/resume%20alta/Mini%20Project/Web/AltaShop/src/test/resources/features/home.feature
18:17:13.070 [main] INFO  - 
  _____   ___   ___   _____     ___   _____     _     ___   _____   ___   ___  
 |_   _| | __| / __| |_   _|   / __| |_   _|   /_\   | _ \ |_   _| | __| |   \ 
   | |   | _|  \__ \   | |     \__ \   | |    / _ \  |   /   | |   | _|  | |) |
   |_|   |___| |___/   |_|     |___/   |_|   /_/ \_\ |_|_\   |_|   |___| |___/ 

I want to see the detail product of PS2(home;i-want-to-see-the-detail-product-of-ps2)
--------------------------------------------------------------------------------
18:17:13.114 [main] INFO net.serenitybdd.core.webdriver.driverproviders.ChromeDriverProvider - Using automatically driver download
18:17:13.278 [main] DEBUG io.github.bonigarcia.wdm.cache.ResolutionCache - Resolution chrome=107 in cache (valid until 18:54:29 04/11/2022 ICT)
18:17:13.295 [main] DEBUG io.github.bonigarcia.wdm.cache.ResolutionCache - Resolution chrome107=107.0.5304.62 in cache (valid until 17:54:29 05/11/2022 ICT)
18:17:13.301 [main] INFO io.github.bonigarcia.wdm.WebDriverManager - Using chromedriver 107.0.5304.62 (resolved driver for Chrome 107)
18:17:13.324 [main] DEBUG io.github.bonigarcia.wdm.WebDriverManager - Driver chromedriver 107.0.5304.62 found in cache
18:17:13.325 [main] INFO io.github.bonigarcia.wdm.WebDriverManager - Exporting webdriver.chrome.driver as C:\Users\rilaa\.cache\selenium\chromedriver\win32\107.0.5304.62\chromedriver.exe
18:17:13.443 [main] DEBUG net.serenitybdd.core.webdriver.driverproviders.ProvideNewDriver - Instantiating driver
18:17:13.443 [main] DEBUG net.serenitybdd.core.webdriver.driverproviders.ProvideNewDriver - Driver capabilities: Capabilities {acceptInsecureCerts: false, base.url: https://alta-shop.vercel.app, browserName: chrome, chrome.driver: src/test/resources/webdrive..., driver: chrome, goog:chromeOptions: {args: [], extensions: []}}
18:17:13.549 [AsyncHttpClient-1-3] DEBUG org.asynchttpclient.netty.channel.NettyConnectListener - Using new Channel '[id: 0x13b45ba0, L:/127.0.0.1:65459 - R:localhost/127.0.0.1:52367]' for 'POST' to '/session'
18:17:14.444 [AsyncHttpClient-1-3] DEBUG org.asynchttpclient.netty.handler.HttpHandler - 

Request DefaultHttpRequest(decodeResult: success, version: HTTP/1.1)
POST /session HTTP/1.1
User-Agent: selenium/4.1.2 (java windows)
Content-Length: 609
Content-Type: application/json; charset=utf-8
host: localhost:52367
accept: */*

Response DefaultHttpResponse(decodeResult: success, version: HTTP/1.1)
HTTP/1.1 200 OK
Content-Type: application/json; charset=utf-8
cache-control: no-cache
content-length: 789

18:17:14.445 [AsyncHttpClient-1-3] DEBUG org.asynchttpclient.netty.channel.ChannelManager - Adding key: http://localhost:52367 for channel [id: 0x13b45ba0, L:/127.0.0.1:65459 - R:localhost/127.0.0.1:52367]
18:17:14.453 [AsyncHttpClient-1-4] DEBUG org.asynchttpclient.netty.channel.NettyConnectListener - Using new Channel '[id: 0x5ae9869f, L:/127.0.0.1:65466 - R:localhost/127.0.0.1:65460]' for 'GET' to '/json/version'
18:17:14.454 [AsyncHttpClient-1-4] DEBUG org.asynchttpclient.netty.handler.HttpHandler - 

Request DefaultFullHttpRequest(decodeResult: success, version: HTTP/1.1, content: EmptyByteBufBE)
GET /json/version HTTP/1.1
User-Agent: selenium/4.1.2 (java windows)
host: localhost:65460
accept: */*

Response DefaultHttpResponse(decodeResult: success, version: HTTP/1.1)
HTTP/1.1 200 OK
Content-Type: application/json; charset=UTF-8
content-length: 423

18:17:14.454 [AsyncHttpClient-1-4] DEBUG org.asynchttpclient.netty.channel.ChannelManager - Adding key: http://localhost:65460 for channel [id: 0x5ae9869f, L:/127.0.0.1:65466 - R:localhost/127.0.0.1:65460]
18:17:14.460 [AsyncHttpClient-1-5] DEBUG org.asynchttpclient.netty.channel.NettyConnectListener - Using new Channel '[id: 0xcde1faab, L:/127.0.0.1:65467 - R:localhost/127.0.0.1:65460]' for 'GET' to '/devtools/browser/fcd0dce9-3d9b-4f1c-87ec-d9e07359b86c'
18:17:14.461 [AsyncHttpClient-1-5] DEBUG org.asynchttpclient.netty.handler.WebSocketHandler - 

Request DefaultFullHttpRequest(decodeResult: success, version: HTTP/1.1, content: EmptyByteBufBE)
GET /devtools/browser/fcd0dce9-3d9b-4f1c-87ec-d9e07359b86c HTTP/1.1
upgrade: websocket
connection: upgrade
sec-websocket-key: a8fMexrotZPudcTjQxaZng==
sec-websocket-version: 13
origin: http://localhost:65460
host: localhost:65460
accept: */*
user-agent: AHC/2.1

Response DefaultHttpResponse(decodeResult: success, version: HTTP/1.1)
HTTP/1.1 101 WebSocket Protocol Handshake
Upgrade: WebSocket
Connection: Upgrade
Sec-WebSocket-Accept: Uxv5zoHR4IV+nxUzXB3u9VD08xs=

18:17:14.465 [Forwarding get on session 17ce061129cfaebeabc78ff1182504de to remote] DEBUG org.asynchttpclient.netty.request.NettyRequestSender - Using pooled Channel '[id: 0x13b45ba0, L:/127.0.0.1:65459 - R:localhost/127.0.0.1:52367]' for 'POST' to 'http://localhost:52367/session/17ce061129cfaebeabc78ff1182504de/url'
18:17:14.465 [Forwarding get on session 17ce061129cfaebeabc78ff1182504de to remote] DEBUG org.asynchttpclient.netty.request.NettyRequestSender - Using open Channel [id: 0x13b45ba0, L:/127.0.0.1:65459 - R:localhost/127.0.0.1:52367] for POST '/session/17ce061129cfaebeabc78ff1182504de/url'
18:17:15.197 [AsyncHttpClient-1-1] DEBUG org.asynchttpclient.netty.channel.DefaultChannelPool - Entry count for : http://localhost:65460 : 1
18:17:15.623 [AsyncHttpClient-1-3] DEBUG org.asynchttpclient.netty.handler.HttpHandler - 

Request DefaultHttpRequest(decodeResult: success, version: HTTP/1.1)
POST /session/17ce061129cfaebeabc78ff1182504de/url HTTP/1.1
User-Agent: selenium/4.1.2 (java windows)
Content-Length: 59
Content-Type: application/json; charset=utf-8
host: localhost:52367
accept: */*

Response DefaultHttpResponse(decodeResult: success, version: HTTP/1.1)
HTTP/1.1 200 OK
Content-Type: application/json; charset=utf-8
cache-control: no-cache
content-length: 14

18:17:15.624 [AsyncHttpClient-1-3] DEBUG org.asynchttpclient.netty.channel.ChannelManager - Adding key: http://localhost:52367 for channel [id: 0x13b45ba0, L:/127.0.0.1:65459 - R:localhost/127.0.0.1:52367]
18:17:15.628 [Forwarding setTimeout on session 17ce061129cfaebeabc78ff1182504de to remote] DEBUG org.asynchttpclient.netty.request.NettyRequestSender - Using pooled Channel '[id: 0x13b45ba0, L:/127.0.0.1:65459 - R:localhost/127.0.0.1:52367]' for 'POST' to 'http://localhost:52367/session/17ce061129cfaebeabc78ff1182504de/timeouts'
18:17:15.628 [Forwarding setTimeout on session 17ce061129cfaebeabc78ff1182504de to remote] DEBUG org.asynchttpclient.netty.request.NettyRequestSender - Using open Channel [id: 0x13b45ba0, L:/127.0.0.1:65459 - R:localhost/127.0.0.1:52367] for POST '/session/17ce061129cfaebeabc78ff1182504de/timeouts'
18:17:15.630 [AsyncHttpClient-1-3] DEBUG org.asynchttpclient.netty.handler.HttpHandler - 

Request DefaultHttpRequest(decodeResult: success, version: HTTP/1.1)
POST /session/17ce061129cfaebeabc78ff1182504de/timeouts HTTP/1.1
User-Agent: selenium/4.1.2 (java windows)
Content-Length: 22
Content-Type: application/json; charset=utf-8
host: localhost:52367
accept: */*

Response DefaultHttpResponse(decodeResult: success, version: HTTP/1.1)
HTTP/1.1 200 OK
Content-Type: application/json; charset=utf-8
cache-control: no-cache
content-length: 14

18:17:15.630 [AsyncHttpClient-1-3] DEBUG org.asynchttpclient.netty.channel.ChannelManager - Adding key: http://localhost:52367 for channel [id: 0x13b45ba0, L:/127.0.0.1:65459 - R:localhost/127.0.0.1:52367]
18:17:15.641 [Forwarding getCurrentUrl on session 17ce061129cfaebeabc78ff1182504de to remote] DEBUG org.asynchttpclient.netty.request.NettyRequestSender - Using pooled Channel '[id: 0x13b45ba0, L:/127.0.0.1:65459 - R:localhost/127.0.0.1:52367]' for 'GET' to 'http://localhost:52367/session/17ce061129cfaebeabc78ff1182504de/url'
18:17:15.642 [Forwarding getCurrentUrl on session 17ce061129cfaebeabc78ff1182504de to remote] DEBUG org.asynchttpclient.netty.request.NettyRequestSender - Using open Channel [id: 0x13b45ba0, L:/127.0.0.1:65459 - R:localhost/127.0.0.1:52367] for GET '/session/17ce061129cfaebeabc78ff1182504de/url'
18:17:15.653 [AsyncHttpClient-1-3] DEBUG org.asynchttpclient.netty.handler.HttpHandler - 

Request DefaultFullHttpRequest(decodeResult: success, version: HTTP/1.1, content: EmptyByteBufBE)
GET /session/17ce061129cfaebeabc78ff1182504de/url HTTP/1.1
User-Agent: selenium/4.1.2 (java windows)
Cache-Control: no-cache
Content-Type: application/json; charset=utf-8
host: localhost:52367
accept: */*

Response DefaultHttpResponse(decodeResult: success, version: HTTP/1.1)
HTTP/1.1 200 OK
Content-Type: application/json; charset=utf-8
cache-control: no-cache
content-length: 41

18:17:15.653 [AsyncHttpClient-1-3] DEBUG org.asynchttpclient.netty.channel.ChannelManager - Adding key: http://localhost:52367 for channel [id: 0x13b45ba0, L:/127.0.0.1:65459 - R:localhost/127.0.0.1:52367]
18:17:15.664 [Forwarding findElement on session 17ce061129cfaebeabc78ff1182504de to remote] DEBUG org.asynchttpclient.netty.request.NettyRequestSender - Using pooled Channel '[id: 0x13b45ba0, L:/127.0.0.1:65459 - R:localhost/127.0.0.1:52367]' for 'POST' to 'http://localhost:52367/session/17ce061129cfaebeabc78ff1182504de/element'
18:17:15.664 [Forwarding findElement on session 17ce061129cfaebeabc78ff1182504de to remote] DEBUG org.asynchttpclient.netty.request.NettyRequestSender - Using open Channel [id: 0x13b45ba0, L:/127.0.0.1:65459 - R:localhost/127.0.0.1:52367] for POST '/session/17ce061129cfaebeabc78ff1182504de/element'
18:17:15.700 [AsyncHttpClient-1-3] DEBUG org.asynchttpclient.netty.handler.HttpHandler - 

Request DefaultHttpRequest(decodeResult: success, version: HTTP/1.1)
POST /session/17ce061129cfaebeabc78ff1182504de/element HTTP/1.1
User-Agent: selenium/4.1.2 (java windows)
Content-Length: 77
Content-Type: application/json; charset=utf-8
host: localhost:52367
accept: */*

Response DefaultHttpResponse(decodeResult: success, version: HTTP/1.1)
HTTP/1.1 200 OK
Content-Type: application/json; charset=utf-8
cache-control: no-cache
content-length: 88

18:17:15.700 [AsyncHttpClient-1-3] DEBUG org.asynchttpclient.netty.channel.ChannelManager - Adding key: http://localhost:52367 for channel [id: 0x13b45ba0, L:/127.0.0.1:65459 - R:localhost/127.0.0.1:52367]
18:17:15.708 [Forwarding isElementDisplayed on session 17ce061129cfaebeabc78ff1182504de to remote] DEBUG org.asynchttpclient.netty.request.NettyRequestSender - Using pooled Channel '[id: 0x13b45ba0, L:/127.0.0.1:65459 - R:localhost/127.0.0.1:52367]' for 'POST' to 'http://localhost:52367/session/17ce061129cfaebeabc78ff1182504de/execute/sync'
18:17:15.709 [Forwarding isElementDisplayed on session 17ce061129cfaebeabc78ff1182504de to remote] DEBUG org.asynchttpclient.netty.request.NettyRequestSender - Using open Channel [id: 0x13b45ba0, L:/127.0.0.1:65459 - R:localhost/127.0.0.1:52367] for POST '/session/17ce061129cfaebeabc78ff1182504de/execute/sync'
18:17:15.750 [AsyncHttpClient-1-3] DEBUG org.asynchttpclient.netty.handler.HttpHandler - 

Request DefaultHttpRequest(decodeResult: success, version: HTTP/1.1)
POST /session/17ce061129cfaebeabc78ff1182504de/execute/sync HTTP/1.1
User-Agent: selenium/4.1.2 (java windows)
Content-Length: 48780
Content-Type: application/json; charset=utf-8
host: localhost:52367
accept: */*

Response DefaultHttpResponse(decodeResult: success, version: HTTP/1.1)
HTTP/1.1 200 OK
Content-Type: application/json; charset=utf-8
cache-control: no-cache
content-length: 14

18:17:15.750 [AsyncHttpClient-1-3] DEBUG org.asynchttpclient.netty.channel.ChannelManager - Adding key: http://localhost:52367 for channel [id: 0x13b45ba0, L:/127.0.0.1:65459 - R:localhost/127.0.0.1:52367]
  &amp#27;[32mGiven &amp#27;[0m&amp#27;[32mI am on the home page&amp#27;[0m                     &amp#27;[90m# starter.stepdefinitions.LoginStepDefinition.iAmOnTheHomePage()&amp#27;[0m
18:17:15.760 [Forwarding screenshot on session 17ce061129cfaebeabc78ff1182504de to remote] DEBUG org.asynchttpclient.netty.request.NettyRequestSender - Using pooled Channel '[id: 0x13b45ba0, L:/127.0.0.1:65459 - R:localhost/127.0.0.1:52367]' for 'GET' to 'http://localhost:52367/session/17ce061129cfaebeabc78ff1182504de/screenshot'
18:17:15.760 [Forwarding screenshot on session 17ce061129cfaebeabc78ff1182504de to remote] DEBUG org.asynchttpclient.netty.request.NettyRequestSender - Using open Channel [id: 0x13b45ba0, L:/127.0.0.1:65459 - R:localhost/127.0.0.1:52367] for GET '/session/17ce061129cfaebeabc78ff1182504de/screenshot'
18:17:15.953 [AsyncHttpClient-1-3] DEBUG org.asynchttpclient.netty.handler.HttpHandler - 

Request DefaultFullHttpRequest(decodeResult: success, version: HTTP/1.1, content: EmptyByteBufBE)
GET /session/17ce061129cfaebeabc78ff1182504de/screenshot HTTP/1.1
User-Agent: selenium/4.1.2 (java windows)
Cache-Control: no-cache
Content-Type: application/json; charset=utf-8
host: localhost:52367
accept: */*

Response DefaultHttpResponse(decodeResult: success, version: HTTP/1.1)
HTTP/1.1 200 OK
Content-Type: application/json; charset=utf-8
cache-control: no-cache
content-length: 36256

18:17:15.954 [AsyncHttpClient-1-3] DEBUG org.asynchttpclient.netty.channel.ChannelManager - Adding key: http://localhost:52367 for channel [id: 0x13b45ba0, L:/127.0.0.1:65459 - R:localhost/127.0.0.1:52367]
18:17:15.958 [main] DEBUG net.serenitybdd.core.photography.Darkroom - Send negative for processing for target\site\serenity\c9e6d166cf7ee9032373924d7dc2ffd31bef39ff220e147d93e3c5d7039a012a.png
18:17:15.975 [Forwarding findElement on session 17ce061129cfaebeabc78ff1182504de to remote] DEBUG org.asynchttpclient.netty.request.NettyRequestSender - Using pooled Channel '[id: 0x13b45ba0, L:/127.0.0.1:65459 - R:localhost/127.0.0.1:52367]' for 'POST' to 'http://localhost:52367/session/17ce061129cfaebeabc78ff1182504de/element'
18:17:15.976 [Forwarding findElement on session 17ce061129cfaebeabc78ff1182504de to remote] DEBUG org.asynchttpclient.netty.request.NettyRequestSender - Using open Channel [id: 0x13b45ba0, L:/127.0.0.1:65459 - R:localhost/127.0.0.1:52367] for POST '/session/17ce061129cfaebeabc78ff1182504de/element'
18:17:16.291 [AsyncHttpClient-1-1] DEBUG org.asynchttpclient.netty.channel.DefaultChannelPool - Entry count for : http://localhost:65460 : 1
18:17:17.396 [AsyncHttpClient-1-1] DEBUG org.asynchttpclient.netty.channel.DefaultChannelPool - Entry count for : http://localhost:65460 : 1
18:17:18.009 [AsyncHttpClient-1-3] DEBUG org.asynchttpclient.netty.handler.HttpHandler - 

Request DefaultHttpRequest(decodeResult: success, version: HTTP/1.1)
POST /session/17ce061129cfaebeabc78ff1182504de/element HTTP/1.1
User-Agent: selenium/4.1.2 (java windows)
Content-Length: 119
Content-Type: application/json; charset=utf-8
host: localhost:52367
accept: */*

Response DefaultHttpResponse(decodeResult: success, version: HTTP/1.1)
HTTP/1.1 404 Not Found
Content-Type: application/json; charset=utf-8
cache-control: no-cache
content-length: 1042

18:17:18.009 [AsyncHttpClient-1-3] DEBUG org.asynchttpclient.netty.channel.ChannelManager - Adding key: http://localhost:52367 for channel [id: 0x13b45ba0, L:/127.0.0.1:65459 - R:localhost/127.0.0.1:52367]
18:17:18.125 [Forwarding findElement on session 17ce061129cfaebeabc78ff1182504de to remote] DEBUG org.asynchttpclient.netty.request.NettyRequestSender - Using pooled Channel '[id: 0x13b45ba0, L:/127.0.0.1:65459 - R:localhost/127.0.0.1:52367]' for 'POST' to 'http://localhost:52367/session/17ce061129cfaebeabc78ff1182504de/element'
18:17:18.125 [Forwarding findElement on session 17ce061129cfaebeabc78ff1182504de to remote] DEBUG org.asynchttpclient.netty.request.NettyRequestSender - Using open Channel [id: 0x13b45ba0, L:/127.0.0.1:65459 - R:localhost/127.0.0.1:52367] for POST '/session/17ce061129cfaebeabc78ff1182504de/element'
18:17:18.488 [AsyncHttpClient-1-1] DEBUG org.asynchttpclient.netty.channel.DefaultChannelPool - Entry count for : http://localhost:65460 : 1
18:17:19.601 [AsyncHttpClient-1-1] DEBUG org.asynchttpclient.netty.channel.DefaultChannelPool - Entry count for : http://localhost:65460 : 1
18:17:19.993 [AsyncHttpClient-1-3] DEBUG org.asynchttpclient.netty.handler.HttpHandler - 

Request DefaultHttpRequest(decodeResult: success, version: HTTP/1.1)
POST /session/17ce061129cfaebeabc78ff1182504de/element HTTP/1.1
User-Agent: selenium/4.1.2 (java windows)
Content-Length: 119
Content-Type: application/json; charset=utf-8
host: localhost:52367
accept: */*

Response DefaultHttpResponse(decodeResult: success, version: HTTP/1.1)
HTTP/1.1 200 OK
Content-Type: application/json; charset=utf-8
cache-control: no-cache
content-length: 88

18:17:19.993 [AsyncHttpClient-1-3] DEBUG org.asynchttpclient.netty.channel.ChannelManager - Adding key: http://localhost:52367 for channel [id: 0x13b45ba0, L:/127.0.0.1:65459 - R:localhost/127.0.0.1:52367]
18:17:19.995 [Forwarding getElementTagName on session 17ce061129cfaebeabc78ff1182504de to remote] DEBUG org.asynchttpclient.netty.request.NettyRequestSender - Using pooled Channel '[id: 0x13b45ba0, L:/127.0.0.1:65459 - R:localhost/127.0.0.1:52367]' for 'GET' to 'http://localhost:52367/session/17ce061129cfaebeabc78ff1182504de/element/40c1ea3f-0814-4c56-9064-08d7b2be0907/name'
18:17:19.995 [Forwarding getElementTagName on session 17ce061129cfaebeabc78ff1182504de to remote] DEBUG org.asynchttpclient.netty.request.NettyRequestSender - Using open Channel [id: 0x13b45ba0, L:/127.0.0.1:65459 - R:localhost/127.0.0.1:52367] for GET '/session/17ce061129cfaebeabc78ff1182504de/element/40c1ea3f-0814-4c56-9064-08d7b2be0907/name'
18:17:19.999 [AsyncHttpClient-1-3] DEBUG org.asynchttpclient.netty.handler.HttpHandler - 

Request DefaultFullHttpRequest(decodeResult: success, version: HTTP/1.1, content: EmptyByteBufBE)
GET /session/17ce061129cfaebeabc78ff1182504de/element/40c1ea3f-0814-4c56-9064-08d7b2be0907/name HTTP/1.1
User-Agent: selenium/4.1.2 (java windows)
Cache-Control: no-cache
Content-Type: application/json; charset=utf-8
host: localhost:52367
accept: */*

Response DefaultHttpResponse(decodeResult: success, version: HTTP/1.1)
HTTP/1.1 200 OK
Content-Type: application/json; charset=utf-8
cache-control: no-cache
content-length: 16

18:17:20.000 [AsyncHttpClient-1-3] DEBUG org.asynchttpclient.netty.channel.ChannelManager - Adding key: http://localhost:52367 for channel [id: 0x13b45ba0, L:/127.0.0.1:65459 - R:localhost/127.0.0.1:52367]
18:17:20.001 [Forwarding getElementTagName on session 17ce061129cfaebeabc78ff1182504de to remote] DEBUG org.asynchttpclient.netty.request.NettyRequestSender - Using pooled Channel '[id: 0x13b45ba0, L:/127.0.0.1:65459 - R:localhost/127.0.0.1:52367]' for 'GET' to 'http://localhost:52367/session/17ce061129cfaebeabc78ff1182504de/element/40c1ea3f-0814-4c56-9064-08d7b2be0907/name'
18:17:20.001 [Forwarding getElementTagName on session 17ce061129cfaebeabc78ff1182504de to remote] DEBUG org.asynchttpclient.netty.request.NettyRequestSender - Using open Channel [id: 0x13b45ba0, L:/127.0.0.1:65459 - R:localhost/127.0.0.1:52367] for GET '/session/17ce061129cfaebeabc78ff1182504de/element/40c1ea3f-0814-4c56-9064-08d7b2be0907/name'
18:17:20.004 [AsyncHttpClient-1-3] DEBUG org.asynchttpclient.netty.handler.HttpHandler - 

Request DefaultFullHttpRequest(decodeResult: success, version: HTTP/1.1, content: EmptyByteBufBE)
GET /session/17ce061129cfaebeabc78ff1182504de/element/40c1ea3f-0814-4c56-9064-08d7b2be0907/name HTTP/1.1
User-Agent: selenium/4.1.2 (java windows)
Cache-Control: no-cache
Content-Type: application/json; charset=utf-8
host: localhost:52367
accept: */*

Response DefaultHttpResponse(decodeResult: success, version: HTTP/1.1)
HTTP/1.1 200 OK
Content-Type: application/json; charset=utf-8
cache-control: no-cache
content-length: 16

18:17:20.004 [AsyncHttpClient-1-3] DEBUG org.asynchttpclient.netty.channel.ChannelManager - Adding key: http://localhost:52367 for channel [id: 0x13b45ba0, L:/127.0.0.1:65459 - R:localhost/127.0.0.1:52367]
18:17:20.006 [Forwarding findElement on session 17ce061129cfaebeabc78ff1182504de to remote] DEBUG org.asynchttpclient.netty.request.NettyRequestSender - Using pooled Channel '[id: 0x13b45ba0, L:/127.0.0.1:65459 - R:localhost/127.0.0.1:52367]' for 'POST' to 'http://localhost:52367/session/17ce061129cfaebeabc78ff1182504de/element'
18:17:20.006 [Forwarding findElement on session 17ce061129cfaebeabc78ff1182504de to remote] DEBUG org.asynchttpclient.netty.request.NettyRequestSender - Using open Channel [id: 0x13b45ba0, L:/127.0.0.1:65459 - R:localhost/127.0.0.1:52367] for POST '/session/17ce061129cfaebeabc78ff1182504de/element'
18:17:20.034 [AsyncHttpClient-1-3] DEBUG org.asynchttpclient.netty.handler.HttpHandler - 

Request DefaultHttpRequest(decodeResult: success, version: HTTP/1.1)
POST /session/17ce061129cfaebeabc78ff1182504de/element HTTP/1.1
User-Agent: selenium/4.1.2 (java windows)
Content-Length: 119
Content-Type: application/json; charset=utf-8
host: localhost:52367
accept: */*

Response DefaultHttpResponse(decodeResult: success, version: HTTP/1.1)
HTTP/1.1 200 OK
Content-Type: application/json; charset=utf-8
cache-control: no-cache
content-length: 88

18:17:20.034 [AsyncHttpClient-1-3] DEBUG org.asynchttpclient.netty.channel.ChannelManager - Adding key: http://localhost:52367 for channel [id: 0x13b45ba0, L:/127.0.0.1:65459 - R:localhost/127.0.0.1:52367]
18:17:20.036 [Forwarding clickElement on session 17ce061129cfaebeabc78ff1182504de to remote] DEBUG org.asynchttpclient.netty.request.NettyRequestSender - Using pooled Channel '[id: 0x13b45ba0, L:/127.0.0.1:65459 - R:localhost/127.0.0.1:52367]' for 'POST' to 'http://localhost:52367/session/17ce061129cfaebeabc78ff1182504de/element/40c1ea3f-0814-4c56-9064-08d7b2be0907/click'
18:17:20.037 [Forwarding clickElement on session 17ce061129cfaebeabc78ff1182504de to remote] DEBUG org.asynchttpclient.netty.request.NettyRequestSender - Using open Channel [id: 0x13b45ba0, L:/127.0.0.1:65459 - R:localhost/127.0.0.1:52367] for POST '/session/17ce061129cfaebeabc78ff1182504de/element/40c1ea3f-0814-4c56-9064-08d7b2be0907/click'
18:17:20.104 [AsyncHttpClient-1-3] DEBUG org.asynchttpclient.netty.handler.HttpHandler - 

Request DefaultHttpRequest(decodeResult: success, version: HTTP/1.1)
POST /session/17ce061129cfaebeabc78ff1182504de/element/40c1ea3f-0814-4c56-9064-08d7b2be0907/click HTTP/1.1
User-Agent: selenium/4.1.2 (java windows)
Content-Length: 50
Content-Type: application/json; charset=utf-8
host: localhost:52367
accept: */*

Response DefaultHttpResponse(decodeResult: success, version: HTTP/1.1)
HTTP/1.1 200 OK
Content-Type: application/json; charset=utf-8
cache-control: no-cache
content-length: 14

18:17:20.105 [AsyncHttpClient-1-3] DEBUG org.asynchttpclient.netty.channel.ChannelManager - Adding key: http://localhost:52367 for channel [id: 0x13b45ba0, L:/127.0.0.1:65459 - R:localhost/127.0.0.1:52367]
  &amp#27;[32mWhen &amp#27;[0m&amp#27;[32mI click detail button in PS2&amp#27;[0m               &amp#27;[90m# starter.stepdefinitions.HomeStep.iClickDetailButtonInPS2()&amp#27;[0m
18:17:20.116 [Forwarding screenshot on session 17ce061129cfaebeabc78ff1182504de to remote] DEBUG org.asynchttpclient.netty.request.NettyRequestSender - Using pooled Channel '[id: 0x13b45ba0, L:/127.0.0.1:65459 - R:localhost/127.0.0.1:52367]' for 'GET' to 'http://localhost:52367/session/17ce061129cfaebeabc78ff1182504de/screenshot'
18:17:20.116 [Forwarding screenshot on session 17ce061129cfaebeabc78ff1182504de to remote] DEBUG org.asynchttpclient.netty.request.NettyRequestSender - Using open Channel [id: 0x13b45ba0, L:/127.0.0.1:65459 - R:localhost/127.0.0.1:52367] for GET '/session/17ce061129cfaebeabc78ff1182504de/screenshot'
18:17:20.493 [AsyncHttpClient-1-3] DEBUG org.asynchttpclient.netty.handler.HttpHandler - 

Request DefaultFullHttpRequest(decodeResult: success, version: HTTP/1.1, content: EmptyByteBufBE)
GET /session/17ce061129cfaebeabc78ff1182504de/screenshot HTTP/1.1
User-Agent: selenium/4.1.2 (java windows)
Cache-Control: no-cache
Content-Type: application/json; charset=utf-8
host: localhost:52367
accept: */*

Response DefaultHttpResponse(decodeResult: success, version: HTTP/1.1)
HTTP/1.1 200 OK
Content-Type: application/json; charset=utf-8
cache-control: no-cache
content-length: 19216

18:17:20.493 [AsyncHttpClient-1-3] DEBUG org.asynchttpclient.netty.channel.ChannelManager - Adding key: http://localhost:52367 for channel [id: 0x13b45ba0, L:/127.0.0.1:65459 - R:localhost/127.0.0.1:52367]
18:17:20.495 [main] DEBUG net.serenitybdd.core.photography.Darkroom - Send negative for processing for target\site\serenity\2688c83ad1925a6a999be2b45c7d70dd8eb2bd7a0d965cada6dd19f0ec78e8e7.png
18:17:20.500 [Darkroom Processing Line] DEBUG net.serenitybdd.core.photography.DarkroomProcessingLine - Processing screenshot image in /var/screenshots/screenshot-16512274233440588648
18:17:20.501 [Darkroom Processing Line] DEBUG net.serenitybdd.core.photography.DarkroomProcessingLine - Saving screenshot to target\site\serenity\2688c83ad1925a6a999be2b45c7d70dd8eb2bd7a0d965cada6dd19f0ec78e8e7.png
18:17:20.503 [Forwarding findElement on session 17ce061129cfaebeabc78ff1182504de to remote] DEBUG org.asynchttpclient.netty.request.NettyRequestSender - Using pooled Channel '[id: 0x13b45ba0, L:/127.0.0.1:65459 - R:localhost/127.0.0.1:52367]' for 'POST' to 'http://localhost:52367/session/17ce061129cfaebeabc78ff1182504de/element'
18:17:20.503 [Forwarding findElement on session 17ce061129cfaebeabc78ff1182504de to remote] DEBUG org.asynchttpclient.netty.request.NettyRequestSender - Using open Channel [id: 0x13b45ba0, L:/127.0.0.1:65459 - R:localhost/127.0.0.1:52367] for POST '/session/17ce061129cfaebeabc78ff1182504de/element'
18:17:20.689 [AsyncHttpClient-1-1] DEBUG org.asynchttpclient.netty.channel.DefaultChannelPool - Entry count for : http://localhost:65460 : 1
18:17:21.790 [AsyncHttpClient-1-1] DEBUG org.asynchttpclient.netty.channel.DefaultChannelPool - Entry count for : http://localhost:65460 : 1
18:17:22.453 [AsyncHttpClient-1-3] DEBUG org.asynchttpclient.netty.handler.HttpHandler - 

Request DefaultHttpRequest(decodeResult: success, version: HTTP/1.1)
POST /session/17ce061129cfaebeabc78ff1182504de/element HTTP/1.1
User-Agent: selenium/4.1.2 (java windows)
Content-Length: 87
Content-Type: application/json; charset=utf-8
host: localhost:52367
accept: */*

Response DefaultHttpResponse(decodeResult: success, version: HTTP/1.1)
HTTP/1.1 200 OK
Content-Type: application/json; charset=utf-8
cache-control: no-cache
content-length: 88

18:17:22.453 [AsyncHttpClient-1-3] DEBUG org.asynchttpclient.netty.channel.ChannelManager - Adding key: http://localhost:52367 for channel [id: 0x13b45ba0, L:/127.0.0.1:65459 - R:localhost/127.0.0.1:52367]
18:17:22.456 [Forwarding isElementDisplayed on session 17ce061129cfaebeabc78ff1182504de to remote] DEBUG org.asynchttpclient.netty.request.NettyRequestSender - Using pooled Channel '[id: 0x13b45ba0, L:/127.0.0.1:65459 - R:localhost/127.0.0.1:52367]' for 'POST' to 'http://localhost:52367/session/17ce061129cfaebeabc78ff1182504de/execute/sync'
18:17:22.456 [Forwarding isElementDisplayed on session 17ce061129cfaebeabc78ff1182504de to remote] DEBUG org.asynchttpclient.netty.request.NettyRequestSender - Using open Channel [id: 0x13b45ba0, L:/127.0.0.1:65459 - R:localhost/127.0.0.1:52367] for POST '/session/17ce061129cfaebeabc78ff1182504de/execute/sync'
18:17:22.467 [AsyncHttpClient-1-3] DEBUG org.asynchttpclient.netty.handler.HttpHandler - 

Request DefaultHttpRequest(decodeResult: success, version: HTTP/1.1)
POST /session/17ce061129cfaebeabc78ff1182504de/execute/sync HTTP/1.1
User-Agent: selenium/4.1.2 (java windows)
Content-Length: 48780
Content-Type: application/json; charset=utf-8
host: localhost:52367
accept: */*

Response DefaultHttpResponse(decodeResult: success, version: HTTP/1.1)
HTTP/1.1 200 OK
Content-Type: application/json; charset=utf-8
cache-control: no-cache
content-length: 14

18:17:22.467 [AsyncHttpClient-1-3] DEBUG org.asynchttpclient.netty.channel.ChannelManager - Adding key: http://localhost:52367 for channel [id: 0x13b45ba0, L:/127.0.0.1:65459 - R:localhost/127.0.0.1:52367]
  &amp#27;[32mThen &amp#27;[0m&amp#27;[32mThe detail page is showed&amp#27;[0m                  &amp#27;[90m# starter.stepdefinitions.HomeStep.theDetailPageIsShowed()&amp#27;[0m
18:17:22.470 [Forwarding screenshot on session 17ce061129cfaebeabc78ff1182504de to remote] DEBUG org.asynchttpclient.netty.request.NettyRequestSender - Using pooled Channel '[id: 0x13b45ba0, L:/127.0.0.1:65459 - R:localhost/127.0.0.1:52367]' for 'GET' to 'http://localhost:52367/session/17ce061129cfaebeabc78ff1182504de/screenshot'
18:17:22.471 [Forwarding screenshot on session 17ce061129cfaebeabc78ff1182504de to remote] DEBUG org.asynchttpclient.netty.request.NettyRequestSender - Using open Channel [id: 0x13b45ba0, L:/127.0.0.1:65459 - R:localhost/127.0.0.1:52367] for GET '/session/17ce061129cfaebeabc78ff1182504de/screenshot'
18:17:22.593 [AsyncHttpClient-1-3] DEBUG org.asynchttpclient.netty.handler.HttpHandler - 

Request DefaultFullHttpRequest(decodeResult: success, version: HTTP/1.1, content: EmptyByteBufBE)
GET /session/17ce061129cfaebeabc78ff1182504de/screenshot HTTP/1.1
User-Agent: selenium/4.1.2 (java windows)
Cache-Control: no-cache
Content-Type: application/json; charset=utf-8
host: localhost:52367
accept: */*

Response DefaultHttpResponse(decodeResult: success, version: HTTP/1.1)
HTTP/1.1 200 OK
Content-Type: application/json; charset=utf-8
cache-control: no-cache
content-length: 33080

18:17:22.593 [AsyncHttpClient-1-3] DEBUG org.asynchttpclient.netty.channel.ChannelManager - Adding key: http://localhost:52367 for channel [id: 0x13b45ba0, L:/127.0.0.1:65459 - R:localhost/127.0.0.1:52367]
18:17:22.595 [main] DEBUG net.serenitybdd.core.photography.Darkroom - Send negative for processing for target\site\serenity\4da93c6103d8db16661ea49066a58aaf6f741e505a3fed5c11bcb9f4a4547bfa.png
18:17:22.596 [Darkroom Processing Line] DEBUG net.serenitybdd.core.photography.DarkroomProcessingLine - Processing screenshot image in /var/screenshots/screenshot-11141138604521800077
18:17:22.596 [Darkroom Processing Line] DEBUG net.serenitybdd.core.photography.DarkroomProcessingLine - Saving screenshot to target\site\serenity\4da93c6103d8db16661ea49066a58aaf6f741e505a3fed5c11bcb9f4a4547bfa.png
18:17:22.597 [main] INFO  - 
  _____   ___   ___   _____     ___     _     ___   ___   ___   ___  
 |_   _| | __| / __| |_   _|   | _ \   /_\   / __| / __| | __| |   \ 
   | |   | _|  \__ \   | |     |  _/  / _ \  \__ \ \__ \ | _|  | |) |
   |_|   |___| |___/   |_|     |_|   /_/ \_\ |___/ |___/ |___| |___/ 

I want to see the detail product of PS2
----------------------------------------------------------------------
18:17:22.598 [AsyncHttpClient-1-5] DEBUG org.asynchttpclient.netty.handler.WebSocketHandler - Channel Closed: [id: 0xcde1faab, L:/127.0.0.1:65467 ! R:localhost/127.0.0.1:65460] with attribute NettyResponseFuture{currentRetry=5,
	isDone=1,
	isCancelled=0,
	asyncHandler=org.asynchttpclient.ws.WebSocketUpgradeHandler@50cc282b,
	nettyRequest=org.asynchttpclient.netty.request.NettyRequest@580d237e,
	future=java.util.concurrent.CompletableFuture@722597f6[Completed normally],
	uri=ws://localhost:65460/devtools/browser/fcd0dce9-3d9b-4f1c-87ec-d9e07359b86c,
	keepAlive=true,
	redirectCount=0,
	timeoutsHolder=null,
	inAuth=0,
	touch=1667560634461}
18:17:22.598 [AsyncHttpClient-1-5] DEBUG org.asynchttpclient.netty.channel.ChannelManager - Closing Channel [id: 0xcde1faab, L:/127.0.0.1:65467 ! R:localhost/127.0.0.1:65460] 
18:17:22.605 [Driver Command Executor] DEBUG org.asynchttpclient.netty.request.NettyRequestSender - Using pooled Channel '[id: 0x13b45ba0, L:/127.0.0.1:65459 - R:localhost/127.0.0.1:52367]' for 'DELETE' to 'http://localhost:52367/session/17ce061129cfaebeabc78ff1182504de'
18:17:22.606 [Driver Command Executor] DEBUG org.asynchttpclient.netty.request.NettyRequestSender - Using open Channel [id: 0x13b45ba0, L:/127.0.0.1:65459 - R:localhost/127.0.0.1:52367] for DELETE '/session/17ce061129cfaebeabc78ff1182504de'
18:17:22.730 [AsyncHttpClient-1-4] DEBUG org.asynchttpclient.netty.handler.HttpHandler - Unexpected I/O exception on channel [id: 0x5ae9869f, L:/127.0.0.1:65466 - R:localhost/127.0.0.1:65460]
java.io.IOException: An existing connection was forcibly closed by the remote host
	at java.base/sun.nio.ch.SocketDispatcher.read0(Native Method)
	at java.base/sun.nio.ch.SocketDispatcher.read(SocketDispatcher.java:43)
	at java.base/sun.nio.ch.IOUtil.readIntoNativeBuffer(IOUtil.java:276)
	at java.base/sun.nio.ch.IOUtil.read(IOUtil.java:233)
	at java.base/sun.nio.ch.IOUtil.read(IOUtil.java:223)
	at java.base/sun.nio.ch.SocketChannelImpl.read(SocketChannelImpl.java:358)
	at io.netty.buffer.PooledByteBuf.setBytes(PooledByteBuf.java:258)
	at io.netty.buffer.AbstractByteBuf.writeBytes(AbstractByteBuf.java:1132)
	at io.netty.channel.socket.nio.NioSocketChannel.doReadBytes(NioSocketChannel.java:350)
	at io.netty.channel.nio.AbstractNioByteChannel$NioByteUnsafe.read(AbstractNioByteChannel.java:151)
	at io.netty.channel.nio.NioEventLoop.processSelectedKey(NioEventLoop.java:722)
	at io.netty.channel.nio.NioEventLoop.processSelectedKeysOptimized(NioEventLoop.java:658)
	at io.netty.channel.nio.NioEventLoop.processSelectedKeys(NioEventLoop.java:584)
	at io.netty.channel.nio.NioEventLoop.run(NioEventLoop.java:496)
	at io.netty.util.concurrent.SingleThreadEventExecutor$4.run(SingleThreadEventExecutor.java:986)
	at io.netty.util.internal.ThreadExecutorMap$2.run(ThreadExecutorMap.java:74)
	at io.netty.util.concurrent.FastThreadLocalRunnable.run(FastThreadLocalRunnable.java:30)
	at java.base/java.lang.Thread.run(Thread.java:834)
18:17:22.730 [AsyncHttpClient-1-4] DEBUG org.asynchttpclient.netty.channel.ChannelManager - Closing Channel [id: 0x5ae9869f, L:/127.0.0.1:65466 - R:localhost/127.0.0.1:65460] 
18:17:22.730 [AsyncHttpClient-1-4] DEBUG org.asynchttpclient.netty.handler.HttpHandler - Channel Closed: [id: 0x5ae9869f, L:/127.0.0.1:65466 ! R:localhost/127.0.0.1:65460] with attribute DISCARD
18:17:22.753 [AsyncHttpClient-1-3] DEBUG org.asynchttpclient.netty.handler.HttpHandler - 

Request DefaultFullHttpRequest(decodeResult: success, version: HTTP/1.1, content: EmptyByteBufBE)
DELETE /session/17ce061129cfaebeabc78ff1182504de HTTP/1.1
User-Agent: selenium/4.1.2 (java windows)
Content-Type: application/json; charset=utf-8
host: localhost:52367
accept: */*

Response DefaultHttpResponse(decodeResult: success, version: HTTP/1.1)
HTTP/1.1 200 OK
Content-Type: application/json; charset=utf-8
cache-control: no-cache
content-length: 14

18:17:22.754 [AsyncHttpClient-1-3] DEBUG org.asynchttpclient.netty.channel.ChannelManager - Adding key: http://localhost:52367 for channel [id: 0x13b45ba0, L:/127.0.0.1:65459 - R:localhost/127.0.0.1:52367]
18:17:22.807 [AsyncHttpClient-1-3] DEBUG org.asynchttpclient.netty.handler.HttpHandler - Channel Closed: [id: 0x13b45ba0, L:/127.0.0.1:65459 ! R:localhost/127.0.0.1:52367] with attribute DISCARD
]]></system-out>
    <system-err><![CDATA[Starting ChromeDriver 107.0.5304.62 (1eec40d3a5764881c92085aaee66d25075c159aa-refs/branch-heads/5304@{#942}) on port 52367
Only local connections are allowed.
Please see https://chromedriver.chromium.org/security-considerations for suggestions on keeping ChromeDriver safe.
ChromeDriver was started successfully.
Nov 04, 2022 6:17:14 PM org.openqa.selenium.remote.ProtocolHandshake createSession
INFO: Detected dialect: W3C
Nov 04, 2022 6:17:14 PM org.openqa.selenium.devtools.CdpVersionFinder findNearestMatch
WARNING: Unable to find an exact match for CDP version 107, so returning the closest version found: a no-op implementation
Nov 04, 2022 6:17:14 PM org.openqa.selenium.devtools.CdpVersionFinder findNearestMatch
INFO: Unable to find CDP implementation matching 107.
Nov 04, 2022 6:17:14 PM org.openqa.selenium.chromium.ChromiumDriver lambda$new$3
WARNING: Unable to find version of CDP to use for . You may need to include a dependency on a specific version of the CDP using something similar to `org.seleniumhq.selenium:selenium-devtools-v86:4.1.2` where the version ("v86") matches the version of the chromium-based browser you're using and the version number of the artifact is the same as Selenium's.
]]></system-err>
  </testcase>
  <testcase name="I want to select category #1" classname="Home" time="4.392">
    <system-out><![CDATA[
@Home
Scenario: I want to select category &amp#27;[90m# src/test/resources/features/home.feature:28&amp#27;[0m
18:17:22.876 [main] INFO io.cucumber.core.plugin.SerenityReporter - Running feature from file:///D:/Ra/file%20kuliah/semester%207/resume%20alta/Mini%20Project/Web/AltaShop/src/test/resources/features/home.feature
18:17:22.878 [main] INFO  - 
  _____   ___   ___   _____     ___   _____     _     ___   _____   ___   ___  
 |_   _| | __| / __| |_   _|   / __| |_   _|   /_\   | _ \ |_   _| | __| |   \ 
   | |   | _|  \__ \   | |     \__ \   | |    / _ \  |   /   | |   | _|  | |) |
   |_|   |___| |___/   |_|     |___/   |_|   /_/ \_\ |_|_\   |_|   |___| |___/ 

I want to select category(home;i-want-to-select-category)
--------------------------------------------------------------------------------
18:17:22.887 [AsyncHttpClient-1-1] DEBUG org.asynchttpclient.netty.channel.DefaultChannelPool - Entry count for : http://localhost:65460 : 1
18:17:22.887 [AsyncHttpClient-1-1] DEBUG org.asynchttpclient.netty.channel.DefaultChannelPool - Entry count for : http://localhost:52367 : 1
18:17:22.887 [AsyncHttpClient-1-1] DEBUG org.asynchttpclient.netty.channel.DefaultChannelPool - Adding Candidate expired Channel [id: 0x5ae9869f, L:/127.0.0.1:65466 ! R:localhost/127.0.0.1:65460] isIdleTimeoutExpired=false isRemotelyClosed=true isTtlExpired=false
18:17:22.887 [AsyncHttpClient-1-1] DEBUG org.asynchttpclient.netty.channel.DefaultChannelPool - Closing Idle Channel [id: 0x5ae9869f, L:/127.0.0.1:65466 ! R:localhost/127.0.0.1:65460]
18:17:22.887 [AsyncHttpClient-1-1] DEBUG org.asynchttpclient.netty.channel.DefaultChannelPool - Adding Candidate expired Channel [id: 0x13b45ba0, L:/127.0.0.1:65459 ! R:localhost/127.0.0.1:52367] isIdleTimeoutExpired=false isRemotelyClosed=true isTtlExpired=false
18:17:22.887 [AsyncHttpClient-1-1] DEBUG org.asynchttpclient.netty.channel.DefaultChannelPool - Closing Idle Channel [id: 0x13b45ba0, L:/127.0.0.1:65459 ! R:localhost/127.0.0.1:52367]
18:17:22.887 [AsyncHttpClient-1-1] DEBUG org.asynchttpclient.netty.channel.DefaultChannelPool - Closed 2 connections out of 2 in 0 ms
18:17:22.889 [main] INFO net.serenitybdd.core.webdriver.driverproviders.ChromeDriverProvider - Using automatically driver download
18:17:22.982 [main] DEBUG io.github.bonigarcia.wdm.cache.ResolutionCache - Resolution chrome=107 in cache (valid until 18:54:29 04/11/2022 ICT)
18:17:22.985 [main] DEBUG io.github.bonigarcia.wdm.cache.ResolutionCache - Resolution chrome107=107.0.5304.62 in cache (valid until 17:54:29 05/11/2022 ICT)
18:17:22.987 [main] INFO io.github.bonigarcia.wdm.WebDriverManager - Using chromedriver 107.0.5304.62 (resolved driver for Chrome 107)
18:17:23.000 [main] DEBUG io.github.bonigarcia.wdm.WebDriverManager - Driver chromedriver 107.0.5304.62 found in cache
18:17:23.001 [main] INFO io.github.bonigarcia.wdm.WebDriverManager - Exporting webdriver.chrome.driver as C:\Users\rilaa\.cache\selenium\chromedriver\win32\107.0.5304.62\chromedriver.exe
18:17:23.097 [main] DEBUG net.serenitybdd.core.webdriver.driverproviders.ProvideNewDriver - Instantiating driver
18:17:23.097 [main] DEBUG net.serenitybdd.core.webdriver.driverproviders.ProvideNewDriver - Driver capabilities: Capabilities {acceptInsecureCerts: false, base.url: https://alta-shop.vercel.app, browserName: chrome, chrome.driver: src/test/resources/webdrive..., driver: chrome, goog:chromeOptions: {args: [], extensions: []}}
18:17:23.211 [AsyncHttpClient-1-6] DEBUG org.asynchttpclient.netty.channel.NettyConnectListener - Using new Channel '[id: 0xe177057b, L:/127.0.0.1:65486 - R:localhost/127.0.0.1:61039]' for 'POST' to '/session'
18:17:24.037 [AsyncHttpClient-1-6] DEBUG org.asynchttpclient.netty.handler.HttpHandler - 

Request DefaultHttpRequest(decodeResult: success, version: HTTP/1.1)
POST /session HTTP/1.1
User-Agent: selenium/4.1.2 (java windows)
Content-Length: 609
Content-Type: application/json; charset=utf-8
host: localhost:61039
accept: */*

Response DefaultHttpResponse(decodeResult: success, version: HTTP/1.1)
HTTP/1.1 200 OK
Content-Type: application/json; charset=utf-8
cache-control: no-cache
content-length: 790

18:17:24.037 [AsyncHttpClient-1-6] DEBUG org.asynchttpclient.netty.channel.ChannelManager - Adding key: http://localhost:61039 for channel [id: 0xe177057b, L:/127.0.0.1:65486 - R:localhost/127.0.0.1:61039]
18:17:24.047 [AsyncHttpClient-1-7] DEBUG org.asynchttpclient.netty.channel.NettyConnectListener - Using new Channel '[id: 0x2cf1fccc, L:/127.0.0.1:65492 - R:localhost/127.0.0.1:65487]' for 'GET' to '/json/version'
18:17:24.048 [AsyncHttpClient-1-7] DEBUG org.asynchttpclient.netty.handler.HttpHandler - 

Request DefaultFullHttpRequest(decodeResult: success, version: HTTP/1.1, content: EmptyByteBufBE)
GET /json/version HTTP/1.1
User-Agent: selenium/4.1.2 (java windows)
host: localhost:65487
accept: */*

Response DefaultHttpResponse(decodeResult: success, version: HTTP/1.1)
HTTP/1.1 200 OK
Content-Type: application/json; charset=UTF-8
content-length: 423

18:17:24.049 [AsyncHttpClient-1-7] DEBUG org.asynchttpclient.netty.channel.ChannelManager - Adding key: http://localhost:65487 for channel [id: 0x2cf1fccc, L:/127.0.0.1:65492 - R:localhost/127.0.0.1:65487]
18:17:24.051 [AsyncHttpClient-1-8] DEBUG org.asynchttpclient.netty.channel.NettyConnectListener - Using new Channel '[id: 0xac53b60e, L:/127.0.0.1:65493 - R:localhost/127.0.0.1:65487]' for 'GET' to '/devtools/browser/aaef4c05-a597-4146-ba7c-4ebd30d71d52'
18:17:24.052 [AsyncHttpClient-1-8] DEBUG org.asynchttpclient.netty.handler.WebSocketHandler - 

Request DefaultFullHttpRequest(decodeResult: success, version: HTTP/1.1, content: EmptyByteBufBE)
GET /devtools/browser/aaef4c05-a597-4146-ba7c-4ebd30d71d52 HTTP/1.1
upgrade: websocket
connection: upgrade
sec-websocket-key: 2cAPZlCEwwQWBIE00yPXbQ==
sec-websocket-version: 13
origin: http://localhost:65487
host: localhost:65487
accept: */*
user-agent: AHC/2.1

Response DefaultHttpResponse(decodeResult: success, version: HTTP/1.1)
HTTP/1.1 101 WebSocket Protocol Handshake
Upgrade: WebSocket
Connection: Upgrade
Sec-WebSocket-Accept: p4+yW1/Ojb9FboNCOMeeeDNJ1GQ=

18:17:24.061 [Forwarding get on session 8fd99fc3ea8c742ea868935ed1b1e8bc to remote] DEBUG org.asynchttpclient.netty.request.NettyRequestSender - Using pooled Channel '[id: 0xe177057b, L:/127.0.0.1:65486 - R:localhost/127.0.0.1:61039]' for 'POST' to 'http://localhost:61039/session/8fd99fc3ea8c742ea868935ed1b1e8bc/url'
18:17:24.061 [Forwarding get on session 8fd99fc3ea8c742ea868935ed1b1e8bc to remote] DEBUG org.asynchttpclient.netty.request.NettyRequestSender - Using open Channel [id: 0xe177057b, L:/127.0.0.1:65486 - R:localhost/127.0.0.1:61039] for POST '/session/8fd99fc3ea8c742ea868935ed1b1e8bc/url'
18:17:24.862 [AsyncHttpClient-1-6] DEBUG org.asynchttpclient.netty.handler.HttpHandler - 

Request DefaultHttpRequest(decodeResult: success, version: HTTP/1.1)
POST /session/8fd99fc3ea8c742ea868935ed1b1e8bc/url HTTP/1.1
User-Agent: selenium/4.1.2 (java windows)
Content-Length: 59
Content-Type: application/json; charset=utf-8
host: localhost:61039
accept: */*

Response DefaultHttpResponse(decodeResult: success, version: HTTP/1.1)
HTTP/1.1 200 OK
Content-Type: application/json; charset=utf-8
cache-control: no-cache
content-length: 14

18:17:24.862 [AsyncHttpClient-1-6] DEBUG org.asynchttpclient.netty.channel.ChannelManager - Adding key: http://localhost:61039 for channel [id: 0xe177057b, L:/127.0.0.1:65486 - R:localhost/127.0.0.1:61039]
18:17:24.864 [Forwarding setTimeout on session 8fd99fc3ea8c742ea868935ed1b1e8bc to remote] DEBUG org.asynchttpclient.netty.request.NettyRequestSender - Using pooled Channel '[id: 0xe177057b, L:/127.0.0.1:65486 - R:localhost/127.0.0.1:61039]' for 'POST' to 'http://localhost:61039/session/8fd99fc3ea8c742ea868935ed1b1e8bc/timeouts'
18:17:24.864 [Forwarding setTimeout on session 8fd99fc3ea8c742ea868935ed1b1e8bc to remote] DEBUG org.asynchttpclient.netty.request.NettyRequestSender - Using open Channel [id: 0xe177057b, L:/127.0.0.1:65486 - R:localhost/127.0.0.1:61039] for POST '/session/8fd99fc3ea8c742ea868935ed1b1e8bc/timeouts'
18:17:24.865 [AsyncHttpClient-1-6] DEBUG org.asynchttpclient.netty.handler.HttpHandler - 

Request DefaultHttpRequest(decodeResult: success, version: HTTP/1.1)
POST /session/8fd99fc3ea8c742ea868935ed1b1e8bc/timeouts HTTP/1.1
User-Agent: selenium/4.1.2 (java windows)
Content-Length: 22
Content-Type: application/json; charset=utf-8
host: localhost:61039
accept: */*

Response DefaultHttpResponse(decodeResult: success, version: HTTP/1.1)
HTTP/1.1 200 OK
Content-Type: application/json; charset=utf-8
cache-control: no-cache
content-length: 14

18:17:24.866 [AsyncHttpClient-1-6] DEBUG org.asynchttpclient.netty.channel.ChannelManager - Adding key: http://localhost:61039 for channel [id: 0xe177057b, L:/127.0.0.1:65486 - R:localhost/127.0.0.1:61039]
18:17:24.871 [Forwarding getCurrentUrl on session 8fd99fc3ea8c742ea868935ed1b1e8bc to remote] DEBUG org.asynchttpclient.netty.request.NettyRequestSender - Using pooled Channel '[id: 0xe177057b, L:/127.0.0.1:65486 - R:localhost/127.0.0.1:61039]' for 'GET' to 'http://localhost:61039/session/8fd99fc3ea8c742ea868935ed1b1e8bc/url'
18:17:24.871 [Forwarding getCurrentUrl on session 8fd99fc3ea8c742ea868935ed1b1e8bc to remote] DEBUG org.asynchttpclient.netty.request.NettyRequestSender - Using open Channel [id: 0xe177057b, L:/127.0.0.1:65486 - R:localhost/127.0.0.1:61039] for GET '/session/8fd99fc3ea8c742ea868935ed1b1e8bc/url'
18:17:24.878 [AsyncHttpClient-1-6] DEBUG org.asynchttpclient.netty.handler.HttpHandler - 

Request DefaultFullHttpRequest(decodeResult: success, version: HTTP/1.1, content: EmptyByteBufBE)
GET /session/8fd99fc3ea8c742ea868935ed1b1e8bc/url HTTP/1.1
User-Agent: selenium/4.1.2 (java windows)
Cache-Control: no-cache
Content-Type: application/json; charset=utf-8
host: localhost:61039
accept: */*

Response DefaultHttpResponse(decodeResult: success, version: HTTP/1.1)
HTTP/1.1 200 OK
Content-Type: application/json; charset=utf-8
cache-control: no-cache
content-length: 41

18:17:24.878 [AsyncHttpClient-1-6] DEBUG org.asynchttpclient.netty.channel.ChannelManager - Adding key: http://localhost:61039 for channel [id: 0xe177057b, L:/127.0.0.1:65486 - R:localhost/127.0.0.1:61039]
18:17:24.889 [Forwarding findElement on session 8fd99fc3ea8c742ea868935ed1b1e8bc to remote] DEBUG org.asynchttpclient.netty.request.NettyRequestSender - Using pooled Channel '[id: 0xe177057b, L:/127.0.0.1:65486 - R:localhost/127.0.0.1:61039]' for 'POST' to 'http://localhost:61039/session/8fd99fc3ea8c742ea868935ed1b1e8bc/element'
18:17:24.889 [Forwarding findElement on session 8fd99fc3ea8c742ea868935ed1b1e8bc to remote] DEBUG org.asynchttpclient.netty.request.NettyRequestSender - Using open Channel [id: 0xe177057b, L:/127.0.0.1:65486 - R:localhost/127.0.0.1:61039] for POST '/session/8fd99fc3ea8c742ea868935ed1b1e8bc/element'
18:17:24.919 [AsyncHttpClient-1-6] DEBUG org.asynchttpclient.netty.handler.HttpHandler - 

Request DefaultHttpRequest(decodeResult: success, version: HTTP/1.1)
POST /session/8fd99fc3ea8c742ea868935ed1b1e8bc/element HTTP/1.1
User-Agent: selenium/4.1.2 (java windows)
Content-Length: 77
Content-Type: application/json; charset=utf-8
host: localhost:61039
accept: */*

Response DefaultHttpResponse(decodeResult: success, version: HTTP/1.1)
HTTP/1.1 200 OK
Content-Type: application/json; charset=utf-8
cache-control: no-cache
content-length: 88

18:17:24.920 [AsyncHttpClient-1-6] DEBUG org.asynchttpclient.netty.channel.ChannelManager - Adding key: http://localhost:61039 for channel [id: 0xe177057b, L:/127.0.0.1:65486 - R:localhost/127.0.0.1:61039]
18:17:24.927 [Forwarding isElementDisplayed on session 8fd99fc3ea8c742ea868935ed1b1e8bc to remote] DEBUG org.asynchttpclient.netty.request.NettyRequestSender - Using pooled Channel '[id: 0xe177057b, L:/127.0.0.1:65486 - R:localhost/127.0.0.1:61039]' for 'POST' to 'http://localhost:61039/session/8fd99fc3ea8c742ea868935ed1b1e8bc/execute/sync'
18:17:24.927 [Forwarding isElementDisplayed on session 8fd99fc3ea8c742ea868935ed1b1e8bc to remote] DEBUG org.asynchttpclient.netty.request.NettyRequestSender - Using open Channel [id: 0xe177057b, L:/127.0.0.1:65486 - R:localhost/127.0.0.1:61039] for POST '/session/8fd99fc3ea8c742ea868935ed1b1e8bc/execute/sync'
18:17:24.955 [AsyncHttpClient-1-6] DEBUG org.asynchttpclient.netty.handler.HttpHandler - 

Request DefaultHttpRequest(decodeResult: success, version: HTTP/1.1)
POST /session/8fd99fc3ea8c742ea868935ed1b1e8bc/execute/sync HTTP/1.1
User-Agent: selenium/4.1.2 (java windows)
Content-Length: 48780
Content-Type: application/json; charset=utf-8
host: localhost:61039
accept: */*

Response DefaultHttpResponse(decodeResult: success, version: HTTP/1.1)
HTTP/1.1 200 OK
Content-Type: application/json; charset=utf-8
cache-control: no-cache
content-length: 14

18:17:24.956 [AsyncHttpClient-1-6] DEBUG org.asynchttpclient.netty.channel.ChannelManager - Adding key: http://localhost:61039 for channel [id: 0xe177057b, L:/127.0.0.1:65486 - R:localhost/127.0.0.1:61039]
  &amp#27;[32mGiven &amp#27;[0m&amp#27;[32mI am on the home page&amp#27;[0m       &amp#27;[90m# starter.stepdefinitions.LoginStepDefinition.iAmOnTheHomePage()&amp#27;[0m
18:17:24.969 [Forwarding screenshot on session 8fd99fc3ea8c742ea868935ed1b1e8bc to remote] DEBUG org.asynchttpclient.netty.request.NettyRequestSender - Using pooled Channel '[id: 0xe177057b, L:/127.0.0.1:65486 - R:localhost/127.0.0.1:61039]' for 'GET' to 'http://localhost:61039/session/8fd99fc3ea8c742ea868935ed1b1e8bc/screenshot'
18:17:24.969 [Forwarding screenshot on session 8fd99fc3ea8c742ea868935ed1b1e8bc to remote] DEBUG org.asynchttpclient.netty.request.NettyRequestSender - Using open Channel [id: 0xe177057b, L:/127.0.0.1:65486 - R:localhost/127.0.0.1:61039] for GET '/session/8fd99fc3ea8c742ea868935ed1b1e8bc/screenshot'
18:17:25.088 [AsyncHttpClient-1-1] DEBUG org.asynchttpclient.netty.channel.DefaultChannelPool - Entry count for : http://localhost:65487 : 1
18:17:25.198 [AsyncHttpClient-1-6] DEBUG org.asynchttpclient.netty.handler.HttpHandler - 

Request DefaultFullHttpRequest(decodeResult: success, version: HTTP/1.1, content: EmptyByteBufBE)
GET /session/8fd99fc3ea8c742ea868935ed1b1e8bc/screenshot HTTP/1.1
User-Agent: selenium/4.1.2 (java windows)
Cache-Control: no-cache
Content-Type: application/json; charset=utf-8
host: localhost:61039
accept: */*

Response DefaultHttpResponse(decodeResult: success, version: HTTP/1.1)
HTTP/1.1 200 OK
Content-Type: application/json; charset=utf-8
cache-control: no-cache
content-length: 34720

18:17:25.199 [AsyncHttpClient-1-6] DEBUG org.asynchttpclient.netty.channel.ChannelManager - Adding key: http://localhost:61039 for channel [id: 0xe177057b, L:/127.0.0.1:65486 - R:localhost/127.0.0.1:61039]
18:17:25.201 [main] DEBUG net.serenitybdd.core.photography.Darkroom - Send negative for processing for target\site\serenity\decd6d9e64932b50cc2f554e75d79933da47cf23eb20efc0c48bc470fb1866f3.png
18:17:25.203 [Darkroom Processing Line] DEBUG net.serenitybdd.core.photography.DarkroomProcessingLine - Processing screenshot image in /var/screenshots/screenshot-7238359127072765522
18:17:25.203 [Darkroom Processing Line] DEBUG net.serenitybdd.core.photography.DarkroomProcessingLine - Saving screenshot to target\site\serenity\decd6d9e64932b50cc2f554e75d79933da47cf23eb20efc0c48bc470fb1866f3.png
18:17:25.231 [Forwarding findElement on session 8fd99fc3ea8c742ea868935ed1b1e8bc to remote] DEBUG org.asynchttpclient.netty.request.NettyRequestSender - Using pooled Channel '[id: 0xe177057b, L:/127.0.0.1:65486 - R:localhost/127.0.0.1:61039]' for 'POST' to 'http://localhost:61039/session/8fd99fc3ea8c742ea868935ed1b1e8bc/element'
18:17:25.231 [Forwarding findElement on session 8fd99fc3ea8c742ea868935ed1b1e8bc to remote] DEBUG org.asynchttpclient.netty.request.NettyRequestSender - Using open Channel [id: 0xe177057b, L:/127.0.0.1:65486 - R:localhost/127.0.0.1:61039] for POST '/session/8fd99fc3ea8c742ea868935ed1b1e8bc/element'
18:17:25.253 [AsyncHttpClient-1-6] DEBUG org.asynchttpclient.netty.handler.HttpHandler - 

Request DefaultHttpRequest(decodeResult: success, version: HTTP/1.1)
POST /session/8fd99fc3ea8c742ea868935ed1b1e8bc/element HTTP/1.1
User-Agent: selenium/4.1.2 (java windows)
Content-Length: 83
Content-Type: application/json; charset=utf-8
host: localhost:61039
accept: */*

Response DefaultHttpResponse(decodeResult: success, version: HTTP/1.1)
HTTP/1.1 200 OK
Content-Type: application/json; charset=utf-8
cache-control: no-cache
content-length: 88

18:17:25.254 [AsyncHttpClient-1-6] DEBUG org.asynchttpclient.netty.channel.ChannelManager - Adding key: http://localhost:61039 for channel [id: 0xe177057b, L:/127.0.0.1:65486 - R:localhost/127.0.0.1:61039]
18:17:25.262 [Forwarding getElementTagName on session 8fd99fc3ea8c742ea868935ed1b1e8bc to remote] DEBUG org.asynchttpclient.netty.request.NettyRequestSender - Using pooled Channel '[id: 0xe177057b, L:/127.0.0.1:65486 - R:localhost/127.0.0.1:61039]' for 'GET' to 'http://localhost:61039/session/8fd99fc3ea8c742ea868935ed1b1e8bc/element/51334d94-b62e-4776-8d0e-ec970811d4e4/name'
18:17:25.262 [Forwarding getElementTagName on session 8fd99fc3ea8c742ea868935ed1b1e8bc to remote] DEBUG org.asynchttpclient.netty.request.NettyRequestSender - Using open Channel [id: 0xe177057b, L:/127.0.0.1:65486 - R:localhost/127.0.0.1:61039] for GET '/session/8fd99fc3ea8c742ea868935ed1b1e8bc/element/51334d94-b62e-4776-8d0e-ec970811d4e4/name'
18:17:25.268 [AsyncHttpClient-1-6] DEBUG org.asynchttpclient.netty.handler.HttpHandler - 

Request DefaultFullHttpRequest(decodeResult: success, version: HTTP/1.1, content: EmptyByteBufBE)
GET /session/8fd99fc3ea8c742ea868935ed1b1e8bc/element/51334d94-b62e-4776-8d0e-ec970811d4e4/name HTTP/1.1
User-Agent: selenium/4.1.2 (java windows)
Cache-Control: no-cache
Content-Type: application/json; charset=utf-8
host: localhost:61039
accept: */*

Response DefaultHttpResponse(decodeResult: success, version: HTTP/1.1)
HTTP/1.1 200 OK
Content-Type: application/json; charset=utf-8
cache-control: no-cache
content-length: 15

18:17:25.268 [AsyncHttpClient-1-6] DEBUG org.asynchttpclient.netty.channel.ChannelManager - Adding key: http://localhost:61039 for channel [id: 0xe177057b, L:/127.0.0.1:65486 - R:localhost/127.0.0.1:61039]
18:17:25.271 [Forwarding getElementTagName on session 8fd99fc3ea8c742ea868935ed1b1e8bc to remote] DEBUG org.asynchttpclient.netty.request.NettyRequestSender - Using pooled Channel '[id: 0xe177057b, L:/127.0.0.1:65486 - R:localhost/127.0.0.1:61039]' for 'GET' to 'http://localhost:61039/session/8fd99fc3ea8c742ea868935ed1b1e8bc/element/51334d94-b62e-4776-8d0e-ec970811d4e4/name'
18:17:25.271 [Forwarding getElementTagName on session 8fd99fc3ea8c742ea868935ed1b1e8bc to remote] DEBUG org.asynchttpclient.netty.request.NettyRequestSender - Using open Channel [id: 0xe177057b, L:/127.0.0.1:65486 - R:localhost/127.0.0.1:61039] for GET '/session/8fd99fc3ea8c742ea868935ed1b1e8bc/element/51334d94-b62e-4776-8d0e-ec970811d4e4/name'
18:17:25.282 [AsyncHttpClient-1-6] DEBUG org.asynchttpclient.netty.handler.HttpHandler - 

Request DefaultFullHttpRequest(decodeResult: success, version: HTTP/1.1, content: EmptyByteBufBE)
GET /session/8fd99fc3ea8c742ea868935ed1b1e8bc/element/51334d94-b62e-4776-8d0e-ec970811d4e4/name HTTP/1.1
User-Agent: selenium/4.1.2 (java windows)
Cache-Control: no-cache
Content-Type: application/json; charset=utf-8
host: localhost:61039
accept: */*

Response DefaultHttpResponse(decodeResult: success, version: HTTP/1.1)
HTTP/1.1 200 OK
Content-Type: application/json; charset=utf-8
cache-control: no-cache
content-length: 15

18:17:25.282 [AsyncHttpClient-1-6] DEBUG org.asynchttpclient.netty.channel.ChannelManager - Adding key: http://localhost:61039 for channel [id: 0xe177057b, L:/127.0.0.1:65486 - R:localhost/127.0.0.1:61039]
18:17:25.285 [Forwarding findElement on session 8fd99fc3ea8c742ea868935ed1b1e8bc to remote] DEBUG org.asynchttpclient.netty.request.NettyRequestSender - Using pooled Channel '[id: 0xe177057b, L:/127.0.0.1:65486 - R:localhost/127.0.0.1:61039]' for 'POST' to 'http://localhost:61039/session/8fd99fc3ea8c742ea868935ed1b1e8bc/element'
18:17:25.285 [Forwarding findElement on session 8fd99fc3ea8c742ea868935ed1b1e8bc to remote] DEBUG org.asynchttpclient.netty.request.NettyRequestSender - Using open Channel [id: 0xe177057b, L:/127.0.0.1:65486 - R:localhost/127.0.0.1:61039] for POST '/session/8fd99fc3ea8c742ea868935ed1b1e8bc/element'
18:17:25.298 [AsyncHttpClient-1-6] DEBUG org.asynchttpclient.netty.handler.HttpHandler - 

Request DefaultHttpRequest(decodeResult: success, version: HTTP/1.1)
POST /session/8fd99fc3ea8c742ea868935ed1b1e8bc/element HTTP/1.1
User-Agent: selenium/4.1.2 (java windows)
Content-Length: 83
Content-Type: application/json; charset=utf-8
host: localhost:61039
accept: */*

Response DefaultHttpResponse(decodeResult: success, version: HTTP/1.1)
HTTP/1.1 200 OK
Content-Type: application/json; charset=utf-8
cache-control: no-cache
content-length: 88

18:17:25.298 [AsyncHttpClient-1-6] DEBUG org.asynchttpclient.netty.channel.ChannelManager - Adding key: http://localhost:61039 for channel [id: 0xe177057b, L:/127.0.0.1:65486 - R:localhost/127.0.0.1:61039]
18:17:25.300 [Forwarding clickElement on session 8fd99fc3ea8c742ea868935ed1b1e8bc to remote] DEBUG org.asynchttpclient.netty.request.NettyRequestSender - Using pooled Channel '[id: 0xe177057b, L:/127.0.0.1:65486 - R:localhost/127.0.0.1:61039]' for 'POST' to 'http://localhost:61039/session/8fd99fc3ea8c742ea868935ed1b1e8bc/element/51334d94-b62e-4776-8d0e-ec970811d4e4/click'
18:17:25.300 [Forwarding clickElement on session 8fd99fc3ea8c742ea868935ed1b1e8bc to remote] DEBUG org.asynchttpclient.netty.request.NettyRequestSender - Using open Channel [id: 0xe177057b, L:/127.0.0.1:65486 - R:localhost/127.0.0.1:61039] for POST '/session/8fd99fc3ea8c742ea868935ed1b1e8bc/element/51334d94-b62e-4776-8d0e-ec970811d4e4/click'
18:17:25.385 [AsyncHttpClient-1-6] DEBUG org.asynchttpclient.netty.handler.HttpHandler - 

Request DefaultHttpRequest(decodeResult: success, version: HTTP/1.1)
POST /session/8fd99fc3ea8c742ea868935ed1b1e8bc/element/51334d94-b62e-4776-8d0e-ec970811d4e4/click HTTP/1.1
User-Agent: selenium/4.1.2 (java windows)
Content-Length: 50
Content-Type: application/json; charset=utf-8
host: localhost:61039
accept: */*

Response DefaultHttpResponse(decodeResult: success, version: HTTP/1.1)
HTTP/1.1 200 OK
Content-Type: application/json; charset=utf-8
cache-control: no-cache
content-length: 14

18:17:25.386 [AsyncHttpClient-1-6] DEBUG org.asynchttpclient.netty.channel.ChannelManager - Adding key: http://localhost:61039 for channel [id: 0xe177057b, L:/127.0.0.1:65486 - R:localhost/127.0.0.1:61039]
  &amp#27;[32mWhen &amp#27;[0m&amp#27;[32mI click select category&amp#27;[0m      &amp#27;[90m# starter.stepdefinitions.HomeStep.iClickSelectCategory()&amp#27;[0m
18:17:25.398 [Forwarding screenshot on session 8fd99fc3ea8c742ea868935ed1b1e8bc to remote] DEBUG org.asynchttpclient.netty.request.NettyRequestSender - Using pooled Channel '[id: 0xe177057b, L:/127.0.0.1:65486 - R:localhost/127.0.0.1:61039]' for 'GET' to 'http://localhost:61039/session/8fd99fc3ea8c742ea868935ed1b1e8bc/screenshot'
18:17:25.398 [Forwarding screenshot on session 8fd99fc3ea8c742ea868935ed1b1e8bc to remote] DEBUG org.asynchttpclient.netty.request.NettyRequestSender - Using open Channel [id: 0xe177057b, L:/127.0.0.1:65486 - R:localhost/127.0.0.1:61039] for GET '/session/8fd99fc3ea8c742ea868935ed1b1e8bc/screenshot'
18:17:25.584 [AsyncHttpClient-1-6] DEBUG org.asynchttpclient.netty.handler.HttpHandler - 

Request DefaultFullHttpRequest(decodeResult: success, version: HTTP/1.1, content: EmptyByteBufBE)
GET /session/8fd99fc3ea8c742ea868935ed1b1e8bc/screenshot HTTP/1.1
User-Agent: selenium/4.1.2 (java windows)
Cache-Control: no-cache
Content-Type: application/json; charset=utf-8
host: localhost:61039
accept: */*

Response DefaultHttpResponse(decodeResult: success, version: HTTP/1.1)
HTTP/1.1 200 OK
Content-Type: application/json; charset=utf-8
cache-control: no-cache
content-length: 36932

18:17:25.584 [AsyncHttpClient-1-6] DEBUG org.asynchttpclient.netty.channel.ChannelManager - Adding key: http://localhost:61039 for channel [id: 0xe177057b, L:/127.0.0.1:65486 - R:localhost/127.0.0.1:61039]
18:17:25.585 [main] DEBUG net.serenitybdd.core.photography.Darkroom - Send negative for processing for target\site\serenity\f6cb0bc05b00b2304822b3e436547bc9789b7ca99f2d5f179e346963485f92a0.png
18:17:25.586 [Darkroom Processing Line] DEBUG net.serenitybdd.core.photography.DarkroomProcessingLine - Processing screenshot image in /var/screenshots/screenshot-662839536495461146
18:17:25.586 [Darkroom Processing Line] DEBUG net.serenitybdd.core.photography.DarkroomProcessingLine - Saving screenshot to target\site\serenity\f6cb0bc05b00b2304822b3e436547bc9789b7ca99f2d5f179e346963485f92a0.png
18:17:25.594 [Forwarding findElement on session 8fd99fc3ea8c742ea868935ed1b1e8bc to remote] DEBUG org.asynchttpclient.netty.request.NettyRequestSender - Using pooled Channel '[id: 0xe177057b, L:/127.0.0.1:65486 - R:localhost/127.0.0.1:61039]' for 'POST' to 'http://localhost:61039/session/8fd99fc3ea8c742ea868935ed1b1e8bc/element'
18:17:25.594 [Forwarding findElement on session 8fd99fc3ea8c742ea868935ed1b1e8bc to remote] DEBUG org.asynchttpclient.netty.request.NettyRequestSender - Using open Channel [id: 0xe177057b, L:/127.0.0.1:65486 - R:localhost/127.0.0.1:61039] for POST '/session/8fd99fc3ea8c742ea868935ed1b1e8bc/element'
18:17:26.191 [AsyncHttpClient-1-1] DEBUG org.asynchttpclient.netty.channel.DefaultChannelPool - Entry count for : http://localhost:65487 : 1
18:17:26.618 [AsyncHttpClient-1-6] DEBUG org.asynchttpclient.netty.handler.HttpHandler - 

Request DefaultHttpRequest(decodeResult: success, version: HTTP/1.1)
POST /session/8fd99fc3ea8c742ea868935ed1b1e8bc/element HTTP/1.1
User-Agent: selenium/4.1.2 (java windows)
Content-Length: 107
Content-Type: application/json; charset=utf-8
host: localhost:61039
accept: */*

Response DefaultHttpResponse(decodeResult: success, version: HTTP/1.1)
HTTP/1.1 200 OK
Content-Type: application/json; charset=utf-8
cache-control: no-cache
content-length: 88

18:17:26.618 [AsyncHttpClient-1-6] DEBUG org.asynchttpclient.netty.channel.ChannelManager - Adding key: http://localhost:61039 for channel [id: 0xe177057b, L:/127.0.0.1:65486 - R:localhost/127.0.0.1:61039]
18:17:26.620 [Forwarding getElementTagName on session 8fd99fc3ea8c742ea868935ed1b1e8bc to remote] DEBUG org.asynchttpclient.netty.request.NettyRequestSender - Using pooled Channel '[id: 0xe177057b, L:/127.0.0.1:65486 - R:localhost/127.0.0.1:61039]' for 'GET' to 'http://localhost:61039/session/8fd99fc3ea8c742ea868935ed1b1e8bc/element/42c6ce62-5111-4d2d-bd1a-5e236d5b3e8a/name'
18:17:26.620 [Forwarding getElementTagName on session 8fd99fc3ea8c742ea868935ed1b1e8bc to remote] DEBUG org.asynchttpclient.netty.request.NettyRequestSender - Using open Channel [id: 0xe177057b, L:/127.0.0.1:65486 - R:localhost/127.0.0.1:61039] for GET '/session/8fd99fc3ea8c742ea868935ed1b1e8bc/element/42c6ce62-5111-4d2d-bd1a-5e236d5b3e8a/name'
18:17:26.625 [AsyncHttpClient-1-6] DEBUG org.asynchttpclient.netty.handler.HttpHandler - 

Request DefaultFullHttpRequest(decodeResult: success, version: HTTP/1.1, content: EmptyByteBufBE)
GET /session/8fd99fc3ea8c742ea868935ed1b1e8bc/element/42c6ce62-5111-4d2d-bd1a-5e236d5b3e8a/name HTTP/1.1
User-Agent: selenium/4.1.2 (java windows)
Cache-Control: no-cache
Content-Type: application/json; charset=utf-8
host: localhost:61039
accept: */*

Response DefaultHttpResponse(decodeResult: success, version: HTTP/1.1)
HTTP/1.1 200 OK
Content-Type: application/json; charset=utf-8
cache-control: no-cache
content-length: 15

18:17:26.626 [AsyncHttpClient-1-6] DEBUG org.asynchttpclient.netty.channel.ChannelManager - Adding key: http://localhost:61039 for channel [id: 0xe177057b, L:/127.0.0.1:65486 - R:localhost/127.0.0.1:61039]
18:17:26.627 [Forwarding getElementTagName on session 8fd99fc3ea8c742ea868935ed1b1e8bc to remote] DEBUG org.asynchttpclient.netty.request.NettyRequestSender - Using pooled Channel '[id: 0xe177057b, L:/127.0.0.1:65486 - R:localhost/127.0.0.1:61039]' for 'GET' to 'http://localhost:61039/session/8fd99fc3ea8c742ea868935ed1b1e8bc/element/42c6ce62-5111-4d2d-bd1a-5e236d5b3e8a/name'
18:17:26.627 [Forwarding getElementTagName on session 8fd99fc3ea8c742ea868935ed1b1e8bc to remote] DEBUG org.asynchttpclient.netty.request.NettyRequestSender - Using open Channel [id: 0xe177057b, L:/127.0.0.1:65486 - R:localhost/127.0.0.1:61039] for GET '/session/8fd99fc3ea8c742ea868935ed1b1e8bc/element/42c6ce62-5111-4d2d-bd1a-5e236d5b3e8a/name'
18:17:26.631 [AsyncHttpClient-1-6] DEBUG org.asynchttpclient.netty.handler.HttpHandler - 

Request DefaultFullHttpRequest(decodeResult: success, version: HTTP/1.1, content: EmptyByteBufBE)
GET /session/8fd99fc3ea8c742ea868935ed1b1e8bc/element/42c6ce62-5111-4d2d-bd1a-5e236d5b3e8a/name HTTP/1.1
User-Agent: selenium/4.1.2 (java windows)
Cache-Control: no-cache
Content-Type: application/json; charset=utf-8
host: localhost:61039
accept: */*

Response DefaultHttpResponse(decodeResult: success, version: HTTP/1.1)
HTTP/1.1 200 OK
Content-Type: application/json; charset=utf-8
cache-control: no-cache
content-length: 15

18:17:26.631 [AsyncHttpClient-1-6] DEBUG org.asynchttpclient.netty.channel.ChannelManager - Adding key: http://localhost:61039 for channel [id: 0xe177057b, L:/127.0.0.1:65486 - R:localhost/127.0.0.1:61039]
18:17:26.633 [Forwarding findElement on session 8fd99fc3ea8c742ea868935ed1b1e8bc to remote] DEBUG org.asynchttpclient.netty.request.NettyRequestSender - Using pooled Channel '[id: 0xe177057b, L:/127.0.0.1:65486 - R:localhost/127.0.0.1:61039]' for 'POST' to 'http://localhost:61039/session/8fd99fc3ea8c742ea868935ed1b1e8bc/element'
18:17:26.633 [Forwarding findElement on session 8fd99fc3ea8c742ea868935ed1b1e8bc to remote] DEBUG org.asynchttpclient.netty.request.NettyRequestSender - Using open Channel [id: 0xe177057b, L:/127.0.0.1:65486 - R:localhost/127.0.0.1:61039] for POST '/session/8fd99fc3ea8c742ea868935ed1b1e8bc/element'
18:17:26.647 [AsyncHttpClient-1-6] DEBUG org.asynchttpclient.netty.handler.HttpHandler - 

Request DefaultHttpRequest(decodeResult: success, version: HTTP/1.1)
POST /session/8fd99fc3ea8c742ea868935ed1b1e8bc/element HTTP/1.1
User-Agent: selenium/4.1.2 (java windows)
Content-Length: 107
Content-Type: application/json; charset=utf-8
host: localhost:61039
accept: */*

Response DefaultHttpResponse(decodeResult: success, version: HTTP/1.1)
HTTP/1.1 200 OK
Content-Type: application/json; charset=utf-8
cache-control: no-cache
content-length: 88

18:17:26.647 [AsyncHttpClient-1-6] DEBUG org.asynchttpclient.netty.channel.ChannelManager - Adding key: http://localhost:61039 for channel [id: 0xe177057b, L:/127.0.0.1:65486 - R:localhost/127.0.0.1:61039]
18:17:26.648 [Forwarding clickElement on session 8fd99fc3ea8c742ea868935ed1b1e8bc to remote] DEBUG org.asynchttpclient.netty.request.NettyRequestSender - Using pooled Channel '[id: 0xe177057b, L:/127.0.0.1:65486 - R:localhost/127.0.0.1:61039]' for 'POST' to 'http://localhost:61039/session/8fd99fc3ea8c742ea868935ed1b1e8bc/element/42c6ce62-5111-4d2d-bd1a-5e236d5b3e8a/click'
18:17:26.648 [Forwarding clickElement on session 8fd99fc3ea8c742ea868935ed1b1e8bc to remote] DEBUG org.asynchttpclient.netty.request.NettyRequestSender - Using open Channel [id: 0xe177057b, L:/127.0.0.1:65486 - R:localhost/127.0.0.1:61039] for POST '/session/8fd99fc3ea8c742ea868935ed1b1e8bc/element/42c6ce62-5111-4d2d-bd1a-5e236d5b3e8a/click'
18:17:26.804 [AsyncHttpClient-1-6] DEBUG org.asynchttpclient.netty.handler.HttpHandler - 

Request DefaultHttpRequest(decodeResult: success, version: HTTP/1.1)
POST /session/8fd99fc3ea8c742ea868935ed1b1e8bc/element/42c6ce62-5111-4d2d-bd1a-5e236d5b3e8a/click HTTP/1.1
User-Agent: selenium/4.1.2 (java windows)
Content-Length: 50
Content-Type: application/json; charset=utf-8
host: localhost:61039
accept: */*

Response DefaultHttpResponse(decodeResult: success, version: HTTP/1.1)
HTTP/1.1 200 OK
Content-Type: application/json; charset=utf-8
cache-control: no-cache
content-length: 14

18:17:26.804 [AsyncHttpClient-1-6] DEBUG org.asynchttpclient.netty.channel.ChannelManager - Adding key: http://localhost:61039 for channel [id: 0xe177057b, L:/127.0.0.1:65486 - R:localhost/127.0.0.1:61039]
  &amp#27;[32mAnd &amp#27;[0m&amp#27;[32mI click gaming&amp#27;[0m                &amp#27;[90m# starter.stepdefinitions.HomeStep.iClickGaming()&amp#27;[0m
18:17:26.813 [Forwarding screenshot on session 8fd99fc3ea8c742ea868935ed1b1e8bc to remote] DEBUG org.asynchttpclient.netty.request.NettyRequestSender - Using pooled Channel '[id: 0xe177057b, L:/127.0.0.1:65486 - R:localhost/127.0.0.1:61039]' for 'GET' to 'http://localhost:61039/session/8fd99fc3ea8c742ea868935ed1b1e8bc/screenshot'
18:17:26.813 [Forwarding screenshot on session 8fd99fc3ea8c742ea868935ed1b1e8bc to remote] DEBUG org.asynchttpclient.netty.request.NettyRequestSender - Using open Channel [id: 0xe177057b, L:/127.0.0.1:65486 - R:localhost/127.0.0.1:61039] for GET '/session/8fd99fc3ea8c742ea868935ed1b1e8bc/screenshot'
18:17:27.029 [AsyncHttpClient-1-6] DEBUG org.asynchttpclient.netty.handler.HttpHandler - 

Request DefaultFullHttpRequest(decodeResult: success, version: HTTP/1.1, content: EmptyByteBufBE)
GET /session/8fd99fc3ea8c742ea868935ed1b1e8bc/screenshot HTTP/1.1
User-Agent: selenium/4.1.2 (java windows)
Cache-Control: no-cache
Content-Type: application/json; charset=utf-8
host: localhost:61039
accept: */*

Response DefaultHttpResponse(decodeResult: success, version: HTTP/1.1)
HTTP/1.1 200 OK
Content-Type: application/json; charset=utf-8
cache-control: no-cache
content-length: 37532

18:17:27.030 [AsyncHttpClient-1-6] DEBUG org.asynchttpclient.netty.channel.ChannelManager - Adding key: http://localhost:61039 for channel [id: 0xe177057b, L:/127.0.0.1:65486 - R:localhost/127.0.0.1:61039]
18:17:27.031 [main] DEBUG net.serenitybdd.core.photography.Darkroom - Send negative for processing for target\site\serenity\8260d9abae5a65477d83d842ea126328451e623e6abedd9ceef89c5883844f62.png
18:17:27.031 [Darkroom Processing Line] DEBUG net.serenitybdd.core.photography.DarkroomProcessingLine - Processing screenshot image in /var/screenshots/screenshot-2140579443180809361
18:17:27.031 [Darkroom Processing Line] DEBUG net.serenitybdd.core.photography.DarkroomProcessingLine - Saving screenshot to target\site\serenity\8260d9abae5a65477d83d842ea126328451e623e6abedd9ceef89c5883844f62.png
18:17:27.036 [Forwarding findElement on session 8fd99fc3ea8c742ea868935ed1b1e8bc to remote] DEBUG org.asynchttpclient.netty.request.NettyRequestSender - Using pooled Channel '[id: 0xe177057b, L:/127.0.0.1:65486 - R:localhost/127.0.0.1:61039]' for 'POST' to 'http://localhost:61039/session/8fd99fc3ea8c742ea868935ed1b1e8bc/element'
18:17:27.036 [Forwarding findElement on session 8fd99fc3ea8c742ea868935ed1b1e8bc to remote] DEBUG org.asynchttpclient.netty.request.NettyRequestSender - Using open Channel [id: 0xe177057b, L:/127.0.0.1:65486 - R:localhost/127.0.0.1:61039] for POST '/session/8fd99fc3ea8c742ea868935ed1b1e8bc/element'
18:17:27.049 [AsyncHttpClient-1-6] DEBUG org.asynchttpclient.netty.handler.HttpHandler - 

Request DefaultHttpRequest(decodeResult: success, version: HTTP/1.1)
POST /session/8fd99fc3ea8c742ea868935ed1b1e8bc/element HTTP/1.1
User-Agent: selenium/4.1.2 (java windows)
Content-Length: 86
Content-Type: application/json; charset=utf-8
host: localhost:61039
accept: */*

Response DefaultHttpResponse(decodeResult: success, version: HTTP/1.1)
HTTP/1.1 200 OK
Content-Type: application/json; charset=utf-8
cache-control: no-cache
content-length: 88

18:17:27.049 [AsyncHttpClient-1-6] DEBUG org.asynchttpclient.netty.channel.ChannelManager - Adding key: http://localhost:61039 for channel [id: 0xe177057b, L:/127.0.0.1:65486 - R:localhost/127.0.0.1:61039]
18:17:27.051 [Forwarding isElementDisplayed on session 8fd99fc3ea8c742ea868935ed1b1e8bc to remote] DEBUG org.asynchttpclient.netty.request.NettyRequestSender - Using pooled Channel '[id: 0xe177057b, L:/127.0.0.1:65486 - R:localhost/127.0.0.1:61039]' for 'POST' to 'http://localhost:61039/session/8fd99fc3ea8c742ea868935ed1b1e8bc/execute/sync'
18:17:27.051 [Forwarding isElementDisplayed on session 8fd99fc3ea8c742ea868935ed1b1e8bc to remote] DEBUG org.asynchttpclient.netty.request.NettyRequestSender - Using open Channel [id: 0xe177057b, L:/127.0.0.1:65486 - R:localhost/127.0.0.1:61039] for POST '/session/8fd99fc3ea8c742ea868935ed1b1e8bc/execute/sync'
18:17:27.065 [AsyncHttpClient-1-6] DEBUG org.asynchttpclient.netty.handler.HttpHandler - 

Request DefaultHttpRequest(decodeResult: success, version: HTTP/1.1)
POST /session/8fd99fc3ea8c742ea868935ed1b1e8bc/execute/sync HTTP/1.1
User-Agent: selenium/4.1.2 (java windows)
Content-Length: 48780
Content-Type: application/json; charset=utf-8
host: localhost:61039
accept: */*

Response DefaultHttpResponse(decodeResult: success, version: HTTP/1.1)
HTTP/1.1 200 OK
Content-Type: application/json; charset=utf-8
cache-control: no-cache
content-length: 14

18:17:27.065 [AsyncHttpClient-1-6] DEBUG org.asynchttpclient.netty.channel.ChannelManager - Adding key: http://localhost:61039 for channel [id: 0xe177057b, L:/127.0.0.1:65486 - R:localhost/127.0.0.1:61039]
  &amp#27;[32mThen &amp#27;[0m&amp#27;[32mData gaming success showed&amp#27;[0m   &amp#27;[90m# starter.stepdefinitions.HomeStep.dataGamingSuccessShowed()&amp#27;[0m
18:17:27.070 [main] INFO  - 
  _____   ___   ___   _____     ___     _     ___   ___   ___   ___  
 |_   _| | __| / __| |_   _|   | _ \   /_\   / __| / __| | __| |   \ 
   | |   | _|  \__ \   | |     |  _/  / _ \  \__ \ \__ \ | _|  | |) |
   |_|   |___| |___/   |_|     |_|   /_/ \_\ |___/ |___/ |___| |___/ 

I want to select category
----------------------------------------------------------------------
18:17:27.071 [Driver Command Executor] DEBUG org.asynchttpclient.netty.request.NettyRequestSender - Using pooled Channel '[id: 0xe177057b, L:/127.0.0.1:65486 - R:localhost/127.0.0.1:61039]' for 'DELETE' to 'http://localhost:61039/session/8fd99fc3ea8c742ea868935ed1b1e8bc'
18:17:27.071 [Driver Command Executor] DEBUG org.asynchttpclient.netty.request.NettyRequestSender - Using open Channel [id: 0xe177057b, L:/127.0.0.1:65486 - R:localhost/127.0.0.1:61039] for DELETE '/session/8fd99fc3ea8c742ea868935ed1b1e8bc'
18:17:27.071 [AsyncHttpClient-1-8] DEBUG org.asynchttpclient.netty.handler.WebSocketHandler - Channel Closed: [id: 0xac53b60e, L:/127.0.0.1:65493 ! R:localhost/127.0.0.1:65487] with attribute NettyResponseFuture{currentRetry=5,
	isDone=1,
	isCancelled=0,
	asyncHandler=org.asynchttpclient.ws.WebSocketUpgradeHandler@fa6fdc0,
	nettyRequest=org.asynchttpclient.netty.request.NettyRequest@20bc1c7,
	future=java.util.concurrent.CompletableFuture@77b59566[Completed normally],
	uri=ws://localhost:65487/devtools/browser/aaef4c05-a597-4146-ba7c-4ebd30d71d52,
	keepAlive=true,
	redirectCount=0,
	timeoutsHolder=null,
	inAuth=0,
	touch=1667560644053}
18:17:27.071 [AsyncHttpClient-1-8] DEBUG org.asynchttpclient.netty.channel.ChannelManager - Closing Channel [id: 0xac53b60e, L:/127.0.0.1:65493 ! R:localhost/127.0.0.1:65487] 
18:17:27.170 [AsyncHttpClient-1-7] DEBUG org.asynchttpclient.netty.handler.HttpHandler - Unexpected I/O exception on channel [id: 0x2cf1fccc, L:/127.0.0.1:65492 - R:localhost/127.0.0.1:65487]
java.io.IOException: An existing connection was forcibly closed by the remote host
	at java.base/sun.nio.ch.SocketDispatcher.read0(Native Method)
	at java.base/sun.nio.ch.SocketDispatcher.read(SocketDispatcher.java:43)
	at java.base/sun.nio.ch.IOUtil.readIntoNativeBuffer(IOUtil.java:276)
	at java.base/sun.nio.ch.IOUtil.read(IOUtil.java:233)
	at java.base/sun.nio.ch.IOUtil.read(IOUtil.java:223)
	at java.base/sun.nio.ch.SocketChannelImpl.read(SocketChannelImpl.java:358)
	at io.netty.buffer.PooledByteBuf.setBytes(PooledByteBuf.java:258)
	at io.netty.buffer.AbstractByteBuf.writeBytes(AbstractByteBuf.java:1132)
	at io.netty.channel.socket.nio.NioSocketChannel.doReadBytes(NioSocketChannel.java:350)
	at io.netty.channel.nio.AbstractNioByteChannel$NioByteUnsafe.read(AbstractNioByteChannel.java:151)
	at io.netty.channel.nio.NioEventLoop.processSelectedKey(NioEventLoop.java:722)
	at io.netty.channel.nio.NioEventLoop.processSelectedKeysOptimized(NioEventLoop.java:658)
	at io.netty.channel.nio.NioEventLoop.processSelectedKeys(NioEventLoop.java:584)
	at io.netty.channel.nio.NioEventLoop.run(NioEventLoop.java:496)
	at io.netty.util.concurrent.SingleThreadEventExecutor$4.run(SingleThreadEventExecutor.java:986)
	at io.netty.util.internal.ThreadExecutorMap$2.run(ThreadExecutorMap.java:74)
	at io.netty.util.concurrent.FastThreadLocalRunnable.run(FastThreadLocalRunnable.java:30)
	at java.base/java.lang.Thread.run(Thread.java:834)
18:17:27.170 [AsyncHttpClient-1-7] DEBUG org.asynchttpclient.netty.channel.ChannelManager - Closing Channel [id: 0x2cf1fccc, L:/127.0.0.1:65492 - R:localhost/127.0.0.1:65487] 
18:17:27.170 [AsyncHttpClient-1-7] DEBUG org.asynchttpclient.netty.handler.HttpHandler - Channel Closed: [id: 0x2cf1fccc, L:/127.0.0.1:65492 ! R:localhost/127.0.0.1:65487] with attribute DISCARD
18:17:27.189 [AsyncHttpClient-1-6] DEBUG org.asynchttpclient.netty.handler.HttpHandler - 

Request DefaultFullHttpRequest(decodeResult: success, version: HTTP/1.1, content: EmptyByteBufBE)
DELETE /session/8fd99fc3ea8c742ea868935ed1b1e8bc HTTP/1.1
User-Agent: selenium/4.1.2 (java windows)
Content-Type: application/json; charset=utf-8
host: localhost:61039
accept: */*

Response DefaultHttpResponse(decodeResult: success, version: HTTP/1.1)
HTTP/1.1 200 OK
Content-Type: application/json; charset=utf-8
cache-control: no-cache
content-length: 14

18:17:27.190 [AsyncHttpClient-1-6] DEBUG org.asynchttpclient.netty.channel.ChannelManager - Adding key: http://localhost:61039 for channel [id: 0xe177057b, L:/127.0.0.1:65486 - R:localhost/127.0.0.1:61039]
18:17:27.231 [AsyncHttpClient-1-6] DEBUG org.asynchttpclient.netty.handler.HttpHandler - Channel Closed: [id: 0xe177057b, L:/127.0.0.1:65486 ! R:localhost/127.0.0.1:61039] with attribute DISCARD
]]></system-out>
    <system-err><![CDATA[Starting ChromeDriver 107.0.5304.62 (1eec40d3a5764881c92085aaee66d25075c159aa-refs/branch-heads/5304@{#942}) on port 61039
Only local connections are allowed.
Please see https://chromedriver.chromium.org/security-considerations for suggestions on keeping ChromeDriver safe.
ChromeDriver was started successfully.
Nov 04, 2022 6:17:24 PM org.openqa.selenium.remote.ProtocolHandshake createSession
INFO: Detected dialect: W3C
Nov 04, 2022 6:17:24 PM org.openqa.selenium.devtools.CdpVersionFinder findNearestMatch
WARNING: Unable to find an exact match for CDP version 107, so returning the closest version found: a no-op implementation
Nov 04, 2022 6:17:24 PM org.openqa.selenium.devtools.CdpVersionFinder findNearestMatch
INFO: Unable to find CDP implementation matching 107.
Nov 04, 2022 6:17:24 PM org.openqa.selenium.chromium.ChromiumDriver lambda$new$3
WARNING: Unable to find version of CDP to use for . You may need to include a dependency on a specific version of the CDP using something similar to `org.seleniumhq.selenium:selenium-devtools-v86:4.1.2` where the version ("v86") matches the version of the chromium-based browser you're using and the version number of the artifact is the same as Selenium's.
]]></system-err>
  </testcase>
  <testcase name="I want to select category #2" classname="Home" time="4.623">
    <system-out><![CDATA[
@Home
Scenario: I want to select category &amp#27;[90m# src/test/resources/features/home.feature:34&amp#27;[0m
18:17:27.269 [main] INFO io.cucumber.core.plugin.SerenityReporter - Running feature from file:///D:/Ra/file%20kuliah/semester%207/resume%20alta/Mini%20Project/Web/AltaShop/src/test/resources/features/home.feature
18:17:27.280 [main] INFO net.serenitybdd.core.webdriver.driverproviders.ChromeDriverProvider - Using automatically driver download
18:17:27.295 [AsyncHttpClient-1-1] DEBUG org.asynchttpclient.netty.channel.DefaultChannelPool - Entry count for : http://localhost:65487 : 1
18:17:27.295 [AsyncHttpClient-1-1] DEBUG org.asynchttpclient.netty.channel.DefaultChannelPool - Entry count for : http://localhost:61039 : 1
18:17:27.296 [AsyncHttpClient-1-1] DEBUG org.asynchttpclient.netty.channel.DefaultChannelPool - Adding Candidate expired Channel [id: 0x2cf1fccc, L:/127.0.0.1:65492 ! R:localhost/127.0.0.1:65487] isIdleTimeoutExpired=false isRemotelyClosed=true isTtlExpired=false
18:17:27.296 [AsyncHttpClient-1-1] DEBUG org.asynchttpclient.netty.channel.DefaultChannelPool - Closing Idle Channel [id: 0x2cf1fccc, L:/127.0.0.1:65492 ! R:localhost/127.0.0.1:65487]
18:17:27.296 [AsyncHttpClient-1-1] DEBUG org.asynchttpclient.netty.channel.DefaultChannelPool - Adding Candidate expired Channel [id: 0xe177057b, L:/127.0.0.1:65486 ! R:localhost/127.0.0.1:61039] isIdleTimeoutExpired=false isRemotelyClosed=true isTtlExpired=false
18:17:27.296 [AsyncHttpClient-1-1] DEBUG org.asynchttpclient.netty.channel.DefaultChannelPool - Closing Idle Channel [id: 0xe177057b, L:/127.0.0.1:65486 ! R:localhost/127.0.0.1:61039]
18:17:27.296 [AsyncHttpClient-1-1] DEBUG org.asynchttpclient.netty.channel.DefaultChannelPool - Closed 2 connections out of 2 in 1 ms
18:17:27.389 [main] DEBUG io.github.bonigarcia.wdm.cache.ResolutionCache - Resolution chrome=107 in cache (valid until 18:54:29 04/11/2022 ICT)
18:17:27.393 [main] DEBUG io.github.bonigarcia.wdm.cache.ResolutionCache - Resolution chrome107=107.0.5304.62 in cache (valid until 17:54:29 05/11/2022 ICT)
18:17:27.394 [main] INFO io.github.bonigarcia.wdm.WebDriverManager - Using chromedriver 107.0.5304.62 (resolved driver for Chrome 107)
18:17:27.402 [main] DEBUG io.github.bonigarcia.wdm.WebDriverManager - Driver chromedriver 107.0.5304.62 found in cache
18:17:27.402 [main] INFO io.github.bonigarcia.wdm.WebDriverManager - Exporting webdriver.chrome.driver as C:\Users\rilaa\.cache\selenium\chromedriver\win32\107.0.5304.62\chromedriver.exe
18:17:27.488 [main] DEBUG net.serenitybdd.core.webdriver.driverproviders.ProvideNewDriver - Instantiating driver
18:17:27.488 [main] DEBUG net.serenitybdd.core.webdriver.driverproviders.ProvideNewDriver - Driver capabilities: Capabilities {acceptInsecureCerts: false, base.url: https://alta-shop.vercel.app, browserName: chrome, chrome.driver: src/test/resources/webdrive..., driver: chrome, goog:chromeOptions: {args: [], extensions: []}}
18:17:27.551 [AsyncHttpClient-1-9] DEBUG org.asynchttpclient.netty.channel.NettyConnectListener - Using new Channel '[id: 0x9c9f7a86, L:/127.0.0.1:65508 - R:localhost/127.0.0.1:60199]' for 'POST' to '/session'
18:17:28.461 [AsyncHttpClient-1-9] DEBUG org.asynchttpclient.netty.handler.HttpHandler - 

Request DefaultHttpRequest(decodeResult: success, version: HTTP/1.1)
POST /session HTTP/1.1
User-Agent: selenium/4.1.2 (java windows)
Content-Length: 609
Content-Type: application/json; charset=utf-8
host: localhost:60199
accept: */*

Response DefaultHttpResponse(decodeResult: success, version: HTTP/1.1)
HTTP/1.1 200 OK
Content-Type: application/json; charset=utf-8
cache-control: no-cache
content-length: 790

18:17:28.461 [AsyncHttpClient-1-9] DEBUG org.asynchttpclient.netty.channel.ChannelManager - Adding key: http://localhost:60199 for channel [id: 0x9c9f7a86, L:/127.0.0.1:65508 - R:localhost/127.0.0.1:60199]
18:17:28.469 [AsyncHttpClient-1-2] DEBUG org.asynchttpclient.netty.channel.NettyConnectListener - Using new Channel '[id: 0xbddbc66f, L:/127.0.0.1:65515 - R:localhost/127.0.0.1:65509]' for 'GET' to '/json/version'
18:17:28.469 [AsyncHttpClient-1-2] DEBUG org.asynchttpclient.netty.handler.HttpHandler - 

Request DefaultFullHttpRequest(decodeResult: success, version: HTTP/1.1, content: EmptyByteBufBE)
GET /json/version HTTP/1.1
User-Agent: selenium/4.1.2 (java windows)
host: localhost:65509
accept: */*

Response DefaultHttpResponse(decodeResult: success, version: HTTP/1.1)
HTTP/1.1 200 OK
Content-Type: application/json; charset=UTF-8
content-length: 423

18:17:28.469 [AsyncHttpClient-1-2] DEBUG org.asynchttpclient.netty.channel.ChannelManager - Adding key: http://localhost:65509 for channel [id: 0xbddbc66f, L:/127.0.0.1:65515 - R:localhost/127.0.0.1:65509]
18:17:28.472 [AsyncHttpClient-1-3] DEBUG org.asynchttpclient.netty.channel.NettyConnectListener - Using new Channel '[id: 0x56d0b141, L:/127.0.0.1:65516 - R:localhost/127.0.0.1:65509]' for 'GET' to '/devtools/browser/d6c0bd18-45b4-4f27-8690-a369b21fdd90'
18:17:28.473 [AsyncHttpClient-1-3] DEBUG org.asynchttpclient.netty.handler.WebSocketHandler - 

Request DefaultFullHttpRequest(decodeResult: success, version: HTTP/1.1, content: EmptyByteBufBE)
GET /devtools/browser/d6c0bd18-45b4-4f27-8690-a369b21fdd90 HTTP/1.1
upgrade: websocket
connection: upgrade
sec-websocket-key: LzkAkMvIw2gst/T191Hocw==
sec-websocket-version: 13
origin: http://localhost:65509
host: localhost:65509
accept: */*
user-agent: AHC/2.1

Response DefaultHttpResponse(decodeResult: success, version: HTTP/1.1)
HTTP/1.1 101 WebSocket Protocol Handshake
Upgrade: WebSocket
Connection: Upgrade
Sec-WebSocket-Accept: 9IT0TjagppPotuywYu2Ec2MmA4E=

18:17:28.478 [Forwarding get on session 8dc207f30f4b95434d4246714503f63e to remote] DEBUG org.asynchttpclient.netty.request.NettyRequestSender - Using pooled Channel '[id: 0x9c9f7a86, L:/127.0.0.1:65508 - R:localhost/127.0.0.1:60199]' for 'POST' to 'http://localhost:60199/session/8dc207f30f4b95434d4246714503f63e/url'
18:17:28.478 [Forwarding get on session 8dc207f30f4b95434d4246714503f63e to remote] DEBUG org.asynchttpclient.netty.request.NettyRequestSender - Using open Channel [id: 0x9c9f7a86, L:/127.0.0.1:65508 - R:localhost/127.0.0.1:60199] for POST '/session/8dc207f30f4b95434d4246714503f63e/url'
18:17:29.501 [AsyncHttpClient-1-1] DEBUG org.asynchttpclient.netty.channel.DefaultChannelPool - Entry count for : http://localhost:65509 : 1
18:17:29.651 [AsyncHttpClient-1-9] DEBUG org.asynchttpclient.netty.handler.HttpHandler - 

Request DefaultHttpRequest(decodeResult: success, version: HTTP/1.1)
POST /session/8dc207f30f4b95434d4246714503f63e/url HTTP/1.1
User-Agent: selenium/4.1.2 (java windows)
Content-Length: 59
Content-Type: application/json; charset=utf-8
host: localhost:60199
accept: */*

Response DefaultHttpResponse(decodeResult: success, version: HTTP/1.1)
HTTP/1.1 200 OK
Content-Type: application/json; charset=utf-8
cache-control: no-cache
content-length: 14

18:17:29.651 [AsyncHttpClient-1-9] DEBUG org.asynchttpclient.netty.channel.ChannelManager - Adding key: http://localhost:60199 for channel [id: 0x9c9f7a86, L:/127.0.0.1:65508 - R:localhost/127.0.0.1:60199]
18:17:29.654 [Forwarding setTimeout on session 8dc207f30f4b95434d4246714503f63e to remote] DEBUG org.asynchttpclient.netty.request.NettyRequestSender - Using pooled Channel '[id: 0x9c9f7a86, L:/127.0.0.1:65508 - R:localhost/127.0.0.1:60199]' for 'POST' to 'http://localhost:60199/session/8dc207f30f4b95434d4246714503f63e/timeouts'
18:17:29.654 [Forwarding setTimeout on session 8dc207f30f4b95434d4246714503f63e to remote] DEBUG org.asynchttpclient.netty.request.NettyRequestSender - Using open Channel [id: 0x9c9f7a86, L:/127.0.0.1:65508 - R:localhost/127.0.0.1:60199] for POST '/session/8dc207f30f4b95434d4246714503f63e/timeouts'
18:17:29.657 [AsyncHttpClient-1-9] DEBUG org.asynchttpclient.netty.handler.HttpHandler - 

Request DefaultHttpRequest(decodeResult: success, version: HTTP/1.1)
POST /session/8dc207f30f4b95434d4246714503f63e/timeouts HTTP/1.1
User-Agent: selenium/4.1.2 (java windows)
Content-Length: 22
Content-Type: application/json; charset=utf-8
host: localhost:60199
accept: */*

Response DefaultHttpResponse(decodeResult: success, version: HTTP/1.1)
HTTP/1.1 200 OK
Content-Type: application/json; charset=utf-8
cache-control: no-cache
content-length: 14

18:17:29.657 [AsyncHttpClient-1-9] DEBUG org.asynchttpclient.netty.channel.ChannelManager - Adding key: http://localhost:60199 for channel [id: 0x9c9f7a86, L:/127.0.0.1:65508 - R:localhost/127.0.0.1:60199]
18:17:29.660 [Forwarding getCurrentUrl on session 8dc207f30f4b95434d4246714503f63e to remote] DEBUG org.asynchttpclient.netty.request.NettyRequestSender - Using pooled Channel '[id: 0x9c9f7a86, L:/127.0.0.1:65508 - R:localhost/127.0.0.1:60199]' for 'GET' to 'http://localhost:60199/session/8dc207f30f4b95434d4246714503f63e/url'
18:17:29.660 [Forwarding getCurrentUrl on session 8dc207f30f4b95434d4246714503f63e to remote] DEBUG org.asynchttpclient.netty.request.NettyRequestSender - Using open Channel [id: 0x9c9f7a86, L:/127.0.0.1:65508 - R:localhost/127.0.0.1:60199] for GET '/session/8dc207f30f4b95434d4246714503f63e/url'
18:17:29.667 [AsyncHttpClient-1-9] DEBUG org.asynchttpclient.netty.handler.HttpHandler - 

Request DefaultFullHttpRequest(decodeResult: success, version: HTTP/1.1, content: EmptyByteBufBE)
GET /session/8dc207f30f4b95434d4246714503f63e/url HTTP/1.1
User-Agent: selenium/4.1.2 (java windows)
Cache-Control: no-cache
Content-Type: application/json; charset=utf-8
host: localhost:60199
accept: */*

Response DefaultHttpResponse(decodeResult: success, version: HTTP/1.1)
HTTP/1.1 200 OK
Content-Type: application/json; charset=utf-8
cache-control: no-cache
content-length: 41

18:17:29.667 [AsyncHttpClient-1-9] DEBUG org.asynchttpclient.netty.channel.ChannelManager - Adding key: http://localhost:60199 for channel [id: 0x9c9f7a86, L:/127.0.0.1:65508 - R:localhost/127.0.0.1:60199]
18:17:29.670 [Forwarding findElement on session 8dc207f30f4b95434d4246714503f63e to remote] DEBUG org.asynchttpclient.netty.request.NettyRequestSender - Using pooled Channel '[id: 0x9c9f7a86, L:/127.0.0.1:65508 - R:localhost/127.0.0.1:60199]' for 'POST' to 'http://localhost:60199/session/8dc207f30f4b95434d4246714503f63e/element'
18:17:29.670 [Forwarding findElement on session 8dc207f30f4b95434d4246714503f63e to remote] DEBUG org.asynchttpclient.netty.request.NettyRequestSender - Using open Channel [id: 0x9c9f7a86, L:/127.0.0.1:65508 - R:localhost/127.0.0.1:60199] for POST '/session/8dc207f30f4b95434d4246714503f63e/element'
18:17:29.684 [AsyncHttpClient-1-9] DEBUG org.asynchttpclient.netty.handler.HttpHandler - 

Request DefaultHttpRequest(decodeResult: success, version: HTTP/1.1)
POST /session/8dc207f30f4b95434d4246714503f63e/element HTTP/1.1
User-Agent: selenium/4.1.2 (java windows)
Content-Length: 77
Content-Type: application/json; charset=utf-8
host: localhost:60199
accept: */*

Response DefaultHttpResponse(decodeResult: success, version: HTTP/1.1)
HTTP/1.1 200 OK
Content-Type: application/json; charset=utf-8
cache-control: no-cache
content-length: 88

18:17:29.685 [AsyncHttpClient-1-9] DEBUG org.asynchttpclient.netty.channel.ChannelManager - Adding key: http://localhost:60199 for channel [id: 0x9c9f7a86, L:/127.0.0.1:65508 - R:localhost/127.0.0.1:60199]
18:17:29.687 [Forwarding isElementDisplayed on session 8dc207f30f4b95434d4246714503f63e to remote] DEBUG org.asynchttpclient.netty.request.NettyRequestSender - Using pooled Channel '[id: 0x9c9f7a86, L:/127.0.0.1:65508 - R:localhost/127.0.0.1:60199]' for 'POST' to 'http://localhost:60199/session/8dc207f30f4b95434d4246714503f63e/execute/sync'
18:17:29.687 [Forwarding isElementDisplayed on session 8dc207f30f4b95434d4246714503f63e to remote] DEBUG org.asynchttpclient.netty.request.NettyRequestSender - Using open Channel [id: 0x9c9f7a86, L:/127.0.0.1:65508 - R:localhost/127.0.0.1:60199] for POST '/session/8dc207f30f4b95434d4246714503f63e/execute/sync'
18:17:29.711 [AsyncHttpClient-1-9] DEBUG org.asynchttpclient.netty.handler.HttpHandler - 

Request DefaultHttpRequest(decodeResult: success, version: HTTP/1.1)
POST /session/8dc207f30f4b95434d4246714503f63e/execute/sync HTTP/1.1
User-Agent: selenium/4.1.2 (java windows)
Content-Length: 48780
Content-Type: application/json; charset=utf-8
host: localhost:60199
accept: */*

Response DefaultHttpResponse(decodeResult: success, version: HTTP/1.1)
HTTP/1.1 200 OK
Content-Type: application/json; charset=utf-8
cache-control: no-cache
content-length: 14

18:17:29.711 [AsyncHttpClient-1-9] DEBUG org.asynchttpclient.netty.channel.ChannelManager - Adding key: http://localhost:60199 for channel [id: 0x9c9f7a86, L:/127.0.0.1:65508 - R:localhost/127.0.0.1:60199]
  &amp#27;[32mGiven &amp#27;[0m&amp#27;[32mI am on the home page&amp#27;[0m       &amp#27;[90m# starter.stepdefinitions.LoginStepDefinition.iAmOnTheHomePage()&amp#27;[0m
18:17:29.715 [Forwarding screenshot on session 8dc207f30f4b95434d4246714503f63e to remote] DEBUG org.asynchttpclient.netty.request.NettyRequestSender - Using pooled Channel '[id: 0x9c9f7a86, L:/127.0.0.1:65508 - R:localhost/127.0.0.1:60199]' for 'GET' to 'http://localhost:60199/session/8dc207f30f4b95434d4246714503f63e/screenshot'
18:17:29.715 [Forwarding screenshot on session 8dc207f30f4b95434d4246714503f63e to remote] DEBUG org.asynchttpclient.netty.request.NettyRequestSender - Using open Channel [id: 0x9c9f7a86, L:/127.0.0.1:65508 - R:localhost/127.0.0.1:60199] for GET '/session/8dc207f30f4b95434d4246714503f63e/screenshot'
18:17:29.901 [AsyncHttpClient-1-9] DEBUG org.asynchttpclient.netty.handler.HttpHandler - 

Request DefaultFullHttpRequest(decodeResult: success, version: HTTP/1.1, content: EmptyByteBufBE)
GET /session/8dc207f30f4b95434d4246714503f63e/screenshot HTTP/1.1
User-Agent: selenium/4.1.2 (java windows)
Cache-Control: no-cache
Content-Type: application/json; charset=utf-8
host: localhost:60199
accept: */*

Response DefaultHttpResponse(decodeResult: success, version: HTTP/1.1)
HTTP/1.1 200 OK
Content-Type: application/json; charset=utf-8
cache-control: no-cache
content-length: 32192

18:17:29.902 [AsyncHttpClient-1-9] DEBUG org.asynchttpclient.netty.channel.ChannelManager - Adding key: http://localhost:60199 for channel [id: 0x9c9f7a86, L:/127.0.0.1:65508 - R:localhost/127.0.0.1:60199]
18:17:29.904 [main] DEBUG net.serenitybdd.core.photography.Darkroom - Send negative for processing for target\site\serenity\45ff59fb82bf0baadfb20d9d1339181cd56889f695402f30df6b80eb542b4e17.png
18:17:29.904 [Darkroom Processing Line] DEBUG net.serenitybdd.core.photography.DarkroomProcessingLine - Processing screenshot image in /var/screenshots/screenshot-13198825422598630082
18:17:29.904 [Darkroom Processing Line] DEBUG net.serenitybdd.core.photography.DarkroomProcessingLine - Saving screenshot to target\site\serenity\45ff59fb82bf0baadfb20d9d1339181cd56889f695402f30df6b80eb542b4e17.png
18:17:29.924 [Forwarding findElement on session 8dc207f30f4b95434d4246714503f63e to remote] DEBUG org.asynchttpclient.netty.request.NettyRequestSender - Using pooled Channel '[id: 0x9c9f7a86, L:/127.0.0.1:65508 - R:localhost/127.0.0.1:60199]' for 'POST' to 'http://localhost:60199/session/8dc207f30f4b95434d4246714503f63e/element'
18:17:29.925 [Forwarding findElement on session 8dc207f30f4b95434d4246714503f63e to remote] DEBUG org.asynchttpclient.netty.request.NettyRequestSender - Using open Channel [id: 0x9c9f7a86, L:/127.0.0.1:65508 - R:localhost/127.0.0.1:60199] for POST '/session/8dc207f30f4b95434d4246714503f63e/element'
18:17:29.940 [AsyncHttpClient-1-9] DEBUG org.asynchttpclient.netty.handler.HttpHandler - 

Request DefaultHttpRequest(decodeResult: success, version: HTTP/1.1)
POST /session/8dc207f30f4b95434d4246714503f63e/element HTTP/1.1
User-Agent: selenium/4.1.2 (java windows)
Content-Length: 83
Content-Type: application/json; charset=utf-8
host: localhost:60199
accept: */*

Response DefaultHttpResponse(decodeResult: success, version: HTTP/1.1)
HTTP/1.1 200 OK
Content-Type: application/json; charset=utf-8
cache-control: no-cache
content-length: 88

18:17:29.940 [AsyncHttpClient-1-9] DEBUG org.asynchttpclient.netty.channel.ChannelManager - Adding key: http://localhost:60199 for channel [id: 0x9c9f7a86, L:/127.0.0.1:65508 - R:localhost/127.0.0.1:60199]
18:17:29.943 [Forwarding getElementTagName on session 8dc207f30f4b95434d4246714503f63e to remote] DEBUG org.asynchttpclient.netty.request.NettyRequestSender - Using pooled Channel '[id: 0x9c9f7a86, L:/127.0.0.1:65508 - R:localhost/127.0.0.1:60199]' for 'GET' to 'http://localhost:60199/session/8dc207f30f4b95434d4246714503f63e/element/5c4252d1-9701-4cdd-bda8-92d824fca2fe/name'
18:17:29.943 [Forwarding getElementTagName on session 8dc207f30f4b95434d4246714503f63e to remote] DEBUG org.asynchttpclient.netty.request.NettyRequestSender - Using open Channel [id: 0x9c9f7a86, L:/127.0.0.1:65508 - R:localhost/127.0.0.1:60199] for GET '/session/8dc207f30f4b95434d4246714503f63e/element/5c4252d1-9701-4cdd-bda8-92d824fca2fe/name'
18:17:29.947 [AsyncHttpClient-1-9] DEBUG org.asynchttpclient.netty.handler.HttpHandler - 

Request DefaultFullHttpRequest(decodeResult: success, version: HTTP/1.1, content: EmptyByteBufBE)
GET /session/8dc207f30f4b95434d4246714503f63e/element/5c4252d1-9701-4cdd-bda8-92d824fca2fe/name HTTP/1.1
User-Agent: selenium/4.1.2 (java windows)
Cache-Control: no-cache
Content-Type: application/json; charset=utf-8
host: localhost:60199
accept: */*

Response DefaultHttpResponse(decodeResult: success, version: HTTP/1.1)
HTTP/1.1 200 OK
Content-Type: application/json; charset=utf-8
cache-control: no-cache
content-length: 15

18:17:29.947 [AsyncHttpClient-1-9] DEBUG org.asynchttpclient.netty.channel.ChannelManager - Adding key: http://localhost:60199 for channel [id: 0x9c9f7a86, L:/127.0.0.1:65508 - R:localhost/127.0.0.1:60199]
18:17:29.948 [Forwarding getElementTagName on session 8dc207f30f4b95434d4246714503f63e to remote] DEBUG org.asynchttpclient.netty.request.NettyRequestSender - Using pooled Channel '[id: 0x9c9f7a86, L:/127.0.0.1:65508 - R:localhost/127.0.0.1:60199]' for 'GET' to 'http://localhost:60199/session/8dc207f30f4b95434d4246714503f63e/element/5c4252d1-9701-4cdd-bda8-92d824fca2fe/name'
18:17:29.948 [Forwarding getElementTagName on session 8dc207f30f4b95434d4246714503f63e to remote] DEBUG org.asynchttpclient.netty.request.NettyRequestSender - Using open Channel [id: 0x9c9f7a86, L:/127.0.0.1:65508 - R:localhost/127.0.0.1:60199] for GET '/session/8dc207f30f4b95434d4246714503f63e/element/5c4252d1-9701-4cdd-bda8-92d824fca2fe/name'
18:17:29.952 [AsyncHttpClient-1-9] DEBUG org.asynchttpclient.netty.handler.HttpHandler - 

Request DefaultFullHttpRequest(decodeResult: success, version: HTTP/1.1, content: EmptyByteBufBE)
GET /session/8dc207f30f4b95434d4246714503f63e/element/5c4252d1-9701-4cdd-bda8-92d824fca2fe/name HTTP/1.1
User-Agent: selenium/4.1.2 (java windows)
Cache-Control: no-cache
Content-Type: application/json; charset=utf-8
host: localhost:60199
accept: */*

Response DefaultHttpResponse(decodeResult: success, version: HTTP/1.1)
HTTP/1.1 200 OK
Content-Type: application/json; charset=utf-8
cache-control: no-cache
content-length: 15

18:17:29.953 [AsyncHttpClient-1-9] DEBUG org.asynchttpclient.netty.channel.ChannelManager - Adding key: http://localhost:60199 for channel [id: 0x9c9f7a86, L:/127.0.0.1:65508 - R:localhost/127.0.0.1:60199]
18:17:29.956 [Forwarding findElement on session 8dc207f30f4b95434d4246714503f63e to remote] DEBUG org.asynchttpclient.netty.request.NettyRequestSender - Using pooled Channel '[id: 0x9c9f7a86, L:/127.0.0.1:65508 - R:localhost/127.0.0.1:60199]' for 'POST' to 'http://localhost:60199/session/8dc207f30f4b95434d4246714503f63e/element'
18:17:29.956 [Forwarding findElement on session 8dc207f30f4b95434d4246714503f63e to remote] DEBUG org.asynchttpclient.netty.request.NettyRequestSender - Using open Channel [id: 0x9c9f7a86, L:/127.0.0.1:65508 - R:localhost/127.0.0.1:60199] for POST '/session/8dc207f30f4b95434d4246714503f63e/element'
18:17:29.965 [AsyncHttpClient-1-9] DEBUG org.asynchttpclient.netty.handler.HttpHandler - 

Request DefaultHttpRequest(decodeResult: success, version: HTTP/1.1)
POST /session/8dc207f30f4b95434d4246714503f63e/element HTTP/1.1
User-Agent: selenium/4.1.2 (java windows)
Content-Length: 83
Content-Type: application/json; charset=utf-8
host: localhost:60199
accept: */*

Response DefaultHttpResponse(decodeResult: success, version: HTTP/1.1)
HTTP/1.1 200 OK
Content-Type: application/json; charset=utf-8
cache-control: no-cache
content-length: 88

18:17:29.965 [AsyncHttpClient-1-9] DEBUG org.asynchttpclient.netty.channel.ChannelManager - Adding key: http://localhost:60199 for channel [id: 0x9c9f7a86, L:/127.0.0.1:65508 - R:localhost/127.0.0.1:60199]
18:17:29.966 [Forwarding clickElement on session 8dc207f30f4b95434d4246714503f63e to remote] DEBUG org.asynchttpclient.netty.request.NettyRequestSender - Using pooled Channel '[id: 0x9c9f7a86, L:/127.0.0.1:65508 - R:localhost/127.0.0.1:60199]' for 'POST' to 'http://localhost:60199/session/8dc207f30f4b95434d4246714503f63e/element/5c4252d1-9701-4cdd-bda8-92d824fca2fe/click'
18:17:29.966 [Forwarding clickElement on session 8dc207f30f4b95434d4246714503f63e to remote] DEBUG org.asynchttpclient.netty.request.NettyRequestSender - Using open Channel [id: 0x9c9f7a86, L:/127.0.0.1:65508 - R:localhost/127.0.0.1:60199] for POST '/session/8dc207f30f4b95434d4246714503f63e/element/5c4252d1-9701-4cdd-bda8-92d824fca2fe/click'
18:17:30.019 [AsyncHttpClient-1-9] DEBUG org.asynchttpclient.netty.handler.HttpHandler - 

Request DefaultHttpRequest(decodeResult: success, version: HTTP/1.1)
POST /session/8dc207f30f4b95434d4246714503f63e/element/5c4252d1-9701-4cdd-bda8-92d824fca2fe/click HTTP/1.1
User-Agent: selenium/4.1.2 (java windows)
Content-Length: 50
Content-Type: application/json; charset=utf-8
host: localhost:60199
accept: */*

Response DefaultHttpResponse(decodeResult: success, version: HTTP/1.1)
HTTP/1.1 200 OK
Content-Type: application/json; charset=utf-8
cache-control: no-cache
content-length: 14

18:17:30.019 [AsyncHttpClient-1-9] DEBUG org.asynchttpclient.netty.channel.ChannelManager - Adding key: http://localhost:60199 for channel [id: 0x9c9f7a86, L:/127.0.0.1:65508 - R:localhost/127.0.0.1:60199]
  &amp#27;[32mWhen &amp#27;[0m&amp#27;[32mI click select category&amp#27;[0m      &amp#27;[90m# starter.stepdefinitions.HomeStep.iClickSelectCategory()&amp#27;[0m
18:17:30.027 [Forwarding screenshot on session 8dc207f30f4b95434d4246714503f63e to remote] DEBUG org.asynchttpclient.netty.request.NettyRequestSender - Using pooled Channel '[id: 0x9c9f7a86, L:/127.0.0.1:65508 - R:localhost/127.0.0.1:60199]' for 'GET' to 'http://localhost:60199/session/8dc207f30f4b95434d4246714503f63e/screenshot'
18:17:30.028 [Forwarding screenshot on session 8dc207f30f4b95434d4246714503f63e to remote] DEBUG org.asynchttpclient.netty.request.NettyRequestSender - Using open Channel [id: 0x9c9f7a86, L:/127.0.0.1:65508 - R:localhost/127.0.0.1:60199] for GET '/session/8dc207f30f4b95434d4246714503f63e/screenshot'
18:17:30.204 [AsyncHttpClient-1-9] DEBUG org.asynchttpclient.netty.handler.HttpHandler - 

Request DefaultFullHttpRequest(decodeResult: success, version: HTTP/1.1, content: EmptyByteBufBE)
GET /session/8dc207f30f4b95434d4246714503f63e/screenshot HTTP/1.1
User-Agent: selenium/4.1.2 (java windows)
Cache-Control: no-cache
Content-Type: application/json; charset=utf-8
host: localhost:60199
accept: */*

Response DefaultHttpResponse(decodeResult: success, version: HTTP/1.1)
HTTP/1.1 200 OK
Content-Type: application/json; charset=utf-8
cache-control: no-cache
content-length: 34452

18:17:30.204 [AsyncHttpClient-1-9] DEBUG org.asynchttpclient.netty.channel.ChannelManager - Adding key: http://localhost:60199 for channel [id: 0x9c9f7a86, L:/127.0.0.1:65508 - R:localhost/127.0.0.1:60199]
18:17:30.209 [main] DEBUG net.serenitybdd.core.photography.Darkroom - Send negative for processing for target\site\serenity\642399afba3f4a8b8221fa3cb9c0181d94d673274674c6d83cfce46b90d4e4e7.png
18:17:30.212 [Darkroom Processing Line] DEBUG net.serenitybdd.core.photography.DarkroomProcessingLine - Processing screenshot image in /var/screenshots/screenshot-15039513359393928932
18:17:30.212 [Darkroom Processing Line] DEBUG net.serenitybdd.core.photography.DarkroomProcessingLine - Saving screenshot to target\site\serenity\642399afba3f4a8b8221fa3cb9c0181d94d673274674c6d83cfce46b90d4e4e7.png
18:17:30.217 [Forwarding findElement on session 8dc207f30f4b95434d4246714503f63e to remote] DEBUG org.asynchttpclient.netty.request.NettyRequestSender - Using pooled Channel '[id: 0x9c9f7a86, L:/127.0.0.1:65508 - R:localhost/127.0.0.1:60199]' for 'POST' to 'http://localhost:60199/session/8dc207f30f4b95434d4246714503f63e/element'
18:17:30.217 [Forwarding findElement on session 8dc207f30f4b95434d4246714503f63e to remote] DEBUG org.asynchttpclient.netty.request.NettyRequestSender - Using open Channel [id: 0x9c9f7a86, L:/127.0.0.1:65508 - R:localhost/127.0.0.1:60199] for POST '/session/8dc207f30f4b95434d4246714503f63e/element'
18:17:30.597 [AsyncHttpClient-1-1] DEBUG org.asynchttpclient.netty.channel.DefaultChannelPool - Entry count for : http://localhost:65509 : 1
18:17:30.985 [AsyncHttpClient-1-9] DEBUG org.asynchttpclient.netty.handler.HttpHandler - 

Request DefaultHttpRequest(decodeResult: success, version: HTTP/1.1)
POST /session/8dc207f30f4b95434d4246714503f63e/element HTTP/1.1
User-Agent: selenium/4.1.2 (java windows)
Content-Length: 108
Content-Type: application/json; charset=utf-8
host: localhost:60199
accept: */*

Response DefaultHttpResponse(decodeResult: success, version: HTTP/1.1)
HTTP/1.1 200 OK
Content-Type: application/json; charset=utf-8
cache-control: no-cache
content-length: 88

18:17:30.986 [AsyncHttpClient-1-9] DEBUG org.asynchttpclient.netty.channel.ChannelManager - Adding key: http://localhost:60199 for channel [id: 0x9c9f7a86, L:/127.0.0.1:65508 - R:localhost/127.0.0.1:60199]
18:17:30.988 [Forwarding getElementTagName on session 8dc207f30f4b95434d4246714503f63e to remote] DEBUG org.asynchttpclient.netty.request.NettyRequestSender - Using pooled Channel '[id: 0x9c9f7a86, L:/127.0.0.1:65508 - R:localhost/127.0.0.1:60199]' for 'GET' to 'http://localhost:60199/session/8dc207f30f4b95434d4246714503f63e/element/bd7d0eba-8dbf-4097-b0bc-ad315deeaec1/name'
18:17:30.988 [Forwarding getElementTagName on session 8dc207f30f4b95434d4246714503f63e to remote] DEBUG org.asynchttpclient.netty.request.NettyRequestSender - Using open Channel [id: 0x9c9f7a86, L:/127.0.0.1:65508 - R:localhost/127.0.0.1:60199] for GET '/session/8dc207f30f4b95434d4246714503f63e/element/bd7d0eba-8dbf-4097-b0bc-ad315deeaec1/name'
18:17:30.996 [AsyncHttpClient-1-9] DEBUG org.asynchttpclient.netty.handler.HttpHandler - 

Request DefaultFullHttpRequest(decodeResult: success, version: HTTP/1.1, content: EmptyByteBufBE)
GET /session/8dc207f30f4b95434d4246714503f63e/element/bd7d0eba-8dbf-4097-b0bc-ad315deeaec1/name HTTP/1.1
User-Agent: selenium/4.1.2 (java windows)
Cache-Control: no-cache
Content-Type: application/json; charset=utf-8
host: localhost:60199
accept: */*

Response DefaultHttpResponse(decodeResult: success, version: HTTP/1.1)
HTTP/1.1 200 OK
Content-Type: application/json; charset=utf-8
cache-control: no-cache
content-length: 15

18:17:30.996 [AsyncHttpClient-1-9] DEBUG org.asynchttpclient.netty.channel.ChannelManager - Adding key: http://localhost:60199 for channel [id: 0x9c9f7a86, L:/127.0.0.1:65508 - R:localhost/127.0.0.1:60199]
18:17:30.997 [Forwarding getElementTagName on session 8dc207f30f4b95434d4246714503f63e to remote] DEBUG org.asynchttpclient.netty.request.NettyRequestSender - Using pooled Channel '[id: 0x9c9f7a86, L:/127.0.0.1:65508 - R:localhost/127.0.0.1:60199]' for 'GET' to 'http://localhost:60199/session/8dc207f30f4b95434d4246714503f63e/element/bd7d0eba-8dbf-4097-b0bc-ad315deeaec1/name'
18:17:30.997 [Forwarding getElementTagName on session 8dc207f30f4b95434d4246714503f63e to remote] DEBUG org.asynchttpclient.netty.request.NettyRequestSender - Using open Channel [id: 0x9c9f7a86, L:/127.0.0.1:65508 - R:localhost/127.0.0.1:60199] for GET '/session/8dc207f30f4b95434d4246714503f63e/element/bd7d0eba-8dbf-4097-b0bc-ad315deeaec1/name'
18:17:31.001 [AsyncHttpClient-1-9] DEBUG org.asynchttpclient.netty.handler.HttpHandler - 

Request DefaultFullHttpRequest(decodeResult: success, version: HTTP/1.1, content: EmptyByteBufBE)
GET /session/8dc207f30f4b95434d4246714503f63e/element/bd7d0eba-8dbf-4097-b0bc-ad315deeaec1/name HTTP/1.1
User-Agent: selenium/4.1.2 (java windows)
Cache-Control: no-cache
Content-Type: application/json; charset=utf-8
host: localhost:60199
accept: */*

Response DefaultHttpResponse(decodeResult: success, version: HTTP/1.1)
HTTP/1.1 200 OK
Content-Type: application/json; charset=utf-8
cache-control: no-cache
content-length: 15

18:17:31.001 [AsyncHttpClient-1-9] DEBUG org.asynchttpclient.netty.channel.ChannelManager - Adding key: http://localhost:60199 for channel [id: 0x9c9f7a86, L:/127.0.0.1:65508 - R:localhost/127.0.0.1:60199]
18:17:31.003 [Forwarding findElement on session 8dc207f30f4b95434d4246714503f63e to remote] DEBUG org.asynchttpclient.netty.request.NettyRequestSender - Using pooled Channel '[id: 0x9c9f7a86, L:/127.0.0.1:65508 - R:localhost/127.0.0.1:60199]' for 'POST' to 'http://localhost:60199/session/8dc207f30f4b95434d4246714503f63e/element'
18:17:31.003 [Forwarding findElement on session 8dc207f30f4b95434d4246714503f63e to remote] DEBUG org.asynchttpclient.netty.request.NettyRequestSender - Using open Channel [id: 0x9c9f7a86, L:/127.0.0.1:65508 - R:localhost/127.0.0.1:60199] for POST '/session/8dc207f30f4b95434d4246714503f63e/element'
18:17:31.021 [AsyncHttpClient-1-9] DEBUG org.asynchttpclient.netty.handler.HttpHandler - 

Request DefaultHttpRequest(decodeResult: success, version: HTTP/1.1)
POST /session/8dc207f30f4b95434d4246714503f63e/element HTTP/1.1
User-Agent: selenium/4.1.2 (java windows)
Content-Length: 108
Content-Type: application/json; charset=utf-8
host: localhost:60199
accept: */*

Response DefaultHttpResponse(decodeResult: success, version: HTTP/1.1)
HTTP/1.1 200 OK
Content-Type: application/json; charset=utf-8
cache-control: no-cache
content-length: 88

18:17:31.021 [AsyncHttpClient-1-9] DEBUG org.asynchttpclient.netty.channel.ChannelManager - Adding key: http://localhost:60199 for channel [id: 0x9c9f7a86, L:/127.0.0.1:65508 - R:localhost/127.0.0.1:60199]
18:17:31.025 [Forwarding clickElement on session 8dc207f30f4b95434d4246714503f63e to remote] DEBUG org.asynchttpclient.netty.request.NettyRequestSender - Using pooled Channel '[id: 0x9c9f7a86, L:/127.0.0.1:65508 - R:localhost/127.0.0.1:60199]' for 'POST' to 'http://localhost:60199/session/8dc207f30f4b95434d4246714503f63e/element/bd7d0eba-8dbf-4097-b0bc-ad315deeaec1/click'
18:17:31.025 [Forwarding clickElement on session 8dc207f30f4b95434d4246714503f63e to remote] DEBUG org.asynchttpclient.netty.request.NettyRequestSender - Using open Channel [id: 0x9c9f7a86, L:/127.0.0.1:65508 - R:localhost/127.0.0.1:60199] for POST '/session/8dc207f30f4b95434d4246714503f63e/element/bd7d0eba-8dbf-4097-b0bc-ad315deeaec1/click'
18:17:31.146 [AsyncHttpClient-1-9] DEBUG org.asynchttpclient.netty.handler.HttpHandler - 

Request DefaultHttpRequest(decodeResult: success, version: HTTP/1.1)
POST /session/8dc207f30f4b95434d4246714503f63e/element/bd7d0eba-8dbf-4097-b0bc-ad315deeaec1/click HTTP/1.1
User-Agent: selenium/4.1.2 (java windows)
Content-Length: 50
Content-Type: application/json; charset=utf-8
host: localhost:60199
accept: */*

Response DefaultHttpResponse(decodeResult: success, version: HTTP/1.1)
HTTP/1.1 200 OK
Content-Type: application/json; charset=utf-8
cache-control: no-cache
content-length: 14

18:17:31.146 [AsyncHttpClient-1-9] DEBUG org.asynchttpclient.netty.channel.ChannelManager - Adding key: http://localhost:60199 for channel [id: 0x9c9f7a86, L:/127.0.0.1:65508 - R:localhost/127.0.0.1:60199]
  &amp#27;[32mAnd &amp#27;[0m&amp#27;[32mI click dolanan&amp#27;[0m               &amp#27;[90m# starter.stepdefinitions.HomeStep.iClickDolanan()&amp#27;[0m
18:17:31.151 [Forwarding screenshot on session 8dc207f30f4b95434d4246714503f63e to remote] DEBUG org.asynchttpclient.netty.request.NettyRequestSender - Using pooled Channel '[id: 0x9c9f7a86, L:/127.0.0.1:65508 - R:localhost/127.0.0.1:60199]' for 'GET' to 'http://localhost:60199/session/8dc207f30f4b95434d4246714503f63e/screenshot'
18:17:31.151 [Forwarding screenshot on session 8dc207f30f4b95434d4246714503f63e to remote] DEBUG org.asynchttpclient.netty.request.NettyRequestSender - Using open Channel [id: 0x9c9f7a86, L:/127.0.0.1:65508 - R:localhost/127.0.0.1:60199] for GET '/session/8dc207f30f4b95434d4246714503f63e/screenshot'
18:17:31.334 [AsyncHttpClient-1-9] DEBUG org.asynchttpclient.netty.handler.HttpHandler - 

Request DefaultFullHttpRequest(decodeResult: success, version: HTTP/1.1, content: EmptyByteBufBE)
GET /session/8dc207f30f4b95434d4246714503f63e/screenshot HTTP/1.1
User-Agent: selenium/4.1.2 (java windows)
Cache-Control: no-cache
Content-Type: application/json; charset=utf-8
host: localhost:60199
accept: */*

Response DefaultHttpResponse(decodeResult: success, version: HTTP/1.1)
HTTP/1.1 200 OK
Content-Type: application/json; charset=utf-8
cache-control: no-cache
content-length: 43652

18:17:31.334 [AsyncHttpClient-1-9] DEBUG org.asynchttpclient.netty.channel.ChannelManager - Adding key: http://localhost:60199 for channel [id: 0x9c9f7a86, L:/127.0.0.1:65508 - R:localhost/127.0.0.1:60199]
18:17:31.336 [main] DEBUG net.serenitybdd.core.photography.Darkroom - Send negative for processing for target\site\serenity\7658ac324f759fa5974f03b0c09b522b5eef3ef054a05dc4ec8caa16aa7d7535.png
18:17:31.336 [Darkroom Processing Line] DEBUG net.serenitybdd.core.photography.DarkroomProcessingLine - Processing screenshot image in /var/screenshots/screenshot-13117852673806533293
18:17:31.336 [Darkroom Processing Line] DEBUG net.serenitybdd.core.photography.DarkroomProcessingLine - Saving screenshot to target\site\serenity\7658ac324f759fa5974f03b0c09b522b5eef3ef054a05dc4ec8caa16aa7d7535.png
18:17:31.347 [Forwarding findElement on session 8dc207f30f4b95434d4246714503f63e to remote] DEBUG org.asynchttpclient.netty.request.NettyRequestSender - Using pooled Channel '[id: 0x9c9f7a86, L:/127.0.0.1:65508 - R:localhost/127.0.0.1:60199]' for 'POST' to 'http://localhost:60199/session/8dc207f30f4b95434d4246714503f63e/element'
18:17:31.347 [Forwarding findElement on session 8dc207f30f4b95434d4246714503f63e to remote] DEBUG org.asynchttpclient.netty.request.NettyRequestSender - Using open Channel [id: 0x9c9f7a86, L:/127.0.0.1:65508 - R:localhost/127.0.0.1:60199] for POST '/session/8dc207f30f4b95434d4246714503f63e/element'
18:17:31.364 [AsyncHttpClient-1-9] DEBUG org.asynchttpclient.netty.handler.HttpHandler - 

Request DefaultHttpRequest(decodeResult: success, version: HTTP/1.1)
POST /session/8dc207f30f4b95434d4246714503f63e/element HTTP/1.1
User-Agent: selenium/4.1.2 (java windows)
Content-Length: 86
Content-Type: application/json; charset=utf-8
host: localhost:60199
accept: */*

Response DefaultHttpResponse(decodeResult: success, version: HTTP/1.1)
HTTP/1.1 200 OK
Content-Type: application/json; charset=utf-8
cache-control: no-cache
content-length: 88

18:17:31.364 [AsyncHttpClient-1-9] DEBUG org.asynchttpclient.netty.channel.ChannelManager - Adding key: http://localhost:60199 for channel [id: 0x9c9f7a86, L:/127.0.0.1:65508 - R:localhost/127.0.0.1:60199]
18:17:31.368 [Forwarding isElementDisplayed on session 8dc207f30f4b95434d4246714503f63e to remote] DEBUG org.asynchttpclient.netty.request.NettyRequestSender - Using pooled Channel '[id: 0x9c9f7a86, L:/127.0.0.1:65508 - R:localhost/127.0.0.1:60199]' for 'POST' to 'http://localhost:60199/session/8dc207f30f4b95434d4246714503f63e/execute/sync'
18:17:31.368 [Forwarding isElementDisplayed on session 8dc207f30f4b95434d4246714503f63e to remote] DEBUG org.asynchttpclient.netty.request.NettyRequestSender - Using open Channel [id: 0x9c9f7a86, L:/127.0.0.1:65508 - R:localhost/127.0.0.1:60199] for POST '/session/8dc207f30f4b95434d4246714503f63e/execute/sync'
18:17:31.383 [AsyncHttpClient-1-9] DEBUG org.asynchttpclient.netty.handler.HttpHandler - 

Request DefaultHttpRequest(decodeResult: success, version: HTTP/1.1)
POST /session/8dc207f30f4b95434d4246714503f63e/execute/sync HTTP/1.1
User-Agent: selenium/4.1.2 (java windows)
Content-Length: 48780
Content-Type: application/json; charset=utf-8
host: localhost:60199
accept: */*

Response DefaultHttpResponse(decodeResult: success, version: HTTP/1.1)
HTTP/1.1 200 OK
Content-Type: application/json; charset=utf-8
cache-control: no-cache
content-length: 14

18:17:31.383 [AsyncHttpClient-1-9] DEBUG org.asynchttpclient.netty.channel.ChannelManager - Adding key: http://localhost:60199 for channel [id: 0x9c9f7a86, L:/127.0.0.1:65508 - R:localhost/127.0.0.1:60199]
  &amp#27;[32mThen &amp#27;[0m&amp#27;[32mData dolanan success showed&amp#27;[0m  &amp#27;[90m# starter.stepdefinitions.HomeStep.dataDolananSuccessShowed()&amp#27;[0m
18:17:31.387 [Forwarding screenshot on session 8dc207f30f4b95434d4246714503f63e to remote] DEBUG org.asynchttpclient.netty.request.NettyRequestSender - Using pooled Channel '[id: 0x9c9f7a86, L:/127.0.0.1:65508 - R:localhost/127.0.0.1:60199]' for 'GET' to 'http://localhost:60199/session/8dc207f30f4b95434d4246714503f63e/screenshot'
18:17:31.387 [Forwarding screenshot on session 8dc207f30f4b95434d4246714503f63e to remote] DEBUG org.asynchttpclient.netty.request.NettyRequestSender - Using open Channel [id: 0x9c9f7a86, L:/127.0.0.1:65508 - R:localhost/127.0.0.1:60199] for GET '/session/8dc207f30f4b95434d4246714503f63e/screenshot'
18:17:31.613 [AsyncHttpClient-1-9] DEBUG org.asynchttpclient.netty.handler.HttpHandler - 

Request DefaultFullHttpRequest(decodeResult: success, version: HTTP/1.1, content: EmptyByteBufBE)
GET /session/8dc207f30f4b95434d4246714503f63e/screenshot HTTP/1.1
User-Agent: selenium/4.1.2 (java windows)
Cache-Control: no-cache
Content-Type: application/json; charset=utf-8
host: localhost:60199
accept: */*

Response DefaultHttpResponse(decodeResult: success, version: HTTP/1.1)
HTTP/1.1 200 OK
Content-Type: application/json; charset=utf-8
cache-control: no-cache
content-length: 33876

18:17:31.613 [AsyncHttpClient-1-9] DEBUG org.asynchttpclient.netty.channel.ChannelManager - Adding key: http://localhost:60199 for channel [id: 0x9c9f7a86, L:/127.0.0.1:65508 - R:localhost/127.0.0.1:60199]
18:17:31.615 [main] DEBUG net.serenitybdd.core.photography.Darkroom - Send negative for processing for target\site\serenity\20a75d039041e778f428c1340fa95d67e6d91eb68a60efcc6fcbb1c54af25dc0.png
18:17:31.616 [Darkroom Processing Line] DEBUG net.serenitybdd.core.photography.DarkroomProcessingLine - Processing screenshot image in /var/screenshots/screenshot-11339386955992875548
18:17:31.617 [Darkroom Processing Line] DEBUG net.serenitybdd.core.photography.DarkroomProcessingLine - Saving screenshot to target\site\serenity\20a75d039041e778f428c1340fa95d67e6d91eb68a60efcc6fcbb1c54af25dc0.png
18:17:31.617 [main] INFO  - 
  _____   ___   ___   _____     ___     _     ___   ___   ___   ___  
 |_   _| | __| / __| |_   _|   | _ \   /_\   / __| / __| | __| |   \ 
   | |   | _|  \__ \   | |     |  _/  / _ \  \__ \ \__ \ | _|  | |) |
   |_|   |___| |___/   |_|     |_|   /_/ \_\ |___/ |___/ |___| |___/ 

I want to select category
----------------------------------------------------------------------
18:17:31.619 [AsyncHttpClient-1-3] DEBUG org.asynchttpclient.netty.handler.WebSocketHandler - Channel Closed: [id: 0x56d0b141, L:/127.0.0.1:65516 ! R:localhost/127.0.0.1:65509] with attribute NettyResponseFuture{currentRetry=5,
	isDone=1,
	isCancelled=0,
	asyncHandler=org.asynchttpclient.ws.WebSocketUpgradeHandler@43d3b530,
	nettyRequest=org.asynchttpclient.netty.request.NettyRequest@705c61ad,
	future=java.util.concurrent.CompletableFuture@2eb92114[Completed normally],
	uri=ws://localhost:65509/devtools/browser/d6c0bd18-45b4-4f27-8690-a369b21fdd90,
	keepAlive=true,
	redirectCount=0,
	timeoutsHolder=null,
	inAuth=0,
	touch=1667560648474}
18:17:31.619 [AsyncHttpClient-1-3] DEBUG org.asynchttpclient.netty.channel.ChannelManager - Closing Channel [id: 0x56d0b141, L:/127.0.0.1:65516 ! R:localhost/127.0.0.1:65509] 
18:17:31.626 [Driver Command Executor] DEBUG org.asynchttpclient.netty.request.NettyRequestSender - Using pooled Channel '[id: 0x9c9f7a86, L:/127.0.0.1:65508 - R:localhost/127.0.0.1:60199]' for 'DELETE' to 'http://localhost:60199/session/8dc207f30f4b95434d4246714503f63e'
18:17:31.626 [Driver Command Executor] DEBUG org.asynchttpclient.netty.request.NettyRequestSender - Using open Channel [id: 0x9c9f7a86, L:/127.0.0.1:65508 - R:localhost/127.0.0.1:60199] for DELETE '/session/8dc207f30f4b95434d4246714503f63e'
18:17:31.710 [AsyncHttpClient-1-1] DEBUG org.asynchttpclient.netty.channel.DefaultChannelPool - Entry count for : http://localhost:65509 : 1
18:17:31.785 [AsyncHttpClient-1-2] DEBUG org.asynchttpclient.netty.handler.HttpHandler - Unexpected I/O exception on channel [id: 0xbddbc66f, L:/127.0.0.1:65515 - R:localhost/127.0.0.1:65509]
java.io.IOException: An existing connection was forcibly closed by the remote host
	at java.base/sun.nio.ch.SocketDispatcher.read0(Native Method)
	at java.base/sun.nio.ch.SocketDispatcher.read(SocketDispatcher.java:43)
	at java.base/sun.nio.ch.IOUtil.readIntoNativeBuffer(IOUtil.java:276)
	at java.base/sun.nio.ch.IOUtil.read(IOUtil.java:233)
	at java.base/sun.nio.ch.IOUtil.read(IOUtil.java:223)
	at java.base/sun.nio.ch.SocketChannelImpl.read(SocketChannelImpl.java:358)
	at io.netty.buffer.PooledByteBuf.setBytes(PooledByteBuf.java:258)
	at io.netty.buffer.AbstractByteBuf.writeBytes(AbstractByteBuf.java:1132)
	at io.netty.channel.socket.nio.NioSocketChannel.doReadBytes(NioSocketChannel.java:350)
	at io.netty.channel.nio.AbstractNioByteChannel$NioByteUnsafe.read(AbstractNioByteChannel.java:151)
	at io.netty.channel.nio.NioEventLoop.processSelectedKey(NioEventLoop.java:722)
	at io.netty.channel.nio.NioEventLoop.processSelectedKeysOptimized(NioEventLoop.java:658)
	at io.netty.channel.nio.NioEventLoop.processSelectedKeys(NioEventLoop.java:584)
	at io.netty.channel.nio.NioEventLoop.run(NioEventLoop.java:496)
	at io.netty.util.concurrent.SingleThreadEventExecutor$4.run(SingleThreadEventExecutor.java:986)
	at io.netty.util.internal.ThreadExecutorMap$2.run(ThreadExecutorMap.java:74)
	at io.netty.util.concurrent.FastThreadLocalRunnable.run(FastThreadLocalRunnable.java:30)
	at java.base/java.lang.Thread.run(Thread.java:834)
18:17:31.785 [AsyncHttpClient-1-2] DEBUG org.asynchttpclient.netty.channel.ChannelManager - Closing Channel [id: 0xbddbc66f, L:/127.0.0.1:65515 - R:localhost/127.0.0.1:65509] 
18:17:31.785 [AsyncHttpClient-1-2] DEBUG org.asynchttpclient.netty.handler.HttpHandler - Channel Closed: [id: 0xbddbc66f, L:/127.0.0.1:65515 ! R:localhost/127.0.0.1:65509] with attribute DISCARD
18:17:31.800 [AsyncHttpClient-1-9] DEBUG org.asynchttpclient.netty.handler.HttpHandler - 

Request DefaultFullHttpRequest(decodeResult: success, version: HTTP/1.1, content: EmptyByteBufBE)
DELETE /session/8dc207f30f4b95434d4246714503f63e HTTP/1.1
User-Agent: selenium/4.1.2 (java windows)
Content-Type: application/json; charset=utf-8
host: localhost:60199
accept: */*

Response DefaultHttpResponse(decodeResult: success, version: HTTP/1.1)
HTTP/1.1 200 OK
Content-Type: application/json; charset=utf-8
cache-control: no-cache
content-length: 14

18:17:31.800 [AsyncHttpClient-1-9] DEBUG org.asynchttpclient.netty.channel.ChannelManager - Adding key: http://localhost:60199 for channel [id: 0x9c9f7a86, L:/127.0.0.1:65508 - R:localhost/127.0.0.1:60199]
18:17:31.844 [AsyncHttpClient-1-9] DEBUG org.asynchttpclient.netty.handler.HttpHandler - Channel Closed: [id: 0x9c9f7a86, L:/127.0.0.1:65508 ! R:localhost/127.0.0.1:60199] with attribute DISCARD
]]></system-out>
    <system-err><![CDATA[Starting ChromeDriver 107.0.5304.62 (1eec40d3a5764881c92085aaee66d25075c159aa-refs/branch-heads/5304@{#942}) on port 60199
Only local connections are allowed.
Please see https://chromedriver.chromium.org/security-considerations for suggestions on keeping ChromeDriver safe.
ChromeDriver was started successfully.
Nov 04, 2022 6:17:28 PM org.openqa.selenium.remote.ProtocolHandshake createSession
INFO: Detected dialect: W3C
Nov 04, 2022 6:17:28 PM org.openqa.selenium.devtools.CdpVersionFinder findNearestMatch
WARNING: Unable to find an exact match for CDP version 107, so returning the closest version found: a no-op implementation
Nov 04, 2022 6:17:28 PM org.openqa.selenium.devtools.CdpVersionFinder findNearestMatch
INFO: Unable to find CDP implementation matching 107.
Nov 04, 2022 6:17:28 PM org.openqa.selenium.chromium.ChromiumDriver lambda$new$3
WARNING: Unable to find version of CDP to use for . You may need to include a dependency on a specific version of the CDP using something similar to `org.seleniumhq.selenium:selenium-devtools-v86:4.1.2` where the version ("v86") matches the version of the chromium-based browser you're using and the version number of the artifact is the same as Selenium's.
]]></system-err>
  </testcase>
  <testcase name="Login with account #1" classname="Login" time="4.646">
    <system-out><![CDATA[18:17:31.887 [main] INFO io.cucumber.core.plugin.SerenityReporter - Running feature from file:///D:/Ra/file%20kuliah/semester%207/resume%20alta/Mini%20Project/Web/AltaShop/src/test/resources/features/login.feature
18:17:31.890 [main] DEBUG net.thucydides.core.steps.StepEventBus - Test suite started for story net.thucydides.core.model.Story@f388ff28
18:17:31.891 [main] INFO  - Test Suite Started: Login

@Login
Scenario Outline: Login with account  &amp#27;[90m# src/test/resources/features/login.feature:16&amp#27;[0m
18:17:31.904 [main] INFO io.cucumber.core.plugin.SerenityReporter - Running feature from file:///D:/Ra/file%20kuliah/semester%207/resume%20alta/Mini%20Project/Web/AltaShop/src/test/resources/features/login.feature
18:17:31.913 [main] INFO  - 
  _____   ___   ___   _____     ___   _____     _     ___   _____   ___   ___  
 |_   _| | __| / __| |_   _|   / __| |_   _|   /_\   | _ \ |_   _| | __| |   \ 
   | |   | _|  \__ \   | |     \__ \   | |    / _ \  |   /   | |   | _|  | |) |
   |_|   |___| |___/   |_|     |___/   |_|   /_/ \_\ |_|_\   |_|   |___| |___/ 

Login with account(login;login-with-account)
--------------------------------------------------------------------------------
18:17:31.936 [main] INFO net.serenitybdd.core.webdriver.driverproviders.ChromeDriverProvider - Using automatically driver download
18:17:32.039 [main] DEBUG io.github.bonigarcia.wdm.cache.ResolutionCache - Resolution chrome=107 in cache (valid until 18:54:29 04/11/2022 ICT)
18:17:32.042 [main] DEBUG io.github.bonigarcia.wdm.cache.ResolutionCache - Resolution chrome107=107.0.5304.62 in cache (valid until 17:54:29 05/11/2022 ICT)
18:17:32.043 [main] INFO io.github.bonigarcia.wdm.WebDriverManager - Using chromedriver 107.0.5304.62 (resolved driver for Chrome 107)
18:17:32.053 [main] DEBUG io.github.bonigarcia.wdm.WebDriverManager - Driver chromedriver 107.0.5304.62 found in cache
18:17:32.053 [main] INFO io.github.bonigarcia.wdm.WebDriverManager - Exporting webdriver.chrome.driver as C:\Users\rilaa\.cache\selenium\chromedriver\win32\107.0.5304.62\chromedriver.exe
18:17:32.132 [main] DEBUG net.serenitybdd.core.webdriver.driverproviders.ProvideNewDriver - Instantiating driver
18:17:32.132 [main] DEBUG net.serenitybdd.core.webdriver.driverproviders.ProvideNewDriver - Driver capabilities: Capabilities {acceptInsecureCerts: false, base.url: https://alta-shop.vercel.app, browserName: chrome, chrome.driver: src/test/resources/webdrive..., driver: chrome, goog:chromeOptions: {args: [], extensions: []}}
18:17:32.222 [AsyncHttpClient-1-4] DEBUG org.asynchttpclient.netty.channel.NettyConnectListener - Using new Channel '[id: 0x333170aa, L:/127.0.0.1:65531 - R:localhost/127.0.0.1:51422]' for 'POST' to '/session'
18:17:32.856 [AsyncHttpClient-1-1] DEBUG org.asynchttpclient.netty.channel.DefaultChannelPool - Entry count for : http://localhost:60199 : 1
18:17:32.856 [AsyncHttpClient-1-1] DEBUG org.asynchttpclient.netty.channel.DefaultChannelPool - Entry count for : http://localhost:65509 : 1
18:17:32.856 [AsyncHttpClient-1-1] DEBUG org.asynchttpclient.netty.channel.DefaultChannelPool - Adding Candidate expired Channel [id: 0x9c9f7a86, L:/127.0.0.1:65508 ! R:localhost/127.0.0.1:60199] isIdleTimeoutExpired=false isRemotelyClosed=true isTtlExpired=false
18:17:32.856 [AsyncHttpClient-1-1] DEBUG org.asynchttpclient.netty.channel.DefaultChannelPool - Closing Idle Channel [id: 0x9c9f7a86, L:/127.0.0.1:65508 ! R:localhost/127.0.0.1:60199]
18:17:32.856 [AsyncHttpClient-1-1] DEBUG org.asynchttpclient.netty.channel.DefaultChannelPool - Adding Candidate expired Channel [id: 0xbddbc66f, L:/127.0.0.1:65515 ! R:localhost/127.0.0.1:65509] isIdleTimeoutExpired=false isRemotelyClosed=true isTtlExpired=false
18:17:32.856 [AsyncHttpClient-1-1] DEBUG org.asynchttpclient.netty.channel.DefaultChannelPool - Closing Idle Channel [id: 0xbddbc66f, L:/127.0.0.1:65515 ! R:localhost/127.0.0.1:65509]
18:17:32.856 [AsyncHttpClient-1-1] DEBUG org.asynchttpclient.netty.channel.DefaultChannelPool - Closed 2 connections out of 2 in 0 ms
18:17:33.002 [AsyncHttpClient-1-4] DEBUG org.asynchttpclient.netty.handler.HttpHandler - 

Request DefaultHttpRequest(decodeResult: success, version: HTTP/1.1)
POST /session HTTP/1.1
User-Agent: selenium/4.1.2 (java windows)
Content-Length: 609
Content-Type: application/json; charset=utf-8
host: localhost:51422
accept: */*

Response DefaultHttpResponse(decodeResult: success, version: HTTP/1.1)
HTTP/1.1 200 OK
Content-Type: application/json; charset=utf-8
cache-control: no-cache
content-length: 790

18:17:33.002 [AsyncHttpClient-1-4] DEBUG org.asynchttpclient.netty.channel.ChannelManager - Adding key: http://localhost:51422 for channel [id: 0x333170aa, L:/127.0.0.1:65531 - R:localhost/127.0.0.1:51422]
18:17:33.012 [AsyncHttpClient-1-5] DEBUG org.asynchttpclient.netty.channel.NettyConnectListener - Using new Channel '[id: 0xa4aa888f, L:/127.0.0.1:49155 - R:localhost/127.0.0.1:65532]' for 'GET' to '/json/version'
18:17:33.012 [AsyncHttpClient-1-5] DEBUG org.asynchttpclient.netty.handler.HttpHandler - 

Request DefaultFullHttpRequest(decodeResult: success, version: HTTP/1.1, content: EmptyByteBufBE)
GET /json/version HTTP/1.1
User-Agent: selenium/4.1.2 (java windows)
host: localhost:65532
accept: */*

Response DefaultHttpResponse(decodeResult: success, version: HTTP/1.1)
HTTP/1.1 200 OK
Content-Type: application/json; charset=UTF-8
content-length: 423

18:17:33.012 [AsyncHttpClient-1-5] DEBUG org.asynchttpclient.netty.channel.ChannelManager - Adding key: http://localhost:65532 for channel [id: 0xa4aa888f, L:/127.0.0.1:49155 - R:localhost/127.0.0.1:65532]
18:17:33.015 [AsyncHttpClient-1-6] DEBUG org.asynchttpclient.netty.channel.NettyConnectListener - Using new Channel '[id: 0x3bfcdca3, L:/127.0.0.1:49156 - R:localhost/127.0.0.1:65532]' for 'GET' to '/devtools/browser/5222ff95-4868-4f34-b8a0-6c2a27082303'
18:17:33.016 [AsyncHttpClient-1-6] DEBUG org.asynchttpclient.netty.handler.WebSocketHandler - 

Request DefaultFullHttpRequest(decodeResult: success, version: HTTP/1.1, content: EmptyByteBufBE)
GET /devtools/browser/5222ff95-4868-4f34-b8a0-6c2a27082303 HTTP/1.1
upgrade: websocket
connection: upgrade
sec-websocket-key: FneUHOUaulzsIT6CP/IANQ==
sec-websocket-version: 13
origin: http://localhost:65532
host: localhost:65532
accept: */*
user-agent: AHC/2.1

Response DefaultHttpResponse(decodeResult: success, version: HTTP/1.1)
HTTP/1.1 101 WebSocket Protocol Handshake
Upgrade: WebSocket
Connection: Upgrade
Sec-WebSocket-Accept: 9kNaCnnYzdZA2n4G2Fta2+PYLdA=

18:17:33.019 [Forwarding get on session 8cadae880e3f7349228ddb870f3e35a3 to remote] DEBUG org.asynchttpclient.netty.request.NettyRequestSender - Using pooled Channel '[id: 0x333170aa, L:/127.0.0.1:65531 - R:localhost/127.0.0.1:51422]' for 'POST' to 'http://localhost:51422/session/8cadae880e3f7349228ddb870f3e35a3/url'
18:17:33.019 [Forwarding get on session 8cadae880e3f7349228ddb870f3e35a3 to remote] DEBUG org.asynchttpclient.netty.request.NettyRequestSender - Using open Channel [id: 0x333170aa, L:/127.0.0.1:65531 - R:localhost/127.0.0.1:51422] for POST '/session/8cadae880e3f7349228ddb870f3e35a3/url'
18:17:33.888 [AsyncHttpClient-1-4] DEBUG org.asynchttpclient.netty.handler.HttpHandler - 

Request DefaultHttpRequest(decodeResult: success, version: HTTP/1.1)
POST /session/8cadae880e3f7349228ddb870f3e35a3/url HTTP/1.1
User-Agent: selenium/4.1.2 (java windows)
Content-Length: 59
Content-Type: application/json; charset=utf-8
host: localhost:51422
accept: */*

Response DefaultHttpResponse(decodeResult: success, version: HTTP/1.1)
HTTP/1.1 200 OK
Content-Type: application/json; charset=utf-8
cache-control: no-cache
content-length: 14

18:17:33.888 [AsyncHttpClient-1-4] DEBUG org.asynchttpclient.netty.channel.ChannelManager - Adding key: http://localhost:51422 for channel [id: 0x333170aa, L:/127.0.0.1:65531 - R:localhost/127.0.0.1:51422]
18:17:33.891 [AsyncHttpClient-1-1] DEBUG org.asynchttpclient.netty.channel.DefaultChannelPool - Entry count for : http://localhost:51422 : 1
18:17:33.891 [Forwarding setTimeout on session 8cadae880e3f7349228ddb870f3e35a3 to remote] DEBUG org.asynchttpclient.netty.request.NettyRequestSender - Using pooled Channel '[id: 0x333170aa, L:/127.0.0.1:65531 - R:localhost/127.0.0.1:51422]' for 'POST' to 'http://localhost:51422/session/8cadae880e3f7349228ddb870f3e35a3/timeouts'
18:17:33.891 [AsyncHttpClient-1-1] DEBUG org.asynchttpclient.netty.channel.DefaultChannelPool - Entry count for : http://localhost:65532 : 1
18:17:33.891 [Forwarding setTimeout on session 8cadae880e3f7349228ddb870f3e35a3 to remote] DEBUG org.asynchttpclient.netty.request.NettyRequestSender - Using open Channel [id: 0x333170aa, L:/127.0.0.1:65531 - R:localhost/127.0.0.1:51422] for POST '/session/8cadae880e3f7349228ddb870f3e35a3/timeouts'
18:17:33.895 [AsyncHttpClient-1-4] DEBUG org.asynchttpclient.netty.handler.HttpHandler - 

Request DefaultHttpRequest(decodeResult: success, version: HTTP/1.1)
POST /session/8cadae880e3f7349228ddb870f3e35a3/timeouts HTTP/1.1
User-Agent: selenium/4.1.2 (java windows)
Content-Length: 22
Content-Type: application/json; charset=utf-8
host: localhost:51422
accept: */*

Response DefaultHttpResponse(decodeResult: success, version: HTTP/1.1)
HTTP/1.1 200 OK
Content-Type: application/json; charset=utf-8
cache-control: no-cache
content-length: 14

18:17:33.895 [AsyncHttpClient-1-4] DEBUG org.asynchttpclient.netty.channel.ChannelManager - Adding key: http://localhost:51422 for channel [id: 0x333170aa, L:/127.0.0.1:65531 - R:localhost/127.0.0.1:51422]
18:17:33.903 [Forwarding getCurrentUrl on session 8cadae880e3f7349228ddb870f3e35a3 to remote] DEBUG org.asynchttpclient.netty.request.NettyRequestSender - Using pooled Channel '[id: 0x333170aa, L:/127.0.0.1:65531 - R:localhost/127.0.0.1:51422]' for 'GET' to 'http://localhost:51422/session/8cadae880e3f7349228ddb870f3e35a3/url'
18:17:33.903 [Forwarding getCurrentUrl on session 8cadae880e3f7349228ddb870f3e35a3 to remote] DEBUG org.asynchttpclient.netty.request.NettyRequestSender - Using open Channel [id: 0x333170aa, L:/127.0.0.1:65531 - R:localhost/127.0.0.1:51422] for GET '/session/8cadae880e3f7349228ddb870f3e35a3/url'
18:17:33.921 [AsyncHttpClient-1-4] DEBUG org.asynchttpclient.netty.handler.HttpHandler - 

Request DefaultFullHttpRequest(decodeResult: success, version: HTTP/1.1, content: EmptyByteBufBE)
GET /session/8cadae880e3f7349228ddb870f3e35a3/url HTTP/1.1
User-Agent: selenium/4.1.2 (java windows)
Cache-Control: no-cache
Content-Type: application/json; charset=utf-8
host: localhost:51422
accept: */*

Response DefaultHttpResponse(decodeResult: success, version: HTTP/1.1)
HTTP/1.1 200 OK
Content-Type: application/json; charset=utf-8
cache-control: no-cache
content-length: 41

18:17:33.921 [AsyncHttpClient-1-4] DEBUG org.asynchttpclient.netty.channel.ChannelManager - Adding key: http://localhost:51422 for channel [id: 0x333170aa, L:/127.0.0.1:65531 - R:localhost/127.0.0.1:51422]
18:17:33.926 [Forwarding findElement on session 8cadae880e3f7349228ddb870f3e35a3 to remote] DEBUG org.asynchttpclient.netty.request.NettyRequestSender - Using pooled Channel '[id: 0x333170aa, L:/127.0.0.1:65531 - R:localhost/127.0.0.1:51422]' for 'POST' to 'http://localhost:51422/session/8cadae880e3f7349228ddb870f3e35a3/element'
18:17:33.926 [Forwarding findElement on session 8cadae880e3f7349228ddb870f3e35a3 to remote] DEBUG org.asynchttpclient.netty.request.NettyRequestSender - Using open Channel [id: 0x333170aa, L:/127.0.0.1:65531 - R:localhost/127.0.0.1:51422] for POST '/session/8cadae880e3f7349228ddb870f3e35a3/element'
18:17:33.949 [AsyncHttpClient-1-4] DEBUG org.asynchttpclient.netty.handler.HttpHandler - 

Request DefaultHttpRequest(decodeResult: success, version: HTTP/1.1)
POST /session/8cadae880e3f7349228ddb870f3e35a3/element HTTP/1.1
User-Agent: selenium/4.1.2 (java windows)
Content-Length: 77
Content-Type: application/json; charset=utf-8
host: localhost:51422
accept: */*

Response DefaultHttpResponse(decodeResult: success, version: HTTP/1.1)
HTTP/1.1 200 OK
Content-Type: application/json; charset=utf-8
cache-control: no-cache
content-length: 88

18:17:33.950 [AsyncHttpClient-1-4] DEBUG org.asynchttpclient.netty.channel.ChannelManager - Adding key: http://localhost:51422 for channel [id: 0x333170aa, L:/127.0.0.1:65531 - R:localhost/127.0.0.1:51422]
18:17:33.960 [Forwarding isElementDisplayed on session 8cadae880e3f7349228ddb870f3e35a3 to remote] DEBUG org.asynchttpclient.netty.request.NettyRequestSender - Using pooled Channel '[id: 0x333170aa, L:/127.0.0.1:65531 - R:localhost/127.0.0.1:51422]' for 'POST' to 'http://localhost:51422/session/8cadae880e3f7349228ddb870f3e35a3/execute/sync'
18:17:33.960 [Forwarding isElementDisplayed on session 8cadae880e3f7349228ddb870f3e35a3 to remote] DEBUG org.asynchttpclient.netty.request.NettyRequestSender - Using open Channel [id: 0x333170aa, L:/127.0.0.1:65531 - R:localhost/127.0.0.1:51422] for POST '/session/8cadae880e3f7349228ddb870f3e35a3/execute/sync'
18:17:33.985 [AsyncHttpClient-1-4] DEBUG org.asynchttpclient.netty.handler.HttpHandler - 

Request DefaultHttpRequest(decodeResult: success, version: HTTP/1.1)
POST /session/8cadae880e3f7349228ddb870f3e35a3/execute/sync HTTP/1.1
User-Agent: selenium/4.1.2 (java windows)
Content-Length: 48780
Content-Type: application/json; charset=utf-8
host: localhost:51422
accept: */*

Response DefaultHttpResponse(decodeResult: success, version: HTTP/1.1)
HTTP/1.1 200 OK
Content-Type: application/json; charset=utf-8
cache-control: no-cache
content-length: 14

18:17:33.985 [AsyncHttpClient-1-4] DEBUG org.asynchttpclient.netty.channel.ChannelManager - Adding key: http://localhost:51422 for channel [id: 0x333170aa, L:/127.0.0.1:65531 - R:localhost/127.0.0.1:51422]
  &amp#27;[32mGiven &amp#27;[0m&amp#27;[32mI am on the home page&amp#27;[0m         &amp#27;[90m# starter.stepdefinitions.LoginStepDefinition.iAmOnTheHomePage()&amp#27;[0m
18:17:33.991 [main] DEBUG net.serenitybdd.core.photography.Darkroom - Opening darkroom
18:17:33.992 [Forwarding screenshot on session 8cadae880e3f7349228ddb870f3e35a3 to remote] DEBUG org.asynchttpclient.netty.request.NettyRequestSender - Using pooled Channel '[id: 0x333170aa, L:/127.0.0.1:65531 - R:localhost/127.0.0.1:51422]' for 'GET' to 'http://localhost:51422/session/8cadae880e3f7349228ddb870f3e35a3/screenshot'
18:17:33.992 [Forwarding screenshot on session 8cadae880e3f7349228ddb870f3e35a3 to remote] DEBUG org.asynchttpclient.netty.request.NettyRequestSender - Using open Channel [id: 0x333170aa, L:/127.0.0.1:65531 - R:localhost/127.0.0.1:51422] for GET '/session/8cadae880e3f7349228ddb870f3e35a3/screenshot'
18:17:33.999 [Darkroom Processing Line] DEBUG net.serenitybdd.core.photography.DarkroomProcessingLine - Darkroom processing line starting up
18:17:34.269 [AsyncHttpClient-1-4] DEBUG org.asynchttpclient.netty.handler.HttpHandler - 

Request DefaultFullHttpRequest(decodeResult: success, version: HTTP/1.1, content: EmptyByteBufBE)
GET /session/8cadae880e3f7349228ddb870f3e35a3/screenshot HTTP/1.1
User-Agent: selenium/4.1.2 (java windows)
Cache-Control: no-cache
Content-Type: application/json; charset=utf-8
host: localhost:51422
accept: */*

Response DefaultHttpResponse(decodeResult: success, version: HTTP/1.1)
HTTP/1.1 200 OK
Content-Type: application/json; charset=utf-8
cache-control: no-cache
content-length: 34940

18:17:34.269 [AsyncHttpClient-1-4] DEBUG org.asynchttpclient.netty.channel.ChannelManager - Adding key: http://localhost:51422 for channel [id: 0x333170aa, L:/127.0.0.1:65531 - R:localhost/127.0.0.1:51422]
18:17:34.271 [main] DEBUG net.serenitybdd.core.photography.Darkroom - Send negative for processing for target\site\serenity\1c02dc9d90c142c604b3756fb807f15f286f3c0d824931737b70fba38df829f0.png
18:17:34.271 [Darkroom Processing Line] DEBUG net.serenitybdd.core.photography.DarkroomProcessingLine - Processing screenshot image in /var/screenshots/screenshot-18190578798514910836
18:17:34.271 [Darkroom Processing Line] DEBUG net.serenitybdd.core.photography.DarkroomProcessingLine - Saving screenshot to target\site\serenity\1c02dc9d90c142c604b3756fb807f15f286f3c0d824931737b70fba38df829f0.png
18:17:34.280 [Forwarding findElement on session 8cadae880e3f7349228ddb870f3e35a3 to remote] DEBUG org.asynchttpclient.netty.request.NettyRequestSender - Using pooled Channel '[id: 0x333170aa, L:/127.0.0.1:65531 - R:localhost/127.0.0.1:51422]' for 'POST' to 'http://localhost:51422/session/8cadae880e3f7349228ddb870f3e35a3/element'
18:17:34.280 [Forwarding findElement on session 8cadae880e3f7349228ddb870f3e35a3 to remote] DEBUG org.asynchttpclient.netty.request.NettyRequestSender - Using open Channel [id: 0x333170aa, L:/127.0.0.1:65531 - R:localhost/127.0.0.1:51422] for POST '/session/8cadae880e3f7349228ddb870f3e35a3/element'
18:17:34.293 [AsyncHttpClient-1-4] DEBUG org.asynchttpclient.netty.handler.HttpHandler - 

Request DefaultHttpRequest(decodeResult: success, version: HTTP/1.1)
POST /session/8cadae880e3f7349228ddb870f3e35a3/element HTTP/1.1
User-Agent: selenium/4.1.2 (java windows)
Content-Length: 97
Content-Type: application/json; charset=utf-8
host: localhost:51422
accept: */*

Response DefaultHttpResponse(decodeResult: success, version: HTTP/1.1)
HTTP/1.1 200 OK
Content-Type: application/json; charset=utf-8
cache-control: no-cache
content-length: 88

18:17:34.293 [AsyncHttpClient-1-4] DEBUG org.asynchttpclient.netty.channel.ChannelManager - Adding key: http://localhost:51422 for channel [id: 0x333170aa, L:/127.0.0.1:65531 - R:localhost/127.0.0.1:51422]
18:17:34.294 [Forwarding getElementTagName on session 8cadae880e3f7349228ddb870f3e35a3 to remote] DEBUG org.asynchttpclient.netty.request.NettyRequestSender - Using pooled Channel '[id: 0x333170aa, L:/127.0.0.1:65531 - R:localhost/127.0.0.1:51422]' for 'GET' to 'http://localhost:51422/session/8cadae880e3f7349228ddb870f3e35a3/element/a385a512-e1f1-4917-a90f-dd6b3d4506e8/name'
18:17:34.294 [Forwarding getElementTagName on session 8cadae880e3f7349228ddb870f3e35a3 to remote] DEBUG org.asynchttpclient.netty.request.NettyRequestSender - Using open Channel [id: 0x333170aa, L:/127.0.0.1:65531 - R:localhost/127.0.0.1:51422] for GET '/session/8cadae880e3f7349228ddb870f3e35a3/element/a385a512-e1f1-4917-a90f-dd6b3d4506e8/name'
18:17:34.298 [AsyncHttpClient-1-4] DEBUG org.asynchttpclient.netty.handler.HttpHandler - 

Request DefaultFullHttpRequest(decodeResult: success, version: HTTP/1.1, content: EmptyByteBufBE)
GET /session/8cadae880e3f7349228ddb870f3e35a3/element/a385a512-e1f1-4917-a90f-dd6b3d4506e8/name HTTP/1.1
User-Agent: selenium/4.1.2 (java windows)
Cache-Control: no-cache
Content-Type: application/json; charset=utf-8
host: localhost:51422
accept: */*

Response DefaultHttpResponse(decodeResult: success, version: HTTP/1.1)
HTTP/1.1 200 OK
Content-Type: application/json; charset=utf-8
cache-control: no-cache
content-length: 13

18:17:34.299 [AsyncHttpClient-1-4] DEBUG org.asynchttpclient.netty.channel.ChannelManager - Adding key: http://localhost:51422 for channel [id: 0x333170aa, L:/127.0.0.1:65531 - R:localhost/127.0.0.1:51422]
18:17:34.300 [Forwarding getElementTagName on session 8cadae880e3f7349228ddb870f3e35a3 to remote] DEBUG org.asynchttpclient.netty.request.NettyRequestSender - Using pooled Channel '[id: 0x333170aa, L:/127.0.0.1:65531 - R:localhost/127.0.0.1:51422]' for 'GET' to 'http://localhost:51422/session/8cadae880e3f7349228ddb870f3e35a3/element/a385a512-e1f1-4917-a90f-dd6b3d4506e8/name'
18:17:34.300 [Forwarding getElementTagName on session 8cadae880e3f7349228ddb870f3e35a3 to remote] DEBUG org.asynchttpclient.netty.request.NettyRequestSender - Using open Channel [id: 0x333170aa, L:/127.0.0.1:65531 - R:localhost/127.0.0.1:51422] for GET '/session/8cadae880e3f7349228ddb870f3e35a3/element/a385a512-e1f1-4917-a90f-dd6b3d4506e8/name'
18:17:34.305 [AsyncHttpClient-1-4] DEBUG org.asynchttpclient.netty.handler.HttpHandler - 

Request DefaultFullHttpRequest(decodeResult: success, version: HTTP/1.1, content: EmptyByteBufBE)
GET /session/8cadae880e3f7349228ddb870f3e35a3/element/a385a512-e1f1-4917-a90f-dd6b3d4506e8/name HTTP/1.1
User-Agent: selenium/4.1.2 (java windows)
Cache-Control: no-cache
Content-Type: application/json; charset=utf-8
host: localhost:51422
accept: */*

Response DefaultHttpResponse(decodeResult: success, version: HTTP/1.1)
HTTP/1.1 200 OK
Content-Type: application/json; charset=utf-8
cache-control: no-cache
content-length: 13

18:17:34.306 [AsyncHttpClient-1-4] DEBUG org.asynchttpclient.netty.channel.ChannelManager - Adding key: http://localhost:51422 for channel [id: 0x333170aa, L:/127.0.0.1:65531 - R:localhost/127.0.0.1:51422]
18:17:34.308 [Forwarding findElement on session 8cadae880e3f7349228ddb870f3e35a3 to remote] DEBUG org.asynchttpclient.netty.request.NettyRequestSender - Using pooled Channel '[id: 0x333170aa, L:/127.0.0.1:65531 - R:localhost/127.0.0.1:51422]' for 'POST' to 'http://localhost:51422/session/8cadae880e3f7349228ddb870f3e35a3/element'
18:17:34.308 [Forwarding findElement on session 8cadae880e3f7349228ddb870f3e35a3 to remote] DEBUG org.asynchttpclient.netty.request.NettyRequestSender - Using open Channel [id: 0x333170aa, L:/127.0.0.1:65531 - R:localhost/127.0.0.1:51422] for POST '/session/8cadae880e3f7349228ddb870f3e35a3/element'
18:17:34.315 [AsyncHttpClient-1-4] DEBUG org.asynchttpclient.netty.handler.HttpHandler - 

Request DefaultHttpRequest(decodeResult: success, version: HTTP/1.1)
POST /session/8cadae880e3f7349228ddb870f3e35a3/element HTTP/1.1
User-Agent: selenium/4.1.2 (java windows)
Content-Length: 97
Content-Type: application/json; charset=utf-8
host: localhost:51422
accept: */*

Response DefaultHttpResponse(decodeResult: success, version: HTTP/1.1)
HTTP/1.1 200 OK
Content-Type: application/json; charset=utf-8
cache-control: no-cache
content-length: 88

18:17:34.316 [AsyncHttpClient-1-4] DEBUG org.asynchttpclient.netty.channel.ChannelManager - Adding key: http://localhost:51422 for channel [id: 0x333170aa, L:/127.0.0.1:65531 - R:localhost/127.0.0.1:51422]
18:17:34.316 [Forwarding clickElement on session 8cadae880e3f7349228ddb870f3e35a3 to remote] DEBUG org.asynchttpclient.netty.request.NettyRequestSender - Using pooled Channel '[id: 0x333170aa, L:/127.0.0.1:65531 - R:localhost/127.0.0.1:51422]' for 'POST' to 'http://localhost:51422/session/8cadae880e3f7349228ddb870f3e35a3/element/a385a512-e1f1-4917-a90f-dd6b3d4506e8/click'
18:17:34.317 [Forwarding clickElement on session 8cadae880e3f7349228ddb870f3e35a3 to remote] DEBUG org.asynchttpclient.netty.request.NettyRequestSender - Using open Channel [id: 0x333170aa, L:/127.0.0.1:65531 - R:localhost/127.0.0.1:51422] for POST '/session/8cadae880e3f7349228ddb870f3e35a3/element/a385a512-e1f1-4917-a90f-dd6b3d4506e8/click'
18:17:34.349 [AsyncHttpClient-1-4] DEBUG org.asynchttpclient.netty.handler.HttpHandler - 

Request DefaultHttpRequest(decodeResult: success, version: HTTP/1.1)
POST /session/8cadae880e3f7349228ddb870f3e35a3/element/a385a512-e1f1-4917-a90f-dd6b3d4506e8/click HTTP/1.1
User-Agent: selenium/4.1.2 (java windows)
Content-Length: 50
Content-Type: application/json; charset=utf-8
host: localhost:51422
accept: */*

Response DefaultHttpResponse(decodeResult: success, version: HTTP/1.1)
HTTP/1.1 200 OK
Content-Type: application/json; charset=utf-8
cache-control: no-cache
content-length: 14

18:17:34.349 [AsyncHttpClient-1-4] DEBUG org.asynchttpclient.netty.channel.ChannelManager - Adding key: http://localhost:51422 for channel [id: 0x333170aa, L:/127.0.0.1:65531 - R:localhost/127.0.0.1:51422]
  &amp#27;[32mAnd &amp#27;[0m&amp#27;[32mI click login icon&amp#27;[0m              &amp#27;[90m# starter.stepdefinitions.LoginStepDefinition.iClickLoginIcon()&amp#27;[0m
18:17:34.363 [Forwarding screenshot on session 8cadae880e3f7349228ddb870f3e35a3 to remote] DEBUG org.asynchttpclient.netty.request.NettyRequestSender - Using pooled Channel '[id: 0x333170aa, L:/127.0.0.1:65531 - R:localhost/127.0.0.1:51422]' for 'GET' to 'http://localhost:51422/session/8cadae880e3f7349228ddb870f3e35a3/screenshot'
18:17:34.363 [Forwarding screenshot on session 8cadae880e3f7349228ddb870f3e35a3 to remote] DEBUG org.asynchttpclient.netty.request.NettyRequestSender - Using open Channel [id: 0x333170aa, L:/127.0.0.1:65531 - R:localhost/127.0.0.1:51422] for GET '/session/8cadae880e3f7349228ddb870f3e35a3/screenshot'
18:17:34.624 [AsyncHttpClient-1-4] DEBUG org.asynchttpclient.netty.handler.HttpHandler - 

Request DefaultFullHttpRequest(decodeResult: success, version: HTTP/1.1, content: EmptyByteBufBE)
GET /session/8cadae880e3f7349228ddb870f3e35a3/screenshot HTTP/1.1
User-Agent: selenium/4.1.2 (java windows)
Cache-Control: no-cache
Content-Type: application/json; charset=utf-8
host: localhost:51422
accept: */*

Response DefaultHttpResponse(decodeResult: success, version: HTTP/1.1)
HTTP/1.1 200 OK
Content-Type: application/json; charset=utf-8
cache-control: no-cache
content-length: 35064

18:17:34.624 [AsyncHttpClient-1-4] DEBUG org.asynchttpclient.netty.channel.ChannelManager - Adding key: http://localhost:51422 for channel [id: 0x333170aa, L:/127.0.0.1:65531 - R:localhost/127.0.0.1:51422]
18:17:34.626 [main] DEBUG net.serenitybdd.core.photography.Darkroom - Send negative for processing for target\site\serenity\72b114fb708c6b684a2eb6862a9b5ba0798539315f13e1788016b0c5405e28b4.png
18:17:34.627 [Darkroom Processing Line] DEBUG net.serenitybdd.core.photography.DarkroomProcessingLine - Processing screenshot image in /var/screenshots/screenshot-12974699286860905600
18:17:34.627 [Darkroom Processing Line] DEBUG net.serenitybdd.core.photography.DarkroomProcessingLine - Saving screenshot to target\site\serenity\72b114fb708c6b684a2eb6862a9b5ba0798539315f13e1788016b0c5405e28b4.png
18:17:34.631 [Forwarding findElement on session 8cadae880e3f7349228ddb870f3e35a3 to remote] DEBUG org.asynchttpclient.netty.request.NettyRequestSender - Using pooled Channel '[id: 0x333170aa, L:/127.0.0.1:65531 - R:localhost/127.0.0.1:51422]' for 'POST' to 'http://localhost:51422/session/8cadae880e3f7349228ddb870f3e35a3/element'
18:17:34.631 [Forwarding findElement on session 8cadae880e3f7349228ddb870f3e35a3 to remote] DEBUG org.asynchttpclient.netty.request.NettyRequestSender - Using open Channel [id: 0x333170aa, L:/127.0.0.1:65531 - R:localhost/127.0.0.1:51422] for POST '/session/8cadae880e3f7349228ddb870f3e35a3/element'
18:17:34.641 [AsyncHttpClient-1-4] DEBUG org.asynchttpclient.netty.handler.HttpHandler - 

Request DefaultHttpRequest(decodeResult: success, version: HTTP/1.1)
POST /session/8cadae880e3f7349228ddb870f3e35a3/element HTTP/1.1
User-Agent: selenium/4.1.2 (java windows)
Content-Length: 88
Content-Type: application/json; charset=utf-8
host: localhost:51422
accept: */*

Response DefaultHttpResponse(decodeResult: success, version: HTTP/1.1)
HTTP/1.1 200 OK
Content-Type: application/json; charset=utf-8
cache-control: no-cache
content-length: 88

18:17:34.641 [AsyncHttpClient-1-4] DEBUG org.asynchttpclient.netty.channel.ChannelManager - Adding key: http://localhost:51422 for channel [id: 0x333170aa, L:/127.0.0.1:65531 - R:localhost/127.0.0.1:51422]
18:17:34.643 [Forwarding clearElement on session 8cadae880e3f7349228ddb870f3e35a3 to remote] DEBUG org.asynchttpclient.netty.request.NettyRequestSender - Using pooled Channel '[id: 0x333170aa, L:/127.0.0.1:65531 - R:localhost/127.0.0.1:51422]' for 'POST' to 'http://localhost:51422/session/8cadae880e3f7349228ddb870f3e35a3/element/5c336230-7234-4910-889d-7f174db3254f/clear'
18:17:34.643 [Forwarding clearElement on session 8cadae880e3f7349228ddb870f3e35a3 to remote] DEBUG org.asynchttpclient.netty.request.NettyRequestSender - Using open Channel [id: 0x333170aa, L:/127.0.0.1:65531 - R:localhost/127.0.0.1:51422] for POST '/session/8cadae880e3f7349228ddb870f3e35a3/element/5c336230-7234-4910-889d-7f174db3254f/clear'
18:17:34.668 [AsyncHttpClient-1-4] DEBUG org.asynchttpclient.netty.handler.HttpHandler - 

Request DefaultHttpRequest(decodeResult: success, version: HTTP/1.1)
POST /session/8cadae880e3f7349228ddb870f3e35a3/element/5c336230-7234-4910-889d-7f174db3254f/clear HTTP/1.1
User-Agent: selenium/4.1.2 (java windows)
Content-Length: 50
Content-Type: application/json; charset=utf-8
host: localhost:51422
accept: */*

Response DefaultHttpResponse(decodeResult: success, version: HTTP/1.1)
HTTP/1.1 200 OK
Content-Type: application/json; charset=utf-8
cache-control: no-cache
content-length: 14

18:17:34.668 [AsyncHttpClient-1-4] DEBUG org.asynchttpclient.netty.channel.ChannelManager - Adding key: http://localhost:51422 for channel [id: 0x333170aa, L:/127.0.0.1:65531 - R:localhost/127.0.0.1:51422]
18:17:34.670 [Forwarding sendKeysToElement on session 8cadae880e3f7349228ddb870f3e35a3 to remote] DEBUG org.asynchttpclient.netty.request.NettyRequestSender - Using pooled Channel '[id: 0x333170aa, L:/127.0.0.1:65531 - R:localhost/127.0.0.1:51422]' for 'POST' to 'http://localhost:51422/session/8cadae880e3f7349228ddb870f3e35a3/element/5c336230-7234-4910-889d-7f174db3254f/value'
18:17:34.670 [Forwarding sendKeysToElement on session 8cadae880e3f7349228ddb870f3e35a3 to remote] DEBUG org.asynchttpclient.netty.request.NettyRequestSender - Using open Channel [id: 0x333170aa, L:/127.0.0.1:65531 - R:localhost/127.0.0.1:51422] for POST '/session/8cadae880e3f7349228ddb870f3e35a3/element/5c336230-7234-4910-889d-7f174db3254f/value'
18:17:34.700 [AsyncHttpClient-1-4] DEBUG org.asynchttpclient.netty.handler.HttpHandler - 

Request DefaultHttpRequest(decodeResult: success, version: HTTP/1.1)
POST /session/8cadae880e3f7349228ddb870f3e35a3/element/5c336230-7234-4910-889d-7f174db3254f/value HTTP/1.1
User-Agent: selenium/4.1.2 (java windows)
Content-Length: 82
Content-Type: application/json; charset=utf-8
host: localhost:51422
accept: */*

Response DefaultHttpResponse(decodeResult: success, version: HTTP/1.1)
HTTP/1.1 200 OK
Content-Type: application/json; charset=utf-8
cache-control: no-cache
content-length: 14

18:17:34.700 [AsyncHttpClient-1-4] DEBUG org.asynchttpclient.netty.channel.ChannelManager - Adding key: http://localhost:51422 for channel [id: 0x333170aa, L:/127.0.0.1:65531 - R:localhost/127.0.0.1:51422]
  &amp#27;[32mWhen &amp#27;[0m&amp#27;[32mI input &amp#27;[0m&amp#27;[32m&amp#27;[1m""&amp#27;[0m&amp#27;[32m email&amp#27;[0m               &amp#27;[90m# starter.stepdefinitions.LoginStepDefinition.iInputEmail(java.lang.String)&amp#27;[0m
18:17:34.710 [Forwarding screenshot on session 8cadae880e3f7349228ddb870f3e35a3 to remote] DEBUG org.asynchttpclient.netty.request.NettyRequestSender - Using pooled Channel '[id: 0x333170aa, L:/127.0.0.1:65531 - R:localhost/127.0.0.1:51422]' for 'GET' to 'http://localhost:51422/session/8cadae880e3f7349228ddb870f3e35a3/screenshot'
18:17:34.710 [Forwarding screenshot on session 8cadae880e3f7349228ddb870f3e35a3 to remote] DEBUG org.asynchttpclient.netty.request.NettyRequestSender - Using open Channel [id: 0x333170aa, L:/127.0.0.1:65531 - R:localhost/127.0.0.1:51422] for GET '/session/8cadae880e3f7349228ddb870f3e35a3/screenshot'
18:17:34.861 [AsyncHttpClient-1-4] DEBUG org.asynchttpclient.netty.handler.HttpHandler - 

Request DefaultFullHttpRequest(decodeResult: success, version: HTTP/1.1, content: EmptyByteBufBE)
GET /session/8cadae880e3f7349228ddb870f3e35a3/screenshot HTTP/1.1
User-Agent: selenium/4.1.2 (java windows)
Cache-Control: no-cache
Content-Type: application/json; charset=utf-8
host: localhost:51422
accept: */*

Response DefaultHttpResponse(decodeResult: success, version: HTTP/1.1)
HTTP/1.1 200 OK
Content-Type: application/json; charset=utf-8
cache-control: no-cache
content-length: 33820

18:17:34.861 [AsyncHttpClient-1-4] DEBUG org.asynchttpclient.netty.channel.ChannelManager - Adding key: http://localhost:51422 for channel [id: 0x333170aa, L:/127.0.0.1:65531 - R:localhost/127.0.0.1:51422]
18:17:34.862 [main] DEBUG net.serenitybdd.core.photography.Darkroom - Send negative for processing for target\site\serenity\ffc6d048f98c403987a6625afadbfad1f95db0fad6c36a23666ca7a48620a92a.png
18:17:34.863 [Darkroom Processing Line] DEBUG net.serenitybdd.core.photography.DarkroomProcessingLine - Processing screenshot image in /var/screenshots/screenshot-6628422467035250034
18:17:34.863 [Darkroom Processing Line] DEBUG net.serenitybdd.core.photography.DarkroomProcessingLine - Saving screenshot to target\site\serenity\ffc6d048f98c403987a6625afadbfad1f95db0fad6c36a23666ca7a48620a92a.png
18:17:34.868 [Forwarding findElement on session 8cadae880e3f7349228ddb870f3e35a3 to remote] DEBUG org.asynchttpclient.netty.request.NettyRequestSender - Using pooled Channel '[id: 0x333170aa, L:/127.0.0.1:65531 - R:localhost/127.0.0.1:51422]' for 'POST' to 'http://localhost:51422/session/8cadae880e3f7349228ddb870f3e35a3/element'
18:17:34.868 [Forwarding findElement on session 8cadae880e3f7349228ddb870f3e35a3 to remote] DEBUG org.asynchttpclient.netty.request.NettyRequestSender - Using open Channel [id: 0x333170aa, L:/127.0.0.1:65531 - R:localhost/127.0.0.1:51422] for POST '/session/8cadae880e3f7349228ddb870f3e35a3/element'
18:17:34.877 [AsyncHttpClient-1-4] DEBUG org.asynchttpclient.netty.handler.HttpHandler - 

Request DefaultHttpRequest(decodeResult: success, version: HTTP/1.1)
POST /session/8cadae880e3f7349228ddb870f3e35a3/element HTTP/1.1
User-Agent: selenium/4.1.2 (java windows)
Content-Length: 91
Content-Type: application/json; charset=utf-8
host: localhost:51422
accept: */*

Response DefaultHttpResponse(decodeResult: success, version: HTTP/1.1)
HTTP/1.1 200 OK
Content-Type: application/json; charset=utf-8
cache-control: no-cache
content-length: 88

18:17:34.877 [AsyncHttpClient-1-4] DEBUG org.asynchttpclient.netty.channel.ChannelManager - Adding key: http://localhost:51422 for channel [id: 0x333170aa, L:/127.0.0.1:65531 - R:localhost/127.0.0.1:51422]
18:17:34.878 [Forwarding clearElement on session 8cadae880e3f7349228ddb870f3e35a3 to remote] DEBUG org.asynchttpclient.netty.request.NettyRequestSender - Using pooled Channel '[id: 0x333170aa, L:/127.0.0.1:65531 - R:localhost/127.0.0.1:51422]' for 'POST' to 'http://localhost:51422/session/8cadae880e3f7349228ddb870f3e35a3/element/f9d3c257-8729-44a0-b5a8-1bec736a2121/clear'
18:17:34.878 [Forwarding clearElement on session 8cadae880e3f7349228ddb870f3e35a3 to remote] DEBUG org.asynchttpclient.netty.request.NettyRequestSender - Using open Channel [id: 0x333170aa, L:/127.0.0.1:65531 - R:localhost/127.0.0.1:51422] for POST '/session/8cadae880e3f7349228ddb870f3e35a3/element/f9d3c257-8729-44a0-b5a8-1bec736a2121/clear'
18:17:34.903 [AsyncHttpClient-1-4] DEBUG org.asynchttpclient.netty.handler.HttpHandler - 

Request DefaultHttpRequest(decodeResult: success, version: HTTP/1.1)
POST /session/8cadae880e3f7349228ddb870f3e35a3/element/f9d3c257-8729-44a0-b5a8-1bec736a2121/clear HTTP/1.1
User-Agent: selenium/4.1.2 (java windows)
Content-Length: 50
Content-Type: application/json; charset=utf-8
host: localhost:51422
accept: */*

Response DefaultHttpResponse(decodeResult: success, version: HTTP/1.1)
HTTP/1.1 200 OK
Content-Type: application/json; charset=utf-8
cache-control: no-cache
content-length: 14

18:17:34.903 [AsyncHttpClient-1-4] DEBUG org.asynchttpclient.netty.channel.ChannelManager - Adding key: http://localhost:51422 for channel [id: 0x333170aa, L:/127.0.0.1:65531 - R:localhost/127.0.0.1:51422]
18:17:34.904 [Forwarding sendKeysToElement on session 8cadae880e3f7349228ddb870f3e35a3 to remote] DEBUG org.asynchttpclient.netty.request.NettyRequestSender - Using pooled Channel '[id: 0x333170aa, L:/127.0.0.1:65531 - R:localhost/127.0.0.1:51422]' for 'POST' to 'http://localhost:51422/session/8cadae880e3f7349228ddb870f3e35a3/element/f9d3c257-8729-44a0-b5a8-1bec736a2121/value'
18:17:34.904 [Forwarding sendKeysToElement on session 8cadae880e3f7349228ddb870f3e35a3 to remote] DEBUG org.asynchttpclient.netty.request.NettyRequestSender - Using open Channel [id: 0x333170aa, L:/127.0.0.1:65531 - R:localhost/127.0.0.1:51422] for POST '/session/8cadae880e3f7349228ddb870f3e35a3/element/f9d3c257-8729-44a0-b5a8-1bec736a2121/value'
18:17:34.935 [AsyncHttpClient-1-4] DEBUG org.asynchttpclient.netty.handler.HttpHandler - 

Request DefaultHttpRequest(decodeResult: success, version: HTTP/1.1)
POST /session/8cadae880e3f7349228ddb870f3e35a3/element/f9d3c257-8729-44a0-b5a8-1bec736a2121/value HTTP/1.1
User-Agent: selenium/4.1.2 (java windows)
Content-Length: 82
Content-Type: application/json; charset=utf-8
host: localhost:51422
accept: */*

Response DefaultHttpResponse(decodeResult: success, version: HTTP/1.1)
HTTP/1.1 200 OK
Content-Type: application/json; charset=utf-8
cache-control: no-cache
content-length: 14

18:17:34.936 [AsyncHttpClient-1-4] DEBUG org.asynchttpclient.netty.channel.ChannelManager - Adding key: http://localhost:51422 for channel [id: 0x333170aa, L:/127.0.0.1:65531 - R:localhost/127.0.0.1:51422]
  &amp#27;[32mAnd &amp#27;[0m&amp#27;[32mI input &amp#27;[0m&amp#27;[32m&amp#27;[1m""&amp#27;[0m&amp#27;[32m password&amp#27;[0m             &amp#27;[90m# starter.stepdefinitions.LoginStepDefinition.iInputPassword(java.lang.String)&amp#27;[0m
18:17:34.944 [Forwarding screenshot on session 8cadae880e3f7349228ddb870f3e35a3 to remote] DEBUG org.asynchttpclient.netty.request.NettyRequestSender - Using pooled Channel '[id: 0x333170aa, L:/127.0.0.1:65531 - R:localhost/127.0.0.1:51422]' for 'GET' to 'http://localhost:51422/session/8cadae880e3f7349228ddb870f3e35a3/screenshot'
18:17:34.944 [Forwarding screenshot on session 8cadae880e3f7349228ddb870f3e35a3 to remote] DEBUG org.asynchttpclient.netty.request.NettyRequestSender - Using open Channel [id: 0x333170aa, L:/127.0.0.1:65531 - R:localhost/127.0.0.1:51422] for GET '/session/8cadae880e3f7349228ddb870f3e35a3/screenshot'
18:17:34.997 [AsyncHttpClient-1-1] DEBUG org.asynchttpclient.netty.channel.DefaultChannelPool - Entry count for : http://localhost:65532 : 1
18:17:35.097 [AsyncHttpClient-1-4] DEBUG org.asynchttpclient.netty.handler.HttpHandler - 

Request DefaultFullHttpRequest(decodeResult: success, version: HTTP/1.1, content: EmptyByteBufBE)
GET /session/8cadae880e3f7349228ddb870f3e35a3/screenshot HTTP/1.1
User-Agent: selenium/4.1.2 (java windows)
Cache-Control: no-cache
Content-Type: application/json; charset=utf-8
host: localhost:51422
accept: */*

Response DefaultHttpResponse(decodeResult: success, version: HTTP/1.1)
HTTP/1.1 200 OK
Content-Type: application/json; charset=utf-8
cache-control: no-cache
content-length: 33900

18:17:35.097 [AsyncHttpClient-1-4] DEBUG org.asynchttpclient.netty.channel.ChannelManager - Adding key: http://localhost:51422 for channel [id: 0x333170aa, L:/127.0.0.1:65531 - R:localhost/127.0.0.1:51422]
18:17:35.101 [main] DEBUG net.serenitybdd.core.photography.Darkroom - Send negative for processing for target\site\serenity\5ff5d72d45233fe080e4f9b12e1293989d58be7f6d996a996c4407eb61154c48.png
18:17:35.101 [Darkroom Processing Line] DEBUG net.serenitybdd.core.photography.DarkroomProcessingLine - Processing screenshot image in /var/screenshots/screenshot-2656318962202652699
18:17:35.101 [Darkroom Processing Line] DEBUG net.serenitybdd.core.photography.DarkroomProcessingLine - Saving screenshot to target\site\serenity\5ff5d72d45233fe080e4f9b12e1293989d58be7f6d996a996c4407eb61154c48.png
18:17:35.109 [Forwarding findElement on session 8cadae880e3f7349228ddb870f3e35a3 to remote] DEBUG org.asynchttpclient.netty.request.NettyRequestSender - Using pooled Channel '[id: 0x333170aa, L:/127.0.0.1:65531 - R:localhost/127.0.0.1:51422]' for 'POST' to 'http://localhost:51422/session/8cadae880e3f7349228ddb870f3e35a3/element'
18:17:35.109 [Forwarding findElement on session 8cadae880e3f7349228ddb870f3e35a3 to remote] DEBUG org.asynchttpclient.netty.request.NettyRequestSender - Using open Channel [id: 0x333170aa, L:/127.0.0.1:65531 - R:localhost/127.0.0.1:51422] for POST '/session/8cadae880e3f7349228ddb870f3e35a3/element'
18:17:35.117 [AsyncHttpClient-1-4] DEBUG org.asynchttpclient.netty.handler.HttpHandler - 

Request DefaultHttpRequest(decodeResult: success, version: HTTP/1.1)
POST /session/8cadae880e3f7349228ddb870f3e35a3/element HTTP/1.1
User-Agent: selenium/4.1.2 (java windows)
Content-Length: 83
Content-Type: application/json; charset=utf-8
host: localhost:51422
accept: */*

Response DefaultHttpResponse(decodeResult: success, version: HTTP/1.1)
HTTP/1.1 200 OK
Content-Type: application/json; charset=utf-8
cache-control: no-cache
content-length: 88

18:17:35.117 [AsyncHttpClient-1-4] DEBUG org.asynchttpclient.netty.channel.ChannelManager - Adding key: http://localhost:51422 for channel [id: 0x333170aa, L:/127.0.0.1:65531 - R:localhost/127.0.0.1:51422]
18:17:35.119 [Forwarding getElementTagName on session 8cadae880e3f7349228ddb870f3e35a3 to remote] DEBUG org.asynchttpclient.netty.request.NettyRequestSender - Using pooled Channel '[id: 0x333170aa, L:/127.0.0.1:65531 - R:localhost/127.0.0.1:51422]' for 'GET' to 'http://localhost:51422/session/8cadae880e3f7349228ddb870f3e35a3/element/8780fb0f-154d-4248-b8d4-c4047b8dbf7f/name'
18:17:35.119 [Forwarding getElementTagName on session 8cadae880e3f7349228ddb870f3e35a3 to remote] DEBUG org.asynchttpclient.netty.request.NettyRequestSender - Using open Channel [id: 0x333170aa, L:/127.0.0.1:65531 - R:localhost/127.0.0.1:51422] for GET '/session/8cadae880e3f7349228ddb870f3e35a3/element/8780fb0f-154d-4248-b8d4-c4047b8dbf7f/name'
18:17:35.124 [AsyncHttpClient-1-4] DEBUG org.asynchttpclient.netty.handler.HttpHandler - 

Request DefaultFullHttpRequest(decodeResult: success, version: HTTP/1.1, content: EmptyByteBufBE)
GET /session/8cadae880e3f7349228ddb870f3e35a3/element/8780fb0f-154d-4248-b8d4-c4047b8dbf7f/name HTTP/1.1
User-Agent: selenium/4.1.2 (java windows)
Cache-Control: no-cache
Content-Type: application/json; charset=utf-8
host: localhost:51422
accept: */*

Response DefaultHttpResponse(decodeResult: success, version: HTTP/1.1)
HTTP/1.1 200 OK
Content-Type: application/json; charset=utf-8
cache-control: no-cache
content-length: 16

18:17:35.124 [AsyncHttpClient-1-4] DEBUG org.asynchttpclient.netty.channel.ChannelManager - Adding key: http://localhost:51422 for channel [id: 0x333170aa, L:/127.0.0.1:65531 - R:localhost/127.0.0.1:51422]
18:17:35.125 [Forwarding getElementTagName on session 8cadae880e3f7349228ddb870f3e35a3 to remote] DEBUG org.asynchttpclient.netty.request.NettyRequestSender - Using pooled Channel '[id: 0x333170aa, L:/127.0.0.1:65531 - R:localhost/127.0.0.1:51422]' for 'GET' to 'http://localhost:51422/session/8cadae880e3f7349228ddb870f3e35a3/element/8780fb0f-154d-4248-b8d4-c4047b8dbf7f/name'
18:17:35.125 [Forwarding getElementTagName on session 8cadae880e3f7349228ddb870f3e35a3 to remote] DEBUG org.asynchttpclient.netty.request.NettyRequestSender - Using open Channel [id: 0x333170aa, L:/127.0.0.1:65531 - R:localhost/127.0.0.1:51422] for GET '/session/8cadae880e3f7349228ddb870f3e35a3/element/8780fb0f-154d-4248-b8d4-c4047b8dbf7f/name'
18:17:35.128 [AsyncHttpClient-1-4] DEBUG org.asynchttpclient.netty.handler.HttpHandler - 

Request DefaultFullHttpRequest(decodeResult: success, version: HTTP/1.1, content: EmptyByteBufBE)
GET /session/8cadae880e3f7349228ddb870f3e35a3/element/8780fb0f-154d-4248-b8d4-c4047b8dbf7f/name HTTP/1.1
User-Agent: selenium/4.1.2 (java windows)
Cache-Control: no-cache
Content-Type: application/json; charset=utf-8
host: localhost:51422
accept: */*

Response DefaultHttpResponse(decodeResult: success, version: HTTP/1.1)
HTTP/1.1 200 OK
Content-Type: application/json; charset=utf-8
cache-control: no-cache
content-length: 16

18:17:35.129 [AsyncHttpClient-1-4] DEBUG org.asynchttpclient.netty.channel.ChannelManager - Adding key: http://localhost:51422 for channel [id: 0x333170aa, L:/127.0.0.1:65531 - R:localhost/127.0.0.1:51422]
18:17:35.130 [Forwarding findElement on session 8cadae880e3f7349228ddb870f3e35a3 to remote] DEBUG org.asynchttpclient.netty.request.NettyRequestSender - Using pooled Channel '[id: 0x333170aa, L:/127.0.0.1:65531 - R:localhost/127.0.0.1:51422]' for 'POST' to 'http://localhost:51422/session/8cadae880e3f7349228ddb870f3e35a3/element'
18:17:35.130 [Forwarding findElement on session 8cadae880e3f7349228ddb870f3e35a3 to remote] DEBUG org.asynchttpclient.netty.request.NettyRequestSender - Using open Channel [id: 0x333170aa, L:/127.0.0.1:65531 - R:localhost/127.0.0.1:51422] for POST '/session/8cadae880e3f7349228ddb870f3e35a3/element'
18:17:35.136 [AsyncHttpClient-1-4] DEBUG org.asynchttpclient.netty.handler.HttpHandler - 

Request DefaultHttpRequest(decodeResult: success, version: HTTP/1.1)
POST /session/8cadae880e3f7349228ddb870f3e35a3/element HTTP/1.1
User-Agent: selenium/4.1.2 (java windows)
Content-Length: 83
Content-Type: application/json; charset=utf-8
host: localhost:51422
accept: */*

Response DefaultHttpResponse(decodeResult: success, version: HTTP/1.1)
HTTP/1.1 200 OK
Content-Type: application/json; charset=utf-8
cache-control: no-cache
content-length: 88

18:17:35.136 [AsyncHttpClient-1-4] DEBUG org.asynchttpclient.netty.channel.ChannelManager - Adding key: http://localhost:51422 for channel [id: 0x333170aa, L:/127.0.0.1:65531 - R:localhost/127.0.0.1:51422]
18:17:35.137 [Forwarding clickElement on session 8cadae880e3f7349228ddb870f3e35a3 to remote] DEBUG org.asynchttpclient.netty.request.NettyRequestSender - Using pooled Channel '[id: 0x333170aa, L:/127.0.0.1:65531 - R:localhost/127.0.0.1:51422]' for 'POST' to 'http://localhost:51422/session/8cadae880e3f7349228ddb870f3e35a3/element/8780fb0f-154d-4248-b8d4-c4047b8dbf7f/click'
18:17:35.137 [Forwarding clickElement on session 8cadae880e3f7349228ddb870f3e35a3 to remote] DEBUG org.asynchttpclient.netty.request.NettyRequestSender - Using open Channel [id: 0x333170aa, L:/127.0.0.1:65531 - R:localhost/127.0.0.1:51422] for POST '/session/8cadae880e3f7349228ddb870f3e35a3/element/8780fb0f-154d-4248-b8d4-c4047b8dbf7f/click'
18:17:35.178 [AsyncHttpClient-1-4] DEBUG org.asynchttpclient.netty.handler.HttpHandler - 

Request DefaultHttpRequest(decodeResult: success, version: HTTP/1.1)
POST /session/8cadae880e3f7349228ddb870f3e35a3/element/8780fb0f-154d-4248-b8d4-c4047b8dbf7f/click HTTP/1.1
User-Agent: selenium/4.1.2 (java windows)
Content-Length: 50
Content-Type: application/json; charset=utf-8
host: localhost:51422
accept: */*

Response DefaultHttpResponse(decodeResult: success, version: HTTP/1.1)
HTTP/1.1 200 OK
Content-Type: application/json; charset=utf-8
cache-control: no-cache
content-length: 14

18:17:35.178 [AsyncHttpClient-1-4] DEBUG org.asynchttpclient.netty.channel.ChannelManager - Adding key: http://localhost:51422 for channel [id: 0x333170aa, L:/127.0.0.1:65531 - R:localhost/127.0.0.1:51422]
  &amp#27;[32mAnd &amp#27;[0m&amp#27;[32mI click Login button&amp#27;[0m            &amp#27;[90m# starter.stepdefinitions.LoginStepDefinition.iClickLoginButton()&amp#27;[0m
18:17:35.182 [Forwarding screenshot on session 8cadae880e3f7349228ddb870f3e35a3 to remote] DEBUG org.asynchttpclient.netty.request.NettyRequestSender - Using pooled Channel '[id: 0x333170aa, L:/127.0.0.1:65531 - R:localhost/127.0.0.1:51422]' for 'GET' to 'http://localhost:51422/session/8cadae880e3f7349228ddb870f3e35a3/screenshot'
18:17:35.182 [Forwarding screenshot on session 8cadae880e3f7349228ddb870f3e35a3 to remote] DEBUG org.asynchttpclient.netty.request.NettyRequestSender - Using open Channel [id: 0x333170aa, L:/127.0.0.1:65531 - R:localhost/127.0.0.1:51422] for GET '/session/8cadae880e3f7349228ddb870f3e35a3/screenshot'
18:17:35.344 [AsyncHttpClient-1-4] DEBUG org.asynchttpclient.netty.handler.HttpHandler - 

Request DefaultFullHttpRequest(decodeResult: success, version: HTTP/1.1, content: EmptyByteBufBE)
GET /session/8cadae880e3f7349228ddb870f3e35a3/screenshot HTTP/1.1
User-Agent: selenium/4.1.2 (java windows)
Cache-Control: no-cache
Content-Type: application/json; charset=utf-8
host: localhost:51422
accept: */*

Response DefaultHttpResponse(decodeResult: success, version: HTTP/1.1)
HTTP/1.1 200 OK
Content-Type: application/json; charset=utf-8
cache-control: no-cache
content-length: 34272

18:17:35.344 [AsyncHttpClient-1-4] DEBUG org.asynchttpclient.netty.channel.ChannelManager - Adding key: http://localhost:51422 for channel [id: 0x333170aa, L:/127.0.0.1:65531 - R:localhost/127.0.0.1:51422]
18:17:35.345 [main] DEBUG net.serenitybdd.core.photography.Darkroom - Send negative for processing for target\site\serenity\720de801af28dd128b358d215f6e425228080efd9d1230f158f14478c9e3e45f.png
18:17:35.346 [Darkroom Processing Line] DEBUG net.serenitybdd.core.photography.DarkroomProcessingLine - Processing screenshot image in /var/screenshots/screenshot-8522103622059224444
18:17:35.346 [Darkroom Processing Line] DEBUG net.serenitybdd.core.photography.DarkroomProcessingLine - Saving screenshot to target\site\serenity\720de801af28dd128b358d215f6e425228080efd9d1230f158f14478c9e3e45f.png
18:17:35.351 [Forwarding findElement on session 8cadae880e3f7349228ddb870f3e35a3 to remote] DEBUG org.asynchttpclient.netty.request.NettyRequestSender - Using pooled Channel '[id: 0x333170aa, L:/127.0.0.1:65531 - R:localhost/127.0.0.1:51422]' for 'POST' to 'http://localhost:51422/session/8cadae880e3f7349228ddb870f3e35a3/element'
18:17:35.351 [Forwarding findElement on session 8cadae880e3f7349228ddb870f3e35a3 to remote] DEBUG org.asynchttpclient.netty.request.NettyRequestSender - Using open Channel [id: 0x333170aa, L:/127.0.0.1:65531 - R:localhost/127.0.0.1:51422] for POST '/session/8cadae880e3f7349228ddb870f3e35a3/element'
18:17:36.089 [AsyncHttpClient-1-1] DEBUG org.asynchttpclient.netty.channel.DefaultChannelPool - Entry count for : http://localhost:65532 : 1
18:17:36.110 [AsyncHttpClient-1-4] DEBUG org.asynchttpclient.netty.handler.HttpHandler - 

Request DefaultHttpRequest(decodeResult: success, version: HTTP/1.1)
POST /session/8cadae880e3f7349228ddb870f3e35a3/element HTTP/1.1
User-Agent: selenium/4.1.2 (java windows)
Content-Length: 81
Content-Type: application/json; charset=utf-8
host: localhost:51422
accept: */*

Response DefaultHttpResponse(decodeResult: success, version: HTTP/1.1)
HTTP/1.1 200 OK
Content-Type: application/json; charset=utf-8
cache-control: no-cache
content-length: 88

18:17:36.110 [AsyncHttpClient-1-4] DEBUG org.asynchttpclient.netty.channel.ChannelManager - Adding key: http://localhost:51422 for channel [id: 0x333170aa, L:/127.0.0.1:65531 - R:localhost/127.0.0.1:51422]
18:17:36.115 [Forwarding isElementDisplayed on session 8cadae880e3f7349228ddb870f3e35a3 to remote] DEBUG org.asynchttpclient.netty.request.NettyRequestSender - Using pooled Channel '[id: 0x333170aa, L:/127.0.0.1:65531 - R:localhost/127.0.0.1:51422]' for 'POST' to 'http://localhost:51422/session/8cadae880e3f7349228ddb870f3e35a3/execute/sync'
18:17:36.115 [Forwarding isElementDisplayed on session 8cadae880e3f7349228ddb870f3e35a3 to remote] DEBUG org.asynchttpclient.netty.request.NettyRequestSender - Using open Channel [id: 0x333170aa, L:/127.0.0.1:65531 - R:localhost/127.0.0.1:51422] for POST '/session/8cadae880e3f7349228ddb870f3e35a3/execute/sync'
18:17:36.130 [AsyncHttpClient-1-4] DEBUG org.asynchttpclient.netty.handler.HttpHandler - 

Request DefaultHttpRequest(decodeResult: success, version: HTTP/1.1)
POST /session/8cadae880e3f7349228ddb870f3e35a3/execute/sync HTTP/1.1
User-Agent: selenium/4.1.2 (java windows)
Content-Length: 48780
Content-Type: application/json; charset=utf-8
host: localhost:51422
accept: */*

Response DefaultHttpResponse(decodeResult: success, version: HTTP/1.1)
HTTP/1.1 200 OK
Content-Type: application/json; charset=utf-8
cache-control: no-cache
content-length: 14

18:17:36.130 [AsyncHttpClient-1-4] DEBUG org.asynchttpclient.netty.channel.ChannelManager - Adding key: http://localhost:51422 for channel [id: 0x333170aa, L:/127.0.0.1:65531 - R:localhost/127.0.0.1:51422]
  &amp#27;[32mThen &amp#27;[0m&amp#27;[32mI will get the &amp#27;[0m&amp#27;[32m&amp#27;[1m"i can't login"&amp#27;[0m &amp#27;[90m# starter.stepdefinitions.LoginStepDefinition.iWillGetThe(java.lang.String)&amp#27;[0m
18:17:36.133 [Forwarding screenshot on session 8cadae880e3f7349228ddb870f3e35a3 to remote] DEBUG org.asynchttpclient.netty.request.NettyRequestSender - Using pooled Channel '[id: 0x333170aa, L:/127.0.0.1:65531 - R:localhost/127.0.0.1:51422]' for 'GET' to 'http://localhost:51422/session/8cadae880e3f7349228ddb870f3e35a3/screenshot'
18:17:36.133 [Forwarding screenshot on session 8cadae880e3f7349228ddb870f3e35a3 to remote] DEBUG org.asynchttpclient.netty.request.NettyRequestSender - Using open Channel [id: 0x333170aa, L:/127.0.0.1:65531 - R:localhost/127.0.0.1:51422] for GET '/session/8cadae880e3f7349228ddb870f3e35a3/screenshot'
18:17:36.326 [AsyncHttpClient-1-4] DEBUG org.asynchttpclient.netty.handler.HttpHandler - 

Request DefaultFullHttpRequest(decodeResult: success, version: HTTP/1.1, content: EmptyByteBufBE)
GET /session/8cadae880e3f7349228ddb870f3e35a3/screenshot HTTP/1.1
User-Agent: selenium/4.1.2 (java windows)
Cache-Control: no-cache
Content-Type: application/json; charset=utf-8
host: localhost:51422
accept: */*

Response DefaultHttpResponse(decodeResult: success, version: HTTP/1.1)
HTTP/1.1 200 OK
Content-Type: application/json; charset=utf-8
cache-control: no-cache
content-length: 37804

18:17:36.327 [AsyncHttpClient-1-4] DEBUG org.asynchttpclient.netty.channel.ChannelManager - Adding key: http://localhost:51422 for channel [id: 0x333170aa, L:/127.0.0.1:65531 - R:localhost/127.0.0.1:51422]
18:17:36.329 [main] DEBUG net.serenitybdd.core.photography.Darkroom - Send negative for processing for target\site\serenity\61fa76849613b52d63c7cbfccf91913025998989826ca0c40ea0aa848adaa37f.png
18:17:36.329 [Darkroom Processing Line] DEBUG net.serenitybdd.core.photography.DarkroomProcessingLine - Processing screenshot image in /var/screenshots/screenshot-9430468811812949156
18:17:36.329 [Darkroom Processing Line] DEBUG net.serenitybdd.core.photography.DarkroomProcessingLine - Saving screenshot to target\site\serenity\61fa76849613b52d63c7cbfccf91913025998989826ca0c40ea0aa848adaa37f.png
18:17:36.335 [AsyncHttpClient-1-6] DEBUG org.asynchttpclient.netty.handler.WebSocketHandler - Channel Closed: [id: 0x3bfcdca3, L:/127.0.0.1:49156 ! R:localhost/127.0.0.1:65532] with attribute NettyResponseFuture{currentRetry=5,
	isDone=1,
	isCancelled=0,
	asyncHandler=org.asynchttpclient.ws.WebSocketUpgradeHandler@6ba83a88,
	nettyRequest=org.asynchttpclient.netty.request.NettyRequest@3dee8576,
	future=java.util.concurrent.CompletableFuture@2f8a4d4[Completed normally],
	uri=ws://localhost:65532/devtools/browser/5222ff95-4868-4f34-b8a0-6c2a27082303,
	keepAlive=true,
	redirectCount=0,
	timeoutsHolder=null,
	inAuth=0,
	touch=1667560653016}
18:17:36.335 [AsyncHttpClient-1-6] DEBUG org.asynchttpclient.netty.channel.ChannelManager - Closing Channel [id: 0x3bfcdca3, L:/127.0.0.1:49156 ! R:localhost/127.0.0.1:65532] 
18:17:36.337 [Driver Command Executor] DEBUG org.asynchttpclient.netty.request.NettyRequestSender - Using pooled Channel '[id: 0x333170aa, L:/127.0.0.1:65531 - R:localhost/127.0.0.1:51422]' for 'DELETE' to 'http://localhost:51422/session/8cadae880e3f7349228ddb870f3e35a3'
18:17:36.337 [Driver Command Executor] DEBUG org.asynchttpclient.netty.request.NettyRequestSender - Using open Channel [id: 0x333170aa, L:/127.0.0.1:65531 - R:localhost/127.0.0.1:51422] for DELETE '/session/8cadae880e3f7349228ddb870f3e35a3'
18:17:36.452 [AsyncHttpClient-1-5] DEBUG org.asynchttpclient.netty.handler.HttpHandler - Unexpected I/O exception on channel [id: 0xa4aa888f, L:/127.0.0.1:49155 - R:localhost/127.0.0.1:65532]
java.io.IOException: An existing connection was forcibly closed by the remote host
	at java.base/sun.nio.ch.SocketDispatcher.read0(Native Method)
	at java.base/sun.nio.ch.SocketDispatcher.read(SocketDispatcher.java:43)
	at java.base/sun.nio.ch.IOUtil.readIntoNativeBuffer(IOUtil.java:276)
	at java.base/sun.nio.ch.IOUtil.read(IOUtil.java:233)
	at java.base/sun.nio.ch.IOUtil.read(IOUtil.java:223)
	at java.base/sun.nio.ch.SocketChannelImpl.read(SocketChannelImpl.java:358)
	at io.netty.buffer.PooledByteBuf.setBytes(PooledByteBuf.java:258)
	at io.netty.buffer.AbstractByteBuf.writeBytes(AbstractByteBuf.java:1132)
	at io.netty.channel.socket.nio.NioSocketChannel.doReadBytes(NioSocketChannel.java:350)
	at io.netty.channel.nio.AbstractNioByteChannel$NioByteUnsafe.read(AbstractNioByteChannel.java:151)
	at io.netty.channel.nio.NioEventLoop.processSelectedKey(NioEventLoop.java:722)
	at io.netty.channel.nio.NioEventLoop.processSelectedKeysOptimized(NioEventLoop.java:658)
	at io.netty.channel.nio.NioEventLoop.processSelectedKeys(NioEventLoop.java:584)
	at io.netty.channel.nio.NioEventLoop.run(NioEventLoop.java:496)
	at io.netty.util.concurrent.SingleThreadEventExecutor$4.run(SingleThreadEventExecutor.java:986)
	at io.netty.util.internal.ThreadExecutorMap$2.run(ThreadExecutorMap.java:74)
	at io.netty.util.concurrent.FastThreadLocalRunnable.run(FastThreadLocalRunnable.java:30)
	at java.base/java.lang.Thread.run(Thread.java:834)
18:17:36.452 [AsyncHttpClient-1-5] DEBUG org.asynchttpclient.netty.channel.ChannelManager - Closing Channel [id: 0xa4aa888f, L:/127.0.0.1:49155 - R:localhost/127.0.0.1:65532] 
18:17:36.453 [AsyncHttpClient-1-5] DEBUG org.asynchttpclient.netty.handler.HttpHandler - Channel Closed: [id: 0xa4aa888f, L:/127.0.0.1:49155 ! R:localhost/127.0.0.1:65532] with attribute DISCARD
18:17:36.469 [AsyncHttpClient-1-4] DEBUG org.asynchttpclient.netty.handler.HttpHandler - 

Request DefaultFullHttpRequest(decodeResult: success, version: HTTP/1.1, content: EmptyByteBufBE)
DELETE /session/8cadae880e3f7349228ddb870f3e35a3 HTTP/1.1
User-Agent: selenium/4.1.2 (java windows)
Content-Type: application/json; charset=utf-8
host: localhost:51422
accept: */*

Response DefaultHttpResponse(decodeResult: success, version: HTTP/1.1)
HTTP/1.1 200 OK
Content-Type: application/json; charset=utf-8
cache-control: no-cache
content-length: 14

18:17:36.469 [AsyncHttpClient-1-4] DEBUG org.asynchttpclient.netty.channel.ChannelManager - Adding key: http://localhost:51422 for channel [id: 0x333170aa, L:/127.0.0.1:65531 - R:localhost/127.0.0.1:51422]
18:17:36.508 [AsyncHttpClient-1-4] DEBUG org.asynchttpclient.netty.handler.HttpHandler - Channel Closed: [id: 0x333170aa, L:/127.0.0.1:65531 ! R:localhost/127.0.0.1:51422] with attribute DISCARD
18:17:36.538 [main] INFO  - 
  _____   ___   ___   _____     ___     _     ___   ___   ___   ___  
 |_   _| | __| / __| |_   _|   | _ \   /_\   / __| / __| | __| |   \ 
   | |   | _|  \__ \   | |     |  _/  / _ \  \__ \ \__ \ | _|  | |) |
   |_|   |___| |___/   |_|     |_|   /_/ \_\ |___/ |___/ |___| |___/ 

Login with account
----------------------------------------------------------------------
]]></system-out>
    <system-err><![CDATA[Starting ChromeDriver 107.0.5304.62 (1eec40d3a5764881c92085aaee66d25075c159aa-refs/branch-heads/5304@{#942}) on port 51422
Only local connections are allowed.
Please see https://chromedriver.chromium.org/security-considerations for suggestions on keeping ChromeDriver safe.
ChromeDriver was started successfully.
Nov 04, 2022 6:17:33 PM org.openqa.selenium.remote.ProtocolHandshake createSession
INFO: Detected dialect: W3C
Nov 04, 2022 6:17:33 PM org.openqa.selenium.devtools.CdpVersionFinder findNearestMatch
WARNING: Unable to find an exact match for CDP version 107, so returning the closest version found: a no-op implementation
Nov 04, 2022 6:17:33 PM org.openqa.selenium.devtools.CdpVersionFinder findNearestMatch
INFO: Unable to find CDP implementation matching 107.
Nov 04, 2022 6:17:33 PM org.openqa.selenium.chromium.ChromiumDriver lambda$new$3
WARNING: Unable to find version of CDP to use for . You may need to include a dependency on a specific version of the CDP using something similar to `org.seleniumhq.selenium:selenium-devtools-v86:4.1.2` where the version ("v86") matches the version of the chromium-based browser you're using and the version number of the artifact is the same as Selenium's.
]]></system-err>
  </testcase>
  <testcase name="Login with account #2" classname="Login" time="4.076">
    <system-out><![CDATA[
@Login
Scenario Outline: Login with account      &amp#27;[90m# src/test/resources/features/login.feature:17&amp#27;[0m
18:17:36.546 [main] INFO io.cucumber.core.plugin.SerenityReporter - Running feature from file:///D:/Ra/file%20kuliah/semester%207/resume%20alta/Mini%20Project/Web/AltaShop/src/test/resources/features/login.feature
18:17:36.562 [main] INFO net.serenitybdd.core.webdriver.driverproviders.ChromeDriverProvider - Using automatically driver download
18:17:36.706 [main] DEBUG io.github.bonigarcia.wdm.cache.ResolutionCache - Resolution chrome=107 in cache (valid until 18:54:29 04/11/2022 ICT)
18:17:36.709 [main] DEBUG io.github.bonigarcia.wdm.cache.ResolutionCache - Resolution chrome107=107.0.5304.62 in cache (valid until 17:54:29 05/11/2022 ICT)
18:17:36.710 [main] INFO io.github.bonigarcia.wdm.WebDriverManager - Using chromedriver 107.0.5304.62 (resolved driver for Chrome 107)
18:17:36.728 [main] DEBUG io.github.bonigarcia.wdm.WebDriverManager - Driver chromedriver 107.0.5304.62 found in cache
18:17:36.729 [main] INFO io.github.bonigarcia.wdm.WebDriverManager - Exporting webdriver.chrome.driver as C:\Users\rilaa\.cache\selenium\chromedriver\win32\107.0.5304.62\chromedriver.exe
18:17:36.811 [main] DEBUG net.serenitybdd.core.webdriver.driverproviders.ProvideNewDriver - Instantiating driver
18:17:36.811 [main] DEBUG net.serenitybdd.core.webdriver.driverproviders.ProvideNewDriver - Driver capabilities: Capabilities {acceptInsecureCerts: false, base.url: https://alta-shop.vercel.app, browserName: chrome, chrome.driver: src/test/resources/webdrive..., driver: chrome, goog:chromeOptions: {args: [], extensions: []}}
18:17:36.871 [AsyncHttpClient-1-7] DEBUG org.asynchttpclient.netty.channel.NettyConnectListener - Using new Channel '[id: 0xd9cc612d, L:/127.0.0.1:49172 - R:localhost/127.0.0.1:55584]' for 'POST' to '/session'
18:17:37.230 [AsyncHttpClient-1-1] DEBUG org.asynchttpclient.netty.channel.DefaultChannelPool - Entry count for : http://localhost:51422 : 1
18:17:37.230 [AsyncHttpClient-1-1] DEBUG org.asynchttpclient.netty.channel.DefaultChannelPool - Entry count for : http://localhost:65532 : 1
18:17:37.230 [AsyncHttpClient-1-1] DEBUG org.asynchttpclient.netty.channel.DefaultChannelPool - Adding Candidate expired Channel [id: 0x333170aa, L:/127.0.0.1:65531 ! R:localhost/127.0.0.1:51422] isIdleTimeoutExpired=false isRemotelyClosed=true isTtlExpired=false
18:17:37.230 [AsyncHttpClient-1-1] DEBUG org.asynchttpclient.netty.channel.DefaultChannelPool - Closing Idle Channel [id: 0x333170aa, L:/127.0.0.1:65531 ! R:localhost/127.0.0.1:51422]
18:17:37.230 [AsyncHttpClient-1-1] DEBUG org.asynchttpclient.netty.channel.DefaultChannelPool - Adding Candidate expired Channel [id: 0xa4aa888f, L:/127.0.0.1:49155 ! R:localhost/127.0.0.1:65532] isIdleTimeoutExpired=false isRemotelyClosed=true isTtlExpired=false
18:17:37.230 [AsyncHttpClient-1-1] DEBUG org.asynchttpclient.netty.channel.DefaultChannelPool - Closing Idle Channel [id: 0xa4aa888f, L:/127.0.0.1:49155 ! R:localhost/127.0.0.1:65532]
18:17:37.231 [AsyncHttpClient-1-1] DEBUG org.asynchttpclient.netty.channel.DefaultChannelPool - Closed 2 connections out of 2 in 1 ms
18:17:37.675 [AsyncHttpClient-1-7] DEBUG org.asynchttpclient.netty.handler.HttpHandler - 

Request DefaultHttpRequest(decodeResult: success, version: HTTP/1.1)
POST /session HTTP/1.1
User-Agent: selenium/4.1.2 (java windows)
Content-Length: 609
Content-Type: application/json; charset=utf-8
host: localhost:55584
accept: */*

Response DefaultHttpResponse(decodeResult: success, version: HTTP/1.1)
HTTP/1.1 200 OK
Content-Type: application/json; charset=utf-8
cache-control: no-cache
content-length: 789

18:17:37.676 [AsyncHttpClient-1-7] DEBUG org.asynchttpclient.netty.channel.ChannelManager - Adding key: http://localhost:55584 for channel [id: 0xd9cc612d, L:/127.0.0.1:49172 - R:localhost/127.0.0.1:55584]
18:17:37.683 [AsyncHttpClient-1-8] DEBUG org.asynchttpclient.netty.channel.NettyConnectListener - Using new Channel '[id: 0x1ca6eaa2, L:/127.0.0.1:49179 - R:localhost/127.0.0.1:49173]' for 'GET' to '/json/version'
18:17:37.684 [AsyncHttpClient-1-8] DEBUG org.asynchttpclient.netty.handler.HttpHandler - 

Request DefaultFullHttpRequest(decodeResult: success, version: HTTP/1.1, content: EmptyByteBufBE)
GET /json/version HTTP/1.1
User-Agent: selenium/4.1.2 (java windows)
host: localhost:49173
accept: */*

Response DefaultHttpResponse(decodeResult: success, version: HTTP/1.1)
HTTP/1.1 200 OK
Content-Type: application/json; charset=UTF-8
content-length: 423

18:17:37.684 [AsyncHttpClient-1-8] DEBUG org.asynchttpclient.netty.channel.ChannelManager - Adding key: http://localhost:49173 for channel [id: 0x1ca6eaa2, L:/127.0.0.1:49179 - R:localhost/127.0.0.1:49173]
18:17:37.686 [AsyncHttpClient-1-9] DEBUG org.asynchttpclient.netty.channel.NettyConnectListener - Using new Channel '[id: 0x2819bed3, L:/127.0.0.1:49180 - R:localhost/127.0.0.1:49173]' for 'GET' to '/devtools/browser/5fe07500-c8e1-418b-ab3d-9c5271b90b68'
18:17:37.687 [AsyncHttpClient-1-9] DEBUG org.asynchttpclient.netty.handler.WebSocketHandler - 

Request DefaultFullHttpRequest(decodeResult: success, version: HTTP/1.1, content: EmptyByteBufBE)
GET /devtools/browser/5fe07500-c8e1-418b-ab3d-9c5271b90b68 HTTP/1.1
upgrade: websocket
connection: upgrade
sec-websocket-key: gNz8Qd8elKXDVhDLclQ7fQ==
sec-websocket-version: 13
origin: http://localhost:49173
host: localhost:49173
accept: */*
user-agent: AHC/2.1

Response DefaultHttpResponse(decodeResult: success, version: HTTP/1.1)
HTTP/1.1 101 WebSocket Protocol Handshake
Upgrade: WebSocket
Connection: Upgrade
Sec-WebSocket-Accept: 0H0Wg1wdPKZf86vWoO/KQOf/u4c=

18:17:37.695 [Forwarding get on session f55b1a0bda4df6683586f6c631bf33e5 to remote] DEBUG org.asynchttpclient.netty.request.NettyRequestSender - Using pooled Channel '[id: 0xd9cc612d, L:/127.0.0.1:49172 - R:localhost/127.0.0.1:55584]' for 'POST' to 'http://localhost:55584/session/f55b1a0bda4df6683586f6c631bf33e5/url'
18:17:37.695 [Forwarding get on session f55b1a0bda4df6683586f6c631bf33e5 to remote] DEBUG org.asynchttpclient.netty.request.NettyRequestSender - Using open Channel [id: 0xd9cc612d, L:/127.0.0.1:49172 - R:localhost/127.0.0.1:55584] for POST '/session/f55b1a0bda4df6683586f6c631bf33e5/url'
18:17:38.316 [AsyncHttpClient-1-1] DEBUG org.asynchttpclient.netty.channel.DefaultChannelPool - Entry count for : http://localhost:49173 : 1
18:17:38.704 [AsyncHttpClient-1-7] DEBUG org.asynchttpclient.netty.handler.HttpHandler - 

Request DefaultHttpRequest(decodeResult: success, version: HTTP/1.1)
POST /session/f55b1a0bda4df6683586f6c631bf33e5/url HTTP/1.1
User-Agent: selenium/4.1.2 (java windows)
Content-Length: 59
Content-Type: application/json; charset=utf-8
host: localhost:55584
accept: */*

Response DefaultHttpResponse(decodeResult: success, version: HTTP/1.1)
HTTP/1.1 200 OK
Content-Type: application/json; charset=utf-8
cache-control: no-cache
content-length: 14

18:17:38.704 [AsyncHttpClient-1-7] DEBUG org.asynchttpclient.netty.channel.ChannelManager - Adding key: http://localhost:55584 for channel [id: 0xd9cc612d, L:/127.0.0.1:49172 - R:localhost/127.0.0.1:55584]
18:17:38.706 [Forwarding setTimeout on session f55b1a0bda4df6683586f6c631bf33e5 to remote] DEBUG org.asynchttpclient.netty.request.NettyRequestSender - Using pooled Channel '[id: 0xd9cc612d, L:/127.0.0.1:49172 - R:localhost/127.0.0.1:55584]' for 'POST' to 'http://localhost:55584/session/f55b1a0bda4df6683586f6c631bf33e5/timeouts'
18:17:38.706 [Forwarding setTimeout on session f55b1a0bda4df6683586f6c631bf33e5 to remote] DEBUG org.asynchttpclient.netty.request.NettyRequestSender - Using open Channel [id: 0xd9cc612d, L:/127.0.0.1:49172 - R:localhost/127.0.0.1:55584] for POST '/session/f55b1a0bda4df6683586f6c631bf33e5/timeouts'
18:17:38.715 [AsyncHttpClient-1-7] DEBUG org.asynchttpclient.netty.handler.HttpHandler - 

Request DefaultHttpRequest(decodeResult: success, version: HTTP/1.1)
POST /session/f55b1a0bda4df6683586f6c631bf33e5/timeouts HTTP/1.1
User-Agent: selenium/4.1.2 (java windows)
Content-Length: 22
Content-Type: application/json; charset=utf-8
host: localhost:55584
accept: */*

Response DefaultHttpResponse(decodeResult: success, version: HTTP/1.1)
HTTP/1.1 200 OK
Content-Type: application/json; charset=utf-8
cache-control: no-cache
content-length: 14

18:17:38.715 [AsyncHttpClient-1-7] DEBUG org.asynchttpclient.netty.channel.ChannelManager - Adding key: http://localhost:55584 for channel [id: 0xd9cc612d, L:/127.0.0.1:49172 - R:localhost/127.0.0.1:55584]
18:17:38.725 [Forwarding getCurrentUrl on session f55b1a0bda4df6683586f6c631bf33e5 to remote] DEBUG org.asynchttpclient.netty.request.NettyRequestSender - Using pooled Channel '[id: 0xd9cc612d, L:/127.0.0.1:49172 - R:localhost/127.0.0.1:55584]' for 'GET' to 'http://localhost:55584/session/f55b1a0bda4df6683586f6c631bf33e5/url'
18:17:38.725 [Forwarding getCurrentUrl on session f55b1a0bda4df6683586f6c631bf33e5 to remote] DEBUG org.asynchttpclient.netty.request.NettyRequestSender - Using open Channel [id: 0xd9cc612d, L:/127.0.0.1:49172 - R:localhost/127.0.0.1:55584] for GET '/session/f55b1a0bda4df6683586f6c631bf33e5/url'
18:17:38.739 [AsyncHttpClient-1-7] DEBUG org.asynchttpclient.netty.handler.HttpHandler - 

Request DefaultFullHttpRequest(decodeResult: success, version: HTTP/1.1, content: EmptyByteBufBE)
GET /session/f55b1a0bda4df6683586f6c631bf33e5/url HTTP/1.1
User-Agent: selenium/4.1.2 (java windows)
Cache-Control: no-cache
Content-Type: application/json; charset=utf-8
host: localhost:55584
accept: */*

Response DefaultHttpResponse(decodeResult: success, version: HTTP/1.1)
HTTP/1.1 200 OK
Content-Type: application/json; charset=utf-8
cache-control: no-cache
content-length: 41

18:17:38.739 [AsyncHttpClient-1-7] DEBUG org.asynchttpclient.netty.channel.ChannelManager - Adding key: http://localhost:55584 for channel [id: 0xd9cc612d, L:/127.0.0.1:49172 - R:localhost/127.0.0.1:55584]
18:17:38.743 [Forwarding findElement on session f55b1a0bda4df6683586f6c631bf33e5 to remote] DEBUG org.asynchttpclient.netty.request.NettyRequestSender - Using pooled Channel '[id: 0xd9cc612d, L:/127.0.0.1:49172 - R:localhost/127.0.0.1:55584]' for 'POST' to 'http://localhost:55584/session/f55b1a0bda4df6683586f6c631bf33e5/element'
18:17:38.744 [Forwarding findElement on session f55b1a0bda4df6683586f6c631bf33e5 to remote] DEBUG org.asynchttpclient.netty.request.NettyRequestSender - Using open Channel [id: 0xd9cc612d, L:/127.0.0.1:49172 - R:localhost/127.0.0.1:55584] for POST '/session/f55b1a0bda4df6683586f6c631bf33e5/element'
18:17:38.764 [AsyncHttpClient-1-7] DEBUG org.asynchttpclient.netty.handler.HttpHandler - 

Request DefaultHttpRequest(decodeResult: success, version: HTTP/1.1)
POST /session/f55b1a0bda4df6683586f6c631bf33e5/element HTTP/1.1
User-Agent: selenium/4.1.2 (java windows)
Content-Length: 77
Content-Type: application/json; charset=utf-8
host: localhost:55584
accept: */*

Response DefaultHttpResponse(decodeResult: success, version: HTTP/1.1)
HTTP/1.1 200 OK
Content-Type: application/json; charset=utf-8
cache-control: no-cache
content-length: 88

18:17:38.764 [AsyncHttpClient-1-7] DEBUG org.asynchttpclient.netty.channel.ChannelManager - Adding key: http://localhost:55584 for channel [id: 0xd9cc612d, L:/127.0.0.1:49172 - R:localhost/127.0.0.1:55584]
18:17:38.768 [Forwarding isElementDisplayed on session f55b1a0bda4df6683586f6c631bf33e5 to remote] DEBUG org.asynchttpclient.netty.request.NettyRequestSender - Using pooled Channel '[id: 0xd9cc612d, L:/127.0.0.1:49172 - R:localhost/127.0.0.1:55584]' for 'POST' to 'http://localhost:55584/session/f55b1a0bda4df6683586f6c631bf33e5/execute/sync'
18:17:38.768 [Forwarding isElementDisplayed on session f55b1a0bda4df6683586f6c631bf33e5 to remote] DEBUG org.asynchttpclient.netty.request.NettyRequestSender - Using open Channel [id: 0xd9cc612d, L:/127.0.0.1:49172 - R:localhost/127.0.0.1:55584] for POST '/session/f55b1a0bda4df6683586f6c631bf33e5/execute/sync'
18:17:38.797 [AsyncHttpClient-1-7] DEBUG org.asynchttpclient.netty.handler.HttpHandler - 

Request DefaultHttpRequest(decodeResult: success, version: HTTP/1.1)
POST /session/f55b1a0bda4df6683586f6c631bf33e5/execute/sync HTTP/1.1
User-Agent: selenium/4.1.2 (java windows)
Content-Length: 48780
Content-Type: application/json; charset=utf-8
host: localhost:55584
accept: */*

Response DefaultHttpResponse(decodeResult: success, version: HTTP/1.1)
HTTP/1.1 200 OK
Content-Type: application/json; charset=utf-8
cache-control: no-cache
content-length: 14

18:17:38.797 [AsyncHttpClient-1-7] DEBUG org.asynchttpclient.netty.channel.ChannelManager - Adding key: http://localhost:55584 for channel [id: 0xd9cc612d, L:/127.0.0.1:49172 - R:localhost/127.0.0.1:55584]
  &amp#27;[32mGiven &amp#27;[0m&amp#27;[32mI am on the home page&amp#27;[0m             &amp#27;[90m# starter.stepdefinitions.LoginStepDefinition.iAmOnTheHomePage()&amp#27;[0m
18:17:38.802 [Forwarding screenshot on session f55b1a0bda4df6683586f6c631bf33e5 to remote] DEBUG org.asynchttpclient.netty.request.NettyRequestSender - Using pooled Channel '[id: 0xd9cc612d, L:/127.0.0.1:49172 - R:localhost/127.0.0.1:55584]' for 'GET' to 'http://localhost:55584/session/f55b1a0bda4df6683586f6c631bf33e5/screenshot'
18:17:38.802 [Forwarding screenshot on session f55b1a0bda4df6683586f6c631bf33e5 to remote] DEBUG org.asynchttpclient.netty.request.NettyRequestSender - Using open Channel [id: 0xd9cc612d, L:/127.0.0.1:49172 - R:localhost/127.0.0.1:55584] for GET '/session/f55b1a0bda4df6683586f6c631bf33e5/screenshot'
18:17:39.000 [AsyncHttpClient-1-7] DEBUG org.asynchttpclient.netty.handler.HttpHandler - 

Request DefaultFullHttpRequest(decodeResult: success, version: HTTP/1.1, content: EmptyByteBufBE)
GET /session/f55b1a0bda4df6683586f6c631bf33e5/screenshot HTTP/1.1
User-Agent: selenium/4.1.2 (java windows)
Cache-Control: no-cache
Content-Type: application/json; charset=utf-8
host: localhost:55584
accept: */*

Response DefaultHttpResponse(decodeResult: success, version: HTTP/1.1)
HTTP/1.1 200 OK
Content-Type: application/json; charset=utf-8
cache-control: no-cache
content-length: 34720

18:17:39.001 [AsyncHttpClient-1-7] DEBUG org.asynchttpclient.netty.channel.ChannelManager - Adding key: http://localhost:55584 for channel [id: 0xd9cc612d, L:/127.0.0.1:49172 - R:localhost/127.0.0.1:55584]
18:17:39.003 [main] DEBUG net.serenitybdd.core.photography.Darkroom - Send negative for processing for target\site\serenity\decd6d9e64932b50cc2f554e75d79933da47cf23eb20efc0c48bc470fb1866f3.png
18:17:39.011 [Forwarding findElement on session f55b1a0bda4df6683586f6c631bf33e5 to remote] DEBUG org.asynchttpclient.netty.request.NettyRequestSender - Using pooled Channel '[id: 0xd9cc612d, L:/127.0.0.1:49172 - R:localhost/127.0.0.1:55584]' for 'POST' to 'http://localhost:55584/session/f55b1a0bda4df6683586f6c631bf33e5/element'
18:17:39.011 [Forwarding findElement on session f55b1a0bda4df6683586f6c631bf33e5 to remote] DEBUG org.asynchttpclient.netty.request.NettyRequestSender - Using open Channel [id: 0xd9cc612d, L:/127.0.0.1:49172 - R:localhost/127.0.0.1:55584] for POST '/session/f55b1a0bda4df6683586f6c631bf33e5/element'
18:17:39.022 [AsyncHttpClient-1-7] DEBUG org.asynchttpclient.netty.handler.HttpHandler - 

Request DefaultHttpRequest(decodeResult: success, version: HTTP/1.1)
POST /session/f55b1a0bda4df6683586f6c631bf33e5/element HTTP/1.1
User-Agent: selenium/4.1.2 (java windows)
Content-Length: 97
Content-Type: application/json; charset=utf-8
host: localhost:55584
accept: */*

Response DefaultHttpResponse(decodeResult: success, version: HTTP/1.1)
HTTP/1.1 200 OK
Content-Type: application/json; charset=utf-8
cache-control: no-cache
content-length: 88

18:17:39.022 [AsyncHttpClient-1-7] DEBUG org.asynchttpclient.netty.channel.ChannelManager - Adding key: http://localhost:55584 for channel [id: 0xd9cc612d, L:/127.0.0.1:49172 - R:localhost/127.0.0.1:55584]
18:17:39.024 [Forwarding getElementTagName on session f55b1a0bda4df6683586f6c631bf33e5 to remote] DEBUG org.asynchttpclient.netty.request.NettyRequestSender - Using pooled Channel '[id: 0xd9cc612d, L:/127.0.0.1:49172 - R:localhost/127.0.0.1:55584]' for 'GET' to 'http://localhost:55584/session/f55b1a0bda4df6683586f6c631bf33e5/element/e9db9120-d542-433a-9e0b-c1efa34e43f6/name'
18:17:39.024 [Forwarding getElementTagName on session f55b1a0bda4df6683586f6c631bf33e5 to remote] DEBUG org.asynchttpclient.netty.request.NettyRequestSender - Using open Channel [id: 0xd9cc612d, L:/127.0.0.1:49172 - R:localhost/127.0.0.1:55584] for GET '/session/f55b1a0bda4df6683586f6c631bf33e5/element/e9db9120-d542-433a-9e0b-c1efa34e43f6/name'
18:17:39.029 [AsyncHttpClient-1-7] DEBUG org.asynchttpclient.netty.handler.HttpHandler - 

Request DefaultFullHttpRequest(decodeResult: success, version: HTTP/1.1, content: EmptyByteBufBE)
GET /session/f55b1a0bda4df6683586f6c631bf33e5/element/e9db9120-d542-433a-9e0b-c1efa34e43f6/name HTTP/1.1
User-Agent: selenium/4.1.2 (java windows)
Cache-Control: no-cache
Content-Type: application/json; charset=utf-8
host: localhost:55584
accept: */*

Response DefaultHttpResponse(decodeResult: success, version: HTTP/1.1)
HTTP/1.1 200 OK
Content-Type: application/json; charset=utf-8
cache-control: no-cache
content-length: 13

18:17:39.029 [AsyncHttpClient-1-7] DEBUG org.asynchttpclient.netty.channel.ChannelManager - Adding key: http://localhost:55584 for channel [id: 0xd9cc612d, L:/127.0.0.1:49172 - R:localhost/127.0.0.1:55584]
18:17:39.030 [Forwarding getElementTagName on session f55b1a0bda4df6683586f6c631bf33e5 to remote] DEBUG org.asynchttpclient.netty.request.NettyRequestSender - Using pooled Channel '[id: 0xd9cc612d, L:/127.0.0.1:49172 - R:localhost/127.0.0.1:55584]' for 'GET' to 'http://localhost:55584/session/f55b1a0bda4df6683586f6c631bf33e5/element/e9db9120-d542-433a-9e0b-c1efa34e43f6/name'
18:17:39.030 [Forwarding getElementTagName on session f55b1a0bda4df6683586f6c631bf33e5 to remote] DEBUG org.asynchttpclient.netty.request.NettyRequestSender - Using open Channel [id: 0xd9cc612d, L:/127.0.0.1:49172 - R:localhost/127.0.0.1:55584] for GET '/session/f55b1a0bda4df6683586f6c631bf33e5/element/e9db9120-d542-433a-9e0b-c1efa34e43f6/name'
18:17:39.034 [AsyncHttpClient-1-7] DEBUG org.asynchttpclient.netty.handler.HttpHandler - 

Request DefaultFullHttpRequest(decodeResult: success, version: HTTP/1.1, content: EmptyByteBufBE)
GET /session/f55b1a0bda4df6683586f6c631bf33e5/element/e9db9120-d542-433a-9e0b-c1efa34e43f6/name HTTP/1.1
User-Agent: selenium/4.1.2 (java windows)
Cache-Control: no-cache
Content-Type: application/json; charset=utf-8
host: localhost:55584
accept: */*

Response DefaultHttpResponse(decodeResult: success, version: HTTP/1.1)
HTTP/1.1 200 OK
Content-Type: application/json; charset=utf-8
cache-control: no-cache
content-length: 13

18:17:39.034 [AsyncHttpClient-1-7] DEBUG org.asynchttpclient.netty.channel.ChannelManager - Adding key: http://localhost:55584 for channel [id: 0xd9cc612d, L:/127.0.0.1:49172 - R:localhost/127.0.0.1:55584]
18:17:39.035 [Forwarding findElement on session f55b1a0bda4df6683586f6c631bf33e5 to remote] DEBUG org.asynchttpclient.netty.request.NettyRequestSender - Using pooled Channel '[id: 0xd9cc612d, L:/127.0.0.1:49172 - R:localhost/127.0.0.1:55584]' for 'POST' to 'http://localhost:55584/session/f55b1a0bda4df6683586f6c631bf33e5/element'
18:17:39.035 [Forwarding findElement on session f55b1a0bda4df6683586f6c631bf33e5 to remote] DEBUG org.asynchttpclient.netty.request.NettyRequestSender - Using open Channel [id: 0xd9cc612d, L:/127.0.0.1:49172 - R:localhost/127.0.0.1:55584] for POST '/session/f55b1a0bda4df6683586f6c631bf33e5/element'
18:17:39.046 [AsyncHttpClient-1-7] DEBUG org.asynchttpclient.netty.handler.HttpHandler - 

Request DefaultHttpRequest(decodeResult: success, version: HTTP/1.1)
POST /session/f55b1a0bda4df6683586f6c631bf33e5/element HTTP/1.1
User-Agent: selenium/4.1.2 (java windows)
Content-Length: 97
Content-Type: application/json; charset=utf-8
host: localhost:55584
accept: */*

Response DefaultHttpResponse(decodeResult: success, version: HTTP/1.1)
HTTP/1.1 200 OK
Content-Type: application/json; charset=utf-8
cache-control: no-cache
content-length: 88

18:17:39.047 [AsyncHttpClient-1-7] DEBUG org.asynchttpclient.netty.channel.ChannelManager - Adding key: http://localhost:55584 for channel [id: 0xd9cc612d, L:/127.0.0.1:49172 - R:localhost/127.0.0.1:55584]
18:17:39.048 [Forwarding clickElement on session f55b1a0bda4df6683586f6c631bf33e5 to remote] DEBUG org.asynchttpclient.netty.request.NettyRequestSender - Using pooled Channel '[id: 0xd9cc612d, L:/127.0.0.1:49172 - R:localhost/127.0.0.1:55584]' for 'POST' to 'http://localhost:55584/session/f55b1a0bda4df6683586f6c631bf33e5/element/e9db9120-d542-433a-9e0b-c1efa34e43f6/click'
18:17:39.048 [Forwarding clickElement on session f55b1a0bda4df6683586f6c631bf33e5 to remote] DEBUG org.asynchttpclient.netty.request.NettyRequestSender - Using open Channel [id: 0xd9cc612d, L:/127.0.0.1:49172 - R:localhost/127.0.0.1:55584] for POST '/session/f55b1a0bda4df6683586f6c631bf33e5/element/e9db9120-d542-433a-9e0b-c1efa34e43f6/click'
18:17:39.083 [AsyncHttpClient-1-7] DEBUG org.asynchttpclient.netty.handler.HttpHandler - 

Request DefaultHttpRequest(decodeResult: success, version: HTTP/1.1)
POST /session/f55b1a0bda4df6683586f6c631bf33e5/element/e9db9120-d542-433a-9e0b-c1efa34e43f6/click HTTP/1.1
User-Agent: selenium/4.1.2 (java windows)
Content-Length: 50
Content-Type: application/json; charset=utf-8
host: localhost:55584
accept: */*

Response DefaultHttpResponse(decodeResult: success, version: HTTP/1.1)
HTTP/1.1 200 OK
Content-Type: application/json; charset=utf-8
cache-control: no-cache
content-length: 14

18:17:39.083 [AsyncHttpClient-1-7] DEBUG org.asynchttpclient.netty.channel.ChannelManager - Adding key: http://localhost:55584 for channel [id: 0xd9cc612d, L:/127.0.0.1:49172 - R:localhost/127.0.0.1:55584]
  &amp#27;[32mAnd &amp#27;[0m&amp#27;[32mI click login icon&amp#27;[0m                  &amp#27;[90m# starter.stepdefinitions.LoginStepDefinition.iClickLoginIcon()&amp#27;[0m
18:17:39.096 [Forwarding screenshot on session f55b1a0bda4df6683586f6c631bf33e5 to remote] DEBUG org.asynchttpclient.netty.request.NettyRequestSender - Using pooled Channel '[id: 0xd9cc612d, L:/127.0.0.1:49172 - R:localhost/127.0.0.1:55584]' for 'GET' to 'http://localhost:55584/session/f55b1a0bda4df6683586f6c631bf33e5/screenshot'
18:17:39.096 [Forwarding screenshot on session f55b1a0bda4df6683586f6c631bf33e5 to remote] DEBUG org.asynchttpclient.netty.request.NettyRequestSender - Using open Channel [id: 0xd9cc612d, L:/127.0.0.1:49172 - R:localhost/127.0.0.1:55584] for GET '/session/f55b1a0bda4df6683586f6c631bf33e5/screenshot'
18:17:39.342 [AsyncHttpClient-1-7] DEBUG org.asynchttpclient.netty.handler.HttpHandler - 

Request DefaultFullHttpRequest(decodeResult: success, version: HTTP/1.1, content: EmptyByteBufBE)
GET /session/f55b1a0bda4df6683586f6c631bf33e5/screenshot HTTP/1.1
User-Agent: selenium/4.1.2 (java windows)
Cache-Control: no-cache
Content-Type: application/json; charset=utf-8
host: localhost:55584
accept: */*

Response DefaultHttpResponse(decodeResult: success, version: HTTP/1.1)
HTTP/1.1 200 OK
Content-Type: application/json; charset=utf-8
cache-control: no-cache
content-length: 34928

18:17:39.342 [AsyncHttpClient-1-7] DEBUG org.asynchttpclient.netty.channel.ChannelManager - Adding key: http://localhost:55584 for channel [id: 0xd9cc612d, L:/127.0.0.1:49172 - R:localhost/127.0.0.1:55584]
18:17:39.343 [main] DEBUG net.serenitybdd.core.photography.Darkroom - Send negative for processing for target\site\serenity\3f5354c5ed8b49ee127d637dd0f635bead0a0c9302443986825f3006b89cfbef.png
18:17:39.344 [Darkroom Processing Line] DEBUG net.serenitybdd.core.photography.DarkroomProcessingLine - Processing screenshot image in /var/screenshots/screenshot-9208278408289432864
18:17:39.344 [Darkroom Processing Line] DEBUG net.serenitybdd.core.photography.DarkroomProcessingLine - Saving screenshot to target\site\serenity\3f5354c5ed8b49ee127d637dd0f635bead0a0c9302443986825f3006b89cfbef.png
18:17:39.351 [Forwarding findElement on session f55b1a0bda4df6683586f6c631bf33e5 to remote] DEBUG org.asynchttpclient.netty.request.NettyRequestSender - Using pooled Channel '[id: 0xd9cc612d, L:/127.0.0.1:49172 - R:localhost/127.0.0.1:55584]' for 'POST' to 'http://localhost:55584/session/f55b1a0bda4df6683586f6c631bf33e5/element'
18:17:39.351 [Forwarding findElement on session f55b1a0bda4df6683586f6c631bf33e5 to remote] DEBUG org.asynchttpclient.netty.request.NettyRequestSender - Using open Channel [id: 0xd9cc612d, L:/127.0.0.1:49172 - R:localhost/127.0.0.1:55584] for POST '/session/f55b1a0bda4df6683586f6c631bf33e5/element'
18:17:39.363 [AsyncHttpClient-1-7] DEBUG org.asynchttpclient.netty.handler.HttpHandler - 

Request DefaultHttpRequest(decodeResult: success, version: HTTP/1.1)
POST /session/f55b1a0bda4df6683586f6c631bf33e5/element HTTP/1.1
User-Agent: selenium/4.1.2 (java windows)
Content-Length: 88
Content-Type: application/json; charset=utf-8
host: localhost:55584
accept: */*

Response DefaultHttpResponse(decodeResult: success, version: HTTP/1.1)
HTTP/1.1 200 OK
Content-Type: application/json; charset=utf-8
cache-control: no-cache
content-length: 88

18:17:39.363 [AsyncHttpClient-1-7] DEBUG org.asynchttpclient.netty.channel.ChannelManager - Adding key: http://localhost:55584 for channel [id: 0xd9cc612d, L:/127.0.0.1:49172 - R:localhost/127.0.0.1:55584]
18:17:39.364 [Forwarding clearElement on session f55b1a0bda4df6683586f6c631bf33e5 to remote] DEBUG org.asynchttpclient.netty.request.NettyRequestSender - Using pooled Channel '[id: 0xd9cc612d, L:/127.0.0.1:49172 - R:localhost/127.0.0.1:55584]' for 'POST' to 'http://localhost:55584/session/f55b1a0bda4df6683586f6c631bf33e5/element/d38b1839-a566-443a-9fb2-f214f6669d79/clear'
18:17:39.364 [Forwarding clearElement on session f55b1a0bda4df6683586f6c631bf33e5 to remote] DEBUG org.asynchttpclient.netty.request.NettyRequestSender - Using open Channel [id: 0xd9cc612d, L:/127.0.0.1:49172 - R:localhost/127.0.0.1:55584] for POST '/session/f55b1a0bda4df6683586f6c631bf33e5/element/d38b1839-a566-443a-9fb2-f214f6669d79/clear'
18:17:39.387 [AsyncHttpClient-1-1] DEBUG org.asynchttpclient.netty.channel.DefaultChannelPool - Entry count for : http://localhost:49173 : 1
18:17:39.387 [AsyncHttpClient-1-7] DEBUG org.asynchttpclient.netty.handler.HttpHandler - 

Request DefaultHttpRequest(decodeResult: success, version: HTTP/1.1)
POST /session/f55b1a0bda4df6683586f6c631bf33e5/element/d38b1839-a566-443a-9fb2-f214f6669d79/clear HTTP/1.1
User-Agent: selenium/4.1.2 (java windows)
Content-Length: 50
Content-Type: application/json; charset=utf-8
host: localhost:55584
accept: */*

Response DefaultHttpResponse(decodeResult: success, version: HTTP/1.1)
HTTP/1.1 200 OK
Content-Type: application/json; charset=utf-8
cache-control: no-cache
content-length: 14

18:17:39.387 [AsyncHttpClient-1-7] DEBUG org.asynchttpclient.netty.channel.ChannelManager - Adding key: http://localhost:55584 for channel [id: 0xd9cc612d, L:/127.0.0.1:49172 - R:localhost/127.0.0.1:55584]
18:17:39.390 [Forwarding sendKeysToElement on session f55b1a0bda4df6683586f6c631bf33e5 to remote] DEBUG org.asynchttpclient.netty.request.NettyRequestSender - Using pooled Channel '[id: 0xd9cc612d, L:/127.0.0.1:49172 - R:localhost/127.0.0.1:55584]' for 'POST' to 'http://localhost:55584/session/f55b1a0bda4df6683586f6c631bf33e5/element/d38b1839-a566-443a-9fb2-f214f6669d79/value'
18:17:39.390 [Forwarding sendKeysToElement on session f55b1a0bda4df6683586f6c631bf33e5 to remote] DEBUG org.asynchttpclient.netty.request.NettyRequestSender - Using open Channel [id: 0xd9cc612d, L:/127.0.0.1:49172 - R:localhost/127.0.0.1:55584] for POST '/session/f55b1a0bda4df6683586f6c631bf33e5/element/d38b1839-a566-443a-9fb2-f214f6669d79/value'
18:17:39.491 [AsyncHttpClient-1-7] DEBUG org.asynchttpclient.netty.handler.HttpHandler - 

Request DefaultHttpRequest(decodeResult: success, version: HTTP/1.1)
POST /session/f55b1a0bda4df6683586f6c631bf33e5/element/d38b1839-a566-443a-9fb2-f214f6669d79/value HTTP/1.1
User-Agent: selenium/4.1.2 (java windows)
Content-Length: 261
Content-Type: application/json; charset=utf-8
host: localhost:55584
accept: */*

Response DefaultHttpResponse(decodeResult: success, version: HTTP/1.1)
HTTP/1.1 200 OK
Content-Type: application/json; charset=utf-8
cache-control: no-cache
content-length: 14

18:17:39.491 [AsyncHttpClient-1-7] DEBUG org.asynchttpclient.netty.channel.ChannelManager - Adding key: http://localhost:55584 for channel [id: 0xd9cc612d, L:/127.0.0.1:49172 - R:localhost/127.0.0.1:55584]
  &amp#27;[32mWhen &amp#27;[0m&amp#27;[32mI input &amp#27;[0m&amp#27;[32m&amp#27;[1m"rilaaarn@gmail.com"&amp#27;[0m&amp#27;[32m email&amp#27;[0m &amp#27;[90m# starter.stepdefinitions.LoginStepDefinition.iInputEmail(java.lang.String)&amp#27;[0m
18:17:39.499 [Forwarding screenshot on session f55b1a0bda4df6683586f6c631bf33e5 to remote] DEBUG org.asynchttpclient.netty.request.NettyRequestSender - Using pooled Channel '[id: 0xd9cc612d, L:/127.0.0.1:49172 - R:localhost/127.0.0.1:55584]' for 'GET' to 'http://localhost:55584/session/f55b1a0bda4df6683586f6c631bf33e5/screenshot'
18:17:39.499 [Forwarding screenshot on session f55b1a0bda4df6683586f6c631bf33e5 to remote] DEBUG org.asynchttpclient.netty.request.NettyRequestSender - Using open Channel [id: 0xd9cc612d, L:/127.0.0.1:49172 - R:localhost/127.0.0.1:55584] for GET '/session/f55b1a0bda4df6683586f6c631bf33e5/screenshot'
18:17:39.690 [AsyncHttpClient-1-7] DEBUG org.asynchttpclient.netty.handler.HttpHandler - 

Request DefaultFullHttpRequest(decodeResult: success, version: HTTP/1.1, content: EmptyByteBufBE)
GET /session/f55b1a0bda4df6683586f6c631bf33e5/screenshot HTTP/1.1
User-Agent: selenium/4.1.2 (java windows)
Cache-Control: no-cache
Content-Type: application/json; charset=utf-8
host: localhost:55584
accept: */*

Response DefaultHttpResponse(decodeResult: success, version: HTTP/1.1)
HTTP/1.1 200 OK
Content-Type: application/json; charset=utf-8
cache-control: no-cache
content-length: 38360

18:17:39.690 [AsyncHttpClient-1-7] DEBUG org.asynchttpclient.netty.channel.ChannelManager - Adding key: http://localhost:55584 for channel [id: 0xd9cc612d, L:/127.0.0.1:49172 - R:localhost/127.0.0.1:55584]
18:17:39.692 [main] DEBUG net.serenitybdd.core.photography.Darkroom - Send negative for processing for target\site\serenity\b9c2d32ebe9df3b5671598cff19a17db0385196b95a6a5d865be4f7d4ce9ced4.png
18:17:39.692 [Darkroom Processing Line] DEBUG net.serenitybdd.core.photography.DarkroomProcessingLine - Processing screenshot image in /var/screenshots/screenshot-17887589173667441260
18:17:39.692 [Darkroom Processing Line] DEBUG net.serenitybdd.core.photography.DarkroomProcessingLine - Saving screenshot to target\site\serenity\b9c2d32ebe9df3b5671598cff19a17db0385196b95a6a5d865be4f7d4ce9ced4.png
18:17:39.699 [Forwarding findElement on session f55b1a0bda4df6683586f6c631bf33e5 to remote] DEBUG org.asynchttpclient.netty.request.NettyRequestSender - Using pooled Channel '[id: 0xd9cc612d, L:/127.0.0.1:49172 - R:localhost/127.0.0.1:55584]' for 'POST' to 'http://localhost:55584/session/f55b1a0bda4df6683586f6c631bf33e5/element'
18:17:39.699 [Forwarding findElement on session f55b1a0bda4df6683586f6c631bf33e5 to remote] DEBUG org.asynchttpclient.netty.request.NettyRequestSender - Using open Channel [id: 0xd9cc612d, L:/127.0.0.1:49172 - R:localhost/127.0.0.1:55584] for POST '/session/f55b1a0bda4df6683586f6c631bf33e5/element'
18:17:39.710 [AsyncHttpClient-1-7] DEBUG org.asynchttpclient.netty.handler.HttpHandler - 

Request DefaultHttpRequest(decodeResult: success, version: HTTP/1.1)
POST /session/f55b1a0bda4df6683586f6c631bf33e5/element HTTP/1.1
User-Agent: selenium/4.1.2 (java windows)
Content-Length: 91
Content-Type: application/json; charset=utf-8
host: localhost:55584
accept: */*

Response DefaultHttpResponse(decodeResult: success, version: HTTP/1.1)
HTTP/1.1 200 OK
Content-Type: application/json; charset=utf-8
cache-control: no-cache
content-length: 88

18:17:39.710 [AsyncHttpClient-1-7] DEBUG org.asynchttpclient.netty.channel.ChannelManager - Adding key: http://localhost:55584 for channel [id: 0xd9cc612d, L:/127.0.0.1:49172 - R:localhost/127.0.0.1:55584]
18:17:39.711 [Forwarding clearElement on session f55b1a0bda4df6683586f6c631bf33e5 to remote] DEBUG org.asynchttpclient.netty.request.NettyRequestSender - Using pooled Channel '[id: 0xd9cc612d, L:/127.0.0.1:49172 - R:localhost/127.0.0.1:55584]' for 'POST' to 'http://localhost:55584/session/f55b1a0bda4df6683586f6c631bf33e5/element/c593fc38-89b6-4b3e-92c5-45b0a9ec194c/clear'
18:17:39.711 [Forwarding clearElement on session f55b1a0bda4df6683586f6c631bf33e5 to remote] DEBUG org.asynchttpclient.netty.request.NettyRequestSender - Using open Channel [id: 0xd9cc612d, L:/127.0.0.1:49172 - R:localhost/127.0.0.1:55584] for POST '/session/f55b1a0bda4df6683586f6c631bf33e5/element/c593fc38-89b6-4b3e-92c5-45b0a9ec194c/clear'
18:17:39.734 [AsyncHttpClient-1-7] DEBUG org.asynchttpclient.netty.handler.HttpHandler - 

Request DefaultHttpRequest(decodeResult: success, version: HTTP/1.1)
POST /session/f55b1a0bda4df6683586f6c631bf33e5/element/c593fc38-89b6-4b3e-92c5-45b0a9ec194c/clear HTTP/1.1
User-Agent: selenium/4.1.2 (java windows)
Content-Length: 50
Content-Type: application/json; charset=utf-8
host: localhost:55584
accept: */*

Response DefaultHttpResponse(decodeResult: success, version: HTTP/1.1)
HTTP/1.1 200 OK
Content-Type: application/json; charset=utf-8
cache-control: no-cache
content-length: 14

18:17:39.734 [AsyncHttpClient-1-7] DEBUG org.asynchttpclient.netty.channel.ChannelManager - Adding key: http://localhost:55584 for channel [id: 0xd9cc612d, L:/127.0.0.1:49172 - R:localhost/127.0.0.1:55584]
18:17:39.735 [Forwarding sendKeysToElement on session f55b1a0bda4df6683586f6c631bf33e5 to remote] DEBUG org.asynchttpclient.netty.request.NettyRequestSender - Using pooled Channel '[id: 0xd9cc612d, L:/127.0.0.1:49172 - R:localhost/127.0.0.1:55584]' for 'POST' to 'http://localhost:55584/session/f55b1a0bda4df6683586f6c631bf33e5/element/c593fc38-89b6-4b3e-92c5-45b0a9ec194c/value'
18:17:39.735 [Forwarding sendKeysToElement on session f55b1a0bda4df6683586f6c631bf33e5 to remote] DEBUG org.asynchttpclient.netty.request.NettyRequestSender - Using open Channel [id: 0xd9cc612d, L:/127.0.0.1:49172 - R:localhost/127.0.0.1:55584] for POST '/session/f55b1a0bda4df6683586f6c631bf33e5/element/c593fc38-89b6-4b3e-92c5-45b0a9ec194c/value'
18:17:39.817 [AsyncHttpClient-1-7] DEBUG org.asynchttpclient.netty.handler.HttpHandler - 

Request DefaultHttpRequest(decodeResult: success, version: HTTP/1.1)
POST /session/f55b1a0bda4df6683586f6c631bf33e5/element/c593fc38-89b6-4b3e-92c5-45b0a9ec194c/value HTTP/1.1
User-Agent: selenium/4.1.2 (java windows)
Content-Length: 221
Content-Type: application/json; charset=utf-8
host: localhost:55584
accept: */*

Response DefaultHttpResponse(decodeResult: success, version: HTTP/1.1)
HTTP/1.1 200 OK
Content-Type: application/json; charset=utf-8
cache-control: no-cache
content-length: 14

18:17:39.818 [AsyncHttpClient-1-7] DEBUG org.asynchttpclient.netty.channel.ChannelManager - Adding key: http://localhost:55584 for channel [id: 0xd9cc612d, L:/127.0.0.1:49172 - R:localhost/127.0.0.1:55584]
  &amp#27;[32mAnd &amp#27;[0m&amp#27;[32mI input &amp#27;[0m&amp#27;[32m&amp#27;[1m"Rilaafhrila15!"&amp#27;[0m&amp#27;[32m password&amp#27;[0m   &amp#27;[90m# starter.stepdefinitions.LoginStepDefinition.iInputPassword(java.lang.String)&amp#27;[0m
18:17:39.825 [Forwarding screenshot on session f55b1a0bda4df6683586f6c631bf33e5 to remote] DEBUG org.asynchttpclient.netty.request.NettyRequestSender - Using pooled Channel '[id: 0xd9cc612d, L:/127.0.0.1:49172 - R:localhost/127.0.0.1:55584]' for 'GET' to 'http://localhost:55584/session/f55b1a0bda4df6683586f6c631bf33e5/screenshot'
18:17:39.825 [Forwarding screenshot on session f55b1a0bda4df6683586f6c631bf33e5 to remote] DEBUG org.asynchttpclient.netty.request.NettyRequestSender - Using open Channel [id: 0xd9cc612d, L:/127.0.0.1:49172 - R:localhost/127.0.0.1:55584] for GET '/session/f55b1a0bda4df6683586f6c631bf33e5/screenshot'
18:17:40.051 [AsyncHttpClient-1-7] DEBUG org.asynchttpclient.netty.handler.HttpHandler - 

Request DefaultFullHttpRequest(decodeResult: success, version: HTTP/1.1, content: EmptyByteBufBE)
GET /session/f55b1a0bda4df6683586f6c631bf33e5/screenshot HTTP/1.1
User-Agent: selenium/4.1.2 (java windows)
Cache-Control: no-cache
Content-Type: application/json; charset=utf-8
host: localhost:55584
accept: */*

Response DefaultHttpResponse(decodeResult: success, version: HTTP/1.1)
HTTP/1.1 200 OK
Content-Type: application/json; charset=utf-8
cache-control: no-cache
content-length: 40500

18:17:40.051 [AsyncHttpClient-1-7] DEBUG org.asynchttpclient.netty.channel.ChannelManager - Adding key: http://localhost:55584 for channel [id: 0xd9cc612d, L:/127.0.0.1:49172 - R:localhost/127.0.0.1:55584]
18:17:40.053 [main] DEBUG net.serenitybdd.core.photography.Darkroom - Send negative for processing for target\site\serenity\2308dd44d4842939722eb5dc65e4a35698d8e274c41f31105a595a6a7c586e0d.png
18:17:40.053 [Darkroom Processing Line] DEBUG net.serenitybdd.core.photography.DarkroomProcessingLine - Processing screenshot image in /var/screenshots/screenshot-14689276507639744333
18:17:40.053 [Darkroom Processing Line] DEBUG net.serenitybdd.core.photography.DarkroomProcessingLine - Saving screenshot to target\site\serenity\2308dd44d4842939722eb5dc65e4a35698d8e274c41f31105a595a6a7c586e0d.png
18:17:40.062 [Forwarding findElement on session f55b1a0bda4df6683586f6c631bf33e5 to remote] DEBUG org.asynchttpclient.netty.request.NettyRequestSender - Using pooled Channel '[id: 0xd9cc612d, L:/127.0.0.1:49172 - R:localhost/127.0.0.1:55584]' for 'POST' to 'http://localhost:55584/session/f55b1a0bda4df6683586f6c631bf33e5/element'
18:17:40.062 [Forwarding findElement on session f55b1a0bda4df6683586f6c631bf33e5 to remote] DEBUG org.asynchttpclient.netty.request.NettyRequestSender - Using open Channel [id: 0xd9cc612d, L:/127.0.0.1:49172 - R:localhost/127.0.0.1:55584] for POST '/session/f55b1a0bda4df6683586f6c631bf33e5/element'
18:17:40.071 [AsyncHttpClient-1-7] DEBUG org.asynchttpclient.netty.handler.HttpHandler - 

Request DefaultHttpRequest(decodeResult: success, version: HTTP/1.1)
POST /session/f55b1a0bda4df6683586f6c631bf33e5/element HTTP/1.1
User-Agent: selenium/4.1.2 (java windows)
Content-Length: 83
Content-Type: application/json; charset=utf-8
host: localhost:55584
accept: */*

Response DefaultHttpResponse(decodeResult: success, version: HTTP/1.1)
HTTP/1.1 200 OK
Content-Type: application/json; charset=utf-8
cache-control: no-cache
content-length: 88

18:17:40.071 [AsyncHttpClient-1-7] DEBUG org.asynchttpclient.netty.channel.ChannelManager - Adding key: http://localhost:55584 for channel [id: 0xd9cc612d, L:/127.0.0.1:49172 - R:localhost/127.0.0.1:55584]
18:17:40.073 [Forwarding getElementTagName on session f55b1a0bda4df6683586f6c631bf33e5 to remote] DEBUG org.asynchttpclient.netty.request.NettyRequestSender - Using pooled Channel '[id: 0xd9cc612d, L:/127.0.0.1:49172 - R:localhost/127.0.0.1:55584]' for 'GET' to 'http://localhost:55584/session/f55b1a0bda4df6683586f6c631bf33e5/element/6c1d9340-cdc7-446a-b56b-0265db8894a3/name'
18:17:40.073 [Forwarding getElementTagName on session f55b1a0bda4df6683586f6c631bf33e5 to remote] DEBUG org.asynchttpclient.netty.request.NettyRequestSender - Using open Channel [id: 0xd9cc612d, L:/127.0.0.1:49172 - R:localhost/127.0.0.1:55584] for GET '/session/f55b1a0bda4df6683586f6c631bf33e5/element/6c1d9340-cdc7-446a-b56b-0265db8894a3/name'
18:17:40.077 [AsyncHttpClient-1-7] DEBUG org.asynchttpclient.netty.handler.HttpHandler - 

Request DefaultFullHttpRequest(decodeResult: success, version: HTTP/1.1, content: EmptyByteBufBE)
GET /session/f55b1a0bda4df6683586f6c631bf33e5/element/6c1d9340-cdc7-446a-b56b-0265db8894a3/name HTTP/1.1
User-Agent: selenium/4.1.2 (java windows)
Cache-Control: no-cache
Content-Type: application/json; charset=utf-8
host: localhost:55584
accept: */*

Response DefaultHttpResponse(decodeResult: success, version: HTTP/1.1)
HTTP/1.1 200 OK
Content-Type: application/json; charset=utf-8
cache-control: no-cache
content-length: 16

18:17:40.078 [AsyncHttpClient-1-7] DEBUG org.asynchttpclient.netty.channel.ChannelManager - Adding key: http://localhost:55584 for channel [id: 0xd9cc612d, L:/127.0.0.1:49172 - R:localhost/127.0.0.1:55584]
18:17:40.078 [Forwarding getElementTagName on session f55b1a0bda4df6683586f6c631bf33e5 to remote] DEBUG org.asynchttpclient.netty.request.NettyRequestSender - Using pooled Channel '[id: 0xd9cc612d, L:/127.0.0.1:49172 - R:localhost/127.0.0.1:55584]' for 'GET' to 'http://localhost:55584/session/f55b1a0bda4df6683586f6c631bf33e5/element/6c1d9340-cdc7-446a-b56b-0265db8894a3/name'
18:17:40.078 [Forwarding getElementTagName on session f55b1a0bda4df6683586f6c631bf33e5 to remote] DEBUG org.asynchttpclient.netty.request.NettyRequestSender - Using open Channel [id: 0xd9cc612d, L:/127.0.0.1:49172 - R:localhost/127.0.0.1:55584] for GET '/session/f55b1a0bda4df6683586f6c631bf33e5/element/6c1d9340-cdc7-446a-b56b-0265db8894a3/name'
18:17:40.082 [AsyncHttpClient-1-7] DEBUG org.asynchttpclient.netty.handler.HttpHandler - 

Request DefaultFullHttpRequest(decodeResult: success, version: HTTP/1.1, content: EmptyByteBufBE)
GET /session/f55b1a0bda4df6683586f6c631bf33e5/element/6c1d9340-cdc7-446a-b56b-0265db8894a3/name HTTP/1.1
User-Agent: selenium/4.1.2 (java windows)
Cache-Control: no-cache
Content-Type: application/json; charset=utf-8
host: localhost:55584
accept: */*

Response DefaultHttpResponse(decodeResult: success, version: HTTP/1.1)
HTTP/1.1 200 OK
Content-Type: application/json; charset=utf-8
cache-control: no-cache
content-length: 16

18:17:40.083 [AsyncHttpClient-1-7] DEBUG org.asynchttpclient.netty.channel.ChannelManager - Adding key: http://localhost:55584 for channel [id: 0xd9cc612d, L:/127.0.0.1:49172 - R:localhost/127.0.0.1:55584]
18:17:40.084 [Forwarding findElement on session f55b1a0bda4df6683586f6c631bf33e5 to remote] DEBUG org.asynchttpclient.netty.request.NettyRequestSender - Using pooled Channel '[id: 0xd9cc612d, L:/127.0.0.1:49172 - R:localhost/127.0.0.1:55584]' for 'POST' to 'http://localhost:55584/session/f55b1a0bda4df6683586f6c631bf33e5/element'
18:17:40.084 [Forwarding findElement on session f55b1a0bda4df6683586f6c631bf33e5 to remote] DEBUG org.asynchttpclient.netty.request.NettyRequestSender - Using open Channel [id: 0xd9cc612d, L:/127.0.0.1:49172 - R:localhost/127.0.0.1:55584] for POST '/session/f55b1a0bda4df6683586f6c631bf33e5/element'
18:17:40.090 [AsyncHttpClient-1-7] DEBUG org.asynchttpclient.netty.handler.HttpHandler - 

Request DefaultHttpRequest(decodeResult: success, version: HTTP/1.1)
POST /session/f55b1a0bda4df6683586f6c631bf33e5/element HTTP/1.1
User-Agent: selenium/4.1.2 (java windows)
Content-Length: 83
Content-Type: application/json; charset=utf-8
host: localhost:55584
accept: */*

Response DefaultHttpResponse(decodeResult: success, version: HTTP/1.1)
HTTP/1.1 200 OK
Content-Type: application/json; charset=utf-8
cache-control: no-cache
content-length: 88

18:17:40.090 [AsyncHttpClient-1-7] DEBUG org.asynchttpclient.netty.channel.ChannelManager - Adding key: http://localhost:55584 for channel [id: 0xd9cc612d, L:/127.0.0.1:49172 - R:localhost/127.0.0.1:55584]
18:17:40.091 [Forwarding clickElement on session f55b1a0bda4df6683586f6c631bf33e5 to remote] DEBUG org.asynchttpclient.netty.request.NettyRequestSender - Using pooled Channel '[id: 0xd9cc612d, L:/127.0.0.1:49172 - R:localhost/127.0.0.1:55584]' for 'POST' to 'http://localhost:55584/session/f55b1a0bda4df6683586f6c631bf33e5/element/6c1d9340-cdc7-446a-b56b-0265db8894a3/click'
18:17:40.091 [Forwarding clickElement on session f55b1a0bda4df6683586f6c631bf33e5 to remote] DEBUG org.asynchttpclient.netty.request.NettyRequestSender - Using open Channel [id: 0xd9cc612d, L:/127.0.0.1:49172 - R:localhost/127.0.0.1:55584] for POST '/session/f55b1a0bda4df6683586f6c631bf33e5/element/6c1d9340-cdc7-446a-b56b-0265db8894a3/click'
18:17:40.121 [AsyncHttpClient-1-7] DEBUG org.asynchttpclient.netty.handler.HttpHandler - 

Request DefaultHttpRequest(decodeResult: success, version: HTTP/1.1)
POST /session/f55b1a0bda4df6683586f6c631bf33e5/element/6c1d9340-cdc7-446a-b56b-0265db8894a3/click HTTP/1.1
User-Agent: selenium/4.1.2 (java windows)
Content-Length: 50
Content-Type: application/json; charset=utf-8
host: localhost:55584
accept: */*

Response DefaultHttpResponse(decodeResult: success, version: HTTP/1.1)
HTTP/1.1 200 OK
Content-Type: application/json; charset=utf-8
cache-control: no-cache
content-length: 14

18:17:40.121 [AsyncHttpClient-1-7] DEBUG org.asynchttpclient.netty.channel.ChannelManager - Adding key: http://localhost:55584 for channel [id: 0xd9cc612d, L:/127.0.0.1:49172 - R:localhost/127.0.0.1:55584]
  &amp#27;[32mAnd &amp#27;[0m&amp#27;[32mI click Login button&amp#27;[0m                &amp#27;[90m# starter.stepdefinitions.LoginStepDefinition.iClickLoginButton()&amp#27;[0m
18:17:40.127 [Forwarding screenshot on session f55b1a0bda4df6683586f6c631bf33e5 to remote] DEBUG org.asynchttpclient.netty.request.NettyRequestSender - Using pooled Channel '[id: 0xd9cc612d, L:/127.0.0.1:49172 - R:localhost/127.0.0.1:55584]' for 'GET' to 'http://localhost:55584/session/f55b1a0bda4df6683586f6c631bf33e5/screenshot'
18:17:40.127 [Forwarding screenshot on session f55b1a0bda4df6683586f6c631bf33e5 to remote] DEBUG org.asynchttpclient.netty.request.NettyRequestSender - Using open Channel [id: 0xd9cc612d, L:/127.0.0.1:49172 - R:localhost/127.0.0.1:55584] for GET '/session/f55b1a0bda4df6683586f6c631bf33e5/screenshot'
18:17:40.346 [AsyncHttpClient-1-7] DEBUG org.asynchttpclient.netty.handler.HttpHandler - 

Request DefaultFullHttpRequest(decodeResult: success, version: HTTP/1.1, content: EmptyByteBufBE)
GET /session/f55b1a0bda4df6683586f6c631bf33e5/screenshot HTTP/1.1
User-Agent: selenium/4.1.2 (java windows)
Cache-Control: no-cache
Content-Type: application/json; charset=utf-8
host: localhost:55584
accept: */*

Response DefaultHttpResponse(decodeResult: success, version: HTTP/1.1)
HTTP/1.1 200 OK
Content-Type: application/json; charset=utf-8
cache-control: no-cache
content-length: 39756

18:17:40.347 [AsyncHttpClient-1-7] DEBUG org.asynchttpclient.netty.channel.ChannelManager - Adding key: http://localhost:55584 for channel [id: 0xd9cc612d, L:/127.0.0.1:49172 - R:localhost/127.0.0.1:55584]
18:17:40.350 [main] DEBUG net.serenitybdd.core.photography.Darkroom - Send negative for processing for target\site\serenity\0ab8b478343fdf57d64b6daa1a32f9dad5fce8cab71850164956d7c657ec1d08.png
18:17:40.350 [Darkroom Processing Line] DEBUG net.serenitybdd.core.photography.DarkroomProcessingLine - Processing screenshot image in /var/screenshots/screenshot-16133650126578627456
18:17:40.350 [Darkroom Processing Line] DEBUG net.serenitybdd.core.photography.DarkroomProcessingLine - Saving screenshot to target\site\serenity\0ab8b478343fdf57d64b6daa1a32f9dad5fce8cab71850164956d7c657ec1d08.png
18:17:40.359 [Forwarding findElement on session f55b1a0bda4df6683586f6c631bf33e5 to remote] DEBUG org.asynchttpclient.netty.request.NettyRequestSender - Using pooled Channel '[id: 0xd9cc612d, L:/127.0.0.1:49172 - R:localhost/127.0.0.1:55584]' for 'POST' to 'http://localhost:55584/session/f55b1a0bda4df6683586f6c631bf33e5/element'
18:17:40.359 [Forwarding findElement on session f55b1a0bda4df6683586f6c631bf33e5 to remote] DEBUG org.asynchttpclient.netty.request.NettyRequestSender - Using open Channel [id: 0xd9cc612d, L:/127.0.0.1:49172 - R:localhost/127.0.0.1:55584] for POST '/session/f55b1a0bda4df6683586f6c631bf33e5/element'
18:17:40.366 [AsyncHttpClient-1-7] DEBUG org.asynchttpclient.netty.handler.HttpHandler - 

Request DefaultHttpRequest(decodeResult: success, version: HTTP/1.1)
POST /session/f55b1a0bda4df6683586f6c631bf33e5/element HTTP/1.1
User-Agent: selenium/4.1.2 (java windows)
Content-Length: 77
Content-Type: application/json; charset=utf-8
host: localhost:55584
accept: */*

Response DefaultHttpResponse(decodeResult: success, version: HTTP/1.1)
HTTP/1.1 200 OK
Content-Type: application/json; charset=utf-8
cache-control: no-cache
content-length: 88

18:17:40.367 [AsyncHttpClient-1-7] DEBUG org.asynchttpclient.netty.channel.ChannelManager - Adding key: http://localhost:55584 for channel [id: 0xd9cc612d, L:/127.0.0.1:49172 - R:localhost/127.0.0.1:55584]
18:17:40.370 [Forwarding isElementDisplayed on session f55b1a0bda4df6683586f6c631bf33e5 to remote] DEBUG org.asynchttpclient.netty.request.NettyRequestSender - Using pooled Channel '[id: 0xd9cc612d, L:/127.0.0.1:49172 - R:localhost/127.0.0.1:55584]' for 'POST' to 'http://localhost:55584/session/f55b1a0bda4df6683586f6c631bf33e5/execute/sync'
18:17:40.370 [Forwarding isElementDisplayed on session f55b1a0bda4df6683586f6c631bf33e5 to remote] DEBUG org.asynchttpclient.netty.request.NettyRequestSender - Using open Channel [id: 0xd9cc612d, L:/127.0.0.1:49172 - R:localhost/127.0.0.1:55584] for POST '/session/f55b1a0bda4df6683586f6c631bf33e5/execute/sync'
18:17:40.387 [AsyncHttpClient-1-7] DEBUG org.asynchttpclient.netty.handler.HttpHandler - 

Request DefaultHttpRequest(decodeResult: success, version: HTTP/1.1)
POST /session/f55b1a0bda4df6683586f6c631bf33e5/execute/sync HTTP/1.1
User-Agent: selenium/4.1.2 (java windows)
Content-Length: 48780
Content-Type: application/json; charset=utf-8
host: localhost:55584
accept: */*

Response DefaultHttpResponse(decodeResult: success, version: HTTP/1.1)
HTTP/1.1 200 OK
Content-Type: application/json; charset=utf-8
cache-control: no-cache
content-length: 14

18:17:40.387 [AsyncHttpClient-1-7] DEBUG org.asynchttpclient.netty.channel.ChannelManager - Adding key: http://localhost:55584 for channel [id: 0xd9cc612d, L:/127.0.0.1:49172 - R:localhost/127.0.0.1:55584]
  &amp#27;[32mThen &amp#27;[0m&amp#27;[32mI will get the &amp#27;[0m&amp#27;[32m&amp#27;[1m"i can login"&amp#27;[0m       &amp#27;[90m# starter.stepdefinitions.LoginStepDefinition.iWillGetThe(java.lang.String)&amp#27;[0m
18:17:40.396 [AsyncHttpClient-1-9] DEBUG org.asynchttpclient.netty.handler.WebSocketHandler - Channel Closed: [id: 0x2819bed3, L:/127.0.0.1:49180 ! R:localhost/127.0.0.1:49173] with attribute NettyResponseFuture{currentRetry=5,
	isDone=1,
	isCancelled=0,
	asyncHandler=org.asynchttpclient.ws.WebSocketUpgradeHandler@188c9dd6,
	nettyRequest=org.asynchttpclient.netty.request.NettyRequest@3d50ef9c,
	future=java.util.concurrent.CompletableFuture@553967aa[Completed normally],
	uri=ws://localhost:49173/devtools/browser/5fe07500-c8e1-418b-ab3d-9c5271b90b68,
	keepAlive=true,
	redirectCount=0,
	timeoutsHolder=null,
	inAuth=0,
	touch=1667560657688}
18:17:40.396 [AsyncHttpClient-1-9] DEBUG org.asynchttpclient.netty.channel.ChannelManager - Closing Channel [id: 0x2819bed3, L:/127.0.0.1:49180 ! R:localhost/127.0.0.1:49173] 
18:17:40.396 [Driver Command Executor] DEBUG org.asynchttpclient.netty.request.NettyRequestSender - Using pooled Channel '[id: 0xd9cc612d, L:/127.0.0.1:49172 - R:localhost/127.0.0.1:55584]' for 'DELETE' to 'http://localhost:55584/session/f55b1a0bda4df6683586f6c631bf33e5'
18:17:40.396 [Driver Command Executor] DEBUG org.asynchttpclient.netty.request.NettyRequestSender - Using open Channel [id: 0xd9cc612d, L:/127.0.0.1:49172 - R:localhost/127.0.0.1:55584] for DELETE '/session/f55b1a0bda4df6683586f6c631bf33e5'
18:17:40.491 [AsyncHttpClient-1-1] DEBUG org.asynchttpclient.netty.channel.DefaultChannelPool - Entry count for : http://localhost:49173 : 1
18:17:40.496 [AsyncHttpClient-1-8] DEBUG org.asynchttpclient.netty.handler.HttpHandler - Unexpected I/O exception on channel [id: 0x1ca6eaa2, L:/127.0.0.1:49179 - R:localhost/127.0.0.1:49173]
java.io.IOException: An existing connection was forcibly closed by the remote host
	at java.base/sun.nio.ch.SocketDispatcher.read0(Native Method)
	at java.base/sun.nio.ch.SocketDispatcher.read(SocketDispatcher.java:43)
	at java.base/sun.nio.ch.IOUtil.readIntoNativeBuffer(IOUtil.java:276)
	at java.base/sun.nio.ch.IOUtil.read(IOUtil.java:233)
	at java.base/sun.nio.ch.IOUtil.read(IOUtil.java:223)
	at java.base/sun.nio.ch.SocketChannelImpl.read(SocketChannelImpl.java:358)
	at io.netty.buffer.PooledByteBuf.setBytes(PooledByteBuf.java:258)
	at io.netty.buffer.AbstractByteBuf.writeBytes(AbstractByteBuf.java:1132)
	at io.netty.buffer.WrappedByteBuf.writeBytes(WrappedByteBuf.java:821)
	at io.netty.channel.socket.nio.NioSocketChannel.doReadBytes(NioSocketChannel.java:350)
	at io.netty.channel.nio.AbstractNioByteChannel$NioByteUnsafe.read(AbstractNioByteChannel.java:151)
	at io.netty.channel.nio.NioEventLoop.processSelectedKey(NioEventLoop.java:722)
	at io.netty.channel.nio.NioEventLoop.processSelectedKeysOptimized(NioEventLoop.java:658)
	at io.netty.channel.nio.NioEventLoop.processSelectedKeys(NioEventLoop.java:584)
	at io.netty.channel.nio.NioEventLoop.run(NioEventLoop.java:496)
	at io.netty.util.concurrent.SingleThreadEventExecutor$4.run(SingleThreadEventExecutor.java:986)
	at io.netty.util.internal.ThreadExecutorMap$2.run(ThreadExecutorMap.java:74)
	at io.netty.util.concurrent.FastThreadLocalRunnable.run(FastThreadLocalRunnable.java:30)
	at java.base/java.lang.Thread.run(Thread.java:834)
18:17:40.496 [AsyncHttpClient-1-8] DEBUG org.asynchttpclient.netty.channel.ChannelManager - Closing Channel [id: 0x1ca6eaa2, L:/127.0.0.1:49179 - R:localhost/127.0.0.1:49173] 
18:17:40.496 [AsyncHttpClient-1-8] DEBUG org.asynchttpclient.netty.handler.HttpHandler - Channel Closed: [id: 0x1ca6eaa2, L:/127.0.0.1:49179 ! R:localhost/127.0.0.1:49173] with attribute DISCARD
18:17:40.518 [AsyncHttpClient-1-7] DEBUG org.asynchttpclient.netty.handler.HttpHandler - 

Request DefaultFullHttpRequest(decodeResult: success, version: HTTP/1.1, content: EmptyByteBufBE)
DELETE /session/f55b1a0bda4df6683586f6c631bf33e5 HTTP/1.1
User-Agent: selenium/4.1.2 (java windows)
Content-Type: application/json; charset=utf-8
host: localhost:55584
accept: */*

Response DefaultHttpResponse(decodeResult: success, version: HTTP/1.1)
HTTP/1.1 200 OK
Content-Type: application/json; charset=utf-8
cache-control: no-cache
content-length: 14

18:17:40.518 [AsyncHttpClient-1-7] DEBUG org.asynchttpclient.netty.channel.ChannelManager - Adding key: http://localhost:55584 for channel [id: 0xd9cc612d, L:/127.0.0.1:49172 - R:localhost/127.0.0.1:55584]
18:17:40.573 [AsyncHttpClient-1-7] DEBUG org.asynchttpclient.netty.handler.HttpHandler - Channel Closed: [id: 0xd9cc612d, L:/127.0.0.1:49172 ! R:localhost/127.0.0.1:55584] with attribute DISCARD
18:17:40.614 [main] INFO  - 
  _____   ___   ___   _____     ___     _     ___   ___   ___   ___  
 |_   _| | __| / __| |_   _|   | _ \   /_\   / __| / __| | __| |   \ 
   | |   | _|  \__ \   | |     |  _/  / _ \  \__ \ \__ \ | _|  | |) |
   |_|   |___| |___/   |_|     |_|   /_/ \_\ |___/ |___/ |___| |___/ 

Login with account
----------------------------------------------------------------------
]]></system-out>
    <system-err><![CDATA[Starting ChromeDriver 107.0.5304.62 (1eec40d3a5764881c92085aaee66d25075c159aa-refs/branch-heads/5304@{#942}) on port 55584
Only local connections are allowed.
Please see https://chromedriver.chromium.org/security-considerations for suggestions on keeping ChromeDriver safe.
ChromeDriver was started successfully.
Nov 04, 2022 6:17:37 PM org.openqa.selenium.remote.ProtocolHandshake createSession
INFO: Detected dialect: W3C
Nov 04, 2022 6:17:37 PM org.openqa.selenium.devtools.CdpVersionFinder findNearestMatch
WARNING: Unable to find an exact match for CDP version 107, so returning the closest version found: a no-op implementation
Nov 04, 2022 6:17:37 PM org.openqa.selenium.devtools.CdpVersionFinder findNearestMatch
INFO: Unable to find CDP implementation matching 107.
Nov 04, 2022 6:17:37 PM org.openqa.selenium.chromium.ChromiumDriver lambda$new$3
WARNING: Unable to find version of CDP to use for . You may need to include a dependency on a specific version of the CDP using something similar to `org.seleniumhq.selenium:selenium-devtools-v86:4.1.2` where the version ("v86") matches the version of the chromium-based browser you're using and the version number of the artifact is the same as Selenium's.
]]></system-err>
  </testcase>
  <testcase name="Login with account #3" classname="Login" time="4.765">
    <system-out><![CDATA[
@Login
Scenario Outline: Login with account      &amp#27;[90m# src/test/resources/features/login.feature:18&amp#27;[0m
18:17:40.620 [main] INFO io.cucumber.core.plugin.SerenityReporter - Running feature from file:///D:/Ra/file%20kuliah/semester%207/resume%20alta/Mini%20Project/Web/AltaShop/src/test/resources/features/login.feature
18:17:40.634 [main] INFO net.serenitybdd.core.webdriver.driverproviders.ChromeDriverProvider - Using automatically driver download
18:17:40.756 [main] DEBUG io.github.bonigarcia.wdm.cache.ResolutionCache - Resolution chrome=107 in cache (valid until 18:54:29 04/11/2022 ICT)
18:17:40.758 [main] DEBUG io.github.bonigarcia.wdm.cache.ResolutionCache - Resolution chrome107=107.0.5304.62 in cache (valid until 17:54:29 05/11/2022 ICT)
18:17:40.759 [main] INFO io.github.bonigarcia.wdm.WebDriverManager - Using chromedriver 107.0.5304.62 (resolved driver for Chrome 107)
18:17:40.764 [main] DEBUG io.github.bonigarcia.wdm.WebDriverManager - Driver chromedriver 107.0.5304.62 found in cache
18:17:40.764 [main] INFO io.github.bonigarcia.wdm.WebDriverManager - Exporting webdriver.chrome.driver as C:\Users\rilaa\.cache\selenium\chromedriver\win32\107.0.5304.62\chromedriver.exe
18:17:40.848 [main] DEBUG net.serenitybdd.core.webdriver.driverproviders.ProvideNewDriver - Instantiating driver
18:17:40.848 [main] DEBUG net.serenitybdd.core.webdriver.driverproviders.ProvideNewDriver - Driver capabilities: Capabilities {acceptInsecureCerts: false, base.url: https://alta-shop.vercel.app, browserName: chrome, chrome.driver: src/test/resources/webdrive..., driver: chrome, goog:chromeOptions: {args: [], extensions: []}}
18:17:40.929 [AsyncHttpClient-1-2] DEBUG org.asynchttpclient.netty.channel.NettyConnectListener - Using new Channel '[id: 0x0f440e53, L:/127.0.0.1:49195 - R:localhost/127.0.0.1:58666]' for 'POST' to '/session'
18:17:41.595 [AsyncHttpClient-1-1] DEBUG org.asynchttpclient.netty.channel.DefaultChannelPool - Entry count for : http://localhost:49173 : 1
18:17:41.595 [AsyncHttpClient-1-1] DEBUG org.asynchttpclient.netty.channel.DefaultChannelPool - Entry count for : http://localhost:55584 : 1
18:17:41.595 [AsyncHttpClient-1-1] DEBUG org.asynchttpclient.netty.channel.DefaultChannelPool - Adding Candidate expired Channel [id: 0x1ca6eaa2, L:/127.0.0.1:49179 ! R:localhost/127.0.0.1:49173] isIdleTimeoutExpired=false isRemotelyClosed=true isTtlExpired=false
18:17:41.595 [AsyncHttpClient-1-1] DEBUG org.asynchttpclient.netty.channel.DefaultChannelPool - Closing Idle Channel [id: 0x1ca6eaa2, L:/127.0.0.1:49179 ! R:localhost/127.0.0.1:49173]
18:17:41.595 [AsyncHttpClient-1-1] DEBUG org.asynchttpclient.netty.channel.DefaultChannelPool - Adding Candidate expired Channel [id: 0xd9cc612d, L:/127.0.0.1:49172 ! R:localhost/127.0.0.1:55584] isIdleTimeoutExpired=false isRemotelyClosed=true isTtlExpired=false
18:17:41.595 [AsyncHttpClient-1-1] DEBUG org.asynchttpclient.netty.channel.DefaultChannelPool - Closing Idle Channel [id: 0xd9cc612d, L:/127.0.0.1:49172 ! R:localhost/127.0.0.1:55584]
18:17:41.595 [AsyncHttpClient-1-1] DEBUG org.asynchttpclient.netty.channel.DefaultChannelPool - Closed 2 connections out of 2 in 0 ms
18:17:41.772 [AsyncHttpClient-1-2] DEBUG org.asynchttpclient.netty.handler.HttpHandler - 

Request DefaultHttpRequest(decodeResult: success, version: HTTP/1.1)
POST /session HTTP/1.1
User-Agent: selenium/4.1.2 (java windows)
Content-Length: 609
Content-Type: application/json; charset=utf-8
host: localhost:58666
accept: */*

Response DefaultHttpResponse(decodeResult: success, version: HTTP/1.1)
HTTP/1.1 200 OK
Content-Type: application/json; charset=utf-8
cache-control: no-cache
content-length: 789

18:17:41.773 [AsyncHttpClient-1-2] DEBUG org.asynchttpclient.netty.channel.ChannelManager - Adding key: http://localhost:58666 for channel [id: 0x0f440e53, L:/127.0.0.1:49195 - R:localhost/127.0.0.1:58666]
18:17:41.780 [AsyncHttpClient-1-3] DEBUG org.asynchttpclient.netty.channel.NettyConnectListener - Using new Channel '[id: 0xeb4c96ab, L:/127.0.0.1:49202 - R:localhost/127.0.0.1:49196]' for 'GET' to '/json/version'
18:17:41.780 [AsyncHttpClient-1-3] DEBUG org.asynchttpclient.netty.handler.HttpHandler - 

Request DefaultFullHttpRequest(decodeResult: success, version: HTTP/1.1, content: EmptyByteBufBE)
GET /json/version HTTP/1.1
User-Agent: selenium/4.1.2 (java windows)
host: localhost:49196
accept: */*

Response DefaultHttpResponse(decodeResult: success, version: HTTP/1.1)
HTTP/1.1 200 OK
Content-Type: application/json; charset=UTF-8
content-length: 423

18:17:41.781 [AsyncHttpClient-1-3] DEBUG org.asynchttpclient.netty.channel.ChannelManager - Adding key: http://localhost:49196 for channel [id: 0xeb4c96ab, L:/127.0.0.1:49202 - R:localhost/127.0.0.1:49196]
18:17:41.783 [AsyncHttpClient-1-4] DEBUG org.asynchttpclient.netty.channel.NettyConnectListener - Using new Channel '[id: 0xafe6dea2, L:/127.0.0.1:49203 - R:localhost/127.0.0.1:49196]' for 'GET' to '/devtools/browser/db0c212f-dac7-4704-8d19-79b2f63ad30a'
18:17:41.783 [AsyncHttpClient-1-4] DEBUG org.asynchttpclient.netty.handler.WebSocketHandler - 

Request DefaultFullHttpRequest(decodeResult: success, version: HTTP/1.1, content: EmptyByteBufBE)
GET /devtools/browser/db0c212f-dac7-4704-8d19-79b2f63ad30a HTTP/1.1
upgrade: websocket
connection: upgrade
sec-websocket-key: VLCOP0mLax8nKz7vD1e7Wg==
sec-websocket-version: 13
origin: http://localhost:49196
host: localhost:49196
accept: */*
user-agent: AHC/2.1

Response DefaultHttpResponse(decodeResult: success, version: HTTP/1.1)
HTTP/1.1 101 WebSocket Protocol Handshake
Upgrade: WebSocket
Connection: Upgrade
Sec-WebSocket-Accept: Jpmt5e93uiFy2pSbMgvlL4sOqvk=

18:17:41.786 [Forwarding get on session 8660129b7ddaaca2fe399704d291a4b0 to remote] DEBUG org.asynchttpclient.netty.request.NettyRequestSender - Using pooled Channel '[id: 0x0f440e53, L:/127.0.0.1:49195 - R:localhost/127.0.0.1:58666]' for 'POST' to 'http://localhost:58666/session/8660129b7ddaaca2fe399704d291a4b0/url'
18:17:41.786 [Forwarding get on session 8660129b7ddaaca2fe399704d291a4b0 to remote] DEBUG org.asynchttpclient.netty.request.NettyRequestSender - Using open Channel [id: 0x0f440e53, L:/127.0.0.1:49195 - R:localhost/127.0.0.1:58666] for POST '/session/8660129b7ddaaca2fe399704d291a4b0/url'
18:17:42.697 [AsyncHttpClient-1-1] DEBUG org.asynchttpclient.netty.channel.DefaultChannelPool - Entry count for : http://localhost:49196 : 1
18:17:42.699 [AsyncHttpClient-1-2] DEBUG org.asynchttpclient.netty.handler.HttpHandler - 

Request DefaultHttpRequest(decodeResult: success, version: HTTP/1.1)
POST /session/8660129b7ddaaca2fe399704d291a4b0/url HTTP/1.1
User-Agent: selenium/4.1.2 (java windows)
Content-Length: 59
Content-Type: application/json; charset=utf-8
host: localhost:58666
accept: */*

Response DefaultHttpResponse(decodeResult: success, version: HTTP/1.1)
HTTP/1.1 200 OK
Content-Type: application/json; charset=utf-8
cache-control: no-cache
content-length: 14

18:17:42.699 [AsyncHttpClient-1-2] DEBUG org.asynchttpclient.netty.channel.ChannelManager - Adding key: http://localhost:58666 for channel [id: 0x0f440e53, L:/127.0.0.1:49195 - R:localhost/127.0.0.1:58666]
18:17:42.700 [Forwarding setTimeout on session 8660129b7ddaaca2fe399704d291a4b0 to remote] DEBUG org.asynchttpclient.netty.request.NettyRequestSender - Using pooled Channel '[id: 0x0f440e53, L:/127.0.0.1:49195 - R:localhost/127.0.0.1:58666]' for 'POST' to 'http://localhost:58666/session/8660129b7ddaaca2fe399704d291a4b0/timeouts'
18:17:42.700 [Forwarding setTimeout on session 8660129b7ddaaca2fe399704d291a4b0 to remote] DEBUG org.asynchttpclient.netty.request.NettyRequestSender - Using open Channel [id: 0x0f440e53, L:/127.0.0.1:49195 - R:localhost/127.0.0.1:58666] for POST '/session/8660129b7ddaaca2fe399704d291a4b0/timeouts'
18:17:42.703 [AsyncHttpClient-1-2] DEBUG org.asynchttpclient.netty.handler.HttpHandler - 

Request DefaultHttpRequest(decodeResult: success, version: HTTP/1.1)
POST /session/8660129b7ddaaca2fe399704d291a4b0/timeouts HTTP/1.1
User-Agent: selenium/4.1.2 (java windows)
Content-Length: 22
Content-Type: application/json; charset=utf-8
host: localhost:58666
accept: */*

Response DefaultHttpResponse(decodeResult: success, version: HTTP/1.1)
HTTP/1.1 200 OK
Content-Type: application/json; charset=utf-8
cache-control: no-cache
content-length: 14

18:17:42.704 [AsyncHttpClient-1-2] DEBUG org.asynchttpclient.netty.channel.ChannelManager - Adding key: http://localhost:58666 for channel [id: 0x0f440e53, L:/127.0.0.1:49195 - R:localhost/127.0.0.1:58666]
18:17:42.709 [Forwarding getCurrentUrl on session 8660129b7ddaaca2fe399704d291a4b0 to remote] DEBUG org.asynchttpclient.netty.request.NettyRequestSender - Using pooled Channel '[id: 0x0f440e53, L:/127.0.0.1:49195 - R:localhost/127.0.0.1:58666]' for 'GET' to 'http://localhost:58666/session/8660129b7ddaaca2fe399704d291a4b0/url'
18:17:42.710 [Forwarding getCurrentUrl on session 8660129b7ddaaca2fe399704d291a4b0 to remote] DEBUG org.asynchttpclient.netty.request.NettyRequestSender - Using open Channel [id: 0x0f440e53, L:/127.0.0.1:49195 - R:localhost/127.0.0.1:58666] for GET '/session/8660129b7ddaaca2fe399704d291a4b0/url'
18:17:42.728 [AsyncHttpClient-1-2] DEBUG org.asynchttpclient.netty.handler.HttpHandler - 

Request DefaultFullHttpRequest(decodeResult: success, version: HTTP/1.1, content: EmptyByteBufBE)
GET /session/8660129b7ddaaca2fe399704d291a4b0/url HTTP/1.1
User-Agent: selenium/4.1.2 (java windows)
Cache-Control: no-cache
Content-Type: application/json; charset=utf-8
host: localhost:58666
accept: */*

Response DefaultHttpResponse(decodeResult: success, version: HTTP/1.1)
HTTP/1.1 200 OK
Content-Type: application/json; charset=utf-8
cache-control: no-cache
content-length: 41

18:17:42.728 [AsyncHttpClient-1-2] DEBUG org.asynchttpclient.netty.channel.ChannelManager - Adding key: http://localhost:58666 for channel [id: 0x0f440e53, L:/127.0.0.1:49195 - R:localhost/127.0.0.1:58666]
18:17:42.741 [Forwarding findElement on session 8660129b7ddaaca2fe399704d291a4b0 to remote] DEBUG org.asynchttpclient.netty.request.NettyRequestSender - Using pooled Channel '[id: 0x0f440e53, L:/127.0.0.1:49195 - R:localhost/127.0.0.1:58666]' for 'POST' to 'http://localhost:58666/session/8660129b7ddaaca2fe399704d291a4b0/element'
18:17:42.741 [Forwarding findElement on session 8660129b7ddaaca2fe399704d291a4b0 to remote] DEBUG org.asynchttpclient.netty.request.NettyRequestSender - Using open Channel [id: 0x0f440e53, L:/127.0.0.1:49195 - R:localhost/127.0.0.1:58666] for POST '/session/8660129b7ddaaca2fe399704d291a4b0/element'
18:17:42.767 [AsyncHttpClient-1-2] DEBUG org.asynchttpclient.netty.handler.HttpHandler - 

Request DefaultHttpRequest(decodeResult: success, version: HTTP/1.1)
POST /session/8660129b7ddaaca2fe399704d291a4b0/element HTTP/1.1
User-Agent: selenium/4.1.2 (java windows)
Content-Length: 77
Content-Type: application/json; charset=utf-8
host: localhost:58666
accept: */*

Response DefaultHttpResponse(decodeResult: success, version: HTTP/1.1)
HTTP/1.1 200 OK
Content-Type: application/json; charset=utf-8
cache-control: no-cache
content-length: 88

18:17:42.768 [AsyncHttpClient-1-2] DEBUG org.asynchttpclient.netty.channel.ChannelManager - Adding key: http://localhost:58666 for channel [id: 0x0f440e53, L:/127.0.0.1:49195 - R:localhost/127.0.0.1:58666]
18:17:42.773 [Forwarding isElementDisplayed on session 8660129b7ddaaca2fe399704d291a4b0 to remote] DEBUG org.asynchttpclient.netty.request.NettyRequestSender - Using pooled Channel '[id: 0x0f440e53, L:/127.0.0.1:49195 - R:localhost/127.0.0.1:58666]' for 'POST' to 'http://localhost:58666/session/8660129b7ddaaca2fe399704d291a4b0/execute/sync'
18:17:42.774 [Forwarding isElementDisplayed on session 8660129b7ddaaca2fe399704d291a4b0 to remote] DEBUG org.asynchttpclient.netty.request.NettyRequestSender - Using open Channel [id: 0x0f440e53, L:/127.0.0.1:49195 - R:localhost/127.0.0.1:58666] for POST '/session/8660129b7ddaaca2fe399704d291a4b0/execute/sync'
18:17:42.798 [AsyncHttpClient-1-2] DEBUG org.asynchttpclient.netty.handler.HttpHandler - 

Request DefaultHttpRequest(decodeResult: success, version: HTTP/1.1)
POST /session/8660129b7ddaaca2fe399704d291a4b0/execute/sync HTTP/1.1
User-Agent: selenium/4.1.2 (java windows)
Content-Length: 48780
Content-Type: application/json; charset=utf-8
host: localhost:58666
accept: */*

Response DefaultHttpResponse(decodeResult: success, version: HTTP/1.1)
HTTP/1.1 200 OK
Content-Type: application/json; charset=utf-8
cache-control: no-cache
content-length: 14

18:17:42.798 [AsyncHttpClient-1-2] DEBUG org.asynchttpclient.netty.channel.ChannelManager - Adding key: http://localhost:58666 for channel [id: 0x0f440e53, L:/127.0.0.1:49195 - R:localhost/127.0.0.1:58666]
  &amp#27;[32mGiven &amp#27;[0m&amp#27;[32mI am on the home page&amp#27;[0m             &amp#27;[90m# starter.stepdefinitions.LoginStepDefinition.iAmOnTheHomePage()&amp#27;[0m
18:17:42.803 [Forwarding screenshot on session 8660129b7ddaaca2fe399704d291a4b0 to remote] DEBUG org.asynchttpclient.netty.request.NettyRequestSender - Using pooled Channel '[id: 0x0f440e53, L:/127.0.0.1:49195 - R:localhost/127.0.0.1:58666]' for 'GET' to 'http://localhost:58666/session/8660129b7ddaaca2fe399704d291a4b0/screenshot'
18:17:42.803 [Forwarding screenshot on session 8660129b7ddaaca2fe399704d291a4b0 to remote] DEBUG org.asynchttpclient.netty.request.NettyRequestSender - Using open Channel [id: 0x0f440e53, L:/127.0.0.1:49195 - R:localhost/127.0.0.1:58666] for GET '/session/8660129b7ddaaca2fe399704d291a4b0/screenshot'
18:17:43.007 [AsyncHttpClient-1-2] DEBUG org.asynchttpclient.netty.handler.HttpHandler - 

Request DefaultFullHttpRequest(decodeResult: success, version: HTTP/1.1, content: EmptyByteBufBE)
GET /session/8660129b7ddaaca2fe399704d291a4b0/screenshot HTTP/1.1
User-Agent: selenium/4.1.2 (java windows)
Cache-Control: no-cache
Content-Type: application/json; charset=utf-8
host: localhost:58666
accept: */*

Response DefaultHttpResponse(decodeResult: success, version: HTTP/1.1)
HTTP/1.1 200 OK
Content-Type: application/json; charset=utf-8
cache-control: no-cache
content-length: 36456

18:17:43.007 [AsyncHttpClient-1-2] DEBUG org.asynchttpclient.netty.channel.ChannelManager - Adding key: http://localhost:58666 for channel [id: 0x0f440e53, L:/127.0.0.1:49195 - R:localhost/127.0.0.1:58666]
18:17:43.009 [main] DEBUG net.serenitybdd.core.photography.Darkroom - Send negative for processing for target\site\serenity\50976d4ea7f8ba248b6fc2195816ab6b9fa3bae13c3a7b0ba07136779dffc740.png
18:17:43.010 [Darkroom Processing Line] DEBUG net.serenitybdd.core.photography.DarkroomProcessingLine - Processing screenshot image in /var/screenshots/screenshot-15662384280261440426
18:17:43.010 [Darkroom Processing Line] DEBUG net.serenitybdd.core.photography.DarkroomProcessingLine - Saving screenshot to target\site\serenity\50976d4ea7f8ba248b6fc2195816ab6b9fa3bae13c3a7b0ba07136779dffc740.png
18:17:43.016 [Forwarding findElement on session 8660129b7ddaaca2fe399704d291a4b0 to remote] DEBUG org.asynchttpclient.netty.request.NettyRequestSender - Using pooled Channel '[id: 0x0f440e53, L:/127.0.0.1:49195 - R:localhost/127.0.0.1:58666]' for 'POST' to 'http://localhost:58666/session/8660129b7ddaaca2fe399704d291a4b0/element'
18:17:43.016 [Forwarding findElement on session 8660129b7ddaaca2fe399704d291a4b0 to remote] DEBUG org.asynchttpclient.netty.request.NettyRequestSender - Using open Channel [id: 0x0f440e53, L:/127.0.0.1:49195 - R:localhost/127.0.0.1:58666] for POST '/session/8660129b7ddaaca2fe399704d291a4b0/element'
18:17:43.029 [AsyncHttpClient-1-2] DEBUG org.asynchttpclient.netty.handler.HttpHandler - 

Request DefaultHttpRequest(decodeResult: success, version: HTTP/1.1)
POST /session/8660129b7ddaaca2fe399704d291a4b0/element HTTP/1.1
User-Agent: selenium/4.1.2 (java windows)
Content-Length: 97
Content-Type: application/json; charset=utf-8
host: localhost:58666
accept: */*

Response DefaultHttpResponse(decodeResult: success, version: HTTP/1.1)
HTTP/1.1 200 OK
Content-Type: application/json; charset=utf-8
cache-control: no-cache
content-length: 88

18:17:43.029 [AsyncHttpClient-1-2] DEBUG org.asynchttpclient.netty.channel.ChannelManager - Adding key: http://localhost:58666 for channel [id: 0x0f440e53, L:/127.0.0.1:49195 - R:localhost/127.0.0.1:58666]
18:17:43.031 [Forwarding getElementTagName on session 8660129b7ddaaca2fe399704d291a4b0 to remote] DEBUG org.asynchttpclient.netty.request.NettyRequestSender - Using pooled Channel '[id: 0x0f440e53, L:/127.0.0.1:49195 - R:localhost/127.0.0.1:58666]' for 'GET' to 'http://localhost:58666/session/8660129b7ddaaca2fe399704d291a4b0/element/e2fbd2ff-dfc8-44e8-94b0-fcbe1e3854af/name'
18:17:43.031 [Forwarding getElementTagName on session 8660129b7ddaaca2fe399704d291a4b0 to remote] DEBUG org.asynchttpclient.netty.request.NettyRequestSender - Using open Channel [id: 0x0f440e53, L:/127.0.0.1:49195 - R:localhost/127.0.0.1:58666] for GET '/session/8660129b7ddaaca2fe399704d291a4b0/element/e2fbd2ff-dfc8-44e8-94b0-fcbe1e3854af/name'
18:17:43.035 [AsyncHttpClient-1-2] DEBUG org.asynchttpclient.netty.handler.HttpHandler - 

Request DefaultFullHttpRequest(decodeResult: success, version: HTTP/1.1, content: EmptyByteBufBE)
GET /session/8660129b7ddaaca2fe399704d291a4b0/element/e2fbd2ff-dfc8-44e8-94b0-fcbe1e3854af/name HTTP/1.1
User-Agent: selenium/4.1.2 (java windows)
Cache-Control: no-cache
Content-Type: application/json; charset=utf-8
host: localhost:58666
accept: */*

Response DefaultHttpResponse(decodeResult: success, version: HTTP/1.1)
HTTP/1.1 200 OK
Content-Type: application/json; charset=utf-8
cache-control: no-cache
content-length: 13

18:17:43.035 [AsyncHttpClient-1-2] DEBUG org.asynchttpclient.netty.channel.ChannelManager - Adding key: http://localhost:58666 for channel [id: 0x0f440e53, L:/127.0.0.1:49195 - R:localhost/127.0.0.1:58666]
18:17:43.036 [Forwarding getElementTagName on session 8660129b7ddaaca2fe399704d291a4b0 to remote] DEBUG org.asynchttpclient.netty.request.NettyRequestSender - Using pooled Channel '[id: 0x0f440e53, L:/127.0.0.1:49195 - R:localhost/127.0.0.1:58666]' for 'GET' to 'http://localhost:58666/session/8660129b7ddaaca2fe399704d291a4b0/element/e2fbd2ff-dfc8-44e8-94b0-fcbe1e3854af/name'
18:17:43.036 [Forwarding getElementTagName on session 8660129b7ddaaca2fe399704d291a4b0 to remote] DEBUG org.asynchttpclient.netty.request.NettyRequestSender - Using open Channel [id: 0x0f440e53, L:/127.0.0.1:49195 - R:localhost/127.0.0.1:58666] for GET '/session/8660129b7ddaaca2fe399704d291a4b0/element/e2fbd2ff-dfc8-44e8-94b0-fcbe1e3854af/name'
18:17:43.043 [AsyncHttpClient-1-2] DEBUG org.asynchttpclient.netty.handler.HttpHandler - 

Request DefaultFullHttpRequest(decodeResult: success, version: HTTP/1.1, content: EmptyByteBufBE)
GET /session/8660129b7ddaaca2fe399704d291a4b0/element/e2fbd2ff-dfc8-44e8-94b0-fcbe1e3854af/name HTTP/1.1
User-Agent: selenium/4.1.2 (java windows)
Cache-Control: no-cache
Content-Type: application/json; charset=utf-8
host: localhost:58666
accept: */*

Response DefaultHttpResponse(decodeResult: success, version: HTTP/1.1)
HTTP/1.1 200 OK
Content-Type: application/json; charset=utf-8
cache-control: no-cache
content-length: 13

18:17:43.044 [AsyncHttpClient-1-2] DEBUG org.asynchttpclient.netty.channel.ChannelManager - Adding key: http://localhost:58666 for channel [id: 0x0f440e53, L:/127.0.0.1:49195 - R:localhost/127.0.0.1:58666]
18:17:43.048 [Forwarding findElement on session 8660129b7ddaaca2fe399704d291a4b0 to remote] DEBUG org.asynchttpclient.netty.request.NettyRequestSender - Using pooled Channel '[id: 0x0f440e53, L:/127.0.0.1:49195 - R:localhost/127.0.0.1:58666]' for 'POST' to 'http://localhost:58666/session/8660129b7ddaaca2fe399704d291a4b0/element'
18:17:43.049 [Forwarding findElement on session 8660129b7ddaaca2fe399704d291a4b0 to remote] DEBUG org.asynchttpclient.netty.request.NettyRequestSender - Using open Channel [id: 0x0f440e53, L:/127.0.0.1:49195 - R:localhost/127.0.0.1:58666] for POST '/session/8660129b7ddaaca2fe399704d291a4b0/element'
18:17:43.056 [AsyncHttpClient-1-2] DEBUG org.asynchttpclient.netty.handler.HttpHandler - 

Request DefaultHttpRequest(decodeResult: success, version: HTTP/1.1)
POST /session/8660129b7ddaaca2fe399704d291a4b0/element HTTP/1.1
User-Agent: selenium/4.1.2 (java windows)
Content-Length: 97
Content-Type: application/json; charset=utf-8
host: localhost:58666
accept: */*

Response DefaultHttpResponse(decodeResult: success, version: HTTP/1.1)
HTTP/1.1 200 OK
Content-Type: application/json; charset=utf-8
cache-control: no-cache
content-length: 88

18:17:43.056 [AsyncHttpClient-1-2] DEBUG org.asynchttpclient.netty.channel.ChannelManager - Adding key: http://localhost:58666 for channel [id: 0x0f440e53, L:/127.0.0.1:49195 - R:localhost/127.0.0.1:58666]
18:17:43.058 [Forwarding clickElement on session 8660129b7ddaaca2fe399704d291a4b0 to remote] DEBUG org.asynchttpclient.netty.request.NettyRequestSender - Using pooled Channel '[id: 0x0f440e53, L:/127.0.0.1:49195 - R:localhost/127.0.0.1:58666]' for 'POST' to 'http://localhost:58666/session/8660129b7ddaaca2fe399704d291a4b0/element/e2fbd2ff-dfc8-44e8-94b0-fcbe1e3854af/click'
18:17:43.058 [Forwarding clickElement on session 8660129b7ddaaca2fe399704d291a4b0 to remote] DEBUG org.asynchttpclient.netty.request.NettyRequestSender - Using open Channel [id: 0x0f440e53, L:/127.0.0.1:49195 - R:localhost/127.0.0.1:58666] for POST '/session/8660129b7ddaaca2fe399704d291a4b0/element/e2fbd2ff-dfc8-44e8-94b0-fcbe1e3854af/click'
18:17:43.086 [AsyncHttpClient-1-2] DEBUG org.asynchttpclient.netty.handler.HttpHandler - 

Request DefaultHttpRequest(decodeResult: success, version: HTTP/1.1)
POST /session/8660129b7ddaaca2fe399704d291a4b0/element/e2fbd2ff-dfc8-44e8-94b0-fcbe1e3854af/click HTTP/1.1
User-Agent: selenium/4.1.2 (java windows)
Content-Length: 50
Content-Type: application/json; charset=utf-8
host: localhost:58666
accept: */*

Response DefaultHttpResponse(decodeResult: success, version: HTTP/1.1)
HTTP/1.1 200 OK
Content-Type: application/json; charset=utf-8
cache-control: no-cache
content-length: 14

18:17:43.086 [AsyncHttpClient-1-2] DEBUG org.asynchttpclient.netty.channel.ChannelManager - Adding key: http://localhost:58666 for channel [id: 0x0f440e53, L:/127.0.0.1:49195 - R:localhost/127.0.0.1:58666]
  &amp#27;[32mAnd &amp#27;[0m&amp#27;[32mI click login icon&amp#27;[0m                  &amp#27;[90m# starter.stepdefinitions.LoginStepDefinition.iClickLoginIcon()&amp#27;[0m
18:17:43.095 [Forwarding screenshot on session 8660129b7ddaaca2fe399704d291a4b0 to remote] DEBUG org.asynchttpclient.netty.request.NettyRequestSender - Using pooled Channel '[id: 0x0f440e53, L:/127.0.0.1:49195 - R:localhost/127.0.0.1:58666]' for 'GET' to 'http://localhost:58666/session/8660129b7ddaaca2fe399704d291a4b0/screenshot'
18:17:43.095 [Forwarding screenshot on session 8660129b7ddaaca2fe399704d291a4b0 to remote] DEBUG org.asynchttpclient.netty.request.NettyRequestSender - Using open Channel [id: 0x0f440e53, L:/127.0.0.1:49195 - R:localhost/127.0.0.1:58666] for GET '/session/8660129b7ddaaca2fe399704d291a4b0/screenshot'
18:17:43.333 [AsyncHttpClient-1-2] DEBUG org.asynchttpclient.netty.handler.HttpHandler - 

Request DefaultFullHttpRequest(decodeResult: success, version: HTTP/1.1, content: EmptyByteBufBE)
GET /session/8660129b7ddaaca2fe399704d291a4b0/screenshot HTTP/1.1
User-Agent: selenium/4.1.2 (java windows)
Cache-Control: no-cache
Content-Type: application/json; charset=utf-8
host: localhost:58666
accept: */*

Response DefaultHttpResponse(decodeResult: success, version: HTTP/1.1)
HTTP/1.1 200 OK
Content-Type: application/json; charset=utf-8
cache-control: no-cache
content-length: 34912

18:17:43.333 [AsyncHttpClient-1-2] DEBUG org.asynchttpclient.netty.channel.ChannelManager - Adding key: http://localhost:58666 for channel [id: 0x0f440e53, L:/127.0.0.1:49195 - R:localhost/127.0.0.1:58666]
18:17:43.335 [main] DEBUG net.serenitybdd.core.photography.Darkroom - Send negative for processing for target\site\serenity\b1a52ba2a567f3b67e3ec180b33d6fab6c649de9c8af83807a05669754db42d6.png
18:17:43.335 [Darkroom Processing Line] DEBUG net.serenitybdd.core.photography.DarkroomProcessingLine - Processing screenshot image in /var/screenshots/screenshot-2666675357277909431
18:17:43.335 [Darkroom Processing Line] DEBUG net.serenitybdd.core.photography.DarkroomProcessingLine - Saving screenshot to target\site\serenity\b1a52ba2a567f3b67e3ec180b33d6fab6c649de9c8af83807a05669754db42d6.png
18:17:43.341 [Forwarding findElement on session 8660129b7ddaaca2fe399704d291a4b0 to remote] DEBUG org.asynchttpclient.netty.request.NettyRequestSender - Using pooled Channel '[id: 0x0f440e53, L:/127.0.0.1:49195 - R:localhost/127.0.0.1:58666]' for 'POST' to 'http://localhost:58666/session/8660129b7ddaaca2fe399704d291a4b0/element'
18:17:43.341 [Forwarding findElement on session 8660129b7ddaaca2fe399704d291a4b0 to remote] DEBUG org.asynchttpclient.netty.request.NettyRequestSender - Using open Channel [id: 0x0f440e53, L:/127.0.0.1:49195 - R:localhost/127.0.0.1:58666] for POST '/session/8660129b7ddaaca2fe399704d291a4b0/element'
18:17:43.350 [AsyncHttpClient-1-2] DEBUG org.asynchttpclient.netty.handler.HttpHandler - 

Request DefaultHttpRequest(decodeResult: success, version: HTTP/1.1)
POST /session/8660129b7ddaaca2fe399704d291a4b0/element HTTP/1.1
User-Agent: selenium/4.1.2 (java windows)
Content-Length: 88
Content-Type: application/json; charset=utf-8
host: localhost:58666
accept: */*

Response DefaultHttpResponse(decodeResult: success, version: HTTP/1.1)
HTTP/1.1 200 OK
Content-Type: application/json; charset=utf-8
cache-control: no-cache
content-length: 88

18:17:43.351 [AsyncHttpClient-1-2] DEBUG org.asynchttpclient.netty.channel.ChannelManager - Adding key: http://localhost:58666 for channel [id: 0x0f440e53, L:/127.0.0.1:49195 - R:localhost/127.0.0.1:58666]
18:17:43.352 [Forwarding clearElement on session 8660129b7ddaaca2fe399704d291a4b0 to remote] DEBUG org.asynchttpclient.netty.request.NettyRequestSender - Using pooled Channel '[id: 0x0f440e53, L:/127.0.0.1:49195 - R:localhost/127.0.0.1:58666]' for 'POST' to 'http://localhost:58666/session/8660129b7ddaaca2fe399704d291a4b0/element/f968d9fa-d99b-4712-b926-bf4209207d2b/clear'
18:17:43.352 [Forwarding clearElement on session 8660129b7ddaaca2fe399704d291a4b0 to remote] DEBUG org.asynchttpclient.netty.request.NettyRequestSender - Using open Channel [id: 0x0f440e53, L:/127.0.0.1:49195 - R:localhost/127.0.0.1:58666] for POST '/session/8660129b7ddaaca2fe399704d291a4b0/element/f968d9fa-d99b-4712-b926-bf4209207d2b/clear'
18:17:43.377 [AsyncHttpClient-1-2] DEBUG org.asynchttpclient.netty.handler.HttpHandler - 

Request DefaultHttpRequest(decodeResult: success, version: HTTP/1.1)
POST /session/8660129b7ddaaca2fe399704d291a4b0/element/f968d9fa-d99b-4712-b926-bf4209207d2b/clear HTTP/1.1
User-Agent: selenium/4.1.2 (java windows)
Content-Length: 50
Content-Type: application/json; charset=utf-8
host: localhost:58666
accept: */*

Response DefaultHttpResponse(decodeResult: success, version: HTTP/1.1)
HTTP/1.1 200 OK
Content-Type: application/json; charset=utf-8
cache-control: no-cache
content-length: 14

18:17:43.377 [AsyncHttpClient-1-2] DEBUG org.asynchttpclient.netty.channel.ChannelManager - Adding key: http://localhost:58666 for channel [id: 0x0f440e53, L:/127.0.0.1:49195 - R:localhost/127.0.0.1:58666]
18:17:43.378 [Forwarding sendKeysToElement on session 8660129b7ddaaca2fe399704d291a4b0 to remote] DEBUG org.asynchttpclient.netty.request.NettyRequestSender - Using pooled Channel '[id: 0x0f440e53, L:/127.0.0.1:49195 - R:localhost/127.0.0.1:58666]' for 'POST' to 'http://localhost:58666/session/8660129b7ddaaca2fe399704d291a4b0/element/f968d9fa-d99b-4712-b926-bf4209207d2b/value'
18:17:43.378 [Forwarding sendKeysToElement on session 8660129b7ddaaca2fe399704d291a4b0 to remote] DEBUG org.asynchttpclient.netty.request.NettyRequestSender - Using open Channel [id: 0x0f440e53, L:/127.0.0.1:49195 - R:localhost/127.0.0.1:58666] for POST '/session/8660129b7ddaaca2fe399704d291a4b0/element/f968d9fa-d99b-4712-b926-bf4209207d2b/value'
18:17:43.494 [AsyncHttpClient-1-2] DEBUG org.asynchttpclient.netty.handler.HttpHandler - 

Request DefaultHttpRequest(decodeResult: success, version: HTTP/1.1)
POST /session/8660129b7ddaaca2fe399704d291a4b0/element/f968d9fa-d99b-4712-b926-bf4209207d2b/value HTTP/1.1
User-Agent: selenium/4.1.2 (java windows)
Content-Length: 261
Content-Type: application/json; charset=utf-8
host: localhost:58666
accept: */*

Response DefaultHttpResponse(decodeResult: success, version: HTTP/1.1)
HTTP/1.1 200 OK
Content-Type: application/json; charset=utf-8
cache-control: no-cache
content-length: 14

18:17:43.494 [AsyncHttpClient-1-2] DEBUG org.asynchttpclient.netty.channel.ChannelManager - Adding key: http://localhost:58666 for channel [id: 0x0f440e53, L:/127.0.0.1:49195 - R:localhost/127.0.0.1:58666]
  &amp#27;[32mWhen &amp#27;[0m&amp#27;[32mI input &amp#27;[0m&amp#27;[32m&amp#27;[1m"rilaaarn@gmail.com"&amp#27;[0m&amp#27;[32m email&amp#27;[0m &amp#27;[90m# starter.stepdefinitions.LoginStepDefinition.iInputEmail(java.lang.String)&amp#27;[0m
18:17:43.497 [Forwarding screenshot on session 8660129b7ddaaca2fe399704d291a4b0 to remote] DEBUG org.asynchttpclient.netty.request.NettyRequestSender - Using pooled Channel '[id: 0x0f440e53, L:/127.0.0.1:49195 - R:localhost/127.0.0.1:58666]' for 'GET' to 'http://localhost:58666/session/8660129b7ddaaca2fe399704d291a4b0/screenshot'
18:17:43.497 [Forwarding screenshot on session 8660129b7ddaaca2fe399704d291a4b0 to remote] DEBUG org.asynchttpclient.netty.request.NettyRequestSender - Using open Channel [id: 0x0f440e53, L:/127.0.0.1:49195 - R:localhost/127.0.0.1:58666] for GET '/session/8660129b7ddaaca2fe399704d291a4b0/screenshot'
18:17:43.676 [AsyncHttpClient-1-2] DEBUG org.asynchttpclient.netty.handler.HttpHandler - 

Request DefaultFullHttpRequest(decodeResult: success, version: HTTP/1.1, content: EmptyByteBufBE)
GET /session/8660129b7ddaaca2fe399704d291a4b0/screenshot HTTP/1.1
User-Agent: selenium/4.1.2 (java windows)
Cache-Control: no-cache
Content-Type: application/json; charset=utf-8
host: localhost:58666
accept: */*

Response DefaultHttpResponse(decodeResult: success, version: HTTP/1.1)
HTTP/1.1 200 OK
Content-Type: application/json; charset=utf-8
cache-control: no-cache
content-length: 38324

18:17:43.676 [AsyncHttpClient-1-2] DEBUG org.asynchttpclient.netty.channel.ChannelManager - Adding key: http://localhost:58666 for channel [id: 0x0f440e53, L:/127.0.0.1:49195 - R:localhost/127.0.0.1:58666]
18:17:43.677 [main] DEBUG net.serenitybdd.core.photography.Darkroom - Send negative for processing for target\site\serenity\38123f4f7e7ed1ab435bce00367d000791f2c1caa794fb9776a43c8c36152a8e.png
18:17:43.677 [Darkroom Processing Line] DEBUG net.serenitybdd.core.photography.DarkroomProcessingLine - Processing screenshot image in /var/screenshots/screenshot-3097080805880032423
18:17:43.677 [Darkroom Processing Line] DEBUG net.serenitybdd.core.photography.DarkroomProcessingLine - Saving screenshot to target\site\serenity\38123f4f7e7ed1ab435bce00367d000791f2c1caa794fb9776a43c8c36152a8e.png
18:17:43.682 [Forwarding findElement on session 8660129b7ddaaca2fe399704d291a4b0 to remote] DEBUG org.asynchttpclient.netty.request.NettyRequestSender - Using pooled Channel '[id: 0x0f440e53, L:/127.0.0.1:49195 - R:localhost/127.0.0.1:58666]' for 'POST' to 'http://localhost:58666/session/8660129b7ddaaca2fe399704d291a4b0/element'
18:17:43.682 [Forwarding findElement on session 8660129b7ddaaca2fe399704d291a4b0 to remote] DEBUG org.asynchttpclient.netty.request.NettyRequestSender - Using open Channel [id: 0x0f440e53, L:/127.0.0.1:49195 - R:localhost/127.0.0.1:58666] for POST '/session/8660129b7ddaaca2fe399704d291a4b0/element'
18:17:43.691 [AsyncHttpClient-1-2] DEBUG org.asynchttpclient.netty.handler.HttpHandler - 

Request DefaultHttpRequest(decodeResult: success, version: HTTP/1.1)
POST /session/8660129b7ddaaca2fe399704d291a4b0/element HTTP/1.1
User-Agent: selenium/4.1.2 (java windows)
Content-Length: 91
Content-Type: application/json; charset=utf-8
host: localhost:58666
accept: */*

Response DefaultHttpResponse(decodeResult: success, version: HTTP/1.1)
HTTP/1.1 200 OK
Content-Type: application/json; charset=utf-8
cache-control: no-cache
content-length: 88

18:17:43.691 [AsyncHttpClient-1-2] DEBUG org.asynchttpclient.netty.channel.ChannelManager - Adding key: http://localhost:58666 for channel [id: 0x0f440e53, L:/127.0.0.1:49195 - R:localhost/127.0.0.1:58666]
18:17:43.692 [Forwarding clearElement on session 8660129b7ddaaca2fe399704d291a4b0 to remote] DEBUG org.asynchttpclient.netty.request.NettyRequestSender - Using pooled Channel '[id: 0x0f440e53, L:/127.0.0.1:49195 - R:localhost/127.0.0.1:58666]' for 'POST' to 'http://localhost:58666/session/8660129b7ddaaca2fe399704d291a4b0/element/37abbbc7-98f3-4744-813b-1b90d58eef53/clear'
18:17:43.692 [Forwarding clearElement on session 8660129b7ddaaca2fe399704d291a4b0 to remote] DEBUG org.asynchttpclient.netty.request.NettyRequestSender - Using open Channel [id: 0x0f440e53, L:/127.0.0.1:49195 - R:localhost/127.0.0.1:58666] for POST '/session/8660129b7ddaaca2fe399704d291a4b0/element/37abbbc7-98f3-4744-813b-1b90d58eef53/clear'
18:17:43.718 [AsyncHttpClient-1-2] DEBUG org.asynchttpclient.netty.handler.HttpHandler - 

Request DefaultHttpRequest(decodeResult: success, version: HTTP/1.1)
POST /session/8660129b7ddaaca2fe399704d291a4b0/element/37abbbc7-98f3-4744-813b-1b90d58eef53/clear HTTP/1.1
User-Agent: selenium/4.1.2 (java windows)
Content-Length: 50
Content-Type: application/json; charset=utf-8
host: localhost:58666
accept: */*

Response DefaultHttpResponse(decodeResult: success, version: HTTP/1.1)
HTTP/1.1 200 OK
Content-Type: application/json; charset=utf-8
cache-control: no-cache
content-length: 14

18:17:43.718 [AsyncHttpClient-1-2] DEBUG org.asynchttpclient.netty.channel.ChannelManager - Adding key: http://localhost:58666 for channel [id: 0x0f440e53, L:/127.0.0.1:49195 - R:localhost/127.0.0.1:58666]
18:17:43.719 [Forwarding sendKeysToElement on session 8660129b7ddaaca2fe399704d291a4b0 to remote] DEBUG org.asynchttpclient.netty.request.NettyRequestSender - Using pooled Channel '[id: 0x0f440e53, L:/127.0.0.1:49195 - R:localhost/127.0.0.1:58666]' for 'POST' to 'http://localhost:58666/session/8660129b7ddaaca2fe399704d291a4b0/element/37abbbc7-98f3-4744-813b-1b90d58eef53/value'
18:17:43.720 [Forwarding sendKeysToElement on session 8660129b7ddaaca2fe399704d291a4b0 to remote] DEBUG org.asynchttpclient.netty.request.NettyRequestSender - Using open Channel [id: 0x0f440e53, L:/127.0.0.1:49195 - R:localhost/127.0.0.1:58666] for POST '/session/8660129b7ddaaca2fe399704d291a4b0/element/37abbbc7-98f3-4744-813b-1b90d58eef53/value'
18:17:43.784 [AsyncHttpClient-1-2] DEBUG org.asynchttpclient.netty.handler.HttpHandler - 

Request DefaultHttpRequest(decodeResult: success, version: HTTP/1.1)
POST /session/8660129b7ddaaca2fe399704d291a4b0/element/37abbbc7-98f3-4744-813b-1b90d58eef53/value HTTP/1.1
User-Agent: selenium/4.1.2 (java windows)
Content-Length: 161
Content-Type: application/json; charset=utf-8
host: localhost:58666
accept: */*

Response DefaultHttpResponse(decodeResult: success, version: HTTP/1.1)
HTTP/1.1 200 OK
Content-Type: application/json; charset=utf-8
cache-control: no-cache
content-length: 14

18:17:43.785 [AsyncHttpClient-1-2] DEBUG org.asynchttpclient.netty.channel.ChannelManager - Adding key: http://localhost:58666 for channel [id: 0x0f440e53, L:/127.0.0.1:49195 - R:localhost/127.0.0.1:58666]
  &amp#27;[32mAnd &amp#27;[0m&amp#27;[32mI input &amp#27;[0m&amp#27;[32m&amp#27;[1m"aaaaaaaa"&amp#27;[0m&amp#27;[32m password&amp#27;[0m         &amp#27;[90m# starter.stepdefinitions.LoginStepDefinition.iInputPassword(java.lang.String)&amp#27;[0m
18:17:43.787 [AsyncHttpClient-1-1] DEBUG org.asynchttpclient.netty.channel.DefaultChannelPool - Entry count for : http://localhost:58666 : 1
18:17:43.787 [AsyncHttpClient-1-1] DEBUG org.asynchttpclient.netty.channel.DefaultChannelPool - Entry count for : http://localhost:49196 : 1
18:17:43.791 [Forwarding screenshot on session 8660129b7ddaaca2fe399704d291a4b0 to remote] DEBUG org.asynchttpclient.netty.request.NettyRequestSender - Using pooled Channel '[id: 0x0f440e53, L:/127.0.0.1:49195 - R:localhost/127.0.0.1:58666]' for 'GET' to 'http://localhost:58666/session/8660129b7ddaaca2fe399704d291a4b0/screenshot'
18:17:43.791 [Forwarding screenshot on session 8660129b7ddaaca2fe399704d291a4b0 to remote] DEBUG org.asynchttpclient.netty.request.NettyRequestSender - Using open Channel [id: 0x0f440e53, L:/127.0.0.1:49195 - R:localhost/127.0.0.1:58666] for GET '/session/8660129b7ddaaca2fe399704d291a4b0/screenshot'
18:17:43.963 [AsyncHttpClient-1-2] DEBUG org.asynchttpclient.netty.handler.HttpHandler - 

Request DefaultFullHttpRequest(decodeResult: success, version: HTTP/1.1, content: EmptyByteBufBE)
GET /session/8660129b7ddaaca2fe399704d291a4b0/screenshot HTTP/1.1
User-Agent: selenium/4.1.2 (java windows)
Cache-Control: no-cache
Content-Type: application/json; charset=utf-8
host: localhost:58666
accept: */*

Response DefaultHttpResponse(decodeResult: success, version: HTTP/1.1)
HTTP/1.1 200 OK
Content-Type: application/json; charset=utf-8
cache-control: no-cache
content-length: 39964

18:17:43.964 [AsyncHttpClient-1-2] DEBUG org.asynchttpclient.netty.channel.ChannelManager - Adding key: http://localhost:58666 for channel [id: 0x0f440e53, L:/127.0.0.1:49195 - R:localhost/127.0.0.1:58666]
18:17:43.965 [main] DEBUG net.serenitybdd.core.photography.Darkroom - Send negative for processing for target\site\serenity\bad1be62e582bbb36be917176d179899a069257e276d1a4455d04b0d6a80ff5d.png
18:17:43.965 [Darkroom Processing Line] DEBUG net.serenitybdd.core.photography.DarkroomProcessingLine - Processing screenshot image in /var/screenshots/screenshot-14817224961464051943
18:17:43.965 [Darkroom Processing Line] DEBUG net.serenitybdd.core.photography.DarkroomProcessingLine - Saving screenshot to target\site\serenity\bad1be62e582bbb36be917176d179899a069257e276d1a4455d04b0d6a80ff5d.png
18:17:43.973 [Forwarding findElement on session 8660129b7ddaaca2fe399704d291a4b0 to remote] DEBUG org.asynchttpclient.netty.request.NettyRequestSender - Using pooled Channel '[id: 0x0f440e53, L:/127.0.0.1:49195 - R:localhost/127.0.0.1:58666]' for 'POST' to 'http://localhost:58666/session/8660129b7ddaaca2fe399704d291a4b0/element'
18:17:43.973 [Forwarding findElement on session 8660129b7ddaaca2fe399704d291a4b0 to remote] DEBUG org.asynchttpclient.netty.request.NettyRequestSender - Using open Channel [id: 0x0f440e53, L:/127.0.0.1:49195 - R:localhost/127.0.0.1:58666] for POST '/session/8660129b7ddaaca2fe399704d291a4b0/element'
18:17:43.983 [AsyncHttpClient-1-2] DEBUG org.asynchttpclient.netty.handler.HttpHandler - 

Request DefaultHttpRequest(decodeResult: success, version: HTTP/1.1)
POST /session/8660129b7ddaaca2fe399704d291a4b0/element HTTP/1.1
User-Agent: selenium/4.1.2 (java windows)
Content-Length: 83
Content-Type: application/json; charset=utf-8
host: localhost:58666
accept: */*

Response DefaultHttpResponse(decodeResult: success, version: HTTP/1.1)
HTTP/1.1 200 OK
Content-Type: application/json; charset=utf-8
cache-control: no-cache
content-length: 88

18:17:43.983 [AsyncHttpClient-1-2] DEBUG org.asynchttpclient.netty.channel.ChannelManager - Adding key: http://localhost:58666 for channel [id: 0x0f440e53, L:/127.0.0.1:49195 - R:localhost/127.0.0.1:58666]
18:17:43.984 [Forwarding getElementTagName on session 8660129b7ddaaca2fe399704d291a4b0 to remote] DEBUG org.asynchttpclient.netty.request.NettyRequestSender - Using pooled Channel '[id: 0x0f440e53, L:/127.0.0.1:49195 - R:localhost/127.0.0.1:58666]' for 'GET' to 'http://localhost:58666/session/8660129b7ddaaca2fe399704d291a4b0/element/33a4f3c0-4097-4e6a-a529-ae8323c68008/name'
18:17:43.984 [Forwarding getElementTagName on session 8660129b7ddaaca2fe399704d291a4b0 to remote] DEBUG org.asynchttpclient.netty.request.NettyRequestSender - Using open Channel [id: 0x0f440e53, L:/127.0.0.1:49195 - R:localhost/127.0.0.1:58666] for GET '/session/8660129b7ddaaca2fe399704d291a4b0/element/33a4f3c0-4097-4e6a-a529-ae8323c68008/name'
18:17:43.987 [AsyncHttpClient-1-2] DEBUG org.asynchttpclient.netty.handler.HttpHandler - 

Request DefaultFullHttpRequest(decodeResult: success, version: HTTP/1.1, content: EmptyByteBufBE)
GET /session/8660129b7ddaaca2fe399704d291a4b0/element/33a4f3c0-4097-4e6a-a529-ae8323c68008/name HTTP/1.1
User-Agent: selenium/4.1.2 (java windows)
Cache-Control: no-cache
Content-Type: application/json; charset=utf-8
host: localhost:58666
accept: */*

Response DefaultHttpResponse(decodeResult: success, version: HTTP/1.1)
HTTP/1.1 200 OK
Content-Type: application/json; charset=utf-8
cache-control: no-cache
content-length: 16

18:17:43.988 [AsyncHttpClient-1-2] DEBUG org.asynchttpclient.netty.channel.ChannelManager - Adding key: http://localhost:58666 for channel [id: 0x0f440e53, L:/127.0.0.1:49195 - R:localhost/127.0.0.1:58666]
18:17:43.989 [Forwarding getElementTagName on session 8660129b7ddaaca2fe399704d291a4b0 to remote] DEBUG org.asynchttpclient.netty.request.NettyRequestSender - Using pooled Channel '[id: 0x0f440e53, L:/127.0.0.1:49195 - R:localhost/127.0.0.1:58666]' for 'GET' to 'http://localhost:58666/session/8660129b7ddaaca2fe399704d291a4b0/element/33a4f3c0-4097-4e6a-a529-ae8323c68008/name'
18:17:43.990 [Forwarding getElementTagName on session 8660129b7ddaaca2fe399704d291a4b0 to remote] DEBUG org.asynchttpclient.netty.request.NettyRequestSender - Using open Channel [id: 0x0f440e53, L:/127.0.0.1:49195 - R:localhost/127.0.0.1:58666] for GET '/session/8660129b7ddaaca2fe399704d291a4b0/element/33a4f3c0-4097-4e6a-a529-ae8323c68008/name'
18:17:43.994 [AsyncHttpClient-1-2] DEBUG org.asynchttpclient.netty.handler.HttpHandler - 

Request DefaultFullHttpRequest(decodeResult: success, version: HTTP/1.1, content: EmptyByteBufBE)
GET /session/8660129b7ddaaca2fe399704d291a4b0/element/33a4f3c0-4097-4e6a-a529-ae8323c68008/name HTTP/1.1
User-Agent: selenium/4.1.2 (java windows)
Cache-Control: no-cache
Content-Type: application/json; charset=utf-8
host: localhost:58666
accept: */*

Response DefaultHttpResponse(decodeResult: success, version: HTTP/1.1)
HTTP/1.1 200 OK
Content-Type: application/json; charset=utf-8
cache-control: no-cache
content-length: 16

18:17:43.994 [AsyncHttpClient-1-2] DEBUG org.asynchttpclient.netty.channel.ChannelManager - Adding key: http://localhost:58666 for channel [id: 0x0f440e53, L:/127.0.0.1:49195 - R:localhost/127.0.0.1:58666]
18:17:43.997 [Forwarding findElement on session 8660129b7ddaaca2fe399704d291a4b0 to remote] DEBUG org.asynchttpclient.netty.request.NettyRequestSender - Using pooled Channel '[id: 0x0f440e53, L:/127.0.0.1:49195 - R:localhost/127.0.0.1:58666]' for 'POST' to 'http://localhost:58666/session/8660129b7ddaaca2fe399704d291a4b0/element'
18:17:43.997 [Forwarding findElement on session 8660129b7ddaaca2fe399704d291a4b0 to remote] DEBUG org.asynchttpclient.netty.request.NettyRequestSender - Using open Channel [id: 0x0f440e53, L:/127.0.0.1:49195 - R:localhost/127.0.0.1:58666] for POST '/session/8660129b7ddaaca2fe399704d291a4b0/element'
18:17:44.003 [AsyncHttpClient-1-2] DEBUG org.asynchttpclient.netty.handler.HttpHandler - 

Request DefaultHttpRequest(decodeResult: success, version: HTTP/1.1)
POST /session/8660129b7ddaaca2fe399704d291a4b0/element HTTP/1.1
User-Agent: selenium/4.1.2 (java windows)
Content-Length: 83
Content-Type: application/json; charset=utf-8
host: localhost:58666
accept: */*

Response DefaultHttpResponse(decodeResult: success, version: HTTP/1.1)
HTTP/1.1 200 OK
Content-Type: application/json; charset=utf-8
cache-control: no-cache
content-length: 88

18:17:44.003 [AsyncHttpClient-1-2] DEBUG org.asynchttpclient.netty.channel.ChannelManager - Adding key: http://localhost:58666 for channel [id: 0x0f440e53, L:/127.0.0.1:49195 - R:localhost/127.0.0.1:58666]
18:17:44.004 [Forwarding clickElement on session 8660129b7ddaaca2fe399704d291a4b0 to remote] DEBUG org.asynchttpclient.netty.request.NettyRequestSender - Using pooled Channel '[id: 0x0f440e53, L:/127.0.0.1:49195 - R:localhost/127.0.0.1:58666]' for 'POST' to 'http://localhost:58666/session/8660129b7ddaaca2fe399704d291a4b0/element/33a4f3c0-4097-4e6a-a529-ae8323c68008/click'
18:17:44.004 [Forwarding clickElement on session 8660129b7ddaaca2fe399704d291a4b0 to remote] DEBUG org.asynchttpclient.netty.request.NettyRequestSender - Using open Channel [id: 0x0f440e53, L:/127.0.0.1:49195 - R:localhost/127.0.0.1:58666] for POST '/session/8660129b7ddaaca2fe399704d291a4b0/element/33a4f3c0-4097-4e6a-a529-ae8323c68008/click'
18:17:44.035 [AsyncHttpClient-1-2] DEBUG org.asynchttpclient.netty.handler.HttpHandler - 

Request DefaultHttpRequest(decodeResult: success, version: HTTP/1.1)
POST /session/8660129b7ddaaca2fe399704d291a4b0/element/33a4f3c0-4097-4e6a-a529-ae8323c68008/click HTTP/1.1
User-Agent: selenium/4.1.2 (java windows)
Content-Length: 50
Content-Type: application/json; charset=utf-8
host: localhost:58666
accept: */*

Response DefaultHttpResponse(decodeResult: success, version: HTTP/1.1)
HTTP/1.1 200 OK
Content-Type: application/json; charset=utf-8
cache-control: no-cache
content-length: 14

18:17:44.035 [AsyncHttpClient-1-2] DEBUG org.asynchttpclient.netty.channel.ChannelManager - Adding key: http://localhost:58666 for channel [id: 0x0f440e53, L:/127.0.0.1:49195 - R:localhost/127.0.0.1:58666]
  &amp#27;[32mAnd &amp#27;[0m&amp#27;[32mI click Login button&amp#27;[0m                &amp#27;[90m# starter.stepdefinitions.LoginStepDefinition.iClickLoginButton()&amp#27;[0m
18:17:44.039 [Forwarding screenshot on session 8660129b7ddaaca2fe399704d291a4b0 to remote] DEBUG org.asynchttpclient.netty.request.NettyRequestSender - Using pooled Channel '[id: 0x0f440e53, L:/127.0.0.1:49195 - R:localhost/127.0.0.1:58666]' for 'GET' to 'http://localhost:58666/session/8660129b7ddaaca2fe399704d291a4b0/screenshot'
18:17:44.039 [Forwarding screenshot on session 8660129b7ddaaca2fe399704d291a4b0 to remote] DEBUG org.asynchttpclient.netty.request.NettyRequestSender - Using open Channel [id: 0x0f440e53, L:/127.0.0.1:49195 - R:localhost/127.0.0.1:58666] for GET '/session/8660129b7ddaaca2fe399704d291a4b0/screenshot'
18:17:44.197 [AsyncHttpClient-1-2] DEBUG org.asynchttpclient.netty.handler.HttpHandler - 

Request DefaultFullHttpRequest(decodeResult: success, version: HTTP/1.1, content: EmptyByteBufBE)
GET /session/8660129b7ddaaca2fe399704d291a4b0/screenshot HTTP/1.1
User-Agent: selenium/4.1.2 (java windows)
Cache-Control: no-cache
Content-Type: application/json; charset=utf-8
host: localhost:58666
accept: */*

Response DefaultHttpResponse(decodeResult: success, version: HTTP/1.1)
HTTP/1.1 200 OK
Content-Type: application/json; charset=utf-8
cache-control: no-cache
content-length: 39104

18:17:44.198 [AsyncHttpClient-1-2] DEBUG org.asynchttpclient.netty.channel.ChannelManager - Adding key: http://localhost:58666 for channel [id: 0x0f440e53, L:/127.0.0.1:49195 - R:localhost/127.0.0.1:58666]
18:17:44.202 [main] DEBUG net.serenitybdd.core.photography.Darkroom - Send negative for processing for target\site\serenity\d8673cede0ff69f49a4591d5b583273728739b1360709c429bb9e3a4fb6f8816.png
18:17:44.205 [Darkroom Processing Line] DEBUG net.serenitybdd.core.photography.DarkroomProcessingLine - Processing screenshot image in /var/screenshots/screenshot-15741882369978111328
18:17:44.205 [Darkroom Processing Line] DEBUG net.serenitybdd.core.photography.DarkroomProcessingLine - Saving screenshot to target\site\serenity\d8673cede0ff69f49a4591d5b583273728739b1360709c429bb9e3a4fb6f8816.png
18:17:44.218 [Forwarding findElement on session 8660129b7ddaaca2fe399704d291a4b0 to remote] DEBUG org.asynchttpclient.netty.request.NettyRequestSender - Using pooled Channel '[id: 0x0f440e53, L:/127.0.0.1:49195 - R:localhost/127.0.0.1:58666]' for 'POST' to 'http://localhost:58666/session/8660129b7ddaaca2fe399704d291a4b0/element'
18:17:44.218 [Forwarding findElement on session 8660129b7ddaaca2fe399704d291a4b0 to remote] DEBUG org.asynchttpclient.netty.request.NettyRequestSender - Using open Channel [id: 0x0f440e53, L:/127.0.0.1:49195 - R:localhost/127.0.0.1:58666] for POST '/session/8660129b7ddaaca2fe399704d291a4b0/element'
18:17:44.888 [AsyncHttpClient-1-1] DEBUG org.asynchttpclient.netty.channel.DefaultChannelPool - Entry count for : http://localhost:49196 : 1
18:17:44.960 [AsyncHttpClient-1-2] DEBUG org.asynchttpclient.netty.handler.HttpHandler - 

Request DefaultHttpRequest(decodeResult: success, version: HTTP/1.1)
POST /session/8660129b7ddaaca2fe399704d291a4b0/element HTTP/1.1
User-Agent: selenium/4.1.2 (java windows)
Content-Length: 81
Content-Type: application/json; charset=utf-8
host: localhost:58666
accept: */*

Response DefaultHttpResponse(decodeResult: success, version: HTTP/1.1)
HTTP/1.1 200 OK
Content-Type: application/json; charset=utf-8
cache-control: no-cache
content-length: 88

18:17:44.960 [AsyncHttpClient-1-2] DEBUG org.asynchttpclient.netty.channel.ChannelManager - Adding key: http://localhost:58666 for channel [id: 0x0f440e53, L:/127.0.0.1:49195 - R:localhost/127.0.0.1:58666]
18:17:44.963 [Forwarding isElementDisplayed on session 8660129b7ddaaca2fe399704d291a4b0 to remote] DEBUG org.asynchttpclient.netty.request.NettyRequestSender - Using pooled Channel '[id: 0x0f440e53, L:/127.0.0.1:49195 - R:localhost/127.0.0.1:58666]' for 'POST' to 'http://localhost:58666/session/8660129b7ddaaca2fe399704d291a4b0/execute/sync'
18:17:44.963 [Forwarding isElementDisplayed on session 8660129b7ddaaca2fe399704d291a4b0 to remote] DEBUG org.asynchttpclient.netty.request.NettyRequestSender - Using open Channel [id: 0x0f440e53, L:/127.0.0.1:49195 - R:localhost/127.0.0.1:58666] for POST '/session/8660129b7ddaaca2fe399704d291a4b0/execute/sync'
18:17:44.974 [AsyncHttpClient-1-2] DEBUG org.asynchttpclient.netty.handler.HttpHandler - 

Request DefaultHttpRequest(decodeResult: success, version: HTTP/1.1)
POST /session/8660129b7ddaaca2fe399704d291a4b0/execute/sync HTTP/1.1
User-Agent: selenium/4.1.2 (java windows)
Content-Length: 48780
Content-Type: application/json; charset=utf-8
host: localhost:58666
accept: */*

Response DefaultHttpResponse(decodeResult: success, version: HTTP/1.1)
HTTP/1.1 200 OK
Content-Type: application/json; charset=utf-8
cache-control: no-cache
content-length: 14

18:17:44.974 [AsyncHttpClient-1-2] DEBUG org.asynchttpclient.netty.channel.ChannelManager - Adding key: http://localhost:58666 for channel [id: 0x0f440e53, L:/127.0.0.1:49195 - R:localhost/127.0.0.1:58666]
  &amp#27;[32mThen &amp#27;[0m&amp#27;[32mI will get the &amp#27;[0m&amp#27;[32m&amp#27;[1m"i can't login"&amp#27;[0m     &amp#27;[90m# starter.stepdefinitions.LoginStepDefinition.iWillGetThe(java.lang.String)&amp#27;[0m
18:17:44.977 [Forwarding screenshot on session 8660129b7ddaaca2fe399704d291a4b0 to remote] DEBUG org.asynchttpclient.netty.request.NettyRequestSender - Using pooled Channel '[id: 0x0f440e53, L:/127.0.0.1:49195 - R:localhost/127.0.0.1:58666]' for 'GET' to 'http://localhost:58666/session/8660129b7ddaaca2fe399704d291a4b0/screenshot'
18:17:44.977 [Forwarding screenshot on session 8660129b7ddaaca2fe399704d291a4b0 to remote] DEBUG org.asynchttpclient.netty.request.NettyRequestSender - Using open Channel [id: 0x0f440e53, L:/127.0.0.1:49195 - R:localhost/127.0.0.1:58666] for GET '/session/8660129b7ddaaca2fe399704d291a4b0/screenshot'
18:17:45.170 [AsyncHttpClient-1-2] DEBUG org.asynchttpclient.netty.handler.HttpHandler - 

Request DefaultFullHttpRequest(decodeResult: success, version: HTTP/1.1, content: EmptyByteBufBE)
GET /session/8660129b7ddaaca2fe399704d291a4b0/screenshot HTTP/1.1
User-Agent: selenium/4.1.2 (java windows)
Cache-Control: no-cache
Content-Type: application/json; charset=utf-8
host: localhost:58666
accept: */*

Response DefaultHttpResponse(decodeResult: success, version: HTTP/1.1)
HTTP/1.1 200 OK
Content-Type: application/json; charset=utf-8
cache-control: no-cache
content-length: 45272

18:17:45.171 [AsyncHttpClient-1-2] DEBUG org.asynchttpclient.netty.channel.ChannelManager - Adding key: http://localhost:58666 for channel [id: 0x0f440e53, L:/127.0.0.1:49195 - R:localhost/127.0.0.1:58666]
18:17:45.173 [main] DEBUG net.serenitybdd.core.photography.Darkroom - Send negative for processing for target\site\serenity\4cb88b8ee34ed28edf4c3b7652f272f582293892322fc1084bb61e76b7fbaa0d.png
18:17:45.173 [Darkroom Processing Line] DEBUG net.serenitybdd.core.photography.DarkroomProcessingLine - Processing screenshot image in /var/screenshots/screenshot-1138680638185301826
18:17:45.173 [Darkroom Processing Line] DEBUG net.serenitybdd.core.photography.DarkroomProcessingLine - Saving screenshot to target\site\serenity\4cb88b8ee34ed28edf4c3b7652f272f582293892322fc1084bb61e76b7fbaa0d.png
18:17:45.177 [AsyncHttpClient-1-4] DEBUG org.asynchttpclient.netty.handler.WebSocketHandler - Channel Closed: [id: 0xafe6dea2, L:/127.0.0.1:49203 ! R:localhost/127.0.0.1:49196] with attribute NettyResponseFuture{currentRetry=5,
	isDone=1,
	isCancelled=0,
	asyncHandler=org.asynchttpclient.ws.WebSocketUpgradeHandler@7444d271,
	nettyRequest=org.asynchttpclient.netty.request.NettyRequest@335c54c3,
	future=java.util.concurrent.CompletableFuture@331f3cb1[Completed normally],
	uri=ws://localhost:49196/devtools/browser/db0c212f-dac7-4704-8d19-79b2f63ad30a,
	keepAlive=true,
	redirectCount=0,
	timeoutsHolder=null,
	inAuth=0,
	touch=1667560661783}
18:17:45.177 [Driver Command Executor] DEBUG org.asynchttpclient.netty.request.NettyRequestSender - Using pooled Channel '[id: 0x0f440e53, L:/127.0.0.1:49195 - R:localhost/127.0.0.1:58666]' for 'DELETE' to 'http://localhost:58666/session/8660129b7ddaaca2fe399704d291a4b0'
18:17:45.177 [AsyncHttpClient-1-4] DEBUG org.asynchttpclient.netty.channel.ChannelManager - Closing Channel [id: 0xafe6dea2, L:/127.0.0.1:49203 ! R:localhost/127.0.0.1:49196] 
18:17:45.177 [Driver Command Executor] DEBUG org.asynchttpclient.netty.request.NettyRequestSender - Using open Channel [id: 0x0f440e53, L:/127.0.0.1:49195 - R:localhost/127.0.0.1:58666] for DELETE '/session/8660129b7ddaaca2fe399704d291a4b0'
18:17:45.255 [AsyncHttpClient-1-3] DEBUG org.asynchttpclient.netty.handler.HttpHandler - Unexpected I/O exception on channel [id: 0xeb4c96ab, L:/127.0.0.1:49202 - R:localhost/127.0.0.1:49196]
java.io.IOException: An existing connection was forcibly closed by the remote host
	at java.base/sun.nio.ch.SocketDispatcher.read0(Native Method)
	at java.base/sun.nio.ch.SocketDispatcher.read(SocketDispatcher.java:43)
	at java.base/sun.nio.ch.IOUtil.readIntoNativeBuffer(IOUtil.java:276)
	at java.base/sun.nio.ch.IOUtil.read(IOUtil.java:233)
	at java.base/sun.nio.ch.IOUtil.read(IOUtil.java:223)
	at java.base/sun.nio.ch.SocketChannelImpl.read(SocketChannelImpl.java:358)
	at io.netty.buffer.PooledByteBuf.setBytes(PooledByteBuf.java:258)
	at io.netty.buffer.AbstractByteBuf.writeBytes(AbstractByteBuf.java:1132)
	at io.netty.channel.socket.nio.NioSocketChannel.doReadBytes(NioSocketChannel.java:350)
	at io.netty.channel.nio.AbstractNioByteChannel$NioByteUnsafe.read(AbstractNioByteChannel.java:151)
	at io.netty.channel.nio.NioEventLoop.processSelectedKey(NioEventLoop.java:722)
	at io.netty.channel.nio.NioEventLoop.processSelectedKeysOptimized(NioEventLoop.java:658)
	at io.netty.channel.nio.NioEventLoop.processSelectedKeys(NioEventLoop.java:584)
	at io.netty.channel.nio.NioEventLoop.run(NioEventLoop.java:496)
	at io.netty.util.concurrent.SingleThreadEventExecutor$4.run(SingleThreadEventExecutor.java:986)
	at io.netty.util.internal.ThreadExecutorMap$2.run(ThreadExecutorMap.java:74)
	at io.netty.util.concurrent.FastThreadLocalRunnable.run(FastThreadLocalRunnable.java:30)
	at java.base/java.lang.Thread.run(Thread.java:834)
18:17:45.256 [AsyncHttpClient-1-3] DEBUG org.asynchttpclient.netty.channel.ChannelManager - Closing Channel [id: 0xeb4c96ab, L:/127.0.0.1:49202 - R:localhost/127.0.0.1:49196] 
18:17:45.256 [AsyncHttpClient-1-3] DEBUG org.asynchttpclient.netty.handler.HttpHandler - Channel Closed: [id: 0xeb4c96ab, L:/127.0.0.1:49202 ! R:localhost/127.0.0.1:49196] with attribute DISCARD
18:17:45.273 [AsyncHttpClient-1-2] DEBUG org.asynchttpclient.netty.handler.HttpHandler - 

Request DefaultFullHttpRequest(decodeResult: success, version: HTTP/1.1, content: EmptyByteBufBE)
DELETE /session/8660129b7ddaaca2fe399704d291a4b0 HTTP/1.1
User-Agent: selenium/4.1.2 (java windows)
Content-Type: application/json; charset=utf-8
host: localhost:58666
accept: */*

Response DefaultHttpResponse(decodeResult: success, version: HTTP/1.1)
HTTP/1.1 200 OK
Content-Type: application/json; charset=utf-8
cache-control: no-cache
content-length: 14

18:17:45.273 [AsyncHttpClient-1-2] DEBUG org.asynchttpclient.netty.channel.ChannelManager - Adding key: http://localhost:58666 for channel [id: 0x0f440e53, L:/127.0.0.1:49195 - R:localhost/127.0.0.1:58666]
18:17:45.321 [AsyncHttpClient-1-2] DEBUG org.asynchttpclient.netty.handler.HttpHandler - Channel Closed: [id: 0x0f440e53, L:/127.0.0.1:49195 ! R:localhost/127.0.0.1:58666] with attribute DISCARD
]]></system-out>
    <system-err><![CDATA[Starting ChromeDriver 107.0.5304.62 (1eec40d3a5764881c92085aaee66d25075c159aa-refs/branch-heads/5304@{#942}) on port 58666
Only local connections are allowed.
Please see https://chromedriver.chromium.org/security-considerations for suggestions on keeping ChromeDriver safe.
ChromeDriver was started successfully.
Nov 04, 2022 6:17:41 PM org.openqa.selenium.remote.ProtocolHandshake createSession
INFO: Detected dialect: W3C
Nov 04, 2022 6:17:41 PM org.openqa.selenium.devtools.CdpVersionFinder findNearestMatch
WARNING: Unable to find an exact match for CDP version 107, so returning the closest version found: a no-op implementation
Nov 04, 2022 6:17:41 PM org.openqa.selenium.devtools.CdpVersionFinder findNearestMatch
INFO: Unable to find CDP implementation matching 107.
Nov 04, 2022 6:17:41 PM org.openqa.selenium.chromium.ChromiumDriver lambda$new$3
WARNING: Unable to find version of CDP to use for . You may need to include a dependency on a specific version of the CDP using something similar to `org.seleniumhq.selenium:selenium-devtools-v86:4.1.2` where the version ("v86") matches the version of the chromium-based browser you're using and the version number of the artifact is the same as Selenium's.
]]></system-err>
  </testcase>
  <testcase name="Login with account #4" classname="Login" time="4.714">
    <system-out><![CDATA[
@Login
Scenario Outline: Login with account    &amp#27;[90m# src/test/resources/features/login.feature:19&amp#27;[0m
18:17:45.386 [main] INFO io.cucumber.core.plugin.SerenityReporter - Running feature from file:///D:/Ra/file%20kuliah/semester%207/resume%20alta/Mini%20Project/Web/AltaShop/src/test/resources/features/login.feature
18:17:45.401 [main] INFO net.serenitybdd.core.webdriver.driverproviders.ChromeDriverProvider - Using automatically driver download
18:17:45.518 [main] DEBUG io.github.bonigarcia.wdm.cache.ResolutionCache - Resolution chrome=107 in cache (valid until 18:54:29 04/11/2022 ICT)
18:17:45.521 [main] DEBUG io.github.bonigarcia.wdm.cache.ResolutionCache - Resolution chrome107=107.0.5304.62 in cache (valid until 17:54:29 05/11/2022 ICT)
18:17:45.523 [main] INFO io.github.bonigarcia.wdm.WebDriverManager - Using chromedriver 107.0.5304.62 (resolved driver for Chrome 107)
18:17:45.531 [main] DEBUG io.github.bonigarcia.wdm.WebDriverManager - Driver chromedriver 107.0.5304.62 found in cache
18:17:45.531 [main] INFO io.github.bonigarcia.wdm.WebDriverManager - Exporting webdriver.chrome.driver as C:\Users\rilaa\.cache\selenium\chromedriver\win32\107.0.5304.62\chromedriver.exe
18:17:45.614 [main] DEBUG net.serenitybdd.core.webdriver.driverproviders.ProvideNewDriver - Instantiating driver
18:17:45.614 [main] DEBUG net.serenitybdd.core.webdriver.driverproviders.ProvideNewDriver - Driver capabilities: Capabilities {acceptInsecureCerts: false, base.url: https://alta-shop.vercel.app, browserName: chrome, chrome.driver: src/test/resources/webdrive..., driver: chrome, goog:chromeOptions: {args: [], extensions: []}}
18:17:45.714 [AsyncHttpClient-1-5] DEBUG org.asynchttpclient.netty.channel.NettyConnectListener - Using new Channel '[id: 0xe3111682, L:/127.0.0.1:49221 - R:localhost/127.0.0.1:57028]' for 'POST' to '/session'
18:17:45.993 [AsyncHttpClient-1-1] DEBUG org.asynchttpclient.netty.channel.DefaultChannelPool - Entry count for : http://localhost:58666 : 1
18:17:45.994 [AsyncHttpClient-1-1] DEBUG org.asynchttpclient.netty.channel.DefaultChannelPool - Entry count for : http://localhost:49196 : 1
18:17:45.995 [AsyncHttpClient-1-1] DEBUG org.asynchttpclient.netty.channel.DefaultChannelPool - Adding Candidate expired Channel [id: 0x0f440e53, L:/127.0.0.1:49195 ! R:localhost/127.0.0.1:58666] isIdleTimeoutExpired=false isRemotelyClosed=true isTtlExpired=false
18:17:45.995 [AsyncHttpClient-1-1] DEBUG org.asynchttpclient.netty.channel.DefaultChannelPool - Closing Idle Channel [id: 0x0f440e53, L:/127.0.0.1:49195 ! R:localhost/127.0.0.1:58666]
18:17:45.995 [AsyncHttpClient-1-1] DEBUG org.asynchttpclient.netty.channel.DefaultChannelPool - Adding Candidate expired Channel [id: 0xeb4c96ab, L:/127.0.0.1:49202 ! R:localhost/127.0.0.1:49196] isIdleTimeoutExpired=false isRemotelyClosed=true isTtlExpired=false
18:17:45.995 [AsyncHttpClient-1-1] DEBUG org.asynchttpclient.netty.channel.DefaultChannelPool - Closing Idle Channel [id: 0xeb4c96ab, L:/127.0.0.1:49202 ! R:localhost/127.0.0.1:49196]
18:17:45.995 [AsyncHttpClient-1-1] DEBUG org.asynchttpclient.netty.channel.DefaultChannelPool - Closed 2 connections out of 2 in 0 ms
18:17:46.492 [AsyncHttpClient-1-5] DEBUG org.asynchttpclient.netty.handler.HttpHandler - 

Request DefaultHttpRequest(decodeResult: success, version: HTTP/1.1)
POST /session HTTP/1.1
User-Agent: selenium/4.1.2 (java windows)
Content-Length: 609
Content-Type: application/json; charset=utf-8
host: localhost:57028
accept: */*

Response DefaultHttpResponse(decodeResult: success, version: HTTP/1.1)
HTTP/1.1 200 OK
Content-Type: application/json; charset=utf-8
cache-control: no-cache
content-length: 789

18:17:46.492 [AsyncHttpClient-1-5] DEBUG org.asynchttpclient.netty.channel.ChannelManager - Adding key: http://localhost:57028 for channel [id: 0xe3111682, L:/127.0.0.1:49221 - R:localhost/127.0.0.1:57028]
18:17:46.502 [AsyncHttpClient-1-6] DEBUG org.asynchttpclient.netty.channel.NettyConnectListener - Using new Channel '[id: 0x584c37e4, L:/127.0.0.1:49228 - R:localhost/127.0.0.1:49222]' for 'GET' to '/json/version'
18:17:46.504 [AsyncHttpClient-1-6] DEBUG org.asynchttpclient.netty.handler.HttpHandler - 

Request DefaultFullHttpRequest(decodeResult: success, version: HTTP/1.1, content: EmptyByteBufBE)
GET /json/version HTTP/1.1
User-Agent: selenium/4.1.2 (java windows)
host: localhost:49222
accept: */*

Response DefaultHttpResponse(decodeResult: success, version: HTTP/1.1)
HTTP/1.1 200 OK
Content-Type: application/json; charset=UTF-8
content-length: 423

18:17:46.504 [AsyncHttpClient-1-6] DEBUG org.asynchttpclient.netty.channel.ChannelManager - Adding key: http://localhost:49222 for channel [id: 0x584c37e4, L:/127.0.0.1:49228 - R:localhost/127.0.0.1:49222]
18:17:46.517 [AsyncHttpClient-1-7] DEBUG org.asynchttpclient.netty.channel.NettyConnectListener - Using new Channel '[id: 0x80020b81, L:/127.0.0.1:49229 - R:localhost/127.0.0.1:49222]' for 'GET' to '/devtools/browser/dfa03dbf-9f12-4bdf-8719-7009dcd7c3e9'
18:17:46.517 [AsyncHttpClient-1-7] DEBUG org.asynchttpclient.netty.handler.WebSocketHandler - 

Request DefaultFullHttpRequest(decodeResult: success, version: HTTP/1.1, content: EmptyByteBufBE)
GET /devtools/browser/dfa03dbf-9f12-4bdf-8719-7009dcd7c3e9 HTTP/1.1
upgrade: websocket
connection: upgrade
sec-websocket-key: KwxM78YiVDefFvNjMujyQA==
sec-websocket-version: 13
origin: http://localhost:49222
host: localhost:49222
accept: */*
user-agent: AHC/2.1

Response DefaultHttpResponse(decodeResult: success, version: HTTP/1.1)
HTTP/1.1 101 WebSocket Protocol Handshake
Upgrade: WebSocket
Connection: Upgrade
Sec-WebSocket-Accept: mo1eGizArjMc2iRG7w27bOj+BTI=

18:17:46.525 [Forwarding get on session 9637c7cd032c38bdab1ab38a707359a1 to remote] DEBUG org.asynchttpclient.netty.request.NettyRequestSender - Using pooled Channel '[id: 0xe3111682, L:/127.0.0.1:49221 - R:localhost/127.0.0.1:57028]' for 'POST' to 'http://localhost:57028/session/9637c7cd032c38bdab1ab38a707359a1/url'
18:17:46.525 [Forwarding get on session 9637c7cd032c38bdab1ab38a707359a1 to remote] DEBUG org.asynchttpclient.netty.request.NettyRequestSender - Using open Channel [id: 0xe3111682, L:/127.0.0.1:49221 - R:localhost/127.0.0.1:57028] for POST '/session/9637c7cd032c38bdab1ab38a707359a1/url'
18:17:47.088 [AsyncHttpClient-1-1] DEBUG org.asynchttpclient.netty.channel.DefaultChannelPool - Entry count for : http://localhost:49222 : 1
18:17:47.413 [AsyncHttpClient-1-5] DEBUG org.asynchttpclient.netty.handler.HttpHandler - 

Request DefaultHttpRequest(decodeResult: success, version: HTTP/1.1)
POST /session/9637c7cd032c38bdab1ab38a707359a1/url HTTP/1.1
User-Agent: selenium/4.1.2 (java windows)
Content-Length: 59
Content-Type: application/json; charset=utf-8
host: localhost:57028
accept: */*

Response DefaultHttpResponse(decodeResult: success, version: HTTP/1.1)
HTTP/1.1 200 OK
Content-Type: application/json; charset=utf-8
cache-control: no-cache
content-length: 14

18:17:47.413 [AsyncHttpClient-1-5] DEBUG org.asynchttpclient.netty.channel.ChannelManager - Adding key: http://localhost:57028 for channel [id: 0xe3111682, L:/127.0.0.1:49221 - R:localhost/127.0.0.1:57028]
18:17:47.414 [Forwarding setTimeout on session 9637c7cd032c38bdab1ab38a707359a1 to remote] DEBUG org.asynchttpclient.netty.request.NettyRequestSender - Using pooled Channel '[id: 0xe3111682, L:/127.0.0.1:49221 - R:localhost/127.0.0.1:57028]' for 'POST' to 'http://localhost:57028/session/9637c7cd032c38bdab1ab38a707359a1/timeouts'
18:17:47.414 [Forwarding setTimeout on session 9637c7cd032c38bdab1ab38a707359a1 to remote] DEBUG org.asynchttpclient.netty.request.NettyRequestSender - Using open Channel [id: 0xe3111682, L:/127.0.0.1:49221 - R:localhost/127.0.0.1:57028] for POST '/session/9637c7cd032c38bdab1ab38a707359a1/timeouts'
18:17:47.416 [AsyncHttpClient-1-5] DEBUG org.asynchttpclient.netty.handler.HttpHandler - 

Request DefaultHttpRequest(decodeResult: success, version: HTTP/1.1)
POST /session/9637c7cd032c38bdab1ab38a707359a1/timeouts HTTP/1.1
User-Agent: selenium/4.1.2 (java windows)
Content-Length: 22
Content-Type: application/json; charset=utf-8
host: localhost:57028
accept: */*

Response DefaultHttpResponse(decodeResult: success, version: HTTP/1.1)
HTTP/1.1 200 OK
Content-Type: application/json; charset=utf-8
cache-control: no-cache
content-length: 14

18:17:47.417 [AsyncHttpClient-1-5] DEBUG org.asynchttpclient.netty.channel.ChannelManager - Adding key: http://localhost:57028 for channel [id: 0xe3111682, L:/127.0.0.1:49221 - R:localhost/127.0.0.1:57028]
18:17:47.423 [Forwarding getCurrentUrl on session 9637c7cd032c38bdab1ab38a707359a1 to remote] DEBUG org.asynchttpclient.netty.request.NettyRequestSender - Using pooled Channel '[id: 0xe3111682, L:/127.0.0.1:49221 - R:localhost/127.0.0.1:57028]' for 'GET' to 'http://localhost:57028/session/9637c7cd032c38bdab1ab38a707359a1/url'
18:17:47.423 [Forwarding getCurrentUrl on session 9637c7cd032c38bdab1ab38a707359a1 to remote] DEBUG org.asynchttpclient.netty.request.NettyRequestSender - Using open Channel [id: 0xe3111682, L:/127.0.0.1:49221 - R:localhost/127.0.0.1:57028] for GET '/session/9637c7cd032c38bdab1ab38a707359a1/url'
18:17:47.429 [AsyncHttpClient-1-5] DEBUG org.asynchttpclient.netty.handler.HttpHandler - 

Request DefaultFullHttpRequest(decodeResult: success, version: HTTP/1.1, content: EmptyByteBufBE)
GET /session/9637c7cd032c38bdab1ab38a707359a1/url HTTP/1.1
User-Agent: selenium/4.1.2 (java windows)
Cache-Control: no-cache
Content-Type: application/json; charset=utf-8
host: localhost:57028
accept: */*

Response DefaultHttpResponse(decodeResult: success, version: HTTP/1.1)
HTTP/1.1 200 OK
Content-Type: application/json; charset=utf-8
cache-control: no-cache
content-length: 41

18:17:47.429 [AsyncHttpClient-1-5] DEBUG org.asynchttpclient.netty.channel.ChannelManager - Adding key: http://localhost:57028 for channel [id: 0xe3111682, L:/127.0.0.1:49221 - R:localhost/127.0.0.1:57028]
18:17:47.433 [Forwarding findElement on session 9637c7cd032c38bdab1ab38a707359a1 to remote] DEBUG org.asynchttpclient.netty.request.NettyRequestSender - Using pooled Channel '[id: 0xe3111682, L:/127.0.0.1:49221 - R:localhost/127.0.0.1:57028]' for 'POST' to 'http://localhost:57028/session/9637c7cd032c38bdab1ab38a707359a1/element'
18:17:47.433 [Forwarding findElement on session 9637c7cd032c38bdab1ab38a707359a1 to remote] DEBUG org.asynchttpclient.netty.request.NettyRequestSender - Using open Channel [id: 0xe3111682, L:/127.0.0.1:49221 - R:localhost/127.0.0.1:57028] for POST '/session/9637c7cd032c38bdab1ab38a707359a1/element'
18:17:47.447 [AsyncHttpClient-1-5] DEBUG org.asynchttpclient.netty.handler.HttpHandler - 

Request DefaultHttpRequest(decodeResult: success, version: HTTP/1.1)
POST /session/9637c7cd032c38bdab1ab38a707359a1/element HTTP/1.1
User-Agent: selenium/4.1.2 (java windows)
Content-Length: 77
Content-Type: application/json; charset=utf-8
host: localhost:57028
accept: */*

Response DefaultHttpResponse(decodeResult: success, version: HTTP/1.1)
HTTP/1.1 200 OK
Content-Type: application/json; charset=utf-8
cache-control: no-cache
content-length: 88

18:17:47.447 [AsyncHttpClient-1-5] DEBUG org.asynchttpclient.netty.channel.ChannelManager - Adding key: http://localhost:57028 for channel [id: 0xe3111682, L:/127.0.0.1:49221 - R:localhost/127.0.0.1:57028]
18:17:47.453 [Forwarding isElementDisplayed on session 9637c7cd032c38bdab1ab38a707359a1 to remote] DEBUG org.asynchttpclient.netty.request.NettyRequestSender - Using pooled Channel '[id: 0xe3111682, L:/127.0.0.1:49221 - R:localhost/127.0.0.1:57028]' for 'POST' to 'http://localhost:57028/session/9637c7cd032c38bdab1ab38a707359a1/execute/sync'
18:17:47.453 [Forwarding isElementDisplayed on session 9637c7cd032c38bdab1ab38a707359a1 to remote] DEBUG org.asynchttpclient.netty.request.NettyRequestSender - Using open Channel [id: 0xe3111682, L:/127.0.0.1:49221 - R:localhost/127.0.0.1:57028] for POST '/session/9637c7cd032c38bdab1ab38a707359a1/execute/sync'
18:17:47.474 [AsyncHttpClient-1-5] DEBUG org.asynchttpclient.netty.handler.HttpHandler - 

Request DefaultHttpRequest(decodeResult: success, version: HTTP/1.1)
POST /session/9637c7cd032c38bdab1ab38a707359a1/execute/sync HTTP/1.1
User-Agent: selenium/4.1.2 (java windows)
Content-Length: 48780
Content-Type: application/json; charset=utf-8
host: localhost:57028
accept: */*

Response DefaultHttpResponse(decodeResult: success, version: HTTP/1.1)
HTTP/1.1 200 OK
Content-Type: application/json; charset=utf-8
cache-control: no-cache
content-length: 14

18:17:47.474 [AsyncHttpClient-1-5] DEBUG org.asynchttpclient.netty.channel.ChannelManager - Adding key: http://localhost:57028 for channel [id: 0xe3111682, L:/127.0.0.1:49221 - R:localhost/127.0.0.1:57028]
  &amp#27;[32mGiven &amp#27;[0m&amp#27;[32mI am on the home page&amp#27;[0m           &amp#27;[90m# starter.stepdefinitions.LoginStepDefinition.iAmOnTheHomePage()&amp#27;[0m
18:17:47.481 [Forwarding screenshot on session 9637c7cd032c38bdab1ab38a707359a1 to remote] DEBUG org.asynchttpclient.netty.request.NettyRequestSender - Using pooled Channel '[id: 0xe3111682, L:/127.0.0.1:49221 - R:localhost/127.0.0.1:57028]' for 'GET' to 'http://localhost:57028/session/9637c7cd032c38bdab1ab38a707359a1/screenshot'
18:17:47.481 [Forwarding screenshot on session 9637c7cd032c38bdab1ab38a707359a1 to remote] DEBUG org.asynchttpclient.netty.request.NettyRequestSender - Using open Channel [id: 0xe3111682, L:/127.0.0.1:49221 - R:localhost/127.0.0.1:57028] for GET '/session/9637c7cd032c38bdab1ab38a707359a1/screenshot'
18:17:47.684 [AsyncHttpClient-1-5] DEBUG org.asynchttpclient.netty.handler.HttpHandler - 

Request DefaultFullHttpRequest(decodeResult: success, version: HTTP/1.1, content: EmptyByteBufBE)
GET /session/9637c7cd032c38bdab1ab38a707359a1/screenshot HTTP/1.1
User-Agent: selenium/4.1.2 (java windows)
Cache-Control: no-cache
Content-Type: application/json; charset=utf-8
host: localhost:57028
accept: */*

Response DefaultHttpResponse(decodeResult: success, version: HTTP/1.1)
HTTP/1.1 200 OK
Content-Type: application/json; charset=utf-8
cache-control: no-cache
content-length: 33964

18:17:47.684 [AsyncHttpClient-1-5] DEBUG org.asynchttpclient.netty.channel.ChannelManager - Adding key: http://localhost:57028 for channel [id: 0xe3111682, L:/127.0.0.1:49221 - R:localhost/127.0.0.1:57028]
18:17:47.685 [main] DEBUG net.serenitybdd.core.photography.Darkroom - Send negative for processing for target\site\serenity\e8f4fd45ad3fccd4d76ec4db5e6466410fdbbfc02d207ee83dacb9c7410295ef.png
18:17:47.686 [Darkroom Processing Line] DEBUG net.serenitybdd.core.photography.DarkroomProcessingLine - Processing screenshot image in /var/screenshots/screenshot-9352711160223707055
18:17:47.686 [Darkroom Processing Line] DEBUG net.serenitybdd.core.photography.DarkroomProcessingLine - Saving screenshot to target\site\serenity\e8f4fd45ad3fccd4d76ec4db5e6466410fdbbfc02d207ee83dacb9c7410295ef.png
18:17:47.694 [Forwarding findElement on session 9637c7cd032c38bdab1ab38a707359a1 to remote] DEBUG org.asynchttpclient.netty.request.NettyRequestSender - Using pooled Channel '[id: 0xe3111682, L:/127.0.0.1:49221 - R:localhost/127.0.0.1:57028]' for 'POST' to 'http://localhost:57028/session/9637c7cd032c38bdab1ab38a707359a1/element'
18:17:47.694 [Forwarding findElement on session 9637c7cd032c38bdab1ab38a707359a1 to remote] DEBUG org.asynchttpclient.netty.request.NettyRequestSender - Using open Channel [id: 0xe3111682, L:/127.0.0.1:49221 - R:localhost/127.0.0.1:57028] for POST '/session/9637c7cd032c38bdab1ab38a707359a1/element'
18:17:47.704 [AsyncHttpClient-1-5] DEBUG org.asynchttpclient.netty.handler.HttpHandler - 

Request DefaultHttpRequest(decodeResult: success, version: HTTP/1.1)
POST /session/9637c7cd032c38bdab1ab38a707359a1/element HTTP/1.1
User-Agent: selenium/4.1.2 (java windows)
Content-Length: 97
Content-Type: application/json; charset=utf-8
host: localhost:57028
accept: */*

Response DefaultHttpResponse(decodeResult: success, version: HTTP/1.1)
HTTP/1.1 200 OK
Content-Type: application/json; charset=utf-8
cache-control: no-cache
content-length: 88

18:17:47.704 [AsyncHttpClient-1-5] DEBUG org.asynchttpclient.netty.channel.ChannelManager - Adding key: http://localhost:57028 for channel [id: 0xe3111682, L:/127.0.0.1:49221 - R:localhost/127.0.0.1:57028]
18:17:47.706 [Forwarding getElementTagName on session 9637c7cd032c38bdab1ab38a707359a1 to remote] DEBUG org.asynchttpclient.netty.request.NettyRequestSender - Using pooled Channel '[id: 0xe3111682, L:/127.0.0.1:49221 - R:localhost/127.0.0.1:57028]' for 'GET' to 'http://localhost:57028/session/9637c7cd032c38bdab1ab38a707359a1/element/eb2196b3-51a7-4f9c-b826-a874133c7867/name'
18:17:47.706 [Forwarding getElementTagName on session 9637c7cd032c38bdab1ab38a707359a1 to remote] DEBUG org.asynchttpclient.netty.request.NettyRequestSender - Using open Channel [id: 0xe3111682, L:/127.0.0.1:49221 - R:localhost/127.0.0.1:57028] for GET '/session/9637c7cd032c38bdab1ab38a707359a1/element/eb2196b3-51a7-4f9c-b826-a874133c7867/name'
18:17:47.711 [AsyncHttpClient-1-5] DEBUG org.asynchttpclient.netty.handler.HttpHandler - 

Request DefaultFullHttpRequest(decodeResult: success, version: HTTP/1.1, content: EmptyByteBufBE)
GET /session/9637c7cd032c38bdab1ab38a707359a1/element/eb2196b3-51a7-4f9c-b826-a874133c7867/name HTTP/1.1
User-Agent: selenium/4.1.2 (java windows)
Cache-Control: no-cache
Content-Type: application/json; charset=utf-8
host: localhost:57028
accept: */*

Response DefaultHttpResponse(decodeResult: success, version: HTTP/1.1)
HTTP/1.1 200 OK
Content-Type: application/json; charset=utf-8
cache-control: no-cache
content-length: 13

18:17:47.711 [AsyncHttpClient-1-5] DEBUG org.asynchttpclient.netty.channel.ChannelManager - Adding key: http://localhost:57028 for channel [id: 0xe3111682, L:/127.0.0.1:49221 - R:localhost/127.0.0.1:57028]
18:17:47.712 [Forwarding getElementTagName on session 9637c7cd032c38bdab1ab38a707359a1 to remote] DEBUG org.asynchttpclient.netty.request.NettyRequestSender - Using pooled Channel '[id: 0xe3111682, L:/127.0.0.1:49221 - R:localhost/127.0.0.1:57028]' for 'GET' to 'http://localhost:57028/session/9637c7cd032c38bdab1ab38a707359a1/element/eb2196b3-51a7-4f9c-b826-a874133c7867/name'
18:17:47.712 [Forwarding getElementTagName on session 9637c7cd032c38bdab1ab38a707359a1 to remote] DEBUG org.asynchttpclient.netty.request.NettyRequestSender - Using open Channel [id: 0xe3111682, L:/127.0.0.1:49221 - R:localhost/127.0.0.1:57028] for GET '/session/9637c7cd032c38bdab1ab38a707359a1/element/eb2196b3-51a7-4f9c-b826-a874133c7867/name'
18:17:47.717 [AsyncHttpClient-1-5] DEBUG org.asynchttpclient.netty.handler.HttpHandler - 

Request DefaultFullHttpRequest(decodeResult: success, version: HTTP/1.1, content: EmptyByteBufBE)
GET /session/9637c7cd032c38bdab1ab38a707359a1/element/eb2196b3-51a7-4f9c-b826-a874133c7867/name HTTP/1.1
User-Agent: selenium/4.1.2 (java windows)
Cache-Control: no-cache
Content-Type: application/json; charset=utf-8
host: localhost:57028
accept: */*

Response DefaultHttpResponse(decodeResult: success, version: HTTP/1.1)
HTTP/1.1 200 OK
Content-Type: application/json; charset=utf-8
cache-control: no-cache
content-length: 13

18:17:47.717 [AsyncHttpClient-1-5] DEBUG org.asynchttpclient.netty.channel.ChannelManager - Adding key: http://localhost:57028 for channel [id: 0xe3111682, L:/127.0.0.1:49221 - R:localhost/127.0.0.1:57028]
18:17:47.718 [Forwarding findElement on session 9637c7cd032c38bdab1ab38a707359a1 to remote] DEBUG org.asynchttpclient.netty.request.NettyRequestSender - Using pooled Channel '[id: 0xe3111682, L:/127.0.0.1:49221 - R:localhost/127.0.0.1:57028]' for 'POST' to 'http://localhost:57028/session/9637c7cd032c38bdab1ab38a707359a1/element'
18:17:47.718 [Forwarding findElement on session 9637c7cd032c38bdab1ab38a707359a1 to remote] DEBUG org.asynchttpclient.netty.request.NettyRequestSender - Using open Channel [id: 0xe3111682, L:/127.0.0.1:49221 - R:localhost/127.0.0.1:57028] for POST '/session/9637c7cd032c38bdab1ab38a707359a1/element'
18:17:47.726 [AsyncHttpClient-1-5] DEBUG org.asynchttpclient.netty.handler.HttpHandler - 

Request DefaultHttpRequest(decodeResult: success, version: HTTP/1.1)
POST /session/9637c7cd032c38bdab1ab38a707359a1/element HTTP/1.1
User-Agent: selenium/4.1.2 (java windows)
Content-Length: 97
Content-Type: application/json; charset=utf-8
host: localhost:57028
accept: */*

Response DefaultHttpResponse(decodeResult: success, version: HTTP/1.1)
HTTP/1.1 200 OK
Content-Type: application/json; charset=utf-8
cache-control: no-cache
content-length: 88

18:17:47.726 [AsyncHttpClient-1-5] DEBUG org.asynchttpclient.netty.channel.ChannelManager - Adding key: http://localhost:57028 for channel [id: 0xe3111682, L:/127.0.0.1:49221 - R:localhost/127.0.0.1:57028]
18:17:47.728 [Forwarding clickElement on session 9637c7cd032c38bdab1ab38a707359a1 to remote] DEBUG org.asynchttpclient.netty.request.NettyRequestSender - Using pooled Channel '[id: 0xe3111682, L:/127.0.0.1:49221 - R:localhost/127.0.0.1:57028]' for 'POST' to 'http://localhost:57028/session/9637c7cd032c38bdab1ab38a707359a1/element/eb2196b3-51a7-4f9c-b826-a874133c7867/click'
18:17:47.728 [Forwarding clickElement on session 9637c7cd032c38bdab1ab38a707359a1 to remote] DEBUG org.asynchttpclient.netty.request.NettyRequestSender - Using open Channel [id: 0xe3111682, L:/127.0.0.1:49221 - R:localhost/127.0.0.1:57028] for POST '/session/9637c7cd032c38bdab1ab38a707359a1/element/eb2196b3-51a7-4f9c-b826-a874133c7867/click'
18:17:47.766 [AsyncHttpClient-1-5] DEBUG org.asynchttpclient.netty.handler.HttpHandler - 

Request DefaultHttpRequest(decodeResult: success, version: HTTP/1.1)
POST /session/9637c7cd032c38bdab1ab38a707359a1/element/eb2196b3-51a7-4f9c-b826-a874133c7867/click HTTP/1.1
User-Agent: selenium/4.1.2 (java windows)
Content-Length: 50
Content-Type: application/json; charset=utf-8
host: localhost:57028
accept: */*

Response DefaultHttpResponse(decodeResult: success, version: HTTP/1.1)
HTTP/1.1 200 OK
Content-Type: application/json; charset=utf-8
cache-control: no-cache
content-length: 14

18:17:47.766 [AsyncHttpClient-1-5] DEBUG org.asynchttpclient.netty.channel.ChannelManager - Adding key: http://localhost:57028 for channel [id: 0xe3111682, L:/127.0.0.1:49221 - R:localhost/127.0.0.1:57028]
  &amp#27;[32mAnd &amp#27;[0m&amp#27;[32mI click login icon&amp#27;[0m                &amp#27;[90m# starter.stepdefinitions.LoginStepDefinition.iClickLoginIcon()&amp#27;[0m
18:17:47.773 [Forwarding screenshot on session 9637c7cd032c38bdab1ab38a707359a1 to remote] DEBUG org.asynchttpclient.netty.request.NettyRequestSender - Using pooled Channel '[id: 0xe3111682, L:/127.0.0.1:49221 - R:localhost/127.0.0.1:57028]' for 'GET' to 'http://localhost:57028/session/9637c7cd032c38bdab1ab38a707359a1/screenshot'
18:17:47.774 [Forwarding screenshot on session 9637c7cd032c38bdab1ab38a707359a1 to remote] DEBUG org.asynchttpclient.netty.request.NettyRequestSender - Using open Channel [id: 0xe3111682, L:/127.0.0.1:49221 - R:localhost/127.0.0.1:57028] for GET '/session/9637c7cd032c38bdab1ab38a707359a1/screenshot'
18:17:48.017 [AsyncHttpClient-1-5] DEBUG org.asynchttpclient.netty.handler.HttpHandler - 

Request DefaultFullHttpRequest(decodeResult: success, version: HTTP/1.1, content: EmptyByteBufBE)
GET /session/9637c7cd032c38bdab1ab38a707359a1/screenshot HTTP/1.1
User-Agent: selenium/4.1.2 (java windows)
Cache-Control: no-cache
Content-Type: application/json; charset=utf-8
host: localhost:57028
accept: */*

Response DefaultHttpResponse(decodeResult: success, version: HTTP/1.1)
HTTP/1.1 200 OK
Content-Type: application/json; charset=utf-8
cache-control: no-cache
content-length: 35064

18:17:48.017 [AsyncHttpClient-1-5] DEBUG org.asynchttpclient.netty.channel.ChannelManager - Adding key: http://localhost:57028 for channel [id: 0xe3111682, L:/127.0.0.1:49221 - R:localhost/127.0.0.1:57028]
18:17:48.018 [main] DEBUG net.serenitybdd.core.photography.Darkroom - Send negative for processing for target\site\serenity\a34d4b90dc763efd0c5ce71d3267a76f8b6642ca329857c070451265bad8a2f8.png
18:17:48.018 [Darkroom Processing Line] DEBUG net.serenitybdd.core.photography.DarkroomProcessingLine - Processing screenshot image in /var/screenshots/screenshot-9896670832317161435
18:17:48.018 [Darkroom Processing Line] DEBUG net.serenitybdd.core.photography.DarkroomProcessingLine - Saving screenshot to target\site\serenity\a34d4b90dc763efd0c5ce71d3267a76f8b6642ca329857c070451265bad8a2f8.png
18:17:48.027 [Forwarding findElement on session 9637c7cd032c38bdab1ab38a707359a1 to remote] DEBUG org.asynchttpclient.netty.request.NettyRequestSender - Using pooled Channel '[id: 0xe3111682, L:/127.0.0.1:49221 - R:localhost/127.0.0.1:57028]' for 'POST' to 'http://localhost:57028/session/9637c7cd032c38bdab1ab38a707359a1/element'
18:17:48.027 [Forwarding findElement on session 9637c7cd032c38bdab1ab38a707359a1 to remote] DEBUG org.asynchttpclient.netty.request.NettyRequestSender - Using open Channel [id: 0xe3111682, L:/127.0.0.1:49221 - R:localhost/127.0.0.1:57028] for POST '/session/9637c7cd032c38bdab1ab38a707359a1/element'
18:17:48.037 [AsyncHttpClient-1-5] DEBUG org.asynchttpclient.netty.handler.HttpHandler - 

Request DefaultHttpRequest(decodeResult: success, version: HTTP/1.1)
POST /session/9637c7cd032c38bdab1ab38a707359a1/element HTTP/1.1
User-Agent: selenium/4.1.2 (java windows)
Content-Length: 88
Content-Type: application/json; charset=utf-8
host: localhost:57028
accept: */*

Response DefaultHttpResponse(decodeResult: success, version: HTTP/1.1)
HTTP/1.1 200 OK
Content-Type: application/json; charset=utf-8
cache-control: no-cache
content-length: 88

18:17:48.037 [AsyncHttpClient-1-5] DEBUG org.asynchttpclient.netty.channel.ChannelManager - Adding key: http://localhost:57028 for channel [id: 0xe3111682, L:/127.0.0.1:49221 - R:localhost/127.0.0.1:57028]
18:17:48.037 [Forwarding clearElement on session 9637c7cd032c38bdab1ab38a707359a1 to remote] DEBUG org.asynchttpclient.netty.request.NettyRequestSender - Using pooled Channel '[id: 0xe3111682, L:/127.0.0.1:49221 - R:localhost/127.0.0.1:57028]' for 'POST' to 'http://localhost:57028/session/9637c7cd032c38bdab1ab38a707359a1/element/bb30d42f-ed83-4dea-b8b1-af2d43e97bcd/clear'
18:17:48.037 [Forwarding clearElement on session 9637c7cd032c38bdab1ab38a707359a1 to remote] DEBUG org.asynchttpclient.netty.request.NettyRequestSender - Using open Channel [id: 0xe3111682, L:/127.0.0.1:49221 - R:localhost/127.0.0.1:57028] for POST '/session/9637c7cd032c38bdab1ab38a707359a1/element/bb30d42f-ed83-4dea-b8b1-af2d43e97bcd/clear'
18:17:48.068 [AsyncHttpClient-1-5] DEBUG org.asynchttpclient.netty.handler.HttpHandler - 

Request DefaultHttpRequest(decodeResult: success, version: HTTP/1.1)
POST /session/9637c7cd032c38bdab1ab38a707359a1/element/bb30d42f-ed83-4dea-b8b1-af2d43e97bcd/clear HTTP/1.1
User-Agent: selenium/4.1.2 (java windows)
Content-Length: 50
Content-Type: application/json; charset=utf-8
host: localhost:57028
accept: */*

Response DefaultHttpResponse(decodeResult: success, version: HTTP/1.1)
HTTP/1.1 200 OK
Content-Type: application/json; charset=utf-8
cache-control: no-cache
content-length: 14

18:17:48.068 [AsyncHttpClient-1-5] DEBUG org.asynchttpclient.netty.channel.ChannelManager - Adding key: http://localhost:57028 for channel [id: 0xe3111682, L:/127.0.0.1:49221 - R:localhost/127.0.0.1:57028]
18:17:48.069 [Forwarding sendKeysToElement on session 9637c7cd032c38bdab1ab38a707359a1 to remote] DEBUG org.asynchttpclient.netty.request.NettyRequestSender - Using pooled Channel '[id: 0xe3111682, L:/127.0.0.1:49221 - R:localhost/127.0.0.1:57028]' for 'POST' to 'http://localhost:57028/session/9637c7cd032c38bdab1ab38a707359a1/element/bb30d42f-ed83-4dea-b8b1-af2d43e97bcd/value'
18:17:48.069 [Forwarding sendKeysToElement on session 9637c7cd032c38bdab1ab38a707359a1 to remote] DEBUG org.asynchttpclient.netty.request.NettyRequestSender - Using open Channel [id: 0xe3111682, L:/127.0.0.1:49221 - R:localhost/127.0.0.1:57028] for POST '/session/9637c7cd032c38bdab1ab38a707359a1/element/bb30d42f-ed83-4dea-b8b1-af2d43e97bcd/value'
18:17:48.150 [AsyncHttpClient-1-5] DEBUG org.asynchttpclient.netty.handler.HttpHandler - 

Request DefaultHttpRequest(decodeResult: success, version: HTTP/1.1)
POST /session/9637c7cd032c38bdab1ab38a707359a1/element/bb30d42f-ed83-4dea-b8b1-af2d43e97bcd/value HTTP/1.1
User-Agent: selenium/4.1.2 (java windows)
Content-Length: 161
Content-Type: application/json; charset=utf-8
host: localhost:57028
accept: */*

Response DefaultHttpResponse(decodeResult: success, version: HTTP/1.1)
HTTP/1.1 200 OK
Content-Type: application/json; charset=utf-8
cache-control: no-cache
content-length: 14

18:17:48.150 [AsyncHttpClient-1-5] DEBUG org.asynchttpclient.netty.channel.ChannelManager - Adding key: http://localhost:57028 for channel [id: 0xe3111682, L:/127.0.0.1:49221 - R:localhost/127.0.0.1:57028]
  &amp#27;[32mWhen &amp#27;[0m&amp#27;[32mI input &amp#27;[0m&amp#27;[32m&amp#27;[1m"aaaaaaaa"&amp#27;[0m&amp#27;[32m email&amp#27;[0m         &amp#27;[90m# starter.stepdefinitions.LoginStepDefinition.iInputEmail(java.lang.String)&amp#27;[0m
18:17:48.158 [Forwarding screenshot on session 9637c7cd032c38bdab1ab38a707359a1 to remote] DEBUG org.asynchttpclient.netty.request.NettyRequestSender - Using pooled Channel '[id: 0xe3111682, L:/127.0.0.1:49221 - R:localhost/127.0.0.1:57028]' for 'GET' to 'http://localhost:57028/session/9637c7cd032c38bdab1ab38a707359a1/screenshot'
18:17:48.158 [Forwarding screenshot on session 9637c7cd032c38bdab1ab38a707359a1 to remote] DEBUG org.asynchttpclient.netty.request.NettyRequestSender - Using open Channel [id: 0xe3111682, L:/127.0.0.1:49221 - R:localhost/127.0.0.1:57028] for GET '/session/9637c7cd032c38bdab1ab38a707359a1/screenshot'
18:17:48.195 [AsyncHttpClient-1-1] DEBUG org.asynchttpclient.netty.channel.DefaultChannelPool - Entry count for : http://localhost:49222 : 1
18:17:48.332 [AsyncHttpClient-1-5] DEBUG org.asynchttpclient.netty.handler.HttpHandler - 

Request DefaultFullHttpRequest(decodeResult: success, version: HTTP/1.1, content: EmptyByteBufBE)
GET /session/9637c7cd032c38bdab1ab38a707359a1/screenshot HTTP/1.1
User-Agent: selenium/4.1.2 (java windows)
Cache-Control: no-cache
Content-Type: application/json; charset=utf-8
host: localhost:57028
accept: */*

Response DefaultHttpResponse(decodeResult: success, version: HTTP/1.1)
HTTP/1.1 200 OK
Content-Type: application/json; charset=utf-8
cache-control: no-cache
content-length: 35980

18:17:48.332 [AsyncHttpClient-1-5] DEBUG org.asynchttpclient.netty.channel.ChannelManager - Adding key: http://localhost:57028 for channel [id: 0xe3111682, L:/127.0.0.1:49221 - R:localhost/127.0.0.1:57028]
18:17:48.333 [main] DEBUG net.serenitybdd.core.photography.Darkroom - Send negative for processing for target\site\serenity\d547e73fb9f265f3cf12d9aea6e0a6678eafeae4a42a25be6982e24e29cc0d27.png
18:17:48.333 [Darkroom Processing Line] DEBUG net.serenitybdd.core.photography.DarkroomProcessingLine - Processing screenshot image in /var/screenshots/screenshot-13643714374552885366
18:17:48.333 [Darkroom Processing Line] DEBUG net.serenitybdd.core.photography.DarkroomProcessingLine - Saving screenshot to target\site\serenity\d547e73fb9f265f3cf12d9aea6e0a6678eafeae4a42a25be6982e24e29cc0d27.png
18:17:48.341 [Forwarding findElement on session 9637c7cd032c38bdab1ab38a707359a1 to remote] DEBUG org.asynchttpclient.netty.request.NettyRequestSender - Using pooled Channel '[id: 0xe3111682, L:/127.0.0.1:49221 - R:localhost/127.0.0.1:57028]' for 'POST' to 'http://localhost:57028/session/9637c7cd032c38bdab1ab38a707359a1/element'
18:17:48.342 [Forwarding findElement on session 9637c7cd032c38bdab1ab38a707359a1 to remote] DEBUG org.asynchttpclient.netty.request.NettyRequestSender - Using open Channel [id: 0xe3111682, L:/127.0.0.1:49221 - R:localhost/127.0.0.1:57028] for POST '/session/9637c7cd032c38bdab1ab38a707359a1/element'
18:17:48.350 [AsyncHttpClient-1-5] DEBUG org.asynchttpclient.netty.handler.HttpHandler - 

Request DefaultHttpRequest(decodeResult: success, version: HTTP/1.1)
POST /session/9637c7cd032c38bdab1ab38a707359a1/element HTTP/1.1
User-Agent: selenium/4.1.2 (java windows)
Content-Length: 91
Content-Type: application/json; charset=utf-8
host: localhost:57028
accept: */*

Response DefaultHttpResponse(decodeResult: success, version: HTTP/1.1)
HTTP/1.1 200 OK
Content-Type: application/json; charset=utf-8
cache-control: no-cache
content-length: 88

18:17:48.350 [AsyncHttpClient-1-5] DEBUG org.asynchttpclient.netty.channel.ChannelManager - Adding key: http://localhost:57028 for channel [id: 0xe3111682, L:/127.0.0.1:49221 - R:localhost/127.0.0.1:57028]
18:17:48.351 [Forwarding clearElement on session 9637c7cd032c38bdab1ab38a707359a1 to remote] DEBUG org.asynchttpclient.netty.request.NettyRequestSender - Using pooled Channel '[id: 0xe3111682, L:/127.0.0.1:49221 - R:localhost/127.0.0.1:57028]' for 'POST' to 'http://localhost:57028/session/9637c7cd032c38bdab1ab38a707359a1/element/9e0a4feb-3916-48e4-8ae4-3859e430e1ee/clear'
18:17:48.351 [Forwarding clearElement on session 9637c7cd032c38bdab1ab38a707359a1 to remote] DEBUG org.asynchttpclient.netty.request.NettyRequestSender - Using open Channel [id: 0xe3111682, L:/127.0.0.1:49221 - R:localhost/127.0.0.1:57028] for POST '/session/9637c7cd032c38bdab1ab38a707359a1/element/9e0a4feb-3916-48e4-8ae4-3859e430e1ee/clear'
18:17:48.376 [AsyncHttpClient-1-5] DEBUG org.asynchttpclient.netty.handler.HttpHandler - 

Request DefaultHttpRequest(decodeResult: success, version: HTTP/1.1)
POST /session/9637c7cd032c38bdab1ab38a707359a1/element/9e0a4feb-3916-48e4-8ae4-3859e430e1ee/clear HTTP/1.1
User-Agent: selenium/4.1.2 (java windows)
Content-Length: 50
Content-Type: application/json; charset=utf-8
host: localhost:57028
accept: */*

Response DefaultHttpResponse(decodeResult: success, version: HTTP/1.1)
HTTP/1.1 200 OK
Content-Type: application/json; charset=utf-8
cache-control: no-cache
content-length: 14

18:17:48.376 [AsyncHttpClient-1-5] DEBUG org.asynchttpclient.netty.channel.ChannelManager - Adding key: http://localhost:57028 for channel [id: 0xe3111682, L:/127.0.0.1:49221 - R:localhost/127.0.0.1:57028]
18:17:48.377 [Forwarding sendKeysToElement on session 9637c7cd032c38bdab1ab38a707359a1 to remote] DEBUG org.asynchttpclient.netty.request.NettyRequestSender - Using pooled Channel '[id: 0xe3111682, L:/127.0.0.1:49221 - R:localhost/127.0.0.1:57028]' for 'POST' to 'http://localhost:57028/session/9637c7cd032c38bdab1ab38a707359a1/element/9e0a4feb-3916-48e4-8ae4-3859e430e1ee/value'
18:17:48.377 [Forwarding sendKeysToElement on session 9637c7cd032c38bdab1ab38a707359a1 to remote] DEBUG org.asynchttpclient.netty.request.NettyRequestSender - Using open Channel [id: 0xe3111682, L:/127.0.0.1:49221 - R:localhost/127.0.0.1:57028] for POST '/session/9637c7cd032c38bdab1ab38a707359a1/element/9e0a4feb-3916-48e4-8ae4-3859e430e1ee/value'
18:17:48.469 [AsyncHttpClient-1-5] DEBUG org.asynchttpclient.netty.handler.HttpHandler - 

Request DefaultHttpRequest(decodeResult: success, version: HTTP/1.1)
POST /session/9637c7cd032c38bdab1ab38a707359a1/element/9e0a4feb-3916-48e4-8ae4-3859e430e1ee/value HTTP/1.1
User-Agent: selenium/4.1.2 (java windows)
Content-Length: 221
Content-Type: application/json; charset=utf-8
host: localhost:57028
accept: */*

Response DefaultHttpResponse(decodeResult: success, version: HTTP/1.1)
HTTP/1.1 200 OK
Content-Type: application/json; charset=utf-8
cache-control: no-cache
content-length: 14

18:17:48.469 [AsyncHttpClient-1-5] DEBUG org.asynchttpclient.netty.channel.ChannelManager - Adding key: http://localhost:57028 for channel [id: 0xe3111682, L:/127.0.0.1:49221 - R:localhost/127.0.0.1:57028]
  &amp#27;[32mAnd &amp#27;[0m&amp#27;[32mI input &amp#27;[0m&amp#27;[32m&amp#27;[1m"Rilaafhrila15!"&amp#27;[0m&amp#27;[32m password&amp#27;[0m &amp#27;[90m# starter.stepdefinitions.LoginStepDefinition.iInputPassword(java.lang.String)&amp#27;[0m
18:17:48.476 [Forwarding screenshot on session 9637c7cd032c38bdab1ab38a707359a1 to remote] DEBUG org.asynchttpclient.netty.request.NettyRequestSender - Using pooled Channel '[id: 0xe3111682, L:/127.0.0.1:49221 - R:localhost/127.0.0.1:57028]' for 'GET' to 'http://localhost:57028/session/9637c7cd032c38bdab1ab38a707359a1/screenshot'
18:17:48.476 [Forwarding screenshot on session 9637c7cd032c38bdab1ab38a707359a1 to remote] DEBUG org.asynchttpclient.netty.request.NettyRequestSender - Using open Channel [id: 0xe3111682, L:/127.0.0.1:49221 - R:localhost/127.0.0.1:57028] for GET '/session/9637c7cd032c38bdab1ab38a707359a1/screenshot'
18:17:48.676 [AsyncHttpClient-1-5] DEBUG org.asynchttpclient.netty.handler.HttpHandler - 

Request DefaultFullHttpRequest(decodeResult: success, version: HTTP/1.1, content: EmptyByteBufBE)
GET /session/9637c7cd032c38bdab1ab38a707359a1/screenshot HTTP/1.1
User-Agent: selenium/4.1.2 (java windows)
Cache-Control: no-cache
Content-Type: application/json; charset=utf-8
host: localhost:57028
accept: */*

Response DefaultHttpResponse(decodeResult: success, version: HTTP/1.1)
HTTP/1.1 200 OK
Content-Type: application/json; charset=utf-8
cache-control: no-cache
content-length: 38156

18:17:48.676 [AsyncHttpClient-1-5] DEBUG org.asynchttpclient.netty.channel.ChannelManager - Adding key: http://localhost:57028 for channel [id: 0xe3111682, L:/127.0.0.1:49221 - R:localhost/127.0.0.1:57028]
18:17:48.678 [main] DEBUG net.serenitybdd.core.photography.Darkroom - Send negative for processing for target\site\serenity\c80bccf978a23835df5b4385408c93e6e727111e8b0e44b3f0ab1b1095cefedd.png
18:17:48.678 [Darkroom Processing Line] DEBUG net.serenitybdd.core.photography.DarkroomProcessingLine - Processing screenshot image in /var/screenshots/screenshot-18299856614935016179
18:17:48.678 [Darkroom Processing Line] DEBUG net.serenitybdd.core.photography.DarkroomProcessingLine - Saving screenshot to target\site\serenity\c80bccf978a23835df5b4385408c93e6e727111e8b0e44b3f0ab1b1095cefedd.png
18:17:48.683 [Forwarding findElement on session 9637c7cd032c38bdab1ab38a707359a1 to remote] DEBUG org.asynchttpclient.netty.request.NettyRequestSender - Using pooled Channel '[id: 0xe3111682, L:/127.0.0.1:49221 - R:localhost/127.0.0.1:57028]' for 'POST' to 'http://localhost:57028/session/9637c7cd032c38bdab1ab38a707359a1/element'
18:17:48.684 [Forwarding findElement on session 9637c7cd032c38bdab1ab38a707359a1 to remote] DEBUG org.asynchttpclient.netty.request.NettyRequestSender - Using open Channel [id: 0xe3111682, L:/127.0.0.1:49221 - R:localhost/127.0.0.1:57028] for POST '/session/9637c7cd032c38bdab1ab38a707359a1/element'
18:17:48.693 [AsyncHttpClient-1-5] DEBUG org.asynchttpclient.netty.handler.HttpHandler - 

Request DefaultHttpRequest(decodeResult: success, version: HTTP/1.1)
POST /session/9637c7cd032c38bdab1ab38a707359a1/element HTTP/1.1
User-Agent: selenium/4.1.2 (java windows)
Content-Length: 83
Content-Type: application/json; charset=utf-8
host: localhost:57028
accept: */*

Response DefaultHttpResponse(decodeResult: success, version: HTTP/1.1)
HTTP/1.1 200 OK
Content-Type: application/json; charset=utf-8
cache-control: no-cache
content-length: 88

18:17:48.693 [AsyncHttpClient-1-5] DEBUG org.asynchttpclient.netty.channel.ChannelManager - Adding key: http://localhost:57028 for channel [id: 0xe3111682, L:/127.0.0.1:49221 - R:localhost/127.0.0.1:57028]
18:17:48.694 [Forwarding getElementTagName on session 9637c7cd032c38bdab1ab38a707359a1 to remote] DEBUG org.asynchttpclient.netty.request.NettyRequestSender - Using pooled Channel '[id: 0xe3111682, L:/127.0.0.1:49221 - R:localhost/127.0.0.1:57028]' for 'GET' to 'http://localhost:57028/session/9637c7cd032c38bdab1ab38a707359a1/element/c9e7cca9-4722-4341-ae89-d0c97e819c91/name'
18:17:48.694 [Forwarding getElementTagName on session 9637c7cd032c38bdab1ab38a707359a1 to remote] DEBUG org.asynchttpclient.netty.request.NettyRequestSender - Using open Channel [id: 0xe3111682, L:/127.0.0.1:49221 - R:localhost/127.0.0.1:57028] for GET '/session/9637c7cd032c38bdab1ab38a707359a1/element/c9e7cca9-4722-4341-ae89-d0c97e819c91/name'
18:17:48.698 [AsyncHttpClient-1-5] DEBUG org.asynchttpclient.netty.handler.HttpHandler - 

Request DefaultFullHttpRequest(decodeResult: success, version: HTTP/1.1, content: EmptyByteBufBE)
GET /session/9637c7cd032c38bdab1ab38a707359a1/element/c9e7cca9-4722-4341-ae89-d0c97e819c91/name HTTP/1.1
User-Agent: selenium/4.1.2 (java windows)
Cache-Control: no-cache
Content-Type: application/json; charset=utf-8
host: localhost:57028
accept: */*

Response DefaultHttpResponse(decodeResult: success, version: HTTP/1.1)
HTTP/1.1 200 OK
Content-Type: application/json; charset=utf-8
cache-control: no-cache
content-length: 16

18:17:48.698 [AsyncHttpClient-1-5] DEBUG org.asynchttpclient.netty.channel.ChannelManager - Adding key: http://localhost:57028 for channel [id: 0xe3111682, L:/127.0.0.1:49221 - R:localhost/127.0.0.1:57028]
18:17:48.699 [Forwarding getElementTagName on session 9637c7cd032c38bdab1ab38a707359a1 to remote] DEBUG org.asynchttpclient.netty.request.NettyRequestSender - Using pooled Channel '[id: 0xe3111682, L:/127.0.0.1:49221 - R:localhost/127.0.0.1:57028]' for 'GET' to 'http://localhost:57028/session/9637c7cd032c38bdab1ab38a707359a1/element/c9e7cca9-4722-4341-ae89-d0c97e819c91/name'
18:17:48.699 [Forwarding getElementTagName on session 9637c7cd032c38bdab1ab38a707359a1 to remote] DEBUG org.asynchttpclient.netty.request.NettyRequestSender - Using open Channel [id: 0xe3111682, L:/127.0.0.1:49221 - R:localhost/127.0.0.1:57028] for GET '/session/9637c7cd032c38bdab1ab38a707359a1/element/c9e7cca9-4722-4341-ae89-d0c97e819c91/name'
18:17:48.701 [AsyncHttpClient-1-5] DEBUG org.asynchttpclient.netty.handler.HttpHandler - 

Request DefaultFullHttpRequest(decodeResult: success, version: HTTP/1.1, content: EmptyByteBufBE)
GET /session/9637c7cd032c38bdab1ab38a707359a1/element/c9e7cca9-4722-4341-ae89-d0c97e819c91/name HTTP/1.1
User-Agent: selenium/4.1.2 (java windows)
Cache-Control: no-cache
Content-Type: application/json; charset=utf-8
host: localhost:57028
accept: */*

Response DefaultHttpResponse(decodeResult: success, version: HTTP/1.1)
HTTP/1.1 200 OK
Content-Type: application/json; charset=utf-8
cache-control: no-cache
content-length: 16

18:17:48.701 [AsyncHttpClient-1-5] DEBUG org.asynchttpclient.netty.channel.ChannelManager - Adding key: http://localhost:57028 for channel [id: 0xe3111682, L:/127.0.0.1:49221 - R:localhost/127.0.0.1:57028]
18:17:48.704 [Forwarding findElement on session 9637c7cd032c38bdab1ab38a707359a1 to remote] DEBUG org.asynchttpclient.netty.request.NettyRequestSender - Using pooled Channel '[id: 0xe3111682, L:/127.0.0.1:49221 - R:localhost/127.0.0.1:57028]' for 'POST' to 'http://localhost:57028/session/9637c7cd032c38bdab1ab38a707359a1/element'
18:17:48.704 [Forwarding findElement on session 9637c7cd032c38bdab1ab38a707359a1 to remote] DEBUG org.asynchttpclient.netty.request.NettyRequestSender - Using open Channel [id: 0xe3111682, L:/127.0.0.1:49221 - R:localhost/127.0.0.1:57028] for POST '/session/9637c7cd032c38bdab1ab38a707359a1/element'
18:17:48.710 [AsyncHttpClient-1-5] DEBUG org.asynchttpclient.netty.handler.HttpHandler - 

Request DefaultHttpRequest(decodeResult: success, version: HTTP/1.1)
POST /session/9637c7cd032c38bdab1ab38a707359a1/element HTTP/1.1
User-Agent: selenium/4.1.2 (java windows)
Content-Length: 83
Content-Type: application/json; charset=utf-8
host: localhost:57028
accept: */*

Response DefaultHttpResponse(decodeResult: success, version: HTTP/1.1)
HTTP/1.1 200 OK
Content-Type: application/json; charset=utf-8
cache-control: no-cache
content-length: 88

18:17:48.711 [AsyncHttpClient-1-5] DEBUG org.asynchttpclient.netty.channel.ChannelManager - Adding key: http://localhost:57028 for channel [id: 0xe3111682, L:/127.0.0.1:49221 - R:localhost/127.0.0.1:57028]
18:17:48.712 [Forwarding clickElement on session 9637c7cd032c38bdab1ab38a707359a1 to remote] DEBUG org.asynchttpclient.netty.request.NettyRequestSender - Using pooled Channel '[id: 0xe3111682, L:/127.0.0.1:49221 - R:localhost/127.0.0.1:57028]' for 'POST' to 'http://localhost:57028/session/9637c7cd032c38bdab1ab38a707359a1/element/c9e7cca9-4722-4341-ae89-d0c97e819c91/click'
18:17:48.712 [Forwarding clickElement on session 9637c7cd032c38bdab1ab38a707359a1 to remote] DEBUG org.asynchttpclient.netty.request.NettyRequestSender - Using open Channel [id: 0xe3111682, L:/127.0.0.1:49221 - R:localhost/127.0.0.1:57028] for POST '/session/9637c7cd032c38bdab1ab38a707359a1/element/c9e7cca9-4722-4341-ae89-d0c97e819c91/click'
18:17:48.743 [AsyncHttpClient-1-5] DEBUG org.asynchttpclient.netty.handler.HttpHandler - 

Request DefaultHttpRequest(decodeResult: success, version: HTTP/1.1)
POST /session/9637c7cd032c38bdab1ab38a707359a1/element/c9e7cca9-4722-4341-ae89-d0c97e819c91/click HTTP/1.1
User-Agent: selenium/4.1.2 (java windows)
Content-Length: 50
Content-Type: application/json; charset=utf-8
host: localhost:57028
accept: */*

Response DefaultHttpResponse(decodeResult: success, version: HTTP/1.1)
HTTP/1.1 200 OK
Content-Type: application/json; charset=utf-8
cache-control: no-cache
content-length: 14

18:17:48.743 [AsyncHttpClient-1-5] DEBUG org.asynchttpclient.netty.channel.ChannelManager - Adding key: http://localhost:57028 for channel [id: 0xe3111682, L:/127.0.0.1:49221 - R:localhost/127.0.0.1:57028]
  &amp#27;[32mAnd &amp#27;[0m&amp#27;[32mI click Login button&amp#27;[0m              &amp#27;[90m# starter.stepdefinitions.LoginStepDefinition.iClickLoginButton()&amp#27;[0m
18:17:48.747 [Forwarding screenshot on session 9637c7cd032c38bdab1ab38a707359a1 to remote] DEBUG org.asynchttpclient.netty.request.NettyRequestSender - Using pooled Channel '[id: 0xe3111682, L:/127.0.0.1:49221 - R:localhost/127.0.0.1:57028]' for 'GET' to 'http://localhost:57028/session/9637c7cd032c38bdab1ab38a707359a1/screenshot'
18:17:48.747 [Forwarding screenshot on session 9637c7cd032c38bdab1ab38a707359a1 to remote] DEBUG org.asynchttpclient.netty.request.NettyRequestSender - Using open Channel [id: 0xe3111682, L:/127.0.0.1:49221 - R:localhost/127.0.0.1:57028] for GET '/session/9637c7cd032c38bdab1ab38a707359a1/screenshot'
18:17:48.911 [AsyncHttpClient-1-5] DEBUG org.asynchttpclient.netty.handler.HttpHandler - 

Request DefaultFullHttpRequest(decodeResult: success, version: HTTP/1.1, content: EmptyByteBufBE)
GET /session/9637c7cd032c38bdab1ab38a707359a1/screenshot HTTP/1.1
User-Agent: selenium/4.1.2 (java windows)
Cache-Control: no-cache
Content-Type: application/json; charset=utf-8
host: localhost:57028
accept: */*

Response DefaultHttpResponse(decodeResult: success, version: HTTP/1.1)
HTTP/1.1 200 OK
Content-Type: application/json; charset=utf-8
cache-control: no-cache
content-length: 37656

18:17:48.911 [AsyncHttpClient-1-5] DEBUG org.asynchttpclient.netty.channel.ChannelManager - Adding key: http://localhost:57028 for channel [id: 0xe3111682, L:/127.0.0.1:49221 - R:localhost/127.0.0.1:57028]
18:17:48.912 [main] DEBUG net.serenitybdd.core.photography.Darkroom - Send negative for processing for target\site\serenity\c444b1a50f1d834656945e5da4351bf399080760d24ce9ed2318a3e48d010652.png
18:17:48.913 [Darkroom Processing Line] DEBUG net.serenitybdd.core.photography.DarkroomProcessingLine - Processing screenshot image in /var/screenshots/screenshot-9791071403501973047
18:17:48.913 [Darkroom Processing Line] DEBUG net.serenitybdd.core.photography.DarkroomProcessingLine - Saving screenshot to target\site\serenity\c444b1a50f1d834656945e5da4351bf399080760d24ce9ed2318a3e48d010652.png
18:17:48.917 [Forwarding findElement on session 9637c7cd032c38bdab1ab38a707359a1 to remote] DEBUG org.asynchttpclient.netty.request.NettyRequestSender - Using pooled Channel '[id: 0xe3111682, L:/127.0.0.1:49221 - R:localhost/127.0.0.1:57028]' for 'POST' to 'http://localhost:57028/session/9637c7cd032c38bdab1ab38a707359a1/element'
18:17:48.917 [Forwarding findElement on session 9637c7cd032c38bdab1ab38a707359a1 to remote] DEBUG org.asynchttpclient.netty.request.NettyRequestSender - Using open Channel [id: 0xe3111682, L:/127.0.0.1:49221 - R:localhost/127.0.0.1:57028] for POST '/session/9637c7cd032c38bdab1ab38a707359a1/element'
18:17:49.304 [AsyncHttpClient-1-1] DEBUG org.asynchttpclient.netty.channel.DefaultChannelPool - Entry count for : http://localhost:49222 : 1
18:17:49.682 [AsyncHttpClient-1-5] DEBUG org.asynchttpclient.netty.handler.HttpHandler - 

Request DefaultHttpRequest(decodeResult: success, version: HTTP/1.1)
POST /session/9637c7cd032c38bdab1ab38a707359a1/element HTTP/1.1
User-Agent: selenium/4.1.2 (java windows)
Content-Length: 81
Content-Type: application/json; charset=utf-8
host: localhost:57028
accept: */*

Response DefaultHttpResponse(decodeResult: success, version: HTTP/1.1)
HTTP/1.1 200 OK
Content-Type: application/json; charset=utf-8
cache-control: no-cache
content-length: 88

18:17:49.682 [AsyncHttpClient-1-5] DEBUG org.asynchttpclient.netty.channel.ChannelManager - Adding key: http://localhost:57028 for channel [id: 0xe3111682, L:/127.0.0.1:49221 - R:localhost/127.0.0.1:57028]
18:17:49.686 [Forwarding isElementDisplayed on session 9637c7cd032c38bdab1ab38a707359a1 to remote] DEBUG org.asynchttpclient.netty.request.NettyRequestSender - Using pooled Channel '[id: 0xe3111682, L:/127.0.0.1:49221 - R:localhost/127.0.0.1:57028]' for 'POST' to 'http://localhost:57028/session/9637c7cd032c38bdab1ab38a707359a1/execute/sync'
18:17:49.686 [Forwarding isElementDisplayed on session 9637c7cd032c38bdab1ab38a707359a1 to remote] DEBUG org.asynchttpclient.netty.request.NettyRequestSender - Using open Channel [id: 0xe3111682, L:/127.0.0.1:49221 - R:localhost/127.0.0.1:57028] for POST '/session/9637c7cd032c38bdab1ab38a707359a1/execute/sync'
18:17:49.701 [AsyncHttpClient-1-5] DEBUG org.asynchttpclient.netty.handler.HttpHandler - 

Request DefaultHttpRequest(decodeResult: success, version: HTTP/1.1)
POST /session/9637c7cd032c38bdab1ab38a707359a1/execute/sync HTTP/1.1
User-Agent: selenium/4.1.2 (java windows)
Content-Length: 48780
Content-Type: application/json; charset=utf-8
host: localhost:57028
accept: */*

Response DefaultHttpResponse(decodeResult: success, version: HTTP/1.1)
HTTP/1.1 200 OK
Content-Type: application/json; charset=utf-8
cache-control: no-cache
content-length: 14

18:17:49.702 [AsyncHttpClient-1-5] DEBUG org.asynchttpclient.netty.channel.ChannelManager - Adding key: http://localhost:57028 for channel [id: 0xe3111682, L:/127.0.0.1:49221 - R:localhost/127.0.0.1:57028]
  &amp#27;[32mThen &amp#27;[0m&amp#27;[32mI will get the &amp#27;[0m&amp#27;[32m&amp#27;[1m"i can't login"&amp#27;[0m   &amp#27;[90m# starter.stepdefinitions.LoginStepDefinition.iWillGetThe(java.lang.String)&amp#27;[0m
18:17:49.705 [Forwarding screenshot on session 9637c7cd032c38bdab1ab38a707359a1 to remote] DEBUG org.asynchttpclient.netty.request.NettyRequestSender - Using pooled Channel '[id: 0xe3111682, L:/127.0.0.1:49221 - R:localhost/127.0.0.1:57028]' for 'GET' to 'http://localhost:57028/session/9637c7cd032c38bdab1ab38a707359a1/screenshot'
18:17:49.705 [Forwarding screenshot on session 9637c7cd032c38bdab1ab38a707359a1 to remote] DEBUG org.asynchttpclient.netty.request.NettyRequestSender - Using open Channel [id: 0xe3111682, L:/127.0.0.1:49221 - R:localhost/127.0.0.1:57028] for GET '/session/9637c7cd032c38bdab1ab38a707359a1/screenshot'
18:17:49.860 [AsyncHttpClient-1-5] DEBUG org.asynchttpclient.netty.handler.HttpHandler - 

Request DefaultFullHttpRequest(decodeResult: success, version: HTTP/1.1, content: EmptyByteBufBE)
GET /session/9637c7cd032c38bdab1ab38a707359a1/screenshot HTTP/1.1
User-Agent: selenium/4.1.2 (java windows)
Cache-Control: no-cache
Content-Type: application/json; charset=utf-8
host: localhost:57028
accept: */*

Response DefaultHttpResponse(decodeResult: success, version: HTTP/1.1)
HTTP/1.1 200 OK
Content-Type: application/json; charset=utf-8
cache-control: no-cache
content-length: 40716

18:17:49.860 [AsyncHttpClient-1-5] DEBUG org.asynchttpclient.netty.channel.ChannelManager - Adding key: http://localhost:57028 for channel [id: 0xe3111682, L:/127.0.0.1:49221 - R:localhost/127.0.0.1:57028]
18:17:49.863 [main] DEBUG net.serenitybdd.core.photography.Darkroom - Send negative for processing for target\site\serenity\056423a0275f8ce1c797cb67b5790a5ed416b016beeb88a05da828f84b0b9a34.png
18:17:49.864 [Darkroom Processing Line] DEBUG net.serenitybdd.core.photography.DarkroomProcessingLine - Processing screenshot image in /var/screenshots/screenshot-7247017685518956216
18:17:49.864 [Darkroom Processing Line] DEBUG net.serenitybdd.core.photography.DarkroomProcessingLine - Saving screenshot to target\site\serenity\056423a0275f8ce1c797cb67b5790a5ed416b016beeb88a05da828f84b0b9a34.png
18:17:49.869 [AsyncHttpClient-1-7] DEBUG org.asynchttpclient.netty.handler.WebSocketHandler - Channel Closed: [id: 0x80020b81, L:/127.0.0.1:49229 ! R:localhost/127.0.0.1:49222] with attribute NettyResponseFuture{currentRetry=5,
	isDone=1,
	isCancelled=0,
	asyncHandler=org.asynchttpclient.ws.WebSocketUpgradeHandler@7313272c,
	nettyRequest=org.asynchttpclient.netty.request.NettyRequest@58ded8b9,
	future=java.util.concurrent.CompletableFuture@70d156e9[Completed normally],
	uri=ws://localhost:49222/devtools/browser/dfa03dbf-9f12-4bdf-8719-7009dcd7c3e9,
	keepAlive=true,
	redirectCount=0,
	timeoutsHolder=null,
	inAuth=0,
	touch=1667560666518}
18:17:49.869 [AsyncHttpClient-1-7] DEBUG org.asynchttpclient.netty.channel.ChannelManager - Closing Channel [id: 0x80020b81, L:/127.0.0.1:49229 ! R:localhost/127.0.0.1:49222] 
18:17:49.870 [Driver Command Executor] DEBUG org.asynchttpclient.netty.request.NettyRequestSender - Using pooled Channel '[id: 0xe3111682, L:/127.0.0.1:49221 - R:localhost/127.0.0.1:57028]' for 'DELETE' to 'http://localhost:57028/session/9637c7cd032c38bdab1ab38a707359a1'
18:17:49.870 [Driver Command Executor] DEBUG org.asynchttpclient.netty.request.NettyRequestSender - Using open Channel [id: 0xe3111682, L:/127.0.0.1:49221 - R:localhost/127.0.0.1:57028] for DELETE '/session/9637c7cd032c38bdab1ab38a707359a1'
18:17:49.998 [AsyncHttpClient-1-6] DEBUG org.asynchttpclient.netty.handler.HttpHandler - Unexpected I/O exception on channel [id: 0x584c37e4, L:/127.0.0.1:49228 - R:localhost/127.0.0.1:49222]
java.io.IOException: An existing connection was forcibly closed by the remote host
	at java.base/sun.nio.ch.SocketDispatcher.read0(Native Method)
	at java.base/sun.nio.ch.SocketDispatcher.read(SocketDispatcher.java:43)
	at java.base/sun.nio.ch.IOUtil.readIntoNativeBuffer(IOUtil.java:276)
	at java.base/sun.nio.ch.IOUtil.read(IOUtil.java:233)
	at java.base/sun.nio.ch.IOUtil.read(IOUtil.java:223)
	at java.base/sun.nio.ch.SocketChannelImpl.read(SocketChannelImpl.java:358)
	at io.netty.buffer.PooledByteBuf.setBytes(PooledByteBuf.java:258)
	at io.netty.buffer.AbstractByteBuf.writeBytes(AbstractByteBuf.java:1132)
	at io.netty.channel.socket.nio.NioSocketChannel.doReadBytes(NioSocketChannel.java:350)
	at io.netty.channel.nio.AbstractNioByteChannel$NioByteUnsafe.read(AbstractNioByteChannel.java:151)
	at io.netty.channel.nio.NioEventLoop.processSelectedKey(NioEventLoop.java:722)
	at io.netty.channel.nio.NioEventLoop.processSelectedKeysOptimized(NioEventLoop.java:658)
	at io.netty.channel.nio.NioEventLoop.processSelectedKeys(NioEventLoop.java:584)
	at io.netty.channel.nio.NioEventLoop.run(NioEventLoop.java:496)
	at io.netty.util.concurrent.SingleThreadEventExecutor$4.run(SingleThreadEventExecutor.java:986)
	at io.netty.util.internal.ThreadExecutorMap$2.run(ThreadExecutorMap.java:74)
	at io.netty.util.concurrent.FastThreadLocalRunnable.run(FastThreadLocalRunnable.java:30)
	at java.base/java.lang.Thread.run(Thread.java:834)
18:17:49.998 [AsyncHttpClient-1-6] DEBUG org.asynchttpclient.netty.channel.ChannelManager - Closing Channel [id: 0x584c37e4, L:/127.0.0.1:49228 - R:localhost/127.0.0.1:49222] 
18:17:49.998 [AsyncHttpClient-1-6] DEBUG org.asynchttpclient.netty.handler.HttpHandler - Channel Closed: [id: 0x584c37e4, L:/127.0.0.1:49228 ! R:localhost/127.0.0.1:49222] with attribute DISCARD
18:17:50.017 [AsyncHttpClient-1-5] DEBUG org.asynchttpclient.netty.handler.HttpHandler - 

Request DefaultFullHttpRequest(decodeResult: success, version: HTTP/1.1, content: EmptyByteBufBE)
DELETE /session/9637c7cd032c38bdab1ab38a707359a1 HTTP/1.1
User-Agent: selenium/4.1.2 (java windows)
Content-Type: application/json; charset=utf-8
host: localhost:57028
accept: */*

Response DefaultHttpResponse(decodeResult: success, version: HTTP/1.1)
HTTP/1.1 200 OK
Content-Type: application/json; charset=utf-8
cache-control: no-cache
content-length: 14

18:17:50.017 [AsyncHttpClient-1-5] DEBUG org.asynchttpclient.netty.channel.ChannelManager - Adding key: http://localhost:57028 for channel [id: 0xe3111682, L:/127.0.0.1:49221 - R:localhost/127.0.0.1:57028]
18:17:50.061 [AsyncHttpClient-1-5] DEBUG org.asynchttpclient.netty.handler.HttpHandler - Channel Closed: [id: 0xe3111682, L:/127.0.0.1:49221 ! R:localhost/127.0.0.1:57028] with attribute DISCARD
]]></system-out>
    <system-err><![CDATA[Starting ChromeDriver 107.0.5304.62 (1eec40d3a5764881c92085aaee66d25075c159aa-refs/branch-heads/5304@{#942}) on port 57028
Only local connections are allowed.
Please see https://chromedriver.chromium.org/security-considerations for suggestions on keeping ChromeDriver safe.
ChromeDriver was started successfully.
Nov 04, 2022 6:17:46 PM org.openqa.selenium.remote.ProtocolHandshake createSession
INFO: Detected dialect: W3C
Nov 04, 2022 6:17:46 PM org.openqa.selenium.devtools.CdpVersionFinder findNearestMatch
WARNING: Unable to find an exact match for CDP version 107, so returning the closest version found: a no-op implementation
Nov 04, 2022 6:17:46 PM org.openqa.selenium.devtools.CdpVersionFinder findNearestMatch
INFO: Unable to find CDP implementation matching 107.
Nov 04, 2022 6:17:46 PM org.openqa.selenium.chromium.ChromiumDriver lambda$new$3
WARNING: Unable to find version of CDP to use for . You may need to include a dependency on a specific version of the CDP using something similar to `org.seleniumhq.selenium:selenium-devtools-v86:4.1.2` where the version ("v86") matches the version of the chromium-based browser you're using and the version number of the artifact is the same as Selenium's.
]]></system-err>
  </testcase>
  <testcase name="Login with account #5" classname="Login" time="4.687">
    <system-out><![CDATA[
@Login
Scenario Outline: Login with account  &amp#27;[90m# src/test/resources/features/login.feature:20&amp#27;[0m
18:17:50.101 [main] INFO io.cucumber.core.plugin.SerenityReporter - Running feature from file:///D:/Ra/file%20kuliah/semester%207/resume%20alta/Mini%20Project/Web/AltaShop/src/test/resources/features/login.feature
18:17:50.111 [main] INFO net.serenitybdd.core.webdriver.driverproviders.ChromeDriverProvider - Using automatically driver download
18:17:50.211 [main] DEBUG io.github.bonigarcia.wdm.cache.ResolutionCache - Resolution chrome=107 in cache (valid until 18:54:29 04/11/2022 ICT)
18:17:50.213 [main] DEBUG io.github.bonigarcia.wdm.cache.ResolutionCache - Resolution chrome107=107.0.5304.62 in cache (valid until 17:54:29 05/11/2022 ICT)
18:17:50.215 [main] INFO io.github.bonigarcia.wdm.WebDriverManager - Using chromedriver 107.0.5304.62 (resolved driver for Chrome 107)
18:17:50.227 [main] DEBUG io.github.bonigarcia.wdm.WebDriverManager - Driver chromedriver 107.0.5304.62 found in cache
18:17:50.227 [main] INFO io.github.bonigarcia.wdm.WebDriverManager - Exporting webdriver.chrome.driver as C:\Users\rilaa\.cache\selenium\chromedriver\win32\107.0.5304.62\chromedriver.exe
18:17:50.310 [main] DEBUG net.serenitybdd.core.webdriver.driverproviders.ProvideNewDriver - Instantiating driver
18:17:50.310 [main] DEBUG net.serenitybdd.core.webdriver.driverproviders.ProvideNewDriver - Driver capabilities: Capabilities {acceptInsecureCerts: false, base.url: https://alta-shop.vercel.app, browserName: chrome, chrome.driver: src/test/resources/webdrive..., driver: chrome, goog:chromeOptions: {args: [], extensions: []}}
18:17:50.391 [AsyncHttpClient-1-1] DEBUG org.asynchttpclient.netty.channel.DefaultChannelPool - Entry count for : http://localhost:57028 : 1
18:17:50.391 [AsyncHttpClient-1-1] DEBUG org.asynchttpclient.netty.channel.DefaultChannelPool - Entry count for : http://localhost:49222 : 1
18:17:50.391 [AsyncHttpClient-1-1] DEBUG org.asynchttpclient.netty.channel.DefaultChannelPool - Adding Candidate expired Channel [id: 0xe3111682, L:/127.0.0.1:49221 ! R:localhost/127.0.0.1:57028] isIdleTimeoutExpired=false isRemotelyClosed=true isTtlExpired=false
18:17:50.391 [AsyncHttpClient-1-1] DEBUG org.asynchttpclient.netty.channel.DefaultChannelPool - Closing Idle Channel [id: 0xe3111682, L:/127.0.0.1:49221 ! R:localhost/127.0.0.1:57028]
18:17:50.392 [AsyncHttpClient-1-1] DEBUG org.asynchttpclient.netty.channel.DefaultChannelPool - Adding Candidate expired Channel [id: 0x584c37e4, L:/127.0.0.1:49228 ! R:localhost/127.0.0.1:49222] isIdleTimeoutExpired=false isRemotelyClosed=true isTtlExpired=false
18:17:50.392 [AsyncHttpClient-1-1] DEBUG org.asynchttpclient.netty.channel.DefaultChannelPool - Closing Idle Channel [id: 0x584c37e4, L:/127.0.0.1:49228 ! R:localhost/127.0.0.1:49222]
18:17:50.392 [AsyncHttpClient-1-1] DEBUG org.asynchttpclient.netty.channel.DefaultChannelPool - Closed 2 connections out of 2 in 1 ms
18:17:50.392 [AsyncHttpClient-1-8] DEBUG org.asynchttpclient.netty.channel.NettyConnectListener - Using new Channel '[id: 0xb2c206f3, L:/127.0.0.1:49245 - R:localhost/127.0.0.1:56244]' for 'POST' to '/session'
18:17:51.111 [AsyncHttpClient-1-8] DEBUG org.asynchttpclient.netty.handler.HttpHandler - 

Request DefaultHttpRequest(decodeResult: success, version: HTTP/1.1)
POST /session HTTP/1.1
User-Agent: selenium/4.1.2 (java windows)
Content-Length: 609
Content-Type: application/json; charset=utf-8
host: localhost:56244
accept: */*

Response DefaultHttpResponse(decodeResult: success, version: HTTP/1.1)
HTTP/1.1 200 OK
Content-Type: application/json; charset=utf-8
cache-control: no-cache
content-length: 789

18:17:51.111 [AsyncHttpClient-1-8] DEBUG org.asynchttpclient.netty.channel.ChannelManager - Adding key: http://localhost:56244 for channel [id: 0xb2c206f3, L:/127.0.0.1:49245 - R:localhost/127.0.0.1:56244]
18:17:51.118 [AsyncHttpClient-1-9] DEBUG org.asynchttpclient.netty.channel.NettyConnectListener - Using new Channel '[id: 0x69f59d5e, L:/127.0.0.1:49252 - R:localhost/127.0.0.1:49246]' for 'GET' to '/json/version'
18:17:51.119 [AsyncHttpClient-1-9] DEBUG org.asynchttpclient.netty.handler.HttpHandler - 

Request DefaultFullHttpRequest(decodeResult: success, version: HTTP/1.1, content: EmptyByteBufBE)
GET /json/version HTTP/1.1
User-Agent: selenium/4.1.2 (java windows)
host: localhost:49246
accept: */*

Response DefaultHttpResponse(decodeResult: success, version: HTTP/1.1)
HTTP/1.1 200 OK
Content-Type: application/json; charset=UTF-8
content-length: 423

18:17:51.119 [AsyncHttpClient-1-9] DEBUG org.asynchttpclient.netty.channel.ChannelManager - Adding key: http://localhost:49246 for channel [id: 0x69f59d5e, L:/127.0.0.1:49252 - R:localhost/127.0.0.1:49246]
18:17:51.121 [AsyncHttpClient-1-2] DEBUG org.asynchttpclient.netty.channel.NettyConnectListener - Using new Channel '[id: 0xf9fd9533, L:/127.0.0.1:49253 - R:localhost/127.0.0.1:49246]' for 'GET' to '/devtools/browser/2e07371c-0ee1-4396-837a-fc3f7ad8af29'
18:17:51.122 [AsyncHttpClient-1-2] DEBUG org.asynchttpclient.netty.handler.WebSocketHandler - 

Request DefaultFullHttpRequest(decodeResult: success, version: HTTP/1.1, content: EmptyByteBufBE)
GET /devtools/browser/2e07371c-0ee1-4396-837a-fc3f7ad8af29 HTTP/1.1
upgrade: websocket
connection: upgrade
sec-websocket-key: tQDijI1c3bC04/6ezSTrMA==
sec-websocket-version: 13
origin: http://localhost:49246
host: localhost:49246
accept: */*
user-agent: AHC/2.1

Response DefaultHttpResponse(decodeResult: success, version: HTTP/1.1)
HTTP/1.1 101 WebSocket Protocol Handshake
Upgrade: WebSocket
Connection: Upgrade
Sec-WebSocket-Accept: Rk9wNko23xjh+qjms9BaNy+YDJA=

18:17:51.129 [Forwarding get on session a255249cd42893b06a13bc718dcb6b21 to remote] DEBUG org.asynchttpclient.netty.request.NettyRequestSender - Using pooled Channel '[id: 0xb2c206f3, L:/127.0.0.1:49245 - R:localhost/127.0.0.1:56244]' for 'POST' to 'http://localhost:56244/session/a255249cd42893b06a13bc718dcb6b21/url'
18:17:51.129 [Forwarding get on session a255249cd42893b06a13bc718dcb6b21 to remote] DEBUG org.asynchttpclient.netty.request.NettyRequestSender - Using open Channel [id: 0xb2c206f3, L:/127.0.0.1:49245 - R:localhost/127.0.0.1:56244] for POST '/session/a255249cd42893b06a13bc718dcb6b21/url'
18:17:51.545 [AsyncHttpClient-1-1] DEBUG org.asynchttpclient.netty.channel.DefaultChannelPool - Entry count for : http://localhost:49246 : 1
18:17:52.194 [AsyncHttpClient-1-8] DEBUG org.asynchttpclient.netty.handler.HttpHandler - 

Request DefaultHttpRequest(decodeResult: success, version: HTTP/1.1)
POST /session/a255249cd42893b06a13bc718dcb6b21/url HTTP/1.1
User-Agent: selenium/4.1.2 (java windows)
Content-Length: 59
Content-Type: application/json; charset=utf-8
host: localhost:56244
accept: */*

Response DefaultHttpResponse(decodeResult: success, version: HTTP/1.1)
HTTP/1.1 200 OK
Content-Type: application/json; charset=utf-8
cache-control: no-cache
content-length: 14

18:17:52.194 [AsyncHttpClient-1-8] DEBUG org.asynchttpclient.netty.channel.ChannelManager - Adding key: http://localhost:56244 for channel [id: 0xb2c206f3, L:/127.0.0.1:49245 - R:localhost/127.0.0.1:56244]
18:17:52.196 [Forwarding setTimeout on session a255249cd42893b06a13bc718dcb6b21 to remote] DEBUG org.asynchttpclient.netty.request.NettyRequestSender - Using pooled Channel '[id: 0xb2c206f3, L:/127.0.0.1:49245 - R:localhost/127.0.0.1:56244]' for 'POST' to 'http://localhost:56244/session/a255249cd42893b06a13bc718dcb6b21/timeouts'
18:17:52.196 [Forwarding setTimeout on session a255249cd42893b06a13bc718dcb6b21 to remote] DEBUG org.asynchttpclient.netty.request.NettyRequestSender - Using open Channel [id: 0xb2c206f3, L:/127.0.0.1:49245 - R:localhost/127.0.0.1:56244] for POST '/session/a255249cd42893b06a13bc718dcb6b21/timeouts'
18:17:52.198 [AsyncHttpClient-1-8] DEBUG org.asynchttpclient.netty.handler.HttpHandler - 

Request DefaultHttpRequest(decodeResult: success, version: HTTP/1.1)
POST /session/a255249cd42893b06a13bc718dcb6b21/timeouts HTTP/1.1
User-Agent: selenium/4.1.2 (java windows)
Content-Length: 22
Content-Type: application/json; charset=utf-8
host: localhost:56244
accept: */*

Response DefaultHttpResponse(decodeResult: success, version: HTTP/1.1)
HTTP/1.1 200 OK
Content-Type: application/json; charset=utf-8
cache-control: no-cache
content-length: 14

18:17:52.199 [AsyncHttpClient-1-8] DEBUG org.asynchttpclient.netty.channel.ChannelManager - Adding key: http://localhost:56244 for channel [id: 0xb2c206f3, L:/127.0.0.1:49245 - R:localhost/127.0.0.1:56244]
18:17:52.202 [Forwarding getCurrentUrl on session a255249cd42893b06a13bc718dcb6b21 to remote] DEBUG org.asynchttpclient.netty.request.NettyRequestSender - Using pooled Channel '[id: 0xb2c206f3, L:/127.0.0.1:49245 - R:localhost/127.0.0.1:56244]' for 'GET' to 'http://localhost:56244/session/a255249cd42893b06a13bc718dcb6b21/url'
18:17:52.202 [Forwarding getCurrentUrl on session a255249cd42893b06a13bc718dcb6b21 to remote] DEBUG org.asynchttpclient.netty.request.NettyRequestSender - Using open Channel [id: 0xb2c206f3, L:/127.0.0.1:49245 - R:localhost/127.0.0.1:56244] for GET '/session/a255249cd42893b06a13bc718dcb6b21/url'
18:17:52.221 [AsyncHttpClient-1-8] DEBUG org.asynchttpclient.netty.handler.HttpHandler - 

Request DefaultFullHttpRequest(decodeResult: success, version: HTTP/1.1, content: EmptyByteBufBE)
GET /session/a255249cd42893b06a13bc718dcb6b21/url HTTP/1.1
User-Agent: selenium/4.1.2 (java windows)
Cache-Control: no-cache
Content-Type: application/json; charset=utf-8
host: localhost:56244
accept: */*

Response DefaultHttpResponse(decodeResult: success, version: HTTP/1.1)
HTTP/1.1 200 OK
Content-Type: application/json; charset=utf-8
cache-control: no-cache
content-length: 41

18:17:52.222 [AsyncHttpClient-1-8] DEBUG org.asynchttpclient.netty.channel.ChannelManager - Adding key: http://localhost:56244 for channel [id: 0xb2c206f3, L:/127.0.0.1:49245 - R:localhost/127.0.0.1:56244]
18:17:52.228 [Forwarding findElement on session a255249cd42893b06a13bc718dcb6b21 to remote] DEBUG org.asynchttpclient.netty.request.NettyRequestSender - Using pooled Channel '[id: 0xb2c206f3, L:/127.0.0.1:49245 - R:localhost/127.0.0.1:56244]' for 'POST' to 'http://localhost:56244/session/a255249cd42893b06a13bc718dcb6b21/element'
18:17:52.228 [Forwarding findElement on session a255249cd42893b06a13bc718dcb6b21 to remote] DEBUG org.asynchttpclient.netty.request.NettyRequestSender - Using open Channel [id: 0xb2c206f3, L:/127.0.0.1:49245 - R:localhost/127.0.0.1:56244] for POST '/session/a255249cd42893b06a13bc718dcb6b21/element'
18:17:52.252 [AsyncHttpClient-1-8] DEBUG org.asynchttpclient.netty.handler.HttpHandler - 

Request DefaultHttpRequest(decodeResult: success, version: HTTP/1.1)
POST /session/a255249cd42893b06a13bc718dcb6b21/element HTTP/1.1
User-Agent: selenium/4.1.2 (java windows)
Content-Length: 77
Content-Type: application/json; charset=utf-8
host: localhost:56244
accept: */*

Response DefaultHttpResponse(decodeResult: success, version: HTTP/1.1)
HTTP/1.1 200 OK
Content-Type: application/json; charset=utf-8
cache-control: no-cache
content-length: 88

18:17:52.253 [AsyncHttpClient-1-8] DEBUG org.asynchttpclient.netty.channel.ChannelManager - Adding key: http://localhost:56244 for channel [id: 0xb2c206f3, L:/127.0.0.1:49245 - R:localhost/127.0.0.1:56244]
18:17:52.279 [Forwarding isElementDisplayed on session a255249cd42893b06a13bc718dcb6b21 to remote] DEBUG org.asynchttpclient.netty.request.NettyRequestSender - Using pooled Channel '[id: 0xb2c206f3, L:/127.0.0.1:49245 - R:localhost/127.0.0.1:56244]' for 'POST' to 'http://localhost:56244/session/a255249cd42893b06a13bc718dcb6b21/execute/sync'
18:17:52.279 [Forwarding isElementDisplayed on session a255249cd42893b06a13bc718dcb6b21 to remote] DEBUG org.asynchttpclient.netty.request.NettyRequestSender - Using open Channel [id: 0xb2c206f3, L:/127.0.0.1:49245 - R:localhost/127.0.0.1:56244] for POST '/session/a255249cd42893b06a13bc718dcb6b21/execute/sync'
18:17:52.342 [AsyncHttpClient-1-8] DEBUG org.asynchttpclient.netty.handler.HttpHandler - 

Request DefaultHttpRequest(decodeResult: success, version: HTTP/1.1)
POST /session/a255249cd42893b06a13bc718dcb6b21/execute/sync HTTP/1.1
User-Agent: selenium/4.1.2 (java windows)
Content-Length: 48780
Content-Type: application/json; charset=utf-8
host: localhost:56244
accept: */*

Response DefaultHttpResponse(decodeResult: success, version: HTTP/1.1)
HTTP/1.1 200 OK
Content-Type: application/json; charset=utf-8
cache-control: no-cache
content-length: 14

18:17:52.342 [AsyncHttpClient-1-8] DEBUG org.asynchttpclient.netty.channel.ChannelManager - Adding key: http://localhost:56244 for channel [id: 0xb2c206f3, L:/127.0.0.1:49245 - R:localhost/127.0.0.1:56244]
  &amp#27;[32mGiven &amp#27;[0m&amp#27;[32mI am on the home page&amp#27;[0m         &amp#27;[90m# starter.stepdefinitions.LoginStepDefinition.iAmOnTheHomePage()&amp#27;[0m
18:17:52.350 [Forwarding screenshot on session a255249cd42893b06a13bc718dcb6b21 to remote] DEBUG org.asynchttpclient.netty.request.NettyRequestSender - Using pooled Channel '[id: 0xb2c206f3, L:/127.0.0.1:49245 - R:localhost/127.0.0.1:56244]' for 'GET' to 'http://localhost:56244/session/a255249cd42893b06a13bc718dcb6b21/screenshot'
18:17:52.350 [Forwarding screenshot on session a255249cd42893b06a13bc718dcb6b21 to remote] DEBUG org.asynchttpclient.netty.request.NettyRequestSender - Using open Channel [id: 0xb2c206f3, L:/127.0.0.1:49245 - R:localhost/127.0.0.1:56244] for GET '/session/a255249cd42893b06a13bc718dcb6b21/screenshot'
18:17:52.562 [AsyncHttpClient-1-8] DEBUG org.asynchttpclient.netty.handler.HttpHandler - 

Request DefaultFullHttpRequest(decodeResult: success, version: HTTP/1.1, content: EmptyByteBufBE)
GET /session/a255249cd42893b06a13bc718dcb6b21/screenshot HTTP/1.1
User-Agent: selenium/4.1.2 (java windows)
Cache-Control: no-cache
Content-Type: application/json; charset=utf-8
host: localhost:56244
accept: */*

Response DefaultHttpResponse(decodeResult: success, version: HTTP/1.1)
HTTP/1.1 200 OK
Content-Type: application/json; charset=utf-8
cache-control: no-cache
content-length: 34752

18:17:52.562 [AsyncHttpClient-1-8] DEBUG org.asynchttpclient.netty.channel.ChannelManager - Adding key: http://localhost:56244 for channel [id: 0xb2c206f3, L:/127.0.0.1:49245 - R:localhost/127.0.0.1:56244]
18:17:52.563 [main] DEBUG net.serenitybdd.core.photography.Darkroom - Send negative for processing for target\site\serenity\b09ed0724336715e1750130181c74edf1482bb2bd4bfebca7323eee921fe8d9b.png
18:17:52.564 [Darkroom Processing Line] DEBUG net.serenitybdd.core.photography.DarkroomProcessingLine - Processing screenshot image in /var/screenshots/screenshot-1195791804179169720
18:17:52.564 [Darkroom Processing Line] DEBUG net.serenitybdd.core.photography.DarkroomProcessingLine - Saving screenshot to target\site\serenity\b09ed0724336715e1750130181c74edf1482bb2bd4bfebca7323eee921fe8d9b.png
18:17:52.570 [Forwarding findElement on session a255249cd42893b06a13bc718dcb6b21 to remote] DEBUG org.asynchttpclient.netty.request.NettyRequestSender - Using pooled Channel '[id: 0xb2c206f3, L:/127.0.0.1:49245 - R:localhost/127.0.0.1:56244]' for 'POST' to 'http://localhost:56244/session/a255249cd42893b06a13bc718dcb6b21/element'
18:17:52.570 [Forwarding findElement on session a255249cd42893b06a13bc718dcb6b21 to remote] DEBUG org.asynchttpclient.netty.request.NettyRequestSender - Using open Channel [id: 0xb2c206f3, L:/127.0.0.1:49245 - R:localhost/127.0.0.1:56244] for POST '/session/a255249cd42893b06a13bc718dcb6b21/element'
18:17:52.584 [AsyncHttpClient-1-8] DEBUG org.asynchttpclient.netty.handler.HttpHandler - 

Request DefaultHttpRequest(decodeResult: success, version: HTTP/1.1)
POST /session/a255249cd42893b06a13bc718dcb6b21/element HTTP/1.1
User-Agent: selenium/4.1.2 (java windows)
Content-Length: 97
Content-Type: application/json; charset=utf-8
host: localhost:56244
accept: */*

Response DefaultHttpResponse(decodeResult: success, version: HTTP/1.1)
HTTP/1.1 200 OK
Content-Type: application/json; charset=utf-8
cache-control: no-cache
content-length: 88

18:17:52.584 [AsyncHttpClient-1-8] DEBUG org.asynchttpclient.netty.channel.ChannelManager - Adding key: http://localhost:56244 for channel [id: 0xb2c206f3, L:/127.0.0.1:49245 - R:localhost/127.0.0.1:56244]
18:17:52.585 [Forwarding getElementTagName on session a255249cd42893b06a13bc718dcb6b21 to remote] DEBUG org.asynchttpclient.netty.request.NettyRequestSender - Using pooled Channel '[id: 0xb2c206f3, L:/127.0.0.1:49245 - R:localhost/127.0.0.1:56244]' for 'GET' to 'http://localhost:56244/session/a255249cd42893b06a13bc718dcb6b21/element/72ce9a4a-5941-46c3-8611-240728ac4254/name'
18:17:52.585 [Forwarding getElementTagName on session a255249cd42893b06a13bc718dcb6b21 to remote] DEBUG org.asynchttpclient.netty.request.NettyRequestSender - Using open Channel [id: 0xb2c206f3, L:/127.0.0.1:49245 - R:localhost/127.0.0.1:56244] for GET '/session/a255249cd42893b06a13bc718dcb6b21/element/72ce9a4a-5941-46c3-8611-240728ac4254/name'
18:17:52.589 [AsyncHttpClient-1-8] DEBUG org.asynchttpclient.netty.handler.HttpHandler - 

Request DefaultFullHttpRequest(decodeResult: success, version: HTTP/1.1, content: EmptyByteBufBE)
GET /session/a255249cd42893b06a13bc718dcb6b21/element/72ce9a4a-5941-46c3-8611-240728ac4254/name HTTP/1.1
User-Agent: selenium/4.1.2 (java windows)
Cache-Control: no-cache
Content-Type: application/json; charset=utf-8
host: localhost:56244
accept: */*

Response DefaultHttpResponse(decodeResult: success, version: HTTP/1.1)
HTTP/1.1 200 OK
Content-Type: application/json; charset=utf-8
cache-control: no-cache
content-length: 13

18:17:52.589 [AsyncHttpClient-1-8] DEBUG org.asynchttpclient.netty.channel.ChannelManager - Adding key: http://localhost:56244 for channel [id: 0xb2c206f3, L:/127.0.0.1:49245 - R:localhost/127.0.0.1:56244]
18:17:52.590 [AsyncHttpClient-1-1] DEBUG org.asynchttpclient.netty.channel.DefaultChannelPool - Entry count for : http://localhost:56244 : 1
18:17:52.590 [AsyncHttpClient-1-1] DEBUG org.asynchttpclient.netty.channel.DefaultChannelPool - Entry count for : http://localhost:49246 : 1
18:17:52.591 [Forwarding getElementTagName on session a255249cd42893b06a13bc718dcb6b21 to remote] DEBUG org.asynchttpclient.netty.request.NettyRequestSender - Using pooled Channel '[id: 0xb2c206f3, L:/127.0.0.1:49245 - R:localhost/127.0.0.1:56244]' for 'GET' to 'http://localhost:56244/session/a255249cd42893b06a13bc718dcb6b21/element/72ce9a4a-5941-46c3-8611-240728ac4254/name'
18:17:52.591 [Forwarding getElementTagName on session a255249cd42893b06a13bc718dcb6b21 to remote] DEBUG org.asynchttpclient.netty.request.NettyRequestSender - Using open Channel [id: 0xb2c206f3, L:/127.0.0.1:49245 - R:localhost/127.0.0.1:56244] for GET '/session/a255249cd42893b06a13bc718dcb6b21/element/72ce9a4a-5941-46c3-8611-240728ac4254/name'
18:17:52.596 [AsyncHttpClient-1-8] DEBUG org.asynchttpclient.netty.handler.HttpHandler - 

Request DefaultFullHttpRequest(decodeResult: success, version: HTTP/1.1, content: EmptyByteBufBE)
GET /session/a255249cd42893b06a13bc718dcb6b21/element/72ce9a4a-5941-46c3-8611-240728ac4254/name HTTP/1.1
User-Agent: selenium/4.1.2 (java windows)
Cache-Control: no-cache
Content-Type: application/json; charset=utf-8
host: localhost:56244
accept: */*

Response DefaultHttpResponse(decodeResult: success, version: HTTP/1.1)
HTTP/1.1 200 OK
Content-Type: application/json; charset=utf-8
cache-control: no-cache
content-length: 13

18:17:52.596 [AsyncHttpClient-1-8] DEBUG org.asynchttpclient.netty.channel.ChannelManager - Adding key: http://localhost:56244 for channel [id: 0xb2c206f3, L:/127.0.0.1:49245 - R:localhost/127.0.0.1:56244]
18:17:52.597 [Forwarding findElement on session a255249cd42893b06a13bc718dcb6b21 to remote] DEBUG org.asynchttpclient.netty.request.NettyRequestSender - Using pooled Channel '[id: 0xb2c206f3, L:/127.0.0.1:49245 - R:localhost/127.0.0.1:56244]' for 'POST' to 'http://localhost:56244/session/a255249cd42893b06a13bc718dcb6b21/element'
18:17:52.597 [Forwarding findElement on session a255249cd42893b06a13bc718dcb6b21 to remote] DEBUG org.asynchttpclient.netty.request.NettyRequestSender - Using open Channel [id: 0xb2c206f3, L:/127.0.0.1:49245 - R:localhost/127.0.0.1:56244] for POST '/session/a255249cd42893b06a13bc718dcb6b21/element'
18:17:52.605 [AsyncHttpClient-1-8] DEBUG org.asynchttpclient.netty.handler.HttpHandler - 

Request DefaultHttpRequest(decodeResult: success, version: HTTP/1.1)
POST /session/a255249cd42893b06a13bc718dcb6b21/element HTTP/1.1
User-Agent: selenium/4.1.2 (java windows)
Content-Length: 97
Content-Type: application/json; charset=utf-8
host: localhost:56244
accept: */*

Response DefaultHttpResponse(decodeResult: success, version: HTTP/1.1)
HTTP/1.1 200 OK
Content-Type: application/json; charset=utf-8
cache-control: no-cache
content-length: 88

18:17:52.605 [AsyncHttpClient-1-8] DEBUG org.asynchttpclient.netty.channel.ChannelManager - Adding key: http://localhost:56244 for channel [id: 0xb2c206f3, L:/127.0.0.1:49245 - R:localhost/127.0.0.1:56244]
18:17:52.609 [Forwarding clickElement on session a255249cd42893b06a13bc718dcb6b21 to remote] DEBUG org.asynchttpclient.netty.request.NettyRequestSender - Using pooled Channel '[id: 0xb2c206f3, L:/127.0.0.1:49245 - R:localhost/127.0.0.1:56244]' for 'POST' to 'http://localhost:56244/session/a255249cd42893b06a13bc718dcb6b21/element/72ce9a4a-5941-46c3-8611-240728ac4254/click'
18:17:52.609 [Forwarding clickElement on session a255249cd42893b06a13bc718dcb6b21 to remote] DEBUG org.asynchttpclient.netty.request.NettyRequestSender - Using open Channel [id: 0xb2c206f3, L:/127.0.0.1:49245 - R:localhost/127.0.0.1:56244] for POST '/session/a255249cd42893b06a13bc718dcb6b21/element/72ce9a4a-5941-46c3-8611-240728ac4254/click'
18:17:52.653 [AsyncHttpClient-1-8] DEBUG org.asynchttpclient.netty.handler.HttpHandler - 

Request DefaultHttpRequest(decodeResult: success, version: HTTP/1.1)
POST /session/a255249cd42893b06a13bc718dcb6b21/element/72ce9a4a-5941-46c3-8611-240728ac4254/click HTTP/1.1
User-Agent: selenium/4.1.2 (java windows)
Content-Length: 50
Content-Type: application/json; charset=utf-8
host: localhost:56244
accept: */*

Response DefaultHttpResponse(decodeResult: success, version: HTTP/1.1)
HTTP/1.1 200 OK
Content-Type: application/json; charset=utf-8
cache-control: no-cache
content-length: 14

18:17:52.653 [AsyncHttpClient-1-8] DEBUG org.asynchttpclient.netty.channel.ChannelManager - Adding key: http://localhost:56244 for channel [id: 0xb2c206f3, L:/127.0.0.1:49245 - R:localhost/127.0.0.1:56244]
  &amp#27;[32mAnd &amp#27;[0m&amp#27;[32mI click login icon&amp#27;[0m              &amp#27;[90m# starter.stepdefinitions.LoginStepDefinition.iClickLoginIcon()&amp#27;[0m
18:17:52.667 [Forwarding screenshot on session a255249cd42893b06a13bc718dcb6b21 to remote] DEBUG org.asynchttpclient.netty.request.NettyRequestSender - Using pooled Channel '[id: 0xb2c206f3, L:/127.0.0.1:49245 - R:localhost/127.0.0.1:56244]' for 'GET' to 'http://localhost:56244/session/a255249cd42893b06a13bc718dcb6b21/screenshot'
18:17:52.668 [Forwarding screenshot on session a255249cd42893b06a13bc718dcb6b21 to remote] DEBUG org.asynchttpclient.netty.request.NettyRequestSender - Using open Channel [id: 0xb2c206f3, L:/127.0.0.1:49245 - R:localhost/127.0.0.1:56244] for GET '/session/a255249cd42893b06a13bc718dcb6b21/screenshot'
18:17:52.933 [AsyncHttpClient-1-8] DEBUG org.asynchttpclient.netty.handler.HttpHandler - 

Request DefaultFullHttpRequest(decodeResult: success, version: HTTP/1.1, content: EmptyByteBufBE)
GET /session/a255249cd42893b06a13bc718dcb6b21/screenshot HTTP/1.1
User-Agent: selenium/4.1.2 (java windows)
Cache-Control: no-cache
Content-Type: application/json; charset=utf-8
host: localhost:56244
accept: */*

Response DefaultHttpResponse(decodeResult: success, version: HTTP/1.1)
HTTP/1.1 200 OK
Content-Type: application/json; charset=utf-8
cache-control: no-cache
content-length: 34924

18:17:52.934 [AsyncHttpClient-1-8] DEBUG org.asynchttpclient.netty.channel.ChannelManager - Adding key: http://localhost:56244 for channel [id: 0xb2c206f3, L:/127.0.0.1:49245 - R:localhost/127.0.0.1:56244]
18:17:52.935 [main] DEBUG net.serenitybdd.core.photography.Darkroom - Send negative for processing for target\site\serenity\99323794684e605b789bf5a1c3536fb378b854eee96e6f46b13f78aa96105f57.png
18:17:52.935 [Darkroom Processing Line] DEBUG net.serenitybdd.core.photography.DarkroomProcessingLine - Processing screenshot image in /var/screenshots/screenshot-16643329863915202051
18:17:52.935 [Darkroom Processing Line] DEBUG net.serenitybdd.core.photography.DarkroomProcessingLine - Saving screenshot to target\site\serenity\99323794684e605b789bf5a1c3536fb378b854eee96e6f46b13f78aa96105f57.png
18:17:52.941 [Forwarding findElement on session a255249cd42893b06a13bc718dcb6b21 to remote] DEBUG org.asynchttpclient.netty.request.NettyRequestSender - Using pooled Channel '[id: 0xb2c206f3, L:/127.0.0.1:49245 - R:localhost/127.0.0.1:56244]' for 'POST' to 'http://localhost:56244/session/a255249cd42893b06a13bc718dcb6b21/element'
18:17:52.941 [Forwarding findElement on session a255249cd42893b06a13bc718dcb6b21 to remote] DEBUG org.asynchttpclient.netty.request.NettyRequestSender - Using open Channel [id: 0xb2c206f3, L:/127.0.0.1:49245 - R:localhost/127.0.0.1:56244] for POST '/session/a255249cd42893b06a13bc718dcb6b21/element'
18:17:52.948 [AsyncHttpClient-1-8] DEBUG org.asynchttpclient.netty.handler.HttpHandler - 

Request DefaultHttpRequest(decodeResult: success, version: HTTP/1.1)
POST /session/a255249cd42893b06a13bc718dcb6b21/element HTTP/1.1
User-Agent: selenium/4.1.2 (java windows)
Content-Length: 88
Content-Type: application/json; charset=utf-8
host: localhost:56244
accept: */*

Response DefaultHttpResponse(decodeResult: success, version: HTTP/1.1)
HTTP/1.1 200 OK
Content-Type: application/json; charset=utf-8
cache-control: no-cache
content-length: 88

18:17:52.948 [AsyncHttpClient-1-8] DEBUG org.asynchttpclient.netty.channel.ChannelManager - Adding key: http://localhost:56244 for channel [id: 0xb2c206f3, L:/127.0.0.1:49245 - R:localhost/127.0.0.1:56244]
18:17:52.949 [Forwarding clearElement on session a255249cd42893b06a13bc718dcb6b21 to remote] DEBUG org.asynchttpclient.netty.request.NettyRequestSender - Using pooled Channel '[id: 0xb2c206f3, L:/127.0.0.1:49245 - R:localhost/127.0.0.1:56244]' for 'POST' to 'http://localhost:56244/session/a255249cd42893b06a13bc718dcb6b21/element/bc5b89d0-6a05-454c-83b7-b644cfd1cd2f/clear'
18:17:52.949 [Forwarding clearElement on session a255249cd42893b06a13bc718dcb6b21 to remote] DEBUG org.asynchttpclient.netty.request.NettyRequestSender - Using open Channel [id: 0xb2c206f3, L:/127.0.0.1:49245 - R:localhost/127.0.0.1:56244] for POST '/session/a255249cd42893b06a13bc718dcb6b21/element/bc5b89d0-6a05-454c-83b7-b644cfd1cd2f/clear'
18:17:52.972 [AsyncHttpClient-1-8] DEBUG org.asynchttpclient.netty.handler.HttpHandler - 

Request DefaultHttpRequest(decodeResult: success, version: HTTP/1.1)
POST /session/a255249cd42893b06a13bc718dcb6b21/element/bc5b89d0-6a05-454c-83b7-b644cfd1cd2f/clear HTTP/1.1
User-Agent: selenium/4.1.2 (java windows)
Content-Length: 50
Content-Type: application/json; charset=utf-8
host: localhost:56244
accept: */*

Response DefaultHttpResponse(decodeResult: success, version: HTTP/1.1)
HTTP/1.1 200 OK
Content-Type: application/json; charset=utf-8
cache-control: no-cache
content-length: 14

18:17:52.973 [AsyncHttpClient-1-8] DEBUG org.asynchttpclient.netty.channel.ChannelManager - Adding key: http://localhost:56244 for channel [id: 0xb2c206f3, L:/127.0.0.1:49245 - R:localhost/127.0.0.1:56244]
18:17:52.974 [Forwarding sendKeysToElement on session a255249cd42893b06a13bc718dcb6b21 to remote] DEBUG org.asynchttpclient.netty.request.NettyRequestSender - Using pooled Channel '[id: 0xb2c206f3, L:/127.0.0.1:49245 - R:localhost/127.0.0.1:56244]' for 'POST' to 'http://localhost:56244/session/a255249cd42893b06a13bc718dcb6b21/element/bc5b89d0-6a05-454c-83b7-b644cfd1cd2f/value'
18:17:52.974 [Forwarding sendKeysToElement on session a255249cd42893b06a13bc718dcb6b21 to remote] DEBUG org.asynchttpclient.netty.request.NettyRequestSender - Using open Channel [id: 0xb2c206f3, L:/127.0.0.1:49245 - R:localhost/127.0.0.1:56244] for POST '/session/a255249cd42893b06a13bc718dcb6b21/element/bc5b89d0-6a05-454c-83b7-b644cfd1cd2f/value'
18:17:53.047 [AsyncHttpClient-1-8] DEBUG org.asynchttpclient.netty.handler.HttpHandler - 

Request DefaultHttpRequest(decodeResult: success, version: HTTP/1.1)
POST /session/a255249cd42893b06a13bc718dcb6b21/element/bc5b89d0-6a05-454c-83b7-b644cfd1cd2f/value HTTP/1.1
User-Agent: selenium/4.1.2 (java windows)
Content-Length: 161
Content-Type: application/json; charset=utf-8
host: localhost:56244
accept: */*

Response DefaultHttpResponse(decodeResult: success, version: HTTP/1.1)
HTTP/1.1 200 OK
Content-Type: application/json; charset=utf-8
cache-control: no-cache
content-length: 14

18:17:53.047 [AsyncHttpClient-1-8] DEBUG org.asynchttpclient.netty.channel.ChannelManager - Adding key: http://localhost:56244 for channel [id: 0xb2c206f3, L:/127.0.0.1:49245 - R:localhost/127.0.0.1:56244]
  &amp#27;[32mWhen &amp#27;[0m&amp#27;[32mI input &amp#27;[0m&amp#27;[32m&amp#27;[1m"aaaaaaaa"&amp#27;[0m&amp#27;[32m email&amp#27;[0m       &amp#27;[90m# starter.stepdefinitions.LoginStepDefinition.iInputEmail(java.lang.String)&amp#27;[0m
18:17:53.052 [Forwarding screenshot on session a255249cd42893b06a13bc718dcb6b21 to remote] DEBUG org.asynchttpclient.netty.request.NettyRequestSender - Using pooled Channel '[id: 0xb2c206f3, L:/127.0.0.1:49245 - R:localhost/127.0.0.1:56244]' for 'GET' to 'http://localhost:56244/session/a255249cd42893b06a13bc718dcb6b21/screenshot'
18:17:53.052 [Forwarding screenshot on session a255249cd42893b06a13bc718dcb6b21 to remote] DEBUG org.asynchttpclient.netty.request.NettyRequestSender - Using open Channel [id: 0xb2c206f3, L:/127.0.0.1:49245 - R:localhost/127.0.0.1:56244] for GET '/session/a255249cd42893b06a13bc718dcb6b21/screenshot'
18:17:53.219 [AsyncHttpClient-1-8] DEBUG org.asynchttpclient.netty.handler.HttpHandler - 

Request DefaultFullHttpRequest(decodeResult: success, version: HTTP/1.1, content: EmptyByteBufBE)
GET /session/a255249cd42893b06a13bc718dcb6b21/screenshot HTTP/1.1
User-Agent: selenium/4.1.2 (java windows)
Cache-Control: no-cache
Content-Type: application/json; charset=utf-8
host: localhost:56244
accept: */*

Response DefaultHttpResponse(decodeResult: success, version: HTTP/1.1)
HTTP/1.1 200 OK
Content-Type: application/json; charset=utf-8
cache-control: no-cache
content-length: 36100

18:17:53.219 [AsyncHttpClient-1-8] DEBUG org.asynchttpclient.netty.channel.ChannelManager - Adding key: http://localhost:56244 for channel [id: 0xb2c206f3, L:/127.0.0.1:49245 - R:localhost/127.0.0.1:56244]
18:17:53.220 [main] DEBUG net.serenitybdd.core.photography.Darkroom - Send negative for processing for target\site\serenity\122feafa928da6596c5a8b4036a8254860c2909fe59f4decbf5f7a6027e4370a.png
18:17:53.220 [Darkroom Processing Line] DEBUG net.serenitybdd.core.photography.DarkroomProcessingLine - Processing screenshot image in /var/screenshots/screenshot-2143511690503943521
18:17:53.220 [Darkroom Processing Line] DEBUG net.serenitybdd.core.photography.DarkroomProcessingLine - Saving screenshot to target\site\serenity\122feafa928da6596c5a8b4036a8254860c2909fe59f4decbf5f7a6027e4370a.png
18:17:53.227 [Forwarding findElement on session a255249cd42893b06a13bc718dcb6b21 to remote] DEBUG org.asynchttpclient.netty.request.NettyRequestSender - Using pooled Channel '[id: 0xb2c206f3, L:/127.0.0.1:49245 - R:localhost/127.0.0.1:56244]' for 'POST' to 'http://localhost:56244/session/a255249cd42893b06a13bc718dcb6b21/element'
18:17:53.227 [Forwarding findElement on session a255249cd42893b06a13bc718dcb6b21 to remote] DEBUG org.asynchttpclient.netty.request.NettyRequestSender - Using open Channel [id: 0xb2c206f3, L:/127.0.0.1:49245 - R:localhost/127.0.0.1:56244] for POST '/session/a255249cd42893b06a13bc718dcb6b21/element'
18:17:53.237 [AsyncHttpClient-1-8] DEBUG org.asynchttpclient.netty.handler.HttpHandler - 

Request DefaultHttpRequest(decodeResult: success, version: HTTP/1.1)
POST /session/a255249cd42893b06a13bc718dcb6b21/element HTTP/1.1
User-Agent: selenium/4.1.2 (java windows)
Content-Length: 91
Content-Type: application/json; charset=utf-8
host: localhost:56244
accept: */*

Response DefaultHttpResponse(decodeResult: success, version: HTTP/1.1)
HTTP/1.1 200 OK
Content-Type: application/json; charset=utf-8
cache-control: no-cache
content-length: 88

18:17:53.237 [AsyncHttpClient-1-8] DEBUG org.asynchttpclient.netty.channel.ChannelManager - Adding key: http://localhost:56244 for channel [id: 0xb2c206f3, L:/127.0.0.1:49245 - R:localhost/127.0.0.1:56244]
18:17:53.238 [Forwarding clearElement on session a255249cd42893b06a13bc718dcb6b21 to remote] DEBUG org.asynchttpclient.netty.request.NettyRequestSender - Using pooled Channel '[id: 0xb2c206f3, L:/127.0.0.1:49245 - R:localhost/127.0.0.1:56244]' for 'POST' to 'http://localhost:56244/session/a255249cd42893b06a13bc718dcb6b21/element/f4b6e969-0677-45a2-9cd6-d530236de59e/clear'
18:17:53.238 [Forwarding clearElement on session a255249cd42893b06a13bc718dcb6b21 to remote] DEBUG org.asynchttpclient.netty.request.NettyRequestSender - Using open Channel [id: 0xb2c206f3, L:/127.0.0.1:49245 - R:localhost/127.0.0.1:56244] for POST '/session/a255249cd42893b06a13bc718dcb6b21/element/f4b6e969-0677-45a2-9cd6-d530236de59e/clear'
18:17:53.263 [AsyncHttpClient-1-8] DEBUG org.asynchttpclient.netty.handler.HttpHandler - 

Request DefaultHttpRequest(decodeResult: success, version: HTTP/1.1)
POST /session/a255249cd42893b06a13bc718dcb6b21/element/f4b6e969-0677-45a2-9cd6-d530236de59e/clear HTTP/1.1
User-Agent: selenium/4.1.2 (java windows)
Content-Length: 50
Content-Type: application/json; charset=utf-8
host: localhost:56244
accept: */*

Response DefaultHttpResponse(decodeResult: success, version: HTTP/1.1)
HTTP/1.1 200 OK
Content-Type: application/json; charset=utf-8
cache-control: no-cache
content-length: 14

18:17:53.263 [AsyncHttpClient-1-8] DEBUG org.asynchttpclient.netty.channel.ChannelManager - Adding key: http://localhost:56244 for channel [id: 0xb2c206f3, L:/127.0.0.1:49245 - R:localhost/127.0.0.1:56244]
18:17:53.264 [Forwarding sendKeysToElement on session a255249cd42893b06a13bc718dcb6b21 to remote] DEBUG org.asynchttpclient.netty.request.NettyRequestSender - Using pooled Channel '[id: 0xb2c206f3, L:/127.0.0.1:49245 - R:localhost/127.0.0.1:56244]' for 'POST' to 'http://localhost:56244/session/a255249cd42893b06a13bc718dcb6b21/element/f4b6e969-0677-45a2-9cd6-d530236de59e/value'
18:17:53.264 [Forwarding sendKeysToElement on session a255249cd42893b06a13bc718dcb6b21 to remote] DEBUG org.asynchttpclient.netty.request.NettyRequestSender - Using open Channel [id: 0xb2c206f3, L:/127.0.0.1:49245 - R:localhost/127.0.0.1:56244] for POST '/session/a255249cd42893b06a13bc718dcb6b21/element/f4b6e969-0677-45a2-9cd6-d530236de59e/value'
18:17:53.325 [AsyncHttpClient-1-8] DEBUG org.asynchttpclient.netty.handler.HttpHandler - 

Request DefaultHttpRequest(decodeResult: success, version: HTTP/1.1)
POST /session/a255249cd42893b06a13bc718dcb6b21/element/f4b6e969-0677-45a2-9cd6-d530236de59e/value HTTP/1.1
User-Agent: selenium/4.1.2 (java windows)
Content-Length: 161
Content-Type: application/json; charset=utf-8
host: localhost:56244
accept: */*

Response DefaultHttpResponse(decodeResult: success, version: HTTP/1.1)
HTTP/1.1 200 OK
Content-Type: application/json; charset=utf-8
cache-control: no-cache
content-length: 14

18:17:53.325 [AsyncHttpClient-1-8] DEBUG org.asynchttpclient.netty.channel.ChannelManager - Adding key: http://localhost:56244 for channel [id: 0xb2c206f3, L:/127.0.0.1:49245 - R:localhost/127.0.0.1:56244]
  &amp#27;[32mAnd &amp#27;[0m&amp#27;[32mI input &amp#27;[0m&amp#27;[32m&amp#27;[1m"aaaaaaaa"&amp#27;[0m&amp#27;[32m password&amp#27;[0m     &amp#27;[90m# starter.stepdefinitions.LoginStepDefinition.iInputPassword(java.lang.String)&amp#27;[0m
18:17:53.329 [Forwarding screenshot on session a255249cd42893b06a13bc718dcb6b21 to remote] DEBUG org.asynchttpclient.netty.request.NettyRequestSender - Using pooled Channel '[id: 0xb2c206f3, L:/127.0.0.1:49245 - R:localhost/127.0.0.1:56244]' for 'GET' to 'http://localhost:56244/session/a255249cd42893b06a13bc718dcb6b21/screenshot'
18:17:53.329 [Forwarding screenshot on session a255249cd42893b06a13bc718dcb6b21 to remote] DEBUG org.asynchttpclient.netty.request.NettyRequestSender - Using open Channel [id: 0xb2c206f3, L:/127.0.0.1:49245 - R:localhost/127.0.0.1:56244] for GET '/session/a255249cd42893b06a13bc718dcb6b21/screenshot'
18:17:53.503 [AsyncHttpClient-1-8] DEBUG org.asynchttpclient.netty.handler.HttpHandler - 

Request DefaultFullHttpRequest(decodeResult: success, version: HTTP/1.1, content: EmptyByteBufBE)
GET /session/a255249cd42893b06a13bc718dcb6b21/screenshot HTTP/1.1
User-Agent: selenium/4.1.2 (java windows)
Cache-Control: no-cache
Content-Type: application/json; charset=utf-8
host: localhost:56244
accept: */*

Response DefaultHttpResponse(decodeResult: success, version: HTTP/1.1)
HTTP/1.1 200 OK
Content-Type: application/json; charset=utf-8
cache-control: no-cache
content-length: 37572

18:17:53.503 [AsyncHttpClient-1-8] DEBUG org.asynchttpclient.netty.channel.ChannelManager - Adding key: http://localhost:56244 for channel [id: 0xb2c206f3, L:/127.0.0.1:49245 - R:localhost/127.0.0.1:56244]
18:17:53.504 [main] DEBUG net.serenitybdd.core.photography.Darkroom - Send negative for processing for target\site\serenity\0ef1d5d3e7cfd553d7127f49859bec29828724137512251df4e13932fee258e3.png
18:17:53.504 [Darkroom Processing Line] DEBUG net.serenitybdd.core.photography.DarkroomProcessingLine - Processing screenshot image in /var/screenshots/screenshot-15804905961507981896
18:17:53.504 [Darkroom Processing Line] DEBUG net.serenitybdd.core.photography.DarkroomProcessingLine - Saving screenshot to target\site\serenity\0ef1d5d3e7cfd553d7127f49859bec29828724137512251df4e13932fee258e3.png
18:17:53.510 [Forwarding findElement on session a255249cd42893b06a13bc718dcb6b21 to remote] DEBUG org.asynchttpclient.netty.request.NettyRequestSender - Using pooled Channel '[id: 0xb2c206f3, L:/127.0.0.1:49245 - R:localhost/127.0.0.1:56244]' for 'POST' to 'http://localhost:56244/session/a255249cd42893b06a13bc718dcb6b21/element'
18:17:53.511 [Forwarding findElement on session a255249cd42893b06a13bc718dcb6b21 to remote] DEBUG org.asynchttpclient.netty.request.NettyRequestSender - Using open Channel [id: 0xb2c206f3, L:/127.0.0.1:49245 - R:localhost/127.0.0.1:56244] for POST '/session/a255249cd42893b06a13bc718dcb6b21/element'
18:17:53.519 [AsyncHttpClient-1-8] DEBUG org.asynchttpclient.netty.handler.HttpHandler - 

Request DefaultHttpRequest(decodeResult: success, version: HTTP/1.1)
POST /session/a255249cd42893b06a13bc718dcb6b21/element HTTP/1.1
User-Agent: selenium/4.1.2 (java windows)
Content-Length: 83
Content-Type: application/json; charset=utf-8
host: localhost:56244
accept: */*

Response DefaultHttpResponse(decodeResult: success, version: HTTP/1.1)
HTTP/1.1 200 OK
Content-Type: application/json; charset=utf-8
cache-control: no-cache
content-length: 88

18:17:53.520 [AsyncHttpClient-1-8] DEBUG org.asynchttpclient.netty.channel.ChannelManager - Adding key: http://localhost:56244 for channel [id: 0xb2c206f3, L:/127.0.0.1:49245 - R:localhost/127.0.0.1:56244]
18:17:53.520 [Forwarding getElementTagName on session a255249cd42893b06a13bc718dcb6b21 to remote] DEBUG org.asynchttpclient.netty.request.NettyRequestSender - Using pooled Channel '[id: 0xb2c206f3, L:/127.0.0.1:49245 - R:localhost/127.0.0.1:56244]' for 'GET' to 'http://localhost:56244/session/a255249cd42893b06a13bc718dcb6b21/element/871e6c53-77d7-4f87-94ac-35f1490dab61/name'
18:17:53.520 [Forwarding getElementTagName on session a255249cd42893b06a13bc718dcb6b21 to remote] DEBUG org.asynchttpclient.netty.request.NettyRequestSender - Using open Channel [id: 0xb2c206f3, L:/127.0.0.1:49245 - R:localhost/127.0.0.1:56244] for GET '/session/a255249cd42893b06a13bc718dcb6b21/element/871e6c53-77d7-4f87-94ac-35f1490dab61/name'
18:17:53.525 [AsyncHttpClient-1-8] DEBUG org.asynchttpclient.netty.handler.HttpHandler - 

Request DefaultFullHttpRequest(decodeResult: success, version: HTTP/1.1, content: EmptyByteBufBE)
GET /session/a255249cd42893b06a13bc718dcb6b21/element/871e6c53-77d7-4f87-94ac-35f1490dab61/name HTTP/1.1
User-Agent: selenium/4.1.2 (java windows)
Cache-Control: no-cache
Content-Type: application/json; charset=utf-8
host: localhost:56244
accept: */*

Response DefaultHttpResponse(decodeResult: success, version: HTTP/1.1)
HTTP/1.1 200 OK
Content-Type: application/json; charset=utf-8
cache-control: no-cache
content-length: 16

18:17:53.527 [AsyncHttpClient-1-8] DEBUG org.asynchttpclient.netty.channel.ChannelManager - Adding key: http://localhost:56244 for channel [id: 0xb2c206f3, L:/127.0.0.1:49245 - R:localhost/127.0.0.1:56244]
18:17:53.528 [Forwarding getElementTagName on session a255249cd42893b06a13bc718dcb6b21 to remote] DEBUG org.asynchttpclient.netty.request.NettyRequestSender - Using pooled Channel '[id: 0xb2c206f3, L:/127.0.0.1:49245 - R:localhost/127.0.0.1:56244]' for 'GET' to 'http://localhost:56244/session/a255249cd42893b06a13bc718dcb6b21/element/871e6c53-77d7-4f87-94ac-35f1490dab61/name'
18:17:53.528 [Forwarding getElementTagName on session a255249cd42893b06a13bc718dcb6b21 to remote] DEBUG org.asynchttpclient.netty.request.NettyRequestSender - Using open Channel [id: 0xb2c206f3, L:/127.0.0.1:49245 - R:localhost/127.0.0.1:56244] for GET '/session/a255249cd42893b06a13bc718dcb6b21/element/871e6c53-77d7-4f87-94ac-35f1490dab61/name'
18:17:53.531 [AsyncHttpClient-1-8] DEBUG org.asynchttpclient.netty.handler.HttpHandler - 

Request DefaultFullHttpRequest(decodeResult: success, version: HTTP/1.1, content: EmptyByteBufBE)
GET /session/a255249cd42893b06a13bc718dcb6b21/element/871e6c53-77d7-4f87-94ac-35f1490dab61/name HTTP/1.1
User-Agent: selenium/4.1.2 (java windows)
Cache-Control: no-cache
Content-Type: application/json; charset=utf-8
host: localhost:56244
accept: */*

Response DefaultHttpResponse(decodeResult: success, version: HTTP/1.1)
HTTP/1.1 200 OK
Content-Type: application/json; charset=utf-8
cache-control: no-cache
content-length: 16

18:17:53.531 [AsyncHttpClient-1-8] DEBUG org.asynchttpclient.netty.channel.ChannelManager - Adding key: http://localhost:56244 for channel [id: 0xb2c206f3, L:/127.0.0.1:49245 - R:localhost/127.0.0.1:56244]
18:17:53.533 [Forwarding findElement on session a255249cd42893b06a13bc718dcb6b21 to remote] DEBUG org.asynchttpclient.netty.request.NettyRequestSender - Using pooled Channel '[id: 0xb2c206f3, L:/127.0.0.1:49245 - R:localhost/127.0.0.1:56244]' for 'POST' to 'http://localhost:56244/session/a255249cd42893b06a13bc718dcb6b21/element'
18:17:53.533 [Forwarding findElement on session a255249cd42893b06a13bc718dcb6b21 to remote] DEBUG org.asynchttpclient.netty.request.NettyRequestSender - Using open Channel [id: 0xb2c206f3, L:/127.0.0.1:49245 - R:localhost/127.0.0.1:56244] for POST '/session/a255249cd42893b06a13bc718dcb6b21/element'
18:17:53.538 [AsyncHttpClient-1-8] DEBUG org.asynchttpclient.netty.handler.HttpHandler - 

Request DefaultHttpRequest(decodeResult: success, version: HTTP/1.1)
POST /session/a255249cd42893b06a13bc718dcb6b21/element HTTP/1.1
User-Agent: selenium/4.1.2 (java windows)
Content-Length: 83
Content-Type: application/json; charset=utf-8
host: localhost:56244
accept: */*

Response DefaultHttpResponse(decodeResult: success, version: HTTP/1.1)
HTTP/1.1 200 OK
Content-Type: application/json; charset=utf-8
cache-control: no-cache
content-length: 88

18:17:53.538 [AsyncHttpClient-1-8] DEBUG org.asynchttpclient.netty.channel.ChannelManager - Adding key: http://localhost:56244 for channel [id: 0xb2c206f3, L:/127.0.0.1:49245 - R:localhost/127.0.0.1:56244]
18:17:53.540 [Forwarding clickElement on session a255249cd42893b06a13bc718dcb6b21 to remote] DEBUG org.asynchttpclient.netty.request.NettyRequestSender - Using pooled Channel '[id: 0xb2c206f3, L:/127.0.0.1:49245 - R:localhost/127.0.0.1:56244]' for 'POST' to 'http://localhost:56244/session/a255249cd42893b06a13bc718dcb6b21/element/871e6c53-77d7-4f87-94ac-35f1490dab61/click'
18:17:53.540 [Forwarding clickElement on session a255249cd42893b06a13bc718dcb6b21 to remote] DEBUG org.asynchttpclient.netty.request.NettyRequestSender - Using open Channel [id: 0xb2c206f3, L:/127.0.0.1:49245 - R:localhost/127.0.0.1:56244] for POST '/session/a255249cd42893b06a13bc718dcb6b21/element/871e6c53-77d7-4f87-94ac-35f1490dab61/click'
18:17:53.569 [AsyncHttpClient-1-8] DEBUG org.asynchttpclient.netty.handler.HttpHandler - 

Request DefaultHttpRequest(decodeResult: success, version: HTTP/1.1)
POST /session/a255249cd42893b06a13bc718dcb6b21/element/871e6c53-77d7-4f87-94ac-35f1490dab61/click HTTP/1.1
User-Agent: selenium/4.1.2 (java windows)
Content-Length: 50
Content-Type: application/json; charset=utf-8
host: localhost:56244
accept: */*

Response DefaultHttpResponse(decodeResult: success, version: HTTP/1.1)
HTTP/1.1 200 OK
Content-Type: application/json; charset=utf-8
cache-control: no-cache
content-length: 14

18:17:53.570 [AsyncHttpClient-1-8] DEBUG org.asynchttpclient.netty.channel.ChannelManager - Adding key: http://localhost:56244 for channel [id: 0xb2c206f3, L:/127.0.0.1:49245 - R:localhost/127.0.0.1:56244]
  &amp#27;[32mAnd &amp#27;[0m&amp#27;[32mI click Login button&amp#27;[0m            &amp#27;[90m# starter.stepdefinitions.LoginStepDefinition.iClickLoginButton()&amp#27;[0m
18:17:53.574 [Forwarding screenshot on session a255249cd42893b06a13bc718dcb6b21 to remote] DEBUG org.asynchttpclient.netty.request.NettyRequestSender - Using pooled Channel '[id: 0xb2c206f3, L:/127.0.0.1:49245 - R:localhost/127.0.0.1:56244]' for 'GET' to 'http://localhost:56244/session/a255249cd42893b06a13bc718dcb6b21/screenshot'
18:17:53.574 [Forwarding screenshot on session a255249cd42893b06a13bc718dcb6b21 to remote] DEBUG org.asynchttpclient.netty.request.NettyRequestSender - Using open Channel [id: 0xb2c206f3, L:/127.0.0.1:49245 - R:localhost/127.0.0.1:56244] for GET '/session/a255249cd42893b06a13bc718dcb6b21/screenshot'
18:17:53.695 [AsyncHttpClient-1-1] DEBUG org.asynchttpclient.netty.channel.DefaultChannelPool - Entry count for : http://localhost:49246 : 1
18:17:53.751 [AsyncHttpClient-1-8] DEBUG org.asynchttpclient.netty.handler.HttpHandler - 

Request DefaultFullHttpRequest(decodeResult: success, version: HTTP/1.1, content: EmptyByteBufBE)
GET /session/a255249cd42893b06a13bc718dcb6b21/screenshot HTTP/1.1
User-Agent: selenium/4.1.2 (java windows)
Cache-Control: no-cache
Content-Type: application/json; charset=utf-8
host: localhost:56244
accept: */*

Response DefaultHttpResponse(decodeResult: success, version: HTTP/1.1)
HTTP/1.1 200 OK
Content-Type: application/json; charset=utf-8
cache-control: no-cache
content-length: 36764

18:17:53.751 [AsyncHttpClient-1-8] DEBUG org.asynchttpclient.netty.channel.ChannelManager - Adding key: http://localhost:56244 for channel [id: 0xb2c206f3, L:/127.0.0.1:49245 - R:localhost/127.0.0.1:56244]
18:17:53.752 [main] DEBUG net.serenitybdd.core.photography.Darkroom - Send negative for processing for target\site\serenity\e508c10b70bf619ef8c641f81c453ec31f34c0cefce52f0b00807c745e87a343.png
18:17:53.752 [Darkroom Processing Line] DEBUG net.serenitybdd.core.photography.DarkroomProcessingLine - Processing screenshot image in /var/screenshots/screenshot-1241302341292477556
18:17:53.752 [Darkroom Processing Line] DEBUG net.serenitybdd.core.photography.DarkroomProcessingLine - Saving screenshot to target\site\serenity\e508c10b70bf619ef8c641f81c453ec31f34c0cefce52f0b00807c745e87a343.png
18:17:53.759 [Forwarding findElement on session a255249cd42893b06a13bc718dcb6b21 to remote] DEBUG org.asynchttpclient.netty.request.NettyRequestSender - Using pooled Channel '[id: 0xb2c206f3, L:/127.0.0.1:49245 - R:localhost/127.0.0.1:56244]' for 'POST' to 'http://localhost:56244/session/a255249cd42893b06a13bc718dcb6b21/element'
18:17:53.759 [Forwarding findElement on session a255249cd42893b06a13bc718dcb6b21 to remote] DEBUG org.asynchttpclient.netty.request.NettyRequestSender - Using open Channel [id: 0xb2c206f3, L:/127.0.0.1:49245 - R:localhost/127.0.0.1:56244] for POST '/session/a255249cd42893b06a13bc718dcb6b21/element'
18:17:54.397 [AsyncHttpClient-1-8] DEBUG org.asynchttpclient.netty.handler.HttpHandler - 

Request DefaultHttpRequest(decodeResult: success, version: HTTP/1.1)
POST /session/a255249cd42893b06a13bc718dcb6b21/element HTTP/1.1
User-Agent: selenium/4.1.2 (java windows)
Content-Length: 81
Content-Type: application/json; charset=utf-8
host: localhost:56244
accept: */*

Response DefaultHttpResponse(decodeResult: success, version: HTTP/1.1)
HTTP/1.1 200 OK
Content-Type: application/json; charset=utf-8
cache-control: no-cache
content-length: 88

18:17:54.397 [AsyncHttpClient-1-8] DEBUG org.asynchttpclient.netty.channel.ChannelManager - Adding key: http://localhost:56244 for channel [id: 0xb2c206f3, L:/127.0.0.1:49245 - R:localhost/127.0.0.1:56244]
18:17:54.402 [Forwarding isElementDisplayed on session a255249cd42893b06a13bc718dcb6b21 to remote] DEBUG org.asynchttpclient.netty.request.NettyRequestSender - Using pooled Channel '[id: 0xb2c206f3, L:/127.0.0.1:49245 - R:localhost/127.0.0.1:56244]' for 'POST' to 'http://localhost:56244/session/a255249cd42893b06a13bc718dcb6b21/execute/sync'
18:17:54.402 [Forwarding isElementDisplayed on session a255249cd42893b06a13bc718dcb6b21 to remote] DEBUG org.asynchttpclient.netty.request.NettyRequestSender - Using open Channel [id: 0xb2c206f3, L:/127.0.0.1:49245 - R:localhost/127.0.0.1:56244] for POST '/session/a255249cd42893b06a13bc718dcb6b21/execute/sync'
18:17:54.427 [AsyncHttpClient-1-8] DEBUG org.asynchttpclient.netty.handler.HttpHandler - 

Request DefaultHttpRequest(decodeResult: success, version: HTTP/1.1)
POST /session/a255249cd42893b06a13bc718dcb6b21/execute/sync HTTP/1.1
User-Agent: selenium/4.1.2 (java windows)
Content-Length: 48780
Content-Type: application/json; charset=utf-8
host: localhost:56244
accept: */*

Response DefaultHttpResponse(decodeResult: success, version: HTTP/1.1)
HTTP/1.1 200 OK
Content-Type: application/json; charset=utf-8
cache-control: no-cache
content-length: 14

18:17:54.427 [AsyncHttpClient-1-8] DEBUG org.asynchttpclient.netty.channel.ChannelManager - Adding key: http://localhost:56244 for channel [id: 0xb2c206f3, L:/127.0.0.1:49245 - R:localhost/127.0.0.1:56244]
  &amp#27;[32mThen &amp#27;[0m&amp#27;[32mI will get the &amp#27;[0m&amp#27;[32m&amp#27;[1m"i can't login"&amp#27;[0m &amp#27;[90m# starter.stepdefinitions.LoginStepDefinition.iWillGetThe(java.lang.String)&amp#27;[0m
18:17:54.432 [Forwarding screenshot on session a255249cd42893b06a13bc718dcb6b21 to remote] DEBUG org.asynchttpclient.netty.request.NettyRequestSender - Using pooled Channel '[id: 0xb2c206f3, L:/127.0.0.1:49245 - R:localhost/127.0.0.1:56244]' for 'GET' to 'http://localhost:56244/session/a255249cd42893b06a13bc718dcb6b21/screenshot'
18:17:54.432 [Forwarding screenshot on session a255249cd42893b06a13bc718dcb6b21 to remote] DEBUG org.asynchttpclient.netty.request.NettyRequestSender - Using open Channel [id: 0xb2c206f3, L:/127.0.0.1:49245 - R:localhost/127.0.0.1:56244] for GET '/session/a255249cd42893b06a13bc718dcb6b21/screenshot'
18:17:54.583 [AsyncHttpClient-1-8] DEBUG org.asynchttpclient.netty.handler.HttpHandler - 

Request DefaultFullHttpRequest(decodeResult: success, version: HTTP/1.1, content: EmptyByteBufBE)
GET /session/a255249cd42893b06a13bc718dcb6b21/screenshot HTTP/1.1
User-Agent: selenium/4.1.2 (java windows)
Cache-Control: no-cache
Content-Type: application/json; charset=utf-8
host: localhost:56244
accept: */*

Response DefaultHttpResponse(decodeResult: success, version: HTTP/1.1)
HTTP/1.1 200 OK
Content-Type: application/json; charset=utf-8
cache-control: no-cache
content-length: 40368

18:17:54.584 [AsyncHttpClient-1-8] DEBUG org.asynchttpclient.netty.channel.ChannelManager - Adding key: http://localhost:56244 for channel [id: 0xb2c206f3, L:/127.0.0.1:49245 - R:localhost/127.0.0.1:56244]
18:17:54.585 [main] DEBUG net.serenitybdd.core.photography.Darkroom - Send negative for processing for target\site\serenity\4f04bbb214e760abea951878c8822da2cfc117092004c4ae18a1c08f51c28bfa.png
18:17:54.587 [Darkroom Processing Line] DEBUG net.serenitybdd.core.photography.DarkroomProcessingLine - Processing screenshot image in /var/screenshots/screenshot-170086893683016628
18:17:54.587 [Darkroom Processing Line] DEBUG net.serenitybdd.core.photography.DarkroomProcessingLine - Saving screenshot to target\site\serenity\4f04bbb214e760abea951878c8822da2cfc117092004c4ae18a1c08f51c28bfa.png
18:17:54.592 [AsyncHttpClient-1-2] DEBUG org.asynchttpclient.netty.handler.WebSocketHandler - Channel Closed: [id: 0xf9fd9533, L:/127.0.0.1:49253 ! R:localhost/127.0.0.1:49246] with attribute NettyResponseFuture{currentRetry=5,
	isDone=1,
	isCancelled=0,
	asyncHandler=org.asynchttpclient.ws.WebSocketUpgradeHandler@28f1e34d,
	nettyRequest=org.asynchttpclient.netty.request.NettyRequest@261ea9c2,
	future=java.util.concurrent.CompletableFuture@69989b1c[Completed normally],
	uri=ws://localhost:49246/devtools/browser/2e07371c-0ee1-4396-837a-fc3f7ad8af29,
	keepAlive=true,
	redirectCount=0,
	timeoutsHolder=null,
	inAuth=0,
	touch=1667560671123}
18:17:54.593 [AsyncHttpClient-1-2] DEBUG org.asynchttpclient.netty.channel.ChannelManager - Closing Channel [id: 0xf9fd9533, L:/127.0.0.1:49253 ! R:localhost/127.0.0.1:49246] 
18:17:54.594 [Driver Command Executor] DEBUG org.asynchttpclient.netty.request.NettyRequestSender - Using pooled Channel '[id: 0xb2c206f3, L:/127.0.0.1:49245 - R:localhost/127.0.0.1:56244]' for 'DELETE' to 'http://localhost:56244/session/a255249cd42893b06a13bc718dcb6b21'
18:17:54.594 [Driver Command Executor] DEBUG org.asynchttpclient.netty.request.NettyRequestSender - Using open Channel [id: 0xb2c206f3, L:/127.0.0.1:49245 - R:localhost/127.0.0.1:56244] for DELETE '/session/a255249cd42893b06a13bc718dcb6b21'
18:17:54.664 [AsyncHttpClient-1-9] DEBUG org.asynchttpclient.netty.handler.HttpHandler - Unexpected I/O exception on channel [id: 0x69f59d5e, L:/127.0.0.1:49252 - R:localhost/127.0.0.1:49246]
java.io.IOException: An existing connection was forcibly closed by the remote host
	at java.base/sun.nio.ch.SocketDispatcher.read0(Native Method)
	at java.base/sun.nio.ch.SocketDispatcher.read(SocketDispatcher.java:43)
	at java.base/sun.nio.ch.IOUtil.readIntoNativeBuffer(IOUtil.java:276)
	at java.base/sun.nio.ch.IOUtil.read(IOUtil.java:233)
	at java.base/sun.nio.ch.IOUtil.read(IOUtil.java:223)
	at java.base/sun.nio.ch.SocketChannelImpl.read(SocketChannelImpl.java:358)
	at io.netty.buffer.PooledByteBuf.setBytes(PooledByteBuf.java:258)
	at io.netty.buffer.AbstractByteBuf.writeBytes(AbstractByteBuf.java:1132)
	at io.netty.channel.socket.nio.NioSocketChannel.doReadBytes(NioSocketChannel.java:350)
	at io.netty.channel.nio.AbstractNioByteChannel$NioByteUnsafe.read(AbstractNioByteChannel.java:151)
	at io.netty.channel.nio.NioEventLoop.processSelectedKey(NioEventLoop.java:722)
	at io.netty.channel.nio.NioEventLoop.processSelectedKeysOptimized(NioEventLoop.java:658)
	at io.netty.channel.nio.NioEventLoop.processSelectedKeys(NioEventLoop.java:584)
	at io.netty.channel.nio.NioEventLoop.run(NioEventLoop.java:496)
	at io.netty.util.concurrent.SingleThreadEventExecutor$4.run(SingleThreadEventExecutor.java:986)
	at io.netty.util.internal.ThreadExecutorMap$2.run(ThreadExecutorMap.java:74)
	at io.netty.util.concurrent.FastThreadLocalRunnable.run(FastThreadLocalRunnable.java:30)
	at java.base/java.lang.Thread.run(Thread.java:834)
18:17:54.664 [AsyncHttpClient-1-9] DEBUG org.asynchttpclient.netty.channel.ChannelManager - Closing Channel [id: 0x69f59d5e, L:/127.0.0.1:49252 - R:localhost/127.0.0.1:49246] 
18:17:54.664 [AsyncHttpClient-1-9] DEBUG org.asynchttpclient.netty.handler.HttpHandler - Channel Closed: [id: 0x69f59d5e, L:/127.0.0.1:49252 ! R:localhost/127.0.0.1:49246] with attribute DISCARD
18:17:54.688 [AsyncHttpClient-1-8] DEBUG org.asynchttpclient.netty.handler.HttpHandler - 

Request DefaultFullHttpRequest(decodeResult: success, version: HTTP/1.1, content: EmptyByteBufBE)
DELETE /session/a255249cd42893b06a13bc718dcb6b21 HTTP/1.1
User-Agent: selenium/4.1.2 (java windows)
Content-Type: application/json; charset=utf-8
host: localhost:56244
accept: */*

Response DefaultHttpResponse(decodeResult: success, version: HTTP/1.1)
HTTP/1.1 200 OK
Content-Type: application/json; charset=utf-8
cache-control: no-cache
content-length: 14

18:17:54.688 [AsyncHttpClient-1-8] DEBUG org.asynchttpclient.netty.channel.ChannelManager - Adding key: http://localhost:56244 for channel [id: 0xb2c206f3, L:/127.0.0.1:49245 - R:localhost/127.0.0.1:56244]
18:17:54.740 [AsyncHttpClient-1-8] DEBUG org.asynchttpclient.netty.handler.HttpHandler - Channel Closed: [id: 0xb2c206f3, L:/127.0.0.1:49245 ! R:localhost/127.0.0.1:56244] with attribute DISCARD
]]></system-out>
    <system-err><![CDATA[Starting ChromeDriver 107.0.5304.62 (1eec40d3a5764881c92085aaee66d25075c159aa-refs/branch-heads/5304@{#942}) on port 56244
Only local connections are allowed.
Please see https://chromedriver.chromium.org/security-considerations for suggestions on keeping ChromeDriver safe.
ChromeDriver was started successfully.
Nov 04, 2022 6:17:51 PM org.openqa.selenium.remote.ProtocolHandshake createSession
INFO: Detected dialect: W3C
Nov 04, 2022 6:17:51 PM org.openqa.selenium.devtools.CdpVersionFinder findNearestMatch
WARNING: Unable to find an exact match for CDP version 107, so returning the closest version found: a no-op implementation
Nov 04, 2022 6:17:51 PM org.openqa.selenium.devtools.CdpVersionFinder findNearestMatch
INFO: Unable to find CDP implementation matching 107.
Nov 04, 2022 6:17:51 PM org.openqa.selenium.chromium.ChromiumDriver lambda$new$3
WARNING: Unable to find version of CDP to use for . You may need to include a dependency on a specific version of the CDP using something similar to `org.seleniumhq.selenium:selenium-devtools-v86:4.1.2` where the version ("v86") matches the version of the chromium-based browser you're using and the version number of the artifact is the same as Selenium's.
]]></system-err>
  </testcase>
  <testcase name="I want to logout my account" classname="Logout" time="4.469">
    <system-out><![CDATA[18:17:54.782 [main] INFO io.cucumber.core.plugin.SerenityReporter - Running feature from file:///D:/Ra/file%20kuliah/semester%207/resume%20alta/Mini%20Project/Web/AltaShop/src/test/resources/features/logout.feature
18:17:54.784 [main] DEBUG net.thucydides.core.steps.StepEventBus - Test suite started for story net.thucydides.core.model.Story@b51a1248
18:17:54.784 [main] INFO  - Test Suite Started: Logout

@Logout
Scenario: I want to logout my account &amp#27;[90m# src/test/resources/features/logout.feature:7&amp#27;[0m
18:17:54.790 [main] INFO io.cucumber.core.plugin.SerenityReporter - Running feature from file:///D:/Ra/file%20kuliah/semester%207/resume%20alta/Mini%20Project/Web/AltaShop/src/test/resources/features/logout.feature
18:17:54.794 [main] INFO  - 
  _____   ___   ___   _____     ___   _____     _     ___   _____   ___   ___  
 |_   _| | __| / __| |_   _|   / __| |_   _|   /_\   | _ \ |_   _| | __| |   \ 
   | |   | _|  \__ \   | |     \__ \   | |    / _ \  |   /   | |   | _|  | |) |
   |_|   |___| |___/   |_|     |___/   |_|   /_/ \_\ |_|_\   |_|   |___| |___/ 

I want to logout my account(logout;i-want-to-logout-my-account)
--------------------------------------------------------------------------------
18:17:54.800 [AsyncHttpClient-1-1] DEBUG org.asynchttpclient.netty.channel.DefaultChannelPool - Entry count for : http://localhost:56244 : 1
18:17:54.800 [AsyncHttpClient-1-1] DEBUG org.asynchttpclient.netty.channel.DefaultChannelPool - Entry count for : http://localhost:49246 : 1
18:17:54.800 [AsyncHttpClient-1-1] DEBUG org.asynchttpclient.netty.channel.DefaultChannelPool - Adding Candidate expired Channel [id: 0xb2c206f3, L:/127.0.0.1:49245 ! R:localhost/127.0.0.1:56244] isIdleTimeoutExpired=false isRemotelyClosed=true isTtlExpired=false
18:17:54.800 [AsyncHttpClient-1-1] DEBUG org.asynchttpclient.netty.channel.DefaultChannelPool - Closing Idle Channel [id: 0xb2c206f3, L:/127.0.0.1:49245 ! R:localhost/127.0.0.1:56244]
18:17:54.800 [AsyncHttpClient-1-1] DEBUG org.asynchttpclient.netty.channel.DefaultChannelPool - Adding Candidate expired Channel [id: 0x69f59d5e, L:/127.0.0.1:49252 ! R:localhost/127.0.0.1:49246] isIdleTimeoutExpired=false isRemotelyClosed=true isTtlExpired=false
18:17:54.800 [AsyncHttpClient-1-1] DEBUG org.asynchttpclient.netty.channel.DefaultChannelPool - Closing Idle Channel [id: 0x69f59d5e, L:/127.0.0.1:49252 ! R:localhost/127.0.0.1:49246]
18:17:54.800 [AsyncHttpClient-1-1] DEBUG org.asynchttpclient.netty.channel.DefaultChannelPool - Closed 2 connections out of 2 in 0 ms
18:17:54.803 [main] INFO net.serenitybdd.core.webdriver.driverproviders.ChromeDriverProvider - Using automatically driver download
18:17:54.908 [main] DEBUG io.github.bonigarcia.wdm.cache.ResolutionCache - Resolution chrome=107 in cache (valid until 18:54:29 04/11/2022 ICT)
18:17:54.911 [main] DEBUG io.github.bonigarcia.wdm.cache.ResolutionCache - Resolution chrome107=107.0.5304.62 in cache (valid until 17:54:29 05/11/2022 ICT)
18:17:54.913 [main] INFO io.github.bonigarcia.wdm.WebDriverManager - Using chromedriver 107.0.5304.62 (resolved driver for Chrome 107)
18:17:54.931 [main] DEBUG io.github.bonigarcia.wdm.WebDriverManager - Driver chromedriver 107.0.5304.62 found in cache
18:17:54.931 [main] INFO io.github.bonigarcia.wdm.WebDriverManager - Exporting webdriver.chrome.driver as C:\Users\rilaa\.cache\selenium\chromedriver\win32\107.0.5304.62\chromedriver.exe
18:17:55.014 [main] DEBUG net.serenitybdd.core.webdriver.driverproviders.ProvideNewDriver - Instantiating driver
18:17:55.014 [main] DEBUG net.serenitybdd.core.webdriver.driverproviders.ProvideNewDriver - Driver capabilities: Capabilities {acceptInsecureCerts: false, base.url: https://alta-shop.vercel.app, browserName: chrome, chrome.driver: src/test/resources/webdrive..., driver: chrome, goog:chromeOptions: {args: [], extensions: []}}
18:17:55.069 [AsyncHttpClient-1-3] DEBUG org.asynchttpclient.netty.channel.NettyConnectListener - Using new Channel '[id: 0x45f5b49d, L:/127.0.0.1:49268 - R:localhost/127.0.0.1:60818]' for 'POST' to '/session'
18:17:55.832 [AsyncHttpClient-1-3] DEBUG org.asynchttpclient.netty.handler.HttpHandler - 

Request DefaultHttpRequest(decodeResult: success, version: HTTP/1.1)
POST /session HTTP/1.1
User-Agent: selenium/4.1.2 (java windows)
Content-Length: 609
Content-Type: application/json; charset=utf-8
host: localhost:60818
accept: */*

Response DefaultHttpResponse(decodeResult: success, version: HTTP/1.1)
HTTP/1.1 200 OK
Content-Type: application/json; charset=utf-8
cache-control: no-cache
content-length: 789

18:17:55.832 [AsyncHttpClient-1-3] DEBUG org.asynchttpclient.netty.channel.ChannelManager - Adding key: http://localhost:60818 for channel [id: 0x45f5b49d, L:/127.0.0.1:49268 - R:localhost/127.0.0.1:60818]
18:17:55.844 [AsyncHttpClient-1-4] DEBUG org.asynchttpclient.netty.channel.NettyConnectListener - Using new Channel '[id: 0xfdb66431, L:/127.0.0.1:49275 - R:localhost/127.0.0.1:49269]' for 'GET' to '/json/version'
18:17:55.846 [AsyncHttpClient-1-4] DEBUG org.asynchttpclient.netty.handler.HttpHandler - 

Request DefaultFullHttpRequest(decodeResult: success, version: HTTP/1.1, content: EmptyByteBufBE)
GET /json/version HTTP/1.1
User-Agent: selenium/4.1.2 (java windows)
host: localhost:49269
accept: */*

Response DefaultHttpResponse(decodeResult: success, version: HTTP/1.1)
HTTP/1.1 200 OK
Content-Type: application/json; charset=UTF-8
content-length: 423

18:17:55.846 [AsyncHttpClient-1-4] DEBUG org.asynchttpclient.netty.channel.ChannelManager - Adding key: http://localhost:49269 for channel [id: 0xfdb66431, L:/127.0.0.1:49275 - R:localhost/127.0.0.1:49269]
18:17:55.849 [AsyncHttpClient-1-5] DEBUG org.asynchttpclient.netty.channel.NettyConnectListener - Using new Channel '[id: 0xd91a6aa6, L:/127.0.0.1:49276 - R:localhost/127.0.0.1:49269]' for 'GET' to '/devtools/browser/5b6a1be0-b7c5-44e1-856e-d184b9e2062c'
18:17:55.850 [AsyncHttpClient-1-5] DEBUG org.asynchttpclient.netty.handler.WebSocketHandler - 

Request DefaultFullHttpRequest(decodeResult: success, version: HTTP/1.1, content: EmptyByteBufBE)
GET /devtools/browser/5b6a1be0-b7c5-44e1-856e-d184b9e2062c HTTP/1.1
upgrade: websocket
connection: upgrade
sec-websocket-key: iygwtDm+n6wqlvA/iA6P/A==
sec-websocket-version: 13
origin: http://localhost:49269
host: localhost:49269
accept: */*
user-agent: AHC/2.1

Response DefaultHttpResponse(decodeResult: success, version: HTTP/1.1)
HTTP/1.1 101 WebSocket Protocol Handshake
Upgrade: WebSocket
Connection: Upgrade
Sec-WebSocket-Accept: I0J3CdhBGUh8FvTiwcXxTQiAD7s=

18:17:55.860 [Forwarding get on session cd6fceeb90784f8ab14edc786fbd3d26 to remote] DEBUG org.asynchttpclient.netty.request.NettyRequestSender - Using pooled Channel '[id: 0x45f5b49d, L:/127.0.0.1:49268 - R:localhost/127.0.0.1:60818]' for 'POST' to 'http://localhost:60818/session/cd6fceeb90784f8ab14edc786fbd3d26/url'
18:17:55.860 [Forwarding get on session cd6fceeb90784f8ab14edc786fbd3d26 to remote] DEBUG org.asynchttpclient.netty.request.NettyRequestSender - Using open Channel [id: 0x45f5b49d, L:/127.0.0.1:49268 - R:localhost/127.0.0.1:60818] for POST '/session/cd6fceeb90784f8ab14edc786fbd3d26/url'
18:17:55.889 [AsyncHttpClient-1-1] DEBUG org.asynchttpclient.netty.channel.DefaultChannelPool - Entry count for : http://localhost:49269 : 1
18:17:56.749 [AsyncHttpClient-1-3] DEBUG org.asynchttpclient.netty.handler.HttpHandler - 

Request DefaultHttpRequest(decodeResult: success, version: HTTP/1.1)
POST /session/cd6fceeb90784f8ab14edc786fbd3d26/url HTTP/1.1
User-Agent: selenium/4.1.2 (java windows)
Content-Length: 59
Content-Type: application/json; charset=utf-8
host: localhost:60818
accept: */*

Response DefaultHttpResponse(decodeResult: success, version: HTTP/1.1)
HTTP/1.1 200 OK
Content-Type: application/json; charset=utf-8
cache-control: no-cache
content-length: 14

18:17:56.749 [AsyncHttpClient-1-3] DEBUG org.asynchttpclient.netty.channel.ChannelManager - Adding key: http://localhost:60818 for channel [id: 0x45f5b49d, L:/127.0.0.1:49268 - R:localhost/127.0.0.1:60818]
18:17:56.750 [Forwarding setTimeout on session cd6fceeb90784f8ab14edc786fbd3d26 to remote] DEBUG org.asynchttpclient.netty.request.NettyRequestSender - Using pooled Channel '[id: 0x45f5b49d, L:/127.0.0.1:49268 - R:localhost/127.0.0.1:60818]' for 'POST' to 'http://localhost:60818/session/cd6fceeb90784f8ab14edc786fbd3d26/timeouts'
18:17:56.750 [Forwarding setTimeout on session cd6fceeb90784f8ab14edc786fbd3d26 to remote] DEBUG org.asynchttpclient.netty.request.NettyRequestSender - Using open Channel [id: 0x45f5b49d, L:/127.0.0.1:49268 - R:localhost/127.0.0.1:60818] for POST '/session/cd6fceeb90784f8ab14edc786fbd3d26/timeouts'
18:17:56.751 [AsyncHttpClient-1-3] DEBUG org.asynchttpclient.netty.handler.HttpHandler - 

Request DefaultHttpRequest(decodeResult: success, version: HTTP/1.1)
POST /session/cd6fceeb90784f8ab14edc786fbd3d26/timeouts HTTP/1.1
User-Agent: selenium/4.1.2 (java windows)
Content-Length: 22
Content-Type: application/json; charset=utf-8
host: localhost:60818
accept: */*

Response DefaultHttpResponse(decodeResult: success, version: HTTP/1.1)
HTTP/1.1 200 OK
Content-Type: application/json; charset=utf-8
cache-control: no-cache
content-length: 14

18:17:56.751 [AsyncHttpClient-1-3] DEBUG org.asynchttpclient.netty.channel.ChannelManager - Adding key: http://localhost:60818 for channel [id: 0x45f5b49d, L:/127.0.0.1:49268 - R:localhost/127.0.0.1:60818]
18:17:56.753 [Forwarding getCurrentUrl on session cd6fceeb90784f8ab14edc786fbd3d26 to remote] DEBUG org.asynchttpclient.netty.request.NettyRequestSender - Using pooled Channel '[id: 0x45f5b49d, L:/127.0.0.1:49268 - R:localhost/127.0.0.1:60818]' for 'GET' to 'http://localhost:60818/session/cd6fceeb90784f8ab14edc786fbd3d26/url'
18:17:56.753 [Forwarding getCurrentUrl on session cd6fceeb90784f8ab14edc786fbd3d26 to remote] DEBUG org.asynchttpclient.netty.request.NettyRequestSender - Using open Channel [id: 0x45f5b49d, L:/127.0.0.1:49268 - R:localhost/127.0.0.1:60818] for GET '/session/cd6fceeb90784f8ab14edc786fbd3d26/url'
18:17:56.759 [AsyncHttpClient-1-3] DEBUG org.asynchttpclient.netty.handler.HttpHandler - 

Request DefaultFullHttpRequest(decodeResult: success, version: HTTP/1.1, content: EmptyByteBufBE)
GET /session/cd6fceeb90784f8ab14edc786fbd3d26/url HTTP/1.1
User-Agent: selenium/4.1.2 (java windows)
Cache-Control: no-cache
Content-Type: application/json; charset=utf-8
host: localhost:60818
accept: */*

Response DefaultHttpResponse(decodeResult: success, version: HTTP/1.1)
HTTP/1.1 200 OK
Content-Type: application/json; charset=utf-8
cache-control: no-cache
content-length: 41

18:17:56.759 [AsyncHttpClient-1-3] DEBUG org.asynchttpclient.netty.channel.ChannelManager - Adding key: http://localhost:60818 for channel [id: 0x45f5b49d, L:/127.0.0.1:49268 - R:localhost/127.0.0.1:60818]
18:17:56.766 [Forwarding findElement on session cd6fceeb90784f8ab14edc786fbd3d26 to remote] DEBUG org.asynchttpclient.netty.request.NettyRequestSender - Using pooled Channel '[id: 0x45f5b49d, L:/127.0.0.1:49268 - R:localhost/127.0.0.1:60818]' for 'POST' to 'http://localhost:60818/session/cd6fceeb90784f8ab14edc786fbd3d26/element'
18:17:56.766 [Forwarding findElement on session cd6fceeb90784f8ab14edc786fbd3d26 to remote] DEBUG org.asynchttpclient.netty.request.NettyRequestSender - Using open Channel [id: 0x45f5b49d, L:/127.0.0.1:49268 - R:localhost/127.0.0.1:60818] for POST '/session/cd6fceeb90784f8ab14edc786fbd3d26/element'
18:17:56.810 [AsyncHttpClient-1-3] DEBUG org.asynchttpclient.netty.handler.HttpHandler - 

Request DefaultHttpRequest(decodeResult: success, version: HTTP/1.1)
POST /session/cd6fceeb90784f8ab14edc786fbd3d26/element HTTP/1.1
User-Agent: selenium/4.1.2 (java windows)
Content-Length: 77
Content-Type: application/json; charset=utf-8
host: localhost:60818
accept: */*

Response DefaultHttpResponse(decodeResult: success, version: HTTP/1.1)
HTTP/1.1 200 OK
Content-Type: application/json; charset=utf-8
cache-control: no-cache
content-length: 88

18:17:56.810 [AsyncHttpClient-1-3] DEBUG org.asynchttpclient.netty.channel.ChannelManager - Adding key: http://localhost:60818 for channel [id: 0x45f5b49d, L:/127.0.0.1:49268 - R:localhost/127.0.0.1:60818]
18:17:56.813 [Forwarding isElementDisplayed on session cd6fceeb90784f8ab14edc786fbd3d26 to remote] DEBUG org.asynchttpclient.netty.request.NettyRequestSender - Using pooled Channel '[id: 0x45f5b49d, L:/127.0.0.1:49268 - R:localhost/127.0.0.1:60818]' for 'POST' to 'http://localhost:60818/session/cd6fceeb90784f8ab14edc786fbd3d26/execute/sync'
18:17:56.813 [Forwarding isElementDisplayed on session cd6fceeb90784f8ab14edc786fbd3d26 to remote] DEBUG org.asynchttpclient.netty.request.NettyRequestSender - Using open Channel [id: 0x45f5b49d, L:/127.0.0.1:49268 - R:localhost/127.0.0.1:60818] for POST '/session/cd6fceeb90784f8ab14edc786fbd3d26/execute/sync'
18:17:56.840 [AsyncHttpClient-1-3] DEBUG org.asynchttpclient.netty.handler.HttpHandler - 

Request DefaultHttpRequest(decodeResult: success, version: HTTP/1.1)
POST /session/cd6fceeb90784f8ab14edc786fbd3d26/execute/sync HTTP/1.1
User-Agent: selenium/4.1.2 (java windows)
Content-Length: 48780
Content-Type: application/json; charset=utf-8
host: localhost:60818
accept: */*

Response DefaultHttpResponse(decodeResult: success, version: HTTP/1.1)
HTTP/1.1 200 OK
Content-Type: application/json; charset=utf-8
cache-control: no-cache
content-length: 14

18:17:56.841 [AsyncHttpClient-1-3] DEBUG org.asynchttpclient.netty.channel.ChannelManager - Adding key: http://localhost:60818 for channel [id: 0x45f5b49d, L:/127.0.0.1:49268 - R:localhost/127.0.0.1:60818]
  &amp#27;[32mGiven &amp#27;[0m&amp#27;[32mI am on the home page&amp#27;[0m         &amp#27;[90m# starter.stepdefinitions.LoginStepDefinition.iAmOnTheHomePage()&amp#27;[0m
18:17:56.848 [main] DEBUG net.serenitybdd.core.photography.Darkroom - Opening darkroom
18:17:56.853 [Darkroom Processing Line] DEBUG net.serenitybdd.core.photography.DarkroomProcessingLine - Darkroom processing line starting up
18:17:56.853 [Forwarding screenshot on session cd6fceeb90784f8ab14edc786fbd3d26 to remote] DEBUG org.asynchttpclient.netty.request.NettyRequestSender - Using pooled Channel '[id: 0x45f5b49d, L:/127.0.0.1:49268 - R:localhost/127.0.0.1:60818]' for 'GET' to 'http://localhost:60818/session/cd6fceeb90784f8ab14edc786fbd3d26/screenshot'
18:17:56.853 [Forwarding screenshot on session cd6fceeb90784f8ab14edc786fbd3d26 to remote] DEBUG org.asynchttpclient.netty.request.NettyRequestSender - Using open Channel [id: 0x45f5b49d, L:/127.0.0.1:49268 - R:localhost/127.0.0.1:60818] for GET '/session/cd6fceeb90784f8ab14edc786fbd3d26/screenshot'
18:17:56.988 [AsyncHttpClient-1-1] DEBUG org.asynchttpclient.netty.channel.DefaultChannelPool - Entry count for : http://localhost:49269 : 1
18:17:57.075 [AsyncHttpClient-1-3] DEBUG org.asynchttpclient.netty.handler.HttpHandler - 

Request DefaultFullHttpRequest(decodeResult: success, version: HTTP/1.1, content: EmptyByteBufBE)
GET /session/cd6fceeb90784f8ab14edc786fbd3d26/screenshot HTTP/1.1
User-Agent: selenium/4.1.2 (java windows)
Cache-Control: no-cache
Content-Type: application/json; charset=utf-8
host: localhost:60818
accept: */*

Response DefaultHttpResponse(decodeResult: success, version: HTTP/1.1)
HTTP/1.1 200 OK
Content-Type: application/json; charset=utf-8
cache-control: no-cache
content-length: 36456

18:17:57.075 [AsyncHttpClient-1-3] DEBUG org.asynchttpclient.netty.channel.ChannelManager - Adding key: http://localhost:60818 for channel [id: 0x45f5b49d, L:/127.0.0.1:49268 - R:localhost/127.0.0.1:60818]
18:17:57.076 [main] DEBUG net.serenitybdd.core.photography.Darkroom - Send negative for processing for target\site\serenity\50976d4ea7f8ba248b6fc2195816ab6b9fa3bae13c3a7b0ba07136779dffc740.png
18:17:57.084 [Forwarding findElement on session cd6fceeb90784f8ab14edc786fbd3d26 to remote] DEBUG org.asynchttpclient.netty.request.NettyRequestSender - Using pooled Channel '[id: 0x45f5b49d, L:/127.0.0.1:49268 - R:localhost/127.0.0.1:60818]' for 'POST' to 'http://localhost:60818/session/cd6fceeb90784f8ab14edc786fbd3d26/element'
18:17:57.084 [Forwarding findElement on session cd6fceeb90784f8ab14edc786fbd3d26 to remote] DEBUG org.asynchttpclient.netty.request.NettyRequestSender - Using open Channel [id: 0x45f5b49d, L:/127.0.0.1:49268 - R:localhost/127.0.0.1:60818] for POST '/session/cd6fceeb90784f8ab14edc786fbd3d26/element'
18:17:57.095 [AsyncHttpClient-1-3] DEBUG org.asynchttpclient.netty.handler.HttpHandler - 

Request DefaultHttpRequest(decodeResult: success, version: HTTP/1.1)
POST /session/cd6fceeb90784f8ab14edc786fbd3d26/element HTTP/1.1
User-Agent: selenium/4.1.2 (java windows)
Content-Length: 97
Content-Type: application/json; charset=utf-8
host: localhost:60818
accept: */*

Response DefaultHttpResponse(decodeResult: success, version: HTTP/1.1)
HTTP/1.1 200 OK
Content-Type: application/json; charset=utf-8
cache-control: no-cache
content-length: 88

18:17:57.095 [AsyncHttpClient-1-3] DEBUG org.asynchttpclient.netty.channel.ChannelManager - Adding key: http://localhost:60818 for channel [id: 0x45f5b49d, L:/127.0.0.1:49268 - R:localhost/127.0.0.1:60818]
18:17:57.096 [Forwarding getElementTagName on session cd6fceeb90784f8ab14edc786fbd3d26 to remote] DEBUG org.asynchttpclient.netty.request.NettyRequestSender - Using pooled Channel '[id: 0x45f5b49d, L:/127.0.0.1:49268 - R:localhost/127.0.0.1:60818]' for 'GET' to 'http://localhost:60818/session/cd6fceeb90784f8ab14edc786fbd3d26/element/0dc2f64e-aa12-4253-a272-520afe06742b/name'
18:17:57.096 [Forwarding getElementTagName on session cd6fceeb90784f8ab14edc786fbd3d26 to remote] DEBUG org.asynchttpclient.netty.request.NettyRequestSender - Using open Channel [id: 0x45f5b49d, L:/127.0.0.1:49268 - R:localhost/127.0.0.1:60818] for GET '/session/cd6fceeb90784f8ab14edc786fbd3d26/element/0dc2f64e-aa12-4253-a272-520afe06742b/name'
18:17:57.100 [AsyncHttpClient-1-3] DEBUG org.asynchttpclient.netty.handler.HttpHandler - 

Request DefaultFullHttpRequest(decodeResult: success, version: HTTP/1.1, content: EmptyByteBufBE)
GET /session/cd6fceeb90784f8ab14edc786fbd3d26/element/0dc2f64e-aa12-4253-a272-520afe06742b/name HTTP/1.1
User-Agent: selenium/4.1.2 (java windows)
Cache-Control: no-cache
Content-Type: application/json; charset=utf-8
host: localhost:60818
accept: */*

Response DefaultHttpResponse(decodeResult: success, version: HTTP/1.1)
HTTP/1.1 200 OK
Content-Type: application/json; charset=utf-8
cache-control: no-cache
content-length: 13

18:17:57.100 [AsyncHttpClient-1-3] DEBUG org.asynchttpclient.netty.channel.ChannelManager - Adding key: http://localhost:60818 for channel [id: 0x45f5b49d, L:/127.0.0.1:49268 - R:localhost/127.0.0.1:60818]
18:17:57.100 [Forwarding getElementTagName on session cd6fceeb90784f8ab14edc786fbd3d26 to remote] DEBUG org.asynchttpclient.netty.request.NettyRequestSender - Using pooled Channel '[id: 0x45f5b49d, L:/127.0.0.1:49268 - R:localhost/127.0.0.1:60818]' for 'GET' to 'http://localhost:60818/session/cd6fceeb90784f8ab14edc786fbd3d26/element/0dc2f64e-aa12-4253-a272-520afe06742b/name'
18:17:57.100 [Forwarding getElementTagName on session cd6fceeb90784f8ab14edc786fbd3d26 to remote] DEBUG org.asynchttpclient.netty.request.NettyRequestSender - Using open Channel [id: 0x45f5b49d, L:/127.0.0.1:49268 - R:localhost/127.0.0.1:60818] for GET '/session/cd6fceeb90784f8ab14edc786fbd3d26/element/0dc2f64e-aa12-4253-a272-520afe06742b/name'
18:17:57.104 [AsyncHttpClient-1-3] DEBUG org.asynchttpclient.netty.handler.HttpHandler - 

Request DefaultFullHttpRequest(decodeResult: success, version: HTTP/1.1, content: EmptyByteBufBE)
GET /session/cd6fceeb90784f8ab14edc786fbd3d26/element/0dc2f64e-aa12-4253-a272-520afe06742b/name HTTP/1.1
User-Agent: selenium/4.1.2 (java windows)
Cache-Control: no-cache
Content-Type: application/json; charset=utf-8
host: localhost:60818
accept: */*

Response DefaultHttpResponse(decodeResult: success, version: HTTP/1.1)
HTTP/1.1 200 OK
Content-Type: application/json; charset=utf-8
cache-control: no-cache
content-length: 13

18:17:57.104 [AsyncHttpClient-1-3] DEBUG org.asynchttpclient.netty.channel.ChannelManager - Adding key: http://localhost:60818 for channel [id: 0x45f5b49d, L:/127.0.0.1:49268 - R:localhost/127.0.0.1:60818]
18:17:57.108 [Forwarding findElement on session cd6fceeb90784f8ab14edc786fbd3d26 to remote] DEBUG org.asynchttpclient.netty.request.NettyRequestSender - Using pooled Channel '[id: 0x45f5b49d, L:/127.0.0.1:49268 - R:localhost/127.0.0.1:60818]' for 'POST' to 'http://localhost:60818/session/cd6fceeb90784f8ab14edc786fbd3d26/element'
18:17:57.108 [Forwarding findElement on session cd6fceeb90784f8ab14edc786fbd3d26 to remote] DEBUG org.asynchttpclient.netty.request.NettyRequestSender - Using open Channel [id: 0x45f5b49d, L:/127.0.0.1:49268 - R:localhost/127.0.0.1:60818] for POST '/session/cd6fceeb90784f8ab14edc786fbd3d26/element'
18:17:57.113 [AsyncHttpClient-1-3] DEBUG org.asynchttpclient.netty.handler.HttpHandler - 

Request DefaultHttpRequest(decodeResult: success, version: HTTP/1.1)
POST /session/cd6fceeb90784f8ab14edc786fbd3d26/element HTTP/1.1
User-Agent: selenium/4.1.2 (java windows)
Content-Length: 97
Content-Type: application/json; charset=utf-8
host: localhost:60818
accept: */*

Response DefaultHttpResponse(decodeResult: success, version: HTTP/1.1)
HTTP/1.1 200 OK
Content-Type: application/json; charset=utf-8
cache-control: no-cache
content-length: 88

18:17:57.113 [AsyncHttpClient-1-3] DEBUG org.asynchttpclient.netty.channel.ChannelManager - Adding key: http://localhost:60818 for channel [id: 0x45f5b49d, L:/127.0.0.1:49268 - R:localhost/127.0.0.1:60818]
18:17:57.114 [Forwarding clickElement on session cd6fceeb90784f8ab14edc786fbd3d26 to remote] DEBUG org.asynchttpclient.netty.request.NettyRequestSender - Using pooled Channel '[id: 0x45f5b49d, L:/127.0.0.1:49268 - R:localhost/127.0.0.1:60818]' for 'POST' to 'http://localhost:60818/session/cd6fceeb90784f8ab14edc786fbd3d26/element/0dc2f64e-aa12-4253-a272-520afe06742b/click'
18:17:57.114 [Forwarding clickElement on session cd6fceeb90784f8ab14edc786fbd3d26 to remote] DEBUG org.asynchttpclient.netty.request.NettyRequestSender - Using open Channel [id: 0x45f5b49d, L:/127.0.0.1:49268 - R:localhost/127.0.0.1:60818] for POST '/session/cd6fceeb90784f8ab14edc786fbd3d26/element/0dc2f64e-aa12-4253-a272-520afe06742b/click'
18:17:57.147 [AsyncHttpClient-1-3] DEBUG org.asynchttpclient.netty.handler.HttpHandler - 

Request DefaultHttpRequest(decodeResult: success, version: HTTP/1.1)
POST /session/cd6fceeb90784f8ab14edc786fbd3d26/element/0dc2f64e-aa12-4253-a272-520afe06742b/click HTTP/1.1
User-Agent: selenium/4.1.2 (java windows)
Content-Length: 50
Content-Type: application/json; charset=utf-8
host: localhost:60818
accept: */*

Response DefaultHttpResponse(decodeResult: success, version: HTTP/1.1)
HTTP/1.1 200 OK
Content-Type: application/json; charset=utf-8
cache-control: no-cache
content-length: 14

18:17:57.147 [AsyncHttpClient-1-3] DEBUG org.asynchttpclient.netty.channel.ChannelManager - Adding key: http://localhost:60818 for channel [id: 0x45f5b49d, L:/127.0.0.1:49268 - R:localhost/127.0.0.1:60818]
18:17:57.151 [Forwarding findElement on session cd6fceeb90784f8ab14edc786fbd3d26 to remote] DEBUG org.asynchttpclient.netty.request.NettyRequestSender - Using pooled Channel '[id: 0x45f5b49d, L:/127.0.0.1:49268 - R:localhost/127.0.0.1:60818]' for 'POST' to 'http://localhost:60818/session/cd6fceeb90784f8ab14edc786fbd3d26/element'
18:17:57.152 [Forwarding findElement on session cd6fceeb90784f8ab14edc786fbd3d26 to remote] DEBUG org.asynchttpclient.netty.request.NettyRequestSender - Using open Channel [id: 0x45f5b49d, L:/127.0.0.1:49268 - R:localhost/127.0.0.1:60818] for POST '/session/cd6fceeb90784f8ab14edc786fbd3d26/element'
18:17:57.184 [AsyncHttpClient-1-3] DEBUG org.asynchttpclient.netty.handler.HttpHandler - 

Request DefaultHttpRequest(decodeResult: success, version: HTTP/1.1)
POST /session/cd6fceeb90784f8ab14edc786fbd3d26/element HTTP/1.1
User-Agent: selenium/4.1.2 (java windows)
Content-Length: 88
Content-Type: application/json; charset=utf-8
host: localhost:60818
accept: */*

Response DefaultHttpResponse(decodeResult: success, version: HTTP/1.1)
HTTP/1.1 200 OK
Content-Type: application/json; charset=utf-8
cache-control: no-cache
content-length: 88

18:17:57.184 [AsyncHttpClient-1-3] DEBUG org.asynchttpclient.netty.channel.ChannelManager - Adding key: http://localhost:60818 for channel [id: 0x45f5b49d, L:/127.0.0.1:49268 - R:localhost/127.0.0.1:60818]
18:17:57.185 [Forwarding clearElement on session cd6fceeb90784f8ab14edc786fbd3d26 to remote] DEBUG org.asynchttpclient.netty.request.NettyRequestSender - Using pooled Channel '[id: 0x45f5b49d, L:/127.0.0.1:49268 - R:localhost/127.0.0.1:60818]' for 'POST' to 'http://localhost:60818/session/cd6fceeb90784f8ab14edc786fbd3d26/element/5dfb0275-57c8-4f1d-ad3e-d09b2bd76f7d/clear'
18:17:57.185 [Forwarding clearElement on session cd6fceeb90784f8ab14edc786fbd3d26 to remote] DEBUG org.asynchttpclient.netty.request.NettyRequestSender - Using open Channel [id: 0x45f5b49d, L:/127.0.0.1:49268 - R:localhost/127.0.0.1:60818] for POST '/session/cd6fceeb90784f8ab14edc786fbd3d26/element/5dfb0275-57c8-4f1d-ad3e-d09b2bd76f7d/clear'
18:17:57.214 [AsyncHttpClient-1-3] DEBUG org.asynchttpclient.netty.handler.HttpHandler - 

Request DefaultHttpRequest(decodeResult: success, version: HTTP/1.1)
POST /session/cd6fceeb90784f8ab14edc786fbd3d26/element/5dfb0275-57c8-4f1d-ad3e-d09b2bd76f7d/clear HTTP/1.1
User-Agent: selenium/4.1.2 (java windows)
Content-Length: 50
Content-Type: application/json; charset=utf-8
host: localhost:60818
accept: */*

Response DefaultHttpResponse(decodeResult: success, version: HTTP/1.1)
HTTP/1.1 200 OK
Content-Type: application/json; charset=utf-8
cache-control: no-cache
content-length: 14

18:17:57.215 [AsyncHttpClient-1-3] DEBUG org.asynchttpclient.netty.channel.ChannelManager - Adding key: http://localhost:60818 for channel [id: 0x45f5b49d, L:/127.0.0.1:49268 - R:localhost/127.0.0.1:60818]
18:17:57.216 [Forwarding sendKeysToElement on session cd6fceeb90784f8ab14edc786fbd3d26 to remote] DEBUG org.asynchttpclient.netty.request.NettyRequestSender - Using pooled Channel '[id: 0x45f5b49d, L:/127.0.0.1:49268 - R:localhost/127.0.0.1:60818]' for 'POST' to 'http://localhost:60818/session/cd6fceeb90784f8ab14edc786fbd3d26/element/5dfb0275-57c8-4f1d-ad3e-d09b2bd76f7d/value'
18:17:57.216 [Forwarding sendKeysToElement on session cd6fceeb90784f8ab14edc786fbd3d26 to remote] DEBUG org.asynchttpclient.netty.request.NettyRequestSender - Using open Channel [id: 0x45f5b49d, L:/127.0.0.1:49268 - R:localhost/127.0.0.1:60818] for POST '/session/cd6fceeb90784f8ab14edc786fbd3d26/element/5dfb0275-57c8-4f1d-ad3e-d09b2bd76f7d/value'
18:17:57.335 [AsyncHttpClient-1-3] DEBUG org.asynchttpclient.netty.handler.HttpHandler - 

Request DefaultHttpRequest(decodeResult: success, version: HTTP/1.1)
POST /session/cd6fceeb90784f8ab14edc786fbd3d26/element/5dfb0275-57c8-4f1d-ad3e-d09b2bd76f7d/value HTTP/1.1
User-Agent: selenium/4.1.2 (java windows)
Content-Length: 261
Content-Type: application/json; charset=utf-8
host: localhost:60818
accept: */*

Response DefaultHttpResponse(decodeResult: success, version: HTTP/1.1)
HTTP/1.1 200 OK
Content-Type: application/json; charset=utf-8
cache-control: no-cache
content-length: 14

18:17:57.335 [AsyncHttpClient-1-3] DEBUG org.asynchttpclient.netty.channel.ChannelManager - Adding key: http://localhost:60818 for channel [id: 0x45f5b49d, L:/127.0.0.1:49268 - R:localhost/127.0.0.1:60818]
18:17:57.341 [Forwarding findElement on session cd6fceeb90784f8ab14edc786fbd3d26 to remote] DEBUG org.asynchttpclient.netty.request.NettyRequestSender - Using pooled Channel '[id: 0x45f5b49d, L:/127.0.0.1:49268 - R:localhost/127.0.0.1:60818]' for 'POST' to 'http://localhost:60818/session/cd6fceeb90784f8ab14edc786fbd3d26/element'
18:17:57.341 [Forwarding findElement on session cd6fceeb90784f8ab14edc786fbd3d26 to remote] DEBUG org.asynchttpclient.netty.request.NettyRequestSender - Using open Channel [id: 0x45f5b49d, L:/127.0.0.1:49268 - R:localhost/127.0.0.1:60818] for POST '/session/cd6fceeb90784f8ab14edc786fbd3d26/element'
18:17:57.351 [AsyncHttpClient-1-3] DEBUG org.asynchttpclient.netty.handler.HttpHandler - 

Request DefaultHttpRequest(decodeResult: success, version: HTTP/1.1)
POST /session/cd6fceeb90784f8ab14edc786fbd3d26/element HTTP/1.1
User-Agent: selenium/4.1.2 (java windows)
Content-Length: 91
Content-Type: application/json; charset=utf-8
host: localhost:60818
accept: */*

Response DefaultHttpResponse(decodeResult: success, version: HTTP/1.1)
HTTP/1.1 200 OK
Content-Type: application/json; charset=utf-8
cache-control: no-cache
content-length: 88

18:17:57.352 [AsyncHttpClient-1-3] DEBUG org.asynchttpclient.netty.channel.ChannelManager - Adding key: http://localhost:60818 for channel [id: 0x45f5b49d, L:/127.0.0.1:49268 - R:localhost/127.0.0.1:60818]
18:17:57.352 [Forwarding clearElement on session cd6fceeb90784f8ab14edc786fbd3d26 to remote] DEBUG org.asynchttpclient.netty.request.NettyRequestSender - Using pooled Channel '[id: 0x45f5b49d, L:/127.0.0.1:49268 - R:localhost/127.0.0.1:60818]' for 'POST' to 'http://localhost:60818/session/cd6fceeb90784f8ab14edc786fbd3d26/element/00838bbf-f5f8-4b40-8752-986b37114aa7/clear'
18:17:57.352 [Forwarding clearElement on session cd6fceeb90784f8ab14edc786fbd3d26 to remote] DEBUG org.asynchttpclient.netty.request.NettyRequestSender - Using open Channel [id: 0x45f5b49d, L:/127.0.0.1:49268 - R:localhost/127.0.0.1:60818] for POST '/session/cd6fceeb90784f8ab14edc786fbd3d26/element/00838bbf-f5f8-4b40-8752-986b37114aa7/clear'
18:17:57.377 [AsyncHttpClient-1-3] DEBUG org.asynchttpclient.netty.handler.HttpHandler - 

Request DefaultHttpRequest(decodeResult: success, version: HTTP/1.1)
POST /session/cd6fceeb90784f8ab14edc786fbd3d26/element/00838bbf-f5f8-4b40-8752-986b37114aa7/clear HTTP/1.1
User-Agent: selenium/4.1.2 (java windows)
Content-Length: 50
Content-Type: application/json; charset=utf-8
host: localhost:60818
accept: */*

Response DefaultHttpResponse(decodeResult: success, version: HTTP/1.1)
HTTP/1.1 200 OK
Content-Type: application/json; charset=utf-8
cache-control: no-cache
content-length: 14

18:17:57.377 [AsyncHttpClient-1-3] DEBUG org.asynchttpclient.netty.channel.ChannelManager - Adding key: http://localhost:60818 for channel [id: 0x45f5b49d, L:/127.0.0.1:49268 - R:localhost/127.0.0.1:60818]
18:17:57.379 [Forwarding sendKeysToElement on session cd6fceeb90784f8ab14edc786fbd3d26 to remote] DEBUG org.asynchttpclient.netty.request.NettyRequestSender - Using pooled Channel '[id: 0x45f5b49d, L:/127.0.0.1:49268 - R:localhost/127.0.0.1:60818]' for 'POST' to 'http://localhost:60818/session/cd6fceeb90784f8ab14edc786fbd3d26/element/00838bbf-f5f8-4b40-8752-986b37114aa7/value'
18:17:57.379 [Forwarding sendKeysToElement on session cd6fceeb90784f8ab14edc786fbd3d26 to remote] DEBUG org.asynchttpclient.netty.request.NettyRequestSender - Using open Channel [id: 0x45f5b49d, L:/127.0.0.1:49268 - R:localhost/127.0.0.1:60818] for POST '/session/cd6fceeb90784f8ab14edc786fbd3d26/element/00838bbf-f5f8-4b40-8752-986b37114aa7/value'
18:17:57.535 [AsyncHttpClient-1-3] DEBUG org.asynchttpclient.netty.handler.HttpHandler - 

Request DefaultHttpRequest(decodeResult: success, version: HTTP/1.1)
POST /session/cd6fceeb90784f8ab14edc786fbd3d26/element/00838bbf-f5f8-4b40-8752-986b37114aa7/value HTTP/1.1
User-Agent: selenium/4.1.2 (java windows)
Content-Length: 221
Content-Type: application/json; charset=utf-8
host: localhost:60818
accept: */*

Response DefaultHttpResponse(decodeResult: success, version: HTTP/1.1)
HTTP/1.1 200 OK
Content-Type: application/json; charset=utf-8
cache-control: no-cache
content-length: 14

18:17:57.535 [AsyncHttpClient-1-3] DEBUG org.asynchttpclient.netty.channel.ChannelManager - Adding key: http://localhost:60818 for channel [id: 0x45f5b49d, L:/127.0.0.1:49268 - R:localhost/127.0.0.1:60818]
18:17:57.539 [Forwarding findElement on session cd6fceeb90784f8ab14edc786fbd3d26 to remote] DEBUG org.asynchttpclient.netty.request.NettyRequestSender - Using pooled Channel '[id: 0x45f5b49d, L:/127.0.0.1:49268 - R:localhost/127.0.0.1:60818]' for 'POST' to 'http://localhost:60818/session/cd6fceeb90784f8ab14edc786fbd3d26/element'
18:17:57.539 [Forwarding findElement on session cd6fceeb90784f8ab14edc786fbd3d26 to remote] DEBUG org.asynchttpclient.netty.request.NettyRequestSender - Using open Channel [id: 0x45f5b49d, L:/127.0.0.1:49268 - R:localhost/127.0.0.1:60818] for POST '/session/cd6fceeb90784f8ab14edc786fbd3d26/element'
18:17:57.548 [AsyncHttpClient-1-3] DEBUG org.asynchttpclient.netty.handler.HttpHandler - 

Request DefaultHttpRequest(decodeResult: success, version: HTTP/1.1)
POST /session/cd6fceeb90784f8ab14edc786fbd3d26/element HTTP/1.1
User-Agent: selenium/4.1.2 (java windows)
Content-Length: 83
Content-Type: application/json; charset=utf-8
host: localhost:60818
accept: */*

Response DefaultHttpResponse(decodeResult: success, version: HTTP/1.1)
HTTP/1.1 200 OK
Content-Type: application/json; charset=utf-8
cache-control: no-cache
content-length: 88

18:17:57.549 [AsyncHttpClient-1-3] DEBUG org.asynchttpclient.netty.channel.ChannelManager - Adding key: http://localhost:60818 for channel [id: 0x45f5b49d, L:/127.0.0.1:49268 - R:localhost/127.0.0.1:60818]
18:17:57.549 [Forwarding getElementTagName on session cd6fceeb90784f8ab14edc786fbd3d26 to remote] DEBUG org.asynchttpclient.netty.request.NettyRequestSender - Using pooled Channel '[id: 0x45f5b49d, L:/127.0.0.1:49268 - R:localhost/127.0.0.1:60818]' for 'GET' to 'http://localhost:60818/session/cd6fceeb90784f8ab14edc786fbd3d26/element/a5dfdf68-7e59-4114-94af-ad7e5f119c5e/name'
18:17:57.549 [Forwarding getElementTagName on session cd6fceeb90784f8ab14edc786fbd3d26 to remote] DEBUG org.asynchttpclient.netty.request.NettyRequestSender - Using open Channel [id: 0x45f5b49d, L:/127.0.0.1:49268 - R:localhost/127.0.0.1:60818] for GET '/session/cd6fceeb90784f8ab14edc786fbd3d26/element/a5dfdf68-7e59-4114-94af-ad7e5f119c5e/name'
18:17:57.552 [AsyncHttpClient-1-3] DEBUG org.asynchttpclient.netty.handler.HttpHandler - 

Request DefaultFullHttpRequest(decodeResult: success, version: HTTP/1.1, content: EmptyByteBufBE)
GET /session/cd6fceeb90784f8ab14edc786fbd3d26/element/a5dfdf68-7e59-4114-94af-ad7e5f119c5e/name HTTP/1.1
User-Agent: selenium/4.1.2 (java windows)
Cache-Control: no-cache
Content-Type: application/json; charset=utf-8
host: localhost:60818
accept: */*

Response DefaultHttpResponse(decodeResult: success, version: HTTP/1.1)
HTTP/1.1 200 OK
Content-Type: application/json; charset=utf-8
cache-control: no-cache
content-length: 16

18:17:57.552 [AsyncHttpClient-1-3] DEBUG org.asynchttpclient.netty.channel.ChannelManager - Adding key: http://localhost:60818 for channel [id: 0x45f5b49d, L:/127.0.0.1:49268 - R:localhost/127.0.0.1:60818]
18:17:57.553 [Forwarding getElementTagName on session cd6fceeb90784f8ab14edc786fbd3d26 to remote] DEBUG org.asynchttpclient.netty.request.NettyRequestSender - Using pooled Channel '[id: 0x45f5b49d, L:/127.0.0.1:49268 - R:localhost/127.0.0.1:60818]' for 'GET' to 'http://localhost:60818/session/cd6fceeb90784f8ab14edc786fbd3d26/element/a5dfdf68-7e59-4114-94af-ad7e5f119c5e/name'
18:17:57.553 [Forwarding getElementTagName on session cd6fceeb90784f8ab14edc786fbd3d26 to remote] DEBUG org.asynchttpclient.netty.request.NettyRequestSender - Using open Channel [id: 0x45f5b49d, L:/127.0.0.1:49268 - R:localhost/127.0.0.1:60818] for GET '/session/cd6fceeb90784f8ab14edc786fbd3d26/element/a5dfdf68-7e59-4114-94af-ad7e5f119c5e/name'
18:17:57.555 [AsyncHttpClient-1-3] DEBUG org.asynchttpclient.netty.handler.HttpHandler - 

Request DefaultFullHttpRequest(decodeResult: success, version: HTTP/1.1, content: EmptyByteBufBE)
GET /session/cd6fceeb90784f8ab14edc786fbd3d26/element/a5dfdf68-7e59-4114-94af-ad7e5f119c5e/name HTTP/1.1
User-Agent: selenium/4.1.2 (java windows)
Cache-Control: no-cache
Content-Type: application/json; charset=utf-8
host: localhost:60818
accept: */*

Response DefaultHttpResponse(decodeResult: success, version: HTTP/1.1)
HTTP/1.1 200 OK
Content-Type: application/json; charset=utf-8
cache-control: no-cache
content-length: 16

18:17:57.556 [AsyncHttpClient-1-3] DEBUG org.asynchttpclient.netty.channel.ChannelManager - Adding key: http://localhost:60818 for channel [id: 0x45f5b49d, L:/127.0.0.1:49268 - R:localhost/127.0.0.1:60818]
18:17:57.559 [Forwarding findElement on session cd6fceeb90784f8ab14edc786fbd3d26 to remote] DEBUG org.asynchttpclient.netty.request.NettyRequestSender - Using pooled Channel '[id: 0x45f5b49d, L:/127.0.0.1:49268 - R:localhost/127.0.0.1:60818]' for 'POST' to 'http://localhost:60818/session/cd6fceeb90784f8ab14edc786fbd3d26/element'
18:17:57.560 [Forwarding findElement on session cd6fceeb90784f8ab14edc786fbd3d26 to remote] DEBUG org.asynchttpclient.netty.request.NettyRequestSender - Using open Channel [id: 0x45f5b49d, L:/127.0.0.1:49268 - R:localhost/127.0.0.1:60818] for POST '/session/cd6fceeb90784f8ab14edc786fbd3d26/element'
18:17:57.566 [AsyncHttpClient-1-3] DEBUG org.asynchttpclient.netty.handler.HttpHandler - 

Request DefaultHttpRequest(decodeResult: success, version: HTTP/1.1)
POST /session/cd6fceeb90784f8ab14edc786fbd3d26/element HTTP/1.1
User-Agent: selenium/4.1.2 (java windows)
Content-Length: 83
Content-Type: application/json; charset=utf-8
host: localhost:60818
accept: */*

Response DefaultHttpResponse(decodeResult: success, version: HTTP/1.1)
HTTP/1.1 200 OK
Content-Type: application/json; charset=utf-8
cache-control: no-cache
content-length: 88

18:17:57.568 [AsyncHttpClient-1-3] DEBUG org.asynchttpclient.netty.channel.ChannelManager - Adding key: http://localhost:60818 for channel [id: 0x45f5b49d, L:/127.0.0.1:49268 - R:localhost/127.0.0.1:60818]
18:17:57.569 [Forwarding clickElement on session cd6fceeb90784f8ab14edc786fbd3d26 to remote] DEBUG org.asynchttpclient.netty.request.NettyRequestSender - Using pooled Channel '[id: 0x45f5b49d, L:/127.0.0.1:49268 - R:localhost/127.0.0.1:60818]' for 'POST' to 'http://localhost:60818/session/cd6fceeb90784f8ab14edc786fbd3d26/element/a5dfdf68-7e59-4114-94af-ad7e5f119c5e/click'
18:17:57.569 [Forwarding clickElement on session cd6fceeb90784f8ab14edc786fbd3d26 to remote] DEBUG org.asynchttpclient.netty.request.NettyRequestSender - Using open Channel [id: 0x45f5b49d, L:/127.0.0.1:49268 - R:localhost/127.0.0.1:60818] for POST '/session/cd6fceeb90784f8ab14edc786fbd3d26/element/a5dfdf68-7e59-4114-94af-ad7e5f119c5e/click'
18:17:57.651 [AsyncHttpClient-1-3] DEBUG org.asynchttpclient.netty.handler.HttpHandler - 

Request DefaultHttpRequest(decodeResult: success, version: HTTP/1.1)
POST /session/cd6fceeb90784f8ab14edc786fbd3d26/element/a5dfdf68-7e59-4114-94af-ad7e5f119c5e/click HTTP/1.1
User-Agent: selenium/4.1.2 (java windows)
Content-Length: 50
Content-Type: application/json; charset=utf-8
host: localhost:60818
accept: */*

Response DefaultHttpResponse(decodeResult: success, version: HTTP/1.1)
HTTP/1.1 200 OK
Content-Type: application/json; charset=utf-8
cache-control: no-cache
content-length: 14

18:17:57.651 [AsyncHttpClient-1-3] DEBUG org.asynchttpclient.netty.channel.ChannelManager - Adding key: http://localhost:60818 for channel [id: 0x45f5b49d, L:/127.0.0.1:49268 - R:localhost/127.0.0.1:60818]
  &amp#27;[32mAnd &amp#27;[0m&amp#27;[32mI am on logged account&amp#27;[0m          &amp#27;[90m# starter.stepdefinitions.LogoutStep.iAmOnLoggedAccount()&amp#27;[0m
18:17:57.665 [Forwarding screenshot on session cd6fceeb90784f8ab14edc786fbd3d26 to remote] DEBUG org.asynchttpclient.netty.request.NettyRequestSender - Using pooled Channel '[id: 0x45f5b49d, L:/127.0.0.1:49268 - R:localhost/127.0.0.1:60818]' for 'GET' to 'http://localhost:60818/session/cd6fceeb90784f8ab14edc786fbd3d26/screenshot'
18:17:57.665 [Forwarding screenshot on session cd6fceeb90784f8ab14edc786fbd3d26 to remote] DEBUG org.asynchttpclient.netty.request.NettyRequestSender - Using open Channel [id: 0x45f5b49d, L:/127.0.0.1:49268 - R:localhost/127.0.0.1:60818] for GET '/session/cd6fceeb90784f8ab14edc786fbd3d26/screenshot'
18:17:57.881 [AsyncHttpClient-1-3] DEBUG org.asynchttpclient.netty.handler.HttpHandler - 

Request DefaultFullHttpRequest(decodeResult: success, version: HTTP/1.1, content: EmptyByteBufBE)
GET /session/cd6fceeb90784f8ab14edc786fbd3d26/screenshot HTTP/1.1
User-Agent: selenium/4.1.2 (java windows)
Cache-Control: no-cache
Content-Type: application/json; charset=utf-8
host: localhost:60818
accept: */*

Response DefaultHttpResponse(decodeResult: success, version: HTTP/1.1)
HTTP/1.1 200 OK
Content-Type: application/json; charset=utf-8
cache-control: no-cache
content-length: 39152

18:17:57.882 [AsyncHttpClient-1-3] DEBUG org.asynchttpclient.netty.channel.ChannelManager - Adding key: http://localhost:60818 for channel [id: 0x45f5b49d, L:/127.0.0.1:49268 - R:localhost/127.0.0.1:60818]
18:17:57.883 [main] DEBUG net.serenitybdd.core.photography.Darkroom - Send negative for processing for target\site\serenity\60a46f4a2c04758aac64119e5c557dd7f356dc68afeb60610e9575c1d0a82c09.png
18:17:57.883 [Darkroom Processing Line] DEBUG net.serenitybdd.core.photography.DarkroomProcessingLine - Processing screenshot image in /var/screenshots/screenshot-14517572772297105697
18:17:57.883 [Darkroom Processing Line] DEBUG net.serenitybdd.core.photography.DarkroomProcessingLine - Saving screenshot to target\site\serenity\60a46f4a2c04758aac64119e5c557dd7f356dc68afeb60610e9575c1d0a82c09.png
18:17:57.888 [Forwarding findElement on session cd6fceeb90784f8ab14edc786fbd3d26 to remote] DEBUG org.asynchttpclient.netty.request.NettyRequestSender - Using pooled Channel '[id: 0x45f5b49d, L:/127.0.0.1:49268 - R:localhost/127.0.0.1:60818]' for 'POST' to 'http://localhost:60818/session/cd6fceeb90784f8ab14edc786fbd3d26/element'
18:17:57.888 [Forwarding findElement on session cd6fceeb90784f8ab14edc786fbd3d26 to remote] DEBUG org.asynchttpclient.netty.request.NettyRequestSender - Using open Channel [id: 0x45f5b49d, L:/127.0.0.1:49268 - R:localhost/127.0.0.1:60818] for POST '/session/cd6fceeb90784f8ab14edc786fbd3d26/element'
18:17:58.089 [AsyncHttpClient-1-1] DEBUG org.asynchttpclient.netty.channel.DefaultChannelPool - Entry count for : http://localhost:49269 : 1
18:17:58.526 [AsyncHttpClient-1-3] DEBUG org.asynchttpclient.netty.handler.HttpHandler - 

Request DefaultHttpRequest(decodeResult: success, version: HTTP/1.1)
POST /session/cd6fceeb90784f8ab14edc786fbd3d26/element HTTP/1.1
User-Agent: selenium/4.1.2 (java windows)
Content-Length: 92
Content-Type: application/json; charset=utf-8
host: localhost:60818
accept: */*

Response DefaultHttpResponse(decodeResult: success, version: HTTP/1.1)
HTTP/1.1 200 OK
Content-Type: application/json; charset=utf-8
cache-control: no-cache
content-length: 88

18:17:58.526 [AsyncHttpClient-1-3] DEBUG org.asynchttpclient.netty.channel.ChannelManager - Adding key: http://localhost:60818 for channel [id: 0x45f5b49d, L:/127.0.0.1:49268 - R:localhost/127.0.0.1:60818]
18:17:58.527 [Forwarding getElementTagName on session cd6fceeb90784f8ab14edc786fbd3d26 to remote] DEBUG org.asynchttpclient.netty.request.NettyRequestSender - Using pooled Channel '[id: 0x45f5b49d, L:/127.0.0.1:49268 - R:localhost/127.0.0.1:60818]' for 'GET' to 'http://localhost:60818/session/cd6fceeb90784f8ab14edc786fbd3d26/element/bbc5f259-7d40-41c9-b284-5730ce899290/name'
18:17:58.528 [Forwarding getElementTagName on session cd6fceeb90784f8ab14edc786fbd3d26 to remote] DEBUG org.asynchttpclient.netty.request.NettyRequestSender - Using open Channel [id: 0x45f5b49d, L:/127.0.0.1:49268 - R:localhost/127.0.0.1:60818] for GET '/session/cd6fceeb90784f8ab14edc786fbd3d26/element/bbc5f259-7d40-41c9-b284-5730ce899290/name'
18:17:58.532 [AsyncHttpClient-1-3] DEBUG org.asynchttpclient.netty.handler.HttpHandler - 

Request DefaultFullHttpRequest(decodeResult: success, version: HTTP/1.1, content: EmptyByteBufBE)
GET /session/cd6fceeb90784f8ab14edc786fbd3d26/element/bbc5f259-7d40-41c9-b284-5730ce899290/name HTTP/1.1
User-Agent: selenium/4.1.2 (java windows)
Cache-Control: no-cache
Content-Type: application/json; charset=utf-8
host: localhost:60818
accept: */*

Response DefaultHttpResponse(decodeResult: success, version: HTTP/1.1)
HTTP/1.1 200 OK
Content-Type: application/json; charset=utf-8
cache-control: no-cache
content-length: 13

18:17:58.532 [AsyncHttpClient-1-3] DEBUG org.asynchttpclient.netty.channel.ChannelManager - Adding key: http://localhost:60818 for channel [id: 0x45f5b49d, L:/127.0.0.1:49268 - R:localhost/127.0.0.1:60818]
18:17:58.533 [Forwarding getElementTagName on session cd6fceeb90784f8ab14edc786fbd3d26 to remote] DEBUG org.asynchttpclient.netty.request.NettyRequestSender - Using pooled Channel '[id: 0x45f5b49d, L:/127.0.0.1:49268 - R:localhost/127.0.0.1:60818]' for 'GET' to 'http://localhost:60818/session/cd6fceeb90784f8ab14edc786fbd3d26/element/bbc5f259-7d40-41c9-b284-5730ce899290/name'
18:17:58.533 [Forwarding getElementTagName on session cd6fceeb90784f8ab14edc786fbd3d26 to remote] DEBUG org.asynchttpclient.netty.request.NettyRequestSender - Using open Channel [id: 0x45f5b49d, L:/127.0.0.1:49268 - R:localhost/127.0.0.1:60818] for GET '/session/cd6fceeb90784f8ab14edc786fbd3d26/element/bbc5f259-7d40-41c9-b284-5730ce899290/name'
18:17:58.536 [AsyncHttpClient-1-3] DEBUG org.asynchttpclient.netty.handler.HttpHandler - 

Request DefaultFullHttpRequest(decodeResult: success, version: HTTP/1.1, content: EmptyByteBufBE)
GET /session/cd6fceeb90784f8ab14edc786fbd3d26/element/bbc5f259-7d40-41c9-b284-5730ce899290/name HTTP/1.1
User-Agent: selenium/4.1.2 (java windows)
Cache-Control: no-cache
Content-Type: application/json; charset=utf-8
host: localhost:60818
accept: */*

Response DefaultHttpResponse(decodeResult: success, version: HTTP/1.1)
HTTP/1.1 200 OK
Content-Type: application/json; charset=utf-8
cache-control: no-cache
content-length: 13

18:17:58.537 [AsyncHttpClient-1-3] DEBUG org.asynchttpclient.netty.channel.ChannelManager - Adding key: http://localhost:60818 for channel [id: 0x45f5b49d, L:/127.0.0.1:49268 - R:localhost/127.0.0.1:60818]
18:17:58.538 [Forwarding findElement on session cd6fceeb90784f8ab14edc786fbd3d26 to remote] DEBUG org.asynchttpclient.netty.request.NettyRequestSender - Using pooled Channel '[id: 0x45f5b49d, L:/127.0.0.1:49268 - R:localhost/127.0.0.1:60818]' for 'POST' to 'http://localhost:60818/session/cd6fceeb90784f8ab14edc786fbd3d26/element'
18:17:58.538 [Forwarding findElement on session cd6fceeb90784f8ab14edc786fbd3d26 to remote] DEBUG org.asynchttpclient.netty.request.NettyRequestSender - Using open Channel [id: 0x45f5b49d, L:/127.0.0.1:49268 - R:localhost/127.0.0.1:60818] for POST '/session/cd6fceeb90784f8ab14edc786fbd3d26/element'
18:17:58.544 [AsyncHttpClient-1-3] DEBUG org.asynchttpclient.netty.handler.HttpHandler - 

Request DefaultHttpRequest(decodeResult: success, version: HTTP/1.1)
POST /session/cd6fceeb90784f8ab14edc786fbd3d26/element HTTP/1.1
User-Agent: selenium/4.1.2 (java windows)
Content-Length: 92
Content-Type: application/json; charset=utf-8
host: localhost:60818
accept: */*

Response DefaultHttpResponse(decodeResult: success, version: HTTP/1.1)
HTTP/1.1 200 OK
Content-Type: application/json; charset=utf-8
cache-control: no-cache
content-length: 88

18:17:58.544 [AsyncHttpClient-1-3] DEBUG org.asynchttpclient.netty.channel.ChannelManager - Adding key: http://localhost:60818 for channel [id: 0x45f5b49d, L:/127.0.0.1:49268 - R:localhost/127.0.0.1:60818]
18:17:58.544 [Forwarding clickElement on session cd6fceeb90784f8ab14edc786fbd3d26 to remote] DEBUG org.asynchttpclient.netty.request.NettyRequestSender - Using pooled Channel '[id: 0x45f5b49d, L:/127.0.0.1:49268 - R:localhost/127.0.0.1:60818]' for 'POST' to 'http://localhost:60818/session/cd6fceeb90784f8ab14edc786fbd3d26/element/bbc5f259-7d40-41c9-b284-5730ce899290/click'
18:17:58.545 [Forwarding clickElement on session cd6fceeb90784f8ab14edc786fbd3d26 to remote] DEBUG org.asynchttpclient.netty.request.NettyRequestSender - Using open Channel [id: 0x45f5b49d, L:/127.0.0.1:49268 - R:localhost/127.0.0.1:60818] for POST '/session/cd6fceeb90784f8ab14edc786fbd3d26/element/bbc5f259-7d40-41c9-b284-5730ce899290/click'
18:17:58.578 [AsyncHttpClient-1-3] DEBUG org.asynchttpclient.netty.handler.HttpHandler - 

Request DefaultHttpRequest(decodeResult: success, version: HTTP/1.1)
POST /session/cd6fceeb90784f8ab14edc786fbd3d26/element/bbc5f259-7d40-41c9-b284-5730ce899290/click HTTP/1.1
User-Agent: selenium/4.1.2 (java windows)
Content-Length: 50
Content-Type: application/json; charset=utf-8
host: localhost:60818
accept: */*

Response DefaultHttpResponse(decodeResult: success, version: HTTP/1.1)
HTTP/1.1 200 OK
Content-Type: application/json; charset=utf-8
cache-control: no-cache
content-length: 14

18:17:58.578 [AsyncHttpClient-1-3] DEBUG org.asynchttpclient.netty.channel.ChannelManager - Adding key: http://localhost:60818 for channel [id: 0x45f5b49d, L:/127.0.0.1:49268 - R:localhost/127.0.0.1:60818]
  &amp#27;[32mAnd &amp#27;[0m&amp#27;[32mI click user icon&amp#27;[0m               &amp#27;[90m# starter.stepdefinitions.LogoutStep.iClickUserIcon()&amp#27;[0m
18:17:58.583 [Forwarding screenshot on session cd6fceeb90784f8ab14edc786fbd3d26 to remote] DEBUG org.asynchttpclient.netty.request.NettyRequestSender - Using pooled Channel '[id: 0x45f5b49d, L:/127.0.0.1:49268 - R:localhost/127.0.0.1:60818]' for 'GET' to 'http://localhost:60818/session/cd6fceeb90784f8ab14edc786fbd3d26/screenshot'
18:17:58.583 [Forwarding screenshot on session cd6fceeb90784f8ab14edc786fbd3d26 to remote] DEBUG org.asynchttpclient.netty.request.NettyRequestSender - Using open Channel [id: 0x45f5b49d, L:/127.0.0.1:49268 - R:localhost/127.0.0.1:60818] for GET '/session/cd6fceeb90784f8ab14edc786fbd3d26/screenshot'
18:17:58.771 [AsyncHttpClient-1-3] DEBUG org.asynchttpclient.netty.handler.HttpHandler - 

Request DefaultFullHttpRequest(decodeResult: success, version: HTTP/1.1, content: EmptyByteBufBE)
GET /session/cd6fceeb90784f8ab14edc786fbd3d26/screenshot HTTP/1.1
User-Agent: selenium/4.1.2 (java windows)
Cache-Control: no-cache
Content-Type: application/json; charset=utf-8
host: localhost:60818
accept: */*

Response DefaultHttpResponse(decodeResult: success, version: HTTP/1.1)
HTTP/1.1 200 OK
Content-Type: application/json; charset=utf-8
cache-control: no-cache
content-length: 36936

18:17:58.771 [AsyncHttpClient-1-3] DEBUG org.asynchttpclient.netty.channel.ChannelManager - Adding key: http://localhost:60818 for channel [id: 0x45f5b49d, L:/127.0.0.1:49268 - R:localhost/127.0.0.1:60818]
18:17:58.773 [main] DEBUG net.serenitybdd.core.photography.Darkroom - Send negative for processing for target\site\serenity\2904ff06fff88ff7b4bef9266a8c1cbd9e1b060b8e2086d65940496f6dddbce1.png
18:17:58.774 [Darkroom Processing Line] DEBUG net.serenitybdd.core.photography.DarkroomProcessingLine - Processing screenshot image in /var/screenshots/screenshot-11314671340899848487
18:17:58.774 [Darkroom Processing Line] DEBUG net.serenitybdd.core.photography.DarkroomProcessingLine - Saving screenshot to target\site\serenity\2904ff06fff88ff7b4bef9266a8c1cbd9e1b060b8e2086d65940496f6dddbce1.png
18:17:58.781 [Forwarding findElement on session cd6fceeb90784f8ab14edc786fbd3d26 to remote] DEBUG org.asynchttpclient.netty.request.NettyRequestSender - Using pooled Channel '[id: 0x45f5b49d, L:/127.0.0.1:49268 - R:localhost/127.0.0.1:60818]' for 'POST' to 'http://localhost:60818/session/cd6fceeb90784f8ab14edc786fbd3d26/element'
18:17:58.781 [Forwarding findElement on session cd6fceeb90784f8ab14edc786fbd3d26 to remote] DEBUG org.asynchttpclient.netty.request.NettyRequestSender - Using open Channel [id: 0x45f5b49d, L:/127.0.0.1:49268 - R:localhost/127.0.0.1:60818] for POST '/session/cd6fceeb90784f8ab14edc786fbd3d26/element'
18:17:58.795 [AsyncHttpClient-1-3] DEBUG org.asynchttpclient.netty.handler.HttpHandler - 

Request DefaultHttpRequest(decodeResult: success, version: HTTP/1.1)
POST /session/cd6fceeb90784f8ab14edc786fbd3d26/element HTTP/1.1
User-Agent: selenium/4.1.2 (java windows)
Content-Length: 107
Content-Type: application/json; charset=utf-8
host: localhost:60818
accept: */*

Response DefaultHttpResponse(decodeResult: success, version: HTTP/1.1)
HTTP/1.1 200 OK
Content-Type: application/json; charset=utf-8
cache-control: no-cache
content-length: 88

18:17:58.795 [AsyncHttpClient-1-3] DEBUG org.asynchttpclient.netty.channel.ChannelManager - Adding key: http://localhost:60818 for channel [id: 0x45f5b49d, L:/127.0.0.1:49268 - R:localhost/127.0.0.1:60818]
18:17:58.797 [Forwarding getElementTagName on session cd6fceeb90784f8ab14edc786fbd3d26 to remote] DEBUG org.asynchttpclient.netty.request.NettyRequestSender - Using pooled Channel '[id: 0x45f5b49d, L:/127.0.0.1:49268 - R:localhost/127.0.0.1:60818]' for 'GET' to 'http://localhost:60818/session/cd6fceeb90784f8ab14edc786fbd3d26/element/18aa9f02-3f99-4c2f-b6b6-e63f2bf00017/name'
18:17:58.797 [Forwarding getElementTagName on session cd6fceeb90784f8ab14edc786fbd3d26 to remote] DEBUG org.asynchttpclient.netty.request.NettyRequestSender - Using open Channel [id: 0x45f5b49d, L:/127.0.0.1:49268 - R:localhost/127.0.0.1:60818] for GET '/session/cd6fceeb90784f8ab14edc786fbd3d26/element/18aa9f02-3f99-4c2f-b6b6-e63f2bf00017/name'
18:17:58.802 [AsyncHttpClient-1-3] DEBUG org.asynchttpclient.netty.handler.HttpHandler - 

Request DefaultFullHttpRequest(decodeResult: success, version: HTTP/1.1, content: EmptyByteBufBE)
GET /session/cd6fceeb90784f8ab14edc786fbd3d26/element/18aa9f02-3f99-4c2f-b6b6-e63f2bf00017/name HTTP/1.1
User-Agent: selenium/4.1.2 (java windows)
Cache-Control: no-cache
Content-Type: application/json; charset=utf-8
host: localhost:60818
accept: */*

Response DefaultHttpResponse(decodeResult: success, version: HTTP/1.1)
HTTP/1.1 200 OK
Content-Type: application/json; charset=utf-8
cache-control: no-cache
content-length: 15

18:17:58.802 [AsyncHttpClient-1-3] DEBUG org.asynchttpclient.netty.channel.ChannelManager - Adding key: http://localhost:60818 for channel [id: 0x45f5b49d, L:/127.0.0.1:49268 - R:localhost/127.0.0.1:60818]
18:17:58.803 [Forwarding getElementTagName on session cd6fceeb90784f8ab14edc786fbd3d26 to remote] DEBUG org.asynchttpclient.netty.request.NettyRequestSender - Using pooled Channel '[id: 0x45f5b49d, L:/127.0.0.1:49268 - R:localhost/127.0.0.1:60818]' for 'GET' to 'http://localhost:60818/session/cd6fceeb90784f8ab14edc786fbd3d26/element/18aa9f02-3f99-4c2f-b6b6-e63f2bf00017/name'
18:17:58.803 [Forwarding getElementTagName on session cd6fceeb90784f8ab14edc786fbd3d26 to remote] DEBUG org.asynchttpclient.netty.request.NettyRequestSender - Using open Channel [id: 0x45f5b49d, L:/127.0.0.1:49268 - R:localhost/127.0.0.1:60818] for GET '/session/cd6fceeb90784f8ab14edc786fbd3d26/element/18aa9f02-3f99-4c2f-b6b6-e63f2bf00017/name'
18:17:58.806 [AsyncHttpClient-1-3] DEBUG org.asynchttpclient.netty.handler.HttpHandler - 

Request DefaultFullHttpRequest(decodeResult: success, version: HTTP/1.1, content: EmptyByteBufBE)
GET /session/cd6fceeb90784f8ab14edc786fbd3d26/element/18aa9f02-3f99-4c2f-b6b6-e63f2bf00017/name HTTP/1.1
User-Agent: selenium/4.1.2 (java windows)
Cache-Control: no-cache
Content-Type: application/json; charset=utf-8
host: localhost:60818
accept: */*

Response DefaultHttpResponse(decodeResult: success, version: HTTP/1.1)
HTTP/1.1 200 OK
Content-Type: application/json; charset=utf-8
cache-control: no-cache
content-length: 15

18:17:58.807 [AsyncHttpClient-1-3] DEBUG org.asynchttpclient.netty.channel.ChannelManager - Adding key: http://localhost:60818 for channel [id: 0x45f5b49d, L:/127.0.0.1:49268 - R:localhost/127.0.0.1:60818]
18:17:58.810 [Forwarding findElement on session cd6fceeb90784f8ab14edc786fbd3d26 to remote] DEBUG org.asynchttpclient.netty.request.NettyRequestSender - Using pooled Channel '[id: 0x45f5b49d, L:/127.0.0.1:49268 - R:localhost/127.0.0.1:60818]' for 'POST' to 'http://localhost:60818/session/cd6fceeb90784f8ab14edc786fbd3d26/element'
18:17:58.810 [Forwarding findElement on session cd6fceeb90784f8ab14edc786fbd3d26 to remote] DEBUG org.asynchttpclient.netty.request.NettyRequestSender - Using open Channel [id: 0x45f5b49d, L:/127.0.0.1:49268 - R:localhost/127.0.0.1:60818] for POST '/session/cd6fceeb90784f8ab14edc786fbd3d26/element'
18:17:58.816 [AsyncHttpClient-1-3] DEBUG org.asynchttpclient.netty.handler.HttpHandler - 

Request DefaultHttpRequest(decodeResult: success, version: HTTP/1.1)
POST /session/cd6fceeb90784f8ab14edc786fbd3d26/element HTTP/1.1
User-Agent: selenium/4.1.2 (java windows)
Content-Length: 107
Content-Type: application/json; charset=utf-8
host: localhost:60818
accept: */*

Response DefaultHttpResponse(decodeResult: success, version: HTTP/1.1)
HTTP/1.1 200 OK
Content-Type: application/json; charset=utf-8
cache-control: no-cache
content-length: 88

18:17:58.817 [AsyncHttpClient-1-3] DEBUG org.asynchttpclient.netty.channel.ChannelManager - Adding key: http://localhost:60818 for channel [id: 0x45f5b49d, L:/127.0.0.1:49268 - R:localhost/127.0.0.1:60818]
18:17:58.817 [Forwarding clickElement on session cd6fceeb90784f8ab14edc786fbd3d26 to remote] DEBUG org.asynchttpclient.netty.request.NettyRequestSender - Using pooled Channel '[id: 0x45f5b49d, L:/127.0.0.1:49268 - R:localhost/127.0.0.1:60818]' for 'POST' to 'http://localhost:60818/session/cd6fceeb90784f8ab14edc786fbd3d26/element/18aa9f02-3f99-4c2f-b6b6-e63f2bf00017/click'
18:17:58.817 [Forwarding clickElement on session cd6fceeb90784f8ab14edc786fbd3d26 to remote] DEBUG org.asynchttpclient.netty.request.NettyRequestSender - Using open Channel [id: 0x45f5b49d, L:/127.0.0.1:49268 - R:localhost/127.0.0.1:60818] for POST '/session/cd6fceeb90784f8ab14edc786fbd3d26/element/18aa9f02-3f99-4c2f-b6b6-e63f2bf00017/click'
18:17:58.855 [AsyncHttpClient-1-3] DEBUG org.asynchttpclient.netty.handler.HttpHandler - 

Request DefaultHttpRequest(decodeResult: success, version: HTTP/1.1)
POST /session/cd6fceeb90784f8ab14edc786fbd3d26/element/18aa9f02-3f99-4c2f-b6b6-e63f2bf00017/click HTTP/1.1
User-Agent: selenium/4.1.2 (java windows)
Content-Length: 50
Content-Type: application/json; charset=utf-8
host: localhost:60818
accept: */*

Response DefaultHttpResponse(decodeResult: success, version: HTTP/1.1)
HTTP/1.1 200 OK
Content-Type: application/json; charset=utf-8
cache-control: no-cache
content-length: 14

18:17:58.855 [AsyncHttpClient-1-3] DEBUG org.asynchttpclient.netty.channel.ChannelManager - Adding key: http://localhost:60818 for channel [id: 0x45f5b49d, L:/127.0.0.1:49268 - R:localhost/127.0.0.1:60818]
  &amp#27;[32mWhen &amp#27;[0m&amp#27;[32mI click logout button&amp#27;[0m          &amp#27;[90m# starter.stepdefinitions.LogoutStep.iClickLogoutButton()&amp#27;[0m
18:17:58.862 [Forwarding screenshot on session cd6fceeb90784f8ab14edc786fbd3d26 to remote] DEBUG org.asynchttpclient.netty.request.NettyRequestSender - Using pooled Channel '[id: 0x45f5b49d, L:/127.0.0.1:49268 - R:localhost/127.0.0.1:60818]' for 'GET' to 'http://localhost:60818/session/cd6fceeb90784f8ab14edc786fbd3d26/screenshot'
18:17:58.862 [Forwarding screenshot on session cd6fceeb90784f8ab14edc786fbd3d26 to remote] DEBUG org.asynchttpclient.netty.request.NettyRequestSender - Using open Channel [id: 0x45f5b49d, L:/127.0.0.1:49268 - R:localhost/127.0.0.1:60818] for GET '/session/cd6fceeb90784f8ab14edc786fbd3d26/screenshot'
18:17:59.035 [AsyncHttpClient-1-3] DEBUG org.asynchttpclient.netty.handler.HttpHandler - 

Request DefaultFullHttpRequest(decodeResult: success, version: HTTP/1.1, content: EmptyByteBufBE)
GET /session/cd6fceeb90784f8ab14edc786fbd3d26/screenshot HTTP/1.1
User-Agent: selenium/4.1.2 (java windows)
Cache-Control: no-cache
Content-Type: application/json; charset=utf-8
host: localhost:60818
accept: */*

Response DefaultHttpResponse(decodeResult: success, version: HTTP/1.1)
HTTP/1.1 200 OK
Content-Type: application/json; charset=utf-8
cache-control: no-cache
content-length: 32092

18:17:59.035 [AsyncHttpClient-1-3] DEBUG org.asynchttpclient.netty.channel.ChannelManager - Adding key: http://localhost:60818 for channel [id: 0x45f5b49d, L:/127.0.0.1:49268 - R:localhost/127.0.0.1:60818]
18:17:59.036 [main] DEBUG net.serenitybdd.core.photography.Darkroom - Send negative for processing for target\site\serenity\526506dd6ab1327a8c13c7219b02e3b6004e0f5a7897cddc577f51027750fae5.png
18:17:59.036 [Darkroom Processing Line] DEBUG net.serenitybdd.core.photography.DarkroomProcessingLine - Processing screenshot image in /var/screenshots/screenshot-286722901582340790
18:17:59.037 [Darkroom Processing Line] DEBUG net.serenitybdd.core.photography.DarkroomProcessingLine - Saving screenshot to target\site\serenity\526506dd6ab1327a8c13c7219b02e3b6004e0f5a7897cddc577f51027750fae5.png
18:17:59.040 [Forwarding findElement on session cd6fceeb90784f8ab14edc786fbd3d26 to remote] DEBUG org.asynchttpclient.netty.request.NettyRequestSender - Using pooled Channel '[id: 0x45f5b49d, L:/127.0.0.1:49268 - R:localhost/127.0.0.1:60818]' for 'POST' to 'http://localhost:60818/session/cd6fceeb90784f8ab14edc786fbd3d26/element'
18:17:59.040 [Forwarding findElement on session cd6fceeb90784f8ab14edc786fbd3d26 to remote] DEBUG org.asynchttpclient.netty.request.NettyRequestSender - Using open Channel [id: 0x45f5b49d, L:/127.0.0.1:49268 - R:localhost/127.0.0.1:60818] for POST '/session/cd6fceeb90784f8ab14edc786fbd3d26/element'
18:17:59.046 [AsyncHttpClient-1-3] DEBUG org.asynchttpclient.netty.handler.HttpHandler - 

Request DefaultHttpRequest(decodeResult: success, version: HTTP/1.1)
POST /session/cd6fceeb90784f8ab14edc786fbd3d26/element HTTP/1.1
User-Agent: selenium/4.1.2 (java windows)
Content-Length: 83
Content-Type: application/json; charset=utf-8
host: localhost:60818
accept: */*

Response DefaultHttpResponse(decodeResult: success, version: HTTP/1.1)
HTTP/1.1 200 OK
Content-Type: application/json; charset=utf-8
cache-control: no-cache
content-length: 88

18:17:59.047 [AsyncHttpClient-1-3] DEBUG org.asynchttpclient.netty.channel.ChannelManager - Adding key: http://localhost:60818 for channel [id: 0x45f5b49d, L:/127.0.0.1:49268 - R:localhost/127.0.0.1:60818]
18:17:59.049 [Forwarding isElementDisplayed on session cd6fceeb90784f8ab14edc786fbd3d26 to remote] DEBUG org.asynchttpclient.netty.request.NettyRequestSender - Using pooled Channel '[id: 0x45f5b49d, L:/127.0.0.1:49268 - R:localhost/127.0.0.1:60818]' for 'POST' to 'http://localhost:60818/session/cd6fceeb90784f8ab14edc786fbd3d26/execute/sync'
18:17:59.049 [Forwarding isElementDisplayed on session cd6fceeb90784f8ab14edc786fbd3d26 to remote] DEBUG org.asynchttpclient.netty.request.NettyRequestSender - Using open Channel [id: 0x45f5b49d, L:/127.0.0.1:49268 - R:localhost/127.0.0.1:60818] for POST '/session/cd6fceeb90784f8ab14edc786fbd3d26/execute/sync'
18:17:59.060 [AsyncHttpClient-1-3] DEBUG org.asynchttpclient.netty.handler.HttpHandler - 

Request DefaultHttpRequest(decodeResult: success, version: HTTP/1.1)
POST /session/cd6fceeb90784f8ab14edc786fbd3d26/execute/sync HTTP/1.1
User-Agent: selenium/4.1.2 (java windows)
Content-Length: 48780
Content-Type: application/json; charset=utf-8
host: localhost:60818
accept: */*

Response DefaultHttpResponse(decodeResult: success, version: HTTP/1.1)
HTTP/1.1 200 OK
Content-Type: application/json; charset=utf-8
cache-control: no-cache
content-length: 14

18:17:59.060 [AsyncHttpClient-1-3] DEBUG org.asynchttpclient.netty.channel.ChannelManager - Adding key: http://localhost:60818 for channel [id: 0x45f5b49d, L:/127.0.0.1:49268 - R:localhost/127.0.0.1:60818]
  &amp#27;[32mThen &amp#27;[0m&amp#27;[32mMy account success logout&amp#27;[0m      &amp#27;[90m# starter.stepdefinitions.LogoutStep.myAccountSuccessLogout()&amp#27;[0m
18:17:59.062 [main] INFO  - 
  _____   ___   ___   _____     ___     _     ___   ___   ___   ___  
 |_   _| | __| / __| |_   _|   | _ \   /_\   / __| / __| | __| |   \ 
   | |   | _|  \__ \   | |     |  _/  / _ \  \__ \ \__ \ | _|  | |) |
   |_|   |___| |___/   |_|     |_|   /_/ \_\ |___/ |___/ |___| |___/ 

I want to logout my account
----------------------------------------------------------------------
18:17:59.063 [Driver Command Executor] DEBUG org.asynchttpclient.netty.request.NettyRequestSender - Using pooled Channel '[id: 0x45f5b49d, L:/127.0.0.1:49268 - R:localhost/127.0.0.1:60818]' for 'DELETE' to 'http://localhost:60818/session/cd6fceeb90784f8ab14edc786fbd3d26'
18:17:59.063 [AsyncHttpClient-1-5] DEBUG org.asynchttpclient.netty.handler.WebSocketHandler - Channel Closed: [id: 0xd91a6aa6, L:/127.0.0.1:49276 ! R:localhost/127.0.0.1:49269] with attribute NettyResponseFuture{currentRetry=5,
	isDone=1,
	isCancelled=0,
	asyncHandler=org.asynchttpclient.ws.WebSocketUpgradeHandler@3ad34bb3,
	nettyRequest=org.asynchttpclient.netty.request.NettyRequest@49339191,
	future=java.util.concurrent.CompletableFuture@138186e3[Completed normally],
	uri=ws://localhost:49269/devtools/browser/5b6a1be0-b7c5-44e1-856e-d184b9e2062c,
	keepAlive=true,
	redirectCount=0,
	timeoutsHolder=null,
	inAuth=0,
	touch=1667560675850}
18:17:59.063 [Driver Command Executor] DEBUG org.asynchttpclient.netty.request.NettyRequestSender - Using open Channel [id: 0x45f5b49d, L:/127.0.0.1:49268 - R:localhost/127.0.0.1:60818] for DELETE '/session/cd6fceeb90784f8ab14edc786fbd3d26'
18:17:59.063 [AsyncHttpClient-1-5] DEBUG org.asynchttpclient.netty.channel.ChannelManager - Closing Channel [id: 0xd91a6aa6, L:/127.0.0.1:49276 ! R:localhost/127.0.0.1:49269] 
18:17:59.136 [AsyncHttpClient-1-4] DEBUG org.asynchttpclient.netty.handler.HttpHandler - Unexpected I/O exception on channel [id: 0xfdb66431, L:/127.0.0.1:49275 - R:localhost/127.0.0.1:49269]
java.io.IOException: An existing connection was forcibly closed by the remote host
	at java.base/sun.nio.ch.SocketDispatcher.read0(Native Method)
	at java.base/sun.nio.ch.SocketDispatcher.read(SocketDispatcher.java:43)
	at java.base/sun.nio.ch.IOUtil.readIntoNativeBuffer(IOUtil.java:276)
	at java.base/sun.nio.ch.IOUtil.read(IOUtil.java:233)
	at java.base/sun.nio.ch.IOUtil.read(IOUtil.java:223)
	at java.base/sun.nio.ch.SocketChannelImpl.read(SocketChannelImpl.java:358)
	at io.netty.buffer.PooledByteBuf.setBytes(PooledByteBuf.java:258)
	at io.netty.buffer.AbstractByteBuf.writeBytes(AbstractByteBuf.java:1132)
	at io.netty.channel.socket.nio.NioSocketChannel.doReadBytes(NioSocketChannel.java:350)
	at io.netty.channel.nio.AbstractNioByteChannel$NioByteUnsafe.read(AbstractNioByteChannel.java:151)
	at io.netty.channel.nio.NioEventLoop.processSelectedKey(NioEventLoop.java:722)
	at io.netty.channel.nio.NioEventLoop.processSelectedKeysOptimized(NioEventLoop.java:658)
	at io.netty.channel.nio.NioEventLoop.processSelectedKeys(NioEventLoop.java:584)
	at io.netty.channel.nio.NioEventLoop.run(NioEventLoop.java:496)
	at io.netty.util.concurrent.SingleThreadEventExecutor$4.run(SingleThreadEventExecutor.java:986)
	at io.netty.util.internal.ThreadExecutorMap$2.run(ThreadExecutorMap.java:74)
	at io.netty.util.concurrent.FastThreadLocalRunnable.run(FastThreadLocalRunnable.java:30)
	at java.base/java.lang.Thread.run(Thread.java:834)
18:17:59.136 [AsyncHttpClient-1-4] DEBUG org.asynchttpclient.netty.channel.ChannelManager - Closing Channel [id: 0xfdb66431, L:/127.0.0.1:49275 - R:localhost/127.0.0.1:49269] 
18:17:59.137 [AsyncHttpClient-1-4] DEBUG org.asynchttpclient.netty.handler.HttpHandler - Channel Closed: [id: 0xfdb66431, L:/127.0.0.1:49275 ! R:localhost/127.0.0.1:49269] with attribute DISCARD
18:17:59.155 [AsyncHttpClient-1-3] DEBUG org.asynchttpclient.netty.handler.HttpHandler - 

Request DefaultFullHttpRequest(decodeResult: success, version: HTTP/1.1, content: EmptyByteBufBE)
DELETE /session/cd6fceeb90784f8ab14edc786fbd3d26 HTTP/1.1
User-Agent: selenium/4.1.2 (java windows)
Content-Type: application/json; charset=utf-8
host: localhost:60818
accept: */*

Response DefaultHttpResponse(decodeResult: success, version: HTTP/1.1)
HTTP/1.1 200 OK
Content-Type: application/json; charset=utf-8
cache-control: no-cache
content-length: 14

18:17:59.155 [AsyncHttpClient-1-3] DEBUG org.asynchttpclient.netty.channel.ChannelManager - Adding key: http://localhost:60818 for channel [id: 0x45f5b49d, L:/127.0.0.1:49268 - R:localhost/127.0.0.1:60818]
18:17:59.191 [AsyncHttpClient-1-1] DEBUG org.asynchttpclient.netty.channel.DefaultChannelPool - Entry count for : http://localhost:60818 : 1
18:17:59.191 [AsyncHttpClient-1-1] DEBUG org.asynchttpclient.netty.channel.DefaultChannelPool - Entry count for : http://localhost:49269 : 1
18:17:59.191 [AsyncHttpClient-1-1] DEBUG org.asynchttpclient.netty.channel.DefaultChannelPool - Adding Candidate expired Channel [id: 0xfdb66431, L:/127.0.0.1:49275 ! R:localhost/127.0.0.1:49269] isIdleTimeoutExpired=false isRemotelyClosed=true isTtlExpired=false
18:17:59.191 [AsyncHttpClient-1-1] DEBUG org.asynchttpclient.netty.channel.DefaultChannelPool - Closing Idle Channel [id: 0xfdb66431, L:/127.0.0.1:49275 ! R:localhost/127.0.0.1:49269]
18:17:59.191 [AsyncHttpClient-1-1] DEBUG org.asynchttpclient.netty.channel.DefaultChannelPool - Closed 1 connections out of 2 in 0 ms
18:17:59.215 [AsyncHttpClient-1-3] DEBUG org.asynchttpclient.netty.handler.HttpHandler - Channel Closed: [id: 0x45f5b49d, L:/127.0.0.1:49268 ! R:localhost/127.0.0.1:60818] with attribute DISCARD
]]></system-out>
    <system-err><![CDATA[Starting ChromeDriver 107.0.5304.62 (1eec40d3a5764881c92085aaee66d25075c159aa-refs/branch-heads/5304@{#942}) on port 60818
Only local connections are allowed.
Please see https://chromedriver.chromium.org/security-considerations for suggestions on keeping ChromeDriver safe.
ChromeDriver was started successfully.
Nov 04, 2022 6:17:55 PM org.openqa.selenium.remote.ProtocolHandshake createSession
INFO: Detected dialect: W3C
Nov 04, 2022 6:17:55 PM org.openqa.selenium.devtools.CdpVersionFinder findNearestMatch
WARNING: Unable to find an exact match for CDP version 107, so returning the closest version found: a no-op implementation
Nov 04, 2022 6:17:55 PM org.openqa.selenium.devtools.CdpVersionFinder findNearestMatch
INFO: Unable to find CDP implementation matching 107.
Nov 04, 2022 6:17:55 PM org.openqa.selenium.chromium.ChromiumDriver lambda$new$3
WARNING: Unable to find version of CDP to use for . You may need to include a dependency on a specific version of the CDP using something similar to `org.seleniumhq.selenium:selenium-devtools-v86:4.1.2` where the version ("v86") matches the version of the chromium-based browser you're using and the version number of the artifact is the same as Selenium's.
]]></system-err>
  </testcase>
  <testcase name="Showed total price paid for 1 product" classname="Order" time="6.497">
    <system-out><![CDATA[18:17:59.253 [main] INFO io.cucumber.core.plugin.SerenityReporter - Running feature from file:///D:/Ra/file%20kuliah/semester%207/resume%20alta/Mini%20Project/Web/AltaShop/src/test/resources/features/order.feature
18:17:59.255 [main] DEBUG net.thucydides.core.steps.StepEventBus - Test suite started for story net.thucydides.core.model.Story@9cac46c8
18:17:59.256 [main] INFO  - Test Suite Started: Order

@Order
Scenario: Showed total price paid for 1 product &amp#27;[90m# src/test/resources/features/order.feature:7&amp#27;[0m
18:17:59.262 [main] INFO io.cucumber.core.plugin.SerenityReporter - Running feature from file:///D:/Ra/file%20kuliah/semester%207/resume%20alta/Mini%20Project/Web/AltaShop/src/test/resources/features/order.feature
18:17:59.263 [main] INFO  - 
  _____   ___   ___   _____     ___   _____     _     ___   _____   ___   ___  
 |_   _| | __| / __| |_   _|   / __| |_   _|   /_\   | _ \ |_   _| | __| |   \ 
   | |   | _|  \__ \   | |     \__ \   | |    / _ \  |   /   | |   | _|  | |) |
   |_|   |___| |___/   |_|     |___/   |_|   /_/ \_\ |_|_\   |_|   |___| |___/ 

Showed total price paid for 1 product(order;showed-total-price-paid-for-1-product)
--------------------------------------------------------------------------------
18:17:59.277 [main] INFO net.serenitybdd.core.webdriver.driverproviders.ChromeDriverProvider - Using automatically driver download
18:17:59.368 [main] DEBUG io.github.bonigarcia.wdm.cache.ResolutionCache - Resolution chrome=107 in cache (valid until 18:54:29 04/11/2022 ICT)
18:17:59.374 [main] DEBUG io.github.bonigarcia.wdm.cache.ResolutionCache - Resolution chrome107=107.0.5304.62 in cache (valid until 17:54:29 05/11/2022 ICT)
18:17:59.376 [main] INFO io.github.bonigarcia.wdm.WebDriverManager - Using chromedriver 107.0.5304.62 (resolved driver for Chrome 107)
18:17:59.384 [main] DEBUG io.github.bonigarcia.wdm.WebDriverManager - Driver chromedriver 107.0.5304.62 found in cache
18:17:59.384 [main] INFO io.github.bonigarcia.wdm.WebDriverManager - Exporting webdriver.chrome.driver as C:\Users\rilaa\.cache\selenium\chromedriver\win32\107.0.5304.62\chromedriver.exe
18:17:59.483 [main] DEBUG net.serenitybdd.core.webdriver.driverproviders.ProvideNewDriver - Instantiating driver
18:17:59.483 [main] DEBUG net.serenitybdd.core.webdriver.driverproviders.ProvideNewDriver - Driver capabilities: Capabilities {acceptInsecureCerts: false, base.url: https://alta-shop.vercel.app, browserName: chrome, chrome.driver: src/test/resources/webdrive..., driver: chrome, goog:chromeOptions: {args: [], extensions: []}}
18:17:59.540 [AsyncHttpClient-1-6] DEBUG org.asynchttpclient.netty.channel.NettyConnectListener - Using new Channel '[id: 0xb22a2aa6, L:/127.0.0.1:49294 - R:localhost/127.0.0.1:57341]' for 'POST' to '/session'
18:18:00.247 [AsyncHttpClient-1-6] DEBUG org.asynchttpclient.netty.handler.HttpHandler - 

Request DefaultHttpRequest(decodeResult: success, version: HTTP/1.1)
POST /session HTTP/1.1
User-Agent: selenium/4.1.2 (java windows)
Content-Length: 609
Content-Type: application/json; charset=utf-8
host: localhost:57341
accept: */*

Response DefaultHttpResponse(decodeResult: success, version: HTTP/1.1)
HTTP/1.1 200 OK
Content-Type: application/json; charset=utf-8
cache-control: no-cache
content-length: 789

18:18:00.247 [AsyncHttpClient-1-6] DEBUG org.asynchttpclient.netty.channel.ChannelManager - Adding key: http://localhost:57341 for channel [id: 0xb22a2aa6, L:/127.0.0.1:49294 - R:localhost/127.0.0.1:57341]
18:18:00.253 [AsyncHttpClient-1-7] DEBUG org.asynchttpclient.netty.channel.NettyConnectListener - Using new Channel '[id: 0xe3e378e9, L:/127.0.0.1:49300 - R:localhost/127.0.0.1:49295]' for 'GET' to '/json/version'
18:18:00.255 [AsyncHttpClient-1-7] DEBUG org.asynchttpclient.netty.handler.HttpHandler - 

Request DefaultFullHttpRequest(decodeResult: success, version: HTTP/1.1, content: EmptyByteBufBE)
GET /json/version HTTP/1.1
User-Agent: selenium/4.1.2 (java windows)
host: localhost:49295
accept: */*

Response DefaultHttpResponse(decodeResult: success, version: HTTP/1.1)
HTTP/1.1 200 OK
Content-Type: application/json; charset=UTF-8
content-length: 423

18:18:00.255 [AsyncHttpClient-1-7] DEBUG org.asynchttpclient.netty.channel.ChannelManager - Adding key: http://localhost:49295 for channel [id: 0xe3e378e9, L:/127.0.0.1:49300 - R:localhost/127.0.0.1:49295]
18:18:00.260 [AsyncHttpClient-1-8] DEBUG org.asynchttpclient.netty.channel.NettyConnectListener - Using new Channel '[id: 0x1f9beb1b, L:/127.0.0.1:49301 - R:localhost/127.0.0.1:49295]' for 'GET' to '/devtools/browser/36dd515f-9aac-4d81-a044-987c4baab9ba'
18:18:00.261 [AsyncHttpClient-1-8] DEBUG org.asynchttpclient.netty.handler.WebSocketHandler - 

Request DefaultFullHttpRequest(decodeResult: success, version: HTTP/1.1, content: EmptyByteBufBE)
GET /devtools/browser/36dd515f-9aac-4d81-a044-987c4baab9ba HTTP/1.1
upgrade: websocket
connection: upgrade
sec-websocket-key: gE+7z8rIg0Y5NPgKtSQkDQ==
sec-websocket-version: 13
origin: http://localhost:49295
host: localhost:49295
accept: */*
user-agent: AHC/2.1

Response DefaultHttpResponse(decodeResult: success, version: HTTP/1.1)
HTTP/1.1 101 WebSocket Protocol Handshake
Upgrade: WebSocket
Connection: Upgrade
Sec-WebSocket-Accept: eUmXcJNaGo9WBvBJYWDtngHpZJM=

18:18:00.265 [Forwarding get on session 8333535bcc7d790d02de7e85a1b362d0 to remote] DEBUG org.asynchttpclient.netty.request.NettyRequestSender - Using pooled Channel '[id: 0xb22a2aa6, L:/127.0.0.1:49294 - R:localhost/127.0.0.1:57341]' for 'POST' to 'http://localhost:57341/session/8333535bcc7d790d02de7e85a1b362d0/url'
18:18:00.265 [Forwarding get on session 8333535bcc7d790d02de7e85a1b362d0 to remote] DEBUG org.asynchttpclient.netty.request.NettyRequestSender - Using open Channel [id: 0xb22a2aa6, L:/127.0.0.1:49294 - R:localhost/127.0.0.1:57341] for POST '/session/8333535bcc7d790d02de7e85a1b362d0/url'
18:18:00.298 [AsyncHttpClient-1-1] DEBUG org.asynchttpclient.netty.channel.DefaultChannelPool - Entry count for : http://localhost:60818 : 1
18:18:00.298 [AsyncHttpClient-1-1] DEBUG org.asynchttpclient.netty.channel.DefaultChannelPool - Entry count for : http://localhost:49295 : 1
18:18:00.298 [AsyncHttpClient-1-1] DEBUG org.asynchttpclient.netty.channel.DefaultChannelPool - Adding Candidate expired Channel [id: 0x45f5b49d, L:/127.0.0.1:49268 ! R:localhost/127.0.0.1:60818] isIdleTimeoutExpired=false isRemotelyClosed=true isTtlExpired=false
18:18:00.298 [AsyncHttpClient-1-1] DEBUG org.asynchttpclient.netty.channel.DefaultChannelPool - Closing Idle Channel [id: 0x45f5b49d, L:/127.0.0.1:49268 ! R:localhost/127.0.0.1:60818]
18:18:00.298 [AsyncHttpClient-1-1] DEBUG org.asynchttpclient.netty.channel.DefaultChannelPool - Closed 1 connections out of 2 in 0 ms
18:18:01.251 [AsyncHttpClient-1-6] DEBUG org.asynchttpclient.netty.handler.HttpHandler - 

Request DefaultHttpRequest(decodeResult: success, version: HTTP/1.1)
POST /session/8333535bcc7d790d02de7e85a1b362d0/url HTTP/1.1
User-Agent: selenium/4.1.2 (java windows)
Content-Length: 59
Content-Type: application/json; charset=utf-8
host: localhost:57341
accept: */*

Response DefaultHttpResponse(decodeResult: success, version: HTTP/1.1)
HTTP/1.1 200 OK
Content-Type: application/json; charset=utf-8
cache-control: no-cache
content-length: 14

18:18:01.251 [AsyncHttpClient-1-6] DEBUG org.asynchttpclient.netty.channel.ChannelManager - Adding key: http://localhost:57341 for channel [id: 0xb22a2aa6, L:/127.0.0.1:49294 - R:localhost/127.0.0.1:57341]
18:18:01.252 [Forwarding setTimeout on session 8333535bcc7d790d02de7e85a1b362d0 to remote] DEBUG org.asynchttpclient.netty.request.NettyRequestSender - Using pooled Channel '[id: 0xb22a2aa6, L:/127.0.0.1:49294 - R:localhost/127.0.0.1:57341]' for 'POST' to 'http://localhost:57341/session/8333535bcc7d790d02de7e85a1b362d0/timeouts'
18:18:01.252 [Forwarding setTimeout on session 8333535bcc7d790d02de7e85a1b362d0 to remote] DEBUG org.asynchttpclient.netty.request.NettyRequestSender - Using open Channel [id: 0xb22a2aa6, L:/127.0.0.1:49294 - R:localhost/127.0.0.1:57341] for POST '/session/8333535bcc7d790d02de7e85a1b362d0/timeouts'
18:18:01.253 [AsyncHttpClient-1-6] DEBUG org.asynchttpclient.netty.handler.HttpHandler - 

Request DefaultHttpRequest(decodeResult: success, version: HTTP/1.1)
POST /session/8333535bcc7d790d02de7e85a1b362d0/timeouts HTTP/1.1
User-Agent: selenium/4.1.2 (java windows)
Content-Length: 22
Content-Type: application/json; charset=utf-8
host: localhost:57341
accept: */*

Response DefaultHttpResponse(decodeResult: success, version: HTTP/1.1)
HTTP/1.1 200 OK
Content-Type: application/json; charset=utf-8
cache-control: no-cache
content-length: 14

18:18:01.253 [AsyncHttpClient-1-6] DEBUG org.asynchttpclient.netty.channel.ChannelManager - Adding key: http://localhost:57341 for channel [id: 0xb22a2aa6, L:/127.0.0.1:49294 - R:localhost/127.0.0.1:57341]
18:18:01.259 [Forwarding getCurrentUrl on session 8333535bcc7d790d02de7e85a1b362d0 to remote] DEBUG org.asynchttpclient.netty.request.NettyRequestSender - Using pooled Channel '[id: 0xb22a2aa6, L:/127.0.0.1:49294 - R:localhost/127.0.0.1:57341]' for 'GET' to 'http://localhost:57341/session/8333535bcc7d790d02de7e85a1b362d0/url'
18:18:01.259 [Forwarding getCurrentUrl on session 8333535bcc7d790d02de7e85a1b362d0 to remote] DEBUG org.asynchttpclient.netty.request.NettyRequestSender - Using open Channel [id: 0xb22a2aa6, L:/127.0.0.1:49294 - R:localhost/127.0.0.1:57341] for GET '/session/8333535bcc7d790d02de7e85a1b362d0/url'
18:18:01.266 [AsyncHttpClient-1-6] DEBUG org.asynchttpclient.netty.handler.HttpHandler - 

Request DefaultFullHttpRequest(decodeResult: success, version: HTTP/1.1, content: EmptyByteBufBE)
GET /session/8333535bcc7d790d02de7e85a1b362d0/url HTTP/1.1
User-Agent: selenium/4.1.2 (java windows)
Cache-Control: no-cache
Content-Type: application/json; charset=utf-8
host: localhost:57341
accept: */*

Response DefaultHttpResponse(decodeResult: success, version: HTTP/1.1)
HTTP/1.1 200 OK
Content-Type: application/json; charset=utf-8
cache-control: no-cache
content-length: 41

18:18:01.266 [AsyncHttpClient-1-6] DEBUG org.asynchttpclient.netty.channel.ChannelManager - Adding key: http://localhost:57341 for channel [id: 0xb22a2aa6, L:/127.0.0.1:49294 - R:localhost/127.0.0.1:57341]
18:18:01.268 [Forwarding findElement on session 8333535bcc7d790d02de7e85a1b362d0 to remote] DEBUG org.asynchttpclient.netty.request.NettyRequestSender - Using pooled Channel '[id: 0xb22a2aa6, L:/127.0.0.1:49294 - R:localhost/127.0.0.1:57341]' for 'POST' to 'http://localhost:57341/session/8333535bcc7d790d02de7e85a1b362d0/element'
18:18:01.269 [Forwarding findElement on session 8333535bcc7d790d02de7e85a1b362d0 to remote] DEBUG org.asynchttpclient.netty.request.NettyRequestSender - Using open Channel [id: 0xb22a2aa6, L:/127.0.0.1:49294 - R:localhost/127.0.0.1:57341] for POST '/session/8333535bcc7d790d02de7e85a1b362d0/element'
18:18:01.281 [AsyncHttpClient-1-6] DEBUG org.asynchttpclient.netty.handler.HttpHandler - 

Request DefaultHttpRequest(decodeResult: success, version: HTTP/1.1)
POST /session/8333535bcc7d790d02de7e85a1b362d0/element HTTP/1.1
User-Agent: selenium/4.1.2 (java windows)
Content-Length: 77
Content-Type: application/json; charset=utf-8
host: localhost:57341
accept: */*

Response DefaultHttpResponse(decodeResult: success, version: HTTP/1.1)
HTTP/1.1 200 OK
Content-Type: application/json; charset=utf-8
cache-control: no-cache
content-length: 88

18:18:01.282 [AsyncHttpClient-1-6] DEBUG org.asynchttpclient.netty.channel.ChannelManager - Adding key: http://localhost:57341 for channel [id: 0xb22a2aa6, L:/127.0.0.1:49294 - R:localhost/127.0.0.1:57341]
18:18:01.284 [Forwarding isElementDisplayed on session 8333535bcc7d790d02de7e85a1b362d0 to remote] DEBUG org.asynchttpclient.netty.request.NettyRequestSender - Using pooled Channel '[id: 0xb22a2aa6, L:/127.0.0.1:49294 - R:localhost/127.0.0.1:57341]' for 'POST' to 'http://localhost:57341/session/8333535bcc7d790d02de7e85a1b362d0/execute/sync'
18:18:01.284 [Forwarding isElementDisplayed on session 8333535bcc7d790d02de7e85a1b362d0 to remote] DEBUG org.asynchttpclient.netty.request.NettyRequestSender - Using open Channel [id: 0xb22a2aa6, L:/127.0.0.1:49294 - R:localhost/127.0.0.1:57341] for POST '/session/8333535bcc7d790d02de7e85a1b362d0/execute/sync'
18:18:01.301 [AsyncHttpClient-1-6] DEBUG org.asynchttpclient.netty.handler.HttpHandler - 

Request DefaultHttpRequest(decodeResult: success, version: HTTP/1.1)
POST /session/8333535bcc7d790d02de7e85a1b362d0/execute/sync HTTP/1.1
User-Agent: selenium/4.1.2 (java windows)
Content-Length: 48780
Content-Type: application/json; charset=utf-8
host: localhost:57341
accept: */*

Response DefaultHttpResponse(decodeResult: success, version: HTTP/1.1)
HTTP/1.1 200 OK
Content-Type: application/json; charset=utf-8
cache-control: no-cache
content-length: 14

18:18:01.302 [AsyncHttpClient-1-6] DEBUG org.asynchttpclient.netty.channel.ChannelManager - Adding key: http://localhost:57341 for channel [id: 0xb22a2aa6, L:/127.0.0.1:49294 - R:localhost/127.0.0.1:57341]
  &amp#27;[32mGiven &amp#27;[0m&amp#27;[32mI am on the home page&amp#27;[0m                   &amp#27;[90m# starter.stepdefinitions.LoginStepDefinition.iAmOnTheHomePage()&amp#27;[0m
18:18:01.305 [main] DEBUG net.serenitybdd.core.photography.Darkroom - Opening darkroom
18:18:01.307 [Forwarding screenshot on session 8333535bcc7d790d02de7e85a1b362d0 to remote] DEBUG org.asynchttpclient.netty.request.NettyRequestSender - Using pooled Channel '[id: 0xb22a2aa6, L:/127.0.0.1:49294 - R:localhost/127.0.0.1:57341]' for 'GET' to 'http://localhost:57341/session/8333535bcc7d790d02de7e85a1b362d0/screenshot'
18:18:01.307 [Forwarding screenshot on session 8333535bcc7d790d02de7e85a1b362d0 to remote] DEBUG org.asynchttpclient.netty.request.NettyRequestSender - Using open Channel [id: 0xb22a2aa6, L:/127.0.0.1:49294 - R:localhost/127.0.0.1:57341] for GET '/session/8333535bcc7d790d02de7e85a1b362d0/screenshot'
18:18:01.308 [Darkroom Processing Line] DEBUG net.serenitybdd.core.photography.DarkroomProcessingLine - Darkroom processing line starting up
18:18:01.387 [AsyncHttpClient-1-1] DEBUG org.asynchttpclient.netty.channel.DefaultChannelPool - Entry count for : http://localhost:49295 : 1
18:18:01.502 [AsyncHttpClient-1-6] DEBUG org.asynchttpclient.netty.handler.HttpHandler - 

Request DefaultFullHttpRequest(decodeResult: success, version: HTTP/1.1, content: EmptyByteBufBE)
GET /session/8333535bcc7d790d02de7e85a1b362d0/screenshot HTTP/1.1
User-Agent: selenium/4.1.2 (java windows)
Cache-Control: no-cache
Content-Type: application/json; charset=utf-8
host: localhost:57341
accept: */*

Response DefaultHttpResponse(decodeResult: success, version: HTTP/1.1)
HTTP/1.1 200 OK
Content-Type: application/json; charset=utf-8
cache-control: no-cache
content-length: 33040

18:18:01.502 [AsyncHttpClient-1-6] DEBUG org.asynchttpclient.netty.channel.ChannelManager - Adding key: http://localhost:57341 for channel [id: 0xb22a2aa6, L:/127.0.0.1:49294 - R:localhost/127.0.0.1:57341]
18:18:01.503 [main] DEBUG net.serenitybdd.core.photography.Darkroom - Send negative for processing for target\site\serenity\b8f39f555a6a68359f3ace51af01979d3250a71a9640a42e51c91cc3d7c67b16.png
18:18:01.515 [Forwarding findElement on session 8333535bcc7d790d02de7e85a1b362d0 to remote] DEBUG org.asynchttpclient.netty.request.NettyRequestSender - Using pooled Channel '[id: 0xb22a2aa6, L:/127.0.0.1:49294 - R:localhost/127.0.0.1:57341]' for 'POST' to 'http://localhost:57341/session/8333535bcc7d790d02de7e85a1b362d0/element'
18:18:01.515 [Forwarding findElement on session 8333535bcc7d790d02de7e85a1b362d0 to remote] DEBUG org.asynchttpclient.netty.request.NettyRequestSender - Using open Channel [id: 0xb22a2aa6, L:/127.0.0.1:49294 - R:localhost/127.0.0.1:57341] for POST '/session/8333535bcc7d790d02de7e85a1b362d0/element'
18:18:02.491 [AsyncHttpClient-1-1] DEBUG org.asynchttpclient.netty.channel.DefaultChannelPool - Entry count for : http://localhost:49295 : 1
18:18:03.553 [AsyncHttpClient-1-6] DEBUG org.asynchttpclient.netty.handler.HttpHandler - 

Request DefaultHttpRequest(decodeResult: success, version: HTTP/1.1)
POST /session/8333535bcc7d790d02de7e85a1b362d0/element HTTP/1.1
User-Agent: selenium/4.1.2 (java windows)
Content-Length: 117
Content-Type: application/json; charset=utf-8
host: localhost:57341
accept: */*

Response DefaultHttpResponse(decodeResult: success, version: HTTP/1.1)
HTTP/1.1 404 Not Found
Content-Type: application/json; charset=utf-8
cache-control: no-cache
content-length: 1040

18:18:03.553 [AsyncHttpClient-1-6] DEBUG org.asynchttpclient.netty.channel.ChannelManager - Adding key: http://localhost:57341 for channel [id: 0xb22a2aa6, L:/127.0.0.1:49294 - R:localhost/127.0.0.1:57341]
18:18:03.595 [AsyncHttpClient-1-1] DEBUG org.asynchttpclient.netty.channel.DefaultChannelPool - Entry count for : http://localhost:49295 : 1
18:18:03.595 [AsyncHttpClient-1-1] DEBUG org.asynchttpclient.netty.channel.DefaultChannelPool - Entry count for : http://localhost:57341 : 1
18:18:03.667 [Forwarding findElement on session 8333535bcc7d790d02de7e85a1b362d0 to remote] DEBUG org.asynchttpclient.netty.request.NettyRequestSender - Using pooled Channel '[id: 0xb22a2aa6, L:/127.0.0.1:49294 - R:localhost/127.0.0.1:57341]' for 'POST' to 'http://localhost:57341/session/8333535bcc7d790d02de7e85a1b362d0/element'
18:18:03.667 [Forwarding findElement on session 8333535bcc7d790d02de7e85a1b362d0 to remote] DEBUG org.asynchttpclient.netty.request.NettyRequestSender - Using open Channel [id: 0xb22a2aa6, L:/127.0.0.1:49294 - R:localhost/127.0.0.1:57341] for POST '/session/8333535bcc7d790d02de7e85a1b362d0/element'
18:18:04.679 [AsyncHttpClient-1-6] DEBUG org.asynchttpclient.netty.handler.HttpHandler - 

Request DefaultHttpRequest(decodeResult: success, version: HTTP/1.1)
POST /session/8333535bcc7d790d02de7e85a1b362d0/element HTTP/1.1
User-Agent: selenium/4.1.2 (java windows)
Content-Length: 117
Content-Type: application/json; charset=utf-8
host: localhost:57341
accept: */*

Response DefaultHttpResponse(decodeResult: success, version: HTTP/1.1)
HTTP/1.1 200 OK
Content-Type: application/json; charset=utf-8
cache-control: no-cache
content-length: 88

18:18:04.679 [AsyncHttpClient-1-6] DEBUG org.asynchttpclient.netty.channel.ChannelManager - Adding key: http://localhost:57341 for channel [id: 0xb22a2aa6, L:/127.0.0.1:49294 - R:localhost/127.0.0.1:57341]
18:18:04.680 [Forwarding getElementTagName on session 8333535bcc7d790d02de7e85a1b362d0 to remote] DEBUG org.asynchttpclient.netty.request.NettyRequestSender - Using pooled Channel '[id: 0xb22a2aa6, L:/127.0.0.1:49294 - R:localhost/127.0.0.1:57341]' for 'GET' to 'http://localhost:57341/session/8333535bcc7d790d02de7e85a1b362d0/element/365c60b6-cd67-42f3-a961-e628bc1c9219/name'
18:18:04.680 [Forwarding getElementTagName on session 8333535bcc7d790d02de7e85a1b362d0 to remote] DEBUG org.asynchttpclient.netty.request.NettyRequestSender - Using open Channel [id: 0xb22a2aa6, L:/127.0.0.1:49294 - R:localhost/127.0.0.1:57341] for GET '/session/8333535bcc7d790d02de7e85a1b362d0/element/365c60b6-cd67-42f3-a961-e628bc1c9219/name'
18:18:04.684 [AsyncHttpClient-1-6] DEBUG org.asynchttpclient.netty.handler.HttpHandler - 

Request DefaultFullHttpRequest(decodeResult: success, version: HTTP/1.1, content: EmptyByteBufBE)
GET /session/8333535bcc7d790d02de7e85a1b362d0/element/365c60b6-cd67-42f3-a961-e628bc1c9219/name HTTP/1.1
User-Agent: selenium/4.1.2 (java windows)
Cache-Control: no-cache
Content-Type: application/json; charset=utf-8
host: localhost:57341
accept: */*

Response DefaultHttpResponse(decodeResult: success, version: HTTP/1.1)
HTTP/1.1 200 OK
Content-Type: application/json; charset=utf-8
cache-control: no-cache
content-length: 16

18:18:04.684 [AsyncHttpClient-1-6] DEBUG org.asynchttpclient.netty.channel.ChannelManager - Adding key: http://localhost:57341 for channel [id: 0xb22a2aa6, L:/127.0.0.1:49294 - R:localhost/127.0.0.1:57341]
18:18:04.685 [Forwarding getElementTagName on session 8333535bcc7d790d02de7e85a1b362d0 to remote] DEBUG org.asynchttpclient.netty.request.NettyRequestSender - Using pooled Channel '[id: 0xb22a2aa6, L:/127.0.0.1:49294 - R:localhost/127.0.0.1:57341]' for 'GET' to 'http://localhost:57341/session/8333535bcc7d790d02de7e85a1b362d0/element/365c60b6-cd67-42f3-a961-e628bc1c9219/name'
18:18:04.685 [Forwarding getElementTagName on session 8333535bcc7d790d02de7e85a1b362d0 to remote] DEBUG org.asynchttpclient.netty.request.NettyRequestSender - Using open Channel [id: 0xb22a2aa6, L:/127.0.0.1:49294 - R:localhost/127.0.0.1:57341] for GET '/session/8333535bcc7d790d02de7e85a1b362d0/element/365c60b6-cd67-42f3-a961-e628bc1c9219/name'
18:18:04.687 [AsyncHttpClient-1-6] DEBUG org.asynchttpclient.netty.handler.HttpHandler - 

Request DefaultFullHttpRequest(decodeResult: success, version: HTTP/1.1, content: EmptyByteBufBE)
GET /session/8333535bcc7d790d02de7e85a1b362d0/element/365c60b6-cd67-42f3-a961-e628bc1c9219/name HTTP/1.1
User-Agent: selenium/4.1.2 (java windows)
Cache-Control: no-cache
Content-Type: application/json; charset=utf-8
host: localhost:57341
accept: */*

Response DefaultHttpResponse(decodeResult: success, version: HTTP/1.1)
HTTP/1.1 200 OK
Content-Type: application/json; charset=utf-8
cache-control: no-cache
content-length: 16

18:18:04.687 [AsyncHttpClient-1-6] DEBUG org.asynchttpclient.netty.channel.ChannelManager - Adding key: http://localhost:57341 for channel [id: 0xb22a2aa6, L:/127.0.0.1:49294 - R:localhost/127.0.0.1:57341]
18:18:04.688 [AsyncHttpClient-1-1] DEBUG org.asynchttpclient.netty.channel.DefaultChannelPool - Entry count for : http://localhost:49295 : 1
18:18:04.688 [AsyncHttpClient-1-1] DEBUG org.asynchttpclient.netty.channel.DefaultChannelPool - Entry count for : http://localhost:57341 : 1
18:18:04.688 [Forwarding findElement on session 8333535bcc7d790d02de7e85a1b362d0 to remote] DEBUG org.asynchttpclient.netty.request.NettyRequestSender - Using pooled Channel '[id: 0xb22a2aa6, L:/127.0.0.1:49294 - R:localhost/127.0.0.1:57341]' for 'POST' to 'http://localhost:57341/session/8333535bcc7d790d02de7e85a1b362d0/element'
18:18:04.688 [Forwarding findElement on session 8333535bcc7d790d02de7e85a1b362d0 to remote] DEBUG org.asynchttpclient.netty.request.NettyRequestSender - Using open Channel [id: 0xb22a2aa6, L:/127.0.0.1:49294 - R:localhost/127.0.0.1:57341] for POST '/session/8333535bcc7d790d02de7e85a1b362d0/element'
18:18:04.704 [AsyncHttpClient-1-6] DEBUG org.asynchttpclient.netty.handler.HttpHandler - 

Request DefaultHttpRequest(decodeResult: success, version: HTTP/1.1)
POST /session/8333535bcc7d790d02de7e85a1b362d0/element HTTP/1.1
User-Agent: selenium/4.1.2 (java windows)
Content-Length: 117
Content-Type: application/json; charset=utf-8
host: localhost:57341
accept: */*

Response DefaultHttpResponse(decodeResult: success, version: HTTP/1.1)
HTTP/1.1 200 OK
Content-Type: application/json; charset=utf-8
cache-control: no-cache
content-length: 88

18:18:04.704 [AsyncHttpClient-1-6] DEBUG org.asynchttpclient.netty.channel.ChannelManager - Adding key: http://localhost:57341 for channel [id: 0xb22a2aa6, L:/127.0.0.1:49294 - R:localhost/127.0.0.1:57341]
18:18:04.705 [Forwarding clickElement on session 8333535bcc7d790d02de7e85a1b362d0 to remote] DEBUG org.asynchttpclient.netty.request.NettyRequestSender - Using pooled Channel '[id: 0xb22a2aa6, L:/127.0.0.1:49294 - R:localhost/127.0.0.1:57341]' for 'POST' to 'http://localhost:57341/session/8333535bcc7d790d02de7e85a1b362d0/element/365c60b6-cd67-42f3-a961-e628bc1c9219/click'
18:18:04.705 [Forwarding clickElement on session 8333535bcc7d790d02de7e85a1b362d0 to remote] DEBUG org.asynchttpclient.netty.request.NettyRequestSender - Using open Channel [id: 0xb22a2aa6, L:/127.0.0.1:49294 - R:localhost/127.0.0.1:57341] for POST '/session/8333535bcc7d790d02de7e85a1b362d0/element/365c60b6-cd67-42f3-a961-e628bc1c9219/click'
18:18:04.765 [AsyncHttpClient-1-6] DEBUG org.asynchttpclient.netty.handler.HttpHandler - 

Request DefaultHttpRequest(decodeResult: success, version: HTTP/1.1)
POST /session/8333535bcc7d790d02de7e85a1b362d0/element/365c60b6-cd67-42f3-a961-e628bc1c9219/click HTTP/1.1
User-Agent: selenium/4.1.2 (java windows)
Content-Length: 50
Content-Type: application/json; charset=utf-8
host: localhost:57341
accept: */*

Response DefaultHttpResponse(decodeResult: success, version: HTTP/1.1)
HTTP/1.1 200 OK
Content-Type: application/json; charset=utf-8
cache-control: no-cache
content-length: 14

18:18:04.765 [AsyncHttpClient-1-6] DEBUG org.asynchttpclient.netty.channel.ChannelManager - Adding key: http://localhost:57341 for channel [id: 0xb22a2aa6, L:/127.0.0.1:49294 - R:localhost/127.0.0.1:57341]
  &amp#27;[32mWhen &amp#27;[0m&amp#27;[32mI click buy button&amp#27;[0m                       &amp#27;[90m# starter.stepdefinitions.HomeStep.iClickBuyButton()&amp#27;[0m
18:18:04.770 [Forwarding screenshot on session 8333535bcc7d790d02de7e85a1b362d0 to remote] DEBUG org.asynchttpclient.netty.request.NettyRequestSender - Using pooled Channel '[id: 0xb22a2aa6, L:/127.0.0.1:49294 - R:localhost/127.0.0.1:57341]' for 'GET' to 'http://localhost:57341/session/8333535bcc7d790d02de7e85a1b362d0/screenshot'
18:18:04.770 [Forwarding screenshot on session 8333535bcc7d790d02de7e85a1b362d0 to remote] DEBUG org.asynchttpclient.netty.request.NettyRequestSender - Using open Channel [id: 0xb22a2aa6, L:/127.0.0.1:49294 - R:localhost/127.0.0.1:57341] for GET '/session/8333535bcc7d790d02de7e85a1b362d0/screenshot'
18:18:04.936 [AsyncHttpClient-1-6] DEBUG org.asynchttpclient.netty.handler.HttpHandler - 

Request DefaultFullHttpRequest(decodeResult: success, version: HTTP/1.1, content: EmptyByteBufBE)
GET /session/8333535bcc7d790d02de7e85a1b362d0/screenshot HTTP/1.1
User-Agent: selenium/4.1.2 (java windows)
Cache-Control: no-cache
Content-Type: application/json; charset=utf-8
host: localhost:57341
accept: */*

Response DefaultHttpResponse(decodeResult: success, version: HTTP/1.1)
HTTP/1.1 200 OK
Content-Type: application/json; charset=utf-8
cache-control: no-cache
content-length: 78088

18:18:04.937 [AsyncHttpClient-1-6] DEBUG org.asynchttpclient.netty.channel.ChannelManager - Adding key: http://localhost:57341 for channel [id: 0xb22a2aa6, L:/127.0.0.1:49294 - R:localhost/127.0.0.1:57341]
18:18:04.939 [main] DEBUG net.serenitybdd.core.photography.Darkroom - Send negative for processing for target\site\serenity\ad973b4a2fadc5486bed91f959643162f05a9cac1e9011edbd02c6dad30a2a88.png
18:18:04.939 [Darkroom Processing Line] DEBUG net.serenitybdd.core.photography.DarkroomProcessingLine - Processing screenshot image in /var/screenshots/screenshot-15721484989541799025
18:18:04.939 [Darkroom Processing Line] DEBUG net.serenitybdd.core.photography.DarkroomProcessingLine - Saving screenshot to target\site\serenity\ad973b4a2fadc5486bed91f959643162f05a9cac1e9011edbd02c6dad30a2a88.png
18:18:05.023 [Forwarding findElement on session 8333535bcc7d790d02de7e85a1b362d0 to remote] DEBUG org.asynchttpclient.netty.request.NettyRequestSender - Using pooled Channel '[id: 0xb22a2aa6, L:/127.0.0.1:49294 - R:localhost/127.0.0.1:57341]' for 'POST' to 'http://localhost:57341/session/8333535bcc7d790d02de7e85a1b362d0/element'
18:18:05.023 [Forwarding findElement on session 8333535bcc7d790d02de7e85a1b362d0 to remote] DEBUG org.asynchttpclient.netty.request.NettyRequestSender - Using open Channel [id: 0xb22a2aa6, L:/127.0.0.1:49294 - R:localhost/127.0.0.1:57341] for POST '/session/8333535bcc7d790d02de7e85a1b362d0/element'
18:18:05.049 [AsyncHttpClient-1-6] DEBUG org.asynchttpclient.netty.handler.HttpHandler - 

Request DefaultHttpRequest(decodeResult: success, version: HTTP/1.1)
POST /session/8333535bcc7d790d02de7e85a1b362d0/element HTTP/1.1
User-Agent: selenium/4.1.2 (java windows)
Content-Length: 101
Content-Type: application/json; charset=utf-8
host: localhost:57341
accept: */*

Response DefaultHttpResponse(decodeResult: success, version: HTTP/1.1)
HTTP/1.1 200 OK
Content-Type: application/json; charset=utf-8
cache-control: no-cache
content-length: 88

18:18:05.049 [AsyncHttpClient-1-6] DEBUG org.asynchttpclient.netty.channel.ChannelManager - Adding key: http://localhost:57341 for channel [id: 0xb22a2aa6, L:/127.0.0.1:49294 - R:localhost/127.0.0.1:57341]
18:18:05.051 [Forwarding getElementTagName on session 8333535bcc7d790d02de7e85a1b362d0 to remote] DEBUG org.asynchttpclient.netty.request.NettyRequestSender - Using pooled Channel '[id: 0xb22a2aa6, L:/127.0.0.1:49294 - R:localhost/127.0.0.1:57341]' for 'GET' to 'http://localhost:57341/session/8333535bcc7d790d02de7e85a1b362d0/element/021a545d-5399-4b29-a961-14109f65a92d/name'
18:18:05.051 [Forwarding getElementTagName on session 8333535bcc7d790d02de7e85a1b362d0 to remote] DEBUG org.asynchttpclient.netty.request.NettyRequestSender - Using open Channel [id: 0xb22a2aa6, L:/127.0.0.1:49294 - R:localhost/127.0.0.1:57341] for GET '/session/8333535bcc7d790d02de7e85a1b362d0/element/021a545d-5399-4b29-a961-14109f65a92d/name'
18:18:05.054 [AsyncHttpClient-1-6] DEBUG org.asynchttpclient.netty.handler.HttpHandler - 

Request DefaultFullHttpRequest(decodeResult: success, version: HTTP/1.1, content: EmptyByteBufBE)
GET /session/8333535bcc7d790d02de7e85a1b362d0/element/021a545d-5399-4b29-a961-14109f65a92d/name HTTP/1.1
User-Agent: selenium/4.1.2 (java windows)
Cache-Control: no-cache
Content-Type: application/json; charset=utf-8
host: localhost:57341
accept: */*

Response DefaultHttpResponse(decodeResult: success, version: HTTP/1.1)
HTTP/1.1 200 OK
Content-Type: application/json; charset=utf-8
cache-control: no-cache
content-length: 13

18:18:05.054 [AsyncHttpClient-1-6] DEBUG org.asynchttpclient.netty.channel.ChannelManager - Adding key: http://localhost:57341 for channel [id: 0xb22a2aa6, L:/127.0.0.1:49294 - R:localhost/127.0.0.1:57341]
18:18:05.057 [Forwarding getElementTagName on session 8333535bcc7d790d02de7e85a1b362d0 to remote] DEBUG org.asynchttpclient.netty.request.NettyRequestSender - Using pooled Channel '[id: 0xb22a2aa6, L:/127.0.0.1:49294 - R:localhost/127.0.0.1:57341]' for 'GET' to 'http://localhost:57341/session/8333535bcc7d790d02de7e85a1b362d0/element/021a545d-5399-4b29-a961-14109f65a92d/name'
18:18:05.057 [Forwarding getElementTagName on session 8333535bcc7d790d02de7e85a1b362d0 to remote] DEBUG org.asynchttpclient.netty.request.NettyRequestSender - Using open Channel [id: 0xb22a2aa6, L:/127.0.0.1:49294 - R:localhost/127.0.0.1:57341] for GET '/session/8333535bcc7d790d02de7e85a1b362d0/element/021a545d-5399-4b29-a961-14109f65a92d/name'
18:18:05.066 [AsyncHttpClient-1-6] DEBUG org.asynchttpclient.netty.handler.HttpHandler - 

Request DefaultFullHttpRequest(decodeResult: success, version: HTTP/1.1, content: EmptyByteBufBE)
GET /session/8333535bcc7d790d02de7e85a1b362d0/element/021a545d-5399-4b29-a961-14109f65a92d/name HTTP/1.1
User-Agent: selenium/4.1.2 (java windows)
Cache-Control: no-cache
Content-Type: application/json; charset=utf-8
host: localhost:57341
accept: */*

Response DefaultHttpResponse(decodeResult: success, version: HTTP/1.1)
HTTP/1.1 200 OK
Content-Type: application/json; charset=utf-8
cache-control: no-cache
content-length: 13

18:18:05.067 [AsyncHttpClient-1-6] DEBUG org.asynchttpclient.netty.channel.ChannelManager - Adding key: http://localhost:57341 for channel [id: 0xb22a2aa6, L:/127.0.0.1:49294 - R:localhost/127.0.0.1:57341]
18:18:05.068 [Forwarding findElement on session 8333535bcc7d790d02de7e85a1b362d0 to remote] DEBUG org.asynchttpclient.netty.request.NettyRequestSender - Using pooled Channel '[id: 0xb22a2aa6, L:/127.0.0.1:49294 - R:localhost/127.0.0.1:57341]' for 'POST' to 'http://localhost:57341/session/8333535bcc7d790d02de7e85a1b362d0/element'
18:18:05.068 [Forwarding findElement on session 8333535bcc7d790d02de7e85a1b362d0 to remote] DEBUG org.asynchttpclient.netty.request.NettyRequestSender - Using open Channel [id: 0xb22a2aa6, L:/127.0.0.1:49294 - R:localhost/127.0.0.1:57341] for POST '/session/8333535bcc7d790d02de7e85a1b362d0/element'
18:18:05.117 [AsyncHttpClient-1-6] DEBUG org.asynchttpclient.netty.handler.HttpHandler - 

Request DefaultHttpRequest(decodeResult: success, version: HTTP/1.1)
POST /session/8333535bcc7d790d02de7e85a1b362d0/element HTTP/1.1
User-Agent: selenium/4.1.2 (java windows)
Content-Length: 101
Content-Type: application/json; charset=utf-8
host: localhost:57341
accept: */*

Response DefaultHttpResponse(decodeResult: success, version: HTTP/1.1)
HTTP/1.1 200 OK
Content-Type: application/json; charset=utf-8
cache-control: no-cache
content-length: 88

18:18:05.118 [AsyncHttpClient-1-6] DEBUG org.asynchttpclient.netty.channel.ChannelManager - Adding key: http://localhost:57341 for channel [id: 0xb22a2aa6, L:/127.0.0.1:49294 - R:localhost/127.0.0.1:57341]
18:18:05.119 [Forwarding clickElement on session 8333535bcc7d790d02de7e85a1b362d0 to remote] DEBUG org.asynchttpclient.netty.request.NettyRequestSender - Using pooled Channel '[id: 0xb22a2aa6, L:/127.0.0.1:49294 - R:localhost/127.0.0.1:57341]' for 'POST' to 'http://localhost:57341/session/8333535bcc7d790d02de7e85a1b362d0/element/021a545d-5399-4b29-a961-14109f65a92d/click'
18:18:05.119 [Forwarding clickElement on session 8333535bcc7d790d02de7e85a1b362d0 to remote] DEBUG org.asynchttpclient.netty.request.NettyRequestSender - Using open Channel [id: 0xb22a2aa6, L:/127.0.0.1:49294 - R:localhost/127.0.0.1:57341] for POST '/session/8333535bcc7d790d02de7e85a1b362d0/element/021a545d-5399-4b29-a961-14109f65a92d/click'
18:18:05.183 [AsyncHttpClient-1-6] DEBUG org.asynchttpclient.netty.handler.HttpHandler - 

Request DefaultHttpRequest(decodeResult: success, version: HTTP/1.1)
POST /session/8333535bcc7d790d02de7e85a1b362d0/element/021a545d-5399-4b29-a961-14109f65a92d/click HTTP/1.1
User-Agent: selenium/4.1.2 (java windows)
Content-Length: 50
Content-Type: application/json; charset=utf-8
host: localhost:57341
accept: */*

Response DefaultHttpResponse(decodeResult: success, version: HTTP/1.1)
HTTP/1.1 200 OK
Content-Type: application/json; charset=utf-8
cache-control: no-cache
content-length: 14

18:18:05.183 [AsyncHttpClient-1-6] DEBUG org.asynchttpclient.netty.channel.ChannelManager - Adding key: http://localhost:57341 for channel [id: 0xb22a2aa6, L:/127.0.0.1:49294 - R:localhost/127.0.0.1:57341]
  &amp#27;[32mAnd &amp#27;[0m&amp#27;[32mI click trolley icon&amp#27;[0m                      &amp#27;[90m# starter.stepdefinitions.OrderStep.iClickTrolleyIcon()&amp#27;[0m
18:18:05.190 [Forwarding screenshot on session 8333535bcc7d790d02de7e85a1b362d0 to remote] DEBUG org.asynchttpclient.netty.request.NettyRequestSender - Using pooled Channel '[id: 0xb22a2aa6, L:/127.0.0.1:49294 - R:localhost/127.0.0.1:57341]' for 'GET' to 'http://localhost:57341/session/8333535bcc7d790d02de7e85a1b362d0/screenshot'
18:18:05.190 [Forwarding screenshot on session 8333535bcc7d790d02de7e85a1b362d0 to remote] DEBUG org.asynchttpclient.netty.request.NettyRequestSender - Using open Channel [id: 0xb22a2aa6, L:/127.0.0.1:49294 - R:localhost/127.0.0.1:57341] for GET '/session/8333535bcc7d790d02de7e85a1b362d0/screenshot'
18:18:05.493 [AsyncHttpClient-1-6] DEBUG org.asynchttpclient.netty.handler.HttpHandler - 

Request DefaultFullHttpRequest(decodeResult: success, version: HTTP/1.1, content: EmptyByteBufBE)
GET /session/8333535bcc7d790d02de7e85a1b362d0/screenshot HTTP/1.1
User-Agent: selenium/4.1.2 (java windows)
Cache-Control: no-cache
Content-Type: application/json; charset=utf-8
host: localhost:57341
accept: */*

Response DefaultHttpResponse(decodeResult: success, version: HTTP/1.1)
HTTP/1.1 200 OK
Content-Type: application/json; charset=utf-8
cache-control: no-cache
content-length: 40800

18:18:05.493 [AsyncHttpClient-1-6] DEBUG org.asynchttpclient.netty.channel.ChannelManager - Adding key: http://localhost:57341 for channel [id: 0xb22a2aa6, L:/127.0.0.1:49294 - R:localhost/127.0.0.1:57341]
18:18:05.494 [main] DEBUG net.serenitybdd.core.photography.Darkroom - Send negative for processing for target\site\serenity\cde0dd523aca61ff65f67256c722e0b61b7cab114c94a1f404e38bdc694927be.png
18:18:05.494 [Darkroom Processing Line] DEBUG net.serenitybdd.core.photography.DarkroomProcessingLine - Processing screenshot image in /var/screenshots/screenshot-278328415186487427
18:18:05.494 [Darkroom Processing Line] DEBUG net.serenitybdd.core.photography.DarkroomProcessingLine - Saving screenshot to target\site\serenity\cde0dd523aca61ff65f67256c722e0b61b7cab114c94a1f404e38bdc694927be.png
18:18:05.500 [Forwarding findElement on session 8333535bcc7d790d02de7e85a1b362d0 to remote] DEBUG org.asynchttpclient.netty.request.NettyRequestSender - Using pooled Channel '[id: 0xb22a2aa6, L:/127.0.0.1:49294 - R:localhost/127.0.0.1:57341]' for 'POST' to 'http://localhost:57341/session/8333535bcc7d790d02de7e85a1b362d0/element'
18:18:05.500 [Forwarding findElement on session 8333535bcc7d790d02de7e85a1b362d0 to remote] DEBUG org.asynchttpclient.netty.request.NettyRequestSender - Using open Channel [id: 0xb22a2aa6, L:/127.0.0.1:49294 - R:localhost/127.0.0.1:57341] for POST '/session/8333535bcc7d790d02de7e85a1b362d0/element'
18:18:05.509 [AsyncHttpClient-1-6] DEBUG org.asynchttpclient.netty.handler.HttpHandler - 

Request DefaultHttpRequest(decodeResult: success, version: HTTP/1.1)
POST /session/8333535bcc7d790d02de7e85a1b362d0/element HTTP/1.1
User-Agent: selenium/4.1.2 (java windows)
Content-Length: 66
Content-Type: application/json; charset=utf-8
host: localhost:57341
accept: */*

Response DefaultHttpResponse(decodeResult: success, version: HTTP/1.1)
HTTP/1.1 200 OK
Content-Type: application/json; charset=utf-8
cache-control: no-cache
content-length: 88

18:18:05.509 [AsyncHttpClient-1-6] DEBUG org.asynchttpclient.netty.channel.ChannelManager - Adding key: http://localhost:57341 for channel [id: 0xb22a2aa6, L:/127.0.0.1:49294 - R:localhost/127.0.0.1:57341]
18:18:05.511 [Forwarding isElementDisplayed on session 8333535bcc7d790d02de7e85a1b362d0 to remote] DEBUG org.asynchttpclient.netty.request.NettyRequestSender - Using pooled Channel '[id: 0xb22a2aa6, L:/127.0.0.1:49294 - R:localhost/127.0.0.1:57341]' for 'POST' to 'http://localhost:57341/session/8333535bcc7d790d02de7e85a1b362d0/execute/sync'
18:18:05.511 [Forwarding isElementDisplayed on session 8333535bcc7d790d02de7e85a1b362d0 to remote] DEBUG org.asynchttpclient.netty.request.NettyRequestSender - Using open Channel [id: 0xb22a2aa6, L:/127.0.0.1:49294 - R:localhost/127.0.0.1:57341] for POST '/session/8333535bcc7d790d02de7e85a1b362d0/execute/sync'
18:18:05.521 [AsyncHttpClient-1-6] DEBUG org.asynchttpclient.netty.handler.HttpHandler - 

Request DefaultHttpRequest(decodeResult: success, version: HTTP/1.1)
POST /session/8333535bcc7d790d02de7e85a1b362d0/execute/sync HTTP/1.1
User-Agent: selenium/4.1.2 (java windows)
Content-Length: 48780
Content-Type: application/json; charset=utf-8
host: localhost:57341
accept: */*

Response DefaultHttpResponse(decodeResult: success, version: HTTP/1.1)
HTTP/1.1 200 OK
Content-Type: application/json; charset=utf-8
cache-control: no-cache
content-length: 14

18:18:05.522 [AsyncHttpClient-1-6] DEBUG org.asynchttpclient.netty.channel.ChannelManager - Adding key: http://localhost:57341 for channel [id: 0xb22a2aa6, L:/127.0.0.1:49294 - R:localhost/127.0.0.1:57341]
  &amp#27;[32mThen &amp#27;[0m&amp#27;[32mTotal price can showed&amp#27;[0m                   &amp#27;[90m# starter.stepdefinitions.OrderStep.totalPriceCanShowed()&amp#27;[0m
18:18:05.527 [main] INFO  - 
  _____   ___   ___   _____     ___     _     ___   ___   ___   ___  
 |_   _| | __| / __| |_   _|   | _ \   /_\   / __| / __| | __| |   \ 
   | |   | _|  \__ \   | |     |  _/  / _ \  \__ \ \__ \ | _|  | |) |
   |_|   |___| |___/   |_|     |_|   /_/ \_\ |___/ |___/ |___| |___/ 

Showed total price paid for 1 product
----------------------------------------------------------------------
18:18:05.528 [AsyncHttpClient-1-8] DEBUG org.asynchttpclient.netty.handler.WebSocketHandler - Channel Closed: [id: 0x1f9beb1b, L:/127.0.0.1:49301 ! R:localhost/127.0.0.1:49295] with attribute NettyResponseFuture{currentRetry=5,
	isDone=1,
	isCancelled=0,
	asyncHandler=org.asynchttpclient.ws.WebSocketUpgradeHandler@69befd87,
	nettyRequest=org.asynchttpclient.netty.request.NettyRequest@b12ff76,
	future=java.util.concurrent.CompletableFuture@55f56af7[Completed normally],
	uri=ws://localhost:49295/devtools/browser/36dd515f-9aac-4d81-a044-987c4baab9ba,
	keepAlive=true,
	redirectCount=0,
	timeoutsHolder=null,
	inAuth=0,
	touch=1667560680261}
18:18:05.528 [AsyncHttpClient-1-8] DEBUG org.asynchttpclient.netty.channel.ChannelManager - Closing Channel [id: 0x1f9beb1b, L:/127.0.0.1:49301 ! R:localhost/127.0.0.1:49295] 
18:18:05.528 [Driver Command Executor] DEBUG org.asynchttpclient.netty.request.NettyRequestSender - Using pooled Channel '[id: 0xb22a2aa6, L:/127.0.0.1:49294 - R:localhost/127.0.0.1:57341]' for 'DELETE' to 'http://localhost:57341/session/8333535bcc7d790d02de7e85a1b362d0'
18:18:05.528 [Driver Command Executor] DEBUG org.asynchttpclient.netty.request.NettyRequestSender - Using open Channel [id: 0xb22a2aa6, L:/127.0.0.1:49294 - R:localhost/127.0.0.1:57341] for DELETE '/session/8333535bcc7d790d02de7e85a1b362d0'
18:18:05.602 [AsyncHttpClient-1-7] DEBUG org.asynchttpclient.netty.handler.HttpHandler - Unexpected I/O exception on channel [id: 0xe3e378e9, L:/127.0.0.1:49300 - R:localhost/127.0.0.1:49295]
java.io.IOException: An existing connection was forcibly closed by the remote host
	at java.base/sun.nio.ch.SocketDispatcher.read0(Native Method)
	at java.base/sun.nio.ch.SocketDispatcher.read(SocketDispatcher.java:43)
	at java.base/sun.nio.ch.IOUtil.readIntoNativeBuffer(IOUtil.java:276)
	at java.base/sun.nio.ch.IOUtil.read(IOUtil.java:233)
	at java.base/sun.nio.ch.IOUtil.read(IOUtil.java:223)
	at java.base/sun.nio.ch.SocketChannelImpl.read(SocketChannelImpl.java:358)
	at io.netty.buffer.PooledByteBuf.setBytes(PooledByteBuf.java:258)
	at io.netty.buffer.AbstractByteBuf.writeBytes(AbstractByteBuf.java:1132)
	at io.netty.channel.socket.nio.NioSocketChannel.doReadBytes(NioSocketChannel.java:350)
	at io.netty.channel.nio.AbstractNioByteChannel$NioByteUnsafe.read(AbstractNioByteChannel.java:151)
	at io.netty.channel.nio.NioEventLoop.processSelectedKey(NioEventLoop.java:722)
	at io.netty.channel.nio.NioEventLoop.processSelectedKeysOptimized(NioEventLoop.java:658)
	at io.netty.channel.nio.NioEventLoop.processSelectedKeys(NioEventLoop.java:584)
	at io.netty.channel.nio.NioEventLoop.run(NioEventLoop.java:496)
	at io.netty.util.concurrent.SingleThreadEventExecutor$4.run(SingleThreadEventExecutor.java:986)
	at io.netty.util.internal.ThreadExecutorMap$2.run(ThreadExecutorMap.java:74)
	at io.netty.util.concurrent.FastThreadLocalRunnable.run(FastThreadLocalRunnable.java:30)
	at java.base/java.lang.Thread.run(Thread.java:834)
18:18:05.602 [AsyncHttpClient-1-7] DEBUG org.asynchttpclient.netty.channel.ChannelManager - Closing Channel [id: 0xe3e378e9, L:/127.0.0.1:49300 - R:localhost/127.0.0.1:49295] 
18:18:05.602 [AsyncHttpClient-1-7] DEBUG org.asynchttpclient.netty.handler.HttpHandler - Channel Closed: [id: 0xe3e378e9, L:/127.0.0.1:49300 ! R:localhost/127.0.0.1:49295] with attribute DISCARD
18:18:05.628 [AsyncHttpClient-1-6] DEBUG org.asynchttpclient.netty.handler.HttpHandler - 

Request DefaultFullHttpRequest(decodeResult: success, version: HTTP/1.1, content: EmptyByteBufBE)
DELETE /session/8333535bcc7d790d02de7e85a1b362d0 HTTP/1.1
User-Agent: selenium/4.1.2 (java windows)
Content-Type: application/json; charset=utf-8
host: localhost:57341
accept: */*

Response DefaultHttpResponse(decodeResult: success, version: HTTP/1.1)
HTTP/1.1 200 OK
Content-Type: application/json; charset=utf-8
cache-control: no-cache
content-length: 14

18:18:05.629 [AsyncHttpClient-1-6] DEBUG org.asynchttpclient.netty.channel.ChannelManager - Adding key: http://localhost:57341 for channel [id: 0xb22a2aa6, L:/127.0.0.1:49294 - R:localhost/127.0.0.1:57341]
18:18:05.695 [AsyncHttpClient-1-6] DEBUG org.asynchttpclient.netty.handler.HttpHandler - Channel Closed: [id: 0xb22a2aa6, L:/127.0.0.1:49294 ! R:localhost/127.0.0.1:57341] with attribute DISCARD
]]></system-out>
    <system-err><![CDATA[Starting ChromeDriver 107.0.5304.62 (1eec40d3a5764881c92085aaee66d25075c159aa-refs/branch-heads/5304@{#942}) on port 57341
Only local connections are allowed.
Please see https://chromedriver.chromium.org/security-considerations for suggestions on keeping ChromeDriver safe.
ChromeDriver was started successfully.
Nov 04, 2022 6:18:00 PM org.openqa.selenium.remote.ProtocolHandshake createSession
INFO: Detected dialect: W3C
Nov 04, 2022 6:18:00 PM org.openqa.selenium.devtools.CdpVersionFinder findNearestMatch
WARNING: Unable to find an exact match for CDP version 107, so returning the closest version found: a no-op implementation
Nov 04, 2022 6:18:00 PM org.openqa.selenium.devtools.CdpVersionFinder findNearestMatch
INFO: Unable to find CDP implementation matching 107.
Nov 04, 2022 6:18:00 PM org.openqa.selenium.chromium.ChromiumDriver lambda$new$3
WARNING: Unable to find version of CDP to use for . You may need to include a dependency on a specific version of the CDP using something similar to `org.seleniumhq.selenium:selenium-devtools-v86:4.1.2` where the version ("v86") matches the version of the chromium-based browser you're using and the version number of the artifact is the same as Selenium's.
]]></system-err>
  </testcase>
  <testcase name="Showed total price paid for 2 product" classname="Order" time="6.783">
    <system-out><![CDATA[
@Order
Scenario: Showed total price paid for 2 product &amp#27;[90m# src/test/resources/features/order.feature:13&amp#27;[0m
18:18:05.761 [main] INFO io.cucumber.core.plugin.SerenityReporter - Running feature from file:///D:/Ra/file%20kuliah/semester%207/resume%20alta/Mini%20Project/Web/AltaShop/src/test/resources/features/order.feature
18:18:05.762 [main] INFO  - 
  _____   ___   ___   _____     ___   _____     _     ___   _____   ___   ___  
 |_   _| | __| / __| |_   _|   / __| |_   _|   /_\   | _ \ |_   _| | __| |   \ 
   | |   | _|  \__ \   | |     \__ \   | |    / _ \  |   /   | |   | _|  | |) |
   |_|   |___| |___/   |_|     |___/   |_|   /_/ \_\ |_|_\   |_|   |___| |___/ 

Showed total price paid for 2 product(order;showed-total-price-paid-for-2-product)
--------------------------------------------------------------------------------
18:18:05.772 [main] INFO net.serenitybdd.core.webdriver.driverproviders.ChromeDriverProvider - Using automatically driver download
18:18:05.795 [AsyncHttpClient-1-1] DEBUG org.asynchttpclient.netty.channel.DefaultChannelPool - Entry count for : http://localhost:49295 : 1
18:18:05.795 [AsyncHttpClient-1-1] DEBUG org.asynchttpclient.netty.channel.DefaultChannelPool - Entry count for : http://localhost:57341 : 1
18:18:05.795 [AsyncHttpClient-1-1] DEBUG org.asynchttpclient.netty.channel.DefaultChannelPool - Adding Candidate expired Channel [id: 0xe3e378e9, L:/127.0.0.1:49300 ! R:localhost/127.0.0.1:49295] isIdleTimeoutExpired=false isRemotelyClosed=true isTtlExpired=false
18:18:05.795 [AsyncHttpClient-1-1] DEBUG org.asynchttpclient.netty.channel.DefaultChannelPool - Closing Idle Channel [id: 0xe3e378e9, L:/127.0.0.1:49300 ! R:localhost/127.0.0.1:49295]
18:18:05.795 [AsyncHttpClient-1-1] DEBUG org.asynchttpclient.netty.channel.DefaultChannelPool - Adding Candidate expired Channel [id: 0xb22a2aa6, L:/127.0.0.1:49294 ! R:localhost/127.0.0.1:57341] isIdleTimeoutExpired=false isRemotelyClosed=true isTtlExpired=false
18:18:05.795 [AsyncHttpClient-1-1] DEBUG org.asynchttpclient.netty.channel.DefaultChannelPool - Closing Idle Channel [id: 0xb22a2aa6, L:/127.0.0.1:49294 ! R:localhost/127.0.0.1:57341]
18:18:05.795 [AsyncHttpClient-1-1] DEBUG org.asynchttpclient.netty.channel.DefaultChannelPool - Closed 2 connections out of 2 in 0 ms
18:18:05.879 [main] DEBUG io.github.bonigarcia.wdm.cache.ResolutionCache - Resolution chrome=107 in cache (valid until 18:54:29 04/11/2022 ICT)
18:18:05.881 [main] DEBUG io.github.bonigarcia.wdm.cache.ResolutionCache - Resolution chrome107=107.0.5304.62 in cache (valid until 17:54:29 05/11/2022 ICT)
18:18:05.883 [main] INFO io.github.bonigarcia.wdm.WebDriverManager - Using chromedriver 107.0.5304.62 (resolved driver for Chrome 107)
18:18:05.890 [main] DEBUG io.github.bonigarcia.wdm.WebDriverManager - Driver chromedriver 107.0.5304.62 found in cache
18:18:05.891 [main] INFO io.github.bonigarcia.wdm.WebDriverManager - Exporting webdriver.chrome.driver as C:\Users\rilaa\.cache\selenium\chromedriver\win32\107.0.5304.62\chromedriver.exe
18:18:05.973 [main] DEBUG net.serenitybdd.core.webdriver.driverproviders.ProvideNewDriver - Instantiating driver
18:18:05.973 [main] DEBUG net.serenitybdd.core.webdriver.driverproviders.ProvideNewDriver - Driver capabilities: Capabilities {acceptInsecureCerts: false, base.url: https://alta-shop.vercel.app, browserName: chrome, chrome.driver: src/test/resources/webdrive..., driver: chrome, goog:chromeOptions: {args: [], extensions: []}}
18:18:06.061 [AsyncHttpClient-1-9] DEBUG org.asynchttpclient.netty.channel.NettyConnectListener - Using new Channel '[id: 0x9d3604c1, L:/127.0.0.1:49319 - R:localhost/127.0.0.1:59113]' for 'POST' to '/session'
18:18:06.877 [AsyncHttpClient-1-9] DEBUG org.asynchttpclient.netty.handler.HttpHandler - 

Request DefaultHttpRequest(decodeResult: success, version: HTTP/1.1)
POST /session HTTP/1.1
User-Agent: selenium/4.1.2 (java windows)
Content-Length: 609
Content-Type: application/json; charset=utf-8
host: localhost:59113
accept: */*

Response DefaultHttpResponse(decodeResult: success, version: HTTP/1.1)
HTTP/1.1 200 OK
Content-Type: application/json; charset=utf-8
cache-control: no-cache
content-length: 789

18:18:06.877 [AsyncHttpClient-1-9] DEBUG org.asynchttpclient.netty.channel.ChannelManager - Adding key: http://localhost:59113 for channel [id: 0x9d3604c1, L:/127.0.0.1:49319 - R:localhost/127.0.0.1:59113]
18:18:06.884 [AsyncHttpClient-1-2] DEBUG org.asynchttpclient.netty.channel.NettyConnectListener - Using new Channel '[id: 0x892d8e3e, L:/127.0.0.1:49326 - R:localhost/127.0.0.1:49320]' for 'GET' to '/json/version'
18:18:06.884 [AsyncHttpClient-1-2] DEBUG org.asynchttpclient.netty.handler.HttpHandler - 

Request DefaultFullHttpRequest(decodeResult: success, version: HTTP/1.1, content: EmptyByteBufBE)
GET /json/version HTTP/1.1
User-Agent: selenium/4.1.2 (java windows)
host: localhost:49320
accept: */*

Response DefaultHttpResponse(decodeResult: success, version: HTTP/1.1)
HTTP/1.1 200 OK
Content-Type: application/json; charset=UTF-8
content-length: 423

18:18:06.884 [AsyncHttpClient-1-2] DEBUG org.asynchttpclient.netty.channel.ChannelManager - Adding key: http://localhost:49320 for channel [id: 0x892d8e3e, L:/127.0.0.1:49326 - R:localhost/127.0.0.1:49320]
18:18:06.888 [AsyncHttpClient-1-3] DEBUG org.asynchttpclient.netty.channel.NettyConnectListener - Using new Channel '[id: 0x896df5b8, L:/127.0.0.1:49327 - R:localhost/127.0.0.1:49320]' for 'GET' to '/devtools/browser/8c9a3eca-6969-4aca-86db-deb73c6d03d5'
18:18:06.892 [AsyncHttpClient-1-3] DEBUG org.asynchttpclient.netty.handler.WebSocketHandler - 

Request DefaultFullHttpRequest(decodeResult: success, version: HTTP/1.1, content: EmptyByteBufBE)
GET /devtools/browser/8c9a3eca-6969-4aca-86db-deb73c6d03d5 HTTP/1.1
upgrade: websocket
connection: upgrade
sec-websocket-key: tNaER/n+qDSkVcJMFTSjWA==
sec-websocket-version: 13
origin: http://localhost:49320
host: localhost:49320
accept: */*
user-agent: AHC/2.1

Response DefaultHttpResponse(decodeResult: success, version: HTTP/1.1)
HTTP/1.1 101 WebSocket Protocol Handshake
Upgrade: WebSocket
Connection: Upgrade
Sec-WebSocket-Accept: 0JA8ESH8zJCRFXDa9Mz+mtUzfKo=

18:18:06.896 [Forwarding get on session 7b08cf919cbba617faeca78d9fa16fa0 to remote] DEBUG org.asynchttpclient.netty.request.NettyRequestSender - Using pooled Channel '[id: 0x9d3604c1, L:/127.0.0.1:49319 - R:localhost/127.0.0.1:59113]' for 'POST' to 'http://localhost:59113/session/7b08cf919cbba617faeca78d9fa16fa0/url'
18:18:06.896 [Forwarding get on session 7b08cf919cbba617faeca78d9fa16fa0 to remote] DEBUG org.asynchttpclient.netty.request.NettyRequestSender - Using open Channel [id: 0x9d3604c1, L:/127.0.0.1:49319 - R:localhost/127.0.0.1:59113] for POST '/session/7b08cf919cbba617faeca78d9fa16fa0/url'
18:18:06.897 [AsyncHttpClient-1-1] DEBUG org.asynchttpclient.netty.channel.DefaultChannelPool - Entry count for : http://localhost:49320 : 1
18:18:07.736 [AsyncHttpClient-1-9] DEBUG org.asynchttpclient.netty.handler.HttpHandler - 

Request DefaultHttpRequest(decodeResult: success, version: HTTP/1.1)
POST /session/7b08cf919cbba617faeca78d9fa16fa0/url HTTP/1.1
User-Agent: selenium/4.1.2 (java windows)
Content-Length: 59
Content-Type: application/json; charset=utf-8
host: localhost:59113
accept: */*

Response DefaultHttpResponse(decodeResult: success, version: HTTP/1.1)
HTTP/1.1 200 OK
Content-Type: application/json; charset=utf-8
cache-control: no-cache
content-length: 14

18:18:07.736 [AsyncHttpClient-1-9] DEBUG org.asynchttpclient.netty.channel.ChannelManager - Adding key: http://localhost:59113 for channel [id: 0x9d3604c1, L:/127.0.0.1:49319 - R:localhost/127.0.0.1:59113]
18:18:07.738 [Forwarding setTimeout on session 7b08cf919cbba617faeca78d9fa16fa0 to remote] DEBUG org.asynchttpclient.netty.request.NettyRequestSender - Using pooled Channel '[id: 0x9d3604c1, L:/127.0.0.1:49319 - R:localhost/127.0.0.1:59113]' for 'POST' to 'http://localhost:59113/session/7b08cf919cbba617faeca78d9fa16fa0/timeouts'
18:18:07.738 [Forwarding setTimeout on session 7b08cf919cbba617faeca78d9fa16fa0 to remote] DEBUG org.asynchttpclient.netty.request.NettyRequestSender - Using open Channel [id: 0x9d3604c1, L:/127.0.0.1:49319 - R:localhost/127.0.0.1:59113] for POST '/session/7b08cf919cbba617faeca78d9fa16fa0/timeouts'
18:18:07.743 [AsyncHttpClient-1-9] DEBUG org.asynchttpclient.netty.handler.HttpHandler - 

Request DefaultHttpRequest(decodeResult: success, version: HTTP/1.1)
POST /session/7b08cf919cbba617faeca78d9fa16fa0/timeouts HTTP/1.1
User-Agent: selenium/4.1.2 (java windows)
Content-Length: 22
Content-Type: application/json; charset=utf-8
host: localhost:59113
accept: */*

Response DefaultHttpResponse(decodeResult: success, version: HTTP/1.1)
HTTP/1.1 200 OK
Content-Type: application/json; charset=utf-8
cache-control: no-cache
content-length: 14

18:18:07.744 [AsyncHttpClient-1-9] DEBUG org.asynchttpclient.netty.channel.ChannelManager - Adding key: http://localhost:59113 for channel [id: 0x9d3604c1, L:/127.0.0.1:49319 - R:localhost/127.0.0.1:59113]
18:18:07.746 [Forwarding getCurrentUrl on session 7b08cf919cbba617faeca78d9fa16fa0 to remote] DEBUG org.asynchttpclient.netty.request.NettyRequestSender - Using pooled Channel '[id: 0x9d3604c1, L:/127.0.0.1:49319 - R:localhost/127.0.0.1:59113]' for 'GET' to 'http://localhost:59113/session/7b08cf919cbba617faeca78d9fa16fa0/url'
18:18:07.746 [Forwarding getCurrentUrl on session 7b08cf919cbba617faeca78d9fa16fa0 to remote] DEBUG org.asynchttpclient.netty.request.NettyRequestSender - Using open Channel [id: 0x9d3604c1, L:/127.0.0.1:49319 - R:localhost/127.0.0.1:59113] for GET '/session/7b08cf919cbba617faeca78d9fa16fa0/url'
18:18:07.757 [AsyncHttpClient-1-9] DEBUG org.asynchttpclient.netty.handler.HttpHandler - 

Request DefaultFullHttpRequest(decodeResult: success, version: HTTP/1.1, content: EmptyByteBufBE)
GET /session/7b08cf919cbba617faeca78d9fa16fa0/url HTTP/1.1
User-Agent: selenium/4.1.2 (java windows)
Cache-Control: no-cache
Content-Type: application/json; charset=utf-8
host: localhost:59113
accept: */*

Response DefaultHttpResponse(decodeResult: success, version: HTTP/1.1)
HTTP/1.1 200 OK
Content-Type: application/json; charset=utf-8
cache-control: no-cache
content-length: 41

18:18:07.757 [AsyncHttpClient-1-9] DEBUG org.asynchttpclient.netty.channel.ChannelManager - Adding key: http://localhost:59113 for channel [id: 0x9d3604c1, L:/127.0.0.1:49319 - R:localhost/127.0.0.1:59113]
18:18:07.763 [Forwarding findElement on session 7b08cf919cbba617faeca78d9fa16fa0 to remote] DEBUG org.asynchttpclient.netty.request.NettyRequestSender - Using pooled Channel '[id: 0x9d3604c1, L:/127.0.0.1:49319 - R:localhost/127.0.0.1:59113]' for 'POST' to 'http://localhost:59113/session/7b08cf919cbba617faeca78d9fa16fa0/element'
18:18:07.763 [Forwarding findElement on session 7b08cf919cbba617faeca78d9fa16fa0 to remote] DEBUG org.asynchttpclient.netty.request.NettyRequestSender - Using open Channel [id: 0x9d3604c1, L:/127.0.0.1:49319 - R:localhost/127.0.0.1:59113] for POST '/session/7b08cf919cbba617faeca78d9fa16fa0/element'
18:18:07.797 [AsyncHttpClient-1-9] DEBUG org.asynchttpclient.netty.handler.HttpHandler - 

Request DefaultHttpRequest(decodeResult: success, version: HTTP/1.1)
POST /session/7b08cf919cbba617faeca78d9fa16fa0/element HTTP/1.1
User-Agent: selenium/4.1.2 (java windows)
Content-Length: 77
Content-Type: application/json; charset=utf-8
host: localhost:59113
accept: */*

Response DefaultHttpResponse(decodeResult: success, version: HTTP/1.1)
HTTP/1.1 200 OK
Content-Type: application/json; charset=utf-8
cache-control: no-cache
content-length: 88

18:18:07.797 [AsyncHttpClient-1-9] DEBUG org.asynchttpclient.netty.channel.ChannelManager - Adding key: http://localhost:59113 for channel [id: 0x9d3604c1, L:/127.0.0.1:49319 - R:localhost/127.0.0.1:59113]
18:18:07.802 [Forwarding isElementDisplayed on session 7b08cf919cbba617faeca78d9fa16fa0 to remote] DEBUG org.asynchttpclient.netty.request.NettyRequestSender - Using pooled Channel '[id: 0x9d3604c1, L:/127.0.0.1:49319 - R:localhost/127.0.0.1:59113]' for 'POST' to 'http://localhost:59113/session/7b08cf919cbba617faeca78d9fa16fa0/execute/sync'
18:18:07.802 [Forwarding isElementDisplayed on session 7b08cf919cbba617faeca78d9fa16fa0 to remote] DEBUG org.asynchttpclient.netty.request.NettyRequestSender - Using open Channel [id: 0x9d3604c1, L:/127.0.0.1:49319 - R:localhost/127.0.0.1:59113] for POST '/session/7b08cf919cbba617faeca78d9fa16fa0/execute/sync'
18:18:07.827 [AsyncHttpClient-1-9] DEBUG org.asynchttpclient.netty.handler.HttpHandler - 

Request DefaultHttpRequest(decodeResult: success, version: HTTP/1.1)
POST /session/7b08cf919cbba617faeca78d9fa16fa0/execute/sync HTTP/1.1
User-Agent: selenium/4.1.2 (java windows)
Content-Length: 48780
Content-Type: application/json; charset=utf-8
host: localhost:59113
accept: */*

Response DefaultHttpResponse(decodeResult: success, version: HTTP/1.1)
HTTP/1.1 200 OK
Content-Type: application/json; charset=utf-8
cache-control: no-cache
content-length: 14

18:18:07.827 [AsyncHttpClient-1-9] DEBUG org.asynchttpclient.netty.channel.ChannelManager - Adding key: http://localhost:59113 for channel [id: 0x9d3604c1, L:/127.0.0.1:49319 - R:localhost/127.0.0.1:59113]
  &amp#27;[32mGiven &amp#27;[0m&amp#27;[32mI am on the home page&amp#27;[0m                   &amp#27;[90m# starter.stepdefinitions.LoginStepDefinition.iAmOnTheHomePage()&amp#27;[0m
18:18:07.834 [Forwarding screenshot on session 7b08cf919cbba617faeca78d9fa16fa0 to remote] DEBUG org.asynchttpclient.netty.request.NettyRequestSender - Using pooled Channel '[id: 0x9d3604c1, L:/127.0.0.1:49319 - R:localhost/127.0.0.1:59113]' for 'GET' to 'http://localhost:59113/session/7b08cf919cbba617faeca78d9fa16fa0/screenshot'
18:18:07.834 [Forwarding screenshot on session 7b08cf919cbba617faeca78d9fa16fa0 to remote] DEBUG org.asynchttpclient.netty.request.NettyRequestSender - Using open Channel [id: 0x9d3604c1, L:/127.0.0.1:49319 - R:localhost/127.0.0.1:59113] for GET '/session/7b08cf919cbba617faeca78d9fa16fa0/screenshot'
18:18:07.993 [AsyncHttpClient-1-1] DEBUG org.asynchttpclient.netty.channel.DefaultChannelPool - Entry count for : http://localhost:49320 : 1
18:18:08.038 [AsyncHttpClient-1-9] DEBUG org.asynchttpclient.netty.handler.HttpHandler - 

Request DefaultFullHttpRequest(decodeResult: success, version: HTTP/1.1, content: EmptyByteBufBE)
GET /session/7b08cf919cbba617faeca78d9fa16fa0/screenshot HTTP/1.1
User-Agent: selenium/4.1.2 (java windows)
Cache-Control: no-cache
Content-Type: application/json; charset=utf-8
host: localhost:59113
accept: */*

Response DefaultHttpResponse(decodeResult: success, version: HTTP/1.1)
HTTP/1.1 200 OK
Content-Type: application/json; charset=utf-8
cache-control: no-cache
content-length: 36456

18:18:08.039 [AsyncHttpClient-1-9] DEBUG org.asynchttpclient.netty.channel.ChannelManager - Adding key: http://localhost:59113 for channel [id: 0x9d3604c1, L:/127.0.0.1:49319 - R:localhost/127.0.0.1:59113]
18:18:08.042 [main] DEBUG net.serenitybdd.core.photography.Darkroom - Send negative for processing for target\site\serenity\50976d4ea7f8ba248b6fc2195816ab6b9fa3bae13c3a7b0ba07136779dffc740.png
18:18:08.051 [Forwarding findElement on session 7b08cf919cbba617faeca78d9fa16fa0 to remote] DEBUG org.asynchttpclient.netty.request.NettyRequestSender - Using pooled Channel '[id: 0x9d3604c1, L:/127.0.0.1:49319 - R:localhost/127.0.0.1:59113]' for 'POST' to 'http://localhost:59113/session/7b08cf919cbba617faeca78d9fa16fa0/element'
18:18:08.051 [Forwarding findElement on session 7b08cf919cbba617faeca78d9fa16fa0 to remote] DEBUG org.asynchttpclient.netty.request.NettyRequestSender - Using open Channel [id: 0x9d3604c1, L:/127.0.0.1:49319 - R:localhost/127.0.0.1:59113] for POST '/session/7b08cf919cbba617faeca78d9fa16fa0/element'
18:18:09.095 [AsyncHttpClient-1-1] DEBUG org.asynchttpclient.netty.channel.DefaultChannelPool - Entry count for : http://localhost:49320 : 1
18:18:10.099 [AsyncHttpClient-1-9] DEBUG org.asynchttpclient.netty.handler.HttpHandler - 

Request DefaultHttpRequest(decodeResult: success, version: HTTP/1.1)
POST /session/7b08cf919cbba617faeca78d9fa16fa0/element HTTP/1.1
User-Agent: selenium/4.1.2 (java windows)
Content-Length: 117
Content-Type: application/json; charset=utf-8
host: localhost:59113
accept: */*

Response DefaultHttpResponse(decodeResult: success, version: HTTP/1.1)
HTTP/1.1 404 Not Found
Content-Type: application/json; charset=utf-8
cache-control: no-cache
content-length: 1040

18:18:10.100 [AsyncHttpClient-1-9] DEBUG org.asynchttpclient.netty.channel.ChannelManager - Adding key: http://localhost:59113 for channel [id: 0x9d3604c1, L:/127.0.0.1:49319 - R:localhost/127.0.0.1:59113]
18:18:10.187 [AsyncHttpClient-1-1] DEBUG org.asynchttpclient.netty.channel.DefaultChannelPool - Entry count for : http://localhost:59113 : 1
18:18:10.187 [AsyncHttpClient-1-1] DEBUG org.asynchttpclient.netty.channel.DefaultChannelPool - Entry count for : http://localhost:49320 : 1
18:18:10.202 [Forwarding findElement on session 7b08cf919cbba617faeca78d9fa16fa0 to remote] DEBUG org.asynchttpclient.netty.request.NettyRequestSender - Using pooled Channel '[id: 0x9d3604c1, L:/127.0.0.1:49319 - R:localhost/127.0.0.1:59113]' for 'POST' to 'http://localhost:59113/session/7b08cf919cbba617faeca78d9fa16fa0/element'
18:18:10.202 [Forwarding findElement on session 7b08cf919cbba617faeca78d9fa16fa0 to remote] DEBUG org.asynchttpclient.netty.request.NettyRequestSender - Using open Channel [id: 0x9d3604c1, L:/127.0.0.1:49319 - R:localhost/127.0.0.1:59113] for POST '/session/7b08cf919cbba617faeca78d9fa16fa0/element'
18:18:11.289 [AsyncHttpClient-1-1] DEBUG org.asynchttpclient.netty.channel.DefaultChannelPool - Entry count for : http://localhost:49320 : 1
18:18:11.378 [AsyncHttpClient-1-9] DEBUG org.asynchttpclient.netty.handler.HttpHandler - 

Request DefaultHttpRequest(decodeResult: success, version: HTTP/1.1)
POST /session/7b08cf919cbba617faeca78d9fa16fa0/element HTTP/1.1
User-Agent: selenium/4.1.2 (java windows)
Content-Length: 117
Content-Type: application/json; charset=utf-8
host: localhost:59113
accept: */*

Response DefaultHttpResponse(decodeResult: success, version: HTTP/1.1)
HTTP/1.1 200 OK
Content-Type: application/json; charset=utf-8
cache-control: no-cache
content-length: 88

18:18:11.378 [AsyncHttpClient-1-9] DEBUG org.asynchttpclient.netty.channel.ChannelManager - Adding key: http://localhost:59113 for channel [id: 0x9d3604c1, L:/127.0.0.1:49319 - R:localhost/127.0.0.1:59113]
18:18:11.379 [Forwarding getElementTagName on session 7b08cf919cbba617faeca78d9fa16fa0 to remote] DEBUG org.asynchttpclient.netty.request.NettyRequestSender - Using pooled Channel '[id: 0x9d3604c1, L:/127.0.0.1:49319 - R:localhost/127.0.0.1:59113]' for 'GET' to 'http://localhost:59113/session/7b08cf919cbba617faeca78d9fa16fa0/element/0d204603-8b7a-4ccf-b316-167920b69b14/name'
18:18:11.379 [Forwarding getElementTagName on session 7b08cf919cbba617faeca78d9fa16fa0 to remote] DEBUG org.asynchttpclient.netty.request.NettyRequestSender - Using open Channel [id: 0x9d3604c1, L:/127.0.0.1:49319 - R:localhost/127.0.0.1:59113] for GET '/session/7b08cf919cbba617faeca78d9fa16fa0/element/0d204603-8b7a-4ccf-b316-167920b69b14/name'
18:18:11.384 [AsyncHttpClient-1-9] DEBUG org.asynchttpclient.netty.handler.HttpHandler - 

Request DefaultFullHttpRequest(decodeResult: success, version: HTTP/1.1, content: EmptyByteBufBE)
GET /session/7b08cf919cbba617faeca78d9fa16fa0/element/0d204603-8b7a-4ccf-b316-167920b69b14/name HTTP/1.1
User-Agent: selenium/4.1.2 (java windows)
Cache-Control: no-cache
Content-Type: application/json; charset=utf-8
host: localhost:59113
accept: */*

Response DefaultHttpResponse(decodeResult: success, version: HTTP/1.1)
HTTP/1.1 200 OK
Content-Type: application/json; charset=utf-8
cache-control: no-cache
content-length: 16

18:18:11.384 [AsyncHttpClient-1-9] DEBUG org.asynchttpclient.netty.channel.ChannelManager - Adding key: http://localhost:59113 for channel [id: 0x9d3604c1, L:/127.0.0.1:49319 - R:localhost/127.0.0.1:59113]
18:18:11.385 [Forwarding getElementTagName on session 7b08cf919cbba617faeca78d9fa16fa0 to remote] DEBUG org.asynchttpclient.netty.request.NettyRequestSender - Using pooled Channel '[id: 0x9d3604c1, L:/127.0.0.1:49319 - R:localhost/127.0.0.1:59113]' for 'GET' to 'http://localhost:59113/session/7b08cf919cbba617faeca78d9fa16fa0/element/0d204603-8b7a-4ccf-b316-167920b69b14/name'
18:18:11.385 [Forwarding getElementTagName on session 7b08cf919cbba617faeca78d9fa16fa0 to remote] DEBUG org.asynchttpclient.netty.request.NettyRequestSender - Using open Channel [id: 0x9d3604c1, L:/127.0.0.1:49319 - R:localhost/127.0.0.1:59113] for GET '/session/7b08cf919cbba617faeca78d9fa16fa0/element/0d204603-8b7a-4ccf-b316-167920b69b14/name'
18:18:11.388 [AsyncHttpClient-1-9] DEBUG org.asynchttpclient.netty.handler.HttpHandler - 

Request DefaultFullHttpRequest(decodeResult: success, version: HTTP/1.1, content: EmptyByteBufBE)
GET /session/7b08cf919cbba617faeca78d9fa16fa0/element/0d204603-8b7a-4ccf-b316-167920b69b14/name HTTP/1.1
User-Agent: selenium/4.1.2 (java windows)
Cache-Control: no-cache
Content-Type: application/json; charset=utf-8
host: localhost:59113
accept: */*

Response DefaultHttpResponse(decodeResult: success, version: HTTP/1.1)
HTTP/1.1 200 OK
Content-Type: application/json; charset=utf-8
cache-control: no-cache
content-length: 16

18:18:11.388 [AsyncHttpClient-1-9] DEBUG org.asynchttpclient.netty.channel.ChannelManager - Adding key: http://localhost:59113 for channel [id: 0x9d3604c1, L:/127.0.0.1:49319 - R:localhost/127.0.0.1:59113]
18:18:11.389 [Forwarding findElement on session 7b08cf919cbba617faeca78d9fa16fa0 to remote] DEBUG org.asynchttpclient.netty.request.NettyRequestSender - Using pooled Channel '[id: 0x9d3604c1, L:/127.0.0.1:49319 - R:localhost/127.0.0.1:59113]' for 'POST' to 'http://localhost:59113/session/7b08cf919cbba617faeca78d9fa16fa0/element'
18:18:11.389 [Forwarding findElement on session 7b08cf919cbba617faeca78d9fa16fa0 to remote] DEBUG org.asynchttpclient.netty.request.NettyRequestSender - Using open Channel [id: 0x9d3604c1, L:/127.0.0.1:49319 - R:localhost/127.0.0.1:59113] for POST '/session/7b08cf919cbba617faeca78d9fa16fa0/element'
18:18:11.408 [AsyncHttpClient-1-9] DEBUG org.asynchttpclient.netty.handler.HttpHandler - 

Request DefaultHttpRequest(decodeResult: success, version: HTTP/1.1)
POST /session/7b08cf919cbba617faeca78d9fa16fa0/element HTTP/1.1
User-Agent: selenium/4.1.2 (java windows)
Content-Length: 117
Content-Type: application/json; charset=utf-8
host: localhost:59113
accept: */*

Response DefaultHttpResponse(decodeResult: success, version: HTTP/1.1)
HTTP/1.1 200 OK
Content-Type: application/json; charset=utf-8
cache-control: no-cache
content-length: 88

18:18:11.408 [AsyncHttpClient-1-9] DEBUG org.asynchttpclient.netty.channel.ChannelManager - Adding key: http://localhost:59113 for channel [id: 0x9d3604c1, L:/127.0.0.1:49319 - R:localhost/127.0.0.1:59113]
18:18:11.409 [Forwarding clickElement on session 7b08cf919cbba617faeca78d9fa16fa0 to remote] DEBUG org.asynchttpclient.netty.request.NettyRequestSender - Using pooled Channel '[id: 0x9d3604c1, L:/127.0.0.1:49319 - R:localhost/127.0.0.1:59113]' for 'POST' to 'http://localhost:59113/session/7b08cf919cbba617faeca78d9fa16fa0/element/0d204603-8b7a-4ccf-b316-167920b69b14/click'
18:18:11.409 [Forwarding clickElement on session 7b08cf919cbba617faeca78d9fa16fa0 to remote] DEBUG org.asynchttpclient.netty.request.NettyRequestSender - Using open Channel [id: 0x9d3604c1, L:/127.0.0.1:49319 - R:localhost/127.0.0.1:59113] for POST '/session/7b08cf919cbba617faeca78d9fa16fa0/element/0d204603-8b7a-4ccf-b316-167920b69b14/click'
18:18:11.464 [AsyncHttpClient-1-9] DEBUG org.asynchttpclient.netty.handler.HttpHandler - 

Request DefaultHttpRequest(decodeResult: success, version: HTTP/1.1)
POST /session/7b08cf919cbba617faeca78d9fa16fa0/element/0d204603-8b7a-4ccf-b316-167920b69b14/click HTTP/1.1
User-Agent: selenium/4.1.2 (java windows)
Content-Length: 50
Content-Type: application/json; charset=utf-8
host: localhost:59113
accept: */*

Response DefaultHttpResponse(decodeResult: success, version: HTTP/1.1)
HTTP/1.1 200 OK
Content-Type: application/json; charset=utf-8
cache-control: no-cache
content-length: 14

18:18:11.464 [AsyncHttpClient-1-9] DEBUG org.asynchttpclient.netty.channel.ChannelManager - Adding key: http://localhost:59113 for channel [id: 0x9d3604c1, L:/127.0.0.1:49319 - R:localhost/127.0.0.1:59113]
18:18:11.466 [Forwarding findElement on session 7b08cf919cbba617faeca78d9fa16fa0 to remote] DEBUG org.asynchttpclient.netty.request.NettyRequestSender - Using pooled Channel '[id: 0x9d3604c1, L:/127.0.0.1:49319 - R:localhost/127.0.0.1:59113]' for 'POST' to 'http://localhost:59113/session/7b08cf919cbba617faeca78d9fa16fa0/element'
18:18:11.466 [Forwarding findElement on session 7b08cf919cbba617faeca78d9fa16fa0 to remote] DEBUG org.asynchttpclient.netty.request.NettyRequestSender - Using open Channel [id: 0x9d3604c1, L:/127.0.0.1:49319 - R:localhost/127.0.0.1:59113] for POST '/session/7b08cf919cbba617faeca78d9fa16fa0/element'
18:18:11.488 [AsyncHttpClient-1-9] DEBUG org.asynchttpclient.netty.handler.HttpHandler - 

Request DefaultHttpRequest(decodeResult: success, version: HTTP/1.1)
POST /session/7b08cf919cbba617faeca78d9fa16fa0/element HTTP/1.1
User-Agent: selenium/4.1.2 (java windows)
Content-Length: 117
Content-Type: application/json; charset=utf-8
host: localhost:59113
accept: */*

Response DefaultHttpResponse(decodeResult: success, version: HTTP/1.1)
HTTP/1.1 200 OK
Content-Type: application/json; charset=utf-8
cache-control: no-cache
content-length: 88

18:18:11.488 [AsyncHttpClient-1-9] DEBUG org.asynchttpclient.netty.channel.ChannelManager - Adding key: http://localhost:59113 for channel [id: 0x9d3604c1, L:/127.0.0.1:49319 - R:localhost/127.0.0.1:59113]
18:18:11.490 [Forwarding getElementTagName on session 7b08cf919cbba617faeca78d9fa16fa0 to remote] DEBUG org.asynchttpclient.netty.request.NettyRequestSender - Using pooled Channel '[id: 0x9d3604c1, L:/127.0.0.1:49319 - R:localhost/127.0.0.1:59113]' for 'GET' to 'http://localhost:59113/session/7b08cf919cbba617faeca78d9fa16fa0/element/0d204603-8b7a-4ccf-b316-167920b69b14/name'
18:18:11.490 [Forwarding getElementTagName on session 7b08cf919cbba617faeca78d9fa16fa0 to remote] DEBUG org.asynchttpclient.netty.request.NettyRequestSender - Using open Channel [id: 0x9d3604c1, L:/127.0.0.1:49319 - R:localhost/127.0.0.1:59113] for GET '/session/7b08cf919cbba617faeca78d9fa16fa0/element/0d204603-8b7a-4ccf-b316-167920b69b14/name'
18:18:11.493 [AsyncHttpClient-1-9] DEBUG org.asynchttpclient.netty.handler.HttpHandler - 

Request DefaultFullHttpRequest(decodeResult: success, version: HTTP/1.1, content: EmptyByteBufBE)
GET /session/7b08cf919cbba617faeca78d9fa16fa0/element/0d204603-8b7a-4ccf-b316-167920b69b14/name HTTP/1.1
User-Agent: selenium/4.1.2 (java windows)
Cache-Control: no-cache
Content-Type: application/json; charset=utf-8
host: localhost:59113
accept: */*

Response DefaultHttpResponse(decodeResult: success, version: HTTP/1.1)
HTTP/1.1 200 OK
Content-Type: application/json; charset=utf-8
cache-control: no-cache
content-length: 16

18:18:11.493 [AsyncHttpClient-1-9] DEBUG org.asynchttpclient.netty.channel.ChannelManager - Adding key: http://localhost:59113 for channel [id: 0x9d3604c1, L:/127.0.0.1:49319 - R:localhost/127.0.0.1:59113]
18:18:11.494 [Forwarding getElementTagName on session 7b08cf919cbba617faeca78d9fa16fa0 to remote] DEBUG org.asynchttpclient.netty.request.NettyRequestSender - Using pooled Channel '[id: 0x9d3604c1, L:/127.0.0.1:49319 - R:localhost/127.0.0.1:59113]' for 'GET' to 'http://localhost:59113/session/7b08cf919cbba617faeca78d9fa16fa0/element/0d204603-8b7a-4ccf-b316-167920b69b14/name'
18:18:11.494 [Forwarding getElementTagName on session 7b08cf919cbba617faeca78d9fa16fa0 to remote] DEBUG org.asynchttpclient.netty.request.NettyRequestSender - Using open Channel [id: 0x9d3604c1, L:/127.0.0.1:49319 - R:localhost/127.0.0.1:59113] for GET '/session/7b08cf919cbba617faeca78d9fa16fa0/element/0d204603-8b7a-4ccf-b316-167920b69b14/name'
18:18:11.497 [AsyncHttpClient-1-9] DEBUG org.asynchttpclient.netty.handler.HttpHandler - 

Request DefaultFullHttpRequest(decodeResult: success, version: HTTP/1.1, content: EmptyByteBufBE)
GET /session/7b08cf919cbba617faeca78d9fa16fa0/element/0d204603-8b7a-4ccf-b316-167920b69b14/name HTTP/1.1
User-Agent: selenium/4.1.2 (java windows)
Cache-Control: no-cache
Content-Type: application/json; charset=utf-8
host: localhost:59113
accept: */*

Response DefaultHttpResponse(decodeResult: success, version: HTTP/1.1)
HTTP/1.1 200 OK
Content-Type: application/json; charset=utf-8
cache-control: no-cache
content-length: 16

18:18:11.499 [AsyncHttpClient-1-9] DEBUG org.asynchttpclient.netty.channel.ChannelManager - Adding key: http://localhost:59113 for channel [id: 0x9d3604c1, L:/127.0.0.1:49319 - R:localhost/127.0.0.1:59113]
18:18:11.499 [Forwarding findElement on session 7b08cf919cbba617faeca78d9fa16fa0 to remote] DEBUG org.asynchttpclient.netty.request.NettyRequestSender - Using pooled Channel '[id: 0x9d3604c1, L:/127.0.0.1:49319 - R:localhost/127.0.0.1:59113]' for 'POST' to 'http://localhost:59113/session/7b08cf919cbba617faeca78d9fa16fa0/element'
18:18:11.499 [Forwarding findElement on session 7b08cf919cbba617faeca78d9fa16fa0 to remote] DEBUG org.asynchttpclient.netty.request.NettyRequestSender - Using open Channel [id: 0x9d3604c1, L:/127.0.0.1:49319 - R:localhost/127.0.0.1:59113] for POST '/session/7b08cf919cbba617faeca78d9fa16fa0/element'
18:18:11.559 [AsyncHttpClient-1-9] DEBUG org.asynchttpclient.netty.handler.HttpHandler - 

Request DefaultHttpRequest(decodeResult: success, version: HTTP/1.1)
POST /session/7b08cf919cbba617faeca78d9fa16fa0/element HTTP/1.1
User-Agent: selenium/4.1.2 (java windows)
Content-Length: 117
Content-Type: application/json; charset=utf-8
host: localhost:59113
accept: */*

Response DefaultHttpResponse(decodeResult: success, version: HTTP/1.1)
HTTP/1.1 200 OK
Content-Type: application/json; charset=utf-8
cache-control: no-cache
content-length: 88

18:18:11.559 [AsyncHttpClient-1-9] DEBUG org.asynchttpclient.netty.channel.ChannelManager - Adding key: http://localhost:59113 for channel [id: 0x9d3604c1, L:/127.0.0.1:49319 - R:localhost/127.0.0.1:59113]
18:18:11.560 [Forwarding clickElement on session 7b08cf919cbba617faeca78d9fa16fa0 to remote] DEBUG org.asynchttpclient.netty.request.NettyRequestSender - Using pooled Channel '[id: 0x9d3604c1, L:/127.0.0.1:49319 - R:localhost/127.0.0.1:59113]' for 'POST' to 'http://localhost:59113/session/7b08cf919cbba617faeca78d9fa16fa0/element/0d204603-8b7a-4ccf-b316-167920b69b14/click'
18:18:11.560 [Forwarding clickElement on session 7b08cf919cbba617faeca78d9fa16fa0 to remote] DEBUG org.asynchttpclient.netty.request.NettyRequestSender - Using open Channel [id: 0x9d3604c1, L:/127.0.0.1:49319 - R:localhost/127.0.0.1:59113] for POST '/session/7b08cf919cbba617faeca78d9fa16fa0/element/0d204603-8b7a-4ccf-b316-167920b69b14/click'
18:18:11.621 [AsyncHttpClient-1-9] DEBUG org.asynchttpclient.netty.handler.HttpHandler - 

Request DefaultHttpRequest(decodeResult: success, version: HTTP/1.1)
POST /session/7b08cf919cbba617faeca78d9fa16fa0/element/0d204603-8b7a-4ccf-b316-167920b69b14/click HTTP/1.1
User-Agent: selenium/4.1.2 (java windows)
Content-Length: 50
Content-Type: application/json; charset=utf-8
host: localhost:59113
accept: */*

Response DefaultHttpResponse(decodeResult: success, version: HTTP/1.1)
HTTP/1.1 200 OK
Content-Type: application/json; charset=utf-8
cache-control: no-cache
content-length: 14

18:18:11.621 [AsyncHttpClient-1-9] DEBUG org.asynchttpclient.netty.channel.ChannelManager - Adding key: http://localhost:59113 for channel [id: 0x9d3604c1, L:/127.0.0.1:49319 - R:localhost/127.0.0.1:59113]
  &amp#27;[32mWhen &amp#27;[0m&amp#27;[32mI click buy button to two product&amp#27;[0m        &amp#27;[90m# starter.stepdefinitions.OrderStep.iClickBuyButtonToTwoProduct()&amp#27;[0m
18:18:11.631 [Forwarding screenshot on session 7b08cf919cbba617faeca78d9fa16fa0 to remote] DEBUG org.asynchttpclient.netty.request.NettyRequestSender - Using pooled Channel '[id: 0x9d3604c1, L:/127.0.0.1:49319 - R:localhost/127.0.0.1:59113]' for 'GET' to 'http://localhost:59113/session/7b08cf919cbba617faeca78d9fa16fa0/screenshot'
18:18:11.631 [Forwarding screenshot on session 7b08cf919cbba617faeca78d9fa16fa0 to remote] DEBUG org.asynchttpclient.netty.request.NettyRequestSender - Using open Channel [id: 0x9d3604c1, L:/127.0.0.1:49319 - R:localhost/127.0.0.1:59113] for GET '/session/7b08cf919cbba617faeca78d9fa16fa0/screenshot'
18:18:11.801 [AsyncHttpClient-1-9] DEBUG org.asynchttpclient.netty.handler.HttpHandler - 

Request DefaultFullHttpRequest(decodeResult: success, version: HTTP/1.1, content: EmptyByteBufBE)
GET /session/7b08cf919cbba617faeca78d9fa16fa0/screenshot HTTP/1.1
User-Agent: selenium/4.1.2 (java windows)
Cache-Control: no-cache
Content-Type: application/json; charset=utf-8
host: localhost:59113
accept: */*

Response DefaultHttpResponse(decodeResult: success, version: HTTP/1.1)
HTTP/1.1 200 OK
Content-Type: application/json; charset=utf-8
cache-control: no-cache
content-length: 78656

18:18:11.802 [AsyncHttpClient-1-9] DEBUG org.asynchttpclient.netty.channel.ChannelManager - Adding key: http://localhost:59113 for channel [id: 0x9d3604c1, L:/127.0.0.1:49319 - R:localhost/127.0.0.1:59113]
18:18:11.803 [main] DEBUG net.serenitybdd.core.photography.Darkroom - Send negative for processing for target\site\serenity\7a59d7b700fdaaf5194feedf636e44144d622ea45b569fb9d2a308cb707a9238.png
18:18:11.804 [Darkroom Processing Line] DEBUG net.serenitybdd.core.photography.DarkroomProcessingLine - Processing screenshot image in /var/screenshots/screenshot-8307699351897490700
18:18:11.804 [Darkroom Processing Line] DEBUG net.serenitybdd.core.photography.DarkroomProcessingLine - Saving screenshot to target\site\serenity\7a59d7b700fdaaf5194feedf636e44144d622ea45b569fb9d2a308cb707a9238.png
18:18:11.812 [Forwarding findElement on session 7b08cf919cbba617faeca78d9fa16fa0 to remote] DEBUG org.asynchttpclient.netty.request.NettyRequestSender - Using pooled Channel '[id: 0x9d3604c1, L:/127.0.0.1:49319 - R:localhost/127.0.0.1:59113]' for 'POST' to 'http://localhost:59113/session/7b08cf919cbba617faeca78d9fa16fa0/element'
18:18:11.812 [Forwarding findElement on session 7b08cf919cbba617faeca78d9fa16fa0 to remote] DEBUG org.asynchttpclient.netty.request.NettyRequestSender - Using open Channel [id: 0x9d3604c1, L:/127.0.0.1:49319 - R:localhost/127.0.0.1:59113] for POST '/session/7b08cf919cbba617faeca78d9fa16fa0/element'
18:18:11.821 [AsyncHttpClient-1-9] DEBUG org.asynchttpclient.netty.handler.HttpHandler - 

Request DefaultHttpRequest(decodeResult: success, version: HTTP/1.1)
POST /session/7b08cf919cbba617faeca78d9fa16fa0/element HTTP/1.1
User-Agent: selenium/4.1.2 (java windows)
Content-Length: 101
Content-Type: application/json; charset=utf-8
host: localhost:59113
accept: */*

Response DefaultHttpResponse(decodeResult: success, version: HTTP/1.1)
HTTP/1.1 200 OK
Content-Type: application/json; charset=utf-8
cache-control: no-cache
content-length: 88

18:18:11.822 [AsyncHttpClient-1-9] DEBUG org.asynchttpclient.netty.channel.ChannelManager - Adding key: http://localhost:59113 for channel [id: 0x9d3604c1, L:/127.0.0.1:49319 - R:localhost/127.0.0.1:59113]
18:18:11.823 [Forwarding getElementTagName on session 7b08cf919cbba617faeca78d9fa16fa0 to remote] DEBUG org.asynchttpclient.netty.request.NettyRequestSender - Using pooled Channel '[id: 0x9d3604c1, L:/127.0.0.1:49319 - R:localhost/127.0.0.1:59113]' for 'GET' to 'http://localhost:59113/session/7b08cf919cbba617faeca78d9fa16fa0/element/38e13b9c-95fc-4019-a198-f2b7abb2d136/name'
18:18:11.823 [Forwarding getElementTagName on session 7b08cf919cbba617faeca78d9fa16fa0 to remote] DEBUG org.asynchttpclient.netty.request.NettyRequestSender - Using open Channel [id: 0x9d3604c1, L:/127.0.0.1:49319 - R:localhost/127.0.0.1:59113] for GET '/session/7b08cf919cbba617faeca78d9fa16fa0/element/38e13b9c-95fc-4019-a198-f2b7abb2d136/name'
18:18:11.831 [AsyncHttpClient-1-9] DEBUG org.asynchttpclient.netty.handler.HttpHandler - 

Request DefaultFullHttpRequest(decodeResult: success, version: HTTP/1.1, content: EmptyByteBufBE)
GET /session/7b08cf919cbba617faeca78d9fa16fa0/element/38e13b9c-95fc-4019-a198-f2b7abb2d136/name HTTP/1.1
User-Agent: selenium/4.1.2 (java windows)
Cache-Control: no-cache
Content-Type: application/json; charset=utf-8
host: localhost:59113
accept: */*

Response DefaultHttpResponse(decodeResult: success, version: HTTP/1.1)
HTTP/1.1 200 OK
Content-Type: application/json; charset=utf-8
cache-control: no-cache
content-length: 13

18:18:11.831 [AsyncHttpClient-1-9] DEBUG org.asynchttpclient.netty.channel.ChannelManager - Adding key: http://localhost:59113 for channel [id: 0x9d3604c1, L:/127.0.0.1:49319 - R:localhost/127.0.0.1:59113]
18:18:11.832 [Forwarding getElementTagName on session 7b08cf919cbba617faeca78d9fa16fa0 to remote] DEBUG org.asynchttpclient.netty.request.NettyRequestSender - Using pooled Channel '[id: 0x9d3604c1, L:/127.0.0.1:49319 - R:localhost/127.0.0.1:59113]' for 'GET' to 'http://localhost:59113/session/7b08cf919cbba617faeca78d9fa16fa0/element/38e13b9c-95fc-4019-a198-f2b7abb2d136/name'
18:18:11.832 [Forwarding getElementTagName on session 7b08cf919cbba617faeca78d9fa16fa0 to remote] DEBUG org.asynchttpclient.netty.request.NettyRequestSender - Using open Channel [id: 0x9d3604c1, L:/127.0.0.1:49319 - R:localhost/127.0.0.1:59113] for GET '/session/7b08cf919cbba617faeca78d9fa16fa0/element/38e13b9c-95fc-4019-a198-f2b7abb2d136/name'
18:18:11.834 [AsyncHttpClient-1-9] DEBUG org.asynchttpclient.netty.handler.HttpHandler - 

Request DefaultFullHttpRequest(decodeResult: success, version: HTTP/1.1, content: EmptyByteBufBE)
GET /session/7b08cf919cbba617faeca78d9fa16fa0/element/38e13b9c-95fc-4019-a198-f2b7abb2d136/name HTTP/1.1
User-Agent: selenium/4.1.2 (java windows)
Cache-Control: no-cache
Content-Type: application/json; charset=utf-8
host: localhost:59113
accept: */*

Response DefaultHttpResponse(decodeResult: success, version: HTTP/1.1)
HTTP/1.1 200 OK
Content-Type: application/json; charset=utf-8
cache-control: no-cache
content-length: 13

18:18:11.834 [AsyncHttpClient-1-9] DEBUG org.asynchttpclient.netty.channel.ChannelManager - Adding key: http://localhost:59113 for channel [id: 0x9d3604c1, L:/127.0.0.1:49319 - R:localhost/127.0.0.1:59113]
18:18:11.835 [Forwarding findElement on session 7b08cf919cbba617faeca78d9fa16fa0 to remote] DEBUG org.asynchttpclient.netty.request.NettyRequestSender - Using pooled Channel '[id: 0x9d3604c1, L:/127.0.0.1:49319 - R:localhost/127.0.0.1:59113]' for 'POST' to 'http://localhost:59113/session/7b08cf919cbba617faeca78d9fa16fa0/element'
18:18:11.835 [Forwarding findElement on session 7b08cf919cbba617faeca78d9fa16fa0 to remote] DEBUG org.asynchttpclient.netty.request.NettyRequestSender - Using open Channel [id: 0x9d3604c1, L:/127.0.0.1:49319 - R:localhost/127.0.0.1:59113] for POST '/session/7b08cf919cbba617faeca78d9fa16fa0/element'
18:18:11.842 [AsyncHttpClient-1-9] DEBUG org.asynchttpclient.netty.handler.HttpHandler - 

Request DefaultHttpRequest(decodeResult: success, version: HTTP/1.1)
POST /session/7b08cf919cbba617faeca78d9fa16fa0/element HTTP/1.1
User-Agent: selenium/4.1.2 (java windows)
Content-Length: 101
Content-Type: application/json; charset=utf-8
host: localhost:59113
accept: */*

Response DefaultHttpResponse(decodeResult: success, version: HTTP/1.1)
HTTP/1.1 200 OK
Content-Type: application/json; charset=utf-8
cache-control: no-cache
content-length: 88

18:18:11.842 [AsyncHttpClient-1-9] DEBUG org.asynchttpclient.netty.channel.ChannelManager - Adding key: http://localhost:59113 for channel [id: 0x9d3604c1, L:/127.0.0.1:49319 - R:localhost/127.0.0.1:59113]
18:18:11.843 [Forwarding clickElement on session 7b08cf919cbba617faeca78d9fa16fa0 to remote] DEBUG org.asynchttpclient.netty.request.NettyRequestSender - Using pooled Channel '[id: 0x9d3604c1, L:/127.0.0.1:49319 - R:localhost/127.0.0.1:59113]' for 'POST' to 'http://localhost:59113/session/7b08cf919cbba617faeca78d9fa16fa0/element/38e13b9c-95fc-4019-a198-f2b7abb2d136/click'
18:18:11.843 [Forwarding clickElement on session 7b08cf919cbba617faeca78d9fa16fa0 to remote] DEBUG org.asynchttpclient.netty.request.NettyRequestSender - Using open Channel [id: 0x9d3604c1, L:/127.0.0.1:49319 - R:localhost/127.0.0.1:59113] for POST '/session/7b08cf919cbba617faeca78d9fa16fa0/element/38e13b9c-95fc-4019-a198-f2b7abb2d136/click'
18:18:11.881 [AsyncHttpClient-1-9] DEBUG org.asynchttpclient.netty.handler.HttpHandler - 

Request DefaultHttpRequest(decodeResult: success, version: HTTP/1.1)
POST /session/7b08cf919cbba617faeca78d9fa16fa0/element/38e13b9c-95fc-4019-a198-f2b7abb2d136/click HTTP/1.1
User-Agent: selenium/4.1.2 (java windows)
Content-Length: 50
Content-Type: application/json; charset=utf-8
host: localhost:59113
accept: */*

Response DefaultHttpResponse(decodeResult: success, version: HTTP/1.1)
HTTP/1.1 200 OK
Content-Type: application/json; charset=utf-8
cache-control: no-cache
content-length: 14

18:18:11.881 [AsyncHttpClient-1-9] DEBUG org.asynchttpclient.netty.channel.ChannelManager - Adding key: http://localhost:59113 for channel [id: 0x9d3604c1, L:/127.0.0.1:49319 - R:localhost/127.0.0.1:59113]
  &amp#27;[32mAnd &amp#27;[0m&amp#27;[32mI click trolley icon&amp#27;[0m                      &amp#27;[90m# starter.stepdefinitions.OrderStep.iClickTrolleyIcon()&amp#27;[0m
18:18:11.888 [Forwarding screenshot on session 7b08cf919cbba617faeca78d9fa16fa0 to remote] DEBUG org.asynchttpclient.netty.request.NettyRequestSender - Using pooled Channel '[id: 0x9d3604c1, L:/127.0.0.1:49319 - R:localhost/127.0.0.1:59113]' for 'GET' to 'http://localhost:59113/session/7b08cf919cbba617faeca78d9fa16fa0/screenshot'
18:18:11.888 [Forwarding screenshot on session 7b08cf919cbba617faeca78d9fa16fa0 to remote] DEBUG org.asynchttpclient.netty.request.NettyRequestSender - Using open Channel [id: 0x9d3604c1, L:/127.0.0.1:49319 - R:localhost/127.0.0.1:59113] for GET '/session/7b08cf919cbba617faeca78d9fa16fa0/screenshot'
18:18:12.253 [AsyncHttpClient-1-9] DEBUG org.asynchttpclient.netty.handler.HttpHandler - 

Request DefaultFullHttpRequest(decodeResult: success, version: HTTP/1.1, content: EmptyByteBufBE)
GET /session/7b08cf919cbba617faeca78d9fa16fa0/screenshot HTTP/1.1
User-Agent: selenium/4.1.2 (java windows)
Cache-Control: no-cache
Content-Type: application/json; charset=utf-8
host: localhost:59113
accept: */*

Response DefaultHttpResponse(decodeResult: success, version: HTTP/1.1)
HTTP/1.1 200 OK
Content-Type: application/json; charset=utf-8
cache-control: no-cache
content-length: 41440

18:18:12.253 [AsyncHttpClient-1-9] DEBUG org.asynchttpclient.netty.channel.ChannelManager - Adding key: http://localhost:59113 for channel [id: 0x9d3604c1, L:/127.0.0.1:49319 - R:localhost/127.0.0.1:59113]
18:18:12.254 [main] DEBUG net.serenitybdd.core.photography.Darkroom - Send negative for processing for target\site\serenity\c5f04a47c7b93686fe1b7181d9dec9fb3e845784602a10bf280a131d84814cb9.png
18:18:12.254 [Darkroom Processing Line] DEBUG net.serenitybdd.core.photography.DarkroomProcessingLine - Processing screenshot image in /var/screenshots/screenshot-11953294707368808389
18:18:12.255 [Darkroom Processing Line] DEBUG net.serenitybdd.core.photography.DarkroomProcessingLine - Saving screenshot to target\site\serenity\c5f04a47c7b93686fe1b7181d9dec9fb3e845784602a10bf280a131d84814cb9.png
18:18:12.261 [Forwarding findElement on session 7b08cf919cbba617faeca78d9fa16fa0 to remote] DEBUG org.asynchttpclient.netty.request.NettyRequestSender - Using pooled Channel '[id: 0x9d3604c1, L:/127.0.0.1:49319 - R:localhost/127.0.0.1:59113]' for 'POST' to 'http://localhost:59113/session/7b08cf919cbba617faeca78d9fa16fa0/element'
18:18:12.261 [Forwarding findElement on session 7b08cf919cbba617faeca78d9fa16fa0 to remote] DEBUG org.asynchttpclient.netty.request.NettyRequestSender - Using open Channel [id: 0x9d3604c1, L:/127.0.0.1:49319 - R:localhost/127.0.0.1:59113] for POST '/session/7b08cf919cbba617faeca78d9fa16fa0/element'
18:18:12.268 [AsyncHttpClient-1-9] DEBUG org.asynchttpclient.netty.handler.HttpHandler - 

Request DefaultHttpRequest(decodeResult: success, version: HTTP/1.1)
POST /session/7b08cf919cbba617faeca78d9fa16fa0/element HTTP/1.1
User-Agent: selenium/4.1.2 (java windows)
Content-Length: 66
Content-Type: application/json; charset=utf-8
host: localhost:59113
accept: */*

Response DefaultHttpResponse(decodeResult: success, version: HTTP/1.1)
HTTP/1.1 200 OK
Content-Type: application/json; charset=utf-8
cache-control: no-cache
content-length: 88

18:18:12.269 [AsyncHttpClient-1-9] DEBUG org.asynchttpclient.netty.channel.ChannelManager - Adding key: http://localhost:59113 for channel [id: 0x9d3604c1, L:/127.0.0.1:49319 - R:localhost/127.0.0.1:59113]
18:18:12.270 [Forwarding isElementDisplayed on session 7b08cf919cbba617faeca78d9fa16fa0 to remote] DEBUG org.asynchttpclient.netty.request.NettyRequestSender - Using pooled Channel '[id: 0x9d3604c1, L:/127.0.0.1:49319 - R:localhost/127.0.0.1:59113]' for 'POST' to 'http://localhost:59113/session/7b08cf919cbba617faeca78d9fa16fa0/execute/sync'
18:18:12.270 [Forwarding isElementDisplayed on session 7b08cf919cbba617faeca78d9fa16fa0 to remote] DEBUG org.asynchttpclient.netty.request.NettyRequestSender - Using open Channel [id: 0x9d3604c1, L:/127.0.0.1:49319 - R:localhost/127.0.0.1:59113] for POST '/session/7b08cf919cbba617faeca78d9fa16fa0/execute/sync'
18:18:12.283 [AsyncHttpClient-1-9] DEBUG org.asynchttpclient.netty.handler.HttpHandler - 

Request DefaultHttpRequest(decodeResult: success, version: HTTP/1.1)
POST /session/7b08cf919cbba617faeca78d9fa16fa0/execute/sync HTTP/1.1
User-Agent: selenium/4.1.2 (java windows)
Content-Length: 48780
Content-Type: application/json; charset=utf-8
host: localhost:59113
accept: */*

Response DefaultHttpResponse(decodeResult: success, version: HTTP/1.1)
HTTP/1.1 200 OK
Content-Type: application/json; charset=utf-8
cache-control: no-cache
content-length: 14

18:18:12.283 [AsyncHttpClient-1-9] DEBUG org.asynchttpclient.netty.channel.ChannelManager - Adding key: http://localhost:59113 for channel [id: 0x9d3604c1, L:/127.0.0.1:49319 - R:localhost/127.0.0.1:59113]
  &amp#27;[32mThen &amp#27;[0m&amp#27;[32mTotal price can showed&amp#27;[0m                   &amp#27;[90m# starter.stepdefinitions.OrderStep.totalPriceCanShowed()&amp#27;[0m
18:18:12.286 [main] INFO  - 
  _____   ___   ___   _____     ___     _     ___   ___   ___   ___  
 |_   _| | __| / __| |_   _|   | _ \   /_\   / __| / __| | __| |   \ 
   | |   | _|  \__ \   | |     |  _/  / _ \  \__ \ \__ \ | _|  | |) |
   |_|   |___| |___/   |_|     |_|   /_/ \_\ |___/ |___/ |___| |___/ 

Showed total price paid for 2 product
----------------------------------------------------------------------
18:18:12.287 [AsyncHttpClient-1-3] DEBUG org.asynchttpclient.netty.handler.WebSocketHandler - Channel Closed: [id: 0x896df5b8, L:/127.0.0.1:49327 ! R:localhost/127.0.0.1:49320] with attribute NettyResponseFuture{currentRetry=5,
	isDone=1,
	isCancelled=0,
	asyncHandler=org.asynchttpclient.ws.WebSocketUpgradeHandler@1aa6ce89,
	nettyRequest=org.asynchttpclient.netty.request.NettyRequest@7091233e,
	future=java.util.concurrent.CompletableFuture@1293470d[Completed normally],
	uri=ws://localhost:49320/devtools/browser/8c9a3eca-6969-4aca-86db-deb73c6d03d5,
	keepAlive=true,
	redirectCount=0,
	timeoutsHolder=null,
	inAuth=0,
	touch=1667560686892}
18:18:12.288 [AsyncHttpClient-1-3] DEBUG org.asynchttpclient.netty.channel.ChannelManager - Closing Channel [id: 0x896df5b8, L:/127.0.0.1:49327 ! R:localhost/127.0.0.1:49320] 
18:18:12.289 [Driver Command Executor] DEBUG org.asynchttpclient.netty.request.NettyRequestSender - Using pooled Channel '[id: 0x9d3604c1, L:/127.0.0.1:49319 - R:localhost/127.0.0.1:59113]' for 'DELETE' to 'http://localhost:59113/session/7b08cf919cbba617faeca78d9fa16fa0'
18:18:12.289 [Driver Command Executor] DEBUG org.asynchttpclient.netty.request.NettyRequestSender - Using open Channel [id: 0x9d3604c1, L:/127.0.0.1:49319 - R:localhost/127.0.0.1:59113] for DELETE '/session/7b08cf919cbba617faeca78d9fa16fa0'
18:18:12.388 [AsyncHttpClient-1-1] DEBUG org.asynchttpclient.netty.channel.DefaultChannelPool - Entry count for : http://localhost:49320 : 1
18:18:12.400 [AsyncHttpClient-1-2] DEBUG org.asynchttpclient.netty.handler.HttpHandler - Unexpected I/O exception on channel [id: 0x892d8e3e, L:/127.0.0.1:49326 - R:localhost/127.0.0.1:49320]
java.io.IOException: An existing connection was forcibly closed by the remote host
	at java.base/sun.nio.ch.SocketDispatcher.read0(Native Method)
	at java.base/sun.nio.ch.SocketDispatcher.read(SocketDispatcher.java:43)
	at java.base/sun.nio.ch.IOUtil.readIntoNativeBuffer(IOUtil.java:276)
	at java.base/sun.nio.ch.IOUtil.read(IOUtil.java:233)
	at java.base/sun.nio.ch.IOUtil.read(IOUtil.java:223)
	at java.base/sun.nio.ch.SocketChannelImpl.read(SocketChannelImpl.java:358)
	at io.netty.buffer.PooledByteBuf.setBytes(PooledByteBuf.java:258)
	at io.netty.buffer.AbstractByteBuf.writeBytes(AbstractByteBuf.java:1132)
	at io.netty.channel.socket.nio.NioSocketChannel.doReadBytes(NioSocketChannel.java:350)
	at io.netty.channel.nio.AbstractNioByteChannel$NioByteUnsafe.read(AbstractNioByteChannel.java:151)
	at io.netty.channel.nio.NioEventLoop.processSelectedKey(NioEventLoop.java:722)
	at io.netty.channel.nio.NioEventLoop.processSelectedKeysOptimized(NioEventLoop.java:658)
	at io.netty.channel.nio.NioEventLoop.processSelectedKeys(NioEventLoop.java:584)
	at io.netty.channel.nio.NioEventLoop.run(NioEventLoop.java:496)
	at io.netty.util.concurrent.SingleThreadEventExecutor$4.run(SingleThreadEventExecutor.java:986)
	at io.netty.util.internal.ThreadExecutorMap$2.run(ThreadExecutorMap.java:74)
	at io.netty.util.concurrent.FastThreadLocalRunnable.run(FastThreadLocalRunnable.java:30)
	at java.base/java.lang.Thread.run(Thread.java:834)
18:18:12.401 [AsyncHttpClient-1-2] DEBUG org.asynchttpclient.netty.channel.ChannelManager - Closing Channel [id: 0x892d8e3e, L:/127.0.0.1:49326 - R:localhost/127.0.0.1:49320] 
18:18:12.401 [AsyncHttpClient-1-2] DEBUG org.asynchttpclient.netty.handler.HttpHandler - Channel Closed: [id: 0x892d8e3e, L:/127.0.0.1:49326 ! R:localhost/127.0.0.1:49320] with attribute DISCARD
18:18:12.424 [AsyncHttpClient-1-9] DEBUG org.asynchttpclient.netty.handler.HttpHandler - 

Request DefaultFullHttpRequest(decodeResult: success, version: HTTP/1.1, content: EmptyByteBufBE)
DELETE /session/7b08cf919cbba617faeca78d9fa16fa0 HTTP/1.1
User-Agent: selenium/4.1.2 (java windows)
Content-Type: application/json; charset=utf-8
host: localhost:59113
accept: */*

Response DefaultHttpResponse(decodeResult: success, version: HTTP/1.1)
HTTP/1.1 200 OK
Content-Type: application/json; charset=utf-8
cache-control: no-cache
content-length: 14

18:18:12.424 [AsyncHttpClient-1-9] DEBUG org.asynchttpclient.netty.channel.ChannelManager - Adding key: http://localhost:59113 for channel [id: 0x9d3604c1, L:/127.0.0.1:49319 - R:localhost/127.0.0.1:59113]
18:18:12.479 [AsyncHttpClient-1-9] DEBUG org.asynchttpclient.netty.handler.HttpHandler - Channel Closed: [id: 0x9d3604c1, L:/127.0.0.1:49319 ! R:localhost/127.0.0.1:59113] with attribute DISCARD
]]></system-out>
    <system-err><![CDATA[Starting ChromeDriver 107.0.5304.62 (1eec40d3a5764881c92085aaee66d25075c159aa-refs/branch-heads/5304@{#942}) on port 59113
Only local connections are allowed.
Please see https://chromedriver.chromium.org/security-considerations for suggestions on keeping ChromeDriver safe.
ChromeDriver was started successfully.
Nov 04, 2022 6:18:06 PM org.openqa.selenium.remote.ProtocolHandshake createSession
INFO: Detected dialect: W3C
Nov 04, 2022 6:18:06 PM org.openqa.selenium.devtools.CdpVersionFinder findNearestMatch
WARNING: Unable to find an exact match for CDP version 107, so returning the closest version found: a no-op implementation
Nov 04, 2022 6:18:06 PM org.openqa.selenium.devtools.CdpVersionFinder findNearestMatch
INFO: Unable to find CDP implementation matching 107.
Nov 04, 2022 6:18:06 PM org.openqa.selenium.chromium.ChromiumDriver lambda$new$3
WARNING: Unable to find version of CDP to use for . You may need to include a dependency on a specific version of the CDP using something similar to `org.seleniumhq.selenium:selenium-devtools-v86:4.1.2` where the version ("v86") matches the version of the chromium-based browser you're using and the version number of the artifact is the same as Selenium's.
]]></system-err>
  </testcase>
  <testcase name="Showed one quantity product" classname="Order" time="6.675">
    <system-out><![CDATA[
@Order
Scenario: Showed one quantity product &amp#27;[90m# src/test/resources/features/order.feature:19&amp#27;[0m
18:18:12.541 [main] INFO io.cucumber.core.plugin.SerenityReporter - Running feature from file:///D:/Ra/file%20kuliah/semester%207/resume%20alta/Mini%20Project/Web/AltaShop/src/test/resources/features/order.feature
18:18:12.543 [main] INFO  - 
  _____   ___   ___   _____     ___   _____     _     ___   _____   ___   ___  
 |_   _| | __| / __| |_   _|   / __| |_   _|   /_\   | _ \ |_   _| | __| |   \ 
   | |   | _|  \__ \   | |     \__ \   | |    / _ \  |   /   | |   | _|  | |) |
   |_|   |___| |___/   |_|     |___/   |_|   /_/ \_\ |_|_\   |_|   |___| |___/ 

Showed one quantity product(order;showed-one-quantity-product)
--------------------------------------------------------------------------------
18:18:12.553 [main] INFO net.serenitybdd.core.webdriver.driverproviders.ChromeDriverProvider - Using automatically driver download
18:18:12.682 [main] DEBUG io.github.bonigarcia.wdm.cache.ResolutionCache - Resolution chrome=107 in cache (valid until 18:54:29 04/11/2022 ICT)
18:18:12.685 [main] DEBUG io.github.bonigarcia.wdm.cache.ResolutionCache - Resolution chrome107=107.0.5304.62 in cache (valid until 17:54:29 05/11/2022 ICT)
18:18:12.686 [main] INFO io.github.bonigarcia.wdm.WebDriverManager - Using chromedriver 107.0.5304.62 (resolved driver for Chrome 107)
18:18:12.696 [main] DEBUG io.github.bonigarcia.wdm.WebDriverManager - Driver chromedriver 107.0.5304.62 found in cache
18:18:12.696 [main] INFO io.github.bonigarcia.wdm.WebDriverManager - Exporting webdriver.chrome.driver as C:\Users\rilaa\.cache\selenium\chromedriver\win32\107.0.5304.62\chromedriver.exe
18:18:12.825 [main] DEBUG net.serenitybdd.core.webdriver.driverproviders.ProvideNewDriver - Instantiating driver
18:18:12.825 [main] DEBUG net.serenitybdd.core.webdriver.driverproviders.ProvideNewDriver - Driver capabilities: Capabilities {acceptInsecureCerts: false, base.url: https://alta-shop.vercel.app, browserName: chrome, chrome.driver: src/test/resources/webdrive..., driver: chrome, goog:chromeOptions: {args: [], extensions: []}}
18:18:12.938 [AsyncHttpClient-1-4] DEBUG org.asynchttpclient.netty.channel.NettyConnectListener - Using new Channel '[id: 0x579c60a9, L:/127.0.0.1:49343 - R:localhost/127.0.0.1:54522]' for 'POST' to '/session'
18:18:13.509 [AsyncHttpClient-1-1] DEBUG org.asynchttpclient.netty.channel.DefaultChannelPool - Entry count for : http://localhost:59113 : 1
18:18:13.510 [AsyncHttpClient-1-1] DEBUG org.asynchttpclient.netty.channel.DefaultChannelPool - Entry count for : http://localhost:49320 : 1
18:18:13.510 [AsyncHttpClient-1-1] DEBUG org.asynchttpclient.netty.channel.DefaultChannelPool - Adding Candidate expired Channel [id: 0x9d3604c1, L:/127.0.0.1:49319 ! R:localhost/127.0.0.1:59113] isIdleTimeoutExpired=false isRemotelyClosed=true isTtlExpired=false
18:18:13.510 [AsyncHttpClient-1-1] DEBUG org.asynchttpclient.netty.channel.DefaultChannelPool - Closing Idle Channel [id: 0x9d3604c1, L:/127.0.0.1:49319 ! R:localhost/127.0.0.1:59113]
18:18:13.510 [AsyncHttpClient-1-1] DEBUG org.asynchttpclient.netty.channel.DefaultChannelPool - Adding Candidate expired Channel [id: 0x892d8e3e, L:/127.0.0.1:49326 ! R:localhost/127.0.0.1:49320] isIdleTimeoutExpired=false isRemotelyClosed=true isTtlExpired=false
18:18:13.510 [AsyncHttpClient-1-1] DEBUG org.asynchttpclient.netty.channel.DefaultChannelPool - Closing Idle Channel [id: 0x892d8e3e, L:/127.0.0.1:49326 ! R:localhost/127.0.0.1:49320]
18:18:13.510 [AsyncHttpClient-1-1] DEBUG org.asynchttpclient.netty.channel.DefaultChannelPool - Closed 2 connections out of 2 in 0 ms
18:18:13.668 [AsyncHttpClient-1-4] DEBUG org.asynchttpclient.netty.handler.HttpHandler - 

Request DefaultHttpRequest(decodeResult: success, version: HTTP/1.1)
POST /session HTTP/1.1
User-Agent: selenium/4.1.2 (java windows)
Content-Length: 609
Content-Type: application/json; charset=utf-8
host: localhost:54522
accept: */*

Response DefaultHttpResponse(decodeResult: success, version: HTTP/1.1)
HTTP/1.1 200 OK
Content-Type: application/json; charset=utf-8
cache-control: no-cache
content-length: 789

18:18:13.668 [AsyncHttpClient-1-4] DEBUG org.asynchttpclient.netty.channel.ChannelManager - Adding key: http://localhost:54522 for channel [id: 0x579c60a9, L:/127.0.0.1:49343 - R:localhost/127.0.0.1:54522]
18:18:13.681 [AsyncHttpClient-1-5] DEBUG org.asynchttpclient.netty.channel.NettyConnectListener - Using new Channel '[id: 0x4a634db5, L:/127.0.0.1:49350 - R:localhost/127.0.0.1:49344]' for 'GET' to '/json/version'
18:18:13.682 [AsyncHttpClient-1-5] DEBUG org.asynchttpclient.netty.handler.HttpHandler - 

Request DefaultFullHttpRequest(decodeResult: success, version: HTTP/1.1, content: EmptyByteBufBE)
GET /json/version HTTP/1.1
User-Agent: selenium/4.1.2 (java windows)
host: localhost:49344
accept: */*

Response DefaultHttpResponse(decodeResult: success, version: HTTP/1.1)
HTTP/1.1 200 OK
Content-Type: application/json; charset=UTF-8
content-length: 423

18:18:13.682 [AsyncHttpClient-1-5] DEBUG org.asynchttpclient.netty.channel.ChannelManager - Adding key: http://localhost:49344 for channel [id: 0x4a634db5, L:/127.0.0.1:49350 - R:localhost/127.0.0.1:49344]
18:18:13.685 [AsyncHttpClient-1-6] DEBUG org.asynchttpclient.netty.channel.NettyConnectListener - Using new Channel '[id: 0x90ec5616, L:/127.0.0.1:49351 - R:localhost/127.0.0.1:49344]' for 'GET' to '/devtools/browser/68ac6505-ce73-4d8a-a493-7585d741f577'
18:18:13.686 [AsyncHttpClient-1-6] DEBUG org.asynchttpclient.netty.handler.WebSocketHandler - 

Request DefaultFullHttpRequest(decodeResult: success, version: HTTP/1.1, content: EmptyByteBufBE)
GET /devtools/browser/68ac6505-ce73-4d8a-a493-7585d741f577 HTTP/1.1
upgrade: websocket
connection: upgrade
sec-websocket-key: CfA9TTqFDTv2nLB6dECNSA==
sec-websocket-version: 13
origin: http://localhost:49344
host: localhost:49344
accept: */*
user-agent: AHC/2.1

Response DefaultHttpResponse(decodeResult: success, version: HTTP/1.1)
HTTP/1.1 101 WebSocket Protocol Handshake
Upgrade: WebSocket
Connection: Upgrade
Sec-WebSocket-Accept: Cra/BsysU8WY3h1YYte+eWMFrHU=

18:18:13.698 [Forwarding get on session daa2a4e4dcec29428a92e6bd63c11ba6 to remote] DEBUG org.asynchttpclient.netty.request.NettyRequestSender - Using pooled Channel '[id: 0x579c60a9, L:/127.0.0.1:49343 - R:localhost/127.0.0.1:54522]' for 'POST' to 'http://localhost:54522/session/daa2a4e4dcec29428a92e6bd63c11ba6/url'
18:18:13.698 [Forwarding get on session daa2a4e4dcec29428a92e6bd63c11ba6 to remote] DEBUG org.asynchttpclient.netty.request.NettyRequestSender - Using open Channel [id: 0x579c60a9, L:/127.0.0.1:49343 - R:localhost/127.0.0.1:54522] for POST '/session/daa2a4e4dcec29428a92e6bd63c11ba6/url'
18:18:14.605 [AsyncHttpClient-1-1] DEBUG org.asynchttpclient.netty.channel.DefaultChannelPool - Entry count for : http://localhost:49344 : 1
18:18:14.720 [AsyncHttpClient-1-4] DEBUG org.asynchttpclient.netty.handler.HttpHandler - 

Request DefaultHttpRequest(decodeResult: success, version: HTTP/1.1)
POST /session/daa2a4e4dcec29428a92e6bd63c11ba6/url HTTP/1.1
User-Agent: selenium/4.1.2 (java windows)
Content-Length: 59
Content-Type: application/json; charset=utf-8
host: localhost:54522
accept: */*

Response DefaultHttpResponse(decodeResult: success, version: HTTP/1.1)
HTTP/1.1 200 OK
Content-Type: application/json; charset=utf-8
cache-control: no-cache
content-length: 14

18:18:14.720 [AsyncHttpClient-1-4] DEBUG org.asynchttpclient.netty.channel.ChannelManager - Adding key: http://localhost:54522 for channel [id: 0x579c60a9, L:/127.0.0.1:49343 - R:localhost/127.0.0.1:54522]
18:18:14.722 [Forwarding setTimeout on session daa2a4e4dcec29428a92e6bd63c11ba6 to remote] DEBUG org.asynchttpclient.netty.request.NettyRequestSender - Using pooled Channel '[id: 0x579c60a9, L:/127.0.0.1:49343 - R:localhost/127.0.0.1:54522]' for 'POST' to 'http://localhost:54522/session/daa2a4e4dcec29428a92e6bd63c11ba6/timeouts'
18:18:14.722 [Forwarding setTimeout on session daa2a4e4dcec29428a92e6bd63c11ba6 to remote] DEBUG org.asynchttpclient.netty.request.NettyRequestSender - Using open Channel [id: 0x579c60a9, L:/127.0.0.1:49343 - R:localhost/127.0.0.1:54522] for POST '/session/daa2a4e4dcec29428a92e6bd63c11ba6/timeouts'
18:18:14.728 [AsyncHttpClient-1-4] DEBUG org.asynchttpclient.netty.handler.HttpHandler - 

Request DefaultHttpRequest(decodeResult: success, version: HTTP/1.1)
POST /session/daa2a4e4dcec29428a92e6bd63c11ba6/timeouts HTTP/1.1
User-Agent: selenium/4.1.2 (java windows)
Content-Length: 22
Content-Type: application/json; charset=utf-8
host: localhost:54522
accept: */*

Response DefaultHttpResponse(decodeResult: success, version: HTTP/1.1)
HTTP/1.1 200 OK
Content-Type: application/json; charset=utf-8
cache-control: no-cache
content-length: 14

18:18:14.728 [AsyncHttpClient-1-4] DEBUG org.asynchttpclient.netty.channel.ChannelManager - Adding key: http://localhost:54522 for channel [id: 0x579c60a9, L:/127.0.0.1:49343 - R:localhost/127.0.0.1:54522]
18:18:14.744 [Forwarding getCurrentUrl on session daa2a4e4dcec29428a92e6bd63c11ba6 to remote] DEBUG org.asynchttpclient.netty.request.NettyRequestSender - Using pooled Channel '[id: 0x579c60a9, L:/127.0.0.1:49343 - R:localhost/127.0.0.1:54522]' for 'GET' to 'http://localhost:54522/session/daa2a4e4dcec29428a92e6bd63c11ba6/url'
18:18:14.744 [Forwarding getCurrentUrl on session daa2a4e4dcec29428a92e6bd63c11ba6 to remote] DEBUG org.asynchttpclient.netty.request.NettyRequestSender - Using open Channel [id: 0x579c60a9, L:/127.0.0.1:49343 - R:localhost/127.0.0.1:54522] for GET '/session/daa2a4e4dcec29428a92e6bd63c11ba6/url'
18:18:14.753 [AsyncHttpClient-1-4] DEBUG org.asynchttpclient.netty.handler.HttpHandler - 

Request DefaultFullHttpRequest(decodeResult: success, version: HTTP/1.1, content: EmptyByteBufBE)
GET /session/daa2a4e4dcec29428a92e6bd63c11ba6/url HTTP/1.1
User-Agent: selenium/4.1.2 (java windows)
Cache-Control: no-cache
Content-Type: application/json; charset=utf-8
host: localhost:54522
accept: */*

Response DefaultHttpResponse(decodeResult: success, version: HTTP/1.1)
HTTP/1.1 200 OK
Content-Type: application/json; charset=utf-8
cache-control: no-cache
content-length: 41

18:18:14.753 [AsyncHttpClient-1-4] DEBUG org.asynchttpclient.netty.channel.ChannelManager - Adding key: http://localhost:54522 for channel [id: 0x579c60a9, L:/127.0.0.1:49343 - R:localhost/127.0.0.1:54522]
18:18:14.759 [Forwarding findElement on session daa2a4e4dcec29428a92e6bd63c11ba6 to remote] DEBUG org.asynchttpclient.netty.request.NettyRequestSender - Using pooled Channel '[id: 0x579c60a9, L:/127.0.0.1:49343 - R:localhost/127.0.0.1:54522]' for 'POST' to 'http://localhost:54522/session/daa2a4e4dcec29428a92e6bd63c11ba6/element'
18:18:14.759 [Forwarding findElement on session daa2a4e4dcec29428a92e6bd63c11ba6 to remote] DEBUG org.asynchttpclient.netty.request.NettyRequestSender - Using open Channel [id: 0x579c60a9, L:/127.0.0.1:49343 - R:localhost/127.0.0.1:54522] for POST '/session/daa2a4e4dcec29428a92e6bd63c11ba6/element'
18:18:14.777 [AsyncHttpClient-1-4] DEBUG org.asynchttpclient.netty.handler.HttpHandler - 

Request DefaultHttpRequest(decodeResult: success, version: HTTP/1.1)
POST /session/daa2a4e4dcec29428a92e6bd63c11ba6/element HTTP/1.1
User-Agent: selenium/4.1.2 (java windows)
Content-Length: 77
Content-Type: application/json; charset=utf-8
host: localhost:54522
accept: */*

Response DefaultHttpResponse(decodeResult: success, version: HTTP/1.1)
HTTP/1.1 200 OK
Content-Type: application/json; charset=utf-8
cache-control: no-cache
content-length: 88

18:18:14.777 [AsyncHttpClient-1-4] DEBUG org.asynchttpclient.netty.channel.ChannelManager - Adding key: http://localhost:54522 for channel [id: 0x579c60a9, L:/127.0.0.1:49343 - R:localhost/127.0.0.1:54522]
18:18:14.785 [Forwarding isElementDisplayed on session daa2a4e4dcec29428a92e6bd63c11ba6 to remote] DEBUG org.asynchttpclient.netty.request.NettyRequestSender - Using pooled Channel '[id: 0x579c60a9, L:/127.0.0.1:49343 - R:localhost/127.0.0.1:54522]' for 'POST' to 'http://localhost:54522/session/daa2a4e4dcec29428a92e6bd63c11ba6/execute/sync'
18:18:14.786 [Forwarding isElementDisplayed on session daa2a4e4dcec29428a92e6bd63c11ba6 to remote] DEBUG org.asynchttpclient.netty.request.NettyRequestSender - Using open Channel [id: 0x579c60a9, L:/127.0.0.1:49343 - R:localhost/127.0.0.1:54522] for POST '/session/daa2a4e4dcec29428a92e6bd63c11ba6/execute/sync'
18:18:14.813 [AsyncHttpClient-1-4] DEBUG org.asynchttpclient.netty.handler.HttpHandler - 

Request DefaultHttpRequest(decodeResult: success, version: HTTP/1.1)
POST /session/daa2a4e4dcec29428a92e6bd63c11ba6/execute/sync HTTP/1.1
User-Agent: selenium/4.1.2 (java windows)
Content-Length: 48780
Content-Type: application/json; charset=utf-8
host: localhost:54522
accept: */*

Response DefaultHttpResponse(decodeResult: success, version: HTTP/1.1)
HTTP/1.1 200 OK
Content-Type: application/json; charset=utf-8
cache-control: no-cache
content-length: 14

18:18:14.813 [AsyncHttpClient-1-4] DEBUG org.asynchttpclient.netty.channel.ChannelManager - Adding key: http://localhost:54522 for channel [id: 0x579c60a9, L:/127.0.0.1:49343 - R:localhost/127.0.0.1:54522]
  &amp#27;[32mGiven &amp#27;[0m&amp#27;[32mI am on the home page&amp#27;[0m         &amp#27;[90m# starter.stepdefinitions.LoginStepDefinition.iAmOnTheHomePage()&amp#27;[0m
18:18:14.820 [Forwarding screenshot on session daa2a4e4dcec29428a92e6bd63c11ba6 to remote] DEBUG org.asynchttpclient.netty.request.NettyRequestSender - Using pooled Channel '[id: 0x579c60a9, L:/127.0.0.1:49343 - R:localhost/127.0.0.1:54522]' for 'GET' to 'http://localhost:54522/session/daa2a4e4dcec29428a92e6bd63c11ba6/screenshot'
18:18:14.820 [Forwarding screenshot on session daa2a4e4dcec29428a92e6bd63c11ba6 to remote] DEBUG org.asynchttpclient.netty.request.NettyRequestSender - Using open Channel [id: 0x579c60a9, L:/127.0.0.1:49343 - R:localhost/127.0.0.1:54522] for GET '/session/daa2a4e4dcec29428a92e6bd63c11ba6/screenshot'
18:18:15.020 [AsyncHttpClient-1-4] DEBUG org.asynchttpclient.netty.handler.HttpHandler - 

Request DefaultFullHttpRequest(decodeResult: success, version: HTTP/1.1, content: EmptyByteBufBE)
GET /session/daa2a4e4dcec29428a92e6bd63c11ba6/screenshot HTTP/1.1
User-Agent: selenium/4.1.2 (java windows)
Cache-Control: no-cache
Content-Type: application/json; charset=utf-8
host: localhost:54522
accept: */*

Response DefaultHttpResponse(decodeResult: success, version: HTTP/1.1)
HTTP/1.1 200 OK
Content-Type: application/json; charset=utf-8
cache-control: no-cache
content-length: 35544

18:18:15.020 [AsyncHttpClient-1-4] DEBUG org.asynchttpclient.netty.channel.ChannelManager - Adding key: http://localhost:54522 for channel [id: 0x579c60a9, L:/127.0.0.1:49343 - R:localhost/127.0.0.1:54522]
18:18:15.021 [main] DEBUG net.serenitybdd.core.photography.Darkroom - Send negative for processing for target\site\serenity\1e4ccc0804e2ff3a2dbce4fb3a9be76fa7876a810326b75c09627ca699742424.png
18:18:15.022 [Darkroom Processing Line] DEBUG net.serenitybdd.core.photography.DarkroomProcessingLine - Processing screenshot image in /var/screenshots/screenshot-9292919506151198646
18:18:15.022 [Darkroom Processing Line] DEBUG net.serenitybdd.core.photography.DarkroomProcessingLine - Saving screenshot to target\site\serenity\1e4ccc0804e2ff3a2dbce4fb3a9be76fa7876a810326b75c09627ca699742424.png
18:18:15.035 [Forwarding findElement on session daa2a4e4dcec29428a92e6bd63c11ba6 to remote] DEBUG org.asynchttpclient.netty.request.NettyRequestSender - Using pooled Channel '[id: 0x579c60a9, L:/127.0.0.1:49343 - R:localhost/127.0.0.1:54522]' for 'POST' to 'http://localhost:54522/session/daa2a4e4dcec29428a92e6bd63c11ba6/element'
18:18:15.035 [Forwarding findElement on session daa2a4e4dcec29428a92e6bd63c11ba6 to remote] DEBUG org.asynchttpclient.netty.request.NettyRequestSender - Using open Channel [id: 0x579c60a9, L:/127.0.0.1:49343 - R:localhost/127.0.0.1:54522] for POST '/session/daa2a4e4dcec29428a92e6bd63c11ba6/element'
18:18:15.688 [AsyncHttpClient-1-1] DEBUG org.asynchttpclient.netty.channel.DefaultChannelPool - Entry count for : http://localhost:49344 : 1
18:18:16.796 [AsyncHttpClient-1-1] DEBUG org.asynchttpclient.netty.channel.DefaultChannelPool - Entry count for : http://localhost:49344 : 1
18:18:17.887 [AsyncHttpClient-1-1] DEBUG org.asynchttpclient.netty.channel.DefaultChannelPool - Entry count for : http://localhost:49344 : 1
18:18:18.107 [AsyncHttpClient-1-4] DEBUG org.asynchttpclient.netty.handler.HttpHandler - 

Request DefaultHttpRequest(decodeResult: success, version: HTTP/1.1)
POST /session/daa2a4e4dcec29428a92e6bd63c11ba6/element HTTP/1.1
User-Agent: selenium/4.1.2 (java windows)
Content-Length: 117
Content-Type: application/json; charset=utf-8
host: localhost:54522
accept: */*

Response DefaultHttpResponse(decodeResult: success, version: HTTP/1.1)
HTTP/1.1 200 OK
Content-Type: application/json; charset=utf-8
cache-control: no-cache
content-length: 88

18:18:18.108 [AsyncHttpClient-1-4] DEBUG org.asynchttpclient.netty.channel.ChannelManager - Adding key: http://localhost:54522 for channel [id: 0x579c60a9, L:/127.0.0.1:49343 - R:localhost/127.0.0.1:54522]
18:18:18.109 [Forwarding getElementTagName on session daa2a4e4dcec29428a92e6bd63c11ba6 to remote] DEBUG org.asynchttpclient.netty.request.NettyRequestSender - Using pooled Channel '[id: 0x579c60a9, L:/127.0.0.1:49343 - R:localhost/127.0.0.1:54522]' for 'GET' to 'http://localhost:54522/session/daa2a4e4dcec29428a92e6bd63c11ba6/element/79729964-4a36-47c9-9df9-d51dabc46d9a/name'
18:18:18.109 [Forwarding getElementTagName on session daa2a4e4dcec29428a92e6bd63c11ba6 to remote] DEBUG org.asynchttpclient.netty.request.NettyRequestSender - Using open Channel [id: 0x579c60a9, L:/127.0.0.1:49343 - R:localhost/127.0.0.1:54522] for GET '/session/daa2a4e4dcec29428a92e6bd63c11ba6/element/79729964-4a36-47c9-9df9-d51dabc46d9a/name'
18:18:18.126 [AsyncHttpClient-1-4] DEBUG org.asynchttpclient.netty.handler.HttpHandler - 

Request DefaultFullHttpRequest(decodeResult: success, version: HTTP/1.1, content: EmptyByteBufBE)
GET /session/daa2a4e4dcec29428a92e6bd63c11ba6/element/79729964-4a36-47c9-9df9-d51dabc46d9a/name HTTP/1.1
User-Agent: selenium/4.1.2 (java windows)
Cache-Control: no-cache
Content-Type: application/json; charset=utf-8
host: localhost:54522
accept: */*

Response DefaultHttpResponse(decodeResult: success, version: HTTP/1.1)
HTTP/1.1 200 OK
Content-Type: application/json; charset=utf-8
cache-control: no-cache
content-length: 16

18:18:18.126 [AsyncHttpClient-1-4] DEBUG org.asynchttpclient.netty.channel.ChannelManager - Adding key: http://localhost:54522 for channel [id: 0x579c60a9, L:/127.0.0.1:49343 - R:localhost/127.0.0.1:54522]
18:18:18.128 [Forwarding getElementTagName on session daa2a4e4dcec29428a92e6bd63c11ba6 to remote] DEBUG org.asynchttpclient.netty.request.NettyRequestSender - Using pooled Channel '[id: 0x579c60a9, L:/127.0.0.1:49343 - R:localhost/127.0.0.1:54522]' for 'GET' to 'http://localhost:54522/session/daa2a4e4dcec29428a92e6bd63c11ba6/element/79729964-4a36-47c9-9df9-d51dabc46d9a/name'
18:18:18.128 [Forwarding getElementTagName on session daa2a4e4dcec29428a92e6bd63c11ba6 to remote] DEBUG org.asynchttpclient.netty.request.NettyRequestSender - Using open Channel [id: 0x579c60a9, L:/127.0.0.1:49343 - R:localhost/127.0.0.1:54522] for GET '/session/daa2a4e4dcec29428a92e6bd63c11ba6/element/79729964-4a36-47c9-9df9-d51dabc46d9a/name'
18:18:18.130 [AsyncHttpClient-1-4] DEBUG org.asynchttpclient.netty.handler.HttpHandler - 

Request DefaultFullHttpRequest(decodeResult: success, version: HTTP/1.1, content: EmptyByteBufBE)
GET /session/daa2a4e4dcec29428a92e6bd63c11ba6/element/79729964-4a36-47c9-9df9-d51dabc46d9a/name HTTP/1.1
User-Agent: selenium/4.1.2 (java windows)
Cache-Control: no-cache
Content-Type: application/json; charset=utf-8
host: localhost:54522
accept: */*

Response DefaultHttpResponse(decodeResult: success, version: HTTP/1.1)
HTTP/1.1 200 OK
Content-Type: application/json; charset=utf-8
cache-control: no-cache
content-length: 16

18:18:18.131 [AsyncHttpClient-1-4] DEBUG org.asynchttpclient.netty.channel.ChannelManager - Adding key: http://localhost:54522 for channel [id: 0x579c60a9, L:/127.0.0.1:49343 - R:localhost/127.0.0.1:54522]
18:18:18.132 [Forwarding findElement on session daa2a4e4dcec29428a92e6bd63c11ba6 to remote] DEBUG org.asynchttpclient.netty.request.NettyRequestSender - Using pooled Channel '[id: 0x579c60a9, L:/127.0.0.1:49343 - R:localhost/127.0.0.1:54522]' for 'POST' to 'http://localhost:54522/session/daa2a4e4dcec29428a92e6bd63c11ba6/element'
18:18:18.132 [Forwarding findElement on session daa2a4e4dcec29428a92e6bd63c11ba6 to remote] DEBUG org.asynchttpclient.netty.request.NettyRequestSender - Using open Channel [id: 0x579c60a9, L:/127.0.0.1:49343 - R:localhost/127.0.0.1:54522] for POST '/session/daa2a4e4dcec29428a92e6bd63c11ba6/element'
18:18:18.152 [AsyncHttpClient-1-4] DEBUG org.asynchttpclient.netty.handler.HttpHandler - 

Request DefaultHttpRequest(decodeResult: success, version: HTTP/1.1)
POST /session/daa2a4e4dcec29428a92e6bd63c11ba6/element HTTP/1.1
User-Agent: selenium/4.1.2 (java windows)
Content-Length: 117
Content-Type: application/json; charset=utf-8
host: localhost:54522
accept: */*

Response DefaultHttpResponse(decodeResult: success, version: HTTP/1.1)
HTTP/1.1 200 OK
Content-Type: application/json; charset=utf-8
cache-control: no-cache
content-length: 88

18:18:18.152 [AsyncHttpClient-1-4] DEBUG org.asynchttpclient.netty.channel.ChannelManager - Adding key: http://localhost:54522 for channel [id: 0x579c60a9, L:/127.0.0.1:49343 - R:localhost/127.0.0.1:54522]
18:18:18.153 [Forwarding clickElement on session daa2a4e4dcec29428a92e6bd63c11ba6 to remote] DEBUG org.asynchttpclient.netty.request.NettyRequestSender - Using pooled Channel '[id: 0x579c60a9, L:/127.0.0.1:49343 - R:localhost/127.0.0.1:54522]' for 'POST' to 'http://localhost:54522/session/daa2a4e4dcec29428a92e6bd63c11ba6/element/79729964-4a36-47c9-9df9-d51dabc46d9a/click'
18:18:18.153 [Forwarding clickElement on session daa2a4e4dcec29428a92e6bd63c11ba6 to remote] DEBUG org.asynchttpclient.netty.request.NettyRequestSender - Using open Channel [id: 0x579c60a9, L:/127.0.0.1:49343 - R:localhost/127.0.0.1:54522] for POST '/session/daa2a4e4dcec29428a92e6bd63c11ba6/element/79729964-4a36-47c9-9df9-d51dabc46d9a/click'
18:18:18.215 [AsyncHttpClient-1-4] DEBUG org.asynchttpclient.netty.handler.HttpHandler - 

Request DefaultHttpRequest(decodeResult: success, version: HTTP/1.1)
POST /session/daa2a4e4dcec29428a92e6bd63c11ba6/element/79729964-4a36-47c9-9df9-d51dabc46d9a/click HTTP/1.1
User-Agent: selenium/4.1.2 (java windows)
Content-Length: 50
Content-Type: application/json; charset=utf-8
host: localhost:54522
accept: */*

Response DefaultHttpResponse(decodeResult: success, version: HTTP/1.1)
HTTP/1.1 200 OK
Content-Type: application/json; charset=utf-8
cache-control: no-cache
content-length: 14

18:18:18.215 [AsyncHttpClient-1-4] DEBUG org.asynchttpclient.netty.channel.ChannelManager - Adding key: http://localhost:54522 for channel [id: 0x579c60a9, L:/127.0.0.1:49343 - R:localhost/127.0.0.1:54522]
  &amp#27;[32mWhen &amp#27;[0m&amp#27;[32mI click buy button&amp#27;[0m             &amp#27;[90m# starter.stepdefinitions.HomeStep.iClickBuyButton()&amp#27;[0m
18:18:18.221 [Forwarding screenshot on session daa2a4e4dcec29428a92e6bd63c11ba6 to remote] DEBUG org.asynchttpclient.netty.request.NettyRequestSender - Using pooled Channel '[id: 0x579c60a9, L:/127.0.0.1:49343 - R:localhost/127.0.0.1:54522]' for 'GET' to 'http://localhost:54522/session/daa2a4e4dcec29428a92e6bd63c11ba6/screenshot'
18:18:18.221 [Forwarding screenshot on session daa2a4e4dcec29428a92e6bd63c11ba6 to remote] DEBUG org.asynchttpclient.netty.request.NettyRequestSender - Using open Channel [id: 0x579c60a9, L:/127.0.0.1:49343 - R:localhost/127.0.0.1:54522] for GET '/session/daa2a4e4dcec29428a92e6bd63c11ba6/screenshot'
18:18:18.420 [AsyncHttpClient-1-4] DEBUG org.asynchttpclient.netty.handler.HttpHandler - 

Request DefaultFullHttpRequest(decodeResult: success, version: HTTP/1.1, content: EmptyByteBufBE)
GET /session/daa2a4e4dcec29428a92e6bd63c11ba6/screenshot HTTP/1.1
User-Agent: selenium/4.1.2 (java windows)
Cache-Control: no-cache
Content-Type: application/json; charset=utf-8
host: localhost:54522
accept: */*

Response DefaultHttpResponse(decodeResult: success, version: HTTP/1.1)
HTTP/1.1 200 OK
Content-Type: application/json; charset=utf-8
cache-control: no-cache
content-length: 78400

18:18:18.420 [AsyncHttpClient-1-4] DEBUG org.asynchttpclient.netty.channel.ChannelManager - Adding key: http://localhost:54522 for channel [id: 0x579c60a9, L:/127.0.0.1:49343 - R:localhost/127.0.0.1:54522]
18:18:18.424 [main] DEBUG net.serenitybdd.core.photography.Darkroom - Send negative for processing for target\site\serenity\ed9c8a837eccbd95f15211820e2bdbae43ff3672970da2f0ca13706221835bbc.png
18:18:18.424 [Darkroom Processing Line] DEBUG net.serenitybdd.core.photography.DarkroomProcessingLine - Processing screenshot image in /var/screenshots/screenshot-16685800821508035880
18:18:18.424 [Darkroom Processing Line] DEBUG net.serenitybdd.core.photography.DarkroomProcessingLine - Saving screenshot to target\site\serenity\ed9c8a837eccbd95f15211820e2bdbae43ff3672970da2f0ca13706221835bbc.png
18:18:18.437 [Forwarding findElement on session daa2a4e4dcec29428a92e6bd63c11ba6 to remote] DEBUG org.asynchttpclient.netty.request.NettyRequestSender - Using pooled Channel '[id: 0x579c60a9, L:/127.0.0.1:49343 - R:localhost/127.0.0.1:54522]' for 'POST' to 'http://localhost:54522/session/daa2a4e4dcec29428a92e6bd63c11ba6/element'
18:18:18.437 [Forwarding findElement on session daa2a4e4dcec29428a92e6bd63c11ba6 to remote] DEBUG org.asynchttpclient.netty.request.NettyRequestSender - Using open Channel [id: 0x579c60a9, L:/127.0.0.1:49343 - R:localhost/127.0.0.1:54522] for POST '/session/daa2a4e4dcec29428a92e6bd63c11ba6/element'
18:18:18.453 [AsyncHttpClient-1-4] DEBUG org.asynchttpclient.netty.handler.HttpHandler - 

Request DefaultHttpRequest(decodeResult: success, version: HTTP/1.1)
POST /session/daa2a4e4dcec29428a92e6bd63c11ba6/element HTTP/1.1
User-Agent: selenium/4.1.2 (java windows)
Content-Length: 101
Content-Type: application/json; charset=utf-8
host: localhost:54522
accept: */*

Response DefaultHttpResponse(decodeResult: success, version: HTTP/1.1)
HTTP/1.1 200 OK
Content-Type: application/json; charset=utf-8
cache-control: no-cache
content-length: 88

18:18:18.453 [AsyncHttpClient-1-4] DEBUG org.asynchttpclient.netty.channel.ChannelManager - Adding key: http://localhost:54522 for channel [id: 0x579c60a9, L:/127.0.0.1:49343 - R:localhost/127.0.0.1:54522]
18:18:18.454 [Forwarding getElementTagName on session daa2a4e4dcec29428a92e6bd63c11ba6 to remote] DEBUG org.asynchttpclient.netty.request.NettyRequestSender - Using pooled Channel '[id: 0x579c60a9, L:/127.0.0.1:49343 - R:localhost/127.0.0.1:54522]' for 'GET' to 'http://localhost:54522/session/daa2a4e4dcec29428a92e6bd63c11ba6/element/190fd489-2bbb-481b-91dc-7122b53f365c/name'
18:18:18.454 [Forwarding getElementTagName on session daa2a4e4dcec29428a92e6bd63c11ba6 to remote] DEBUG org.asynchttpclient.netty.request.NettyRequestSender - Using open Channel [id: 0x579c60a9, L:/127.0.0.1:49343 - R:localhost/127.0.0.1:54522] for GET '/session/daa2a4e4dcec29428a92e6bd63c11ba6/element/190fd489-2bbb-481b-91dc-7122b53f365c/name'
18:18:18.462 [AsyncHttpClient-1-4] DEBUG org.asynchttpclient.netty.handler.HttpHandler - 

Request DefaultFullHttpRequest(decodeResult: success, version: HTTP/1.1, content: EmptyByteBufBE)
GET /session/daa2a4e4dcec29428a92e6bd63c11ba6/element/190fd489-2bbb-481b-91dc-7122b53f365c/name HTTP/1.1
User-Agent: selenium/4.1.2 (java windows)
Cache-Control: no-cache
Content-Type: application/json; charset=utf-8
host: localhost:54522
accept: */*

Response DefaultHttpResponse(decodeResult: success, version: HTTP/1.1)
HTTP/1.1 200 OK
Content-Type: application/json; charset=utf-8
cache-control: no-cache
content-length: 13

18:18:18.462 [AsyncHttpClient-1-4] DEBUG org.asynchttpclient.netty.channel.ChannelManager - Adding key: http://localhost:54522 for channel [id: 0x579c60a9, L:/127.0.0.1:49343 - R:localhost/127.0.0.1:54522]
18:18:18.464 [Forwarding getElementTagName on session daa2a4e4dcec29428a92e6bd63c11ba6 to remote] DEBUG org.asynchttpclient.netty.request.NettyRequestSender - Using pooled Channel '[id: 0x579c60a9, L:/127.0.0.1:49343 - R:localhost/127.0.0.1:54522]' for 'GET' to 'http://localhost:54522/session/daa2a4e4dcec29428a92e6bd63c11ba6/element/190fd489-2bbb-481b-91dc-7122b53f365c/name'
18:18:18.464 [Forwarding getElementTagName on session daa2a4e4dcec29428a92e6bd63c11ba6 to remote] DEBUG org.asynchttpclient.netty.request.NettyRequestSender - Using open Channel [id: 0x579c60a9, L:/127.0.0.1:49343 - R:localhost/127.0.0.1:54522] for GET '/session/daa2a4e4dcec29428a92e6bd63c11ba6/element/190fd489-2bbb-481b-91dc-7122b53f365c/name'
18:18:18.472 [AsyncHttpClient-1-4] DEBUG org.asynchttpclient.netty.handler.HttpHandler - 

Request DefaultFullHttpRequest(decodeResult: success, version: HTTP/1.1, content: EmptyByteBufBE)
GET /session/daa2a4e4dcec29428a92e6bd63c11ba6/element/190fd489-2bbb-481b-91dc-7122b53f365c/name HTTP/1.1
User-Agent: selenium/4.1.2 (java windows)
Cache-Control: no-cache
Content-Type: application/json; charset=utf-8
host: localhost:54522
accept: */*

Response DefaultHttpResponse(decodeResult: success, version: HTTP/1.1)
HTTP/1.1 200 OK
Content-Type: application/json; charset=utf-8
cache-control: no-cache
content-length: 13

18:18:18.472 [AsyncHttpClient-1-4] DEBUG org.asynchttpclient.netty.channel.ChannelManager - Adding key: http://localhost:54522 for channel [id: 0x579c60a9, L:/127.0.0.1:49343 - R:localhost/127.0.0.1:54522]
18:18:18.476 [Forwarding findElement on session daa2a4e4dcec29428a92e6bd63c11ba6 to remote] DEBUG org.asynchttpclient.netty.request.NettyRequestSender - Using pooled Channel '[id: 0x579c60a9, L:/127.0.0.1:49343 - R:localhost/127.0.0.1:54522]' for 'POST' to 'http://localhost:54522/session/daa2a4e4dcec29428a92e6bd63c11ba6/element'
18:18:18.476 [Forwarding findElement on session daa2a4e4dcec29428a92e6bd63c11ba6 to remote] DEBUG org.asynchttpclient.netty.request.NettyRequestSender - Using open Channel [id: 0x579c60a9, L:/127.0.0.1:49343 - R:localhost/127.0.0.1:54522] for POST '/session/daa2a4e4dcec29428a92e6bd63c11ba6/element'
18:18:18.487 [AsyncHttpClient-1-4] DEBUG org.asynchttpclient.netty.handler.HttpHandler - 

Request DefaultHttpRequest(decodeResult: success, version: HTTP/1.1)
POST /session/daa2a4e4dcec29428a92e6bd63c11ba6/element HTTP/1.1
User-Agent: selenium/4.1.2 (java windows)
Content-Length: 101
Content-Type: application/json; charset=utf-8
host: localhost:54522
accept: */*

Response DefaultHttpResponse(decodeResult: success, version: HTTP/1.1)
HTTP/1.1 200 OK
Content-Type: application/json; charset=utf-8
cache-control: no-cache
content-length: 88

18:18:18.487 [AsyncHttpClient-1-4] DEBUG org.asynchttpclient.netty.channel.ChannelManager - Adding key: http://localhost:54522 for channel [id: 0x579c60a9, L:/127.0.0.1:49343 - R:localhost/127.0.0.1:54522]
18:18:18.488 [Forwarding clickElement on session daa2a4e4dcec29428a92e6bd63c11ba6 to remote] DEBUG org.asynchttpclient.netty.request.NettyRequestSender - Using pooled Channel '[id: 0x579c60a9, L:/127.0.0.1:49343 - R:localhost/127.0.0.1:54522]' for 'POST' to 'http://localhost:54522/session/daa2a4e4dcec29428a92e6bd63c11ba6/element/190fd489-2bbb-481b-91dc-7122b53f365c/click'
18:18:18.488 [Forwarding clickElement on session daa2a4e4dcec29428a92e6bd63c11ba6 to remote] DEBUG org.asynchttpclient.netty.request.NettyRequestSender - Using open Channel [id: 0x579c60a9, L:/127.0.0.1:49343 - R:localhost/127.0.0.1:54522] for POST '/session/daa2a4e4dcec29428a92e6bd63c11ba6/element/190fd489-2bbb-481b-91dc-7122b53f365c/click'
18:18:18.583 [AsyncHttpClient-1-4] DEBUG org.asynchttpclient.netty.handler.HttpHandler - 

Request DefaultHttpRequest(decodeResult: success, version: HTTP/1.1)
POST /session/daa2a4e4dcec29428a92e6bd63c11ba6/element/190fd489-2bbb-481b-91dc-7122b53f365c/click HTTP/1.1
User-Agent: selenium/4.1.2 (java windows)
Content-Length: 50
Content-Type: application/json; charset=utf-8
host: localhost:54522
accept: */*

Response DefaultHttpResponse(decodeResult: success, version: HTTP/1.1)
HTTP/1.1 200 OK
Content-Type: application/json; charset=utf-8
cache-control: no-cache
content-length: 14

18:18:18.583 [AsyncHttpClient-1-4] DEBUG org.asynchttpclient.netty.channel.ChannelManager - Adding key: http://localhost:54522 for channel [id: 0x579c60a9, L:/127.0.0.1:49343 - R:localhost/127.0.0.1:54522]
  &amp#27;[32mAnd &amp#27;[0m&amp#27;[32mI click trolley icon&amp#27;[0m            &amp#27;[90m# starter.stepdefinitions.OrderStep.iClickTrolleyIcon()&amp#27;[0m
18:18:18.590 [Forwarding screenshot on session daa2a4e4dcec29428a92e6bd63c11ba6 to remote] DEBUG org.asynchttpclient.netty.request.NettyRequestSender - Using pooled Channel '[id: 0x579c60a9, L:/127.0.0.1:49343 - R:localhost/127.0.0.1:54522]' for 'GET' to 'http://localhost:54522/session/daa2a4e4dcec29428a92e6bd63c11ba6/screenshot'
18:18:18.590 [Forwarding screenshot on session daa2a4e4dcec29428a92e6bd63c11ba6 to remote] DEBUG org.asynchttpclient.netty.request.NettyRequestSender - Using open Channel [id: 0x579c60a9, L:/127.0.0.1:49343 - R:localhost/127.0.0.1:54522] for GET '/session/daa2a4e4dcec29428a92e6bd63c11ba6/screenshot'
18:18:18.941 [AsyncHttpClient-1-4] DEBUG org.asynchttpclient.netty.handler.HttpHandler - 

Request DefaultFullHttpRequest(decodeResult: success, version: HTTP/1.1, content: EmptyByteBufBE)
GET /session/daa2a4e4dcec29428a92e6bd63c11ba6/screenshot HTTP/1.1
User-Agent: selenium/4.1.2 (java windows)
Cache-Control: no-cache
Content-Type: application/json; charset=utf-8
host: localhost:54522
accept: */*

Response DefaultHttpResponse(decodeResult: success, version: HTTP/1.1)
HTTP/1.1 200 OK
Content-Type: application/json; charset=utf-8
cache-control: no-cache
content-length: 40728

18:18:18.941 [AsyncHttpClient-1-4] DEBUG org.asynchttpclient.netty.channel.ChannelManager - Adding key: http://localhost:54522 for channel [id: 0x579c60a9, L:/127.0.0.1:49343 - R:localhost/127.0.0.1:54522]
18:18:18.943 [main] DEBUG net.serenitybdd.core.photography.Darkroom - Send negative for processing for target\site\serenity\cac102489d67a9af364e60299eb1d5951fca8f04f821022c702ab81e4ae1240c.png
18:18:18.943 [Darkroom Processing Line] DEBUG net.serenitybdd.core.photography.DarkroomProcessingLine - Processing screenshot image in /var/screenshots/screenshot-9922700248200596920
18:18:18.943 [Darkroom Processing Line] DEBUG net.serenitybdd.core.photography.DarkroomProcessingLine - Saving screenshot to target\site\serenity\cac102489d67a9af364e60299eb1d5951fca8f04f821022c702ab81e4ae1240c.png
18:18:18.948 [Forwarding findElement on session daa2a4e4dcec29428a92e6bd63c11ba6 to remote] DEBUG org.asynchttpclient.netty.request.NettyRequestSender - Using pooled Channel '[id: 0x579c60a9, L:/127.0.0.1:49343 - R:localhost/127.0.0.1:54522]' for 'POST' to 'http://localhost:54522/session/daa2a4e4dcec29428a92e6bd63c11ba6/element'
18:18:18.948 [Forwarding findElement on session daa2a4e4dcec29428a92e6bd63c11ba6 to remote] DEBUG org.asynchttpclient.netty.request.NettyRequestSender - Using open Channel [id: 0x579c60a9, L:/127.0.0.1:49343 - R:localhost/127.0.0.1:54522] for POST '/session/daa2a4e4dcec29428a92e6bd63c11ba6/element'
18:18:18.957 [AsyncHttpClient-1-4] DEBUG org.asynchttpclient.netty.handler.HttpHandler - 

Request DefaultHttpRequest(decodeResult: success, version: HTTP/1.1)
POST /session/daa2a4e4dcec29428a92e6bd63c11ba6/element HTTP/1.1
User-Agent: selenium/4.1.2 (java windows)
Content-Length: 69
Content-Type: application/json; charset=utf-8
host: localhost:54522
accept: */*

Response DefaultHttpResponse(decodeResult: success, version: HTTP/1.1)
HTTP/1.1 200 OK
Content-Type: application/json; charset=utf-8
cache-control: no-cache
content-length: 88

18:18:18.957 [AsyncHttpClient-1-4] DEBUG org.asynchttpclient.netty.channel.ChannelManager - Adding key: http://localhost:54522 for channel [id: 0x579c60a9, L:/127.0.0.1:49343 - R:localhost/127.0.0.1:54522]
18:18:18.959 [Forwarding isElementDisplayed on session daa2a4e4dcec29428a92e6bd63c11ba6 to remote] DEBUG org.asynchttpclient.netty.request.NettyRequestSender - Using pooled Channel '[id: 0x579c60a9, L:/127.0.0.1:49343 - R:localhost/127.0.0.1:54522]' for 'POST' to 'http://localhost:54522/session/daa2a4e4dcec29428a92e6bd63c11ba6/execute/sync'
18:18:18.959 [Forwarding isElementDisplayed on session daa2a4e4dcec29428a92e6bd63c11ba6 to remote] DEBUG org.asynchttpclient.netty.request.NettyRequestSender - Using open Channel [id: 0x579c60a9, L:/127.0.0.1:49343 - R:localhost/127.0.0.1:54522] for POST '/session/daa2a4e4dcec29428a92e6bd63c11ba6/execute/sync'
18:18:18.968 [AsyncHttpClient-1-4] DEBUG org.asynchttpclient.netty.handler.HttpHandler - 

Request DefaultHttpRequest(decodeResult: success, version: HTTP/1.1)
POST /session/daa2a4e4dcec29428a92e6bd63c11ba6/execute/sync HTTP/1.1
User-Agent: selenium/4.1.2 (java windows)
Content-Length: 48780
Content-Type: application/json; charset=utf-8
host: localhost:54522
accept: */*

Response DefaultHttpResponse(decodeResult: success, version: HTTP/1.1)
HTTP/1.1 200 OK
Content-Type: application/json; charset=utf-8
cache-control: no-cache
content-length: 14

18:18:18.968 [AsyncHttpClient-1-4] DEBUG org.asynchttpclient.netty.channel.ChannelManager - Adding key: http://localhost:54522 for channel [id: 0x579c60a9, L:/127.0.0.1:49343 - R:localhost/127.0.0.1:54522]
  &amp#27;[32mThen &amp#27;[0m&amp#27;[32mQuantity product can showed&amp#27;[0m    &amp#27;[90m# starter.stepdefinitions.OrderStep.quantityProductCanShowed()&amp#27;[0m
18:18:18.974 [main] INFO  - 
  _____   ___   ___   _____     ___     _     ___   ___   ___   ___  
 |_   _| | __| / __| |_   _|   | _ \   /_\   / __| / __| | __| |   \ 
   | |   | _|  \__ \   | |     |  _/  / _ \  \__ \ \__ \ | _|  | |) |
   |_|   |___| |___/   |_|     |_|   /_/ \_\ |___/ |___/ |___| |___/ 

Showed one quantity product
----------------------------------------------------------------------
18:18:18.975 [Driver Command Executor] DEBUG org.asynchttpclient.netty.request.NettyRequestSender - Using pooled Channel '[id: 0x579c60a9, L:/127.0.0.1:49343 - R:localhost/127.0.0.1:54522]' for 'DELETE' to 'http://localhost:54522/session/daa2a4e4dcec29428a92e6bd63c11ba6'
18:18:18.975 [AsyncHttpClient-1-6] DEBUG org.asynchttpclient.netty.handler.WebSocketHandler - Channel Closed: [id: 0x90ec5616, L:/127.0.0.1:49351 ! R:localhost/127.0.0.1:49344] with attribute NettyResponseFuture{currentRetry=5,
	isDone=1,
	isCancelled=0,
	asyncHandler=org.asynchttpclient.ws.WebSocketUpgradeHandler@5f6287ca,
	nettyRequest=org.asynchttpclient.netty.request.NettyRequest@6de7c202,
	future=java.util.concurrent.CompletableFuture@91acbc4[Completed normally],
	uri=ws://localhost:49344/devtools/browser/68ac6505-ce73-4d8a-a493-7585d741f577,
	keepAlive=true,
	redirectCount=0,
	timeoutsHolder=null,
	inAuth=0,
	touch=1667560693686}
18:18:18.975 [Driver Command Executor] DEBUG org.asynchttpclient.netty.request.NettyRequestSender - Using open Channel [id: 0x579c60a9, L:/127.0.0.1:49343 - R:localhost/127.0.0.1:54522] for DELETE '/session/daa2a4e4dcec29428a92e6bd63c11ba6'
18:18:18.975 [AsyncHttpClient-1-6] DEBUG org.asynchttpclient.netty.channel.ChannelManager - Closing Channel [id: 0x90ec5616, L:/127.0.0.1:49351 ! R:localhost/127.0.0.1:49344] 
18:18:18.995 [AsyncHttpClient-1-1] DEBUG org.asynchttpclient.netty.channel.DefaultChannelPool - Entry count for : http://localhost:49344 : 1
18:18:19.082 [AsyncHttpClient-1-5] DEBUG org.asynchttpclient.netty.handler.HttpHandler - Unexpected I/O exception on channel [id: 0x4a634db5, L:/127.0.0.1:49350 - R:localhost/127.0.0.1:49344]
java.io.IOException: An existing connection was forcibly closed by the remote host
	at java.base/sun.nio.ch.SocketDispatcher.read0(Native Method)
	at java.base/sun.nio.ch.SocketDispatcher.read(SocketDispatcher.java:43)
	at java.base/sun.nio.ch.IOUtil.readIntoNativeBuffer(IOUtil.java:276)
	at java.base/sun.nio.ch.IOUtil.read(IOUtil.java:233)
	at java.base/sun.nio.ch.IOUtil.read(IOUtil.java:223)
	at java.base/sun.nio.ch.SocketChannelImpl.read(SocketChannelImpl.java:358)
	at io.netty.buffer.PooledByteBuf.setBytes(PooledByteBuf.java:258)
	at io.netty.buffer.AbstractByteBuf.writeBytes(AbstractByteBuf.java:1132)
	at io.netty.channel.socket.nio.NioSocketChannel.doReadBytes(NioSocketChannel.java:350)
	at io.netty.channel.nio.AbstractNioByteChannel$NioByteUnsafe.read(AbstractNioByteChannel.java:151)
	at io.netty.channel.nio.NioEventLoop.processSelectedKey(NioEventLoop.java:722)
	at io.netty.channel.nio.NioEventLoop.processSelectedKeysOptimized(NioEventLoop.java:658)
	at io.netty.channel.nio.NioEventLoop.processSelectedKeys(NioEventLoop.java:584)
	at io.netty.channel.nio.NioEventLoop.run(NioEventLoop.java:496)
	at io.netty.util.concurrent.SingleThreadEventExecutor$4.run(SingleThreadEventExecutor.java:986)
	at io.netty.util.internal.ThreadExecutorMap$2.run(ThreadExecutorMap.java:74)
	at io.netty.util.concurrent.FastThreadLocalRunnable.run(FastThreadLocalRunnable.java:30)
	at java.base/java.lang.Thread.run(Thread.java:834)
18:18:19.082 [AsyncHttpClient-1-5] DEBUG org.asynchttpclient.netty.channel.ChannelManager - Closing Channel [id: 0x4a634db5, L:/127.0.0.1:49350 - R:localhost/127.0.0.1:49344] 
18:18:19.082 [AsyncHttpClient-1-5] DEBUG org.asynchttpclient.netty.handler.HttpHandler - Channel Closed: [id: 0x4a634db5, L:/127.0.0.1:49350 ! R:localhost/127.0.0.1:49344] with attribute DISCARD
18:18:19.103 [AsyncHttpClient-1-4] DEBUG org.asynchttpclient.netty.handler.HttpHandler - 

Request DefaultFullHttpRequest(decodeResult: success, version: HTTP/1.1, content: EmptyByteBufBE)
DELETE /session/daa2a4e4dcec29428a92e6bd63c11ba6 HTTP/1.1
User-Agent: selenium/4.1.2 (java windows)
Content-Type: application/json; charset=utf-8
host: localhost:54522
accept: */*

Response DefaultHttpResponse(decodeResult: success, version: HTTP/1.1)
HTTP/1.1 200 OK
Content-Type: application/json; charset=utf-8
cache-control: no-cache
content-length: 14

18:18:19.104 [AsyncHttpClient-1-4] DEBUG org.asynchttpclient.netty.channel.ChannelManager - Adding key: http://localhost:54522 for channel [id: 0x579c60a9, L:/127.0.0.1:49343 - R:localhost/127.0.0.1:54522]
18:18:19.153 [AsyncHttpClient-1-4] DEBUG org.asynchttpclient.netty.handler.HttpHandler - Channel Closed: [id: 0x579c60a9, L:/127.0.0.1:49343 ! R:localhost/127.0.0.1:54522] with attribute DISCARD
]]></system-out>
    <system-err><![CDATA[Starting ChromeDriver 107.0.5304.62 (1eec40d3a5764881c92085aaee66d25075c159aa-refs/branch-heads/5304@{#942}) on port 54522
Only local connections are allowed.
Please see https://chromedriver.chromium.org/security-considerations for suggestions on keeping ChromeDriver safe.
ChromeDriver was started successfully.
Nov 04, 2022 6:18:13 PM org.openqa.selenium.remote.ProtocolHandshake createSession
INFO: Detected dialect: W3C
Nov 04, 2022 6:18:13 PM org.openqa.selenium.devtools.CdpVersionFinder findNearestMatch
WARNING: Unable to find an exact match for CDP version 107, so returning the closest version found: a no-op implementation
Nov 04, 2022 6:18:13 PM org.openqa.selenium.devtools.CdpVersionFinder findNearestMatch
INFO: Unable to find CDP implementation matching 107.
Nov 04, 2022 6:18:13 PM org.openqa.selenium.chromium.ChromiumDriver lambda$new$3
WARNING: Unable to find version of CDP to use for . You may need to include a dependency on a specific version of the CDP using something similar to `org.seleniumhq.selenium:selenium-devtools-v86:4.1.2` where the version ("v86") matches the version of the chromium-based browser you're using and the version number of the artifact is the same as Selenium's.
]]></system-err>
  </testcase>
  <testcase name="Showed two quantity product" classname="Order" time="6.615">
    <system-out><![CDATA[
@Order
Scenario: Showed two quantity product    &amp#27;[90m# src/test/resources/features/order.feature:25&amp#27;[0m
18:18:19.216 [main] INFO io.cucumber.core.plugin.SerenityReporter - Running feature from file:///D:/Ra/file%20kuliah/semester%207/resume%20alta/Mini%20Project/Web/AltaShop/src/test/resources/features/order.feature
18:18:19.217 [main] INFO  - 
  _____   ___   ___   _____     ___   _____     _     ___   _____   ___   ___  
 |_   _| | __| / __| |_   _|   / __| |_   _|   /_\   | _ \ |_   _| | __| |   \ 
   | |   | _|  \__ \   | |     \__ \   | |    / _ \  |   /   | |   | _|  | |) |
   |_|   |___| |___/   |_|     |___/   |_|   /_/ \_\ |_|_\   |_|   |___| |___/ 

Showed two quantity product(order;showed-two-quantity-product)
--------------------------------------------------------------------------------
18:18:19.229 [main] INFO net.serenitybdd.core.webdriver.driverproviders.ChromeDriverProvider - Using automatically driver download
18:18:19.359 [main] DEBUG io.github.bonigarcia.wdm.cache.ResolutionCache - Resolution chrome=107 in cache (valid until 18:54:29 04/11/2022 ICT)
18:18:19.363 [main] DEBUG io.github.bonigarcia.wdm.cache.ResolutionCache - Resolution chrome107=107.0.5304.62 in cache (valid until 17:54:29 05/11/2022 ICT)
18:18:19.365 [main] INFO io.github.bonigarcia.wdm.WebDriverManager - Using chromedriver 107.0.5304.62 (resolved driver for Chrome 107)
18:18:19.378 [main] DEBUG io.github.bonigarcia.wdm.WebDriverManager - Driver chromedriver 107.0.5304.62 found in cache
18:18:19.379 [main] INFO io.github.bonigarcia.wdm.WebDriverManager - Exporting webdriver.chrome.driver as C:\Users\rilaa\.cache\selenium\chromedriver\win32\107.0.5304.62\chromedriver.exe
18:18:19.522 [main] DEBUG net.serenitybdd.core.webdriver.driverproviders.ProvideNewDriver - Instantiating driver
18:18:19.522 [main] DEBUG net.serenitybdd.core.webdriver.driverproviders.ProvideNewDriver - Driver capabilities: Capabilities {acceptInsecureCerts: false, base.url: https://alta-shop.vercel.app, browserName: chrome, chrome.driver: src/test/resources/webdrive..., driver: chrome, goog:chromeOptions: {args: [], extensions: []}}
18:18:19.609 [AsyncHttpClient-1-7] DEBUG org.asynchttpclient.netty.channel.NettyConnectListener - Using new Channel '[id: 0x751f9fc2, L:/127.0.0.1:49367 - R:localhost/127.0.0.1:59608]' for 'POST' to '/session'
18:18:20.119 [AsyncHttpClient-1-1] DEBUG org.asynchttpclient.netty.channel.DefaultChannelPool - Entry count for : http://localhost:54522 : 1
18:18:20.120 [AsyncHttpClient-1-1] DEBUG org.asynchttpclient.netty.channel.DefaultChannelPool - Entry count for : http://localhost:49344 : 1
18:18:20.120 [AsyncHttpClient-1-1] DEBUG org.asynchttpclient.netty.channel.DefaultChannelPool - Adding Candidate expired Channel [id: 0x579c60a9, L:/127.0.0.1:49343 ! R:localhost/127.0.0.1:54522] isIdleTimeoutExpired=false isRemotelyClosed=true isTtlExpired=false
18:18:20.120 [AsyncHttpClient-1-1] DEBUG org.asynchttpclient.netty.channel.DefaultChannelPool - Closing Idle Channel [id: 0x579c60a9, L:/127.0.0.1:49343 ! R:localhost/127.0.0.1:54522]
18:18:20.120 [AsyncHttpClient-1-1] DEBUG org.asynchttpclient.netty.channel.DefaultChannelPool - Adding Candidate expired Channel [id: 0x4a634db5, L:/127.0.0.1:49350 ! R:localhost/127.0.0.1:49344] isIdleTimeoutExpired=false isRemotelyClosed=true isTtlExpired=false
18:18:20.120 [AsyncHttpClient-1-1] DEBUG org.asynchttpclient.netty.channel.DefaultChannelPool - Closing Idle Channel [id: 0x4a634db5, L:/127.0.0.1:49350 ! R:localhost/127.0.0.1:49344]
18:18:20.120 [AsyncHttpClient-1-1] DEBUG org.asynchttpclient.netty.channel.DefaultChannelPool - Closed 2 connections out of 2 in 0 ms
18:18:20.320 [AsyncHttpClient-1-7] DEBUG org.asynchttpclient.netty.handler.HttpHandler - 

Request DefaultHttpRequest(decodeResult: success, version: HTTP/1.1)
POST /session HTTP/1.1
User-Agent: selenium/4.1.2 (java windows)
Content-Length: 609
Content-Type: application/json; charset=utf-8
host: localhost:59608
accept: */*

Response DefaultHttpResponse(decodeResult: success, version: HTTP/1.1)
HTTP/1.1 200 OK
Content-Type: application/json; charset=utf-8
cache-control: no-cache
content-length: 789

18:18:20.320 [AsyncHttpClient-1-7] DEBUG org.asynchttpclient.netty.channel.ChannelManager - Adding key: http://localhost:59608 for channel [id: 0x751f9fc2, L:/127.0.0.1:49367 - R:localhost/127.0.0.1:59608]
18:18:20.334 [AsyncHttpClient-1-8] DEBUG org.asynchttpclient.netty.channel.NettyConnectListener - Using new Channel '[id: 0xbe57d5e8, L:/127.0.0.1:49374 - R:localhost/127.0.0.1:49368]' for 'GET' to '/json/version'
18:18:20.335 [AsyncHttpClient-1-8] DEBUG org.asynchttpclient.netty.handler.HttpHandler - 

Request DefaultFullHttpRequest(decodeResult: success, version: HTTP/1.1, content: EmptyByteBufBE)
GET /json/version HTTP/1.1
User-Agent: selenium/4.1.2 (java windows)
host: localhost:49368
accept: */*

Response DefaultHttpResponse(decodeResult: success, version: HTTP/1.1)
HTTP/1.1 200 OK
Content-Type: application/json; charset=UTF-8
content-length: 423

18:18:20.335 [AsyncHttpClient-1-8] DEBUG org.asynchttpclient.netty.channel.ChannelManager - Adding key: http://localhost:49368 for channel [id: 0xbe57d5e8, L:/127.0.0.1:49374 - R:localhost/127.0.0.1:49368]
18:18:20.344 [AsyncHttpClient-1-9] DEBUG org.asynchttpclient.netty.channel.NettyConnectListener - Using new Channel '[id: 0x2d5f081e, L:/127.0.0.1:49375 - R:localhost/127.0.0.1:49368]' for 'GET' to '/devtools/browser/dbbabf55-b086-41aa-9d90-00894059c4e9'
18:18:20.344 [AsyncHttpClient-1-9] DEBUG org.asynchttpclient.netty.handler.WebSocketHandler - 

Request DefaultFullHttpRequest(decodeResult: success, version: HTTP/1.1, content: EmptyByteBufBE)
GET /devtools/browser/dbbabf55-b086-41aa-9d90-00894059c4e9 HTTP/1.1
upgrade: websocket
connection: upgrade
sec-websocket-key: sQXOD/1EXGYvmk8OVlpY4A==
sec-websocket-version: 13
origin: http://localhost:49368
host: localhost:49368
accept: */*
user-agent: AHC/2.1

Response DefaultHttpResponse(decodeResult: success, version: HTTP/1.1)
HTTP/1.1 101 WebSocket Protocol Handshake
Upgrade: WebSocket
Connection: Upgrade
Sec-WebSocket-Accept: 912rwoBR6QJ3SodMQpL44IJgW0k=

18:18:20.352 [Forwarding get on session f978f79734ec3bd95b8a570e2bf8f069 to remote] DEBUG org.asynchttpclient.netty.request.NettyRequestSender - Using pooled Channel '[id: 0x751f9fc2, L:/127.0.0.1:49367 - R:localhost/127.0.0.1:59608]' for 'POST' to 'http://localhost:59608/session/f978f79734ec3bd95b8a570e2bf8f069/url'
18:18:20.352 [Forwarding get on session f978f79734ec3bd95b8a570e2bf8f069 to remote] DEBUG org.asynchttpclient.netty.request.NettyRequestSender - Using open Channel [id: 0x751f9fc2, L:/127.0.0.1:49367 - R:localhost/127.0.0.1:59608] for POST '/session/f978f79734ec3bd95b8a570e2bf8f069/url'
18:18:21.188 [AsyncHttpClient-1-1] DEBUG org.asynchttpclient.netty.channel.DefaultChannelPool - Entry count for : http://localhost:49368 : 1
18:18:21.329 [AsyncHttpClient-1-7] DEBUG org.asynchttpclient.netty.handler.HttpHandler - 

Request DefaultHttpRequest(decodeResult: success, version: HTTP/1.1)
POST /session/f978f79734ec3bd95b8a570e2bf8f069/url HTTP/1.1
User-Agent: selenium/4.1.2 (java windows)
Content-Length: 59
Content-Type: application/json; charset=utf-8
host: localhost:59608
accept: */*

Response DefaultHttpResponse(decodeResult: success, version: HTTP/1.1)
HTTP/1.1 200 OK
Content-Type: application/json; charset=utf-8
cache-control: no-cache
content-length: 14

18:18:21.329 [AsyncHttpClient-1-7] DEBUG org.asynchttpclient.netty.channel.ChannelManager - Adding key: http://localhost:59608 for channel [id: 0x751f9fc2, L:/127.0.0.1:49367 - R:localhost/127.0.0.1:59608]
18:18:21.330 [Forwarding setTimeout on session f978f79734ec3bd95b8a570e2bf8f069 to remote] DEBUG org.asynchttpclient.netty.request.NettyRequestSender - Using pooled Channel '[id: 0x751f9fc2, L:/127.0.0.1:49367 - R:localhost/127.0.0.1:59608]' for 'POST' to 'http://localhost:59608/session/f978f79734ec3bd95b8a570e2bf8f069/timeouts'
18:18:21.330 [Forwarding setTimeout on session f978f79734ec3bd95b8a570e2bf8f069 to remote] DEBUG org.asynchttpclient.netty.request.NettyRequestSender - Using open Channel [id: 0x751f9fc2, L:/127.0.0.1:49367 - R:localhost/127.0.0.1:59608] for POST '/session/f978f79734ec3bd95b8a570e2bf8f069/timeouts'
18:18:21.331 [AsyncHttpClient-1-7] DEBUG org.asynchttpclient.netty.handler.HttpHandler - 

Request DefaultHttpRequest(decodeResult: success, version: HTTP/1.1)
POST /session/f978f79734ec3bd95b8a570e2bf8f069/timeouts HTTP/1.1
User-Agent: selenium/4.1.2 (java windows)
Content-Length: 22
Content-Type: application/json; charset=utf-8
host: localhost:59608
accept: */*

Response DefaultHttpResponse(decodeResult: success, version: HTTP/1.1)
HTTP/1.1 200 OK
Content-Type: application/json; charset=utf-8
cache-control: no-cache
content-length: 14

18:18:21.332 [AsyncHttpClient-1-7] DEBUG org.asynchttpclient.netty.channel.ChannelManager - Adding key: http://localhost:59608 for channel [id: 0x751f9fc2, L:/127.0.0.1:49367 - R:localhost/127.0.0.1:59608]
18:18:21.335 [Forwarding getCurrentUrl on session f978f79734ec3bd95b8a570e2bf8f069 to remote] DEBUG org.asynchttpclient.netty.request.NettyRequestSender - Using pooled Channel '[id: 0x751f9fc2, L:/127.0.0.1:49367 - R:localhost/127.0.0.1:59608]' for 'GET' to 'http://localhost:59608/session/f978f79734ec3bd95b8a570e2bf8f069/url'
18:18:21.335 [Forwarding getCurrentUrl on session f978f79734ec3bd95b8a570e2bf8f069 to remote] DEBUG org.asynchttpclient.netty.request.NettyRequestSender - Using open Channel [id: 0x751f9fc2, L:/127.0.0.1:49367 - R:localhost/127.0.0.1:59608] for GET '/session/f978f79734ec3bd95b8a570e2bf8f069/url'
18:18:21.340 [AsyncHttpClient-1-7] DEBUG org.asynchttpclient.netty.handler.HttpHandler - 

Request DefaultFullHttpRequest(decodeResult: success, version: HTTP/1.1, content: EmptyByteBufBE)
GET /session/f978f79734ec3bd95b8a570e2bf8f069/url HTTP/1.1
User-Agent: selenium/4.1.2 (java windows)
Cache-Control: no-cache
Content-Type: application/json; charset=utf-8
host: localhost:59608
accept: */*

Response DefaultHttpResponse(decodeResult: success, version: HTTP/1.1)
HTTP/1.1 200 OK
Content-Type: application/json; charset=utf-8
cache-control: no-cache
content-length: 41

18:18:21.340 [AsyncHttpClient-1-7] DEBUG org.asynchttpclient.netty.channel.ChannelManager - Adding key: http://localhost:59608 for channel [id: 0x751f9fc2, L:/127.0.0.1:49367 - R:localhost/127.0.0.1:59608]
18:18:21.343 [Forwarding findElement on session f978f79734ec3bd95b8a570e2bf8f069 to remote] DEBUG org.asynchttpclient.netty.request.NettyRequestSender - Using pooled Channel '[id: 0x751f9fc2, L:/127.0.0.1:49367 - R:localhost/127.0.0.1:59608]' for 'POST' to 'http://localhost:59608/session/f978f79734ec3bd95b8a570e2bf8f069/element'
18:18:21.343 [Forwarding findElement on session f978f79734ec3bd95b8a570e2bf8f069 to remote] DEBUG org.asynchttpclient.netty.request.NettyRequestSender - Using open Channel [id: 0x751f9fc2, L:/127.0.0.1:49367 - R:localhost/127.0.0.1:59608] for POST '/session/f978f79734ec3bd95b8a570e2bf8f069/element'
18:18:21.364 [AsyncHttpClient-1-7] DEBUG org.asynchttpclient.netty.handler.HttpHandler - 

Request DefaultHttpRequest(decodeResult: success, version: HTTP/1.1)
POST /session/f978f79734ec3bd95b8a570e2bf8f069/element HTTP/1.1
User-Agent: selenium/4.1.2 (java windows)
Content-Length: 77
Content-Type: application/json; charset=utf-8
host: localhost:59608
accept: */*

Response DefaultHttpResponse(decodeResult: success, version: HTTP/1.1)
HTTP/1.1 200 OK
Content-Type: application/json; charset=utf-8
cache-control: no-cache
content-length: 88

18:18:21.364 [AsyncHttpClient-1-7] DEBUG org.asynchttpclient.netty.channel.ChannelManager - Adding key: http://localhost:59608 for channel [id: 0x751f9fc2, L:/127.0.0.1:49367 - R:localhost/127.0.0.1:59608]
18:18:21.368 [Forwarding isElementDisplayed on session f978f79734ec3bd95b8a570e2bf8f069 to remote] DEBUG org.asynchttpclient.netty.request.NettyRequestSender - Using pooled Channel '[id: 0x751f9fc2, L:/127.0.0.1:49367 - R:localhost/127.0.0.1:59608]' for 'POST' to 'http://localhost:59608/session/f978f79734ec3bd95b8a570e2bf8f069/execute/sync'
18:18:21.368 [Forwarding isElementDisplayed on session f978f79734ec3bd95b8a570e2bf8f069 to remote] DEBUG org.asynchttpclient.netty.request.NettyRequestSender - Using open Channel [id: 0x751f9fc2, L:/127.0.0.1:49367 - R:localhost/127.0.0.1:59608] for POST '/session/f978f79734ec3bd95b8a570e2bf8f069/execute/sync'
18:18:21.394 [AsyncHttpClient-1-7] DEBUG org.asynchttpclient.netty.handler.HttpHandler - 

Request DefaultHttpRequest(decodeResult: success, version: HTTP/1.1)
POST /session/f978f79734ec3bd95b8a570e2bf8f069/execute/sync HTTP/1.1
User-Agent: selenium/4.1.2 (java windows)
Content-Length: 48780
Content-Type: application/json; charset=utf-8
host: localhost:59608
accept: */*

Response DefaultHttpResponse(decodeResult: success, version: HTTP/1.1)
HTTP/1.1 200 OK
Content-Type: application/json; charset=utf-8
cache-control: no-cache
content-length: 14

18:18:21.394 [AsyncHttpClient-1-7] DEBUG org.asynchttpclient.netty.channel.ChannelManager - Adding key: http://localhost:59608 for channel [id: 0x751f9fc2, L:/127.0.0.1:49367 - R:localhost/127.0.0.1:59608]
  &amp#27;[32mGiven &amp#27;[0m&amp#27;[32mI am on the home page&amp#27;[0m            &amp#27;[90m# starter.stepdefinitions.LoginStepDefinition.iAmOnTheHomePage()&amp#27;[0m
18:18:21.398 [Forwarding screenshot on session f978f79734ec3bd95b8a570e2bf8f069 to remote] DEBUG org.asynchttpclient.netty.request.NettyRequestSender - Using pooled Channel '[id: 0x751f9fc2, L:/127.0.0.1:49367 - R:localhost/127.0.0.1:59608]' for 'GET' to 'http://localhost:59608/session/f978f79734ec3bd95b8a570e2bf8f069/screenshot'
18:18:21.398 [Forwarding screenshot on session f978f79734ec3bd95b8a570e2bf8f069 to remote] DEBUG org.asynchttpclient.netty.request.NettyRequestSender - Using open Channel [id: 0x751f9fc2, L:/127.0.0.1:49367 - R:localhost/127.0.0.1:59608] for GET '/session/f978f79734ec3bd95b8a570e2bf8f069/screenshot'
18:18:21.566 [AsyncHttpClient-1-7] DEBUG org.asynchttpclient.netty.handler.HttpHandler - 

Request DefaultFullHttpRequest(decodeResult: success, version: HTTP/1.1, content: EmptyByteBufBE)
GET /session/f978f79734ec3bd95b8a570e2bf8f069/screenshot HTTP/1.1
User-Agent: selenium/4.1.2 (java windows)
Cache-Control: no-cache
Content-Type: application/json; charset=utf-8
host: localhost:59608
accept: */*

Response DefaultHttpResponse(decodeResult: success, version: HTTP/1.1)
HTTP/1.1 200 OK
Content-Type: application/json; charset=utf-8
cache-control: no-cache
content-length: 33068

18:18:21.566 [AsyncHttpClient-1-7] DEBUG org.asynchttpclient.netty.channel.ChannelManager - Adding key: http://localhost:59608 for channel [id: 0x751f9fc2, L:/127.0.0.1:49367 - R:localhost/127.0.0.1:59608]
18:18:21.567 [main] DEBUG net.serenitybdd.core.photography.Darkroom - Send negative for processing for target\site\serenity\cf9da1295b0b167f2806f171a57391dcf15e9df89921d169b2be2910c031f4f2.png
18:18:21.567 [Darkroom Processing Line] DEBUG net.serenitybdd.core.photography.DarkroomProcessingLine - Processing screenshot image in /var/screenshots/screenshot-12078990695508531925
18:18:21.567 [Darkroom Processing Line] DEBUG net.serenitybdd.core.photography.DarkroomProcessingLine - Saving screenshot to target\site\serenity\cf9da1295b0b167f2806f171a57391dcf15e9df89921d169b2be2910c031f4f2.png
18:18:21.577 [Forwarding findElement on session f978f79734ec3bd95b8a570e2bf8f069 to remote] DEBUG org.asynchttpclient.netty.request.NettyRequestSender - Using pooled Channel '[id: 0x751f9fc2, L:/127.0.0.1:49367 - R:localhost/127.0.0.1:59608]' for 'POST' to 'http://localhost:59608/session/f978f79734ec3bd95b8a570e2bf8f069/element'
18:18:21.577 [Forwarding findElement on session f978f79734ec3bd95b8a570e2bf8f069 to remote] DEBUG org.asynchttpclient.netty.request.NettyRequestSender - Using open Channel [id: 0x751f9fc2, L:/127.0.0.1:49367 - R:localhost/127.0.0.1:59608] for POST '/session/f978f79734ec3bd95b8a570e2bf8f069/element'
18:18:22.291 [AsyncHttpClient-1-1] DEBUG org.asynchttpclient.netty.channel.DefaultChannelPool - Entry count for : http://localhost:49368 : 1
18:18:23.397 [AsyncHttpClient-1-1] DEBUG org.asynchttpclient.netty.channel.DefaultChannelPool - Entry count for : http://localhost:49368 : 1
18:18:23.618 [AsyncHttpClient-1-7] DEBUG org.asynchttpclient.netty.handler.HttpHandler - 

Request DefaultHttpRequest(decodeResult: success, version: HTTP/1.1)
POST /session/f978f79734ec3bd95b8a570e2bf8f069/element HTTP/1.1
User-Agent: selenium/4.1.2 (java windows)
Content-Length: 117
Content-Type: application/json; charset=utf-8
host: localhost:59608
accept: */*

Response DefaultHttpResponse(decodeResult: success, version: HTTP/1.1)
HTTP/1.1 404 Not Found
Content-Type: application/json; charset=utf-8
cache-control: no-cache
content-length: 1040

18:18:23.619 [AsyncHttpClient-1-7] DEBUG org.asynchttpclient.netty.channel.ChannelManager - Adding key: http://localhost:59608 for channel [id: 0x751f9fc2, L:/127.0.0.1:49367 - R:localhost/127.0.0.1:59608]
18:18:23.724 [Forwarding findElement on session f978f79734ec3bd95b8a570e2bf8f069 to remote] DEBUG org.asynchttpclient.netty.request.NettyRequestSender - Using pooled Channel '[id: 0x751f9fc2, L:/127.0.0.1:49367 - R:localhost/127.0.0.1:59608]' for 'POST' to 'http://localhost:59608/session/f978f79734ec3bd95b8a570e2bf8f069/element'
18:18:23.724 [Forwarding findElement on session f978f79734ec3bd95b8a570e2bf8f069 to remote] DEBUG org.asynchttpclient.netty.request.NettyRequestSender - Using open Channel [id: 0x751f9fc2, L:/127.0.0.1:49367 - R:localhost/127.0.0.1:59608] for POST '/session/f978f79734ec3bd95b8a570e2bf8f069/element'
18:18:24.489 [AsyncHttpClient-1-1] DEBUG org.asynchttpclient.netty.channel.DefaultChannelPool - Entry count for : http://localhost:49368 : 1
18:18:24.743 [AsyncHttpClient-1-7] DEBUG org.asynchttpclient.netty.handler.HttpHandler - 

Request DefaultHttpRequest(decodeResult: success, version: HTTP/1.1)
POST /session/f978f79734ec3bd95b8a570e2bf8f069/element HTTP/1.1
User-Agent: selenium/4.1.2 (java windows)
Content-Length: 117
Content-Type: application/json; charset=utf-8
host: localhost:59608
accept: */*

Response DefaultHttpResponse(decodeResult: success, version: HTTP/1.1)
HTTP/1.1 200 OK
Content-Type: application/json; charset=utf-8
cache-control: no-cache
content-length: 88

18:18:24.743 [AsyncHttpClient-1-7] DEBUG org.asynchttpclient.netty.channel.ChannelManager - Adding key: http://localhost:59608 for channel [id: 0x751f9fc2, L:/127.0.0.1:49367 - R:localhost/127.0.0.1:59608]
18:18:24.744 [Forwarding getElementTagName on session f978f79734ec3bd95b8a570e2bf8f069 to remote] DEBUG org.asynchttpclient.netty.request.NettyRequestSender - Using pooled Channel '[id: 0x751f9fc2, L:/127.0.0.1:49367 - R:localhost/127.0.0.1:59608]' for 'GET' to 'http://localhost:59608/session/f978f79734ec3bd95b8a570e2bf8f069/element/24d865c8-71cb-431c-b159-6af9b0469c61/name'
18:18:24.744 [Forwarding getElementTagName on session f978f79734ec3bd95b8a570e2bf8f069 to remote] DEBUG org.asynchttpclient.netty.request.NettyRequestSender - Using open Channel [id: 0x751f9fc2, L:/127.0.0.1:49367 - R:localhost/127.0.0.1:59608] for GET '/session/f978f79734ec3bd95b8a570e2bf8f069/element/24d865c8-71cb-431c-b159-6af9b0469c61/name'
18:18:24.777 [AsyncHttpClient-1-7] DEBUG org.asynchttpclient.netty.handler.HttpHandler - 

Request DefaultFullHttpRequest(decodeResult: success, version: HTTP/1.1, content: EmptyByteBufBE)
GET /session/f978f79734ec3bd95b8a570e2bf8f069/element/24d865c8-71cb-431c-b159-6af9b0469c61/name HTTP/1.1
User-Agent: selenium/4.1.2 (java windows)
Cache-Control: no-cache
Content-Type: application/json; charset=utf-8
host: localhost:59608
accept: */*

Response DefaultHttpResponse(decodeResult: success, version: HTTP/1.1)
HTTP/1.1 200 OK
Content-Type: application/json; charset=utf-8
cache-control: no-cache
content-length: 16

18:18:24.778 [AsyncHttpClient-1-7] DEBUG org.asynchttpclient.netty.channel.ChannelManager - Adding key: http://localhost:59608 for channel [id: 0x751f9fc2, L:/127.0.0.1:49367 - R:localhost/127.0.0.1:59608]
18:18:24.778 [Forwarding getElementTagName on session f978f79734ec3bd95b8a570e2bf8f069 to remote] DEBUG org.asynchttpclient.netty.request.NettyRequestSender - Using pooled Channel '[id: 0x751f9fc2, L:/127.0.0.1:49367 - R:localhost/127.0.0.1:59608]' for 'GET' to 'http://localhost:59608/session/f978f79734ec3bd95b8a570e2bf8f069/element/24d865c8-71cb-431c-b159-6af9b0469c61/name'
18:18:24.778 [Forwarding getElementTagName on session f978f79734ec3bd95b8a570e2bf8f069 to remote] DEBUG org.asynchttpclient.netty.request.NettyRequestSender - Using open Channel [id: 0x751f9fc2, L:/127.0.0.1:49367 - R:localhost/127.0.0.1:59608] for GET '/session/f978f79734ec3bd95b8a570e2bf8f069/element/24d865c8-71cb-431c-b159-6af9b0469c61/name'
18:18:24.782 [AsyncHttpClient-1-7] DEBUG org.asynchttpclient.netty.handler.HttpHandler - 

Request DefaultFullHttpRequest(decodeResult: success, version: HTTP/1.1, content: EmptyByteBufBE)
GET /session/f978f79734ec3bd95b8a570e2bf8f069/element/24d865c8-71cb-431c-b159-6af9b0469c61/name HTTP/1.1
User-Agent: selenium/4.1.2 (java windows)
Cache-Control: no-cache
Content-Type: application/json; charset=utf-8
host: localhost:59608
accept: */*

Response DefaultHttpResponse(decodeResult: success, version: HTTP/1.1)
HTTP/1.1 200 OK
Content-Type: application/json; charset=utf-8
cache-control: no-cache
content-length: 16

18:18:24.782 [AsyncHttpClient-1-7] DEBUG org.asynchttpclient.netty.channel.ChannelManager - Adding key: http://localhost:59608 for channel [id: 0x751f9fc2, L:/127.0.0.1:49367 - R:localhost/127.0.0.1:59608]
18:18:24.783 [Forwarding findElement on session f978f79734ec3bd95b8a570e2bf8f069 to remote] DEBUG org.asynchttpclient.netty.request.NettyRequestSender - Using pooled Channel '[id: 0x751f9fc2, L:/127.0.0.1:49367 - R:localhost/127.0.0.1:59608]' for 'POST' to 'http://localhost:59608/session/f978f79734ec3bd95b8a570e2bf8f069/element'
18:18:24.783 [Forwarding findElement on session f978f79734ec3bd95b8a570e2bf8f069 to remote] DEBUG org.asynchttpclient.netty.request.NettyRequestSender - Using open Channel [id: 0x751f9fc2, L:/127.0.0.1:49367 - R:localhost/127.0.0.1:59608] for POST '/session/f978f79734ec3bd95b8a570e2bf8f069/element'
18:18:24.799 [AsyncHttpClient-1-7] DEBUG org.asynchttpclient.netty.handler.HttpHandler - 

Request DefaultHttpRequest(decodeResult: success, version: HTTP/1.1)
POST /session/f978f79734ec3bd95b8a570e2bf8f069/element HTTP/1.1
User-Agent: selenium/4.1.2 (java windows)
Content-Length: 117
Content-Type: application/json; charset=utf-8
host: localhost:59608
accept: */*

Response DefaultHttpResponse(decodeResult: success, version: HTTP/1.1)
HTTP/1.1 200 OK
Content-Type: application/json; charset=utf-8
cache-control: no-cache
content-length: 88

18:18:24.799 [AsyncHttpClient-1-7] DEBUG org.asynchttpclient.netty.channel.ChannelManager - Adding key: http://localhost:59608 for channel [id: 0x751f9fc2, L:/127.0.0.1:49367 - R:localhost/127.0.0.1:59608]
18:18:24.800 [Forwarding clickElement on session f978f79734ec3bd95b8a570e2bf8f069 to remote] DEBUG org.asynchttpclient.netty.request.NettyRequestSender - Using pooled Channel '[id: 0x751f9fc2, L:/127.0.0.1:49367 - R:localhost/127.0.0.1:59608]' for 'POST' to 'http://localhost:59608/session/f978f79734ec3bd95b8a570e2bf8f069/element/24d865c8-71cb-431c-b159-6af9b0469c61/click'
18:18:24.800 [Forwarding clickElement on session f978f79734ec3bd95b8a570e2bf8f069 to remote] DEBUG org.asynchttpclient.netty.request.NettyRequestSender - Using open Channel [id: 0x751f9fc2, L:/127.0.0.1:49367 - R:localhost/127.0.0.1:59608] for POST '/session/f978f79734ec3bd95b8a570e2bf8f069/element/24d865c8-71cb-431c-b159-6af9b0469c61/click'
18:18:24.861 [AsyncHttpClient-1-7] DEBUG org.asynchttpclient.netty.handler.HttpHandler - 

Request DefaultHttpRequest(decodeResult: success, version: HTTP/1.1)
POST /session/f978f79734ec3bd95b8a570e2bf8f069/element/24d865c8-71cb-431c-b159-6af9b0469c61/click HTTP/1.1
User-Agent: selenium/4.1.2 (java windows)
Content-Length: 50
Content-Type: application/json; charset=utf-8
host: localhost:59608
accept: */*

Response DefaultHttpResponse(decodeResult: success, version: HTTP/1.1)
HTTP/1.1 200 OK
Content-Type: application/json; charset=utf-8
cache-control: no-cache
content-length: 14

18:18:24.861 [AsyncHttpClient-1-7] DEBUG org.asynchttpclient.netty.channel.ChannelManager - Adding key: http://localhost:59608 for channel [id: 0x751f9fc2, L:/127.0.0.1:49367 - R:localhost/127.0.0.1:59608]
18:18:24.864 [Forwarding findElement on session f978f79734ec3bd95b8a570e2bf8f069 to remote] DEBUG org.asynchttpclient.netty.request.NettyRequestSender - Using pooled Channel '[id: 0x751f9fc2, L:/127.0.0.1:49367 - R:localhost/127.0.0.1:59608]' for 'POST' to 'http://localhost:59608/session/f978f79734ec3bd95b8a570e2bf8f069/element'
18:18:24.864 [Forwarding findElement on session f978f79734ec3bd95b8a570e2bf8f069 to remote] DEBUG org.asynchttpclient.netty.request.NettyRequestSender - Using open Channel [id: 0x751f9fc2, L:/127.0.0.1:49367 - R:localhost/127.0.0.1:59608] for POST '/session/f978f79734ec3bd95b8a570e2bf8f069/element'
18:18:24.888 [AsyncHttpClient-1-7] DEBUG org.asynchttpclient.netty.handler.HttpHandler - 

Request DefaultHttpRequest(decodeResult: success, version: HTTP/1.1)
POST /session/f978f79734ec3bd95b8a570e2bf8f069/element HTTP/1.1
User-Agent: selenium/4.1.2 (java windows)
Content-Length: 117
Content-Type: application/json; charset=utf-8
host: localhost:59608
accept: */*

Response DefaultHttpResponse(decodeResult: success, version: HTTP/1.1)
HTTP/1.1 200 OK
Content-Type: application/json; charset=utf-8
cache-control: no-cache
content-length: 88

18:18:24.888 [AsyncHttpClient-1-7] DEBUG org.asynchttpclient.netty.channel.ChannelManager - Adding key: http://localhost:59608 for channel [id: 0x751f9fc2, L:/127.0.0.1:49367 - R:localhost/127.0.0.1:59608]
18:18:24.890 [Forwarding getElementTagName on session f978f79734ec3bd95b8a570e2bf8f069 to remote] DEBUG org.asynchttpclient.netty.request.NettyRequestSender - Using pooled Channel '[id: 0x751f9fc2, L:/127.0.0.1:49367 - R:localhost/127.0.0.1:59608]' for 'GET' to 'http://localhost:59608/session/f978f79734ec3bd95b8a570e2bf8f069/element/24d865c8-71cb-431c-b159-6af9b0469c61/name'
18:18:24.890 [Forwarding getElementTagName on session f978f79734ec3bd95b8a570e2bf8f069 to remote] DEBUG org.asynchttpclient.netty.request.NettyRequestSender - Using open Channel [id: 0x751f9fc2, L:/127.0.0.1:49367 - R:localhost/127.0.0.1:59608] for GET '/session/f978f79734ec3bd95b8a570e2bf8f069/element/24d865c8-71cb-431c-b159-6af9b0469c61/name'
18:18:24.893 [AsyncHttpClient-1-7] DEBUG org.asynchttpclient.netty.handler.HttpHandler - 

Request DefaultFullHttpRequest(decodeResult: success, version: HTTP/1.1, content: EmptyByteBufBE)
GET /session/f978f79734ec3bd95b8a570e2bf8f069/element/24d865c8-71cb-431c-b159-6af9b0469c61/name HTTP/1.1
User-Agent: selenium/4.1.2 (java windows)
Cache-Control: no-cache
Content-Type: application/json; charset=utf-8
host: localhost:59608
accept: */*

Response DefaultHttpResponse(decodeResult: success, version: HTTP/1.1)
HTTP/1.1 200 OK
Content-Type: application/json; charset=utf-8
cache-control: no-cache
content-length: 16

18:18:24.894 [AsyncHttpClient-1-7] DEBUG org.asynchttpclient.netty.channel.ChannelManager - Adding key: http://localhost:59608 for channel [id: 0x751f9fc2, L:/127.0.0.1:49367 - R:localhost/127.0.0.1:59608]
18:18:24.894 [Forwarding getElementTagName on session f978f79734ec3bd95b8a570e2bf8f069 to remote] DEBUG org.asynchttpclient.netty.request.NettyRequestSender - Using pooled Channel '[id: 0x751f9fc2, L:/127.0.0.1:49367 - R:localhost/127.0.0.1:59608]' for 'GET' to 'http://localhost:59608/session/f978f79734ec3bd95b8a570e2bf8f069/element/24d865c8-71cb-431c-b159-6af9b0469c61/name'
18:18:24.894 [Forwarding getElementTagName on session f978f79734ec3bd95b8a570e2bf8f069 to remote] DEBUG org.asynchttpclient.netty.request.NettyRequestSender - Using open Channel [id: 0x751f9fc2, L:/127.0.0.1:49367 - R:localhost/127.0.0.1:59608] for GET '/session/f978f79734ec3bd95b8a570e2bf8f069/element/24d865c8-71cb-431c-b159-6af9b0469c61/name'
18:18:24.897 [AsyncHttpClient-1-7] DEBUG org.asynchttpclient.netty.handler.HttpHandler - 

Request DefaultFullHttpRequest(decodeResult: success, version: HTTP/1.1, content: EmptyByteBufBE)
GET /session/f978f79734ec3bd95b8a570e2bf8f069/element/24d865c8-71cb-431c-b159-6af9b0469c61/name HTTP/1.1
User-Agent: selenium/4.1.2 (java windows)
Cache-Control: no-cache
Content-Type: application/json; charset=utf-8
host: localhost:59608
accept: */*

Response DefaultHttpResponse(decodeResult: success, version: HTTP/1.1)
HTTP/1.1 200 OK
Content-Type: application/json; charset=utf-8
cache-control: no-cache
content-length: 16

18:18:24.897 [AsyncHttpClient-1-7] DEBUG org.asynchttpclient.netty.channel.ChannelManager - Adding key: http://localhost:59608 for channel [id: 0x751f9fc2, L:/127.0.0.1:49367 - R:localhost/127.0.0.1:59608]
18:18:24.898 [Forwarding findElement on session f978f79734ec3bd95b8a570e2bf8f069 to remote] DEBUG org.asynchttpclient.netty.request.NettyRequestSender - Using pooled Channel '[id: 0x751f9fc2, L:/127.0.0.1:49367 - R:localhost/127.0.0.1:59608]' for 'POST' to 'http://localhost:59608/session/f978f79734ec3bd95b8a570e2bf8f069/element'
18:18:24.898 [Forwarding findElement on session f978f79734ec3bd95b8a570e2bf8f069 to remote] DEBUG org.asynchttpclient.netty.request.NettyRequestSender - Using open Channel [id: 0x751f9fc2, L:/127.0.0.1:49367 - R:localhost/127.0.0.1:59608] for POST '/session/f978f79734ec3bd95b8a570e2bf8f069/element'
18:18:24.931 [AsyncHttpClient-1-7] DEBUG org.asynchttpclient.netty.handler.HttpHandler - 

Request DefaultHttpRequest(decodeResult: success, version: HTTP/1.1)
POST /session/f978f79734ec3bd95b8a570e2bf8f069/element HTTP/1.1
User-Agent: selenium/4.1.2 (java windows)
Content-Length: 117
Content-Type: application/json; charset=utf-8
host: localhost:59608
accept: */*

Response DefaultHttpResponse(decodeResult: success, version: HTTP/1.1)
HTTP/1.1 200 OK
Content-Type: application/json; charset=utf-8
cache-control: no-cache
content-length: 88

18:18:24.931 [AsyncHttpClient-1-7] DEBUG org.asynchttpclient.netty.channel.ChannelManager - Adding key: http://localhost:59608 for channel [id: 0x751f9fc2, L:/127.0.0.1:49367 - R:localhost/127.0.0.1:59608]
18:18:24.931 [Forwarding clickElement on session f978f79734ec3bd95b8a570e2bf8f069 to remote] DEBUG org.asynchttpclient.netty.request.NettyRequestSender - Using pooled Channel '[id: 0x751f9fc2, L:/127.0.0.1:49367 - R:localhost/127.0.0.1:59608]' for 'POST' to 'http://localhost:59608/session/f978f79734ec3bd95b8a570e2bf8f069/element/24d865c8-71cb-431c-b159-6af9b0469c61/click'
18:18:24.931 [Forwarding clickElement on session f978f79734ec3bd95b8a570e2bf8f069 to remote] DEBUG org.asynchttpclient.netty.request.NettyRequestSender - Using open Channel [id: 0x751f9fc2, L:/127.0.0.1:49367 - R:localhost/127.0.0.1:59608] for POST '/session/f978f79734ec3bd95b8a570e2bf8f069/element/24d865c8-71cb-431c-b159-6af9b0469c61/click'
18:18:24.989 [AsyncHttpClient-1-7] DEBUG org.asynchttpclient.netty.handler.HttpHandler - 

Request DefaultHttpRequest(decodeResult: success, version: HTTP/1.1)
POST /session/f978f79734ec3bd95b8a570e2bf8f069/element/24d865c8-71cb-431c-b159-6af9b0469c61/click HTTP/1.1
User-Agent: selenium/4.1.2 (java windows)
Content-Length: 50
Content-Type: application/json; charset=utf-8
host: localhost:59608
accept: */*

Response DefaultHttpResponse(decodeResult: success, version: HTTP/1.1)
HTTP/1.1 200 OK
Content-Type: application/json; charset=utf-8
cache-control: no-cache
content-length: 14

18:18:24.990 [AsyncHttpClient-1-7] DEBUG org.asynchttpclient.netty.channel.ChannelManager - Adding key: http://localhost:59608 for channel [id: 0x751f9fc2, L:/127.0.0.1:49367 - R:localhost/127.0.0.1:59608]
  &amp#27;[32mWhen &amp#27;[0m&amp#27;[32mI click buy button to two product&amp#27;[0m &amp#27;[90m# starter.stepdefinitions.OrderStep.iClickBuyButtonToTwoProduct()&amp#27;[0m
18:18:24.996 [Forwarding screenshot on session f978f79734ec3bd95b8a570e2bf8f069 to remote] DEBUG org.asynchttpclient.netty.request.NettyRequestSender - Using pooled Channel '[id: 0x751f9fc2, L:/127.0.0.1:49367 - R:localhost/127.0.0.1:59608]' for 'GET' to 'http://localhost:59608/session/f978f79734ec3bd95b8a570e2bf8f069/screenshot'
18:18:24.996 [Forwarding screenshot on session f978f79734ec3bd95b8a570e2bf8f069 to remote] DEBUG org.asynchttpclient.netty.request.NettyRequestSender - Using open Channel [id: 0x751f9fc2, L:/127.0.0.1:49367 - R:localhost/127.0.0.1:59608] for GET '/session/f978f79734ec3bd95b8a570e2bf8f069/screenshot'
18:18:25.174 [AsyncHttpClient-1-7] DEBUG org.asynchttpclient.netty.handler.HttpHandler - 

Request DefaultFullHttpRequest(decodeResult: success, version: HTTP/1.1, content: EmptyByteBufBE)
GET /session/f978f79734ec3bd95b8a570e2bf8f069/screenshot HTTP/1.1
User-Agent: selenium/4.1.2 (java windows)
Cache-Control: no-cache
Content-Type: application/json; charset=utf-8
host: localhost:59608
accept: */*

Response DefaultHttpResponse(decodeResult: success, version: HTTP/1.1)
HTTP/1.1 200 OK
Content-Type: application/json; charset=utf-8
cache-control: no-cache
content-length: 78720

18:18:25.174 [AsyncHttpClient-1-7] DEBUG org.asynchttpclient.netty.channel.ChannelManager - Adding key: http://localhost:59608 for channel [id: 0x751f9fc2, L:/127.0.0.1:49367 - R:localhost/127.0.0.1:59608]
18:18:25.177 [main] DEBUG net.serenitybdd.core.photography.Darkroom - Send negative for processing for target\site\serenity\1b5c447d2670f94a15663024238761181c9045cd8102d1ebcbe5ab07ffe1179f.png
18:18:25.177 [Darkroom Processing Line] DEBUG net.serenitybdd.core.photography.DarkroomProcessingLine - Processing screenshot image in /var/screenshots/screenshot-16563613912751828594
18:18:25.177 [Darkroom Processing Line] DEBUG net.serenitybdd.core.photography.DarkroomProcessingLine - Saving screenshot to target\site\serenity\1b5c447d2670f94a15663024238761181c9045cd8102d1ebcbe5ab07ffe1179f.png
18:18:25.182 [Forwarding findElement on session f978f79734ec3bd95b8a570e2bf8f069 to remote] DEBUG org.asynchttpclient.netty.request.NettyRequestSender - Using pooled Channel '[id: 0x751f9fc2, L:/127.0.0.1:49367 - R:localhost/127.0.0.1:59608]' for 'POST' to 'http://localhost:59608/session/f978f79734ec3bd95b8a570e2bf8f069/element'
18:18:25.182 [Forwarding findElement on session f978f79734ec3bd95b8a570e2bf8f069 to remote] DEBUG org.asynchttpclient.netty.request.NettyRequestSender - Using open Channel [id: 0x751f9fc2, L:/127.0.0.1:49367 - R:localhost/127.0.0.1:59608] for POST '/session/f978f79734ec3bd95b8a570e2bf8f069/element'
18:18:25.199 [AsyncHttpClient-1-7] DEBUG org.asynchttpclient.netty.handler.HttpHandler - 

Request DefaultHttpRequest(decodeResult: success, version: HTTP/1.1)
POST /session/f978f79734ec3bd95b8a570e2bf8f069/element HTTP/1.1
User-Agent: selenium/4.1.2 (java windows)
Content-Length: 101
Content-Type: application/json; charset=utf-8
host: localhost:59608
accept: */*

Response DefaultHttpResponse(decodeResult: success, version: HTTP/1.1)
HTTP/1.1 200 OK
Content-Type: application/json; charset=utf-8
cache-control: no-cache
content-length: 88

18:18:25.199 [AsyncHttpClient-1-7] DEBUG org.asynchttpclient.netty.channel.ChannelManager - Adding key: http://localhost:59608 for channel [id: 0x751f9fc2, L:/127.0.0.1:49367 - R:localhost/127.0.0.1:59608]
18:18:25.200 [Forwarding getElementTagName on session f978f79734ec3bd95b8a570e2bf8f069 to remote] DEBUG org.asynchttpclient.netty.request.NettyRequestSender - Using pooled Channel '[id: 0x751f9fc2, L:/127.0.0.1:49367 - R:localhost/127.0.0.1:59608]' for 'GET' to 'http://localhost:59608/session/f978f79734ec3bd95b8a570e2bf8f069/element/7d324dc9-c65f-418c-a372-ad2249f4b98d/name'
18:18:25.200 [Forwarding getElementTagName on session f978f79734ec3bd95b8a570e2bf8f069 to remote] DEBUG org.asynchttpclient.netty.request.NettyRequestSender - Using open Channel [id: 0x751f9fc2, L:/127.0.0.1:49367 - R:localhost/127.0.0.1:59608] for GET '/session/f978f79734ec3bd95b8a570e2bf8f069/element/7d324dc9-c65f-418c-a372-ad2249f4b98d/name'
18:18:25.203 [AsyncHttpClient-1-7] DEBUG org.asynchttpclient.netty.handler.HttpHandler - 

Request DefaultFullHttpRequest(decodeResult: success, version: HTTP/1.1, content: EmptyByteBufBE)
GET /session/f978f79734ec3bd95b8a570e2bf8f069/element/7d324dc9-c65f-418c-a372-ad2249f4b98d/name HTTP/1.1
User-Agent: selenium/4.1.2 (java windows)
Cache-Control: no-cache
Content-Type: application/json; charset=utf-8
host: localhost:59608
accept: */*

Response DefaultHttpResponse(decodeResult: success, version: HTTP/1.1)
HTTP/1.1 200 OK
Content-Type: application/json; charset=utf-8
cache-control: no-cache
content-length: 13

18:18:25.203 [AsyncHttpClient-1-7] DEBUG org.asynchttpclient.netty.channel.ChannelManager - Adding key: http://localhost:59608 for channel [id: 0x751f9fc2, L:/127.0.0.1:49367 - R:localhost/127.0.0.1:59608]
18:18:25.204 [Forwarding getElementTagName on session f978f79734ec3bd95b8a570e2bf8f069 to remote] DEBUG org.asynchttpclient.netty.request.NettyRequestSender - Using pooled Channel '[id: 0x751f9fc2, L:/127.0.0.1:49367 - R:localhost/127.0.0.1:59608]' for 'GET' to 'http://localhost:59608/session/f978f79734ec3bd95b8a570e2bf8f069/element/7d324dc9-c65f-418c-a372-ad2249f4b98d/name'
18:18:25.204 [Forwarding getElementTagName on session f978f79734ec3bd95b8a570e2bf8f069 to remote] DEBUG org.asynchttpclient.netty.request.NettyRequestSender - Using open Channel [id: 0x751f9fc2, L:/127.0.0.1:49367 - R:localhost/127.0.0.1:59608] for GET '/session/f978f79734ec3bd95b8a570e2bf8f069/element/7d324dc9-c65f-418c-a372-ad2249f4b98d/name'
18:18:25.208 [AsyncHttpClient-1-7] DEBUG org.asynchttpclient.netty.handler.HttpHandler - 

Request DefaultFullHttpRequest(decodeResult: success, version: HTTP/1.1, content: EmptyByteBufBE)
GET /session/f978f79734ec3bd95b8a570e2bf8f069/element/7d324dc9-c65f-418c-a372-ad2249f4b98d/name HTTP/1.1
User-Agent: selenium/4.1.2 (java windows)
Cache-Control: no-cache
Content-Type: application/json; charset=utf-8
host: localhost:59608
accept: */*

Response DefaultHttpResponse(decodeResult: success, version: HTTP/1.1)
HTTP/1.1 200 OK
Content-Type: application/json; charset=utf-8
cache-control: no-cache
content-length: 13

18:18:25.209 [AsyncHttpClient-1-7] DEBUG org.asynchttpclient.netty.channel.ChannelManager - Adding key: http://localhost:59608 for channel [id: 0x751f9fc2, L:/127.0.0.1:49367 - R:localhost/127.0.0.1:59608]
18:18:25.210 [Forwarding findElement on session f978f79734ec3bd95b8a570e2bf8f069 to remote] DEBUG org.asynchttpclient.netty.request.NettyRequestSender - Using pooled Channel '[id: 0x751f9fc2, L:/127.0.0.1:49367 - R:localhost/127.0.0.1:59608]' for 'POST' to 'http://localhost:59608/session/f978f79734ec3bd95b8a570e2bf8f069/element'
18:18:25.210 [Forwarding findElement on session f978f79734ec3bd95b8a570e2bf8f069 to remote] DEBUG org.asynchttpclient.netty.request.NettyRequestSender - Using open Channel [id: 0x751f9fc2, L:/127.0.0.1:49367 - R:localhost/127.0.0.1:59608] for POST '/session/f978f79734ec3bd95b8a570e2bf8f069/element'
18:18:25.216 [AsyncHttpClient-1-7] DEBUG org.asynchttpclient.netty.handler.HttpHandler - 

Request DefaultHttpRequest(decodeResult: success, version: HTTP/1.1)
POST /session/f978f79734ec3bd95b8a570e2bf8f069/element HTTP/1.1
User-Agent: selenium/4.1.2 (java windows)
Content-Length: 101
Content-Type: application/json; charset=utf-8
host: localhost:59608
accept: */*

Response DefaultHttpResponse(decodeResult: success, version: HTTP/1.1)
HTTP/1.1 200 OK
Content-Type: application/json; charset=utf-8
cache-control: no-cache
content-length: 88

18:18:25.216 [AsyncHttpClient-1-7] DEBUG org.asynchttpclient.netty.channel.ChannelManager - Adding key: http://localhost:59608 for channel [id: 0x751f9fc2, L:/127.0.0.1:49367 - R:localhost/127.0.0.1:59608]
18:18:25.217 [Forwarding clickElement on session f978f79734ec3bd95b8a570e2bf8f069 to remote] DEBUG org.asynchttpclient.netty.request.NettyRequestSender - Using pooled Channel '[id: 0x751f9fc2, L:/127.0.0.1:49367 - R:localhost/127.0.0.1:59608]' for 'POST' to 'http://localhost:59608/session/f978f79734ec3bd95b8a570e2bf8f069/element/7d324dc9-c65f-418c-a372-ad2249f4b98d/click'
18:18:25.217 [Forwarding clickElement on session f978f79734ec3bd95b8a570e2bf8f069 to remote] DEBUG org.asynchttpclient.netty.request.NettyRequestSender - Using open Channel [id: 0x751f9fc2, L:/127.0.0.1:49367 - R:localhost/127.0.0.1:59608] for POST '/session/f978f79734ec3bd95b8a570e2bf8f069/element/7d324dc9-c65f-418c-a372-ad2249f4b98d/click'
18:18:25.245 [AsyncHttpClient-1-7] DEBUG org.asynchttpclient.netty.handler.HttpHandler - 

Request DefaultHttpRequest(decodeResult: success, version: HTTP/1.1)
POST /session/f978f79734ec3bd95b8a570e2bf8f069/element/7d324dc9-c65f-418c-a372-ad2249f4b98d/click HTTP/1.1
User-Agent: selenium/4.1.2 (java windows)
Content-Length: 50
Content-Type: application/json; charset=utf-8
host: localhost:59608
accept: */*

Response DefaultHttpResponse(decodeResult: success, version: HTTP/1.1)
HTTP/1.1 200 OK
Content-Type: application/json; charset=utf-8
cache-control: no-cache
content-length: 14

18:18:25.245 [AsyncHttpClient-1-7] DEBUG org.asynchttpclient.netty.channel.ChannelManager - Adding key: http://localhost:59608 for channel [id: 0x751f9fc2, L:/127.0.0.1:49367 - R:localhost/127.0.0.1:59608]
  &amp#27;[32mAnd &amp#27;[0m&amp#27;[32mI click trolley icon&amp#27;[0m               &amp#27;[90m# starter.stepdefinitions.OrderStep.iClickTrolleyIcon()&amp#27;[0m
18:18:25.250 [Forwarding screenshot on session f978f79734ec3bd95b8a570e2bf8f069 to remote] DEBUG org.asynchttpclient.netty.request.NettyRequestSender - Using pooled Channel '[id: 0x751f9fc2, L:/127.0.0.1:49367 - R:localhost/127.0.0.1:59608]' for 'GET' to 'http://localhost:59608/session/f978f79734ec3bd95b8a570e2bf8f069/screenshot'
18:18:25.253 [Forwarding screenshot on session f978f79734ec3bd95b8a570e2bf8f069 to remote] DEBUG org.asynchttpclient.netty.request.NettyRequestSender - Using open Channel [id: 0x751f9fc2, L:/127.0.0.1:49367 - R:localhost/127.0.0.1:59608] for GET '/session/f978f79734ec3bd95b8a570e2bf8f069/screenshot'
18:18:25.557 [AsyncHttpClient-1-7] DEBUG org.asynchttpclient.netty.handler.HttpHandler - 

Request DefaultFullHttpRequest(decodeResult: success, version: HTTP/1.1, content: EmptyByteBufBE)
GET /session/f978f79734ec3bd95b8a570e2bf8f069/screenshot HTTP/1.1
User-Agent: selenium/4.1.2 (java windows)
Cache-Control: no-cache
Content-Type: application/json; charset=utf-8
host: localhost:59608
accept: */*

Response DefaultHttpResponse(decodeResult: success, version: HTTP/1.1)
HTTP/1.1 200 OK
Content-Type: application/json; charset=utf-8
cache-control: no-cache
content-length: 42228

18:18:25.557 [AsyncHttpClient-1-7] DEBUG org.asynchttpclient.netty.channel.ChannelManager - Adding key: http://localhost:59608 for channel [id: 0x751f9fc2, L:/127.0.0.1:49367 - R:localhost/127.0.0.1:59608]
18:18:25.559 [main] DEBUG net.serenitybdd.core.photography.Darkroom - Send negative for processing for target\site\serenity\b28fb7bf0d170ecf04a30ffe82991f71848f010d7143b82531a5d7da006ae48b.png
18:18:25.559 [Darkroom Processing Line] DEBUG net.serenitybdd.core.photography.DarkroomProcessingLine - Processing screenshot image in /var/screenshots/screenshot-14182392985167107460
18:18:25.559 [Darkroom Processing Line] DEBUG net.serenitybdd.core.photography.DarkroomProcessingLine - Saving screenshot to target\site\serenity\b28fb7bf0d170ecf04a30ffe82991f71848f010d7143b82531a5d7da006ae48b.png
18:18:25.564 [Forwarding findElement on session f978f79734ec3bd95b8a570e2bf8f069 to remote] DEBUG org.asynchttpclient.netty.request.NettyRequestSender - Using pooled Channel '[id: 0x751f9fc2, L:/127.0.0.1:49367 - R:localhost/127.0.0.1:59608]' for 'POST' to 'http://localhost:59608/session/f978f79734ec3bd95b8a570e2bf8f069/element'
18:18:25.564 [Forwarding findElement on session f978f79734ec3bd95b8a570e2bf8f069 to remote] DEBUG org.asynchttpclient.netty.request.NettyRequestSender - Using open Channel [id: 0x751f9fc2, L:/127.0.0.1:49367 - R:localhost/127.0.0.1:59608] for POST '/session/f978f79734ec3bd95b8a570e2bf8f069/element'
18:18:25.572 [AsyncHttpClient-1-7] DEBUG org.asynchttpclient.netty.handler.HttpHandler - 

Request DefaultHttpRequest(decodeResult: success, version: HTTP/1.1)
POST /session/f978f79734ec3bd95b8a570e2bf8f069/element HTTP/1.1
User-Agent: selenium/4.1.2 (java windows)
Content-Length: 69
Content-Type: application/json; charset=utf-8
host: localhost:59608
accept: */*

Response DefaultHttpResponse(decodeResult: success, version: HTTP/1.1)
HTTP/1.1 200 OK
Content-Type: application/json; charset=utf-8
cache-control: no-cache
content-length: 88

18:18:25.572 [AsyncHttpClient-1-7] DEBUG org.asynchttpclient.netty.channel.ChannelManager - Adding key: http://localhost:59608 for channel [id: 0x751f9fc2, L:/127.0.0.1:49367 - R:localhost/127.0.0.1:59608]
18:18:25.575 [Forwarding isElementDisplayed on session f978f79734ec3bd95b8a570e2bf8f069 to remote] DEBUG org.asynchttpclient.netty.request.NettyRequestSender - Using pooled Channel '[id: 0x751f9fc2, L:/127.0.0.1:49367 - R:localhost/127.0.0.1:59608]' for 'POST' to 'http://localhost:59608/session/f978f79734ec3bd95b8a570e2bf8f069/execute/sync'
18:18:25.575 [Forwarding isElementDisplayed on session f978f79734ec3bd95b8a570e2bf8f069 to remote] DEBUG org.asynchttpclient.netty.request.NettyRequestSender - Using open Channel [id: 0x751f9fc2, L:/127.0.0.1:49367 - R:localhost/127.0.0.1:59608] for POST '/session/f978f79734ec3bd95b8a570e2bf8f069/execute/sync'
18:18:25.586 [AsyncHttpClient-1-7] DEBUG org.asynchttpclient.netty.handler.HttpHandler - 

Request DefaultHttpRequest(decodeResult: success, version: HTTP/1.1)
POST /session/f978f79734ec3bd95b8a570e2bf8f069/execute/sync HTTP/1.1
User-Agent: selenium/4.1.2 (java windows)
Content-Length: 48780
Content-Type: application/json; charset=utf-8
host: localhost:59608
accept: */*

Response DefaultHttpResponse(decodeResult: success, version: HTTP/1.1)
HTTP/1.1 200 OK
Content-Type: application/json; charset=utf-8
cache-control: no-cache
content-length: 14

18:18:25.586 [AsyncHttpClient-1-7] DEBUG org.asynchttpclient.netty.channel.ChannelManager - Adding key: http://localhost:59608 for channel [id: 0x751f9fc2, L:/127.0.0.1:49367 - R:localhost/127.0.0.1:59608]
  &amp#27;[32mThen &amp#27;[0m&amp#27;[32mQuantity product can showed&amp#27;[0m       &amp#27;[90m# starter.stepdefinitions.OrderStep.quantityProductCanShowed()&amp#27;[0m
18:18:25.590 [main] INFO  - 
  _____   ___   ___   _____     ___     _     ___   ___   ___   ___  
 |_   _| | __| / __| |_   _|   | _ \   /_\   / __| / __| | __| |   \ 
   | |   | _|  \__ \   | |     |  _/  / _ \  \__ \ \__ \ | _|  | |) |
   |_|   |___| |___/   |_|     |_|   /_/ \_\ |___/ |___/ |___| |___/ 

Showed two quantity product
----------------------------------------------------------------------
18:18:25.591 [AsyncHttpClient-1-9] DEBUG org.asynchttpclient.netty.handler.WebSocketHandler - Channel Closed: [id: 0x2d5f081e, L:/127.0.0.1:49375 ! R:localhost/127.0.0.1:49368] with attribute NettyResponseFuture{currentRetry=5,
	isDone=1,
	isCancelled=0,
	asyncHandler=org.asynchttpclient.ws.WebSocketUpgradeHandler@65f5bb3d,
	nettyRequest=org.asynchttpclient.netty.request.NettyRequest@66e4ff12,
	future=java.util.concurrent.CompletableFuture@308dd5c7[Completed normally],
	uri=ws://localhost:49368/devtools/browser/dbbabf55-b086-41aa-9d90-00894059c4e9,
	keepAlive=true,
	redirectCount=0,
	timeoutsHolder=null,
	inAuth=0,
	touch=1667560700345}
18:18:25.592 [AsyncHttpClient-1-9] DEBUG org.asynchttpclient.netty.channel.ChannelManager - Closing Channel [id: 0x2d5f081e, L:/127.0.0.1:49375 ! R:localhost/127.0.0.1:49368] 
18:18:25.592 [Driver Command Executor] DEBUG org.asynchttpclient.netty.request.NettyRequestSender - Using pooled Channel '[id: 0x751f9fc2, L:/127.0.0.1:49367 - R:localhost/127.0.0.1:59608]' for 'DELETE' to 'http://localhost:59608/session/f978f79734ec3bd95b8a570e2bf8f069'
18:18:25.592 [Driver Command Executor] DEBUG org.asynchttpclient.netty.request.NettyRequestSender - Using open Channel [id: 0x751f9fc2, L:/127.0.0.1:49367 - R:localhost/127.0.0.1:59608] for DELETE '/session/f978f79734ec3bd95b8a570e2bf8f069'
18:18:25.594 [AsyncHttpClient-1-1] DEBUG org.asynchttpclient.netty.channel.DefaultChannelPool - Entry count for : http://localhost:49368 : 1
18:18:25.698 [AsyncHttpClient-1-8] DEBUG org.asynchttpclient.netty.handler.HttpHandler - Unexpected I/O exception on channel [id: 0xbe57d5e8, L:/127.0.0.1:49374 - R:localhost/127.0.0.1:49368]
java.io.IOException: An existing connection was forcibly closed by the remote host
	at java.base/sun.nio.ch.SocketDispatcher.read0(Native Method)
	at java.base/sun.nio.ch.SocketDispatcher.read(SocketDispatcher.java:43)
	at java.base/sun.nio.ch.IOUtil.readIntoNativeBuffer(IOUtil.java:276)
	at java.base/sun.nio.ch.IOUtil.read(IOUtil.java:233)
	at java.base/sun.nio.ch.IOUtil.read(IOUtil.java:223)
	at java.base/sun.nio.ch.SocketChannelImpl.read(SocketChannelImpl.java:358)
	at io.netty.buffer.PooledByteBuf.setBytes(PooledByteBuf.java:258)
	at io.netty.buffer.AbstractByteBuf.writeBytes(AbstractByteBuf.java:1132)
	at io.netty.channel.socket.nio.NioSocketChannel.doReadBytes(NioSocketChannel.java:350)
	at io.netty.channel.nio.AbstractNioByteChannel$NioByteUnsafe.read(AbstractNioByteChannel.java:151)
	at io.netty.channel.nio.NioEventLoop.processSelectedKey(NioEventLoop.java:722)
	at io.netty.channel.nio.NioEventLoop.processSelectedKeysOptimized(NioEventLoop.java:658)
	at io.netty.channel.nio.NioEventLoop.processSelectedKeys(NioEventLoop.java:584)
	at io.netty.channel.nio.NioEventLoop.run(NioEventLoop.java:496)
	at io.netty.util.concurrent.SingleThreadEventExecutor$4.run(SingleThreadEventExecutor.java:986)
	at io.netty.util.internal.ThreadExecutorMap$2.run(ThreadExecutorMap.java:74)
	at io.netty.util.concurrent.FastThreadLocalRunnable.run(FastThreadLocalRunnable.java:30)
	at java.base/java.lang.Thread.run(Thread.java:834)
18:18:25.698 [AsyncHttpClient-1-8] DEBUG org.asynchttpclient.netty.channel.ChannelManager - Closing Channel [id: 0xbe57d5e8, L:/127.0.0.1:49374 - R:localhost/127.0.0.1:49368] 
18:18:25.698 [AsyncHttpClient-1-8] DEBUG org.asynchttpclient.netty.handler.HttpHandler - Channel Closed: [id: 0xbe57d5e8, L:/127.0.0.1:49374 ! R:localhost/127.0.0.1:49368] with attribute DISCARD
18:18:25.721 [AsyncHttpClient-1-7] DEBUG org.asynchttpclient.netty.handler.HttpHandler - 

Request DefaultFullHttpRequest(decodeResult: success, version: HTTP/1.1, content: EmptyByteBufBE)
DELETE /session/f978f79734ec3bd95b8a570e2bf8f069 HTTP/1.1
User-Agent: selenium/4.1.2 (java windows)
Content-Type: application/json; charset=utf-8
host: localhost:59608
accept: */*

Response DefaultHttpResponse(decodeResult: success, version: HTTP/1.1)
HTTP/1.1 200 OK
Content-Type: application/json; charset=utf-8
cache-control: no-cache
content-length: 14

18:18:25.721 [AsyncHttpClient-1-7] DEBUG org.asynchttpclient.netty.channel.ChannelManager - Adding key: http://localhost:59608 for channel [id: 0x751f9fc2, L:/127.0.0.1:49367 - R:localhost/127.0.0.1:59608]
18:18:25.768 [AsyncHttpClient-1-7] DEBUG org.asynchttpclient.netty.handler.HttpHandler - Channel Closed: [id: 0x751f9fc2, L:/127.0.0.1:49367 ! R:localhost/127.0.0.1:59608] with attribute DISCARD
]]></system-out>
    <system-err><![CDATA[Starting ChromeDriver 107.0.5304.62 (1eec40d3a5764881c92085aaee66d25075c159aa-refs/branch-heads/5304@{#942}) on port 59608
Only local connections are allowed.
Please see https://chromedriver.chromium.org/security-considerations for suggestions on keeping ChromeDriver safe.
ChromeDriver was started successfully.
Nov 04, 2022 6:18:20 PM org.openqa.selenium.remote.ProtocolHandshake createSession
INFO: Detected dialect: W3C
Nov 04, 2022 6:18:20 PM org.openqa.selenium.devtools.CdpVersionFinder findNearestMatch
WARNING: Unable to find an exact match for CDP version 107, so returning the closest version found: a no-op implementation
Nov 04, 2022 6:18:20 PM org.openqa.selenium.devtools.CdpVersionFinder findNearestMatch
INFO: Unable to find CDP implementation matching 107.
Nov 04, 2022 6:18:20 PM org.openqa.selenium.chromium.ChromiumDriver lambda$new$3
WARNING: Unable to find version of CDP to use for . You may need to include a dependency on a specific version of the CDP using something similar to `org.seleniumhq.selenium:selenium-devtools-v86:4.1.2` where the version ("v86") matches the version of the chromium-based browser you're using and the version number of the artifact is the same as Selenium's.
]]></system-err>
  </testcase>
  <testcase name="Pay the product" classname="Order" time="6.827">
    <system-out><![CDATA[
@Order
Scenario: Pay the product       &amp#27;[90m# src/test/resources/features/order.feature:31&amp#27;[0m
18:18:25.846 [main] INFO io.cucumber.core.plugin.SerenityReporter - Running feature from file:///D:/Ra/file%20kuliah/semester%207/resume%20alta/Mini%20Project/Web/AltaShop/src/test/resources/features/order.feature
18:18:25.848 [main] INFO  - 
  _____   ___   ___   _____     ___   _____     _     ___   _____   ___   ___  
 |_   _| | __| / __| |_   _|   / __| |_   _|   /_\   | _ \ |_   _| | __| |   \ 
   | |   | _|  \__ \   | |     \__ \   | |    / _ \  |   /   | |   | _|  | |) |
   |_|   |___| |___/   |_|     |___/   |_|   /_/ \_\ |_|_\   |_|   |___| |___/ 

Pay the product(order;pay-the-product)
--------------------------------------------------------------------------------
18:18:25.857 [main] INFO net.serenitybdd.core.webdriver.driverproviders.ChromeDriverProvider - Using automatically driver download
18:18:25.958 [main] DEBUG io.github.bonigarcia.wdm.cache.ResolutionCache - Resolution chrome=107 in cache (valid until 18:54:29 04/11/2022 ICT)
18:18:25.963 [main] DEBUG io.github.bonigarcia.wdm.cache.ResolutionCache - Resolution chrome107=107.0.5304.62 in cache (valid until 17:54:29 05/11/2022 ICT)
18:18:25.966 [main] INFO io.github.bonigarcia.wdm.WebDriverManager - Using chromedriver 107.0.5304.62 (resolved driver for Chrome 107)
18:18:25.970 [main] DEBUG io.github.bonigarcia.wdm.WebDriverManager - Driver chromedriver 107.0.5304.62 found in cache
18:18:25.971 [main] INFO io.github.bonigarcia.wdm.WebDriverManager - Exporting webdriver.chrome.driver as C:\Users\rilaa\.cache\selenium\chromedriver\win32\107.0.5304.62\chromedriver.exe
18:18:26.070 [main] DEBUG net.serenitybdd.core.webdriver.driverproviders.ProvideNewDriver - Instantiating driver
18:18:26.070 [main] DEBUG net.serenitybdd.core.webdriver.driverproviders.ProvideNewDriver - Driver capabilities: Capabilities {acceptInsecureCerts: false, base.url: https://alta-shop.vercel.app, browserName: chrome, chrome.driver: src/test/resources/webdrive..., driver: chrome, goog:chromeOptions: {args: [], extensions: []}}
18:18:26.130 [AsyncHttpClient-1-2] DEBUG org.asynchttpclient.netty.channel.NettyConnectListener - Using new Channel '[id: 0xa825cca9, L:/127.0.0.1:49390 - R:localhost/127.0.0.1:59939]' for 'POST' to '/session'
18:18:26.699 [AsyncHttpClient-1-1] DEBUG org.asynchttpclient.netty.channel.DefaultChannelPool - Entry count for : http://localhost:59608 : 1
18:18:26.699 [AsyncHttpClient-1-1] DEBUG org.asynchttpclient.netty.channel.DefaultChannelPool - Entry count for : http://localhost:49368 : 1
18:18:26.699 [AsyncHttpClient-1-1] DEBUG org.asynchttpclient.netty.channel.DefaultChannelPool - Adding Candidate expired Channel [id: 0x751f9fc2, L:/127.0.0.1:49367 ! R:localhost/127.0.0.1:59608] isIdleTimeoutExpired=false isRemotelyClosed=true isTtlExpired=false
18:18:26.699 [AsyncHttpClient-1-1] DEBUG org.asynchttpclient.netty.channel.DefaultChannelPool - Closing Idle Channel [id: 0x751f9fc2, L:/127.0.0.1:49367 ! R:localhost/127.0.0.1:59608]
18:18:26.699 [AsyncHttpClient-1-1] DEBUG org.asynchttpclient.netty.channel.DefaultChannelPool - Adding Candidate expired Channel [id: 0xbe57d5e8, L:/127.0.0.1:49374 ! R:localhost/127.0.0.1:49368] isIdleTimeoutExpired=false isRemotelyClosed=true isTtlExpired=false
18:18:26.699 [AsyncHttpClient-1-1] DEBUG org.asynchttpclient.netty.channel.DefaultChannelPool - Closing Idle Channel [id: 0xbe57d5e8, L:/127.0.0.1:49374 ! R:localhost/127.0.0.1:49368]
18:18:26.699 [AsyncHttpClient-1-1] DEBUG org.asynchttpclient.netty.channel.DefaultChannelPool - Closed 2 connections out of 2 in 0 ms
18:18:26.841 [AsyncHttpClient-1-2] DEBUG org.asynchttpclient.netty.handler.HttpHandler - 

Request DefaultHttpRequest(decodeResult: success, version: HTTP/1.1)
POST /session HTTP/1.1
User-Agent: selenium/4.1.2 (java windows)
Content-Length: 609
Content-Type: application/json; charset=utf-8
host: localhost:59939
accept: */*

Response DefaultHttpResponse(decodeResult: success, version: HTTP/1.1)
HTTP/1.1 200 OK
Content-Type: application/json; charset=utf-8
cache-control: no-cache
content-length: 790

18:18:26.841 [AsyncHttpClient-1-2] DEBUG org.asynchttpclient.netty.channel.ChannelManager - Adding key: http://localhost:59939 for channel [id: 0xa825cca9, L:/127.0.0.1:49390 - R:localhost/127.0.0.1:59939]
18:18:26.850 [AsyncHttpClient-1-3] DEBUG org.asynchttpclient.netty.channel.NettyConnectListener - Using new Channel '[id: 0x4fcde174, L:/127.0.0.1:49397 - R:localhost/127.0.0.1:49391]' for 'GET' to '/json/version'
18:18:26.852 [AsyncHttpClient-1-3] DEBUG org.asynchttpclient.netty.handler.HttpHandler - 

Request DefaultFullHttpRequest(decodeResult: success, version: HTTP/1.1, content: EmptyByteBufBE)
GET /json/version HTTP/1.1
User-Agent: selenium/4.1.2 (java windows)
host: localhost:49391
accept: */*

Response DefaultHttpResponse(decodeResult: success, version: HTTP/1.1)
HTTP/1.1 200 OK
Content-Type: application/json; charset=UTF-8
content-length: 423

18:18:26.852 [AsyncHttpClient-1-3] DEBUG org.asynchttpclient.netty.channel.ChannelManager - Adding key: http://localhost:49391 for channel [id: 0x4fcde174, L:/127.0.0.1:49397 - R:localhost/127.0.0.1:49391]
18:18:26.855 [AsyncHttpClient-1-4] DEBUG org.asynchttpclient.netty.channel.NettyConnectListener - Using new Channel '[id: 0x295c4d27, L:/127.0.0.1:49398 - R:localhost/127.0.0.1:49391]' for 'GET' to '/devtools/browser/15a3d558-a213-4454-b247-0a62880ddece'
18:18:26.859 [AsyncHttpClient-1-4] DEBUG org.asynchttpclient.netty.handler.WebSocketHandler - 

Request DefaultFullHttpRequest(decodeResult: success, version: HTTP/1.1, content: EmptyByteBufBE)
GET /devtools/browser/15a3d558-a213-4454-b247-0a62880ddece HTTP/1.1
upgrade: websocket
connection: upgrade
sec-websocket-key: 9q+ZmR+Vg1qtqsgIK8GuVg==
sec-websocket-version: 13
origin: http://localhost:49391
host: localhost:49391
accept: */*
user-agent: AHC/2.1

Response DefaultHttpResponse(decodeResult: success, version: HTTP/1.1)
HTTP/1.1 101 WebSocket Protocol Handshake
Upgrade: WebSocket
Connection: Upgrade
Sec-WebSocket-Accept: qRZdAKbQZMAFzF4ywX4uMse/N9Q=

18:18:26.865 [Forwarding get on session bb0c3f88dfe0a66e38a4cdb0865d8d8c to remote] DEBUG org.asynchttpclient.netty.request.NettyRequestSender - Using pooled Channel '[id: 0xa825cca9, L:/127.0.0.1:49390 - R:localhost/127.0.0.1:59939]' for 'POST' to 'http://localhost:59939/session/bb0c3f88dfe0a66e38a4cdb0865d8d8c/url'
18:18:26.865 [Forwarding get on session bb0c3f88dfe0a66e38a4cdb0865d8d8c to remote] DEBUG org.asynchttpclient.netty.request.NettyRequestSender - Using open Channel [id: 0xa825cca9, L:/127.0.0.1:49390 - R:localhost/127.0.0.1:59939] for POST '/session/bb0c3f88dfe0a66e38a4cdb0865d8d8c/url'
18:18:27.789 [AsyncHttpClient-1-1] DEBUG org.asynchttpclient.netty.channel.DefaultChannelPool - Entry count for : http://localhost:49391 : 1
18:18:27.860 [AsyncHttpClient-1-2] DEBUG org.asynchttpclient.netty.handler.HttpHandler - 

Request DefaultHttpRequest(decodeResult: success, version: HTTP/1.1)
POST /session/bb0c3f88dfe0a66e38a4cdb0865d8d8c/url HTTP/1.1
User-Agent: selenium/4.1.2 (java windows)
Content-Length: 59
Content-Type: application/json; charset=utf-8
host: localhost:59939
accept: */*

Response DefaultHttpResponse(decodeResult: success, version: HTTP/1.1)
HTTP/1.1 200 OK
Content-Type: application/json; charset=utf-8
cache-control: no-cache
content-length: 14

18:18:27.860 [AsyncHttpClient-1-2] DEBUG org.asynchttpclient.netty.channel.ChannelManager - Adding key: http://localhost:59939 for channel [id: 0xa825cca9, L:/127.0.0.1:49390 - R:localhost/127.0.0.1:59939]
18:18:27.861 [Forwarding setTimeout on session bb0c3f88dfe0a66e38a4cdb0865d8d8c to remote] DEBUG org.asynchttpclient.netty.request.NettyRequestSender - Using pooled Channel '[id: 0xa825cca9, L:/127.0.0.1:49390 - R:localhost/127.0.0.1:59939]' for 'POST' to 'http://localhost:59939/session/bb0c3f88dfe0a66e38a4cdb0865d8d8c/timeouts'
18:18:27.861 [Forwarding setTimeout on session bb0c3f88dfe0a66e38a4cdb0865d8d8c to remote] DEBUG org.asynchttpclient.netty.request.NettyRequestSender - Using open Channel [id: 0xa825cca9, L:/127.0.0.1:49390 - R:localhost/127.0.0.1:59939] for POST '/session/bb0c3f88dfe0a66e38a4cdb0865d8d8c/timeouts'
18:18:27.862 [AsyncHttpClient-1-2] DEBUG org.asynchttpclient.netty.handler.HttpHandler - 

Request DefaultHttpRequest(decodeResult: success, version: HTTP/1.1)
POST /session/bb0c3f88dfe0a66e38a4cdb0865d8d8c/timeouts HTTP/1.1
User-Agent: selenium/4.1.2 (java windows)
Content-Length: 22
Content-Type: application/json; charset=utf-8
host: localhost:59939
accept: */*

Response DefaultHttpResponse(decodeResult: success, version: HTTP/1.1)
HTTP/1.1 200 OK
Content-Type: application/json; charset=utf-8
cache-control: no-cache
content-length: 14

18:18:27.862 [AsyncHttpClient-1-2] DEBUG org.asynchttpclient.netty.channel.ChannelManager - Adding key: http://localhost:59939 for channel [id: 0xa825cca9, L:/127.0.0.1:49390 - R:localhost/127.0.0.1:59939]
18:18:27.864 [Forwarding getCurrentUrl on session bb0c3f88dfe0a66e38a4cdb0865d8d8c to remote] DEBUG org.asynchttpclient.netty.request.NettyRequestSender - Using pooled Channel '[id: 0xa825cca9, L:/127.0.0.1:49390 - R:localhost/127.0.0.1:59939]' for 'GET' to 'http://localhost:59939/session/bb0c3f88dfe0a66e38a4cdb0865d8d8c/url'
18:18:27.864 [Forwarding getCurrentUrl on session bb0c3f88dfe0a66e38a4cdb0865d8d8c to remote] DEBUG org.asynchttpclient.netty.request.NettyRequestSender - Using open Channel [id: 0xa825cca9, L:/127.0.0.1:49390 - R:localhost/127.0.0.1:59939] for GET '/session/bb0c3f88dfe0a66e38a4cdb0865d8d8c/url'
18:18:27.869 [AsyncHttpClient-1-2] DEBUG org.asynchttpclient.netty.handler.HttpHandler - 

Request DefaultFullHttpRequest(decodeResult: success, version: HTTP/1.1, content: EmptyByteBufBE)
GET /session/bb0c3f88dfe0a66e38a4cdb0865d8d8c/url HTTP/1.1
User-Agent: selenium/4.1.2 (java windows)
Cache-Control: no-cache
Content-Type: application/json; charset=utf-8
host: localhost:59939
accept: */*

Response DefaultHttpResponse(decodeResult: success, version: HTTP/1.1)
HTTP/1.1 200 OK
Content-Type: application/json; charset=utf-8
cache-control: no-cache
content-length: 41

18:18:27.869 [AsyncHttpClient-1-2] DEBUG org.asynchttpclient.netty.channel.ChannelManager - Adding key: http://localhost:59939 for channel [id: 0xa825cca9, L:/127.0.0.1:49390 - R:localhost/127.0.0.1:59939]
18:18:27.873 [Forwarding findElement on session bb0c3f88dfe0a66e38a4cdb0865d8d8c to remote] DEBUG org.asynchttpclient.netty.request.NettyRequestSender - Using pooled Channel '[id: 0xa825cca9, L:/127.0.0.1:49390 - R:localhost/127.0.0.1:59939]' for 'POST' to 'http://localhost:59939/session/bb0c3f88dfe0a66e38a4cdb0865d8d8c/element'
18:18:27.873 [Forwarding findElement on session bb0c3f88dfe0a66e38a4cdb0865d8d8c to remote] DEBUG org.asynchttpclient.netty.request.NettyRequestSender - Using open Channel [id: 0xa825cca9, L:/127.0.0.1:49390 - R:localhost/127.0.0.1:59939] for POST '/session/bb0c3f88dfe0a66e38a4cdb0865d8d8c/element'
18:18:27.895 [AsyncHttpClient-1-2] DEBUG org.asynchttpclient.netty.handler.HttpHandler - 

Request DefaultHttpRequest(decodeResult: success, version: HTTP/1.1)
POST /session/bb0c3f88dfe0a66e38a4cdb0865d8d8c/element HTTP/1.1
User-Agent: selenium/4.1.2 (java windows)
Content-Length: 77
Content-Type: application/json; charset=utf-8
host: localhost:59939
accept: */*

Response DefaultHttpResponse(decodeResult: success, version: HTTP/1.1)
HTTP/1.1 200 OK
Content-Type: application/json; charset=utf-8
cache-control: no-cache
content-length: 88

18:18:27.895 [AsyncHttpClient-1-2] DEBUG org.asynchttpclient.netty.channel.ChannelManager - Adding key: http://localhost:59939 for channel [id: 0xa825cca9, L:/127.0.0.1:49390 - R:localhost/127.0.0.1:59939]
18:18:27.902 [Forwarding isElementDisplayed on session bb0c3f88dfe0a66e38a4cdb0865d8d8c to remote] DEBUG org.asynchttpclient.netty.request.NettyRequestSender - Using pooled Channel '[id: 0xa825cca9, L:/127.0.0.1:49390 - R:localhost/127.0.0.1:59939]' for 'POST' to 'http://localhost:59939/session/bb0c3f88dfe0a66e38a4cdb0865d8d8c/execute/sync'
18:18:27.902 [Forwarding isElementDisplayed on session bb0c3f88dfe0a66e38a4cdb0865d8d8c to remote] DEBUG org.asynchttpclient.netty.request.NettyRequestSender - Using open Channel [id: 0xa825cca9, L:/127.0.0.1:49390 - R:localhost/127.0.0.1:59939] for POST '/session/bb0c3f88dfe0a66e38a4cdb0865d8d8c/execute/sync'
18:18:27.918 [AsyncHttpClient-1-2] DEBUG org.asynchttpclient.netty.handler.HttpHandler - 

Request DefaultHttpRequest(decodeResult: success, version: HTTP/1.1)
POST /session/bb0c3f88dfe0a66e38a4cdb0865d8d8c/execute/sync HTTP/1.1
User-Agent: selenium/4.1.2 (java windows)
Content-Length: 48780
Content-Type: application/json; charset=utf-8
host: localhost:59939
accept: */*

Response DefaultHttpResponse(decodeResult: success, version: HTTP/1.1)
HTTP/1.1 200 OK
Content-Type: application/json; charset=utf-8
cache-control: no-cache
content-length: 14

18:18:27.918 [AsyncHttpClient-1-2] DEBUG org.asynchttpclient.netty.channel.ChannelManager - Adding key: http://localhost:59939 for channel [id: 0xa825cca9, L:/127.0.0.1:49390 - R:localhost/127.0.0.1:59939]
  &amp#27;[32mGiven &amp#27;[0m&amp#27;[32mI am on the home page&amp#27;[0m   &amp#27;[90m# starter.stepdefinitions.LoginStepDefinition.iAmOnTheHomePage()&amp#27;[0m
18:18:27.924 [Forwarding screenshot on session bb0c3f88dfe0a66e38a4cdb0865d8d8c to remote] DEBUG org.asynchttpclient.netty.request.NettyRequestSender - Using pooled Channel '[id: 0xa825cca9, L:/127.0.0.1:49390 - R:localhost/127.0.0.1:59939]' for 'GET' to 'http://localhost:59939/session/bb0c3f88dfe0a66e38a4cdb0865d8d8c/screenshot'
18:18:27.924 [Forwarding screenshot on session bb0c3f88dfe0a66e38a4cdb0865d8d8c to remote] DEBUG org.asynchttpclient.netty.request.NettyRequestSender - Using open Channel [id: 0xa825cca9, L:/127.0.0.1:49390 - R:localhost/127.0.0.1:59939] for GET '/session/bb0c3f88dfe0a66e38a4cdb0865d8d8c/screenshot'
18:18:28.104 [AsyncHttpClient-1-2] DEBUG org.asynchttpclient.netty.handler.HttpHandler - 

Request DefaultFullHttpRequest(decodeResult: success, version: HTTP/1.1, content: EmptyByteBufBE)
GET /session/bb0c3f88dfe0a66e38a4cdb0865d8d8c/screenshot HTTP/1.1
User-Agent: selenium/4.1.2 (java windows)
Cache-Control: no-cache
Content-Type: application/json; charset=utf-8
host: localhost:59939
accept: */*

Response DefaultHttpResponse(decodeResult: success, version: HTTP/1.1)
HTTP/1.1 200 OK
Content-Type: application/json; charset=utf-8
cache-control: no-cache
content-length: 32900

18:18:28.106 [AsyncHttpClient-1-2] DEBUG org.asynchttpclient.netty.channel.ChannelManager - Adding key: http://localhost:59939 for channel [id: 0xa825cca9, L:/127.0.0.1:49390 - R:localhost/127.0.0.1:59939]
18:18:28.108 [main] DEBUG net.serenitybdd.core.photography.Darkroom - Send negative for processing for target\site\serenity\9f31685c15c9d6e9b785511a4bfe043163f3e051820e40cac61544f1407a2e57.png
18:18:28.108 [Darkroom Processing Line] DEBUG net.serenitybdd.core.photography.DarkroomProcessingLine - Processing screenshot image in /var/screenshots/screenshot-5218558221955417905
18:18:28.109 [Darkroom Processing Line] DEBUG net.serenitybdd.core.photography.DarkroomProcessingLine - Saving screenshot to target\site\serenity\9f31685c15c9d6e9b785511a4bfe043163f3e051820e40cac61544f1407a2e57.png
18:18:28.117 [Forwarding findElement on session bb0c3f88dfe0a66e38a4cdb0865d8d8c to remote] DEBUG org.asynchttpclient.netty.request.NettyRequestSender - Using pooled Channel '[id: 0xa825cca9, L:/127.0.0.1:49390 - R:localhost/127.0.0.1:59939]' for 'POST' to 'http://localhost:59939/session/bb0c3f88dfe0a66e38a4cdb0865d8d8c/element'
18:18:28.117 [Forwarding findElement on session bb0c3f88dfe0a66e38a4cdb0865d8d8c to remote] DEBUG org.asynchttpclient.netty.request.NettyRequestSender - Using open Channel [id: 0xa825cca9, L:/127.0.0.1:49390 - R:localhost/127.0.0.1:59939] for POST '/session/bb0c3f88dfe0a66e38a4cdb0865d8d8c/element'
18:18:28.893 [AsyncHttpClient-1-1] DEBUG org.asynchttpclient.netty.channel.DefaultChannelPool - Entry count for : http://localhost:49391 : 1
18:18:29.987 [AsyncHttpClient-1-1] DEBUG org.asynchttpclient.netty.channel.DefaultChannelPool - Entry count for : http://localhost:49391 : 1
18:18:30.151 [AsyncHttpClient-1-2] DEBUG org.asynchttpclient.netty.handler.HttpHandler - 

Request DefaultHttpRequest(decodeResult: success, version: HTTP/1.1)
POST /session/bb0c3f88dfe0a66e38a4cdb0865d8d8c/element HTTP/1.1
User-Agent: selenium/4.1.2 (java windows)
Content-Length: 117
Content-Type: application/json; charset=utf-8
host: localhost:59939
accept: */*

Response DefaultHttpResponse(decodeResult: success, version: HTTP/1.1)
HTTP/1.1 404 Not Found
Content-Type: application/json; charset=utf-8
cache-control: no-cache
content-length: 1040

18:18:30.151 [AsyncHttpClient-1-2] DEBUG org.asynchttpclient.netty.channel.ChannelManager - Adding key: http://localhost:59939 for channel [id: 0xa825cca9, L:/127.0.0.1:49390 - R:localhost/127.0.0.1:59939]
18:18:30.264 [Forwarding findElement on session bb0c3f88dfe0a66e38a4cdb0865d8d8c to remote] DEBUG org.asynchttpclient.netty.request.NettyRequestSender - Using pooled Channel '[id: 0xa825cca9, L:/127.0.0.1:49390 - R:localhost/127.0.0.1:59939]' for 'POST' to 'http://localhost:59939/session/bb0c3f88dfe0a66e38a4cdb0865d8d8c/element'
18:18:30.264 [Forwarding findElement on session bb0c3f88dfe0a66e38a4cdb0865d8d8c to remote] DEBUG org.asynchttpclient.netty.request.NettyRequestSender - Using open Channel [id: 0xa825cca9, L:/127.0.0.1:49390 - R:localhost/127.0.0.1:59939] for POST '/session/bb0c3f88dfe0a66e38a4cdb0865d8d8c/element'
18:18:31.087 [AsyncHttpClient-1-1] DEBUG org.asynchttpclient.netty.channel.DefaultChannelPool - Entry count for : http://localhost:49391 : 1
18:18:31.311 [AsyncHttpClient-1-2] DEBUG org.asynchttpclient.netty.handler.HttpHandler - 

Request DefaultHttpRequest(decodeResult: success, version: HTTP/1.1)
POST /session/bb0c3f88dfe0a66e38a4cdb0865d8d8c/element HTTP/1.1
User-Agent: selenium/4.1.2 (java windows)
Content-Length: 117
Content-Type: application/json; charset=utf-8
host: localhost:59939
accept: */*

Response DefaultHttpResponse(decodeResult: success, version: HTTP/1.1)
HTTP/1.1 200 OK
Content-Type: application/json; charset=utf-8
cache-control: no-cache
content-length: 88

18:18:31.311 [AsyncHttpClient-1-2] DEBUG org.asynchttpclient.netty.channel.ChannelManager - Adding key: http://localhost:59939 for channel [id: 0xa825cca9, L:/127.0.0.1:49390 - R:localhost/127.0.0.1:59939]
18:18:31.312 [Forwarding getElementTagName on session bb0c3f88dfe0a66e38a4cdb0865d8d8c to remote] DEBUG org.asynchttpclient.netty.request.NettyRequestSender - Using pooled Channel '[id: 0xa825cca9, L:/127.0.0.1:49390 - R:localhost/127.0.0.1:59939]' for 'GET' to 'http://localhost:59939/session/bb0c3f88dfe0a66e38a4cdb0865d8d8c/element/61b99d68-afc6-4d3d-a293-211585f33a78/name'
18:18:31.312 [Forwarding getElementTagName on session bb0c3f88dfe0a66e38a4cdb0865d8d8c to remote] DEBUG org.asynchttpclient.netty.request.NettyRequestSender - Using open Channel [id: 0xa825cca9, L:/127.0.0.1:49390 - R:localhost/127.0.0.1:59939] for GET '/session/bb0c3f88dfe0a66e38a4cdb0865d8d8c/element/61b99d68-afc6-4d3d-a293-211585f33a78/name'
18:18:31.316 [AsyncHttpClient-1-2] DEBUG org.asynchttpclient.netty.handler.HttpHandler - 

Request DefaultFullHttpRequest(decodeResult: success, version: HTTP/1.1, content: EmptyByteBufBE)
GET /session/bb0c3f88dfe0a66e38a4cdb0865d8d8c/element/61b99d68-afc6-4d3d-a293-211585f33a78/name HTTP/1.1
User-Agent: selenium/4.1.2 (java windows)
Cache-Control: no-cache
Content-Type: application/json; charset=utf-8
host: localhost:59939
accept: */*

Response DefaultHttpResponse(decodeResult: success, version: HTTP/1.1)
HTTP/1.1 200 OK
Content-Type: application/json; charset=utf-8
cache-control: no-cache
content-length: 16

18:18:31.316 [AsyncHttpClient-1-2] DEBUG org.asynchttpclient.netty.channel.ChannelManager - Adding key: http://localhost:59939 for channel [id: 0xa825cca9, L:/127.0.0.1:49390 - R:localhost/127.0.0.1:59939]
18:18:31.317 [Forwarding getElementTagName on session bb0c3f88dfe0a66e38a4cdb0865d8d8c to remote] DEBUG org.asynchttpclient.netty.request.NettyRequestSender - Using pooled Channel '[id: 0xa825cca9, L:/127.0.0.1:49390 - R:localhost/127.0.0.1:59939]' for 'GET' to 'http://localhost:59939/session/bb0c3f88dfe0a66e38a4cdb0865d8d8c/element/61b99d68-afc6-4d3d-a293-211585f33a78/name'
18:18:31.317 [Forwarding getElementTagName on session bb0c3f88dfe0a66e38a4cdb0865d8d8c to remote] DEBUG org.asynchttpclient.netty.request.NettyRequestSender - Using open Channel [id: 0xa825cca9, L:/127.0.0.1:49390 - R:localhost/127.0.0.1:59939] for GET '/session/bb0c3f88dfe0a66e38a4cdb0865d8d8c/element/61b99d68-afc6-4d3d-a293-211585f33a78/name'
18:18:31.320 [AsyncHttpClient-1-2] DEBUG org.asynchttpclient.netty.handler.HttpHandler - 

Request DefaultFullHttpRequest(decodeResult: success, version: HTTP/1.1, content: EmptyByteBufBE)
GET /session/bb0c3f88dfe0a66e38a4cdb0865d8d8c/element/61b99d68-afc6-4d3d-a293-211585f33a78/name HTTP/1.1
User-Agent: selenium/4.1.2 (java windows)
Cache-Control: no-cache
Content-Type: application/json; charset=utf-8
host: localhost:59939
accept: */*

Response DefaultHttpResponse(decodeResult: success, version: HTTP/1.1)
HTTP/1.1 200 OK
Content-Type: application/json; charset=utf-8
cache-control: no-cache
content-length: 16

18:18:31.320 [AsyncHttpClient-1-2] DEBUG org.asynchttpclient.netty.channel.ChannelManager - Adding key: http://localhost:59939 for channel [id: 0xa825cca9, L:/127.0.0.1:49390 - R:localhost/127.0.0.1:59939]
18:18:31.321 [Forwarding findElement on session bb0c3f88dfe0a66e38a4cdb0865d8d8c to remote] DEBUG org.asynchttpclient.netty.request.NettyRequestSender - Using pooled Channel '[id: 0xa825cca9, L:/127.0.0.1:49390 - R:localhost/127.0.0.1:59939]' for 'POST' to 'http://localhost:59939/session/bb0c3f88dfe0a66e38a4cdb0865d8d8c/element'
18:18:31.321 [Forwarding findElement on session bb0c3f88dfe0a66e38a4cdb0865d8d8c to remote] DEBUG org.asynchttpclient.netty.request.NettyRequestSender - Using open Channel [id: 0xa825cca9, L:/127.0.0.1:49390 - R:localhost/127.0.0.1:59939] for POST '/session/bb0c3f88dfe0a66e38a4cdb0865d8d8c/element'
18:18:31.337 [AsyncHttpClient-1-2] DEBUG org.asynchttpclient.netty.handler.HttpHandler - 

Request DefaultHttpRequest(decodeResult: success, version: HTTP/1.1)
POST /session/bb0c3f88dfe0a66e38a4cdb0865d8d8c/element HTTP/1.1
User-Agent: selenium/4.1.2 (java windows)
Content-Length: 117
Content-Type: application/json; charset=utf-8
host: localhost:59939
accept: */*

Response DefaultHttpResponse(decodeResult: success, version: HTTP/1.1)
HTTP/1.1 200 OK
Content-Type: application/json; charset=utf-8
cache-control: no-cache
content-length: 88

18:18:31.337 [AsyncHttpClient-1-2] DEBUG org.asynchttpclient.netty.channel.ChannelManager - Adding key: http://localhost:59939 for channel [id: 0xa825cca9, L:/127.0.0.1:49390 - R:localhost/127.0.0.1:59939]
18:18:31.338 [Forwarding clickElement on session bb0c3f88dfe0a66e38a4cdb0865d8d8c to remote] DEBUG org.asynchttpclient.netty.request.NettyRequestSender - Using pooled Channel '[id: 0xa825cca9, L:/127.0.0.1:49390 - R:localhost/127.0.0.1:59939]' for 'POST' to 'http://localhost:59939/session/bb0c3f88dfe0a66e38a4cdb0865d8d8c/element/61b99d68-afc6-4d3d-a293-211585f33a78/click'
18:18:31.338 [Forwarding clickElement on session bb0c3f88dfe0a66e38a4cdb0865d8d8c to remote] DEBUG org.asynchttpclient.netty.request.NettyRequestSender - Using open Channel [id: 0xa825cca9, L:/127.0.0.1:49390 - R:localhost/127.0.0.1:59939] for POST '/session/bb0c3f88dfe0a66e38a4cdb0865d8d8c/element/61b99d68-afc6-4d3d-a293-211585f33a78/click'
18:18:31.395 [AsyncHttpClient-1-2] DEBUG org.asynchttpclient.netty.handler.HttpHandler - 

Request DefaultHttpRequest(decodeResult: success, version: HTTP/1.1)
POST /session/bb0c3f88dfe0a66e38a4cdb0865d8d8c/element/61b99d68-afc6-4d3d-a293-211585f33a78/click HTTP/1.1
User-Agent: selenium/4.1.2 (java windows)
Content-Length: 50
Content-Type: application/json; charset=utf-8
host: localhost:59939
accept: */*

Response DefaultHttpResponse(decodeResult: success, version: HTTP/1.1)
HTTP/1.1 200 OK
Content-Type: application/json; charset=utf-8
cache-control: no-cache
content-length: 14

18:18:31.395 [AsyncHttpClient-1-2] DEBUG org.asynchttpclient.netty.channel.ChannelManager - Adding key: http://localhost:59939 for channel [id: 0xa825cca9, L:/127.0.0.1:49390 - R:localhost/127.0.0.1:59939]
  &amp#27;[32mWhen &amp#27;[0m&amp#27;[32mI click buy button&amp#27;[0m       &amp#27;[90m# starter.stepdefinitions.HomeStep.iClickBuyButton()&amp#27;[0m
18:18:31.400 [Forwarding screenshot on session bb0c3f88dfe0a66e38a4cdb0865d8d8c to remote] DEBUG org.asynchttpclient.netty.request.NettyRequestSender - Using pooled Channel '[id: 0xa825cca9, L:/127.0.0.1:49390 - R:localhost/127.0.0.1:59939]' for 'GET' to 'http://localhost:59939/session/bb0c3f88dfe0a66e38a4cdb0865d8d8c/screenshot'
18:18:31.401 [Forwarding screenshot on session bb0c3f88dfe0a66e38a4cdb0865d8d8c to remote] DEBUG org.asynchttpclient.netty.request.NettyRequestSender - Using open Channel [id: 0xa825cca9, L:/127.0.0.1:49390 - R:localhost/127.0.0.1:59939] for GET '/session/bb0c3f88dfe0a66e38a4cdb0865d8d8c/screenshot'
18:18:31.569 [AsyncHttpClient-1-2] DEBUG org.asynchttpclient.netty.handler.HttpHandler - 

Request DefaultFullHttpRequest(decodeResult: success, version: HTTP/1.1, content: EmptyByteBufBE)
GET /session/bb0c3f88dfe0a66e38a4cdb0865d8d8c/screenshot HTTP/1.1
User-Agent: selenium/4.1.2 (java windows)
Cache-Control: no-cache
Content-Type: application/json; charset=utf-8
host: localhost:59939
accept: */*

Response DefaultHttpResponse(decodeResult: success, version: HTTP/1.1)
HTTP/1.1 200 OK
Content-Type: application/json; charset=utf-8
cache-control: no-cache
content-length: 78140

18:18:31.569 [AsyncHttpClient-1-2] DEBUG org.asynchttpclient.netty.channel.ChannelManager - Adding key: http://localhost:59939 for channel [id: 0xa825cca9, L:/127.0.0.1:49390 - R:localhost/127.0.0.1:59939]
18:18:31.571 [main] DEBUG net.serenitybdd.core.photography.Darkroom - Send negative for processing for target\site\serenity\9b5756693735158ec5c68cd54db0d78313ed401d8987b37d4f6ecca4e13f4f72.png
18:18:31.572 [Darkroom Processing Line] DEBUG net.serenitybdd.core.photography.DarkroomProcessingLine - Processing screenshot image in /var/screenshots/screenshot-8702594675390999853
18:18:31.572 [Darkroom Processing Line] DEBUG net.serenitybdd.core.photography.DarkroomProcessingLine - Saving screenshot to target\site\serenity\9b5756693735158ec5c68cd54db0d78313ed401d8987b37d4f6ecca4e13f4f72.png
18:18:31.584 [Forwarding findElement on session bb0c3f88dfe0a66e38a4cdb0865d8d8c to remote] DEBUG org.asynchttpclient.netty.request.NettyRequestSender - Using pooled Channel '[id: 0xa825cca9, L:/127.0.0.1:49390 - R:localhost/127.0.0.1:59939]' for 'POST' to 'http://localhost:59939/session/bb0c3f88dfe0a66e38a4cdb0865d8d8c/element'
18:18:31.584 [Forwarding findElement on session bb0c3f88dfe0a66e38a4cdb0865d8d8c to remote] DEBUG org.asynchttpclient.netty.request.NettyRequestSender - Using open Channel [id: 0xa825cca9, L:/127.0.0.1:49390 - R:localhost/127.0.0.1:59939] for POST '/session/bb0c3f88dfe0a66e38a4cdb0865d8d8c/element'
18:18:31.597 [AsyncHttpClient-1-2] DEBUG org.asynchttpclient.netty.handler.HttpHandler - 

Request DefaultHttpRequest(decodeResult: success, version: HTTP/1.1)
POST /session/bb0c3f88dfe0a66e38a4cdb0865d8d8c/element HTTP/1.1
User-Agent: selenium/4.1.2 (java windows)
Content-Length: 101
Content-Type: application/json; charset=utf-8
host: localhost:59939
accept: */*

Response DefaultHttpResponse(decodeResult: success, version: HTTP/1.1)
HTTP/1.1 200 OK
Content-Type: application/json; charset=utf-8
cache-control: no-cache
content-length: 88

18:18:31.597 [AsyncHttpClient-1-2] DEBUG org.asynchttpclient.netty.channel.ChannelManager - Adding key: http://localhost:59939 for channel [id: 0xa825cca9, L:/127.0.0.1:49390 - R:localhost/127.0.0.1:59939]
18:18:31.598 [Forwarding getElementTagName on session bb0c3f88dfe0a66e38a4cdb0865d8d8c to remote] DEBUG org.asynchttpclient.netty.request.NettyRequestSender - Using pooled Channel '[id: 0xa825cca9, L:/127.0.0.1:49390 - R:localhost/127.0.0.1:59939]' for 'GET' to 'http://localhost:59939/session/bb0c3f88dfe0a66e38a4cdb0865d8d8c/element/a5ca3598-fb3c-4a4f-bfbf-66487d2f58aa/name'
18:18:31.599 [Forwarding getElementTagName on session bb0c3f88dfe0a66e38a4cdb0865d8d8c to remote] DEBUG org.asynchttpclient.netty.request.NettyRequestSender - Using open Channel [id: 0xa825cca9, L:/127.0.0.1:49390 - R:localhost/127.0.0.1:59939] for GET '/session/bb0c3f88dfe0a66e38a4cdb0865d8d8c/element/a5ca3598-fb3c-4a4f-bfbf-66487d2f58aa/name'
18:18:31.603 [AsyncHttpClient-1-2] DEBUG org.asynchttpclient.netty.handler.HttpHandler - 

Request DefaultFullHttpRequest(decodeResult: success, version: HTTP/1.1, content: EmptyByteBufBE)
GET /session/bb0c3f88dfe0a66e38a4cdb0865d8d8c/element/a5ca3598-fb3c-4a4f-bfbf-66487d2f58aa/name HTTP/1.1
User-Agent: selenium/4.1.2 (java windows)
Cache-Control: no-cache
Content-Type: application/json; charset=utf-8
host: localhost:59939
accept: */*

Response DefaultHttpResponse(decodeResult: success, version: HTTP/1.1)
HTTP/1.1 200 OK
Content-Type: application/json; charset=utf-8
cache-control: no-cache
content-length: 13

18:18:31.603 [AsyncHttpClient-1-2] DEBUG org.asynchttpclient.netty.channel.ChannelManager - Adding key: http://localhost:59939 for channel [id: 0xa825cca9, L:/127.0.0.1:49390 - R:localhost/127.0.0.1:59939]
18:18:31.604 [Forwarding getElementTagName on session bb0c3f88dfe0a66e38a4cdb0865d8d8c to remote] DEBUG org.asynchttpclient.netty.request.NettyRequestSender - Using pooled Channel '[id: 0xa825cca9, L:/127.0.0.1:49390 - R:localhost/127.0.0.1:59939]' for 'GET' to 'http://localhost:59939/session/bb0c3f88dfe0a66e38a4cdb0865d8d8c/element/a5ca3598-fb3c-4a4f-bfbf-66487d2f58aa/name'
18:18:31.604 [Forwarding getElementTagName on session bb0c3f88dfe0a66e38a4cdb0865d8d8c to remote] DEBUG org.asynchttpclient.netty.request.NettyRequestSender - Using open Channel [id: 0xa825cca9, L:/127.0.0.1:49390 - R:localhost/127.0.0.1:59939] for GET '/session/bb0c3f88dfe0a66e38a4cdb0865d8d8c/element/a5ca3598-fb3c-4a4f-bfbf-66487d2f58aa/name'
18:18:31.610 [AsyncHttpClient-1-2] DEBUG org.asynchttpclient.netty.handler.HttpHandler - 

Request DefaultFullHttpRequest(decodeResult: success, version: HTTP/1.1, content: EmptyByteBufBE)
GET /session/bb0c3f88dfe0a66e38a4cdb0865d8d8c/element/a5ca3598-fb3c-4a4f-bfbf-66487d2f58aa/name HTTP/1.1
User-Agent: selenium/4.1.2 (java windows)
Cache-Control: no-cache
Content-Type: application/json; charset=utf-8
host: localhost:59939
accept: */*

Response DefaultHttpResponse(decodeResult: success, version: HTTP/1.1)
HTTP/1.1 200 OK
Content-Type: application/json; charset=utf-8
cache-control: no-cache
content-length: 13

18:18:31.610 [AsyncHttpClient-1-2] DEBUG org.asynchttpclient.netty.channel.ChannelManager - Adding key: http://localhost:59939 for channel [id: 0xa825cca9, L:/127.0.0.1:49390 - R:localhost/127.0.0.1:59939]
18:18:31.611 [Forwarding findElement on session bb0c3f88dfe0a66e38a4cdb0865d8d8c to remote] DEBUG org.asynchttpclient.netty.request.NettyRequestSender - Using pooled Channel '[id: 0xa825cca9, L:/127.0.0.1:49390 - R:localhost/127.0.0.1:59939]' for 'POST' to 'http://localhost:59939/session/bb0c3f88dfe0a66e38a4cdb0865d8d8c/element'
18:18:31.611 [Forwarding findElement on session bb0c3f88dfe0a66e38a4cdb0865d8d8c to remote] DEBUG org.asynchttpclient.netty.request.NettyRequestSender - Using open Channel [id: 0xa825cca9, L:/127.0.0.1:49390 - R:localhost/127.0.0.1:59939] for POST '/session/bb0c3f88dfe0a66e38a4cdb0865d8d8c/element'
18:18:31.619 [AsyncHttpClient-1-2] DEBUG org.asynchttpclient.netty.handler.HttpHandler - 

Request DefaultHttpRequest(decodeResult: success, version: HTTP/1.1)
POST /session/bb0c3f88dfe0a66e38a4cdb0865d8d8c/element HTTP/1.1
User-Agent: selenium/4.1.2 (java windows)
Content-Length: 101
Content-Type: application/json; charset=utf-8
host: localhost:59939
accept: */*

Response DefaultHttpResponse(decodeResult: success, version: HTTP/1.1)
HTTP/1.1 200 OK
Content-Type: application/json; charset=utf-8
cache-control: no-cache
content-length: 88

18:18:31.619 [AsyncHttpClient-1-2] DEBUG org.asynchttpclient.netty.channel.ChannelManager - Adding key: http://localhost:59939 for channel [id: 0xa825cca9, L:/127.0.0.1:49390 - R:localhost/127.0.0.1:59939]
18:18:31.620 [Forwarding clickElement on session bb0c3f88dfe0a66e38a4cdb0865d8d8c to remote] DEBUG org.asynchttpclient.netty.request.NettyRequestSender - Using pooled Channel '[id: 0xa825cca9, L:/127.0.0.1:49390 - R:localhost/127.0.0.1:59939]' for 'POST' to 'http://localhost:59939/session/bb0c3f88dfe0a66e38a4cdb0865d8d8c/element/a5ca3598-fb3c-4a4f-bfbf-66487d2f58aa/click'
18:18:31.620 [Forwarding clickElement on session bb0c3f88dfe0a66e38a4cdb0865d8d8c to remote] DEBUG org.asynchttpclient.netty.request.NettyRequestSender - Using open Channel [id: 0xa825cca9, L:/127.0.0.1:49390 - R:localhost/127.0.0.1:59939] for POST '/session/bb0c3f88dfe0a66e38a4cdb0865d8d8c/element/a5ca3598-fb3c-4a4f-bfbf-66487d2f58aa/click'
18:18:31.666 [AsyncHttpClient-1-2] DEBUG org.asynchttpclient.netty.handler.HttpHandler - 

Request DefaultHttpRequest(decodeResult: success, version: HTTP/1.1)
POST /session/bb0c3f88dfe0a66e38a4cdb0865d8d8c/element/a5ca3598-fb3c-4a4f-bfbf-66487d2f58aa/click HTTP/1.1
User-Agent: selenium/4.1.2 (java windows)
Content-Length: 50
Content-Type: application/json; charset=utf-8
host: localhost:59939
accept: */*

Response DefaultHttpResponse(decodeResult: success, version: HTTP/1.1)
HTTP/1.1 200 OK
Content-Type: application/json; charset=utf-8
cache-control: no-cache
content-length: 14

18:18:31.666 [AsyncHttpClient-1-2] DEBUG org.asynchttpclient.netty.channel.ChannelManager - Adding key: http://localhost:59939 for channel [id: 0xa825cca9, L:/127.0.0.1:49390 - R:localhost/127.0.0.1:59939]
  &amp#27;[32mAnd &amp#27;[0m&amp#27;[32mI click trolley icon&amp#27;[0m      &amp#27;[90m# starter.stepdefinitions.OrderStep.iClickTrolleyIcon()&amp#27;[0m
18:18:31.674 [Forwarding screenshot on session bb0c3f88dfe0a66e38a4cdb0865d8d8c to remote] DEBUG org.asynchttpclient.netty.request.NettyRequestSender - Using pooled Channel '[id: 0xa825cca9, L:/127.0.0.1:49390 - R:localhost/127.0.0.1:59939]' for 'GET' to 'http://localhost:59939/session/bb0c3f88dfe0a66e38a4cdb0865d8d8c/screenshot'
18:18:31.674 [Forwarding screenshot on session bb0c3f88dfe0a66e38a4cdb0865d8d8c to remote] DEBUG org.asynchttpclient.netty.request.NettyRequestSender - Using open Channel [id: 0xa825cca9, L:/127.0.0.1:49390 - R:localhost/127.0.0.1:59939] for GET '/session/bb0c3f88dfe0a66e38a4cdb0865d8d8c/screenshot'
18:18:32.038 [AsyncHttpClient-1-2] DEBUG org.asynchttpclient.netty.handler.HttpHandler - 

Request DefaultFullHttpRequest(decodeResult: success, version: HTTP/1.1, content: EmptyByteBufBE)
GET /session/bb0c3f88dfe0a66e38a4cdb0865d8d8c/screenshot HTTP/1.1
User-Agent: selenium/4.1.2 (java windows)
Cache-Control: no-cache
Content-Type: application/json; charset=utf-8
host: localhost:59939
accept: */*

Response DefaultHttpResponse(decodeResult: success, version: HTTP/1.1)
HTTP/1.1 200 OK
Content-Type: application/json; charset=utf-8
cache-control: no-cache
content-length: 40728

18:18:32.038 [AsyncHttpClient-1-2] DEBUG org.asynchttpclient.netty.channel.ChannelManager - Adding key: http://localhost:59939 for channel [id: 0xa825cca9, L:/127.0.0.1:49390 - R:localhost/127.0.0.1:59939]
18:18:32.040 [main] DEBUG net.serenitybdd.core.photography.Darkroom - Send negative for processing for target\site\serenity\cac102489d67a9af364e60299eb1d5951fca8f04f821022c702ab81e4ae1240c.png
18:18:32.048 [Forwarding findElement on session bb0c3f88dfe0a66e38a4cdb0865d8d8c to remote] DEBUG org.asynchttpclient.netty.request.NettyRequestSender - Using pooled Channel '[id: 0xa825cca9, L:/127.0.0.1:49390 - R:localhost/127.0.0.1:59939]' for 'POST' to 'http://localhost:59939/session/bb0c3f88dfe0a66e38a4cdb0865d8d8c/element'
18:18:32.048 [Forwarding findElement on session bb0c3f88dfe0a66e38a4cdb0865d8d8c to remote] DEBUG org.asynchttpclient.netty.request.NettyRequestSender - Using open Channel [id: 0xa825cca9, L:/127.0.0.1:49390 - R:localhost/127.0.0.1:59939] for POST '/session/bb0c3f88dfe0a66e38a4cdb0865d8d8c/element'
18:18:32.059 [AsyncHttpClient-1-2] DEBUG org.asynchttpclient.netty.handler.HttpHandler - 

Request DefaultHttpRequest(decodeResult: success, version: HTTP/1.1)
POST /session/bb0c3f88dfe0a66e38a4cdb0865d8d8c/element HTTP/1.1
User-Agent: selenium/4.1.2 (java windows)
Content-Length: 59
Content-Type: application/json; charset=utf-8
host: localhost:59939
accept: */*

Response DefaultHttpResponse(decodeResult: success, version: HTTP/1.1)
HTTP/1.1 200 OK
Content-Type: application/json; charset=utf-8
cache-control: no-cache
content-length: 88

18:18:32.059 [AsyncHttpClient-1-2] DEBUG org.asynchttpclient.netty.channel.ChannelManager - Adding key: http://localhost:59939 for channel [id: 0xa825cca9, L:/127.0.0.1:49390 - R:localhost/127.0.0.1:59939]
18:18:32.060 [Forwarding getElementTagName on session bb0c3f88dfe0a66e38a4cdb0865d8d8c to remote] DEBUG org.asynchttpclient.netty.request.NettyRequestSender - Using pooled Channel '[id: 0xa825cca9, L:/127.0.0.1:49390 - R:localhost/127.0.0.1:59939]' for 'GET' to 'http://localhost:59939/session/bb0c3f88dfe0a66e38a4cdb0865d8d8c/element/86365410-d4c9-4da5-a46f-cea309a54d14/name'
18:18:32.060 [Forwarding getElementTagName on session bb0c3f88dfe0a66e38a4cdb0865d8d8c to remote] DEBUG org.asynchttpclient.netty.request.NettyRequestSender - Using open Channel [id: 0xa825cca9, L:/127.0.0.1:49390 - R:localhost/127.0.0.1:59939] for GET '/session/bb0c3f88dfe0a66e38a4cdb0865d8d8c/element/86365410-d4c9-4da5-a46f-cea309a54d14/name'
18:18:32.064 [AsyncHttpClient-1-2] DEBUG org.asynchttpclient.netty.handler.HttpHandler - 

Request DefaultFullHttpRequest(decodeResult: success, version: HTTP/1.1, content: EmptyByteBufBE)
GET /session/bb0c3f88dfe0a66e38a4cdb0865d8d8c/element/86365410-d4c9-4da5-a46f-cea309a54d14/name HTTP/1.1
User-Agent: selenium/4.1.2 (java windows)
Cache-Control: no-cache
Content-Type: application/json; charset=utf-8
host: localhost:59939
accept: */*

Response DefaultHttpResponse(decodeResult: success, version: HTTP/1.1)
HTTP/1.1 200 OK
Content-Type: application/json; charset=utf-8
cache-control: no-cache
content-length: 18

18:18:32.064 [AsyncHttpClient-1-2] DEBUG org.asynchttpclient.netty.channel.ChannelManager - Adding key: http://localhost:59939 for channel [id: 0xa825cca9, L:/127.0.0.1:49390 - R:localhost/127.0.0.1:59939]
18:18:32.065 [Forwarding getElementTagName on session bb0c3f88dfe0a66e38a4cdb0865d8d8c to remote] DEBUG org.asynchttpclient.netty.request.NettyRequestSender - Using pooled Channel '[id: 0xa825cca9, L:/127.0.0.1:49390 - R:localhost/127.0.0.1:59939]' for 'GET' to 'http://localhost:59939/session/bb0c3f88dfe0a66e38a4cdb0865d8d8c/element/86365410-d4c9-4da5-a46f-cea309a54d14/name'
18:18:32.065 [Forwarding getElementTagName on session bb0c3f88dfe0a66e38a4cdb0865d8d8c to remote] DEBUG org.asynchttpclient.netty.request.NettyRequestSender - Using open Channel [id: 0xa825cca9, L:/127.0.0.1:49390 - R:localhost/127.0.0.1:59939] for GET '/session/bb0c3f88dfe0a66e38a4cdb0865d8d8c/element/86365410-d4c9-4da5-a46f-cea309a54d14/name'
18:18:32.067 [AsyncHttpClient-1-2] DEBUG org.asynchttpclient.netty.handler.HttpHandler - 

Request DefaultFullHttpRequest(decodeResult: success, version: HTTP/1.1, content: EmptyByteBufBE)
GET /session/bb0c3f88dfe0a66e38a4cdb0865d8d8c/element/86365410-d4c9-4da5-a46f-cea309a54d14/name HTTP/1.1
User-Agent: selenium/4.1.2 (java windows)
Cache-Control: no-cache
Content-Type: application/json; charset=utf-8
host: localhost:59939
accept: */*

Response DefaultHttpResponse(decodeResult: success, version: HTTP/1.1)
HTTP/1.1 200 OK
Content-Type: application/json; charset=utf-8
cache-control: no-cache
content-length: 18

18:18:32.067 [AsyncHttpClient-1-2] DEBUG org.asynchttpclient.netty.channel.ChannelManager - Adding key: http://localhost:59939 for channel [id: 0xa825cca9, L:/127.0.0.1:49390 - R:localhost/127.0.0.1:59939]
18:18:32.071 [Forwarding isElementEnabled on session bb0c3f88dfe0a66e38a4cdb0865d8d8c to remote] DEBUG org.asynchttpclient.netty.request.NettyRequestSender - Using pooled Channel '[id: 0xa825cca9, L:/127.0.0.1:49390 - R:localhost/127.0.0.1:59939]' for 'GET' to 'http://localhost:59939/session/bb0c3f88dfe0a66e38a4cdb0865d8d8c/element/86365410-d4c9-4da5-a46f-cea309a54d14/enabled'
18:18:32.071 [Forwarding isElementEnabled on session bb0c3f88dfe0a66e38a4cdb0865d8d8c to remote] DEBUG org.asynchttpclient.netty.request.NettyRequestSender - Using open Channel [id: 0xa825cca9, L:/127.0.0.1:49390 - R:localhost/127.0.0.1:59939] for GET '/session/bb0c3f88dfe0a66e38a4cdb0865d8d8c/element/86365410-d4c9-4da5-a46f-cea309a54d14/enabled'
18:18:32.078 [AsyncHttpClient-1-2] DEBUG org.asynchttpclient.netty.handler.HttpHandler - 

Request DefaultFullHttpRequest(decodeResult: success, version: HTTP/1.1, content: EmptyByteBufBE)
GET /session/bb0c3f88dfe0a66e38a4cdb0865d8d8c/element/86365410-d4c9-4da5-a46f-cea309a54d14/enabled HTTP/1.1
User-Agent: selenium/4.1.2 (java windows)
Cache-Control: no-cache
Content-Type: application/json; charset=utf-8
host: localhost:59939
accept: */*

Response DefaultHttpResponse(decodeResult: success, version: HTTP/1.1)
HTTP/1.1 200 OK
Content-Type: application/json; charset=utf-8
cache-control: no-cache
content-length: 14

18:18:32.078 [AsyncHttpClient-1-2] DEBUG org.asynchttpclient.netty.channel.ChannelManager - Adding key: http://localhost:59939 for channel [id: 0xa825cca9, L:/127.0.0.1:49390 - R:localhost/127.0.0.1:59939]
18:18:32.079 [Forwarding isElementEnabled on session bb0c3f88dfe0a66e38a4cdb0865d8d8c to remote] DEBUG org.asynchttpclient.netty.request.NettyRequestSender - Using pooled Channel '[id: 0xa825cca9, L:/127.0.0.1:49390 - R:localhost/127.0.0.1:59939]' for 'GET' to 'http://localhost:59939/session/bb0c3f88dfe0a66e38a4cdb0865d8d8c/element/86365410-d4c9-4da5-a46f-cea309a54d14/enabled'
18:18:32.079 [Forwarding isElementEnabled on session bb0c3f88dfe0a66e38a4cdb0865d8d8c to remote] DEBUG org.asynchttpclient.netty.request.NettyRequestSender - Using open Channel [id: 0xa825cca9, L:/127.0.0.1:49390 - R:localhost/127.0.0.1:59939] for GET '/session/bb0c3f88dfe0a66e38a4cdb0865d8d8c/element/86365410-d4c9-4da5-a46f-cea309a54d14/enabled'
18:18:32.083 [AsyncHttpClient-1-2] DEBUG org.asynchttpclient.netty.handler.HttpHandler - 

Request DefaultFullHttpRequest(decodeResult: success, version: HTTP/1.1, content: EmptyByteBufBE)
GET /session/bb0c3f88dfe0a66e38a4cdb0865d8d8c/element/86365410-d4c9-4da5-a46f-cea309a54d14/enabled HTTP/1.1
User-Agent: selenium/4.1.2 (java windows)
Cache-Control: no-cache
Content-Type: application/json; charset=utf-8
host: localhost:59939
accept: */*

Response DefaultHttpResponse(decodeResult: success, version: HTTP/1.1)
HTTP/1.1 200 OK
Content-Type: application/json; charset=utf-8
cache-control: no-cache
content-length: 14

18:18:32.083 [AsyncHttpClient-1-2] DEBUG org.asynchttpclient.netty.channel.ChannelManager - Adding key: http://localhost:59939 for channel [id: 0xa825cca9, L:/127.0.0.1:49390 - R:localhost/127.0.0.1:59939]
18:18:32.084 [Forwarding findElement on session bb0c3f88dfe0a66e38a4cdb0865d8d8c to remote] DEBUG org.asynchttpclient.netty.request.NettyRequestSender - Using pooled Channel '[id: 0xa825cca9, L:/127.0.0.1:49390 - R:localhost/127.0.0.1:59939]' for 'POST' to 'http://localhost:59939/session/bb0c3f88dfe0a66e38a4cdb0865d8d8c/element'
18:18:32.084 [Forwarding findElement on session bb0c3f88dfe0a66e38a4cdb0865d8d8c to remote] DEBUG org.asynchttpclient.netty.request.NettyRequestSender - Using open Channel [id: 0xa825cca9, L:/127.0.0.1:49390 - R:localhost/127.0.0.1:59939] for POST '/session/bb0c3f88dfe0a66e38a4cdb0865d8d8c/element'
18:18:32.091 [AsyncHttpClient-1-2] DEBUG org.asynchttpclient.netty.handler.HttpHandler - 

Request DefaultHttpRequest(decodeResult: success, version: HTTP/1.1)
POST /session/bb0c3f88dfe0a66e38a4cdb0865d8d8c/element HTTP/1.1
User-Agent: selenium/4.1.2 (java windows)
Content-Length: 59
Content-Type: application/json; charset=utf-8
host: localhost:59939
accept: */*

Response DefaultHttpResponse(decodeResult: success, version: HTTP/1.1)
HTTP/1.1 200 OK
Content-Type: application/json; charset=utf-8
cache-control: no-cache
content-length: 88

18:18:32.091 [AsyncHttpClient-1-2] DEBUG org.asynchttpclient.netty.channel.ChannelManager - Adding key: http://localhost:59939 for channel [id: 0xa825cca9, L:/127.0.0.1:49390 - R:localhost/127.0.0.1:59939]
18:18:32.092 [Forwarding clickElement on session bb0c3f88dfe0a66e38a4cdb0865d8d8c to remote] DEBUG org.asynchttpclient.netty.request.NettyRequestSender - Using pooled Channel '[id: 0xa825cca9, L:/127.0.0.1:49390 - R:localhost/127.0.0.1:59939]' for 'POST' to 'http://localhost:59939/session/bb0c3f88dfe0a66e38a4cdb0865d8d8c/element/86365410-d4c9-4da5-a46f-cea309a54d14/click'
18:18:32.092 [Forwarding clickElement on session bb0c3f88dfe0a66e38a4cdb0865d8d8c to remote] DEBUG org.asynchttpclient.netty.request.NettyRequestSender - Using open Channel [id: 0xa825cca9, L:/127.0.0.1:49390 - R:localhost/127.0.0.1:59939] for POST '/session/bb0c3f88dfe0a66e38a4cdb0865d8d8c/element/86365410-d4c9-4da5-a46f-cea309a54d14/click'
18:18:32.133 [AsyncHttpClient-1-2] DEBUG org.asynchttpclient.netty.handler.HttpHandler - 

Request DefaultHttpRequest(decodeResult: success, version: HTTP/1.1)
POST /session/bb0c3f88dfe0a66e38a4cdb0865d8d8c/element/86365410-d4c9-4da5-a46f-cea309a54d14/click HTTP/1.1
User-Agent: selenium/4.1.2 (java windows)
Content-Length: 50
Content-Type: application/json; charset=utf-8
host: localhost:59939
accept: */*

Response DefaultHttpResponse(decodeResult: success, version: HTTP/1.1)
HTTP/1.1 200 OK
Content-Type: application/json; charset=utf-8
cache-control: no-cache
content-length: 14

18:18:32.133 [AsyncHttpClient-1-2] DEBUG org.asynchttpclient.netty.channel.ChannelManager - Adding key: http://localhost:59939 for channel [id: 0xa825cca9, L:/127.0.0.1:49390 - R:localhost/127.0.0.1:59939]
  &amp#27;[32mAnd &amp#27;[0m&amp#27;[32mI click pay button&amp#27;[0m        &amp#27;[90m# starter.stepdefinitions.OrderStep.iClickPayButton()&amp#27;[0m
18:18:32.141 [Forwarding screenshot on session bb0c3f88dfe0a66e38a4cdb0865d8d8c to remote] DEBUG org.asynchttpclient.netty.request.NettyRequestSender - Using pooled Channel '[id: 0xa825cca9, L:/127.0.0.1:49390 - R:localhost/127.0.0.1:59939]' for 'GET' to 'http://localhost:59939/session/bb0c3f88dfe0a66e38a4cdb0865d8d8c/screenshot'
18:18:32.141 [Forwarding screenshot on session bb0c3f88dfe0a66e38a4cdb0865d8d8c to remote] DEBUG org.asynchttpclient.netty.request.NettyRequestSender - Using open Channel [id: 0xa825cca9, L:/127.0.0.1:49390 - R:localhost/127.0.0.1:59939] for GET '/session/bb0c3f88dfe0a66e38a4cdb0865d8d8c/screenshot'
18:18:32.188 [AsyncHttpClient-1-1] DEBUG org.asynchttpclient.netty.channel.DefaultChannelPool - Entry count for : http://localhost:49391 : 1
18:18:32.381 [AsyncHttpClient-1-2] DEBUG org.asynchttpclient.netty.handler.HttpHandler - 

Request DefaultFullHttpRequest(decodeResult: success, version: HTTP/1.1, content: EmptyByteBufBE)
GET /session/bb0c3f88dfe0a66e38a4cdb0865d8d8c/screenshot HTTP/1.1
User-Agent: selenium/4.1.2 (java windows)
Cache-Control: no-cache
Content-Type: application/json; charset=utf-8
host: localhost:59939
accept: */*

Response DefaultHttpResponse(decodeResult: success, version: HTTP/1.1)
HTTP/1.1 200 OK
Content-Type: application/json; charset=utf-8
cache-control: no-cache
content-length: 33728

18:18:32.381 [AsyncHttpClient-1-2] DEBUG org.asynchttpclient.netty.channel.ChannelManager - Adding key: http://localhost:59939 for channel [id: 0xa825cca9, L:/127.0.0.1:49390 - R:localhost/127.0.0.1:59939]
18:18:32.382 [main] DEBUG net.serenitybdd.core.photography.Darkroom - Send negative for processing for target\site\serenity\3cc4c5c8af678817c754a98ebfa66cb9166a9ffefa15213ad8ff35f7f18ffcfa.png
18:18:32.382 [Darkroom Processing Line] DEBUG net.serenitybdd.core.photography.DarkroomProcessingLine - Processing screenshot image in /var/screenshots/screenshot-11018165249089953470
18:18:32.382 [Darkroom Processing Line] DEBUG net.serenitybdd.core.photography.DarkroomProcessingLine - Saving screenshot to target\site\serenity\3cc4c5c8af678817c754a98ebfa66cb9166a9ffefa15213ad8ff35f7f18ffcfa.png
18:18:32.386 [Forwarding findElement on session bb0c3f88dfe0a66e38a4cdb0865d8d8c to remote] DEBUG org.asynchttpclient.netty.request.NettyRequestSender - Using pooled Channel '[id: 0xa825cca9, L:/127.0.0.1:49390 - R:localhost/127.0.0.1:59939]' for 'POST' to 'http://localhost:59939/session/bb0c3f88dfe0a66e38a4cdb0865d8d8c/element'
18:18:32.386 [Forwarding findElement on session bb0c3f88dfe0a66e38a4cdb0865d8d8c to remote] DEBUG org.asynchttpclient.netty.request.NettyRequestSender - Using open Channel [id: 0xa825cca9, L:/127.0.0.1:49390 - R:localhost/127.0.0.1:59939] for POST '/session/bb0c3f88dfe0a66e38a4cdb0865d8d8c/element'
18:18:32.395 [AsyncHttpClient-1-2] DEBUG org.asynchttpclient.netty.handler.HttpHandler - 

Request DefaultHttpRequest(decodeResult: success, version: HTTP/1.1)
POST /session/bb0c3f88dfe0a66e38a4cdb0865d8d8c/element HTTP/1.1
User-Agent: selenium/4.1.2 (java windows)
Content-Length: 83
Content-Type: application/json; charset=utf-8
host: localhost:59939
accept: */*

Response DefaultHttpResponse(decodeResult: success, version: HTTP/1.1)
HTTP/1.1 200 OK
Content-Type: application/json; charset=utf-8
cache-control: no-cache
content-length: 88

18:18:32.395 [AsyncHttpClient-1-2] DEBUG org.asynchttpclient.netty.channel.ChannelManager - Adding key: http://localhost:59939 for channel [id: 0xa825cca9, L:/127.0.0.1:49390 - R:localhost/127.0.0.1:59939]
18:18:32.398 [Forwarding isElementDisplayed on session bb0c3f88dfe0a66e38a4cdb0865d8d8c to remote] DEBUG org.asynchttpclient.netty.request.NettyRequestSender - Using pooled Channel '[id: 0xa825cca9, L:/127.0.0.1:49390 - R:localhost/127.0.0.1:59939]' for 'POST' to 'http://localhost:59939/session/bb0c3f88dfe0a66e38a4cdb0865d8d8c/execute/sync'
18:18:32.398 [Forwarding isElementDisplayed on session bb0c3f88dfe0a66e38a4cdb0865d8d8c to remote] DEBUG org.asynchttpclient.netty.request.NettyRequestSender - Using open Channel [id: 0xa825cca9, L:/127.0.0.1:49390 - R:localhost/127.0.0.1:59939] for POST '/session/bb0c3f88dfe0a66e38a4cdb0865d8d8c/execute/sync'
18:18:32.409 [AsyncHttpClient-1-2] DEBUG org.asynchttpclient.netty.handler.HttpHandler - 

Request DefaultHttpRequest(decodeResult: success, version: HTTP/1.1)
POST /session/bb0c3f88dfe0a66e38a4cdb0865d8d8c/execute/sync HTTP/1.1
User-Agent: selenium/4.1.2 (java windows)
Content-Length: 48780
Content-Type: application/json; charset=utf-8
host: localhost:59939
accept: */*

Response DefaultHttpResponse(decodeResult: success, version: HTTP/1.1)
HTTP/1.1 200 OK
Content-Type: application/json; charset=utf-8
cache-control: no-cache
content-length: 14

18:18:32.410 [AsyncHttpClient-1-2] DEBUG org.asynchttpclient.netty.channel.ChannelManager - Adding key: http://localhost:59939 for channel [id: 0xa825cca9, L:/127.0.0.1:49390 - R:localhost/127.0.0.1:59939]
  &amp#27;[32mThen &amp#27;[0m&amp#27;[32mRedirected to login page&amp#27;[0m &amp#27;[90m# starter.stepdefinitions.OrderStep.redirectedToLoginPage()&amp#27;[0m
18:18:32.413 [main] INFO  - 
  _____   ___   ___   _____     ___     _     ___   ___   ___   ___  
 |_   _| | __| / __| |_   _|   | _ \   /_\   / __| / __| | __| |   \ 
   | |   | _|  \__ \   | |     |  _/  / _ \  \__ \ \__ \ | _|  | |) |
   |_|   |___| |___/   |_|     |_|   /_/ \_\ |___/ |___/ |___| |___/ 

Pay the product
----------------------------------------------------------------------
18:18:32.414 [AsyncHttpClient-1-4] DEBUG org.asynchttpclient.netty.handler.WebSocketHandler - Channel Closed: [id: 0x295c4d27, L:/127.0.0.1:49398 ! R:localhost/127.0.0.1:49391] with attribute NettyResponseFuture{currentRetry=5,
	isDone=1,
	isCancelled=0,
	asyncHandler=org.asynchttpclient.ws.WebSocketUpgradeHandler@2feebc39,
	nettyRequest=org.asynchttpclient.netty.request.NettyRequest@281a8406,
	future=java.util.concurrent.CompletableFuture@484360f9[Completed normally],
	uri=ws://localhost:49391/devtools/browser/15a3d558-a213-4454-b247-0a62880ddece,
	keepAlive=true,
	redirectCount=0,
	timeoutsHolder=null,
	inAuth=0,
	touch=1667560706860}
18:18:32.414 [AsyncHttpClient-1-4] DEBUG org.asynchttpclient.netty.channel.ChannelManager - Closing Channel [id: 0x295c4d27, L:/127.0.0.1:49398 ! R:localhost/127.0.0.1:49391] 
18:18:32.414 [Driver Command Executor] DEBUG org.asynchttpclient.netty.request.NettyRequestSender - Using pooled Channel '[id: 0xa825cca9, L:/127.0.0.1:49390 - R:localhost/127.0.0.1:59939]' for 'DELETE' to 'http://localhost:59939/session/bb0c3f88dfe0a66e38a4cdb0865d8d8c'
18:18:32.414 [Driver Command Executor] DEBUG org.asynchttpclient.netty.request.NettyRequestSender - Using open Channel [id: 0xa825cca9, L:/127.0.0.1:49390 - R:localhost/127.0.0.1:59939] for DELETE '/session/bb0c3f88dfe0a66e38a4cdb0865d8d8c'
18:18:32.498 [AsyncHttpClient-1-3] DEBUG org.asynchttpclient.netty.handler.HttpHandler - Unexpected I/O exception on channel [id: 0x4fcde174, L:/127.0.0.1:49397 - R:localhost/127.0.0.1:49391]
java.io.IOException: An existing connection was forcibly closed by the remote host
	at java.base/sun.nio.ch.SocketDispatcher.read0(Native Method)
	at java.base/sun.nio.ch.SocketDispatcher.read(SocketDispatcher.java:43)
	at java.base/sun.nio.ch.IOUtil.readIntoNativeBuffer(IOUtil.java:276)
	at java.base/sun.nio.ch.IOUtil.read(IOUtil.java:233)
	at java.base/sun.nio.ch.IOUtil.read(IOUtil.java:223)
	at java.base/sun.nio.ch.SocketChannelImpl.read(SocketChannelImpl.java:358)
	at io.netty.buffer.PooledByteBuf.setBytes(PooledByteBuf.java:258)
	at io.netty.buffer.AbstractByteBuf.writeBytes(AbstractByteBuf.java:1132)
	at io.netty.channel.socket.nio.NioSocketChannel.doReadBytes(NioSocketChannel.java:350)
	at io.netty.channel.nio.AbstractNioByteChannel$NioByteUnsafe.read(AbstractNioByteChannel.java:151)
	at io.netty.channel.nio.NioEventLoop.processSelectedKey(NioEventLoop.java:722)
	at io.netty.channel.nio.NioEventLoop.processSelectedKeysOptimized(NioEventLoop.java:658)
	at io.netty.channel.nio.NioEventLoop.processSelectedKeys(NioEventLoop.java:584)
	at io.netty.channel.nio.NioEventLoop.run(NioEventLoop.java:496)
	at io.netty.util.concurrent.SingleThreadEventExecutor$4.run(SingleThreadEventExecutor.java:986)
	at io.netty.util.internal.ThreadExecutorMap$2.run(ThreadExecutorMap.java:74)
	at io.netty.util.concurrent.FastThreadLocalRunnable.run(FastThreadLocalRunnable.java:30)
	at java.base/java.lang.Thread.run(Thread.java:834)
18:18:32.498 [AsyncHttpClient-1-3] DEBUG org.asynchttpclient.netty.channel.ChannelManager - Closing Channel [id: 0x4fcde174, L:/127.0.0.1:49397 - R:localhost/127.0.0.1:49391] 
18:18:32.498 [AsyncHttpClient-1-3] DEBUG org.asynchttpclient.netty.handler.HttpHandler - Channel Closed: [id: 0x4fcde174, L:/127.0.0.1:49397 ! R:localhost/127.0.0.1:49391] with attribute DISCARD
18:18:32.520 [AsyncHttpClient-1-2] DEBUG org.asynchttpclient.netty.handler.HttpHandler - 

Request DefaultFullHttpRequest(decodeResult: success, version: HTTP/1.1, content: EmptyByteBufBE)
DELETE /session/bb0c3f88dfe0a66e38a4cdb0865d8d8c HTTP/1.1
User-Agent: selenium/4.1.2 (java windows)
Content-Type: application/json; charset=utf-8
host: localhost:59939
accept: */*

Response DefaultHttpResponse(decodeResult: success, version: HTTP/1.1)
HTTP/1.1 200 OK
Content-Type: application/json; charset=utf-8
cache-control: no-cache
content-length: 14

18:18:32.520 [AsyncHttpClient-1-2] DEBUG org.asynchttpclient.netty.channel.ChannelManager - Adding key: http://localhost:59939 for channel [id: 0xa825cca9, L:/127.0.0.1:49390 - R:localhost/127.0.0.1:59939]
18:18:32.598 [AsyncHttpClient-1-2] DEBUG org.asynchttpclient.netty.handler.HttpHandler - Channel Closed: [id: 0xa825cca9, L:/127.0.0.1:49390 ! R:localhost/127.0.0.1:59939] with attribute DISCARD
]]></system-out>
    <system-err><![CDATA[Starting ChromeDriver 107.0.5304.62 (1eec40d3a5764881c92085aaee66d25075c159aa-refs/branch-heads/5304@{#942}) on port 59939
Only local connections are allowed.
Please see https://chromedriver.chromium.org/security-considerations for suggestions on keeping ChromeDriver safe.
ChromeDriver was started successfully.
Nov 04, 2022 6:18:26 PM org.openqa.selenium.remote.ProtocolHandshake createSession
INFO: Detected dialect: W3C
Nov 04, 2022 6:18:26 PM org.openqa.selenium.devtools.CdpVersionFinder findNearestMatch
WARNING: Unable to find an exact match for CDP version 107, so returning the closest version found: a no-op implementation
Nov 04, 2022 6:18:26 PM org.openqa.selenium.devtools.CdpVersionFinder findNearestMatch
INFO: Unable to find CDP implementation matching 107.
Nov 04, 2022 6:18:26 PM org.openqa.selenium.chromium.ChromiumDriver lambda$new$3
WARNING: Unable to find version of CDP to use for . You may need to include a dependency on a specific version of the CDP using something similar to `org.seleniumhq.selenium:selenium-devtools-v86:4.1.2` where the version ("v86") matches the version of the chromium-based browser you're using and the version number of the artifact is the same as Selenium's.
]]></system-err>
  </testcase>
  <testcase name="Register new a account #1" classname="Register" time="4.943">
    <system-out><![CDATA[18:18:32.656 [main] INFO io.cucumber.core.plugin.SerenityReporter - Running feature from file:///D:/Ra/file%20kuliah/semester%207/resume%20alta/Mini%20Project/Web/AltaShop/src/test/resources/features/register.feature
18:18:32.657 [main] DEBUG net.thucydides.core.steps.StepEventBus - Test suite started for story net.thucydides.core.model.Story@63230c68
18:18:32.658 [main] INFO  - Test Suite Started: Register

@Register
Scenario Outline: Register new a account        &amp#27;[90m# src/test/resources/features/register.feature:18&amp#27;[0m
18:18:32.663 [main] INFO io.cucumber.core.plugin.SerenityReporter - Running feature from file:///D:/Ra/file%20kuliah/semester%207/resume%20alta/Mini%20Project/Web/AltaShop/src/test/resources/features/register.feature
18:18:32.664 [main] INFO  - 
  _____   ___   ___   _____     ___   _____     _     ___   _____   ___   ___  
 |_   _| | __| / __| |_   _|   / __| |_   _|   /_\   | _ \ |_   _| | __| |   \ 
   | |   | _|  \__ \   | |     \__ \   | |    / _ \  |   /   | |   | _|  | |) |
   |_|   |___| |___/   |_|     |___/   |_|   /_/ \_\ |_|_\   |_|   |___| |___/ 

Register new a account(register;register-new-a-account)
--------------------------------------------------------------------------------
18:18:32.676 [main] INFO net.serenitybdd.core.webdriver.driverproviders.ChromeDriverProvider - Using automatically driver download
18:18:32.769 [main] DEBUG io.github.bonigarcia.wdm.cache.ResolutionCache - Resolution chrome=107 in cache (valid until 18:54:29 04/11/2022 ICT)
18:18:32.771 [main] DEBUG io.github.bonigarcia.wdm.cache.ResolutionCache - Resolution chrome107=107.0.5304.62 in cache (valid until 17:54:29 05/11/2022 ICT)
18:18:32.772 [main] INFO io.github.bonigarcia.wdm.WebDriverManager - Using chromedriver 107.0.5304.62 (resolved driver for Chrome 107)
18:18:32.779 [main] DEBUG io.github.bonigarcia.wdm.WebDriverManager - Driver chromedriver 107.0.5304.62 found in cache
18:18:32.779 [main] INFO io.github.bonigarcia.wdm.WebDriverManager - Exporting webdriver.chrome.driver as C:\Users\rilaa\.cache\selenium\chromedriver\win32\107.0.5304.62\chromedriver.exe
18:18:32.877 [main] DEBUG net.serenitybdd.core.webdriver.driverproviders.ProvideNewDriver - Instantiating driver
18:18:32.877 [main] DEBUG net.serenitybdd.core.webdriver.driverproviders.ProvideNewDriver - Driver capabilities: Capabilities {acceptInsecureCerts: false, base.url: https://alta-shop.vercel.app, browserName: chrome, chrome.driver: src/test/resources/webdrive..., driver: chrome, goog:chromeOptions: {args: [], extensions: []}}
18:18:32.989 [AsyncHttpClient-1-5] DEBUG org.asynchttpclient.netty.channel.NettyConnectListener - Using new Channel '[id: 0x3c65943b, L:/127.0.0.1:49678 - R:localhost/127.0.0.1:53361]' for 'POST' to '/session'
18:18:33.322 [AsyncHttpClient-1-1] DEBUG org.asynchttpclient.netty.channel.DefaultChannelPool - Entry count for : http://localhost:49391 : 1
18:18:33.322 [AsyncHttpClient-1-1] DEBUG org.asynchttpclient.netty.channel.DefaultChannelPool - Entry count for : http://localhost:59939 : 1
18:18:33.322 [AsyncHttpClient-1-1] DEBUG org.asynchttpclient.netty.channel.DefaultChannelPool - Adding Candidate expired Channel [id: 0x4fcde174, L:/127.0.0.1:49397 ! R:localhost/127.0.0.1:49391] isIdleTimeoutExpired=false isRemotelyClosed=true isTtlExpired=false
18:18:33.322 [AsyncHttpClient-1-1] DEBUG org.asynchttpclient.netty.channel.DefaultChannelPool - Closing Idle Channel [id: 0x4fcde174, L:/127.0.0.1:49397 ! R:localhost/127.0.0.1:49391]
18:18:33.322 [AsyncHttpClient-1-1] DEBUG org.asynchttpclient.netty.channel.DefaultChannelPool - Adding Candidate expired Channel [id: 0xa825cca9, L:/127.0.0.1:49390 ! R:localhost/127.0.0.1:59939] isIdleTimeoutExpired=false isRemotelyClosed=true isTtlExpired=false
18:18:33.322 [AsyncHttpClient-1-1] DEBUG org.asynchttpclient.netty.channel.DefaultChannelPool - Closing Idle Channel [id: 0xa825cca9, L:/127.0.0.1:49390 ! R:localhost/127.0.0.1:59939]
18:18:33.322 [AsyncHttpClient-1-1] DEBUG org.asynchttpclient.netty.channel.DefaultChannelPool - Closed 2 connections out of 2 in 0 ms
18:18:33.698 [AsyncHttpClient-1-5] DEBUG org.asynchttpclient.netty.handler.HttpHandler - 

Request DefaultHttpRequest(decodeResult: success, version: HTTP/1.1)
POST /session HTTP/1.1
User-Agent: selenium/4.1.2 (java windows)
Content-Length: 609
Content-Type: application/json; charset=utf-8
host: localhost:53361
accept: */*

Response DefaultHttpResponse(decodeResult: success, version: HTTP/1.1)
HTTP/1.1 200 OK
Content-Type: application/json; charset=utf-8
cache-control: no-cache
content-length: 787

18:18:33.698 [AsyncHttpClient-1-5] DEBUG org.asynchttpclient.netty.channel.ChannelManager - Adding key: http://localhost:53361 for channel [id: 0x3c65943b, L:/127.0.0.1:49678 - R:localhost/127.0.0.1:53361]
18:18:33.704 [AsyncHttpClient-1-6] DEBUG org.asynchttpclient.netty.channel.NettyConnectListener - Using new Channel '[id: 0x79b5b31c, L:/127.0.0.1:49685 - R:localhost/127.0.0.1:49679]' for 'GET' to '/json/version'
18:18:33.704 [AsyncHttpClient-1-6] DEBUG org.asynchttpclient.netty.handler.HttpHandler - 

Request DefaultFullHttpRequest(decodeResult: success, version: HTTP/1.1, content: EmptyByteBufBE)
GET /json/version HTTP/1.1
User-Agent: selenium/4.1.2 (java windows)
host: localhost:49679
accept: */*

Response DefaultHttpResponse(decodeResult: success, version: HTTP/1.1)
HTTP/1.1 200 OK
Content-Type: application/json; charset=UTF-8
content-length: 423

18:18:33.704 [AsyncHttpClient-1-6] DEBUG org.asynchttpclient.netty.channel.ChannelManager - Adding key: http://localhost:49679 for channel [id: 0x79b5b31c, L:/127.0.0.1:49685 - R:localhost/127.0.0.1:49679]
18:18:33.710 [AsyncHttpClient-1-7] DEBUG org.asynchttpclient.netty.channel.NettyConnectListener - Using new Channel '[id: 0xc0d8076d, L:/127.0.0.1:49686 - R:localhost/127.0.0.1:49679]' for 'GET' to '/devtools/browser/67ee2a1e-56ae-4792-9cda-9ed9ba5908eb'
18:18:33.712 [AsyncHttpClient-1-7] DEBUG org.asynchttpclient.netty.handler.WebSocketHandler - 

Request DefaultFullHttpRequest(decodeResult: success, version: HTTP/1.1, content: EmptyByteBufBE)
GET /devtools/browser/67ee2a1e-56ae-4792-9cda-9ed9ba5908eb HTTP/1.1
upgrade: websocket
connection: upgrade
sec-websocket-key: dTMA1ZbdAy4rvLWU0KQP3w==
sec-websocket-version: 13
origin: http://localhost:49679
host: localhost:49679
accept: */*
user-agent: AHC/2.1

Response DefaultHttpResponse(decodeResult: success, version: HTTP/1.1)
HTTP/1.1 101 WebSocket Protocol Handshake
Upgrade: WebSocket
Connection: Upgrade
Sec-WebSocket-Accept: RqTz8b2f1e2f44AXcOLxG25QJUw=

18:18:33.716 [Forwarding get on session 39f27da9892c4ee4d44c823b64e88ca4 to remote] DEBUG org.asynchttpclient.netty.request.NettyRequestSender - Using pooled Channel '[id: 0x3c65943b, L:/127.0.0.1:49678 - R:localhost/127.0.0.1:53361]' for 'POST' to 'http://localhost:53361/session/39f27da9892c4ee4d44c823b64e88ca4/url'
18:18:33.716 [Forwarding get on session 39f27da9892c4ee4d44c823b64e88ca4 to remote] DEBUG org.asynchttpclient.netty.request.NettyRequestSender - Using open Channel [id: 0x3c65943b, L:/127.0.0.1:49678 - R:localhost/127.0.0.1:53361] for POST '/session/39f27da9892c4ee4d44c823b64e88ca4/url'
18:18:34.391 [AsyncHttpClient-1-1] DEBUG org.asynchttpclient.netty.channel.DefaultChannelPool - Entry count for : http://localhost:49679 : 1
18:18:34.663 [AsyncHttpClient-1-5] DEBUG org.asynchttpclient.netty.handler.HttpHandler - 

Request DefaultHttpRequest(decodeResult: success, version: HTTP/1.1)
POST /session/39f27da9892c4ee4d44c823b64e88ca4/url HTTP/1.1
User-Agent: selenium/4.1.2 (java windows)
Content-Length: 59
Content-Type: application/json; charset=utf-8
host: localhost:53361
accept: */*

Response DefaultHttpResponse(decodeResult: success, version: HTTP/1.1)
HTTP/1.1 200 OK
Content-Type: application/json; charset=utf-8
cache-control: no-cache
content-length: 14

18:18:34.663 [AsyncHttpClient-1-5] DEBUG org.asynchttpclient.netty.channel.ChannelManager - Adding key: http://localhost:53361 for channel [id: 0x3c65943b, L:/127.0.0.1:49678 - R:localhost/127.0.0.1:53361]
18:18:34.664 [Forwarding setTimeout on session 39f27da9892c4ee4d44c823b64e88ca4 to remote] DEBUG org.asynchttpclient.netty.request.NettyRequestSender - Using pooled Channel '[id: 0x3c65943b, L:/127.0.0.1:49678 - R:localhost/127.0.0.1:53361]' for 'POST' to 'http://localhost:53361/session/39f27da9892c4ee4d44c823b64e88ca4/timeouts'
18:18:34.664 [Forwarding setTimeout on session 39f27da9892c4ee4d44c823b64e88ca4 to remote] DEBUG org.asynchttpclient.netty.request.NettyRequestSender - Using open Channel [id: 0x3c65943b, L:/127.0.0.1:49678 - R:localhost/127.0.0.1:53361] for POST '/session/39f27da9892c4ee4d44c823b64e88ca4/timeouts'
18:18:34.673 [AsyncHttpClient-1-5] DEBUG org.asynchttpclient.netty.handler.HttpHandler - 

Request DefaultHttpRequest(decodeResult: success, version: HTTP/1.1)
POST /session/39f27da9892c4ee4d44c823b64e88ca4/timeouts HTTP/1.1
User-Agent: selenium/4.1.2 (java windows)
Content-Length: 22
Content-Type: application/json; charset=utf-8
host: localhost:53361
accept: */*

Response DefaultHttpResponse(decodeResult: success, version: HTTP/1.1)
HTTP/1.1 200 OK
Content-Type: application/json; charset=utf-8
cache-control: no-cache
content-length: 14

18:18:34.673 [AsyncHttpClient-1-5] DEBUG org.asynchttpclient.netty.channel.ChannelManager - Adding key: http://localhost:53361 for channel [id: 0x3c65943b, L:/127.0.0.1:49678 - R:localhost/127.0.0.1:53361]
18:18:34.678 [Forwarding getCurrentUrl on session 39f27da9892c4ee4d44c823b64e88ca4 to remote] DEBUG org.asynchttpclient.netty.request.NettyRequestSender - Using pooled Channel '[id: 0x3c65943b, L:/127.0.0.1:49678 - R:localhost/127.0.0.1:53361]' for 'GET' to 'http://localhost:53361/session/39f27da9892c4ee4d44c823b64e88ca4/url'
18:18:34.678 [Forwarding getCurrentUrl on session 39f27da9892c4ee4d44c823b64e88ca4 to remote] DEBUG org.asynchttpclient.netty.request.NettyRequestSender - Using open Channel [id: 0x3c65943b, L:/127.0.0.1:49678 - R:localhost/127.0.0.1:53361] for GET '/session/39f27da9892c4ee4d44c823b64e88ca4/url'
18:18:34.685 [AsyncHttpClient-1-5] DEBUG org.asynchttpclient.netty.handler.HttpHandler - 

Request DefaultFullHttpRequest(decodeResult: success, version: HTTP/1.1, content: EmptyByteBufBE)
GET /session/39f27da9892c4ee4d44c823b64e88ca4/url HTTP/1.1
User-Agent: selenium/4.1.2 (java windows)
Cache-Control: no-cache
Content-Type: application/json; charset=utf-8
host: localhost:53361
accept: */*

Response DefaultHttpResponse(decodeResult: success, version: HTTP/1.1)
HTTP/1.1 200 OK
Content-Type: application/json; charset=utf-8
cache-control: no-cache
content-length: 41

18:18:34.685 [AsyncHttpClient-1-5] DEBUG org.asynchttpclient.netty.channel.ChannelManager - Adding key: http://localhost:53361 for channel [id: 0x3c65943b, L:/127.0.0.1:49678 - R:localhost/127.0.0.1:53361]
18:18:34.701 [Forwarding findElement on session 39f27da9892c4ee4d44c823b64e88ca4 to remote] DEBUG org.asynchttpclient.netty.request.NettyRequestSender - Using pooled Channel '[id: 0x3c65943b, L:/127.0.0.1:49678 - R:localhost/127.0.0.1:53361]' for 'POST' to 'http://localhost:53361/session/39f27da9892c4ee4d44c823b64e88ca4/element'
18:18:34.701 [Forwarding findElement on session 39f27da9892c4ee4d44c823b64e88ca4 to remote] DEBUG org.asynchttpclient.netty.request.NettyRequestSender - Using open Channel [id: 0x3c65943b, L:/127.0.0.1:49678 - R:localhost/127.0.0.1:53361] for POST '/session/39f27da9892c4ee4d44c823b64e88ca4/element'
18:18:34.753 [AsyncHttpClient-1-5] DEBUG org.asynchttpclient.netty.handler.HttpHandler - 

Request DefaultHttpRequest(decodeResult: success, version: HTTP/1.1)
POST /session/39f27da9892c4ee4d44c823b64e88ca4/element HTTP/1.1
User-Agent: selenium/4.1.2 (java windows)
Content-Length: 77
Content-Type: application/json; charset=utf-8
host: localhost:53361
accept: */*

Response DefaultHttpResponse(decodeResult: success, version: HTTP/1.1)
HTTP/1.1 200 OK
Content-Type: application/json; charset=utf-8
cache-control: no-cache
content-length: 88

18:18:34.753 [AsyncHttpClient-1-5] DEBUG org.asynchttpclient.netty.channel.ChannelManager - Adding key: http://localhost:53361 for channel [id: 0x3c65943b, L:/127.0.0.1:49678 - R:localhost/127.0.0.1:53361]
18:18:34.757 [Forwarding isElementDisplayed on session 39f27da9892c4ee4d44c823b64e88ca4 to remote] DEBUG org.asynchttpclient.netty.request.NettyRequestSender - Using pooled Channel '[id: 0x3c65943b, L:/127.0.0.1:49678 - R:localhost/127.0.0.1:53361]' for 'POST' to 'http://localhost:53361/session/39f27da9892c4ee4d44c823b64e88ca4/execute/sync'
18:18:34.757 [Forwarding isElementDisplayed on session 39f27da9892c4ee4d44c823b64e88ca4 to remote] DEBUG org.asynchttpclient.netty.request.NettyRequestSender - Using open Channel [id: 0x3c65943b, L:/127.0.0.1:49678 - R:localhost/127.0.0.1:53361] for POST '/session/39f27da9892c4ee4d44c823b64e88ca4/execute/sync'
18:18:34.788 [AsyncHttpClient-1-5] DEBUG org.asynchttpclient.netty.handler.HttpHandler - 

Request DefaultHttpRequest(decodeResult: success, version: HTTP/1.1)
POST /session/39f27da9892c4ee4d44c823b64e88ca4/execute/sync HTTP/1.1
User-Agent: selenium/4.1.2 (java windows)
Content-Length: 48780
Content-Type: application/json; charset=utf-8
host: localhost:53361
accept: */*

Response DefaultHttpResponse(decodeResult: success, version: HTTP/1.1)
HTTP/1.1 200 OK
Content-Type: application/json; charset=utf-8
cache-control: no-cache
content-length: 14

18:18:34.788 [AsyncHttpClient-1-5] DEBUG org.asynchttpclient.netty.channel.ChannelManager - Adding key: http://localhost:53361 for channel [id: 0x3c65943b, L:/127.0.0.1:49678 - R:localhost/127.0.0.1:53361]
  &amp#27;[32mGiven &amp#27;[0m&amp#27;[32mI am on the home page&amp#27;[0m                   &amp#27;[90m# starter.stepdefinitions.LoginStepDefinition.iAmOnTheHomePage()&amp#27;[0m
18:18:34.796 [main] DEBUG net.serenitybdd.core.photography.Darkroom - Opening darkroom
18:18:34.796 [Forwarding screenshot on session 39f27da9892c4ee4d44c823b64e88ca4 to remote] DEBUG org.asynchttpclient.netty.request.NettyRequestSender - Using pooled Channel '[id: 0x3c65943b, L:/127.0.0.1:49678 - R:localhost/127.0.0.1:53361]' for 'GET' to 'http://localhost:53361/session/39f27da9892c4ee4d44c823b64e88ca4/screenshot'
18:18:34.796 [Forwarding screenshot on session 39f27da9892c4ee4d44c823b64e88ca4 to remote] DEBUG org.asynchttpclient.netty.request.NettyRequestSender - Using open Channel [id: 0x3c65943b, L:/127.0.0.1:49678 - R:localhost/127.0.0.1:53361] for GET '/session/39f27da9892c4ee4d44c823b64e88ca4/screenshot'
18:18:34.813 [Darkroom Processing Line] DEBUG net.serenitybdd.core.photography.DarkroomProcessingLine - Darkroom processing line starting up
18:18:34.981 [AsyncHttpClient-1-5] DEBUG org.asynchttpclient.netty.handler.HttpHandler - 

Request DefaultFullHttpRequest(decodeResult: success, version: HTTP/1.1, content: EmptyByteBufBE)
GET /session/39f27da9892c4ee4d44c823b64e88ca4/screenshot HTTP/1.1
User-Agent: selenium/4.1.2 (java windows)
Cache-Control: no-cache
Content-Type: application/json; charset=utf-8
host: localhost:53361
accept: */*

Response DefaultHttpResponse(decodeResult: success, version: HTTP/1.1)
HTTP/1.1 200 OK
Content-Type: application/json; charset=utf-8
cache-control: no-cache
content-length: 36256

18:18:34.981 [AsyncHttpClient-1-5] DEBUG org.asynchttpclient.netty.channel.ChannelManager - Adding key: http://localhost:53361 for channel [id: 0x3c65943b, L:/127.0.0.1:49678 - R:localhost/127.0.0.1:53361]
18:18:34.983 [main] DEBUG net.serenitybdd.core.photography.Darkroom - Send negative for processing for target\site\serenity\c9e6d166cf7ee9032373924d7dc2ffd31bef39ff220e147d93e3c5d7039a012a.png
18:18:34.987 [Forwarding findElement on session 39f27da9892c4ee4d44c823b64e88ca4 to remote] DEBUG org.asynchttpclient.netty.request.NettyRequestSender - Using pooled Channel '[id: 0x3c65943b, L:/127.0.0.1:49678 - R:localhost/127.0.0.1:53361]' for 'POST' to 'http://localhost:53361/session/39f27da9892c4ee4d44c823b64e88ca4/element'
18:18:34.987 [Forwarding findElement on session 39f27da9892c4ee4d44c823b64e88ca4 to remote] DEBUG org.asynchttpclient.netty.request.NettyRequestSender - Using open Channel [id: 0x3c65943b, L:/127.0.0.1:49678 - R:localhost/127.0.0.1:53361] for POST '/session/39f27da9892c4ee4d44c823b64e88ca4/element'
18:18:34.997 [AsyncHttpClient-1-5] DEBUG org.asynchttpclient.netty.handler.HttpHandler - 

Request DefaultHttpRequest(decodeResult: success, version: HTTP/1.1)
POST /session/39f27da9892c4ee4d44c823b64e88ca4/element HTTP/1.1
User-Agent: selenium/4.1.2 (java windows)
Content-Length: 97
Content-Type: application/json; charset=utf-8
host: localhost:53361
accept: */*

Response DefaultHttpResponse(decodeResult: success, version: HTTP/1.1)
HTTP/1.1 200 OK
Content-Type: application/json; charset=utf-8
cache-control: no-cache
content-length: 88

18:18:34.998 [AsyncHttpClient-1-5] DEBUG org.asynchttpclient.netty.channel.ChannelManager - Adding key: http://localhost:53361 for channel [id: 0x3c65943b, L:/127.0.0.1:49678 - R:localhost/127.0.0.1:53361]
18:18:34.998 [Forwarding getElementTagName on session 39f27da9892c4ee4d44c823b64e88ca4 to remote] DEBUG org.asynchttpclient.netty.request.NettyRequestSender - Using pooled Channel '[id: 0x3c65943b, L:/127.0.0.1:49678 - R:localhost/127.0.0.1:53361]' for 'GET' to 'http://localhost:53361/session/39f27da9892c4ee4d44c823b64e88ca4/element/4160b350-01cd-4c75-ac58-b1e97ff3ddda/name'
18:18:34.998 [Forwarding getElementTagName on session 39f27da9892c4ee4d44c823b64e88ca4 to remote] DEBUG org.asynchttpclient.netty.request.NettyRequestSender - Using open Channel [id: 0x3c65943b, L:/127.0.0.1:49678 - R:localhost/127.0.0.1:53361] for GET '/session/39f27da9892c4ee4d44c823b64e88ca4/element/4160b350-01cd-4c75-ac58-b1e97ff3ddda/name'
18:18:35.001 [AsyncHttpClient-1-5] DEBUG org.asynchttpclient.netty.handler.HttpHandler - 

Request DefaultFullHttpRequest(decodeResult: success, version: HTTP/1.1, content: EmptyByteBufBE)
GET /session/39f27da9892c4ee4d44c823b64e88ca4/element/4160b350-01cd-4c75-ac58-b1e97ff3ddda/name HTTP/1.1
User-Agent: selenium/4.1.2 (java windows)
Cache-Control: no-cache
Content-Type: application/json; charset=utf-8
host: localhost:53361
accept: */*

Response DefaultHttpResponse(decodeResult: success, version: HTTP/1.1)
HTTP/1.1 200 OK
Content-Type: application/json; charset=utf-8
cache-control: no-cache
content-length: 13

18:18:35.001 [AsyncHttpClient-1-5] DEBUG org.asynchttpclient.netty.channel.ChannelManager - Adding key: http://localhost:53361 for channel [id: 0x3c65943b, L:/127.0.0.1:49678 - R:localhost/127.0.0.1:53361]
18:18:35.002 [Forwarding getElementTagName on session 39f27da9892c4ee4d44c823b64e88ca4 to remote] DEBUG org.asynchttpclient.netty.request.NettyRequestSender - Using pooled Channel '[id: 0x3c65943b, L:/127.0.0.1:49678 - R:localhost/127.0.0.1:53361]' for 'GET' to 'http://localhost:53361/session/39f27da9892c4ee4d44c823b64e88ca4/element/4160b350-01cd-4c75-ac58-b1e97ff3ddda/name'
18:18:35.002 [Forwarding getElementTagName on session 39f27da9892c4ee4d44c823b64e88ca4 to remote] DEBUG org.asynchttpclient.netty.request.NettyRequestSender - Using open Channel [id: 0x3c65943b, L:/127.0.0.1:49678 - R:localhost/127.0.0.1:53361] for GET '/session/39f27da9892c4ee4d44c823b64e88ca4/element/4160b350-01cd-4c75-ac58-b1e97ff3ddda/name'
18:18:35.007 [AsyncHttpClient-1-5] DEBUG org.asynchttpclient.netty.handler.HttpHandler - 

Request DefaultFullHttpRequest(decodeResult: success, version: HTTP/1.1, content: EmptyByteBufBE)
GET /session/39f27da9892c4ee4d44c823b64e88ca4/element/4160b350-01cd-4c75-ac58-b1e97ff3ddda/name HTTP/1.1
User-Agent: selenium/4.1.2 (java windows)
Cache-Control: no-cache
Content-Type: application/json; charset=utf-8
host: localhost:53361
accept: */*

Response DefaultHttpResponse(decodeResult: success, version: HTTP/1.1)
HTTP/1.1 200 OK
Content-Type: application/json; charset=utf-8
cache-control: no-cache
content-length: 13

18:18:35.007 [AsyncHttpClient-1-5] DEBUG org.asynchttpclient.netty.channel.ChannelManager - Adding key: http://localhost:53361 for channel [id: 0x3c65943b, L:/127.0.0.1:49678 - R:localhost/127.0.0.1:53361]
18:18:35.009 [Forwarding findElement on session 39f27da9892c4ee4d44c823b64e88ca4 to remote] DEBUG org.asynchttpclient.netty.request.NettyRequestSender - Using pooled Channel '[id: 0x3c65943b, L:/127.0.0.1:49678 - R:localhost/127.0.0.1:53361]' for 'POST' to 'http://localhost:53361/session/39f27da9892c4ee4d44c823b64e88ca4/element'
18:18:35.009 [Forwarding findElement on session 39f27da9892c4ee4d44c823b64e88ca4 to remote] DEBUG org.asynchttpclient.netty.request.NettyRequestSender - Using open Channel [id: 0x3c65943b, L:/127.0.0.1:49678 - R:localhost/127.0.0.1:53361] for POST '/session/39f27da9892c4ee4d44c823b64e88ca4/element'
18:18:35.018 [AsyncHttpClient-1-5] DEBUG org.asynchttpclient.netty.handler.HttpHandler - 

Request DefaultHttpRequest(decodeResult: success, version: HTTP/1.1)
POST /session/39f27da9892c4ee4d44c823b64e88ca4/element HTTP/1.1
User-Agent: selenium/4.1.2 (java windows)
Content-Length: 97
Content-Type: application/json; charset=utf-8
host: localhost:53361
accept: */*

Response DefaultHttpResponse(decodeResult: success, version: HTTP/1.1)
HTTP/1.1 200 OK
Content-Type: application/json; charset=utf-8
cache-control: no-cache
content-length: 88

18:18:35.018 [AsyncHttpClient-1-5] DEBUG org.asynchttpclient.netty.channel.ChannelManager - Adding key: http://localhost:53361 for channel [id: 0x3c65943b, L:/127.0.0.1:49678 - R:localhost/127.0.0.1:53361]
18:18:35.018 [Forwarding clickElement on session 39f27da9892c4ee4d44c823b64e88ca4 to remote] DEBUG org.asynchttpclient.netty.request.NettyRequestSender - Using pooled Channel '[id: 0x3c65943b, L:/127.0.0.1:49678 - R:localhost/127.0.0.1:53361]' for 'POST' to 'http://localhost:53361/session/39f27da9892c4ee4d44c823b64e88ca4/element/4160b350-01cd-4c75-ac58-b1e97ff3ddda/click'
18:18:35.018 [Forwarding clickElement on session 39f27da9892c4ee4d44c823b64e88ca4 to remote] DEBUG org.asynchttpclient.netty.request.NettyRequestSender - Using open Channel [id: 0x3c65943b, L:/127.0.0.1:49678 - R:localhost/127.0.0.1:53361] for POST '/session/39f27da9892c4ee4d44c823b64e88ca4/element/4160b350-01cd-4c75-ac58-b1e97ff3ddda/click'
18:18:35.048 [AsyncHttpClient-1-5] DEBUG org.asynchttpclient.netty.handler.HttpHandler - 

Request DefaultHttpRequest(decodeResult: success, version: HTTP/1.1)
POST /session/39f27da9892c4ee4d44c823b64e88ca4/element/4160b350-01cd-4c75-ac58-b1e97ff3ddda/click HTTP/1.1
User-Agent: selenium/4.1.2 (java windows)
Content-Length: 50
Content-Type: application/json; charset=utf-8
host: localhost:53361
accept: */*

Response DefaultHttpResponse(decodeResult: success, version: HTTP/1.1)
HTTP/1.1 200 OK
Content-Type: application/json; charset=utf-8
cache-control: no-cache
content-length: 14

18:18:35.048 [AsyncHttpClient-1-5] DEBUG org.asynchttpclient.netty.channel.ChannelManager - Adding key: http://localhost:53361 for channel [id: 0x3c65943b, L:/127.0.0.1:49678 - R:localhost/127.0.0.1:53361]
  &amp#27;[32mAnd &amp#27;[0m&amp#27;[32mI click login icon&amp#27;[0m                        &amp#27;[90m# starter.stepdefinitions.LoginStepDefinition.iClickLoginIcon()&amp#27;[0m
18:18:35.055 [Forwarding screenshot on session 39f27da9892c4ee4d44c823b64e88ca4 to remote] DEBUG org.asynchttpclient.netty.request.NettyRequestSender - Using pooled Channel '[id: 0x3c65943b, L:/127.0.0.1:49678 - R:localhost/127.0.0.1:53361]' for 'GET' to 'http://localhost:53361/session/39f27da9892c4ee4d44c823b64e88ca4/screenshot'
18:18:35.055 [Forwarding screenshot on session 39f27da9892c4ee4d44c823b64e88ca4 to remote] DEBUG org.asynchttpclient.netty.request.NettyRequestSender - Using open Channel [id: 0x3c65943b, L:/127.0.0.1:49678 - R:localhost/127.0.0.1:53361] for GET '/session/39f27da9892c4ee4d44c823b64e88ca4/screenshot'
18:18:35.294 [AsyncHttpClient-1-5] DEBUG org.asynchttpclient.netty.handler.HttpHandler - 

Request DefaultFullHttpRequest(decodeResult: success, version: HTTP/1.1, content: EmptyByteBufBE)
GET /session/39f27da9892c4ee4d44c823b64e88ca4/screenshot HTTP/1.1
User-Agent: selenium/4.1.2 (java windows)
Cache-Control: no-cache
Content-Type: application/json; charset=utf-8
host: localhost:53361
accept: */*

Response DefaultHttpResponse(decodeResult: success, version: HTTP/1.1)
HTTP/1.1 200 OK
Content-Type: application/json; charset=utf-8
cache-control: no-cache
content-length: 34756

18:18:35.294 [AsyncHttpClient-1-5] DEBUG org.asynchttpclient.netty.channel.ChannelManager - Adding key: http://localhost:53361 for channel [id: 0x3c65943b, L:/127.0.0.1:49678 - R:localhost/127.0.0.1:53361]
18:18:35.295 [main] DEBUG net.serenitybdd.core.photography.Darkroom - Send negative for processing for target\site\serenity\151814802a08e125e8cdeb56bc39ef619dbc9411fc13ca17946735962df2bfa5.png
18:18:35.295 [Darkroom Processing Line] DEBUG net.serenitybdd.core.photography.DarkroomProcessingLine - Processing screenshot image in /var/screenshots/screenshot-18008019345500390913
18:18:35.295 [Darkroom Processing Line] DEBUG net.serenitybdd.core.photography.DarkroomProcessingLine - Saving screenshot to target\site\serenity\151814802a08e125e8cdeb56bc39ef619dbc9411fc13ca17946735962df2bfa5.png
18:18:35.363 [Forwarding findElement on session 39f27da9892c4ee4d44c823b64e88ca4 to remote] DEBUG org.asynchttpclient.netty.request.NettyRequestSender - Using pooled Channel '[id: 0x3c65943b, L:/127.0.0.1:49678 - R:localhost/127.0.0.1:53361]' for 'POST' to 'http://localhost:53361/session/39f27da9892c4ee4d44c823b64e88ca4/element'
18:18:35.363 [Forwarding findElement on session 39f27da9892c4ee4d44c823b64e88ca4 to remote] DEBUG org.asynchttpclient.netty.request.NettyRequestSender - Using open Channel [id: 0x3c65943b, L:/127.0.0.1:49678 - R:localhost/127.0.0.1:53361] for POST '/session/39f27da9892c4ee4d44c823b64e88ca4/element'
18:18:35.376 [AsyncHttpClient-1-5] DEBUG org.asynchttpclient.netty.handler.HttpHandler - 

Request DefaultHttpRequest(decodeResult: success, version: HTTP/1.1)
POST /session/39f27da9892c4ee4d44c823b64e88ca4/element HTTP/1.1
User-Agent: selenium/4.1.2 (java windows)
Content-Length: 95
Content-Type: application/json; charset=utf-8
host: localhost:53361
accept: */*

Response DefaultHttpResponse(decodeResult: success, version: HTTP/1.1)
HTTP/1.1 200 OK
Content-Type: application/json; charset=utf-8
cache-control: no-cache
content-length: 88

18:18:35.376 [AsyncHttpClient-1-5] DEBUG org.asynchttpclient.netty.channel.ChannelManager - Adding key: http://localhost:53361 for channel [id: 0x3c65943b, L:/127.0.0.1:49678 - R:localhost/127.0.0.1:53361]
18:18:35.377 [Forwarding getElementTagName on session 39f27da9892c4ee4d44c823b64e88ca4 to remote] DEBUG org.asynchttpclient.netty.request.NettyRequestSender - Using pooled Channel '[id: 0x3c65943b, L:/127.0.0.1:49678 - R:localhost/127.0.0.1:53361]' for 'GET' to 'http://localhost:53361/session/39f27da9892c4ee4d44c823b64e88ca4/element/388aa2a0-50ae-46be-970e-bb3976a49307/name'
18:18:35.377 [Forwarding getElementTagName on session 39f27da9892c4ee4d44c823b64e88ca4 to remote] DEBUG org.asynchttpclient.netty.request.NettyRequestSender - Using open Channel [id: 0x3c65943b, L:/127.0.0.1:49678 - R:localhost/127.0.0.1:53361] for GET '/session/39f27da9892c4ee4d44c823b64e88ca4/element/388aa2a0-50ae-46be-970e-bb3976a49307/name'
18:18:35.381 [AsyncHttpClient-1-5] DEBUG org.asynchttpclient.netty.handler.HttpHandler - 

Request DefaultFullHttpRequest(decodeResult: success, version: HTTP/1.1, content: EmptyByteBufBE)
GET /session/39f27da9892c4ee4d44c823b64e88ca4/element/388aa2a0-50ae-46be-970e-bb3976a49307/name HTTP/1.1
User-Agent: selenium/4.1.2 (java windows)
Cache-Control: no-cache
Content-Type: application/json; charset=utf-8
host: localhost:53361
accept: */*

Response DefaultHttpResponse(decodeResult: success, version: HTTP/1.1)
HTTP/1.1 200 OK
Content-Type: application/json; charset=utf-8
cache-control: no-cache
content-length: 13

18:18:35.381 [AsyncHttpClient-1-5] DEBUG org.asynchttpclient.netty.channel.ChannelManager - Adding key: http://localhost:53361 for channel [id: 0x3c65943b, L:/127.0.0.1:49678 - R:localhost/127.0.0.1:53361]
18:18:35.382 [Forwarding getElementTagName on session 39f27da9892c4ee4d44c823b64e88ca4 to remote] DEBUG org.asynchttpclient.netty.request.NettyRequestSender - Using pooled Channel '[id: 0x3c65943b, L:/127.0.0.1:49678 - R:localhost/127.0.0.1:53361]' for 'GET' to 'http://localhost:53361/session/39f27da9892c4ee4d44c823b64e88ca4/element/388aa2a0-50ae-46be-970e-bb3976a49307/name'
18:18:35.382 [Forwarding getElementTagName on session 39f27da9892c4ee4d44c823b64e88ca4 to remote] DEBUG org.asynchttpclient.netty.request.NettyRequestSender - Using open Channel [id: 0x3c65943b, L:/127.0.0.1:49678 - R:localhost/127.0.0.1:53361] for GET '/session/39f27da9892c4ee4d44c823b64e88ca4/element/388aa2a0-50ae-46be-970e-bb3976a49307/name'
18:18:35.385 [AsyncHttpClient-1-5] DEBUG org.asynchttpclient.netty.handler.HttpHandler - 

Request DefaultFullHttpRequest(decodeResult: success, version: HTTP/1.1, content: EmptyByteBufBE)
GET /session/39f27da9892c4ee4d44c823b64e88ca4/element/388aa2a0-50ae-46be-970e-bb3976a49307/name HTTP/1.1
User-Agent: selenium/4.1.2 (java windows)
Cache-Control: no-cache
Content-Type: application/json; charset=utf-8
host: localhost:53361
accept: */*

Response DefaultHttpResponse(decodeResult: success, version: HTTP/1.1)
HTTP/1.1 200 OK
Content-Type: application/json; charset=utf-8
cache-control: no-cache
content-length: 13

18:18:35.385 [AsyncHttpClient-1-5] DEBUG org.asynchttpclient.netty.channel.ChannelManager - Adding key: http://localhost:53361 for channel [id: 0x3c65943b, L:/127.0.0.1:49678 - R:localhost/127.0.0.1:53361]
18:18:35.386 [Forwarding findElement on session 39f27da9892c4ee4d44c823b64e88ca4 to remote] DEBUG org.asynchttpclient.netty.request.NettyRequestSender - Using pooled Channel '[id: 0x3c65943b, L:/127.0.0.1:49678 - R:localhost/127.0.0.1:53361]' for 'POST' to 'http://localhost:53361/session/39f27da9892c4ee4d44c823b64e88ca4/element'
18:18:35.386 [Forwarding findElement on session 39f27da9892c4ee4d44c823b64e88ca4 to remote] DEBUG org.asynchttpclient.netty.request.NettyRequestSender - Using open Channel [id: 0x3c65943b, L:/127.0.0.1:49678 - R:localhost/127.0.0.1:53361] for POST '/session/39f27da9892c4ee4d44c823b64e88ca4/element'
18:18:35.395 [AsyncHttpClient-1-5] DEBUG org.asynchttpclient.netty.handler.HttpHandler - 

Request DefaultHttpRequest(decodeResult: success, version: HTTP/1.1)
POST /session/39f27da9892c4ee4d44c823b64e88ca4/element HTTP/1.1
User-Agent: selenium/4.1.2 (java windows)
Content-Length: 95
Content-Type: application/json; charset=utf-8
host: localhost:53361
accept: */*

Response DefaultHttpResponse(decodeResult: success, version: HTTP/1.1)
HTTP/1.1 200 OK
Content-Type: application/json; charset=utf-8
cache-control: no-cache
content-length: 88

18:18:35.395 [AsyncHttpClient-1-5] DEBUG org.asynchttpclient.netty.channel.ChannelManager - Adding key: http://localhost:53361 for channel [id: 0x3c65943b, L:/127.0.0.1:49678 - R:localhost/127.0.0.1:53361]
18:18:35.395 [Forwarding clickElement on session 39f27da9892c4ee4d44c823b64e88ca4 to remote] DEBUG org.asynchttpclient.netty.request.NettyRequestSender - Using pooled Channel '[id: 0x3c65943b, L:/127.0.0.1:49678 - R:localhost/127.0.0.1:53361]' for 'POST' to 'http://localhost:53361/session/39f27da9892c4ee4d44c823b64e88ca4/element/388aa2a0-50ae-46be-970e-bb3976a49307/click'
18:18:35.395 [Forwarding clickElement on session 39f27da9892c4ee4d44c823b64e88ca4 to remote] DEBUG org.asynchttpclient.netty.request.NettyRequestSender - Using open Channel [id: 0x3c65943b, L:/127.0.0.1:49678 - R:localhost/127.0.0.1:53361] for POST '/session/39f27da9892c4ee4d44c823b64e88ca4/element/388aa2a0-50ae-46be-970e-bb3976a49307/click'
18:18:35.462 [AsyncHttpClient-1-5] DEBUG org.asynchttpclient.netty.handler.HttpHandler - 

Request DefaultHttpRequest(decodeResult: success, version: HTTP/1.1)
POST /session/39f27da9892c4ee4d44c823b64e88ca4/element/388aa2a0-50ae-46be-970e-bb3976a49307/click HTTP/1.1
User-Agent: selenium/4.1.2 (java windows)
Content-Length: 50
Content-Type: application/json; charset=utf-8
host: localhost:53361
accept: */*

Response DefaultHttpResponse(decodeResult: success, version: HTTP/1.1)
HTTP/1.1 200 OK
Content-Type: application/json; charset=utf-8
cache-control: no-cache
content-length: 14

18:18:35.462 [AsyncHttpClient-1-5] DEBUG org.asynchttpclient.netty.channel.ChannelManager - Adding key: http://localhost:53361 for channel [id: 0x3c65943b, L:/127.0.0.1:49678 - R:localhost/127.0.0.1:53361]
  &amp#27;[32mAnd &amp#27;[0m&amp#27;[32mI click register text&amp#27;[0m                     &amp#27;[90m# starter.stepdefinitions.RegisterStep.iClickRegisterText()&amp#27;[0m
18:18:35.469 [Forwarding screenshot on session 39f27da9892c4ee4d44c823b64e88ca4 to remote] DEBUG org.asynchttpclient.netty.request.NettyRequestSender - Using pooled Channel '[id: 0x3c65943b, L:/127.0.0.1:49678 - R:localhost/127.0.0.1:53361]' for 'GET' to 'http://localhost:53361/session/39f27da9892c4ee4d44c823b64e88ca4/screenshot'
18:18:35.469 [Forwarding screenshot on session 39f27da9892c4ee4d44c823b64e88ca4 to remote] DEBUG org.asynchttpclient.netty.request.NettyRequestSender - Using open Channel [id: 0x3c65943b, L:/127.0.0.1:49678 - R:localhost/127.0.0.1:53361] for GET '/session/39f27da9892c4ee4d44c823b64e88ca4/screenshot'
18:18:35.487 [AsyncHttpClient-1-1] DEBUG org.asynchttpclient.netty.channel.DefaultChannelPool - Entry count for : http://localhost:49679 : 1
18:18:35.684 [AsyncHttpClient-1-5] DEBUG org.asynchttpclient.netty.handler.HttpHandler - 

Request DefaultFullHttpRequest(decodeResult: success, version: HTTP/1.1, content: EmptyByteBufBE)
GET /session/39f27da9892c4ee4d44c823b64e88ca4/screenshot HTTP/1.1
User-Agent: selenium/4.1.2 (java windows)
Cache-Control: no-cache
Content-Type: application/json; charset=utf-8
host: localhost:53361
accept: */*

Response DefaultHttpResponse(decodeResult: success, version: HTTP/1.1)
HTTP/1.1 200 OK
Content-Type: application/json; charset=utf-8
cache-control: no-cache
content-length: 38716

18:18:35.684 [AsyncHttpClient-1-5] DEBUG org.asynchttpclient.netty.channel.ChannelManager - Adding key: http://localhost:53361 for channel [id: 0x3c65943b, L:/127.0.0.1:49678 - R:localhost/127.0.0.1:53361]
18:18:35.687 [main] DEBUG net.serenitybdd.core.photography.Darkroom - Send negative for processing for target\site\serenity\abeed3007dbd62af740e29237234aed3ffbecd7ff4562fe3a2a1ce226586692a.png
18:18:35.687 [Darkroom Processing Line] DEBUG net.serenitybdd.core.photography.DarkroomProcessingLine - Processing screenshot image in /var/screenshots/screenshot-5719215223003556243
18:18:35.687 [Darkroom Processing Line] DEBUG net.serenitybdd.core.photography.DarkroomProcessingLine - Saving screenshot to target\site\serenity\abeed3007dbd62af740e29237234aed3ffbecd7ff4562fe3a2a1ce226586692a.png
18:18:35.691 [Forwarding findElement on session 39f27da9892c4ee4d44c823b64e88ca4 to remote] DEBUG org.asynchttpclient.netty.request.NettyRequestSender - Using pooled Channel '[id: 0x3c65943b, L:/127.0.0.1:49678 - R:localhost/127.0.0.1:53361]' for 'POST' to 'http://localhost:53361/session/39f27da9892c4ee4d44c823b64e88ca4/element'
18:18:35.691 [Forwarding findElement on session 39f27da9892c4ee4d44c823b64e88ca4 to remote] DEBUG org.asynchttpclient.netty.request.NettyRequestSender - Using open Channel [id: 0x3c65943b, L:/127.0.0.1:49678 - R:localhost/127.0.0.1:53361] for POST '/session/39f27da9892c4ee4d44c823b64e88ca4/element'
18:18:35.700 [AsyncHttpClient-1-5] DEBUG org.asynchttpclient.netty.handler.HttpHandler - 

Request DefaultHttpRequest(decodeResult: success, version: HTTP/1.1)
POST /session/39f27da9892c4ee4d44c823b64e88ca4/element HTTP/1.1
User-Agent: selenium/4.1.2 (java windows)
Content-Length: 95
Content-Type: application/json; charset=utf-8
host: localhost:53361
accept: */*

Response DefaultHttpResponse(decodeResult: success, version: HTTP/1.1)
HTTP/1.1 200 OK
Content-Type: application/json; charset=utf-8
cache-control: no-cache
content-length: 88

18:18:35.700 [AsyncHttpClient-1-5] DEBUG org.asynchttpclient.netty.channel.ChannelManager - Adding key: http://localhost:53361 for channel [id: 0x3c65943b, L:/127.0.0.1:49678 - R:localhost/127.0.0.1:53361]
18:18:35.701 [Forwarding clearElement on session 39f27da9892c4ee4d44c823b64e88ca4 to remote] DEBUG org.asynchttpclient.netty.request.NettyRequestSender - Using pooled Channel '[id: 0x3c65943b, L:/127.0.0.1:49678 - R:localhost/127.0.0.1:53361]' for 'POST' to 'http://localhost:53361/session/39f27da9892c4ee4d44c823b64e88ca4/element/66693c00-0156-440a-9970-f881710a1cee/clear'
18:18:35.701 [Forwarding clearElement on session 39f27da9892c4ee4d44c823b64e88ca4 to remote] DEBUG org.asynchttpclient.netty.request.NettyRequestSender - Using open Channel [id: 0x3c65943b, L:/127.0.0.1:49678 - R:localhost/127.0.0.1:53361] for POST '/session/39f27da9892c4ee4d44c823b64e88ca4/element/66693c00-0156-440a-9970-f881710a1cee/clear'
18:18:35.726 [AsyncHttpClient-1-5] DEBUG org.asynchttpclient.netty.handler.HttpHandler - 

Request DefaultHttpRequest(decodeResult: success, version: HTTP/1.1)
POST /session/39f27da9892c4ee4d44c823b64e88ca4/element/66693c00-0156-440a-9970-f881710a1cee/clear HTTP/1.1
User-Agent: selenium/4.1.2 (java windows)
Content-Length: 50
Content-Type: application/json; charset=utf-8
host: localhost:53361
accept: */*

Response DefaultHttpResponse(decodeResult: success, version: HTTP/1.1)
HTTP/1.1 200 OK
Content-Type: application/json; charset=utf-8
cache-control: no-cache
content-length: 14

18:18:35.726 [AsyncHttpClient-1-5] DEBUG org.asynchttpclient.netty.channel.ChannelManager - Adding key: http://localhost:53361 for channel [id: 0x3c65943b, L:/127.0.0.1:49678 - R:localhost/127.0.0.1:53361]
18:18:35.727 [Forwarding sendKeysToElement on session 39f27da9892c4ee4d44c823b64e88ca4 to remote] DEBUG org.asynchttpclient.netty.request.NettyRequestSender - Using pooled Channel '[id: 0x3c65943b, L:/127.0.0.1:49678 - R:localhost/127.0.0.1:53361]' for 'POST' to 'http://localhost:53361/session/39f27da9892c4ee4d44c823b64e88ca4/element/66693c00-0156-440a-9970-f881710a1cee/value'
18:18:35.727 [Forwarding sendKeysToElement on session 39f27da9892c4ee4d44c823b64e88ca4 to remote] DEBUG org.asynchttpclient.netty.request.NettyRequestSender - Using open Channel [id: 0x3c65943b, L:/127.0.0.1:49678 - R:localhost/127.0.0.1:53361] for POST '/session/39f27da9892c4ee4d44c823b64e88ca4/element/66693c00-0156-440a-9970-f881710a1cee/value'
18:18:35.785 [AsyncHttpClient-1-5] DEBUG org.asynchttpclient.netty.handler.HttpHandler - 

Request DefaultHttpRequest(decodeResult: success, version: HTTP/1.1)
POST /session/39f27da9892c4ee4d44c823b64e88ca4/element/66693c00-0156-440a-9970-f881710a1cee/value HTTP/1.1
User-Agent: selenium/4.1.2 (java windows)
Content-Length: 121
Content-Type: application/json; charset=utf-8
host: localhost:53361
accept: */*

Response DefaultHttpResponse(decodeResult: success, version: HTTP/1.1)
HTTP/1.1 200 OK
Content-Type: application/json; charset=utf-8
cache-control: no-cache
content-length: 14

18:18:35.785 [AsyncHttpClient-1-5] DEBUG org.asynchttpclient.netty.channel.ChannelManager - Adding key: http://localhost:53361 for channel [id: 0x3c65943b, L:/127.0.0.1:49678 - R:localhost/127.0.0.1:53361]
  &amp#27;[32mWhen &amp#27;[0m&amp#27;[32mI input &amp#27;[0m&amp#27;[32m&amp#27;[1m"rila"&amp#27;[0m&amp#27;[32m name&amp#27;[0m                      &amp#27;[90m# starter.stepdefinitions.RegisterStep.iInputName(java.lang.String)&amp#27;[0m
18:18:35.793 [Forwarding screenshot on session 39f27da9892c4ee4d44c823b64e88ca4 to remote] DEBUG org.asynchttpclient.netty.request.NettyRequestSender - Using pooled Channel '[id: 0x3c65943b, L:/127.0.0.1:49678 - R:localhost/127.0.0.1:53361]' for 'GET' to 'http://localhost:53361/session/39f27da9892c4ee4d44c823b64e88ca4/screenshot'
18:18:35.793 [Forwarding screenshot on session 39f27da9892c4ee4d44c823b64e88ca4 to remote] DEBUG org.asynchttpclient.netty.request.NettyRequestSender - Using open Channel [id: 0x3c65943b, L:/127.0.0.1:49678 - R:localhost/127.0.0.1:53361] for GET '/session/39f27da9892c4ee4d44c823b64e88ca4/screenshot'
18:18:35.960 [AsyncHttpClient-1-5] DEBUG org.asynchttpclient.netty.handler.HttpHandler - 

Request DefaultFullHttpRequest(decodeResult: success, version: HTTP/1.1, content: EmptyByteBufBE)
GET /session/39f27da9892c4ee4d44c823b64e88ca4/screenshot HTTP/1.1
User-Agent: selenium/4.1.2 (java windows)
Cache-Control: no-cache
Content-Type: application/json; charset=utf-8
host: localhost:53361
accept: */*

Response DefaultHttpResponse(decodeResult: success, version: HTTP/1.1)
HTTP/1.1 200 OK
Content-Type: application/json; charset=utf-8
cache-control: no-cache
content-length: 38736

18:18:35.960 [AsyncHttpClient-1-5] DEBUG org.asynchttpclient.netty.channel.ChannelManager - Adding key: http://localhost:53361 for channel [id: 0x3c65943b, L:/127.0.0.1:49678 - R:localhost/127.0.0.1:53361]
18:18:35.962 [main] DEBUG net.serenitybdd.core.photography.Darkroom - Send negative for processing for target\site\serenity\4aabe57f1a284782b457ed5ccb5684dfc6b6756c67f36355c08114455e9fc72d.png
18:18:35.962 [Darkroom Processing Line] DEBUG net.serenitybdd.core.photography.DarkroomProcessingLine - Processing screenshot image in /var/screenshots/screenshot-5626751874396330117
18:18:35.962 [Darkroom Processing Line] DEBUG net.serenitybdd.core.photography.DarkroomProcessingLine - Saving screenshot to target\site\serenity\4aabe57f1a284782b457ed5ccb5684dfc6b6756c67f36355c08114455e9fc72d.png
18:18:35.969 [Forwarding findElement on session 39f27da9892c4ee4d44c823b64e88ca4 to remote] DEBUG org.asynchttpclient.netty.request.NettyRequestSender - Using pooled Channel '[id: 0x3c65943b, L:/127.0.0.1:49678 - R:localhost/127.0.0.1:53361]' for 'POST' to 'http://localhost:53361/session/39f27da9892c4ee4d44c823b64e88ca4/element'
18:18:35.969 [Forwarding findElement on session 39f27da9892c4ee4d44c823b64e88ca4 to remote] DEBUG org.asynchttpclient.netty.request.NettyRequestSender - Using open Channel [id: 0x3c65943b, L:/127.0.0.1:49678 - R:localhost/127.0.0.1:53361] for POST '/session/39f27da9892c4ee4d44c823b64e88ca4/element'
18:18:35.981 [AsyncHttpClient-1-5] DEBUG org.asynchttpclient.netty.handler.HttpHandler - 

Request DefaultHttpRequest(decodeResult: success, version: HTTP/1.1)
POST /session/39f27da9892c4ee4d44c823b64e88ca4/element HTTP/1.1
User-Agent: selenium/4.1.2 (java windows)
Content-Length: 88
Content-Type: application/json; charset=utf-8
host: localhost:53361
accept: */*

Response DefaultHttpResponse(decodeResult: success, version: HTTP/1.1)
HTTP/1.1 200 OK
Content-Type: application/json; charset=utf-8
cache-control: no-cache
content-length: 88

18:18:35.981 [AsyncHttpClient-1-5] DEBUG org.asynchttpclient.netty.channel.ChannelManager - Adding key: http://localhost:53361 for channel [id: 0x3c65943b, L:/127.0.0.1:49678 - R:localhost/127.0.0.1:53361]
18:18:35.981 [Forwarding clearElement on session 39f27da9892c4ee4d44c823b64e88ca4 to remote] DEBUG org.asynchttpclient.netty.request.NettyRequestSender - Using pooled Channel '[id: 0x3c65943b, L:/127.0.0.1:49678 - R:localhost/127.0.0.1:53361]' for 'POST' to 'http://localhost:53361/session/39f27da9892c4ee4d44c823b64e88ca4/element/573ed342-b4ce-4014-84f3-98fb78a08e52/clear'
18:18:35.981 [Forwarding clearElement on session 39f27da9892c4ee4d44c823b64e88ca4 to remote] DEBUG org.asynchttpclient.netty.request.NettyRequestSender - Using open Channel [id: 0x3c65943b, L:/127.0.0.1:49678 - R:localhost/127.0.0.1:53361] for POST '/session/39f27da9892c4ee4d44c823b64e88ca4/element/573ed342-b4ce-4014-84f3-98fb78a08e52/clear'
18:18:36.019 [AsyncHttpClient-1-5] DEBUG org.asynchttpclient.netty.handler.HttpHandler - 

Request DefaultHttpRequest(decodeResult: success, version: HTTP/1.1)
POST /session/39f27da9892c4ee4d44c823b64e88ca4/element/573ed342-b4ce-4014-84f3-98fb78a08e52/clear HTTP/1.1
User-Agent: selenium/4.1.2 (java windows)
Content-Length: 50
Content-Type: application/json; charset=utf-8
host: localhost:53361
accept: */*

Response DefaultHttpResponse(decodeResult: success, version: HTTP/1.1)
HTTP/1.1 200 OK
Content-Type: application/json; charset=utf-8
cache-control: no-cache
content-length: 14

18:18:36.019 [AsyncHttpClient-1-5] DEBUG org.asynchttpclient.netty.channel.ChannelManager - Adding key: http://localhost:53361 for channel [id: 0x3c65943b, L:/127.0.0.1:49678 - R:localhost/127.0.0.1:53361]
18:18:36.021 [Forwarding sendKeysToElement on session 39f27da9892c4ee4d44c823b64e88ca4 to remote] DEBUG org.asynchttpclient.netty.request.NettyRequestSender - Using pooled Channel '[id: 0x3c65943b, L:/127.0.0.1:49678 - R:localhost/127.0.0.1:53361]' for 'POST' to 'http://localhost:53361/session/39f27da9892c4ee4d44c823b64e88ca4/element/573ed342-b4ce-4014-84f3-98fb78a08e52/value'
18:18:36.021 [Forwarding sendKeysToElement on session 39f27da9892c4ee4d44c823b64e88ca4 to remote] DEBUG org.asynchttpclient.netty.request.NettyRequestSender - Using open Channel [id: 0x3c65943b, L:/127.0.0.1:49678 - R:localhost/127.0.0.1:53361] for POST '/session/39f27da9892c4ee4d44c823b64e88ca4/element/573ed342-b4ce-4014-84f3-98fb78a08e52/value'
18:18:36.149 [AsyncHttpClient-1-5] DEBUG org.asynchttpclient.netty.handler.HttpHandler - 

Request DefaultHttpRequest(decodeResult: success, version: HTTP/1.1)
POST /session/39f27da9892c4ee4d44c823b64e88ca4/element/573ed342-b4ce-4014-84f3-98fb78a08e52/value HTTP/1.1
User-Agent: selenium/4.1.2 (java windows)
Content-Length: 361
Content-Type: application/json; charset=utf-8
host: localhost:53361
accept: */*

Response DefaultHttpResponse(decodeResult: success, version: HTTP/1.1)
HTTP/1.1 200 OK
Content-Type: application/json; charset=utf-8
cache-control: no-cache
content-length: 14

18:18:36.149 [AsyncHttpClient-1-5] DEBUG org.asynchttpclient.netty.channel.ChannelManager - Adding key: http://localhost:53361 for channel [id: 0x3c65943b, L:/127.0.0.1:49678 - R:localhost/127.0.0.1:53361]
  &amp#27;[32mAnd &amp#27;[0m&amp#27;[32mI input new &amp#27;[0m&amp#27;[32m&amp#27;[1m"rilaaarn@gmail.com"&amp#27;[0m&amp#27;[32m email&amp#27;[0m    &amp#27;[90m# starter.stepdefinitions.RegisterStep.iInputNewEmail(java.lang.String)&amp#27;[0m
18:18:36.154 [Forwarding screenshot on session 39f27da9892c4ee4d44c823b64e88ca4 to remote] DEBUG org.asynchttpclient.netty.request.NettyRequestSender - Using pooled Channel '[id: 0x3c65943b, L:/127.0.0.1:49678 - R:localhost/127.0.0.1:53361]' for 'GET' to 'http://localhost:53361/session/39f27da9892c4ee4d44c823b64e88ca4/screenshot'
18:18:36.154 [Forwarding screenshot on session 39f27da9892c4ee4d44c823b64e88ca4 to remote] DEBUG org.asynchttpclient.netty.request.NettyRequestSender - Using open Channel [id: 0x3c65943b, L:/127.0.0.1:49678 - R:localhost/127.0.0.1:53361] for GET '/session/39f27da9892c4ee4d44c823b64e88ca4/screenshot'
18:18:36.317 [AsyncHttpClient-1-5] DEBUG org.asynchttpclient.netty.handler.HttpHandler - 

Request DefaultFullHttpRequest(decodeResult: success, version: HTTP/1.1, content: EmptyByteBufBE)
GET /session/39f27da9892c4ee4d44c823b64e88ca4/screenshot HTTP/1.1
User-Agent: selenium/4.1.2 (java windows)
Cache-Control: no-cache
Content-Type: application/json; charset=utf-8
host: localhost:53361
accept: */*

Response DefaultHttpResponse(decodeResult: success, version: HTTP/1.1)
HTTP/1.1 200 OK
Content-Type: application/json; charset=utf-8
cache-control: no-cache
content-length: 47000

18:18:36.317 [AsyncHttpClient-1-5] DEBUG org.asynchttpclient.netty.channel.ChannelManager - Adding key: http://localhost:53361 for channel [id: 0x3c65943b, L:/127.0.0.1:49678 - R:localhost/127.0.0.1:53361]
18:18:36.319 [main] DEBUG net.serenitybdd.core.photography.Darkroom - Send negative for processing for target\site\serenity\a5d4cb862503d2e0160e25460511c49a379366833f06d87da0fb996c48cfa3ea.png
18:18:36.319 [Darkroom Processing Line] DEBUG net.serenitybdd.core.photography.DarkroomProcessingLine - Processing screenshot image in /var/screenshots/screenshot-15640828649885523016
18:18:36.319 [Darkroom Processing Line] DEBUG net.serenitybdd.core.photography.DarkroomProcessingLine - Saving screenshot to target\site\serenity\a5d4cb862503d2e0160e25460511c49a379366833f06d87da0fb996c48cfa3ea.png
18:18:36.325 [Forwarding findElement on session 39f27da9892c4ee4d44c823b64e88ca4 to remote] DEBUG org.asynchttpclient.netty.request.NettyRequestSender - Using pooled Channel '[id: 0x3c65943b, L:/127.0.0.1:49678 - R:localhost/127.0.0.1:53361]' for 'POST' to 'http://localhost:53361/session/39f27da9892c4ee4d44c823b64e88ca4/element'
18:18:36.325 [Forwarding findElement on session 39f27da9892c4ee4d44c823b64e88ca4 to remote] DEBUG org.asynchttpclient.netty.request.NettyRequestSender - Using open Channel [id: 0x3c65943b, L:/127.0.0.1:49678 - R:localhost/127.0.0.1:53361] for POST '/session/39f27da9892c4ee4d44c823b64e88ca4/element'
18:18:36.336 [AsyncHttpClient-1-5] DEBUG org.asynchttpclient.netty.handler.HttpHandler - 

Request DefaultHttpRequest(decodeResult: success, version: HTTP/1.1)
POST /session/39f27da9892c4ee4d44c823b64e88ca4/element HTTP/1.1
User-Agent: selenium/4.1.2 (java windows)
Content-Length: 91
Content-Type: application/json; charset=utf-8
host: localhost:53361
accept: */*

Response DefaultHttpResponse(decodeResult: success, version: HTTP/1.1)
HTTP/1.1 200 OK
Content-Type: application/json; charset=utf-8
cache-control: no-cache
content-length: 88

18:18:36.336 [AsyncHttpClient-1-5] DEBUG org.asynchttpclient.netty.channel.ChannelManager - Adding key: http://localhost:53361 for channel [id: 0x3c65943b, L:/127.0.0.1:49678 - R:localhost/127.0.0.1:53361]
18:18:36.336 [Forwarding clearElement on session 39f27da9892c4ee4d44c823b64e88ca4 to remote] DEBUG org.asynchttpclient.netty.request.NettyRequestSender - Using pooled Channel '[id: 0x3c65943b, L:/127.0.0.1:49678 - R:localhost/127.0.0.1:53361]' for 'POST' to 'http://localhost:53361/session/39f27da9892c4ee4d44c823b64e88ca4/element/5337cf40-af50-41ec-97dc-eb5695adfec2/clear'
18:18:36.337 [Forwarding clearElement on session 39f27da9892c4ee4d44c823b64e88ca4 to remote] DEBUG org.asynchttpclient.netty.request.NettyRequestSender - Using open Channel [id: 0x3c65943b, L:/127.0.0.1:49678 - R:localhost/127.0.0.1:53361] for POST '/session/39f27da9892c4ee4d44c823b64e88ca4/element/5337cf40-af50-41ec-97dc-eb5695adfec2/clear'
18:18:36.365 [AsyncHttpClient-1-5] DEBUG org.asynchttpclient.netty.handler.HttpHandler - 

Request DefaultHttpRequest(decodeResult: success, version: HTTP/1.1)
POST /session/39f27da9892c4ee4d44c823b64e88ca4/element/5337cf40-af50-41ec-97dc-eb5695adfec2/clear HTTP/1.1
User-Agent: selenium/4.1.2 (java windows)
Content-Length: 50
Content-Type: application/json; charset=utf-8
host: localhost:53361
accept: */*

Response DefaultHttpResponse(decodeResult: success, version: HTTP/1.1)
HTTP/1.1 200 OK
Content-Type: application/json; charset=utf-8
cache-control: no-cache
content-length: 14

18:18:36.365 [AsyncHttpClient-1-5] DEBUG org.asynchttpclient.netty.channel.ChannelManager - Adding key: http://localhost:53361 for channel [id: 0x3c65943b, L:/127.0.0.1:49678 - R:localhost/127.0.0.1:53361]
18:18:36.366 [Forwarding sendKeysToElement on session 39f27da9892c4ee4d44c823b64e88ca4 to remote] DEBUG org.asynchttpclient.netty.request.NettyRequestSender - Using pooled Channel '[id: 0x3c65943b, L:/127.0.0.1:49678 - R:localhost/127.0.0.1:53361]' for 'POST' to 'http://localhost:53361/session/39f27da9892c4ee4d44c823b64e88ca4/element/5337cf40-af50-41ec-97dc-eb5695adfec2/value'
18:18:36.366 [Forwarding sendKeysToElement on session 39f27da9892c4ee4d44c823b64e88ca4 to remote] DEBUG org.asynchttpclient.netty.request.NettyRequestSender - Using open Channel [id: 0x3c65943b, L:/127.0.0.1:49678 - R:localhost/127.0.0.1:53361] for POST '/session/39f27da9892c4ee4d44c823b64e88ca4/element/5337cf40-af50-41ec-97dc-eb5695adfec2/value'
18:18:36.420 [AsyncHttpClient-1-5] DEBUG org.asynchttpclient.netty.handler.HttpHandler - 

Request DefaultHttpRequest(decodeResult: success, version: HTTP/1.1)
POST /session/39f27da9892c4ee4d44c823b64e88ca4/element/5337cf40-af50-41ec-97dc-eb5695adfec2/value HTTP/1.1
User-Agent: selenium/4.1.2 (java windows)
Content-Length: 151
Content-Type: application/json; charset=utf-8
host: localhost:53361
accept: */*

Response DefaultHttpResponse(decodeResult: success, version: HTTP/1.1)
HTTP/1.1 200 OK
Content-Type: application/json; charset=utf-8
cache-control: no-cache
content-length: 14

18:18:36.421 [AsyncHttpClient-1-5] DEBUG org.asynchttpclient.netty.channel.ChannelManager - Adding key: http://localhost:53361 for channel [id: 0x3c65943b, L:/127.0.0.1:49678 - R:localhost/127.0.0.1:53361]
  &amp#27;[32mAnd &amp#27;[0m&amp#27;[32mI input new &amp#27;[0m&amp#27;[32m&amp#27;[1m"rilaaar"&amp#27;[0m&amp#27;[32m password&amp#27;[0m            &amp#27;[90m# starter.stepdefinitions.RegisterStep.iInputNewPassword(java.lang.String)&amp#27;[0m
18:18:36.428 [Forwarding screenshot on session 39f27da9892c4ee4d44c823b64e88ca4 to remote] DEBUG org.asynchttpclient.netty.request.NettyRequestSender - Using pooled Channel '[id: 0x3c65943b, L:/127.0.0.1:49678 - R:localhost/127.0.0.1:53361]' for 'GET' to 'http://localhost:53361/session/39f27da9892c4ee4d44c823b64e88ca4/screenshot'
18:18:36.428 [Forwarding screenshot on session 39f27da9892c4ee4d44c823b64e88ca4 to remote] DEBUG org.asynchttpclient.netty.request.NettyRequestSender - Using open Channel [id: 0x3c65943b, L:/127.0.0.1:49678 - R:localhost/127.0.0.1:53361] for GET '/session/39f27da9892c4ee4d44c823b64e88ca4/screenshot'
18:18:36.590 [AsyncHttpClient-1-1] DEBUG org.asynchttpclient.netty.channel.DefaultChannelPool - Entry count for : http://localhost:49679 : 1
18:18:36.600 [AsyncHttpClient-1-5] DEBUG org.asynchttpclient.netty.handler.HttpHandler - 

Request DefaultFullHttpRequest(decodeResult: success, version: HTTP/1.1, content: EmptyByteBufBE)
GET /session/39f27da9892c4ee4d44c823b64e88ca4/screenshot HTTP/1.1
User-Agent: selenium/4.1.2 (java windows)
Cache-Control: no-cache
Content-Type: application/json; charset=utf-8
host: localhost:53361
accept: */*

Response DefaultHttpResponse(decodeResult: success, version: HTTP/1.1)
HTTP/1.1 200 OK
Content-Type: application/json; charset=utf-8
cache-control: no-cache
content-length: 47440

18:18:36.600 [AsyncHttpClient-1-5] DEBUG org.asynchttpclient.netty.channel.ChannelManager - Adding key: http://localhost:53361 for channel [id: 0x3c65943b, L:/127.0.0.1:49678 - R:localhost/127.0.0.1:53361]
18:18:36.601 [main] DEBUG net.serenitybdd.core.photography.Darkroom - Send negative for processing for target\site\serenity\eb7848a6db2c923155ba1dc21e7a19f3af7e554fa4011ec714abb313bdaccc12.png
18:18:36.601 [Darkroom Processing Line] DEBUG net.serenitybdd.core.photography.DarkroomProcessingLine - Processing screenshot image in /var/screenshots/screenshot-14880774587161182696
18:18:36.602 [Darkroom Processing Line] DEBUG net.serenitybdd.core.photography.DarkroomProcessingLine - Saving screenshot to target\site\serenity\eb7848a6db2c923155ba1dc21e7a19f3af7e554fa4011ec714abb313bdaccc12.png
18:18:36.605 [Forwarding findElement on session 39f27da9892c4ee4d44c823b64e88ca4 to remote] DEBUG org.asynchttpclient.netty.request.NettyRequestSender - Using pooled Channel '[id: 0x3c65943b, L:/127.0.0.1:49678 - R:localhost/127.0.0.1:53361]' for 'POST' to 'http://localhost:53361/session/39f27da9892c4ee4d44c823b64e88ca4/element'
18:18:36.605 [Forwarding findElement on session 39f27da9892c4ee4d44c823b64e88ca4 to remote] DEBUG org.asynchttpclient.netty.request.NettyRequestSender - Using open Channel [id: 0x3c65943b, L:/127.0.0.1:49678 - R:localhost/127.0.0.1:53361] for POST '/session/39f27da9892c4ee4d44c823b64e88ca4/element'
18:18:36.617 [AsyncHttpClient-1-5] DEBUG org.asynchttpclient.netty.handler.HttpHandler - 

Request DefaultHttpRequest(decodeResult: success, version: HTTP/1.1)
POST /session/39f27da9892c4ee4d44c823b64e88ca4/element HTTP/1.1
User-Agent: selenium/4.1.2 (java windows)
Content-Length: 121
Content-Type: application/json; charset=utf-8
host: localhost:53361
accept: */*

Response DefaultHttpResponse(decodeResult: success, version: HTTP/1.1)
HTTP/1.1 200 OK
Content-Type: application/json; charset=utf-8
cache-control: no-cache
content-length: 88

18:18:36.617 [AsyncHttpClient-1-5] DEBUG org.asynchttpclient.netty.channel.ChannelManager - Adding key: http://localhost:53361 for channel [id: 0x3c65943b, L:/127.0.0.1:49678 - R:localhost/127.0.0.1:53361]
18:18:36.618 [Forwarding getElementTagName on session 39f27da9892c4ee4d44c823b64e88ca4 to remote] DEBUG org.asynchttpclient.netty.request.NettyRequestSender - Using pooled Channel '[id: 0x3c65943b, L:/127.0.0.1:49678 - R:localhost/127.0.0.1:53361]' for 'GET' to 'http://localhost:53361/session/39f27da9892c4ee4d44c823b64e88ca4/element/51092c50-b6b2-45db-96ca-bb441d965caa/name'
18:18:36.618 [Forwarding getElementTagName on session 39f27da9892c4ee4d44c823b64e88ca4 to remote] DEBUG org.asynchttpclient.netty.request.NettyRequestSender - Using open Channel [id: 0x3c65943b, L:/127.0.0.1:49678 - R:localhost/127.0.0.1:53361] for GET '/session/39f27da9892c4ee4d44c823b64e88ca4/element/51092c50-b6b2-45db-96ca-bb441d965caa/name'
18:18:36.622 [AsyncHttpClient-1-5] DEBUG org.asynchttpclient.netty.handler.HttpHandler - 

Request DefaultFullHttpRequest(decodeResult: success, version: HTTP/1.1, content: EmptyByteBufBE)
GET /session/39f27da9892c4ee4d44c823b64e88ca4/element/51092c50-b6b2-45db-96ca-bb441d965caa/name HTTP/1.1
User-Agent: selenium/4.1.2 (java windows)
Cache-Control: no-cache
Content-Type: application/json; charset=utf-8
host: localhost:53361
accept: */*

Response DefaultHttpResponse(decodeResult: success, version: HTTP/1.1)
HTTP/1.1 200 OK
Content-Type: application/json; charset=utf-8
cache-control: no-cache
content-length: 16

18:18:36.622 [AsyncHttpClient-1-5] DEBUG org.asynchttpclient.netty.channel.ChannelManager - Adding key: http://localhost:53361 for channel [id: 0x3c65943b, L:/127.0.0.1:49678 - R:localhost/127.0.0.1:53361]
18:18:36.624 [Forwarding getElementTagName on session 39f27da9892c4ee4d44c823b64e88ca4 to remote] DEBUG org.asynchttpclient.netty.request.NettyRequestSender - Using pooled Channel '[id: 0x3c65943b, L:/127.0.0.1:49678 - R:localhost/127.0.0.1:53361]' for 'GET' to 'http://localhost:53361/session/39f27da9892c4ee4d44c823b64e88ca4/element/51092c50-b6b2-45db-96ca-bb441d965caa/name'
18:18:36.624 [Forwarding getElementTagName on session 39f27da9892c4ee4d44c823b64e88ca4 to remote] DEBUG org.asynchttpclient.netty.request.NettyRequestSender - Using open Channel [id: 0x3c65943b, L:/127.0.0.1:49678 - R:localhost/127.0.0.1:53361] for GET '/session/39f27da9892c4ee4d44c823b64e88ca4/element/51092c50-b6b2-45db-96ca-bb441d965caa/name'
18:18:36.627 [AsyncHttpClient-1-5] DEBUG org.asynchttpclient.netty.handler.HttpHandler - 

Request DefaultFullHttpRequest(decodeResult: success, version: HTTP/1.1, content: EmptyByteBufBE)
GET /session/39f27da9892c4ee4d44c823b64e88ca4/element/51092c50-b6b2-45db-96ca-bb441d965caa/name HTTP/1.1
User-Agent: selenium/4.1.2 (java windows)
Cache-Control: no-cache
Content-Type: application/json; charset=utf-8
host: localhost:53361
accept: */*

Response DefaultHttpResponse(decodeResult: success, version: HTTP/1.1)
HTTP/1.1 200 OK
Content-Type: application/json; charset=utf-8
cache-control: no-cache
content-length: 16

18:18:36.627 [AsyncHttpClient-1-5] DEBUG org.asynchttpclient.netty.channel.ChannelManager - Adding key: http://localhost:53361 for channel [id: 0x3c65943b, L:/127.0.0.1:49678 - R:localhost/127.0.0.1:53361]
18:18:36.628 [Forwarding findElement on session 39f27da9892c4ee4d44c823b64e88ca4 to remote] DEBUG org.asynchttpclient.netty.request.NettyRequestSender - Using pooled Channel '[id: 0x3c65943b, L:/127.0.0.1:49678 - R:localhost/127.0.0.1:53361]' for 'POST' to 'http://localhost:53361/session/39f27da9892c4ee4d44c823b64e88ca4/element'
18:18:36.628 [Forwarding findElement on session 39f27da9892c4ee4d44c823b64e88ca4 to remote] DEBUG org.asynchttpclient.netty.request.NettyRequestSender - Using open Channel [id: 0x3c65943b, L:/127.0.0.1:49678 - R:localhost/127.0.0.1:53361] for POST '/session/39f27da9892c4ee4d44c823b64e88ca4/element'
18:18:36.634 [AsyncHttpClient-1-5] DEBUG org.asynchttpclient.netty.handler.HttpHandler - 

Request DefaultHttpRequest(decodeResult: success, version: HTTP/1.1)
POST /session/39f27da9892c4ee4d44c823b64e88ca4/element HTTP/1.1
User-Agent: selenium/4.1.2 (java windows)
Content-Length: 121
Content-Type: application/json; charset=utf-8
host: localhost:53361
accept: */*

Response DefaultHttpResponse(decodeResult: success, version: HTTP/1.1)
HTTP/1.1 200 OK
Content-Type: application/json; charset=utf-8
cache-control: no-cache
content-length: 88

18:18:36.634 [AsyncHttpClient-1-5] DEBUG org.asynchttpclient.netty.channel.ChannelManager - Adding key: http://localhost:53361 for channel [id: 0x3c65943b, L:/127.0.0.1:49678 - R:localhost/127.0.0.1:53361]
18:18:36.635 [Forwarding clickElement on session 39f27da9892c4ee4d44c823b64e88ca4 to remote] DEBUG org.asynchttpclient.netty.request.NettyRequestSender - Using pooled Channel '[id: 0x3c65943b, L:/127.0.0.1:49678 - R:localhost/127.0.0.1:53361]' for 'POST' to 'http://localhost:53361/session/39f27da9892c4ee4d44c823b64e88ca4/element/51092c50-b6b2-45db-96ca-bb441d965caa/click'
18:18:36.635 [Forwarding clickElement on session 39f27da9892c4ee4d44c823b64e88ca4 to remote] DEBUG org.asynchttpclient.netty.request.NettyRequestSender - Using open Channel [id: 0x3c65943b, L:/127.0.0.1:49678 - R:localhost/127.0.0.1:53361] for POST '/session/39f27da9892c4ee4d44c823b64e88ca4/element/51092c50-b6b2-45db-96ca-bb441d965caa/click'
18:18:36.668 [AsyncHttpClient-1-5] DEBUG org.asynchttpclient.netty.handler.HttpHandler - 

Request DefaultHttpRequest(decodeResult: success, version: HTTP/1.1)
POST /session/39f27da9892c4ee4d44c823b64e88ca4/element/51092c50-b6b2-45db-96ca-bb441d965caa/click HTTP/1.1
User-Agent: selenium/4.1.2 (java windows)
Content-Length: 50
Content-Type: application/json; charset=utf-8
host: localhost:53361
accept: */*

Response DefaultHttpResponse(decodeResult: success, version: HTTP/1.1)
HTTP/1.1 200 OK
Content-Type: application/json; charset=utf-8
cache-control: no-cache
content-length: 14

18:18:36.668 [AsyncHttpClient-1-5] DEBUG org.asynchttpclient.netty.channel.ChannelManager - Adding key: http://localhost:53361 for channel [id: 0x3c65943b, L:/127.0.0.1:49678 - R:localhost/127.0.0.1:53361]
  &amp#27;[32mAnd &amp#27;[0m&amp#27;[32mI click Register button&amp#27;[0m                   &amp#27;[90m# starter.stepdefinitions.RegisterStep.iClickRegisterButton()&amp#27;[0m
18:18:36.672 [Forwarding screenshot on session 39f27da9892c4ee4d44c823b64e88ca4 to remote] DEBUG org.asynchttpclient.netty.request.NettyRequestSender - Using pooled Channel '[id: 0x3c65943b, L:/127.0.0.1:49678 - R:localhost/127.0.0.1:53361]' for 'GET' to 'http://localhost:53361/session/39f27da9892c4ee4d44c823b64e88ca4/screenshot'
18:18:36.672 [Forwarding screenshot on session 39f27da9892c4ee4d44c823b64e88ca4 to remote] DEBUG org.asynchttpclient.netty.request.NettyRequestSender - Using open Channel [id: 0x3c65943b, L:/127.0.0.1:49678 - R:localhost/127.0.0.1:53361] for GET '/session/39f27da9892c4ee4d44c823b64e88ca4/screenshot'
18:18:36.828 [AsyncHttpClient-1-5] DEBUG org.asynchttpclient.netty.handler.HttpHandler - 

Request DefaultFullHttpRequest(decodeResult: success, version: HTTP/1.1, content: EmptyByteBufBE)
GET /session/39f27da9892c4ee4d44c823b64e88ca4/screenshot HTTP/1.1
User-Agent: selenium/4.1.2 (java windows)
Cache-Control: no-cache
Content-Type: application/json; charset=utf-8
host: localhost:53361
accept: */*

Response DefaultHttpResponse(decodeResult: success, version: HTTP/1.1)
HTTP/1.1 200 OK
Content-Type: application/json; charset=utf-8
cache-control: no-cache
content-length: 46620

18:18:36.828 [AsyncHttpClient-1-5] DEBUG org.asynchttpclient.netty.channel.ChannelManager - Adding key: http://localhost:53361 for channel [id: 0x3c65943b, L:/127.0.0.1:49678 - R:localhost/127.0.0.1:53361]
18:18:36.829 [main] DEBUG net.serenitybdd.core.photography.Darkroom - Send negative for processing for target\site\serenity\3e3ed68de681f86ff4534b89fba16fe3542829f902cdc95210865051b2c3f0e5.png
18:18:36.830 [Darkroom Processing Line] DEBUG net.serenitybdd.core.photography.DarkroomProcessingLine - Processing screenshot image in /var/screenshots/screenshot-11008050668937138466
18:18:36.830 [Darkroom Processing Line] DEBUG net.serenitybdd.core.photography.DarkroomProcessingLine - Saving screenshot to target\site\serenity\3e3ed68de681f86ff4534b89fba16fe3542829f902cdc95210865051b2c3f0e5.png
18:18:36.833 [Forwarding findElement on session 39f27da9892c4ee4d44c823b64e88ca4 to remote] DEBUG org.asynchttpclient.netty.request.NettyRequestSender - Using pooled Channel '[id: 0x3c65943b, L:/127.0.0.1:49678 - R:localhost/127.0.0.1:53361]' for 'POST' to 'http://localhost:53361/session/39f27da9892c4ee4d44c823b64e88ca4/element'
18:18:36.833 [Forwarding findElement on session 39f27da9892c4ee4d44c823b64e88ca4 to remote] DEBUG org.asynchttpclient.netty.request.NettyRequestSender - Using open Channel [id: 0x3c65943b, L:/127.0.0.1:49678 - R:localhost/127.0.0.1:53361] for POST '/session/39f27da9892c4ee4d44c823b64e88ca4/element'
18:18:37.280 [AsyncHttpClient-1-5] DEBUG org.asynchttpclient.netty.handler.HttpHandler - 

Request DefaultHttpRequest(decodeResult: success, version: HTTP/1.1)
POST /session/39f27da9892c4ee4d44c823b64e88ca4/element HTTP/1.1
User-Agent: selenium/4.1.2 (java windows)
Content-Length: 83
Content-Type: application/json; charset=utf-8
host: localhost:53361
accept: */*

Response DefaultHttpResponse(decodeResult: success, version: HTTP/1.1)
HTTP/1.1 200 OK
Content-Type: application/json; charset=utf-8
cache-control: no-cache
content-length: 88

18:18:37.280 [AsyncHttpClient-1-5] DEBUG org.asynchttpclient.netty.channel.ChannelManager - Adding key: http://localhost:53361 for channel [id: 0x3c65943b, L:/127.0.0.1:49678 - R:localhost/127.0.0.1:53361]
18:18:37.281 [Forwarding isElementDisplayed on session 39f27da9892c4ee4d44c823b64e88ca4 to remote] DEBUG org.asynchttpclient.netty.request.NettyRequestSender - Using pooled Channel '[id: 0x3c65943b, L:/127.0.0.1:49678 - R:localhost/127.0.0.1:53361]' for 'POST' to 'http://localhost:53361/session/39f27da9892c4ee4d44c823b64e88ca4/execute/sync'
18:18:37.281 [Forwarding isElementDisplayed on session 39f27da9892c4ee4d44c823b64e88ca4 to remote] DEBUG org.asynchttpclient.netty.request.NettyRequestSender - Using open Channel [id: 0x3c65943b, L:/127.0.0.1:49678 - R:localhost/127.0.0.1:53361] for POST '/session/39f27da9892c4ee4d44c823b64e88ca4/execute/sync'
18:18:37.292 [AsyncHttpClient-1-5] DEBUG org.asynchttpclient.netty.handler.HttpHandler - 

Request DefaultHttpRequest(decodeResult: success, version: HTTP/1.1)
POST /session/39f27da9892c4ee4d44c823b64e88ca4/execute/sync HTTP/1.1
User-Agent: selenium/4.1.2 (java windows)
Content-Length: 48780
Content-Type: application/json; charset=utf-8
host: localhost:53361
accept: */*

Response DefaultHttpResponse(decodeResult: success, version: HTTP/1.1)
HTTP/1.1 200 OK
Content-Type: application/json; charset=utf-8
cache-control: no-cache
content-length: 14

18:18:37.292 [AsyncHttpClient-1-5] DEBUG org.asynchttpclient.netty.channel.ChannelManager - Adding key: http://localhost:53361 for channel [id: 0x3c65943b, L:/127.0.0.1:49678 - R:localhost/127.0.0.1:53361]
  &amp#27;[32mThen &amp#27;[0m&amp#27;[32mI will get the &amp#27;[0m&amp#27;[32m&amp#27;[1m"Success register"&amp#27;[0m&amp#27;[32m result&amp#27;[0m &amp#27;[90m# starter.stepdefinitions.RegisterStep.iWillGetTheResult(java.lang.String)&amp#27;[0m
18:18:37.294 [Forwarding screenshot on session 39f27da9892c4ee4d44c823b64e88ca4 to remote] DEBUG org.asynchttpclient.netty.request.NettyRequestSender - Using pooled Channel '[id: 0x3c65943b, L:/127.0.0.1:49678 - R:localhost/127.0.0.1:53361]' for 'GET' to 'http://localhost:53361/session/39f27da9892c4ee4d44c823b64e88ca4/screenshot'
18:18:37.294 [Forwarding screenshot on session 39f27da9892c4ee4d44c823b64e88ca4 to remote] DEBUG org.asynchttpclient.netty.request.NettyRequestSender - Using open Channel [id: 0x3c65943b, L:/127.0.0.1:49678 - R:localhost/127.0.0.1:53361] for GET '/session/39f27da9892c4ee4d44c823b64e88ca4/screenshot'
18:18:37.405 [AsyncHttpClient-1-5] DEBUG org.asynchttpclient.netty.handler.HttpHandler - 

Request DefaultFullHttpRequest(decodeResult: success, version: HTTP/1.1, content: EmptyByteBufBE)
GET /session/39f27da9892c4ee4d44c823b64e88ca4/screenshot HTTP/1.1
User-Agent: selenium/4.1.2 (java windows)
Cache-Control: no-cache
Content-Type: application/json; charset=utf-8
host: localhost:53361
accept: */*

Response DefaultHttpResponse(decodeResult: success, version: HTTP/1.1)
HTTP/1.1 200 OK
Content-Type: application/json; charset=utf-8
cache-control: no-cache
content-length: 32092

18:18:37.407 [AsyncHttpClient-1-5] DEBUG org.asynchttpclient.netty.channel.ChannelManager - Adding key: http://localhost:53361 for channel [id: 0x3c65943b, L:/127.0.0.1:49678 - R:localhost/127.0.0.1:53361]
18:18:37.408 [main] DEBUG net.serenitybdd.core.photography.Darkroom - Send negative for processing for target\site\serenity\526506dd6ab1327a8c13c7219b02e3b6004e0f5a7897cddc577f51027750fae5.png
18:18:37.411 [Driver Command Executor] DEBUG org.asynchttpclient.netty.request.NettyRequestSender - Using pooled Channel '[id: 0x3c65943b, L:/127.0.0.1:49678 - R:localhost/127.0.0.1:53361]' for 'DELETE' to 'http://localhost:53361/session/39f27da9892c4ee4d44c823b64e88ca4'
18:18:37.411 [Driver Command Executor] DEBUG org.asynchttpclient.netty.request.NettyRequestSender - Using open Channel [id: 0x3c65943b, L:/127.0.0.1:49678 - R:localhost/127.0.0.1:53361] for DELETE '/session/39f27da9892c4ee4d44c823b64e88ca4'
18:18:37.411 [AsyncHttpClient-1-7] DEBUG org.asynchttpclient.netty.handler.WebSocketHandler - Channel Closed: [id: 0xc0d8076d, L:/127.0.0.1:49686 ! R:localhost/127.0.0.1:49679] with attribute NettyResponseFuture{currentRetry=5,
	isDone=1,
	isCancelled=0,
	asyncHandler=org.asynchttpclient.ws.WebSocketUpgradeHandler@d7a9716,
	nettyRequest=org.asynchttpclient.netty.request.NettyRequest@5c6f7bdc,
	future=java.util.concurrent.CompletableFuture@10091c96[Completed normally],
	uri=ws://localhost:49679/devtools/browser/67ee2a1e-56ae-4792-9cda-9ed9ba5908eb,
	keepAlive=true,
	redirectCount=0,
	timeoutsHolder=null,
	inAuth=0,
	touch=1667560713712}
18:18:37.411 [AsyncHttpClient-1-7] DEBUG org.asynchttpclient.netty.channel.ChannelManager - Closing Channel [id: 0xc0d8076d, L:/127.0.0.1:49686 ! R:localhost/127.0.0.1:49679] 
18:18:37.467 [AsyncHttpClient-1-6] DEBUG org.asynchttpclient.netty.handler.HttpHandler - Unexpected I/O exception on channel [id: 0x79b5b31c, L:/127.0.0.1:49685 - R:localhost/127.0.0.1:49679]
java.io.IOException: An existing connection was forcibly closed by the remote host
	at java.base/sun.nio.ch.SocketDispatcher.read0(Native Method)
	at java.base/sun.nio.ch.SocketDispatcher.read(SocketDispatcher.java:43)
	at java.base/sun.nio.ch.IOUtil.readIntoNativeBuffer(IOUtil.java:276)
	at java.base/sun.nio.ch.IOUtil.read(IOUtil.java:233)
	at java.base/sun.nio.ch.IOUtil.read(IOUtil.java:223)
	at java.base/sun.nio.ch.SocketChannelImpl.read(SocketChannelImpl.java:358)
	at io.netty.buffer.PooledByteBuf.setBytes(PooledByteBuf.java:258)
	at io.netty.buffer.AbstractByteBuf.writeBytes(AbstractByteBuf.java:1132)
	at io.netty.channel.socket.nio.NioSocketChannel.doReadBytes(NioSocketChannel.java:350)
	at io.netty.channel.nio.AbstractNioByteChannel$NioByteUnsafe.read(AbstractNioByteChannel.java:151)
	at io.netty.channel.nio.NioEventLoop.processSelectedKey(NioEventLoop.java:722)
	at io.netty.channel.nio.NioEventLoop.processSelectedKeysOptimized(NioEventLoop.java:658)
	at io.netty.channel.nio.NioEventLoop.processSelectedKeys(NioEventLoop.java:584)
	at io.netty.channel.nio.NioEventLoop.run(NioEventLoop.java:496)
	at io.netty.util.concurrent.SingleThreadEventExecutor$4.run(SingleThreadEventExecutor.java:986)
	at io.netty.util.internal.ThreadExecutorMap$2.run(ThreadExecutorMap.java:74)
	at io.netty.util.concurrent.FastThreadLocalRunnable.run(FastThreadLocalRunnable.java:30)
	at java.base/java.lang.Thread.run(Thread.java:834)
18:18:37.467 [AsyncHttpClient-1-6] DEBUG org.asynchttpclient.netty.channel.ChannelManager - Closing Channel [id: 0x79b5b31c, L:/127.0.0.1:49685 - R:localhost/127.0.0.1:49679] 
18:18:37.467 [AsyncHttpClient-1-6] DEBUG org.asynchttpclient.netty.handler.HttpHandler - Channel Closed: [id: 0x79b5b31c, L:/127.0.0.1:49685 ! R:localhost/127.0.0.1:49679] with attribute DISCARD
18:18:37.484 [AsyncHttpClient-1-5] DEBUG org.asynchttpclient.netty.handler.HttpHandler - 

Request DefaultFullHttpRequest(decodeResult: success, version: HTTP/1.1, content: EmptyByteBufBE)
DELETE /session/39f27da9892c4ee4d44c823b64e88ca4 HTTP/1.1
User-Agent: selenium/4.1.2 (java windows)
Content-Type: application/json; charset=utf-8
host: localhost:53361
accept: */*

Response DefaultHttpResponse(decodeResult: success, version: HTTP/1.1)
HTTP/1.1 200 OK
Content-Type: application/json; charset=utf-8
cache-control: no-cache
content-length: 14

18:18:37.484 [AsyncHttpClient-1-5] DEBUG org.asynchttpclient.netty.channel.ChannelManager - Adding key: http://localhost:53361 for channel [id: 0x3c65943b, L:/127.0.0.1:49678 - R:localhost/127.0.0.1:53361]
18:18:37.564 [AsyncHttpClient-1-5] DEBUG org.asynchttpclient.netty.handler.HttpHandler - Channel Closed: [id: 0x3c65943b, L:/127.0.0.1:49678 ! R:localhost/127.0.0.1:53361] with attribute DISCARD
18:18:37.602 [main] INFO  - 
  _____   ___   ___   _____     ___     _     ___   ___   ___   ___  
 |_   _| | __| / __| |_   _|   | _ \   /_\   / __| / __| | __| |   \ 
   | |   | _|  \__ \   | |     |  _/  / _ \  \__ \ \__ \ | _|  | |) |
   |_|   |___| |___/   |_|     |_|   /_/ \_\ |___/ |___/ |___| |___/ 

Register new a account
----------------------------------------------------------------------
]]></system-out>
    <system-err><![CDATA[Starting ChromeDriver 107.0.5304.62 (1eec40d3a5764881c92085aaee66d25075c159aa-refs/branch-heads/5304@{#942}) on port 53361
Only local connections are allowed.
Please see https://chromedriver.chromium.org/security-considerations for suggestions on keeping ChromeDriver safe.
ChromeDriver was started successfully.
Nov 04, 2022 6:18:33 PM org.openqa.selenium.remote.ProtocolHandshake createSession
INFO: Detected dialect: W3C
Nov 04, 2022 6:18:33 PM org.openqa.selenium.devtools.CdpVersionFinder findNearestMatch
WARNING: Unable to find an exact match for CDP version 107, so returning the closest version found: a no-op implementation
Nov 04, 2022 6:18:33 PM org.openqa.selenium.devtools.CdpVersionFinder findNearestMatch
INFO: Unable to find CDP implementation matching 107.
Nov 04, 2022 6:18:33 PM org.openqa.selenium.chromium.ChromiumDriver lambda$new$3
WARNING: Unable to find version of CDP to use for . You may need to include a dependency on a specific version of the CDP using something similar to `org.seleniumhq.selenium:selenium-devtools-v86:4.1.2` where the version ("v86") matches the version of the chromium-based browser you're using and the version number of the artifact is the same as Selenium's.
]]></system-err>
  </testcase>
  <testcase name="Register new a account #2" classname="Register" time="5.116">
    <system-out><![CDATA[
@Register
Scenario Outline: Register new a account     &amp#27;[90m# src/test/resources/features/register.feature:19&amp#27;[0m
18:18:37.608 [main] INFO io.cucumber.core.plugin.SerenityReporter - Running feature from file:///D:/Ra/file%20kuliah/semester%207/resume%20alta/Mini%20Project/Web/AltaShop/src/test/resources/features/register.feature
18:18:37.617 [main] INFO net.serenitybdd.core.webdriver.driverproviders.ChromeDriverProvider - Using automatically driver download
18:18:37.693 [AsyncHttpClient-1-1] DEBUG org.asynchttpclient.netty.channel.DefaultChannelPool - Entry count for : http://localhost:49679 : 1
18:18:37.693 [AsyncHttpClient-1-1] DEBUG org.asynchttpclient.netty.channel.DefaultChannelPool - Entry count for : http://localhost:53361 : 1
18:18:37.693 [AsyncHttpClient-1-1] DEBUG org.asynchttpclient.netty.channel.DefaultChannelPool - Adding Candidate expired Channel [id: 0x79b5b31c, L:/127.0.0.1:49685 ! R:localhost/127.0.0.1:49679] isIdleTimeoutExpired=false isRemotelyClosed=true isTtlExpired=false
18:18:37.693 [AsyncHttpClient-1-1] DEBUG org.asynchttpclient.netty.channel.DefaultChannelPool - Closing Idle Channel [id: 0x79b5b31c, L:/127.0.0.1:49685 ! R:localhost/127.0.0.1:49679]
18:18:37.693 [AsyncHttpClient-1-1] DEBUG org.asynchttpclient.netty.channel.DefaultChannelPool - Adding Candidate expired Channel [id: 0x3c65943b, L:/127.0.0.1:49678 ! R:localhost/127.0.0.1:53361] isIdleTimeoutExpired=false isRemotelyClosed=true isTtlExpired=false
18:18:37.693 [AsyncHttpClient-1-1] DEBUG org.asynchttpclient.netty.channel.DefaultChannelPool - Closing Idle Channel [id: 0x3c65943b, L:/127.0.0.1:49678 ! R:localhost/127.0.0.1:53361]
18:18:37.693 [AsyncHttpClient-1-1] DEBUG org.asynchttpclient.netty.channel.DefaultChannelPool - Closed 2 connections out of 2 in 0 ms
18:18:37.702 [main] DEBUG io.github.bonigarcia.wdm.cache.ResolutionCache - Resolution chrome=107 in cache (valid until 18:54:29 04/11/2022 ICT)
18:18:37.704 [main] DEBUG io.github.bonigarcia.wdm.cache.ResolutionCache - Resolution chrome107=107.0.5304.62 in cache (valid until 17:54:29 05/11/2022 ICT)
18:18:37.705 [main] INFO io.github.bonigarcia.wdm.WebDriverManager - Using chromedriver 107.0.5304.62 (resolved driver for Chrome 107)
18:18:37.711 [main] DEBUG io.github.bonigarcia.wdm.WebDriverManager - Driver chromedriver 107.0.5304.62 found in cache
18:18:37.713 [main] INFO io.github.bonigarcia.wdm.WebDriverManager - Exporting webdriver.chrome.driver as C:\Users\rilaa\.cache\selenium\chromedriver\win32\107.0.5304.62\chromedriver.exe
18:18:37.837 [main] DEBUG net.serenitybdd.core.webdriver.driverproviders.ProvideNewDriver - Instantiating driver
18:18:37.837 [main] DEBUG net.serenitybdd.core.webdriver.driverproviders.ProvideNewDriver - Driver capabilities: Capabilities {acceptInsecureCerts: false, base.url: https://alta-shop.vercel.app, browserName: chrome, chrome.driver: src/test/resources/webdrive..., driver: chrome, goog:chromeOptions: {args: [], extensions: []}}
18:18:37.901 [AsyncHttpClient-1-8] DEBUG org.asynchttpclient.netty.channel.NettyConnectListener - Using new Channel '[id: 0x2b0126a2, L:/127.0.0.1:49701 - R:localhost/127.0.0.1:55652]' for 'POST' to '/session'
18:18:38.753 [AsyncHttpClient-1-8] DEBUG org.asynchttpclient.netty.handler.HttpHandler - 

Request DefaultHttpRequest(decodeResult: success, version: HTTP/1.1)
POST /session HTTP/1.1
User-Agent: selenium/4.1.2 (java windows)
Content-Length: 609
Content-Type: application/json; charset=utf-8
host: localhost:55652
accept: */*

Response DefaultHttpResponse(decodeResult: success, version: HTTP/1.1)
HTTP/1.1 200 OK
Content-Type: application/json; charset=utf-8
cache-control: no-cache
content-length: 789

18:18:38.753 [AsyncHttpClient-1-8] DEBUG org.asynchttpclient.netty.channel.ChannelManager - Adding key: http://localhost:55652 for channel [id: 0x2b0126a2, L:/127.0.0.1:49701 - R:localhost/127.0.0.1:55652]
18:18:38.765 [AsyncHttpClient-1-9] DEBUG org.asynchttpclient.netty.channel.NettyConnectListener - Using new Channel '[id: 0x92fe95c4, L:/127.0.0.1:49708 - R:localhost/127.0.0.1:49702]' for 'GET' to '/json/version'
18:18:38.766 [AsyncHttpClient-1-9] DEBUG org.asynchttpclient.netty.handler.HttpHandler - 

Request DefaultFullHttpRequest(decodeResult: success, version: HTTP/1.1, content: EmptyByteBufBE)
GET /json/version HTTP/1.1
User-Agent: selenium/4.1.2 (java windows)
host: localhost:49702
accept: */*

Response DefaultHttpResponse(decodeResult: success, version: HTTP/1.1)
HTTP/1.1 200 OK
Content-Type: application/json; charset=UTF-8
content-length: 423

18:18:38.766 [AsyncHttpClient-1-9] DEBUG org.asynchttpclient.netty.channel.ChannelManager - Adding key: http://localhost:49702 for channel [id: 0x92fe95c4, L:/127.0.0.1:49708 - R:localhost/127.0.0.1:49702]
18:18:38.768 [AsyncHttpClient-1-2] DEBUG org.asynchttpclient.netty.channel.NettyConnectListener - Using new Channel '[id: 0xf7fe41b0, L:/127.0.0.1:49709 - R:localhost/127.0.0.1:49702]' for 'GET' to '/devtools/browser/44527128-e1bf-48c7-a3db-a547b59754dd'
18:18:38.769 [AsyncHttpClient-1-2] DEBUG org.asynchttpclient.netty.handler.WebSocketHandler - 

Request DefaultFullHttpRequest(decodeResult: success, version: HTTP/1.1, content: EmptyByteBufBE)
GET /devtools/browser/44527128-e1bf-48c7-a3db-a547b59754dd HTTP/1.1
upgrade: websocket
connection: upgrade
sec-websocket-key: bmkRTMeyDZwJM6apVVeLgQ==
sec-websocket-version: 13
origin: http://localhost:49702
host: localhost:49702
accept: */*
user-agent: AHC/2.1

Response DefaultHttpResponse(decodeResult: success, version: HTTP/1.1)
HTTP/1.1 101 WebSocket Protocol Handshake
Upgrade: WebSocket
Connection: Upgrade
Sec-WebSocket-Accept: 7j2jTlR5XneL/BaGHLunac3Lbg8=

18:18:38.778 [Forwarding get on session 8c6e83bed8bf7237e14e97c77cd45623 to remote] DEBUG org.asynchttpclient.netty.request.NettyRequestSender - Using pooled Channel '[id: 0x2b0126a2, L:/127.0.0.1:49701 - R:localhost/127.0.0.1:55652]' for 'POST' to 'http://localhost:55652/session/8c6e83bed8bf7237e14e97c77cd45623/url'
18:18:38.778 [Forwarding get on session 8c6e83bed8bf7237e14e97c77cd45623 to remote] DEBUG org.asynchttpclient.netty.request.NettyRequestSender - Using open Channel [id: 0x2b0126a2, L:/127.0.0.1:49701 - R:localhost/127.0.0.1:55652] for POST '/session/8c6e83bed8bf7237e14e97c77cd45623/url'
18:18:38.816 [AsyncHttpClient-1-1] DEBUG org.asynchttpclient.netty.channel.DefaultChannelPool - Entry count for : http://localhost:49702 : 1
18:18:39.738 [AsyncHttpClient-1-8] DEBUG org.asynchttpclient.netty.handler.HttpHandler - 

Request DefaultHttpRequest(decodeResult: success, version: HTTP/1.1)
POST /session/8c6e83bed8bf7237e14e97c77cd45623/url HTTP/1.1
User-Agent: selenium/4.1.2 (java windows)
Content-Length: 59
Content-Type: application/json; charset=utf-8
host: localhost:55652
accept: */*

Response DefaultHttpResponse(decodeResult: success, version: HTTP/1.1)
HTTP/1.1 200 OK
Content-Type: application/json; charset=utf-8
cache-control: no-cache
content-length: 14

18:18:39.738 [AsyncHttpClient-1-8] DEBUG org.asynchttpclient.netty.channel.ChannelManager - Adding key: http://localhost:55652 for channel [id: 0x2b0126a2, L:/127.0.0.1:49701 - R:localhost/127.0.0.1:55652]
18:18:39.739 [Forwarding setTimeout on session 8c6e83bed8bf7237e14e97c77cd45623 to remote] DEBUG org.asynchttpclient.netty.request.NettyRequestSender - Using pooled Channel '[id: 0x2b0126a2, L:/127.0.0.1:49701 - R:localhost/127.0.0.1:55652]' for 'POST' to 'http://localhost:55652/session/8c6e83bed8bf7237e14e97c77cd45623/timeouts'
18:18:39.739 [Forwarding setTimeout on session 8c6e83bed8bf7237e14e97c77cd45623 to remote] DEBUG org.asynchttpclient.netty.request.NettyRequestSender - Using open Channel [id: 0x2b0126a2, L:/127.0.0.1:49701 - R:localhost/127.0.0.1:55652] for POST '/session/8c6e83bed8bf7237e14e97c77cd45623/timeouts'
18:18:39.742 [AsyncHttpClient-1-8] DEBUG org.asynchttpclient.netty.handler.HttpHandler - 

Request DefaultHttpRequest(decodeResult: success, version: HTTP/1.1)
POST /session/8c6e83bed8bf7237e14e97c77cd45623/timeouts HTTP/1.1
User-Agent: selenium/4.1.2 (java windows)
Content-Length: 22
Content-Type: application/json; charset=utf-8
host: localhost:55652
accept: */*

Response DefaultHttpResponse(decodeResult: success, version: HTTP/1.1)
HTTP/1.1 200 OK
Content-Type: application/json; charset=utf-8
cache-control: no-cache
content-length: 14

18:18:39.742 [AsyncHttpClient-1-8] DEBUG org.asynchttpclient.netty.channel.ChannelManager - Adding key: http://localhost:55652 for channel [id: 0x2b0126a2, L:/127.0.0.1:49701 - R:localhost/127.0.0.1:55652]
18:18:39.745 [Forwarding getCurrentUrl on session 8c6e83bed8bf7237e14e97c77cd45623 to remote] DEBUG org.asynchttpclient.netty.request.NettyRequestSender - Using pooled Channel '[id: 0x2b0126a2, L:/127.0.0.1:49701 - R:localhost/127.0.0.1:55652]' for 'GET' to 'http://localhost:55652/session/8c6e83bed8bf7237e14e97c77cd45623/url'
18:18:39.745 [Forwarding getCurrentUrl on session 8c6e83bed8bf7237e14e97c77cd45623 to remote] DEBUG org.asynchttpclient.netty.request.NettyRequestSender - Using open Channel [id: 0x2b0126a2, L:/127.0.0.1:49701 - R:localhost/127.0.0.1:55652] for GET '/session/8c6e83bed8bf7237e14e97c77cd45623/url'
18:18:39.801 [AsyncHttpClient-1-8] DEBUG org.asynchttpclient.netty.handler.HttpHandler - 

Request DefaultFullHttpRequest(decodeResult: success, version: HTTP/1.1, content: EmptyByteBufBE)
GET /session/8c6e83bed8bf7237e14e97c77cd45623/url HTTP/1.1
User-Agent: selenium/4.1.2 (java windows)
Cache-Control: no-cache
Content-Type: application/json; charset=utf-8
host: localhost:55652
accept: */*

Response DefaultHttpResponse(decodeResult: success, version: HTTP/1.1)
HTTP/1.1 200 OK
Content-Type: application/json; charset=utf-8
cache-control: no-cache
content-length: 41

18:18:39.801 [AsyncHttpClient-1-8] DEBUG org.asynchttpclient.netty.channel.ChannelManager - Adding key: http://localhost:55652 for channel [id: 0x2b0126a2, L:/127.0.0.1:49701 - R:localhost/127.0.0.1:55652]
18:18:39.805 [Forwarding findElement on session 8c6e83bed8bf7237e14e97c77cd45623 to remote] DEBUG org.asynchttpclient.netty.request.NettyRequestSender - Using pooled Channel '[id: 0x2b0126a2, L:/127.0.0.1:49701 - R:localhost/127.0.0.1:55652]' for 'POST' to 'http://localhost:55652/session/8c6e83bed8bf7237e14e97c77cd45623/element'
18:18:39.806 [Forwarding findElement on session 8c6e83bed8bf7237e14e97c77cd45623 to remote] DEBUG org.asynchttpclient.netty.request.NettyRequestSender - Using open Channel [id: 0x2b0126a2, L:/127.0.0.1:49701 - R:localhost/127.0.0.1:55652] for POST '/session/8c6e83bed8bf7237e14e97c77cd45623/element'
18:18:39.834 [AsyncHttpClient-1-8] DEBUG org.asynchttpclient.netty.handler.HttpHandler - 

Request DefaultHttpRequest(decodeResult: success, version: HTTP/1.1)
POST /session/8c6e83bed8bf7237e14e97c77cd45623/element HTTP/1.1
User-Agent: selenium/4.1.2 (java windows)
Content-Length: 77
Content-Type: application/json; charset=utf-8
host: localhost:55652
accept: */*

Response DefaultHttpResponse(decodeResult: success, version: HTTP/1.1)
HTTP/1.1 200 OK
Content-Type: application/json; charset=utf-8
cache-control: no-cache
content-length: 88

18:18:39.834 [AsyncHttpClient-1-8] DEBUG org.asynchttpclient.netty.channel.ChannelManager - Adding key: http://localhost:55652 for channel [id: 0x2b0126a2, L:/127.0.0.1:49701 - R:localhost/127.0.0.1:55652]
18:18:39.842 [Forwarding isElementDisplayed on session 8c6e83bed8bf7237e14e97c77cd45623 to remote] DEBUG org.asynchttpclient.netty.request.NettyRequestSender - Using pooled Channel '[id: 0x2b0126a2, L:/127.0.0.1:49701 - R:localhost/127.0.0.1:55652]' for 'POST' to 'http://localhost:55652/session/8c6e83bed8bf7237e14e97c77cd45623/execute/sync'
18:18:39.843 [Forwarding isElementDisplayed on session 8c6e83bed8bf7237e14e97c77cd45623 to remote] DEBUG org.asynchttpclient.netty.request.NettyRequestSender - Using open Channel [id: 0x2b0126a2, L:/127.0.0.1:49701 - R:localhost/127.0.0.1:55652] for POST '/session/8c6e83bed8bf7237e14e97c77cd45623/execute/sync'
18:18:39.864 [AsyncHttpClient-1-8] DEBUG org.asynchttpclient.netty.handler.HttpHandler - 

Request DefaultHttpRequest(decodeResult: success, version: HTTP/1.1)
POST /session/8c6e83bed8bf7237e14e97c77cd45623/execute/sync HTTP/1.1
User-Agent: selenium/4.1.2 (java windows)
Content-Length: 48780
Content-Type: application/json; charset=utf-8
host: localhost:55652
accept: */*

Response DefaultHttpResponse(decodeResult: success, version: HTTP/1.1)
HTTP/1.1 200 OK
Content-Type: application/json; charset=utf-8
cache-control: no-cache
content-length: 14

18:18:39.865 [AsyncHttpClient-1-8] DEBUG org.asynchttpclient.netty.channel.ChannelManager - Adding key: http://localhost:55652 for channel [id: 0x2b0126a2, L:/127.0.0.1:49701 - R:localhost/127.0.0.1:55652]
  &amp#27;[32mGiven &amp#27;[0m&amp#27;[32mI am on the home page&amp#27;[0m                &amp#27;[90m# starter.stepdefinitions.LoginStepDefinition.iAmOnTheHomePage()&amp#27;[0m
18:18:39.883 [Forwarding screenshot on session 8c6e83bed8bf7237e14e97c77cd45623 to remote] DEBUG org.asynchttpclient.netty.request.NettyRequestSender - Using pooled Channel '[id: 0x2b0126a2, L:/127.0.0.1:49701 - R:localhost/127.0.0.1:55652]' for 'GET' to 'http://localhost:55652/session/8c6e83bed8bf7237e14e97c77cd45623/screenshot'
18:18:39.883 [Forwarding screenshot on session 8c6e83bed8bf7237e14e97c77cd45623 to remote] DEBUG org.asynchttpclient.netty.request.NettyRequestSender - Using open Channel [id: 0x2b0126a2, L:/127.0.0.1:49701 - R:localhost/127.0.0.1:55652] for GET '/session/8c6e83bed8bf7237e14e97c77cd45623/screenshot'
18:18:39.887 [AsyncHttpClient-1-1] DEBUG org.asynchttpclient.netty.channel.DefaultChannelPool - Entry count for : http://localhost:49702 : 1
18:18:40.027 [AsyncHttpClient-1-8] DEBUG org.asynchttpclient.netty.handler.HttpHandler - 

Request DefaultFullHttpRequest(decodeResult: success, version: HTTP/1.1, content: EmptyByteBufBE)
GET /session/8c6e83bed8bf7237e14e97c77cd45623/screenshot HTTP/1.1
User-Agent: selenium/4.1.2 (java windows)
Cache-Control: no-cache
Content-Type: application/json; charset=utf-8
host: localhost:55652
accept: */*

Response DefaultHttpResponse(decodeResult: success, version: HTTP/1.1)
HTTP/1.1 200 OK
Content-Type: application/json; charset=utf-8
cache-control: no-cache
content-length: 35244

18:18:40.029 [AsyncHttpClient-1-8] DEBUG org.asynchttpclient.netty.channel.ChannelManager - Adding key: http://localhost:55652 for channel [id: 0x2b0126a2, L:/127.0.0.1:49701 - R:localhost/127.0.0.1:55652]
18:18:40.030 [main] DEBUG net.serenitybdd.core.photography.Darkroom - Send negative for processing for target\site\serenity\ea0d3be77a263b65c04661ba9435835e73cb31af61ff80fd3b459460811fd0a0.png
18:18:40.030 [Darkroom Processing Line] DEBUG net.serenitybdd.core.photography.DarkroomProcessingLine - Processing screenshot image in /var/screenshots/screenshot-11539318434939044155
18:18:40.030 [Darkroom Processing Line] DEBUG net.serenitybdd.core.photography.DarkroomProcessingLine - Saving screenshot to target\site\serenity\ea0d3be77a263b65c04661ba9435835e73cb31af61ff80fd3b459460811fd0a0.png
18:18:40.033 [Forwarding findElement on session 8c6e83bed8bf7237e14e97c77cd45623 to remote] DEBUG org.asynchttpclient.netty.request.NettyRequestSender - Using pooled Channel '[id: 0x2b0126a2, L:/127.0.0.1:49701 - R:localhost/127.0.0.1:55652]' for 'POST' to 'http://localhost:55652/session/8c6e83bed8bf7237e14e97c77cd45623/element'
18:18:40.033 [Forwarding findElement on session 8c6e83bed8bf7237e14e97c77cd45623 to remote] DEBUG org.asynchttpclient.netty.request.NettyRequestSender - Using open Channel [id: 0x2b0126a2, L:/127.0.0.1:49701 - R:localhost/127.0.0.1:55652] for POST '/session/8c6e83bed8bf7237e14e97c77cd45623/element'
18:18:40.044 [AsyncHttpClient-1-8] DEBUG org.asynchttpclient.netty.handler.HttpHandler - 

Request DefaultHttpRequest(decodeResult: success, version: HTTP/1.1)
POST /session/8c6e83bed8bf7237e14e97c77cd45623/element HTTP/1.1
User-Agent: selenium/4.1.2 (java windows)
Content-Length: 97
Content-Type: application/json; charset=utf-8
host: localhost:55652
accept: */*

Response DefaultHttpResponse(decodeResult: success, version: HTTP/1.1)
HTTP/1.1 200 OK
Content-Type: application/json; charset=utf-8
cache-control: no-cache
content-length: 88

18:18:40.044 [AsyncHttpClient-1-8] DEBUG org.asynchttpclient.netty.channel.ChannelManager - Adding key: http://localhost:55652 for channel [id: 0x2b0126a2, L:/127.0.0.1:49701 - R:localhost/127.0.0.1:55652]
18:18:40.045 [Forwarding getElementTagName on session 8c6e83bed8bf7237e14e97c77cd45623 to remote] DEBUG org.asynchttpclient.netty.request.NettyRequestSender - Using pooled Channel '[id: 0x2b0126a2, L:/127.0.0.1:49701 - R:localhost/127.0.0.1:55652]' for 'GET' to 'http://localhost:55652/session/8c6e83bed8bf7237e14e97c77cd45623/element/05721e8e-6aed-4901-8bc3-733c6e331f1d/name'
18:18:40.045 [Forwarding getElementTagName on session 8c6e83bed8bf7237e14e97c77cd45623 to remote] DEBUG org.asynchttpclient.netty.request.NettyRequestSender - Using open Channel [id: 0x2b0126a2, L:/127.0.0.1:49701 - R:localhost/127.0.0.1:55652] for GET '/session/8c6e83bed8bf7237e14e97c77cd45623/element/05721e8e-6aed-4901-8bc3-733c6e331f1d/name'
18:18:40.048 [AsyncHttpClient-1-8] DEBUG org.asynchttpclient.netty.handler.HttpHandler - 

Request DefaultFullHttpRequest(decodeResult: success, version: HTTP/1.1, content: EmptyByteBufBE)
GET /session/8c6e83bed8bf7237e14e97c77cd45623/element/05721e8e-6aed-4901-8bc3-733c6e331f1d/name HTTP/1.1
User-Agent: selenium/4.1.2 (java windows)
Cache-Control: no-cache
Content-Type: application/json; charset=utf-8
host: localhost:55652
accept: */*

Response DefaultHttpResponse(decodeResult: success, version: HTTP/1.1)
HTTP/1.1 200 OK
Content-Type: application/json; charset=utf-8
cache-control: no-cache
content-length: 13

18:18:40.048 [AsyncHttpClient-1-8] DEBUG org.asynchttpclient.netty.channel.ChannelManager - Adding key: http://localhost:55652 for channel [id: 0x2b0126a2, L:/127.0.0.1:49701 - R:localhost/127.0.0.1:55652]
18:18:40.049 [Forwarding getElementTagName on session 8c6e83bed8bf7237e14e97c77cd45623 to remote] DEBUG org.asynchttpclient.netty.request.NettyRequestSender - Using pooled Channel '[id: 0x2b0126a2, L:/127.0.0.1:49701 - R:localhost/127.0.0.1:55652]' for 'GET' to 'http://localhost:55652/session/8c6e83bed8bf7237e14e97c77cd45623/element/05721e8e-6aed-4901-8bc3-733c6e331f1d/name'
18:18:40.049 [Forwarding getElementTagName on session 8c6e83bed8bf7237e14e97c77cd45623 to remote] DEBUG org.asynchttpclient.netty.request.NettyRequestSender - Using open Channel [id: 0x2b0126a2, L:/127.0.0.1:49701 - R:localhost/127.0.0.1:55652] for GET '/session/8c6e83bed8bf7237e14e97c77cd45623/element/05721e8e-6aed-4901-8bc3-733c6e331f1d/name'
18:18:40.053 [AsyncHttpClient-1-8] DEBUG org.asynchttpclient.netty.handler.HttpHandler - 

Request DefaultFullHttpRequest(decodeResult: success, version: HTTP/1.1, content: EmptyByteBufBE)
GET /session/8c6e83bed8bf7237e14e97c77cd45623/element/05721e8e-6aed-4901-8bc3-733c6e331f1d/name HTTP/1.1
User-Agent: selenium/4.1.2 (java windows)
Cache-Control: no-cache
Content-Type: application/json; charset=utf-8
host: localhost:55652
accept: */*

Response DefaultHttpResponse(decodeResult: success, version: HTTP/1.1)
HTTP/1.1 200 OK
Content-Type: application/json; charset=utf-8
cache-control: no-cache
content-length: 13

18:18:40.054 [AsyncHttpClient-1-8] DEBUG org.asynchttpclient.netty.channel.ChannelManager - Adding key: http://localhost:55652 for channel [id: 0x2b0126a2, L:/127.0.0.1:49701 - R:localhost/127.0.0.1:55652]
18:18:40.054 [Forwarding findElement on session 8c6e83bed8bf7237e14e97c77cd45623 to remote] DEBUG org.asynchttpclient.netty.request.NettyRequestSender - Using pooled Channel '[id: 0x2b0126a2, L:/127.0.0.1:49701 - R:localhost/127.0.0.1:55652]' for 'POST' to 'http://localhost:55652/session/8c6e83bed8bf7237e14e97c77cd45623/element'
18:18:40.055 [Forwarding findElement on session 8c6e83bed8bf7237e14e97c77cd45623 to remote] DEBUG org.asynchttpclient.netty.request.NettyRequestSender - Using open Channel [id: 0x2b0126a2, L:/127.0.0.1:49701 - R:localhost/127.0.0.1:55652] for POST '/session/8c6e83bed8bf7237e14e97c77cd45623/element'
18:18:40.062 [AsyncHttpClient-1-8] DEBUG org.asynchttpclient.netty.handler.HttpHandler - 

Request DefaultHttpRequest(decodeResult: success, version: HTTP/1.1)
POST /session/8c6e83bed8bf7237e14e97c77cd45623/element HTTP/1.1
User-Agent: selenium/4.1.2 (java windows)
Content-Length: 97
Content-Type: application/json; charset=utf-8
host: localhost:55652
accept: */*

Response DefaultHttpResponse(decodeResult: success, version: HTTP/1.1)
HTTP/1.1 200 OK
Content-Type: application/json; charset=utf-8
cache-control: no-cache
content-length: 88

18:18:40.062 [AsyncHttpClient-1-8] DEBUG org.asynchttpclient.netty.channel.ChannelManager - Adding key: http://localhost:55652 for channel [id: 0x2b0126a2, L:/127.0.0.1:49701 - R:localhost/127.0.0.1:55652]
18:18:40.063 [Forwarding clickElement on session 8c6e83bed8bf7237e14e97c77cd45623 to remote] DEBUG org.asynchttpclient.netty.request.NettyRequestSender - Using pooled Channel '[id: 0x2b0126a2, L:/127.0.0.1:49701 - R:localhost/127.0.0.1:55652]' for 'POST' to 'http://localhost:55652/session/8c6e83bed8bf7237e14e97c77cd45623/element/05721e8e-6aed-4901-8bc3-733c6e331f1d/click'
18:18:40.063 [Forwarding clickElement on session 8c6e83bed8bf7237e14e97c77cd45623 to remote] DEBUG org.asynchttpclient.netty.request.NettyRequestSender - Using open Channel [id: 0x2b0126a2, L:/127.0.0.1:49701 - R:localhost/127.0.0.1:55652] for POST '/session/8c6e83bed8bf7237e14e97c77cd45623/element/05721e8e-6aed-4901-8bc3-733c6e331f1d/click'
18:18:40.090 [AsyncHttpClient-1-8] DEBUG org.asynchttpclient.netty.handler.HttpHandler - 

Request DefaultHttpRequest(decodeResult: success, version: HTTP/1.1)
POST /session/8c6e83bed8bf7237e14e97c77cd45623/element/05721e8e-6aed-4901-8bc3-733c6e331f1d/click HTTP/1.1
User-Agent: selenium/4.1.2 (java windows)
Content-Length: 50
Content-Type: application/json; charset=utf-8
host: localhost:55652
accept: */*

Response DefaultHttpResponse(decodeResult: success, version: HTTP/1.1)
HTTP/1.1 200 OK
Content-Type: application/json; charset=utf-8
cache-control: no-cache
content-length: 14

18:18:40.090 [AsyncHttpClient-1-8] DEBUG org.asynchttpclient.netty.channel.ChannelManager - Adding key: http://localhost:55652 for channel [id: 0x2b0126a2, L:/127.0.0.1:49701 - R:localhost/127.0.0.1:55652]
  &amp#27;[32mAnd &amp#27;[0m&amp#27;[32mI click login icon&amp#27;[0m                     &amp#27;[90m# starter.stepdefinitions.LoginStepDefinition.iClickLoginIcon()&amp#27;[0m
18:18:40.095 [Forwarding screenshot on session 8c6e83bed8bf7237e14e97c77cd45623 to remote] DEBUG org.asynchttpclient.netty.request.NettyRequestSender - Using pooled Channel '[id: 0x2b0126a2, L:/127.0.0.1:49701 - R:localhost/127.0.0.1:55652]' for 'GET' to 'http://localhost:55652/session/8c6e83bed8bf7237e14e97c77cd45623/screenshot'
18:18:40.095 [Forwarding screenshot on session 8c6e83bed8bf7237e14e97c77cd45623 to remote] DEBUG org.asynchttpclient.netty.request.NettyRequestSender - Using open Channel [id: 0x2b0126a2, L:/127.0.0.1:49701 - R:localhost/127.0.0.1:55652] for GET '/session/8c6e83bed8bf7237e14e97c77cd45623/screenshot'
18:18:40.385 [AsyncHttpClient-1-8] DEBUG org.asynchttpclient.netty.handler.HttpHandler - 

Request DefaultFullHttpRequest(decodeResult: success, version: HTTP/1.1, content: EmptyByteBufBE)
GET /session/8c6e83bed8bf7237e14e97c77cd45623/screenshot HTTP/1.1
User-Agent: selenium/4.1.2 (java windows)
Cache-Control: no-cache
Content-Type: application/json; charset=utf-8
host: localhost:55652
accept: */*

Response DefaultHttpResponse(decodeResult: success, version: HTTP/1.1)
HTTP/1.1 200 OK
Content-Type: application/json; charset=utf-8
cache-control: no-cache
content-length: 34592

18:18:40.386 [AsyncHttpClient-1-8] DEBUG org.asynchttpclient.netty.channel.ChannelManager - Adding key: http://localhost:55652 for channel [id: 0x2b0126a2, L:/127.0.0.1:49701 - R:localhost/127.0.0.1:55652]
18:18:40.387 [main] DEBUG net.serenitybdd.core.photography.Darkroom - Send negative for processing for target\site\serenity\e3626ee457aebdf89b41078994c06189daeecce8d073b3dc8978a9ac2d9a111a.png
18:18:40.387 [Darkroom Processing Line] DEBUG net.serenitybdd.core.photography.DarkroomProcessingLine - Processing screenshot image in /var/screenshots/screenshot-11133679927277550755
18:18:40.387 [Darkroom Processing Line] DEBUG net.serenitybdd.core.photography.DarkroomProcessingLine - Saving screenshot to target\site\serenity\e3626ee457aebdf89b41078994c06189daeecce8d073b3dc8978a9ac2d9a111a.png
18:18:40.398 [Forwarding findElement on session 8c6e83bed8bf7237e14e97c77cd45623 to remote] DEBUG org.asynchttpclient.netty.request.NettyRequestSender - Using pooled Channel '[id: 0x2b0126a2, L:/127.0.0.1:49701 - R:localhost/127.0.0.1:55652]' for 'POST' to 'http://localhost:55652/session/8c6e83bed8bf7237e14e97c77cd45623/element'
18:18:40.398 [Forwarding findElement on session 8c6e83bed8bf7237e14e97c77cd45623 to remote] DEBUG org.asynchttpclient.netty.request.NettyRequestSender - Using open Channel [id: 0x2b0126a2, L:/127.0.0.1:49701 - R:localhost/127.0.0.1:55652] for POST '/session/8c6e83bed8bf7237e14e97c77cd45623/element'
18:18:40.406 [AsyncHttpClient-1-8] DEBUG org.asynchttpclient.netty.handler.HttpHandler - 

Request DefaultHttpRequest(decodeResult: success, version: HTTP/1.1)
POST /session/8c6e83bed8bf7237e14e97c77cd45623/element HTTP/1.1
User-Agent: selenium/4.1.2 (java windows)
Content-Length: 95
Content-Type: application/json; charset=utf-8
host: localhost:55652
accept: */*

Response DefaultHttpResponse(decodeResult: success, version: HTTP/1.1)
HTTP/1.1 200 OK
Content-Type: application/json; charset=utf-8
cache-control: no-cache
content-length: 88

18:18:40.406 [AsyncHttpClient-1-8] DEBUG org.asynchttpclient.netty.channel.ChannelManager - Adding key: http://localhost:55652 for channel [id: 0x2b0126a2, L:/127.0.0.1:49701 - R:localhost/127.0.0.1:55652]
18:18:40.407 [Forwarding getElementTagName on session 8c6e83bed8bf7237e14e97c77cd45623 to remote] DEBUG org.asynchttpclient.netty.request.NettyRequestSender - Using pooled Channel '[id: 0x2b0126a2, L:/127.0.0.1:49701 - R:localhost/127.0.0.1:55652]' for 'GET' to 'http://localhost:55652/session/8c6e83bed8bf7237e14e97c77cd45623/element/b7f8857d-4a70-4b43-89fd-0c082dcdd9f7/name'
18:18:40.407 [Forwarding getElementTagName on session 8c6e83bed8bf7237e14e97c77cd45623 to remote] DEBUG org.asynchttpclient.netty.request.NettyRequestSender - Using open Channel [id: 0x2b0126a2, L:/127.0.0.1:49701 - R:localhost/127.0.0.1:55652] for GET '/session/8c6e83bed8bf7237e14e97c77cd45623/element/b7f8857d-4a70-4b43-89fd-0c082dcdd9f7/name'
18:18:40.411 [AsyncHttpClient-1-8] DEBUG org.asynchttpclient.netty.handler.HttpHandler - 

Request DefaultFullHttpRequest(decodeResult: success, version: HTTP/1.1, content: EmptyByteBufBE)
GET /session/8c6e83bed8bf7237e14e97c77cd45623/element/b7f8857d-4a70-4b43-89fd-0c082dcdd9f7/name HTTP/1.1
User-Agent: selenium/4.1.2 (java windows)
Cache-Control: no-cache
Content-Type: application/json; charset=utf-8
host: localhost:55652
accept: */*

Response DefaultHttpResponse(decodeResult: success, version: HTTP/1.1)
HTTP/1.1 200 OK
Content-Type: application/json; charset=utf-8
cache-control: no-cache
content-length: 13

18:18:40.411 [AsyncHttpClient-1-8] DEBUG org.asynchttpclient.netty.channel.ChannelManager - Adding key: http://localhost:55652 for channel [id: 0x2b0126a2, L:/127.0.0.1:49701 - R:localhost/127.0.0.1:55652]
18:18:40.411 [Forwarding getElementTagName on session 8c6e83bed8bf7237e14e97c77cd45623 to remote] DEBUG org.asynchttpclient.netty.request.NettyRequestSender - Using pooled Channel '[id: 0x2b0126a2, L:/127.0.0.1:49701 - R:localhost/127.0.0.1:55652]' for 'GET' to 'http://localhost:55652/session/8c6e83bed8bf7237e14e97c77cd45623/element/b7f8857d-4a70-4b43-89fd-0c082dcdd9f7/name'
18:18:40.412 [Forwarding getElementTagName on session 8c6e83bed8bf7237e14e97c77cd45623 to remote] DEBUG org.asynchttpclient.netty.request.NettyRequestSender - Using open Channel [id: 0x2b0126a2, L:/127.0.0.1:49701 - R:localhost/127.0.0.1:55652] for GET '/session/8c6e83bed8bf7237e14e97c77cd45623/element/b7f8857d-4a70-4b43-89fd-0c082dcdd9f7/name'
18:18:40.414 [AsyncHttpClient-1-8] DEBUG org.asynchttpclient.netty.handler.HttpHandler - 

Request DefaultFullHttpRequest(decodeResult: success, version: HTTP/1.1, content: EmptyByteBufBE)
GET /session/8c6e83bed8bf7237e14e97c77cd45623/element/b7f8857d-4a70-4b43-89fd-0c082dcdd9f7/name HTTP/1.1
User-Agent: selenium/4.1.2 (java windows)
Cache-Control: no-cache
Content-Type: application/json; charset=utf-8
host: localhost:55652
accept: */*

Response DefaultHttpResponse(decodeResult: success, version: HTTP/1.1)
HTTP/1.1 200 OK
Content-Type: application/json; charset=utf-8
cache-control: no-cache
content-length: 13

18:18:40.414 [AsyncHttpClient-1-8] DEBUG org.asynchttpclient.netty.channel.ChannelManager - Adding key: http://localhost:55652 for channel [id: 0x2b0126a2, L:/127.0.0.1:49701 - R:localhost/127.0.0.1:55652]
18:18:40.415 [Forwarding findElement on session 8c6e83bed8bf7237e14e97c77cd45623 to remote] DEBUG org.asynchttpclient.netty.request.NettyRequestSender - Using pooled Channel '[id: 0x2b0126a2, L:/127.0.0.1:49701 - R:localhost/127.0.0.1:55652]' for 'POST' to 'http://localhost:55652/session/8c6e83bed8bf7237e14e97c77cd45623/element'
18:18:40.415 [Forwarding findElement on session 8c6e83bed8bf7237e14e97c77cd45623 to remote] DEBUG org.asynchttpclient.netty.request.NettyRequestSender - Using open Channel [id: 0x2b0126a2, L:/127.0.0.1:49701 - R:localhost/127.0.0.1:55652] for POST '/session/8c6e83bed8bf7237e14e97c77cd45623/element'
18:18:40.421 [AsyncHttpClient-1-8] DEBUG org.asynchttpclient.netty.handler.HttpHandler - 

Request DefaultHttpRequest(decodeResult: success, version: HTTP/1.1)
POST /session/8c6e83bed8bf7237e14e97c77cd45623/element HTTP/1.1
User-Agent: selenium/4.1.2 (java windows)
Content-Length: 95
Content-Type: application/json; charset=utf-8
host: localhost:55652
accept: */*

Response DefaultHttpResponse(decodeResult: success, version: HTTP/1.1)
HTTP/1.1 200 OK
Content-Type: application/json; charset=utf-8
cache-control: no-cache
content-length: 88

18:18:40.421 [AsyncHttpClient-1-8] DEBUG org.asynchttpclient.netty.channel.ChannelManager - Adding key: http://localhost:55652 for channel [id: 0x2b0126a2, L:/127.0.0.1:49701 - R:localhost/127.0.0.1:55652]
18:18:40.422 [Forwarding clickElement on session 8c6e83bed8bf7237e14e97c77cd45623 to remote] DEBUG org.asynchttpclient.netty.request.NettyRequestSender - Using pooled Channel '[id: 0x2b0126a2, L:/127.0.0.1:49701 - R:localhost/127.0.0.1:55652]' for 'POST' to 'http://localhost:55652/session/8c6e83bed8bf7237e14e97c77cd45623/element/b7f8857d-4a70-4b43-89fd-0c082dcdd9f7/click'
18:18:40.422 [Forwarding clickElement on session 8c6e83bed8bf7237e14e97c77cd45623 to remote] DEBUG org.asynchttpclient.netty.request.NettyRequestSender - Using open Channel [id: 0x2b0126a2, L:/127.0.0.1:49701 - R:localhost/127.0.0.1:55652] for POST '/session/8c6e83bed8bf7237e14e97c77cd45623/element/b7f8857d-4a70-4b43-89fd-0c082dcdd9f7/click'
18:18:40.492 [AsyncHttpClient-1-8] DEBUG org.asynchttpclient.netty.handler.HttpHandler - 

Request DefaultHttpRequest(decodeResult: success, version: HTTP/1.1)
POST /session/8c6e83bed8bf7237e14e97c77cd45623/element/b7f8857d-4a70-4b43-89fd-0c082dcdd9f7/click HTTP/1.1
User-Agent: selenium/4.1.2 (java windows)
Content-Length: 50
Content-Type: application/json; charset=utf-8
host: localhost:55652
accept: */*

Response DefaultHttpResponse(decodeResult: success, version: HTTP/1.1)
HTTP/1.1 200 OK
Content-Type: application/json; charset=utf-8
cache-control: no-cache
content-length: 14

18:18:40.492 [AsyncHttpClient-1-8] DEBUG org.asynchttpclient.netty.channel.ChannelManager - Adding key: http://localhost:55652 for channel [id: 0x2b0126a2, L:/127.0.0.1:49701 - R:localhost/127.0.0.1:55652]
  &amp#27;[32mAnd &amp#27;[0m&amp#27;[32mI click register text&amp#27;[0m                  &amp#27;[90m# starter.stepdefinitions.RegisterStep.iClickRegisterText()&amp#27;[0m
18:18:40.500 [Forwarding screenshot on session 8c6e83bed8bf7237e14e97c77cd45623 to remote] DEBUG org.asynchttpclient.netty.request.NettyRequestSender - Using pooled Channel '[id: 0x2b0126a2, L:/127.0.0.1:49701 - R:localhost/127.0.0.1:55652]' for 'GET' to 'http://localhost:55652/session/8c6e83bed8bf7237e14e97c77cd45623/screenshot'
18:18:40.500 [Forwarding screenshot on session 8c6e83bed8bf7237e14e97c77cd45623 to remote] DEBUG org.asynchttpclient.netty.request.NettyRequestSender - Using open Channel [id: 0x2b0126a2, L:/127.0.0.1:49701 - R:localhost/127.0.0.1:55652] for GET '/session/8c6e83bed8bf7237e14e97c77cd45623/screenshot'
18:18:40.707 [AsyncHttpClient-1-8] DEBUG org.asynchttpclient.netty.handler.HttpHandler - 

Request DefaultFullHttpRequest(decodeResult: success, version: HTTP/1.1, content: EmptyByteBufBE)
GET /session/8c6e83bed8bf7237e14e97c77cd45623/screenshot HTTP/1.1
User-Agent: selenium/4.1.2 (java windows)
Cache-Control: no-cache
Content-Type: application/json; charset=utf-8
host: localhost:55652
accept: */*

Response DefaultHttpResponse(decodeResult: success, version: HTTP/1.1)
HTTP/1.1 200 OK
Content-Type: application/json; charset=utf-8
cache-control: no-cache
content-length: 38336

18:18:40.707 [AsyncHttpClient-1-8] DEBUG org.asynchttpclient.netty.channel.ChannelManager - Adding key: http://localhost:55652 for channel [id: 0x2b0126a2, L:/127.0.0.1:49701 - R:localhost/127.0.0.1:55652]
18:18:40.708 [main] DEBUG net.serenitybdd.core.photography.Darkroom - Send negative for processing for target\site\serenity\8e154f9544b8e27f0178f7e55627d6f6787cb3f2cb8e7efb16122f3357e44832.png
18:18:40.709 [Darkroom Processing Line] DEBUG net.serenitybdd.core.photography.DarkroomProcessingLine - Processing screenshot image in /var/screenshots/screenshot-3790805339543398249
18:18:40.709 [Darkroom Processing Line] DEBUG net.serenitybdd.core.photography.DarkroomProcessingLine - Saving screenshot to target\site\serenity\8e154f9544b8e27f0178f7e55627d6f6787cb3f2cb8e7efb16122f3357e44832.png
18:18:40.713 [Forwarding findElement on session 8c6e83bed8bf7237e14e97c77cd45623 to remote] DEBUG org.asynchttpclient.netty.request.NettyRequestSender - Using pooled Channel '[id: 0x2b0126a2, L:/127.0.0.1:49701 - R:localhost/127.0.0.1:55652]' for 'POST' to 'http://localhost:55652/session/8c6e83bed8bf7237e14e97c77cd45623/element'
18:18:40.713 [Forwarding findElement on session 8c6e83bed8bf7237e14e97c77cd45623 to remote] DEBUG org.asynchttpclient.netty.request.NettyRequestSender - Using open Channel [id: 0x2b0126a2, L:/127.0.0.1:49701 - R:localhost/127.0.0.1:55652] for POST '/session/8c6e83bed8bf7237e14e97c77cd45623/element'
18:18:40.722 [AsyncHttpClient-1-8] DEBUG org.asynchttpclient.netty.handler.HttpHandler - 

Request DefaultHttpRequest(decodeResult: success, version: HTTP/1.1)
POST /session/8c6e83bed8bf7237e14e97c77cd45623/element HTTP/1.1
User-Agent: selenium/4.1.2 (java windows)
Content-Length: 95
Content-Type: application/json; charset=utf-8
host: localhost:55652
accept: */*

Response DefaultHttpResponse(decodeResult: success, version: HTTP/1.1)
HTTP/1.1 200 OK
Content-Type: application/json; charset=utf-8
cache-control: no-cache
content-length: 88

18:18:40.722 [AsyncHttpClient-1-8] DEBUG org.asynchttpclient.netty.channel.ChannelManager - Adding key: http://localhost:55652 for channel [id: 0x2b0126a2, L:/127.0.0.1:49701 - R:localhost/127.0.0.1:55652]
18:18:40.722 [Forwarding clearElement on session 8c6e83bed8bf7237e14e97c77cd45623 to remote] DEBUG org.asynchttpclient.netty.request.NettyRequestSender - Using pooled Channel '[id: 0x2b0126a2, L:/127.0.0.1:49701 - R:localhost/127.0.0.1:55652]' for 'POST' to 'http://localhost:55652/session/8c6e83bed8bf7237e14e97c77cd45623/element/36aadc68-0039-477b-8878-296ecb980e2f/clear'
18:18:40.722 [Forwarding clearElement on session 8c6e83bed8bf7237e14e97c77cd45623 to remote] DEBUG org.asynchttpclient.netty.request.NettyRequestSender - Using open Channel [id: 0x2b0126a2, L:/127.0.0.1:49701 - R:localhost/127.0.0.1:55652] for POST '/session/8c6e83bed8bf7237e14e97c77cd45623/element/36aadc68-0039-477b-8878-296ecb980e2f/clear'
18:18:40.749 [AsyncHttpClient-1-8] DEBUG org.asynchttpclient.netty.handler.HttpHandler - 

Request DefaultHttpRequest(decodeResult: success, version: HTTP/1.1)
POST /session/8c6e83bed8bf7237e14e97c77cd45623/element/36aadc68-0039-477b-8878-296ecb980e2f/clear HTTP/1.1
User-Agent: selenium/4.1.2 (java windows)
Content-Length: 50
Content-Type: application/json; charset=utf-8
host: localhost:55652
accept: */*

Response DefaultHttpResponse(decodeResult: success, version: HTTP/1.1)
HTTP/1.1 200 OK
Content-Type: application/json; charset=utf-8
cache-control: no-cache
content-length: 14

18:18:40.749 [AsyncHttpClient-1-8] DEBUG org.asynchttpclient.netty.channel.ChannelManager - Adding key: http://localhost:55652 for channel [id: 0x2b0126a2, L:/127.0.0.1:49701 - R:localhost/127.0.0.1:55652]
18:18:40.750 [Forwarding sendKeysToElement on session 8c6e83bed8bf7237e14e97c77cd45623 to remote] DEBUG org.asynchttpclient.netty.request.NettyRequestSender - Using pooled Channel '[id: 0x2b0126a2, L:/127.0.0.1:49701 - R:localhost/127.0.0.1:55652]' for 'POST' to 'http://localhost:55652/session/8c6e83bed8bf7237e14e97c77cd45623/element/36aadc68-0039-477b-8878-296ecb980e2f/value'
18:18:40.750 [Forwarding sendKeysToElement on session 8c6e83bed8bf7237e14e97c77cd45623 to remote] DEBUG org.asynchttpclient.netty.request.NettyRequestSender - Using open Channel [id: 0x2b0126a2, L:/127.0.0.1:49701 - R:localhost/127.0.0.1:55652] for POST '/session/8c6e83bed8bf7237e14e97c77cd45623/element/36aadc68-0039-477b-8878-296ecb980e2f/value'
18:18:40.782 [AsyncHttpClient-1-8] DEBUG org.asynchttpclient.netty.handler.HttpHandler - 

Request DefaultHttpRequest(decodeResult: success, version: HTTP/1.1)
POST /session/8c6e83bed8bf7237e14e97c77cd45623/element/36aadc68-0039-477b-8878-296ecb980e2f/value HTTP/1.1
User-Agent: selenium/4.1.2 (java windows)
Content-Length: 82
Content-Type: application/json; charset=utf-8
host: localhost:55652
accept: */*

Response DefaultHttpResponse(decodeResult: success, version: HTTP/1.1)
HTTP/1.1 200 OK
Content-Type: application/json; charset=utf-8
cache-control: no-cache
content-length: 14

18:18:40.782 [AsyncHttpClient-1-8] DEBUG org.asynchttpclient.netty.channel.ChannelManager - Adding key: http://localhost:55652 for channel [id: 0x2b0126a2, L:/127.0.0.1:49701 - R:localhost/127.0.0.1:55652]
  &amp#27;[32mWhen &amp#27;[0m&amp#27;[32mI input &amp#27;[0m&amp#27;[32m&amp#27;[1m""&amp#27;[0m&amp#27;[32m name&amp#27;[0m                       &amp#27;[90m# starter.stepdefinitions.RegisterStep.iInputName(java.lang.String)&amp#27;[0m
18:18:40.787 [Forwarding screenshot on session 8c6e83bed8bf7237e14e97c77cd45623 to remote] DEBUG org.asynchttpclient.netty.request.NettyRequestSender - Using pooled Channel '[id: 0x2b0126a2, L:/127.0.0.1:49701 - R:localhost/127.0.0.1:55652]' for 'GET' to 'http://localhost:55652/session/8c6e83bed8bf7237e14e97c77cd45623/screenshot'
18:18:40.787 [Forwarding screenshot on session 8c6e83bed8bf7237e14e97c77cd45623 to remote] DEBUG org.asynchttpclient.netty.request.NettyRequestSender - Using open Channel [id: 0x2b0126a2, L:/127.0.0.1:49701 - R:localhost/127.0.0.1:55652] for GET '/session/8c6e83bed8bf7237e14e97c77cd45623/screenshot'
18:18:40.967 [AsyncHttpClient-1-8] DEBUG org.asynchttpclient.netty.handler.HttpHandler - 

Request DefaultFullHttpRequest(decodeResult: success, version: HTTP/1.1, content: EmptyByteBufBE)
GET /session/8c6e83bed8bf7237e14e97c77cd45623/screenshot HTTP/1.1
User-Agent: selenium/4.1.2 (java windows)
Cache-Control: no-cache
Content-Type: application/json; charset=utf-8
host: localhost:55652
accept: */*

Response DefaultHttpResponse(decodeResult: success, version: HTTP/1.1)
HTTP/1.1 200 OK
Content-Type: application/json; charset=utf-8
cache-control: no-cache
content-length: 38080

18:18:40.968 [AsyncHttpClient-1-8] DEBUG org.asynchttpclient.netty.channel.ChannelManager - Adding key: http://localhost:55652 for channel [id: 0x2b0126a2, L:/127.0.0.1:49701 - R:localhost/127.0.0.1:55652]
18:18:40.969 [main] DEBUG net.serenitybdd.core.photography.Darkroom - Send negative for processing for target\site\serenity\a4fe61c778a00b750c62c97f0b735003c25862b8b6e9b658f5e4315fb42ce7b3.png
18:18:40.969 [Darkroom Processing Line] DEBUG net.serenitybdd.core.photography.DarkroomProcessingLine - Processing screenshot image in /var/screenshots/screenshot-3735226329820577962
18:18:40.969 [Darkroom Processing Line] DEBUG net.serenitybdd.core.photography.DarkroomProcessingLine - Saving screenshot to target\site\serenity\a4fe61c778a00b750c62c97f0b735003c25862b8b6e9b658f5e4315fb42ce7b3.png
18:18:40.980 [Forwarding findElement on session 8c6e83bed8bf7237e14e97c77cd45623 to remote] DEBUG org.asynchttpclient.netty.request.NettyRequestSender - Using pooled Channel '[id: 0x2b0126a2, L:/127.0.0.1:49701 - R:localhost/127.0.0.1:55652]' for 'POST' to 'http://localhost:55652/session/8c6e83bed8bf7237e14e97c77cd45623/element'
18:18:40.980 [Forwarding findElement on session 8c6e83bed8bf7237e14e97c77cd45623 to remote] DEBUG org.asynchttpclient.netty.request.NettyRequestSender - Using open Channel [id: 0x2b0126a2, L:/127.0.0.1:49701 - R:localhost/127.0.0.1:55652] for POST '/session/8c6e83bed8bf7237e14e97c77cd45623/element'
18:18:40.988 [AsyncHttpClient-1-1] DEBUG org.asynchttpclient.netty.channel.DefaultChannelPool - Entry count for : http://localhost:49702 : 1
18:18:40.992 [AsyncHttpClient-1-8] DEBUG org.asynchttpclient.netty.handler.HttpHandler - 

Request DefaultHttpRequest(decodeResult: success, version: HTTP/1.1)
POST /session/8c6e83bed8bf7237e14e97c77cd45623/element HTTP/1.1
User-Agent: selenium/4.1.2 (java windows)
Content-Length: 88
Content-Type: application/json; charset=utf-8
host: localhost:55652
accept: */*

Response DefaultHttpResponse(decodeResult: success, version: HTTP/1.1)
HTTP/1.1 200 OK
Content-Type: application/json; charset=utf-8
cache-control: no-cache
content-length: 88

18:18:40.993 [AsyncHttpClient-1-8] DEBUG org.asynchttpclient.netty.channel.ChannelManager - Adding key: http://localhost:55652 for channel [id: 0x2b0126a2, L:/127.0.0.1:49701 - R:localhost/127.0.0.1:55652]
18:18:40.993 [Forwarding clearElement on session 8c6e83bed8bf7237e14e97c77cd45623 to remote] DEBUG org.asynchttpclient.netty.request.NettyRequestSender - Using pooled Channel '[id: 0x2b0126a2, L:/127.0.0.1:49701 - R:localhost/127.0.0.1:55652]' for 'POST' to 'http://localhost:55652/session/8c6e83bed8bf7237e14e97c77cd45623/element/de1ff4d4-1732-404f-9fd4-73aa96a390ab/clear'
18:18:40.993 [Forwarding clearElement on session 8c6e83bed8bf7237e14e97c77cd45623 to remote] DEBUG org.asynchttpclient.netty.request.NettyRequestSender - Using open Channel [id: 0x2b0126a2, L:/127.0.0.1:49701 - R:localhost/127.0.0.1:55652] for POST '/session/8c6e83bed8bf7237e14e97c77cd45623/element/de1ff4d4-1732-404f-9fd4-73aa96a390ab/clear'
18:18:41.026 [AsyncHttpClient-1-8] DEBUG org.asynchttpclient.netty.handler.HttpHandler - 

Request DefaultHttpRequest(decodeResult: success, version: HTTP/1.1)
POST /session/8c6e83bed8bf7237e14e97c77cd45623/element/de1ff4d4-1732-404f-9fd4-73aa96a390ab/clear HTTP/1.1
User-Agent: selenium/4.1.2 (java windows)
Content-Length: 50
Content-Type: application/json; charset=utf-8
host: localhost:55652
accept: */*

Response DefaultHttpResponse(decodeResult: success, version: HTTP/1.1)
HTTP/1.1 200 OK
Content-Type: application/json; charset=utf-8
cache-control: no-cache
content-length: 14

18:18:41.026 [AsyncHttpClient-1-8] DEBUG org.asynchttpclient.netty.channel.ChannelManager - Adding key: http://localhost:55652 for channel [id: 0x2b0126a2, L:/127.0.0.1:49701 - R:localhost/127.0.0.1:55652]
18:18:41.027 [Forwarding sendKeysToElement on session 8c6e83bed8bf7237e14e97c77cd45623 to remote] DEBUG org.asynchttpclient.netty.request.NettyRequestSender - Using pooled Channel '[id: 0x2b0126a2, L:/127.0.0.1:49701 - R:localhost/127.0.0.1:55652]' for 'POST' to 'http://localhost:55652/session/8c6e83bed8bf7237e14e97c77cd45623/element/de1ff4d4-1732-404f-9fd4-73aa96a390ab/value'
18:18:41.027 [Forwarding sendKeysToElement on session 8c6e83bed8bf7237e14e97c77cd45623 to remote] DEBUG org.asynchttpclient.netty.request.NettyRequestSender - Using open Channel [id: 0x2b0126a2, L:/127.0.0.1:49701 - R:localhost/127.0.0.1:55652] for POST '/session/8c6e83bed8bf7237e14e97c77cd45623/element/de1ff4d4-1732-404f-9fd4-73aa96a390ab/value'
18:18:41.162 [AsyncHttpClient-1-8] DEBUG org.asynchttpclient.netty.handler.HttpHandler - 

Request DefaultHttpRequest(decodeResult: success, version: HTTP/1.1)
POST /session/8c6e83bed8bf7237e14e97c77cd45623/element/de1ff4d4-1732-404f-9fd4-73aa96a390ab/value HTTP/1.1
User-Agent: selenium/4.1.2 (java windows)
Content-Length: 341
Content-Type: application/json; charset=utf-8
host: localhost:55652
accept: */*

Response DefaultHttpResponse(decodeResult: success, version: HTTP/1.1)
HTTP/1.1 200 OK
Content-Type: application/json; charset=utf-8
cache-control: no-cache
content-length: 14

18:18:41.163 [AsyncHttpClient-1-8] DEBUG org.asynchttpclient.netty.channel.ChannelManager - Adding key: http://localhost:55652 for channel [id: 0x2b0126a2, L:/127.0.0.1:49701 - R:localhost/127.0.0.1:55652]
  &amp#27;[32mAnd &amp#27;[0m&amp#27;[32mI input new &amp#27;[0m&amp#27;[32m&amp#27;[1m""&amp#27;[0m&amp#27;[32m email&amp#27;[0m                   &amp#27;[90m# starter.stepdefinitions.RegisterStep.iInputNewEmail(java.lang.String)&amp#27;[0m
18:18:41.167 [Forwarding screenshot on session 8c6e83bed8bf7237e14e97c77cd45623 to remote] DEBUG org.asynchttpclient.netty.request.NettyRequestSender - Using pooled Channel '[id: 0x2b0126a2, L:/127.0.0.1:49701 - R:localhost/127.0.0.1:55652]' for 'GET' to 'http://localhost:55652/session/8c6e83bed8bf7237e14e97c77cd45623/screenshot'
18:18:41.167 [Forwarding screenshot on session 8c6e83bed8bf7237e14e97c77cd45623 to remote] DEBUG org.asynchttpclient.netty.request.NettyRequestSender - Using open Channel [id: 0x2b0126a2, L:/127.0.0.1:49701 - R:localhost/127.0.0.1:55652] for GET '/session/8c6e83bed8bf7237e14e97c77cd45623/screenshot'
18:18:41.318 [AsyncHttpClient-1-8] DEBUG org.asynchttpclient.netty.handler.HttpHandler - 

Request DefaultFullHttpRequest(decodeResult: success, version: HTTP/1.1, content: EmptyByteBufBE)
GET /session/8c6e83bed8bf7237e14e97c77cd45623/screenshot HTTP/1.1
User-Agent: selenium/4.1.2 (java windows)
Cache-Control: no-cache
Content-Type: application/json; charset=utf-8
host: localhost:55652
accept: */*

Response DefaultHttpResponse(decodeResult: success, version: HTTP/1.1)
HTTP/1.1 200 OK
Content-Type: application/json; charset=utf-8
cache-control: no-cache
content-length: 46444

18:18:41.318 [AsyncHttpClient-1-8] DEBUG org.asynchttpclient.netty.channel.ChannelManager - Adding key: http://localhost:55652 for channel [id: 0x2b0126a2, L:/127.0.0.1:49701 - R:localhost/127.0.0.1:55652]
18:18:41.319 [main] DEBUG net.serenitybdd.core.photography.Darkroom - Send negative for processing for target\site\serenity\7cd43e159dd642f2fbcb1f5d80e8b70f440e99d496149c91325de2d847a4493f.png
18:18:41.319 [Darkroom Processing Line] DEBUG net.serenitybdd.core.photography.DarkroomProcessingLine - Processing screenshot image in /var/screenshots/screenshot-16104785980312411956
18:18:41.319 [Darkroom Processing Line] DEBUG net.serenitybdd.core.photography.DarkroomProcessingLine - Saving screenshot to target\site\serenity\7cd43e159dd642f2fbcb1f5d80e8b70f440e99d496149c91325de2d847a4493f.png
18:18:41.324 [Forwarding findElement on session 8c6e83bed8bf7237e14e97c77cd45623 to remote] DEBUG org.asynchttpclient.netty.request.NettyRequestSender - Using pooled Channel '[id: 0x2b0126a2, L:/127.0.0.1:49701 - R:localhost/127.0.0.1:55652]' for 'POST' to 'http://localhost:55652/session/8c6e83bed8bf7237e14e97c77cd45623/element'
18:18:41.324 [Forwarding findElement on session 8c6e83bed8bf7237e14e97c77cd45623 to remote] DEBUG org.asynchttpclient.netty.request.NettyRequestSender - Using open Channel [id: 0x2b0126a2, L:/127.0.0.1:49701 - R:localhost/127.0.0.1:55652] for POST '/session/8c6e83bed8bf7237e14e97c77cd45623/element'
18:18:41.331 [AsyncHttpClient-1-8] DEBUG org.asynchttpclient.netty.handler.HttpHandler - 

Request DefaultHttpRequest(decodeResult: success, version: HTTP/1.1)
POST /session/8c6e83bed8bf7237e14e97c77cd45623/element HTTP/1.1
User-Agent: selenium/4.1.2 (java windows)
Content-Length: 91
Content-Type: application/json; charset=utf-8
host: localhost:55652
accept: */*

Response DefaultHttpResponse(decodeResult: success, version: HTTP/1.1)
HTTP/1.1 200 OK
Content-Type: application/json; charset=utf-8
cache-control: no-cache
content-length: 88

18:18:41.331 [AsyncHttpClient-1-8] DEBUG org.asynchttpclient.netty.channel.ChannelManager - Adding key: http://localhost:55652 for channel [id: 0x2b0126a2, L:/127.0.0.1:49701 - R:localhost/127.0.0.1:55652]
18:18:41.332 [Forwarding clearElement on session 8c6e83bed8bf7237e14e97c77cd45623 to remote] DEBUG org.asynchttpclient.netty.request.NettyRequestSender - Using pooled Channel '[id: 0x2b0126a2, L:/127.0.0.1:49701 - R:localhost/127.0.0.1:55652]' for 'POST' to 'http://localhost:55652/session/8c6e83bed8bf7237e14e97c77cd45623/element/ba89df17-deda-443c-997b-aefbcced9344/clear'
18:18:41.332 [Forwarding clearElement on session 8c6e83bed8bf7237e14e97c77cd45623 to remote] DEBUG org.asynchttpclient.netty.request.NettyRequestSender - Using open Channel [id: 0x2b0126a2, L:/127.0.0.1:49701 - R:localhost/127.0.0.1:55652] for POST '/session/8c6e83bed8bf7237e14e97c77cd45623/element/ba89df17-deda-443c-997b-aefbcced9344/clear'
18:18:41.353 [AsyncHttpClient-1-8] DEBUG org.asynchttpclient.netty.handler.HttpHandler - 

Request DefaultHttpRequest(decodeResult: success, version: HTTP/1.1)
POST /session/8c6e83bed8bf7237e14e97c77cd45623/element/ba89df17-deda-443c-997b-aefbcced9344/clear HTTP/1.1
User-Agent: selenium/4.1.2 (java windows)
Content-Length: 50
Content-Type: application/json; charset=utf-8
host: localhost:55652
accept: */*

Response DefaultHttpResponse(decodeResult: success, version: HTTP/1.1)
HTTP/1.1 200 OK
Content-Type: application/json; charset=utf-8
cache-control: no-cache
content-length: 14

18:18:41.353 [AsyncHttpClient-1-8] DEBUG org.asynchttpclient.netty.channel.ChannelManager - Adding key: http://localhost:55652 for channel [id: 0x2b0126a2, L:/127.0.0.1:49701 - R:localhost/127.0.0.1:55652]
18:18:41.354 [Forwarding sendKeysToElement on session 8c6e83bed8bf7237e14e97c77cd45623 to remote] DEBUG org.asynchttpclient.netty.request.NettyRequestSender - Using pooled Channel '[id: 0x2b0126a2, L:/127.0.0.1:49701 - R:localhost/127.0.0.1:55652]' for 'POST' to 'http://localhost:55652/session/8c6e83bed8bf7237e14e97c77cd45623/element/ba89df17-deda-443c-997b-aefbcced9344/value'
18:18:41.354 [Forwarding sendKeysToElement on session 8c6e83bed8bf7237e14e97c77cd45623 to remote] DEBUG org.asynchttpclient.netty.request.NettyRequestSender - Using open Channel [id: 0x2b0126a2, L:/127.0.0.1:49701 - R:localhost/127.0.0.1:55652] for POST '/session/8c6e83bed8bf7237e14e97c77cd45623/element/ba89df17-deda-443c-997b-aefbcced9344/value'
18:18:41.380 [AsyncHttpClient-1-8] DEBUG org.asynchttpclient.netty.handler.HttpHandler - 

Request DefaultHttpRequest(decodeResult: success, version: HTTP/1.1)
POST /session/8c6e83bed8bf7237e14e97c77cd45623/element/ba89df17-deda-443c-997b-aefbcced9344/value HTTP/1.1
User-Agent: selenium/4.1.2 (java windows)
Content-Length: 82
Content-Type: application/json; charset=utf-8
host: localhost:55652
accept: */*

Response DefaultHttpResponse(decodeResult: success, version: HTTP/1.1)
HTTP/1.1 200 OK
Content-Type: application/json; charset=utf-8
cache-control: no-cache
content-length: 14

18:18:41.380 [AsyncHttpClient-1-8] DEBUG org.asynchttpclient.netty.channel.ChannelManager - Adding key: http://localhost:55652 for channel [id: 0x2b0126a2, L:/127.0.0.1:49701 - R:localhost/127.0.0.1:55652]
  &amp#27;[32mAnd &amp#27;[0m&amp#27;[32mI input new &amp#27;[0m&amp#27;[32m&amp#27;[1m""&amp#27;[0m&amp#27;[32m password&amp#27;[0m                &amp#27;[90m# starter.stepdefinitions.RegisterStep.iInputNewPassword(java.lang.String)&amp#27;[0m
18:18:41.384 [Forwarding screenshot on session 8c6e83bed8bf7237e14e97c77cd45623 to remote] DEBUG org.asynchttpclient.netty.request.NettyRequestSender - Using pooled Channel '[id: 0x2b0126a2, L:/127.0.0.1:49701 - R:localhost/127.0.0.1:55652]' for 'GET' to 'http://localhost:55652/session/8c6e83bed8bf7237e14e97c77cd45623/screenshot'
18:18:41.384 [Forwarding screenshot on session 8c6e83bed8bf7237e14e97c77cd45623 to remote] DEBUG org.asynchttpclient.netty.request.NettyRequestSender - Using open Channel [id: 0x2b0126a2, L:/127.0.0.1:49701 - R:localhost/127.0.0.1:55652] for GET '/session/8c6e83bed8bf7237e14e97c77cd45623/screenshot'
18:18:41.527 [AsyncHttpClient-1-8] DEBUG org.asynchttpclient.netty.handler.HttpHandler - 

Request DefaultFullHttpRequest(decodeResult: success, version: HTTP/1.1, content: EmptyByteBufBE)
GET /session/8c6e83bed8bf7237e14e97c77cd45623/screenshot HTTP/1.1
User-Agent: selenium/4.1.2 (java windows)
Cache-Control: no-cache
Content-Type: application/json; charset=utf-8
host: localhost:55652
accept: */*

Response DefaultHttpResponse(decodeResult: success, version: HTTP/1.1)
HTTP/1.1 200 OK
Content-Type: application/json; charset=utf-8
cache-control: no-cache
content-length: 44908

18:18:41.527 [AsyncHttpClient-1-8] DEBUG org.asynchttpclient.netty.channel.ChannelManager - Adding key: http://localhost:55652 for channel [id: 0x2b0126a2, L:/127.0.0.1:49701 - R:localhost/127.0.0.1:55652]
18:18:41.528 [main] DEBUG net.serenitybdd.core.photography.Darkroom - Send negative for processing for target\site\serenity\53f37fb1f0555047c97a23e8ed98d022fbdc8e46a3f5ad24cf18509c046843f1.png
18:18:41.528 [Darkroom Processing Line] DEBUG net.serenitybdd.core.photography.DarkroomProcessingLine - Processing screenshot image in /var/screenshots/screenshot-2230970886171022689
18:18:41.528 [Darkroom Processing Line] DEBUG net.serenitybdd.core.photography.DarkroomProcessingLine - Saving screenshot to target\site\serenity\53f37fb1f0555047c97a23e8ed98d022fbdc8e46a3f5ad24cf18509c046843f1.png
18:18:41.533 [Forwarding findElement on session 8c6e83bed8bf7237e14e97c77cd45623 to remote] DEBUG org.asynchttpclient.netty.request.NettyRequestSender - Using pooled Channel '[id: 0x2b0126a2, L:/127.0.0.1:49701 - R:localhost/127.0.0.1:55652]' for 'POST' to 'http://localhost:55652/session/8c6e83bed8bf7237e14e97c77cd45623/element'
18:18:41.533 [Forwarding findElement on session 8c6e83bed8bf7237e14e97c77cd45623 to remote] DEBUG org.asynchttpclient.netty.request.NettyRequestSender - Using open Channel [id: 0x2b0126a2, L:/127.0.0.1:49701 - R:localhost/127.0.0.1:55652] for POST '/session/8c6e83bed8bf7237e14e97c77cd45623/element'
18:18:41.544 [AsyncHttpClient-1-8] DEBUG org.asynchttpclient.netty.handler.HttpHandler - 

Request DefaultHttpRequest(decodeResult: success, version: HTTP/1.1)
POST /session/8c6e83bed8bf7237e14e97c77cd45623/element HTTP/1.1
User-Agent: selenium/4.1.2 (java windows)
Content-Length: 121
Content-Type: application/json; charset=utf-8
host: localhost:55652
accept: */*

Response DefaultHttpResponse(decodeResult: success, version: HTTP/1.1)
HTTP/1.1 200 OK
Content-Type: application/json; charset=utf-8
cache-control: no-cache
content-length: 88

18:18:41.544 [AsyncHttpClient-1-8] DEBUG org.asynchttpclient.netty.channel.ChannelManager - Adding key: http://localhost:55652 for channel [id: 0x2b0126a2, L:/127.0.0.1:49701 - R:localhost/127.0.0.1:55652]
18:18:41.545 [Forwarding getElementTagName on session 8c6e83bed8bf7237e14e97c77cd45623 to remote] DEBUG org.asynchttpclient.netty.request.NettyRequestSender - Using pooled Channel '[id: 0x2b0126a2, L:/127.0.0.1:49701 - R:localhost/127.0.0.1:55652]' for 'GET' to 'http://localhost:55652/session/8c6e83bed8bf7237e14e97c77cd45623/element/408926c5-355c-4307-a696-5c0ec0fa2deb/name'
18:18:41.545 [Forwarding getElementTagName on session 8c6e83bed8bf7237e14e97c77cd45623 to remote] DEBUG org.asynchttpclient.netty.request.NettyRequestSender - Using open Channel [id: 0x2b0126a2, L:/127.0.0.1:49701 - R:localhost/127.0.0.1:55652] for GET '/session/8c6e83bed8bf7237e14e97c77cd45623/element/408926c5-355c-4307-a696-5c0ec0fa2deb/name'
18:18:41.549 [AsyncHttpClient-1-8] DEBUG org.asynchttpclient.netty.handler.HttpHandler - 

Request DefaultFullHttpRequest(decodeResult: success, version: HTTP/1.1, content: EmptyByteBufBE)
GET /session/8c6e83bed8bf7237e14e97c77cd45623/element/408926c5-355c-4307-a696-5c0ec0fa2deb/name HTTP/1.1
User-Agent: selenium/4.1.2 (java windows)
Cache-Control: no-cache
Content-Type: application/json; charset=utf-8
host: localhost:55652
accept: */*

Response DefaultHttpResponse(decodeResult: success, version: HTTP/1.1)
HTTP/1.1 200 OK
Content-Type: application/json; charset=utf-8
cache-control: no-cache
content-length: 16

18:18:41.549 [AsyncHttpClient-1-8] DEBUG org.asynchttpclient.netty.channel.ChannelManager - Adding key: http://localhost:55652 for channel [id: 0x2b0126a2, L:/127.0.0.1:49701 - R:localhost/127.0.0.1:55652]
18:18:41.550 [Forwarding getElementTagName on session 8c6e83bed8bf7237e14e97c77cd45623 to remote] DEBUG org.asynchttpclient.netty.request.NettyRequestSender - Using pooled Channel '[id: 0x2b0126a2, L:/127.0.0.1:49701 - R:localhost/127.0.0.1:55652]' for 'GET' to 'http://localhost:55652/session/8c6e83bed8bf7237e14e97c77cd45623/element/408926c5-355c-4307-a696-5c0ec0fa2deb/name'
18:18:41.550 [Forwarding getElementTagName on session 8c6e83bed8bf7237e14e97c77cd45623 to remote] DEBUG org.asynchttpclient.netty.request.NettyRequestSender - Using open Channel [id: 0x2b0126a2, L:/127.0.0.1:49701 - R:localhost/127.0.0.1:55652] for GET '/session/8c6e83bed8bf7237e14e97c77cd45623/element/408926c5-355c-4307-a696-5c0ec0fa2deb/name'
18:18:41.553 [AsyncHttpClient-1-8] DEBUG org.asynchttpclient.netty.handler.HttpHandler - 

Request DefaultFullHttpRequest(decodeResult: success, version: HTTP/1.1, content: EmptyByteBufBE)
GET /session/8c6e83bed8bf7237e14e97c77cd45623/element/408926c5-355c-4307-a696-5c0ec0fa2deb/name HTTP/1.1
User-Agent: selenium/4.1.2 (java windows)
Cache-Control: no-cache
Content-Type: application/json; charset=utf-8
host: localhost:55652
accept: */*

Response DefaultHttpResponse(decodeResult: success, version: HTTP/1.1)
HTTP/1.1 200 OK
Content-Type: application/json; charset=utf-8
cache-control: no-cache
content-length: 16

18:18:41.553 [AsyncHttpClient-1-8] DEBUG org.asynchttpclient.netty.channel.ChannelManager - Adding key: http://localhost:55652 for channel [id: 0x2b0126a2, L:/127.0.0.1:49701 - R:localhost/127.0.0.1:55652]
18:18:41.554 [Forwarding findElement on session 8c6e83bed8bf7237e14e97c77cd45623 to remote] DEBUG org.asynchttpclient.netty.request.NettyRequestSender - Using pooled Channel '[id: 0x2b0126a2, L:/127.0.0.1:49701 - R:localhost/127.0.0.1:55652]' for 'POST' to 'http://localhost:55652/session/8c6e83bed8bf7237e14e97c77cd45623/element'
18:18:41.554 [Forwarding findElement on session 8c6e83bed8bf7237e14e97c77cd45623 to remote] DEBUG org.asynchttpclient.netty.request.NettyRequestSender - Using open Channel [id: 0x2b0126a2, L:/127.0.0.1:49701 - R:localhost/127.0.0.1:55652] for POST '/session/8c6e83bed8bf7237e14e97c77cd45623/element'
18:18:41.562 [AsyncHttpClient-1-8] DEBUG org.asynchttpclient.netty.handler.HttpHandler - 

Request DefaultHttpRequest(decodeResult: success, version: HTTP/1.1)
POST /session/8c6e83bed8bf7237e14e97c77cd45623/element HTTP/1.1
User-Agent: selenium/4.1.2 (java windows)
Content-Length: 121
Content-Type: application/json; charset=utf-8
host: localhost:55652
accept: */*

Response DefaultHttpResponse(decodeResult: success, version: HTTP/1.1)
HTTP/1.1 200 OK
Content-Type: application/json; charset=utf-8
cache-control: no-cache
content-length: 88

18:18:41.562 [AsyncHttpClient-1-8] DEBUG org.asynchttpclient.netty.channel.ChannelManager - Adding key: http://localhost:55652 for channel [id: 0x2b0126a2, L:/127.0.0.1:49701 - R:localhost/127.0.0.1:55652]
18:18:41.562 [Forwarding clickElement on session 8c6e83bed8bf7237e14e97c77cd45623 to remote] DEBUG org.asynchttpclient.netty.request.NettyRequestSender - Using pooled Channel '[id: 0x2b0126a2, L:/127.0.0.1:49701 - R:localhost/127.0.0.1:55652]' for 'POST' to 'http://localhost:55652/session/8c6e83bed8bf7237e14e97c77cd45623/element/408926c5-355c-4307-a696-5c0ec0fa2deb/click'
18:18:41.562 [Forwarding clickElement on session 8c6e83bed8bf7237e14e97c77cd45623 to remote] DEBUG org.asynchttpclient.netty.request.NettyRequestSender - Using open Channel [id: 0x2b0126a2, L:/127.0.0.1:49701 - R:localhost/127.0.0.1:55652] for POST '/session/8c6e83bed8bf7237e14e97c77cd45623/element/408926c5-355c-4307-a696-5c0ec0fa2deb/click'
18:18:41.595 [AsyncHttpClient-1-8] DEBUG org.asynchttpclient.netty.handler.HttpHandler - 

Request DefaultHttpRequest(decodeResult: success, version: HTTP/1.1)
POST /session/8c6e83bed8bf7237e14e97c77cd45623/element/408926c5-355c-4307-a696-5c0ec0fa2deb/click HTTP/1.1
User-Agent: selenium/4.1.2 (java windows)
Content-Length: 50
Content-Type: application/json; charset=utf-8
host: localhost:55652
accept: */*

Response DefaultHttpResponse(decodeResult: success, version: HTTP/1.1)
HTTP/1.1 200 OK
Content-Type: application/json; charset=utf-8
cache-control: no-cache
content-length: 14

18:18:41.595 [AsyncHttpClient-1-8] DEBUG org.asynchttpclient.netty.channel.ChannelManager - Adding key: http://localhost:55652 for channel [id: 0x2b0126a2, L:/127.0.0.1:49701 - R:localhost/127.0.0.1:55652]
  &amp#27;[32mAnd &amp#27;[0m&amp#27;[32mI click Register button&amp#27;[0m                &amp#27;[90m# starter.stepdefinitions.RegisterStep.iClickRegisterButton()&amp#27;[0m
18:18:41.598 [Forwarding screenshot on session 8c6e83bed8bf7237e14e97c77cd45623 to remote] DEBUG org.asynchttpclient.netty.request.NettyRequestSender - Using pooled Channel '[id: 0x2b0126a2, L:/127.0.0.1:49701 - R:localhost/127.0.0.1:55652]' for 'GET' to 'http://localhost:55652/session/8c6e83bed8bf7237e14e97c77cd45623/screenshot'
18:18:41.598 [Forwarding screenshot on session 8c6e83bed8bf7237e14e97c77cd45623 to remote] DEBUG org.asynchttpclient.netty.request.NettyRequestSender - Using open Channel [id: 0x2b0126a2, L:/127.0.0.1:49701 - R:localhost/127.0.0.1:55652] for GET '/session/8c6e83bed8bf7237e14e97c77cd45623/screenshot'
18:18:41.735 [AsyncHttpClient-1-8] DEBUG org.asynchttpclient.netty.handler.HttpHandler - 

Request DefaultFullHttpRequest(decodeResult: success, version: HTTP/1.1, content: EmptyByteBufBE)
GET /session/8c6e83bed8bf7237e14e97c77cd45623/screenshot HTTP/1.1
User-Agent: selenium/4.1.2 (java windows)
Cache-Control: no-cache
Content-Type: application/json; charset=utf-8
host: localhost:55652
accept: */*

Response DefaultHttpResponse(decodeResult: success, version: HTTP/1.1)
HTTP/1.1 200 OK
Content-Type: application/json; charset=utf-8
cache-control: no-cache
content-length: 45136

18:18:41.735 [AsyncHttpClient-1-8] DEBUG org.asynchttpclient.netty.channel.ChannelManager - Adding key: http://localhost:55652 for channel [id: 0x2b0126a2, L:/127.0.0.1:49701 - R:localhost/127.0.0.1:55652]
18:18:41.736 [main] DEBUG net.serenitybdd.core.photography.Darkroom - Send negative for processing for target\site\serenity\e5c7f40f4d50a275fc5e7229772ca3f48af6dfef5d768d35e89ef9a41cf8ba07.png
18:18:41.737 [Darkroom Processing Line] DEBUG net.serenitybdd.core.photography.DarkroomProcessingLine - Processing screenshot image in /var/screenshots/screenshot-14121772875651616664
18:18:41.737 [Darkroom Processing Line] DEBUG net.serenitybdd.core.photography.DarkroomProcessingLine - Saving screenshot to target\site\serenity\e5c7f40f4d50a275fc5e7229772ca3f48af6dfef5d768d35e89ef9a41cf8ba07.png
18:18:41.743 [Forwarding findElement on session 8c6e83bed8bf7237e14e97c77cd45623 to remote] DEBUG org.asynchttpclient.netty.request.NettyRequestSender - Using pooled Channel '[id: 0x2b0126a2, L:/127.0.0.1:49701 - R:localhost/127.0.0.1:55652]' for 'POST' to 'http://localhost:55652/session/8c6e83bed8bf7237e14e97c77cd45623/element'
18:18:41.743 [Forwarding findElement on session 8c6e83bed8bf7237e14e97c77cd45623 to remote] DEBUG org.asynchttpclient.netty.request.NettyRequestSender - Using open Channel [id: 0x2b0126a2, L:/127.0.0.1:49701 - R:localhost/127.0.0.1:55652] for POST '/session/8c6e83bed8bf7237e14e97c77cd45623/element'
18:18:42.093 [AsyncHttpClient-1-1] DEBUG org.asynchttpclient.netty.channel.DefaultChannelPool - Entry count for : http://localhost:49702 : 1
18:18:42.253 [AsyncHttpClient-1-8] DEBUG org.asynchttpclient.netty.handler.HttpHandler - 

Request DefaultHttpRequest(decodeResult: success, version: HTTP/1.1)
POST /session/8c6e83bed8bf7237e14e97c77cd45623/element HTTP/1.1
User-Agent: selenium/4.1.2 (java windows)
Content-Length: 81
Content-Type: application/json; charset=utf-8
host: localhost:55652
accept: */*

Response DefaultHttpResponse(decodeResult: success, version: HTTP/1.1)
HTTP/1.1 200 OK
Content-Type: application/json; charset=utf-8
cache-control: no-cache
content-length: 88

18:18:42.253 [AsyncHttpClient-1-8] DEBUG org.asynchttpclient.netty.channel.ChannelManager - Adding key: http://localhost:55652 for channel [id: 0x2b0126a2, L:/127.0.0.1:49701 - R:localhost/127.0.0.1:55652]
18:18:42.255 [Forwarding isElementDisplayed on session 8c6e83bed8bf7237e14e97c77cd45623 to remote] DEBUG org.asynchttpclient.netty.request.NettyRequestSender - Using pooled Channel '[id: 0x2b0126a2, L:/127.0.0.1:49701 - R:localhost/127.0.0.1:55652]' for 'POST' to 'http://localhost:55652/session/8c6e83bed8bf7237e14e97c77cd45623/execute/sync'
18:18:42.255 [Forwarding isElementDisplayed on session 8c6e83bed8bf7237e14e97c77cd45623 to remote] DEBUG org.asynchttpclient.netty.request.NettyRequestSender - Using open Channel [id: 0x2b0126a2, L:/127.0.0.1:49701 - R:localhost/127.0.0.1:55652] for POST '/session/8c6e83bed8bf7237e14e97c77cd45623/execute/sync'
18:18:42.266 [AsyncHttpClient-1-8] DEBUG org.asynchttpclient.netty.handler.HttpHandler - 

Request DefaultHttpRequest(decodeResult: success, version: HTTP/1.1)
POST /session/8c6e83bed8bf7237e14e97c77cd45623/execute/sync HTTP/1.1
User-Agent: selenium/4.1.2 (java windows)
Content-Length: 48780
Content-Type: application/json; charset=utf-8
host: localhost:55652
accept: */*

Response DefaultHttpResponse(decodeResult: success, version: HTTP/1.1)
HTTP/1.1 200 OK
Content-Type: application/json; charset=utf-8
cache-control: no-cache
content-length: 14

18:18:42.266 [AsyncHttpClient-1-8] DEBUG org.asynchttpclient.netty.channel.ChannelManager - Adding key: http://localhost:55652 for channel [id: 0x2b0126a2, L:/127.0.0.1:49701 - R:localhost/127.0.0.1:55652]
  &amp#27;[32mThen &amp#27;[0m&amp#27;[32mI will get the &amp#27;[0m&amp#27;[32m&amp#27;[1m"Fail register"&amp#27;[0m&amp#27;[32m result&amp#27;[0m &amp#27;[90m# starter.stepdefinitions.RegisterStep.iWillGetTheResult(java.lang.String)&amp#27;[0m
18:18:42.268 [Forwarding screenshot on session 8c6e83bed8bf7237e14e97c77cd45623 to remote] DEBUG org.asynchttpclient.netty.request.NettyRequestSender - Using pooled Channel '[id: 0x2b0126a2, L:/127.0.0.1:49701 - R:localhost/127.0.0.1:55652]' for 'GET' to 'http://localhost:55652/session/8c6e83bed8bf7237e14e97c77cd45623/screenshot'
18:18:42.268 [Forwarding screenshot on session 8c6e83bed8bf7237e14e97c77cd45623 to remote] DEBUG org.asynchttpclient.netty.request.NettyRequestSender - Using open Channel [id: 0x2b0126a2, L:/127.0.0.1:49701 - R:localhost/127.0.0.1:55652] for GET '/session/8c6e83bed8bf7237e14e97c77cd45623/screenshot'
18:18:42.430 [AsyncHttpClient-1-8] DEBUG org.asynchttpclient.netty.handler.HttpHandler - 

Request DefaultFullHttpRequest(decodeResult: success, version: HTTP/1.1, content: EmptyByteBufBE)
GET /session/8c6e83bed8bf7237e14e97c77cd45623/screenshot HTTP/1.1
User-Agent: selenium/4.1.2 (java windows)
Cache-Control: no-cache
Content-Type: application/json; charset=utf-8
host: localhost:55652
accept: */*

Response DefaultHttpResponse(decodeResult: success, version: HTTP/1.1)
HTTP/1.1 200 OK
Content-Type: application/json; charset=utf-8
cache-control: no-cache
content-length: 46420

18:18:42.430 [AsyncHttpClient-1-8] DEBUG org.asynchttpclient.netty.channel.ChannelManager - Adding key: http://localhost:55652 for channel [id: 0x2b0126a2, L:/127.0.0.1:49701 - R:localhost/127.0.0.1:55652]
18:18:42.433 [main] DEBUG net.serenitybdd.core.photography.Darkroom - Send negative for processing for target\site\serenity\f529493a6aa640583956cee5b105129d351509a342e2e7924b4626373c8a2f88.png
18:18:42.433 [Darkroom Processing Line] DEBUG net.serenitybdd.core.photography.DarkroomProcessingLine - Processing screenshot image in /var/screenshots/screenshot-4626540743779907628
18:18:42.433 [Darkroom Processing Line] DEBUG net.serenitybdd.core.photography.DarkroomProcessingLine - Saving screenshot to target\site\serenity\f529493a6aa640583956cee5b105129d351509a342e2e7924b4626373c8a2f88.png
18:18:42.436 [AsyncHttpClient-1-2] DEBUG org.asynchttpclient.netty.handler.WebSocketHandler - Channel Closed: [id: 0xf7fe41b0, L:/127.0.0.1:49709 ! R:localhost/127.0.0.1:49702] with attribute NettyResponseFuture{currentRetry=5,
	isDone=1,
	isCancelled=0,
	asyncHandler=org.asynchttpclient.ws.WebSocketUpgradeHandler@a942b1b,
	nettyRequest=org.asynchttpclient.netty.request.NettyRequest@594945dd,
	future=java.util.concurrent.CompletableFuture@21150079[Completed normally],
	uri=ws://localhost:49702/devtools/browser/44527128-e1bf-48c7-a3db-a547b59754dd,
	keepAlive=true,
	redirectCount=0,
	timeoutsHolder=null,
	inAuth=0,
	touch=1667560718769}
18:18:42.436 [Driver Command Executor] DEBUG org.asynchttpclient.netty.request.NettyRequestSender - Using pooled Channel '[id: 0x2b0126a2, L:/127.0.0.1:49701 - R:localhost/127.0.0.1:55652]' for 'DELETE' to 'http://localhost:55652/session/8c6e83bed8bf7237e14e97c77cd45623'
18:18:42.436 [AsyncHttpClient-1-2] DEBUG org.asynchttpclient.netty.channel.ChannelManager - Closing Channel [id: 0xf7fe41b0, L:/127.0.0.1:49709 ! R:localhost/127.0.0.1:49702] 
18:18:42.437 [Driver Command Executor] DEBUG org.asynchttpclient.netty.request.NettyRequestSender - Using open Channel [id: 0x2b0126a2, L:/127.0.0.1:49701 - R:localhost/127.0.0.1:55652] for DELETE '/session/8c6e83bed8bf7237e14e97c77cd45623'
18:18:42.569 [AsyncHttpClient-1-9] DEBUG org.asynchttpclient.netty.handler.HttpHandler - Unexpected I/O exception on channel [id: 0x92fe95c4, L:/127.0.0.1:49708 - R:localhost/127.0.0.1:49702]
java.io.IOException: An existing connection was forcibly closed by the remote host
	at java.base/sun.nio.ch.SocketDispatcher.read0(Native Method)
	at java.base/sun.nio.ch.SocketDispatcher.read(SocketDispatcher.java:43)
	at java.base/sun.nio.ch.IOUtil.readIntoNativeBuffer(IOUtil.java:276)
	at java.base/sun.nio.ch.IOUtil.read(IOUtil.java:233)
	at java.base/sun.nio.ch.IOUtil.read(IOUtil.java:223)
	at java.base/sun.nio.ch.SocketChannelImpl.read(SocketChannelImpl.java:358)
	at io.netty.buffer.PooledByteBuf.setBytes(PooledByteBuf.java:258)
	at io.netty.buffer.AbstractByteBuf.writeBytes(AbstractByteBuf.java:1132)
	at io.netty.channel.socket.nio.NioSocketChannel.doReadBytes(NioSocketChannel.java:350)
	at io.netty.channel.nio.AbstractNioByteChannel$NioByteUnsafe.read(AbstractNioByteChannel.java:151)
	at io.netty.channel.nio.NioEventLoop.processSelectedKey(NioEventLoop.java:722)
	at io.netty.channel.nio.NioEventLoop.processSelectedKeysOptimized(NioEventLoop.java:658)
	at io.netty.channel.nio.NioEventLoop.processSelectedKeys(NioEventLoop.java:584)
	at io.netty.channel.nio.NioEventLoop.run(NioEventLoop.java:496)
	at io.netty.util.concurrent.SingleThreadEventExecutor$4.run(SingleThreadEventExecutor.java:986)
	at io.netty.util.internal.ThreadExecutorMap$2.run(ThreadExecutorMap.java:74)
	at io.netty.util.concurrent.FastThreadLocalRunnable.run(FastThreadLocalRunnable.java:30)
	at java.base/java.lang.Thread.run(Thread.java:834)
18:18:42.569 [AsyncHttpClient-1-9] DEBUG org.asynchttpclient.netty.channel.ChannelManager - Closing Channel [id: 0x92fe95c4, L:/127.0.0.1:49708 - R:localhost/127.0.0.1:49702] 
18:18:42.570 [AsyncHttpClient-1-9] DEBUG org.asynchttpclient.netty.handler.HttpHandler - Channel Closed: [id: 0x92fe95c4, L:/127.0.0.1:49708 ! R:localhost/127.0.0.1:49702] with attribute DISCARD
18:18:42.591 [AsyncHttpClient-1-8] DEBUG org.asynchttpclient.netty.handler.HttpHandler - 

Request DefaultFullHttpRequest(decodeResult: success, version: HTTP/1.1, content: EmptyByteBufBE)
DELETE /session/8c6e83bed8bf7237e14e97c77cd45623 HTTP/1.1
User-Agent: selenium/4.1.2 (java windows)
Content-Type: application/json; charset=utf-8
host: localhost:55652
accept: */*

Response DefaultHttpResponse(decodeResult: success, version: HTTP/1.1)
HTTP/1.1 200 OK
Content-Type: application/json; charset=utf-8
cache-control: no-cache
content-length: 14

18:18:42.591 [AsyncHttpClient-1-8] DEBUG org.asynchttpclient.netty.channel.ChannelManager - Adding key: http://localhost:55652 for channel [id: 0x2b0126a2, L:/127.0.0.1:49701 - R:localhost/127.0.0.1:55652]
18:18:42.676 [AsyncHttpClient-1-8] DEBUG org.asynchttpclient.netty.handler.HttpHandler - Channel Closed: [id: 0x2b0126a2, L:/127.0.0.1:49701 ! R:localhost/127.0.0.1:55652] with attribute DISCARD
18:18:42.718 [main] INFO  - 
  _____   ___   ___   _____     ___     _     ___   ___   ___   ___  
 |_   _| | __| / __| |_   _|   | _ \   /_\   / __| / __| | __| |   \ 
   | |   | _|  \__ \   | |     |  _/  / _ \  \__ \ \__ \ | _|  | |) |
   |_|   |___| |___/   |_|     |_|   /_/ \_\ |___/ |___/ |___| |___/ 

Register new a account
----------------------------------------------------------------------
]]></system-out>
    <system-err><![CDATA[Starting ChromeDriver 107.0.5304.62 (1eec40d3a5764881c92085aaee66d25075c159aa-refs/branch-heads/5304@{#942}) on port 55652
Only local connections are allowed.
Please see https://chromedriver.chromium.org/security-considerations for suggestions on keeping ChromeDriver safe.
ChromeDriver was started successfully.
Nov 04, 2022 6:18:38 PM org.openqa.selenium.remote.ProtocolHandshake createSession
INFO: Detected dialect: W3C
Nov 04, 2022 6:18:38 PM org.openqa.selenium.devtools.CdpVersionFinder findNearestMatch
WARNING: Unable to find an exact match for CDP version 107, so returning the closest version found: a no-op implementation
Nov 04, 2022 6:18:38 PM org.openqa.selenium.devtools.CdpVersionFinder findNearestMatch
INFO: Unable to find CDP implementation matching 107.
Nov 04, 2022 6:18:38 PM org.openqa.selenium.chromium.ChromiumDriver lambda$new$3
WARNING: Unable to find version of CDP to use for . You may need to include a dependency on a specific version of the CDP using something similar to `org.seleniumhq.selenium:selenium-devtools-v86:4.1.2` where the version ("v86") matches the version of the chromium-based browser you're using and the version number of the artifact is the same as Selenium's.
]]></system-err>
  </testcase>
  <testcase name="Register new a account #3" classname="Register" time="4.547">
    <system-out><![CDATA[
@Register
Scenario Outline: Register new a account        &amp#27;[90m# src/test/resources/features/register.feature:20&amp#27;[0m
18:18:42.732 [main] INFO io.cucumber.core.plugin.SerenityReporter - Running feature from file:///D:/Ra/file%20kuliah/semester%207/resume%20alta/Mini%20Project/Web/AltaShop/src/test/resources/features/register.feature
18:18:42.740 [main] INFO net.serenitybdd.core.webdriver.driverproviders.ChromeDriverProvider - Using automatically driver download
18:18:42.833 [main] DEBUG io.github.bonigarcia.wdm.cache.ResolutionCache - Resolution chrome=107 in cache (valid until 18:54:29 04/11/2022 ICT)
18:18:42.835 [main] DEBUG io.github.bonigarcia.wdm.cache.ResolutionCache - Resolution chrome107=107.0.5304.62 in cache (valid until 17:54:29 05/11/2022 ICT)
18:18:42.835 [main] INFO io.github.bonigarcia.wdm.WebDriverManager - Using chromedriver 107.0.5304.62 (resolved driver for Chrome 107)
18:18:42.841 [main] DEBUG io.github.bonigarcia.wdm.WebDriverManager - Driver chromedriver 107.0.5304.62 found in cache
18:18:42.841 [main] INFO io.github.bonigarcia.wdm.WebDriverManager - Exporting webdriver.chrome.driver as C:\Users\rilaa\.cache\selenium\chromedriver\win32\107.0.5304.62\chromedriver.exe
18:18:42.939 [main] DEBUG net.serenitybdd.core.webdriver.driverproviders.ProvideNewDriver - Instantiating driver
18:18:42.939 [main] DEBUG net.serenitybdd.core.webdriver.driverproviders.ProvideNewDriver - Driver capabilities: Capabilities {acceptInsecureCerts: false, base.url: https://alta-shop.vercel.app, browserName: chrome, chrome.driver: src/test/resources/webdrive..., driver: chrome, goog:chromeOptions: {args: [], extensions: []}}
18:18:43.004 [AsyncHttpClient-1-3] DEBUG org.asynchttpclient.netty.channel.NettyConnectListener - Using new Channel '[id: 0x57936788, L:/127.0.0.1:49727 - R:localhost/127.0.0.1:61406]' for 'POST' to '/session'
18:18:43.205 [AsyncHttpClient-1-1] DEBUG org.asynchttpclient.netty.channel.DefaultChannelPool - Entry count for : http://localhost:55652 : 1
18:18:43.205 [AsyncHttpClient-1-1] DEBUG org.asynchttpclient.netty.channel.DefaultChannelPool - Entry count for : http://localhost:49702 : 1
18:18:43.205 [AsyncHttpClient-1-1] DEBUG org.asynchttpclient.netty.channel.DefaultChannelPool - Adding Candidate expired Channel [id: 0x2b0126a2, L:/127.0.0.1:49701 ! R:localhost/127.0.0.1:55652] isIdleTimeoutExpired=false isRemotelyClosed=true isTtlExpired=false
18:18:43.205 [AsyncHttpClient-1-1] DEBUG org.asynchttpclient.netty.channel.DefaultChannelPool - Closing Idle Channel [id: 0x2b0126a2, L:/127.0.0.1:49701 ! R:localhost/127.0.0.1:55652]
18:18:43.205 [AsyncHttpClient-1-1] DEBUG org.asynchttpclient.netty.channel.DefaultChannelPool - Adding Candidate expired Channel [id: 0x92fe95c4, L:/127.0.0.1:49708 ! R:localhost/127.0.0.1:49702] isIdleTimeoutExpired=false isRemotelyClosed=true isTtlExpired=false
18:18:43.205 [AsyncHttpClient-1-1] DEBUG org.asynchttpclient.netty.channel.DefaultChannelPool - Closing Idle Channel [id: 0x92fe95c4, L:/127.0.0.1:49708 ! R:localhost/127.0.0.1:49702]
18:18:43.205 [AsyncHttpClient-1-1] DEBUG org.asynchttpclient.netty.channel.DefaultChannelPool - Closed 2 connections out of 2 in 0 ms
18:18:43.700 [AsyncHttpClient-1-3] DEBUG org.asynchttpclient.netty.handler.HttpHandler - 

Request DefaultHttpRequest(decodeResult: success, version: HTTP/1.1)
POST /session HTTP/1.1
User-Agent: selenium/4.1.2 (java windows)
Content-Length: 609
Content-Type: application/json; charset=utf-8
host: localhost:61406
accept: */*

Response DefaultHttpResponse(decodeResult: success, version: HTTP/1.1)
HTTP/1.1 200 OK
Content-Type: application/json; charset=utf-8
cache-control: no-cache
content-length: 789

18:18:43.700 [AsyncHttpClient-1-3] DEBUG org.asynchttpclient.netty.channel.ChannelManager - Adding key: http://localhost:61406 for channel [id: 0x57936788, L:/127.0.0.1:49727 - R:localhost/127.0.0.1:61406]
18:18:43.705 [AsyncHttpClient-1-4] DEBUG org.asynchttpclient.netty.channel.NettyConnectListener - Using new Channel '[id: 0x9bdd4d3a, L:/127.0.0.1:49740 - R:localhost/127.0.0.1:49728]' for 'GET' to '/json/version'
18:18:43.707 [AsyncHttpClient-1-4] DEBUG org.asynchttpclient.netty.handler.HttpHandler - 

Request DefaultFullHttpRequest(decodeResult: success, version: HTTP/1.1, content: EmptyByteBufBE)
GET /json/version HTTP/1.1
User-Agent: selenium/4.1.2 (java windows)
host: localhost:49728
accept: */*

Response DefaultHttpResponse(decodeResult: success, version: HTTP/1.1)
HTTP/1.1 200 OK
Content-Type: application/json; charset=UTF-8
content-length: 423

18:18:43.707 [AsyncHttpClient-1-4] DEBUG org.asynchttpclient.netty.channel.ChannelManager - Adding key: http://localhost:49728 for channel [id: 0x9bdd4d3a, L:/127.0.0.1:49740 - R:localhost/127.0.0.1:49728]
18:18:43.709 [AsyncHttpClient-1-5] DEBUG org.asynchttpclient.netty.channel.NettyConnectListener - Using new Channel '[id: 0xab1ef2a0, L:/127.0.0.1:49741 - R:localhost/127.0.0.1:49728]' for 'GET' to '/devtools/browser/925e232d-25ca-4432-a9c6-64b98dabf927'
18:18:43.710 [AsyncHttpClient-1-5] DEBUG org.asynchttpclient.netty.handler.WebSocketHandler - 

Request DefaultFullHttpRequest(decodeResult: success, version: HTTP/1.1, content: EmptyByteBufBE)
GET /devtools/browser/925e232d-25ca-4432-a9c6-64b98dabf927 HTTP/1.1
upgrade: websocket
connection: upgrade
sec-websocket-key: 5m5hqgtZ4X9RSSa6SOWoDg==
sec-websocket-version: 13
origin: http://localhost:49728
host: localhost:49728
accept: */*
user-agent: AHC/2.1

Response DefaultHttpResponse(decodeResult: success, version: HTTP/1.1)
HTTP/1.1 101 WebSocket Protocol Handshake
Upgrade: WebSocket
Connection: Upgrade
Sec-WebSocket-Accept: Q5iPgn7xzXxSeLYfON3Qnj7N4PU=

18:18:43.714 [Forwarding get on session 8cee2188205f08210c4d063074d44852 to remote] DEBUG org.asynchttpclient.netty.request.NettyRequestSender - Using pooled Channel '[id: 0x57936788, L:/127.0.0.1:49727 - R:localhost/127.0.0.1:61406]' for 'POST' to 'http://localhost:61406/session/8cee2188205f08210c4d063074d44852/url'
18:18:43.714 [Forwarding get on session 8cee2188205f08210c4d063074d44852 to remote] DEBUG org.asynchttpclient.netty.request.NettyRequestSender - Using open Channel [id: 0x57936788, L:/127.0.0.1:49727 - R:localhost/127.0.0.1:61406] for POST '/session/8cee2188205f08210c4d063074d44852/url'
18:18:44.288 [AsyncHttpClient-1-1] DEBUG org.asynchttpclient.netty.channel.DefaultChannelPool - Entry count for : http://localhost:49728 : 1
18:18:44.552 [AsyncHttpClient-1-3] DEBUG org.asynchttpclient.netty.handler.HttpHandler - 

Request DefaultHttpRequest(decodeResult: success, version: HTTP/1.1)
POST /session/8cee2188205f08210c4d063074d44852/url HTTP/1.1
User-Agent: selenium/4.1.2 (java windows)
Content-Length: 59
Content-Type: application/json; charset=utf-8
host: localhost:61406
accept: */*

Response DefaultHttpResponse(decodeResult: success, version: HTTP/1.1)
HTTP/1.1 200 OK
Content-Type: application/json; charset=utf-8
cache-control: no-cache
content-length: 14

18:18:44.553 [AsyncHttpClient-1-3] DEBUG org.asynchttpclient.netty.channel.ChannelManager - Adding key: http://localhost:61406 for channel [id: 0x57936788, L:/127.0.0.1:49727 - R:localhost/127.0.0.1:61406]
18:18:44.554 [Forwarding setTimeout on session 8cee2188205f08210c4d063074d44852 to remote] DEBUG org.asynchttpclient.netty.request.NettyRequestSender - Using pooled Channel '[id: 0x57936788, L:/127.0.0.1:49727 - R:localhost/127.0.0.1:61406]' for 'POST' to 'http://localhost:61406/session/8cee2188205f08210c4d063074d44852/timeouts'
18:18:44.554 [Forwarding setTimeout on session 8cee2188205f08210c4d063074d44852 to remote] DEBUG org.asynchttpclient.netty.request.NettyRequestSender - Using open Channel [id: 0x57936788, L:/127.0.0.1:49727 - R:localhost/127.0.0.1:61406] for POST '/session/8cee2188205f08210c4d063074d44852/timeouts'
18:18:44.555 [AsyncHttpClient-1-3] DEBUG org.asynchttpclient.netty.handler.HttpHandler - 

Request DefaultHttpRequest(decodeResult: success, version: HTTP/1.1)
POST /session/8cee2188205f08210c4d063074d44852/timeouts HTTP/1.1
User-Agent: selenium/4.1.2 (java windows)
Content-Length: 22
Content-Type: application/json; charset=utf-8
host: localhost:61406
accept: */*

Response DefaultHttpResponse(decodeResult: success, version: HTTP/1.1)
HTTP/1.1 200 OK
Content-Type: application/json; charset=utf-8
cache-control: no-cache
content-length: 14

18:18:44.555 [AsyncHttpClient-1-3] DEBUG org.asynchttpclient.netty.channel.ChannelManager - Adding key: http://localhost:61406 for channel [id: 0x57936788, L:/127.0.0.1:49727 - R:localhost/127.0.0.1:61406]
18:18:44.559 [Forwarding getCurrentUrl on session 8cee2188205f08210c4d063074d44852 to remote] DEBUG org.asynchttpclient.netty.request.NettyRequestSender - Using pooled Channel '[id: 0x57936788, L:/127.0.0.1:49727 - R:localhost/127.0.0.1:61406]' for 'GET' to 'http://localhost:61406/session/8cee2188205f08210c4d063074d44852/url'
18:18:44.559 [Forwarding getCurrentUrl on session 8cee2188205f08210c4d063074d44852 to remote] DEBUG org.asynchttpclient.netty.request.NettyRequestSender - Using open Channel [id: 0x57936788, L:/127.0.0.1:49727 - R:localhost/127.0.0.1:61406] for GET '/session/8cee2188205f08210c4d063074d44852/url'
18:18:44.564 [AsyncHttpClient-1-3] DEBUG org.asynchttpclient.netty.handler.HttpHandler - 

Request DefaultFullHttpRequest(decodeResult: success, version: HTTP/1.1, content: EmptyByteBufBE)
GET /session/8cee2188205f08210c4d063074d44852/url HTTP/1.1
User-Agent: selenium/4.1.2 (java windows)
Cache-Control: no-cache
Content-Type: application/json; charset=utf-8
host: localhost:61406
accept: */*

Response DefaultHttpResponse(decodeResult: success, version: HTTP/1.1)
HTTP/1.1 200 OK
Content-Type: application/json; charset=utf-8
cache-control: no-cache
content-length: 41

18:18:44.564 [AsyncHttpClient-1-3] DEBUG org.asynchttpclient.netty.channel.ChannelManager - Adding key: http://localhost:61406 for channel [id: 0x57936788, L:/127.0.0.1:49727 - R:localhost/127.0.0.1:61406]
18:18:44.572 [Forwarding findElement on session 8cee2188205f08210c4d063074d44852 to remote] DEBUG org.asynchttpclient.netty.request.NettyRequestSender - Using pooled Channel '[id: 0x57936788, L:/127.0.0.1:49727 - R:localhost/127.0.0.1:61406]' for 'POST' to 'http://localhost:61406/session/8cee2188205f08210c4d063074d44852/element'
18:18:44.572 [Forwarding findElement on session 8cee2188205f08210c4d063074d44852 to remote] DEBUG org.asynchttpclient.netty.request.NettyRequestSender - Using open Channel [id: 0x57936788, L:/127.0.0.1:49727 - R:localhost/127.0.0.1:61406] for POST '/session/8cee2188205f08210c4d063074d44852/element'
18:18:44.589 [AsyncHttpClient-1-3] DEBUG org.asynchttpclient.netty.handler.HttpHandler - 

Request DefaultHttpRequest(decodeResult: success, version: HTTP/1.1)
POST /session/8cee2188205f08210c4d063074d44852/element HTTP/1.1
User-Agent: selenium/4.1.2 (java windows)
Content-Length: 77
Content-Type: application/json; charset=utf-8
host: localhost:61406
accept: */*

Response DefaultHttpResponse(decodeResult: success, version: HTTP/1.1)
HTTP/1.1 200 OK
Content-Type: application/json; charset=utf-8
cache-control: no-cache
content-length: 88

18:18:44.589 [AsyncHttpClient-1-3] DEBUG org.asynchttpclient.netty.channel.ChannelManager - Adding key: http://localhost:61406 for channel [id: 0x57936788, L:/127.0.0.1:49727 - R:localhost/127.0.0.1:61406]
18:18:44.593 [Forwarding isElementDisplayed on session 8cee2188205f08210c4d063074d44852 to remote] DEBUG org.asynchttpclient.netty.request.NettyRequestSender - Using pooled Channel '[id: 0x57936788, L:/127.0.0.1:49727 - R:localhost/127.0.0.1:61406]' for 'POST' to 'http://localhost:61406/session/8cee2188205f08210c4d063074d44852/execute/sync'
18:18:44.593 [Forwarding isElementDisplayed on session 8cee2188205f08210c4d063074d44852 to remote] DEBUG org.asynchttpclient.netty.request.NettyRequestSender - Using open Channel [id: 0x57936788, L:/127.0.0.1:49727 - R:localhost/127.0.0.1:61406] for POST '/session/8cee2188205f08210c4d063074d44852/execute/sync'
18:18:44.611 [AsyncHttpClient-1-3] DEBUG org.asynchttpclient.netty.handler.HttpHandler - 

Request DefaultHttpRequest(decodeResult: success, version: HTTP/1.1)
POST /session/8cee2188205f08210c4d063074d44852/execute/sync HTTP/1.1
User-Agent: selenium/4.1.2 (java windows)
Content-Length: 48780
Content-Type: application/json; charset=utf-8
host: localhost:61406
accept: */*

Response DefaultHttpResponse(decodeResult: success, version: HTTP/1.1)
HTTP/1.1 200 OK
Content-Type: application/json; charset=utf-8
cache-control: no-cache
content-length: 14

18:18:44.611 [AsyncHttpClient-1-3] DEBUG org.asynchttpclient.netty.channel.ChannelManager - Adding key: http://localhost:61406 for channel [id: 0x57936788, L:/127.0.0.1:49727 - R:localhost/127.0.0.1:61406]
  &amp#27;[32mGiven &amp#27;[0m&amp#27;[32mI am on the home page&amp#27;[0m                   &amp#27;[90m# starter.stepdefinitions.LoginStepDefinition.iAmOnTheHomePage()&amp#27;[0m
18:18:44.629 [Forwarding screenshot on session 8cee2188205f08210c4d063074d44852 to remote] DEBUG org.asynchttpclient.netty.request.NettyRequestSender - Using pooled Channel '[id: 0x57936788, L:/127.0.0.1:49727 - R:localhost/127.0.0.1:61406]' for 'GET' to 'http://localhost:61406/session/8cee2188205f08210c4d063074d44852/screenshot'
18:18:44.629 [Forwarding screenshot on session 8cee2188205f08210c4d063074d44852 to remote] DEBUG org.asynchttpclient.netty.request.NettyRequestSender - Using open Channel [id: 0x57936788, L:/127.0.0.1:49727 - R:localhost/127.0.0.1:61406] for GET '/session/8cee2188205f08210c4d063074d44852/screenshot'
18:18:44.818 [AsyncHttpClient-1-3] DEBUG org.asynchttpclient.netty.handler.HttpHandler - 

Request DefaultFullHttpRequest(decodeResult: success, version: HTTP/1.1, content: EmptyByteBufBE)
GET /session/8cee2188205f08210c4d063074d44852/screenshot HTTP/1.1
User-Agent: selenium/4.1.2 (java windows)
Cache-Control: no-cache
Content-Type: application/json; charset=utf-8
host: localhost:61406
accept: */*

Response DefaultHttpResponse(decodeResult: success, version: HTTP/1.1)
HTTP/1.1 200 OK
Content-Type: application/json; charset=utf-8
cache-control: no-cache
content-length: 35244

18:18:44.819 [AsyncHttpClient-1-3] DEBUG org.asynchttpclient.netty.channel.ChannelManager - Adding key: http://localhost:61406 for channel [id: 0x57936788, L:/127.0.0.1:49727 - R:localhost/127.0.0.1:61406]
18:18:44.820 [main] DEBUG net.serenitybdd.core.photography.Darkroom - Send negative for processing for target\site\serenity\ea0d3be77a263b65c04661ba9435835e73cb31af61ff80fd3b459460811fd0a0.png
18:18:44.825 [Forwarding findElement on session 8cee2188205f08210c4d063074d44852 to remote] DEBUG org.asynchttpclient.netty.request.NettyRequestSender - Using pooled Channel '[id: 0x57936788, L:/127.0.0.1:49727 - R:localhost/127.0.0.1:61406]' for 'POST' to 'http://localhost:61406/session/8cee2188205f08210c4d063074d44852/element'
18:18:44.825 [Forwarding findElement on session 8cee2188205f08210c4d063074d44852 to remote] DEBUG org.asynchttpclient.netty.request.NettyRequestSender - Using open Channel [id: 0x57936788, L:/127.0.0.1:49727 - R:localhost/127.0.0.1:61406] for POST '/session/8cee2188205f08210c4d063074d44852/element'
18:18:44.834 [AsyncHttpClient-1-3] DEBUG org.asynchttpclient.netty.handler.HttpHandler - 

Request DefaultHttpRequest(decodeResult: success, version: HTTP/1.1)
POST /session/8cee2188205f08210c4d063074d44852/element HTTP/1.1
User-Agent: selenium/4.1.2 (java windows)
Content-Length: 97
Content-Type: application/json; charset=utf-8
host: localhost:61406
accept: */*

Response DefaultHttpResponse(decodeResult: success, version: HTTP/1.1)
HTTP/1.1 200 OK
Content-Type: application/json; charset=utf-8
cache-control: no-cache
content-length: 88

18:18:44.834 [AsyncHttpClient-1-3] DEBUG org.asynchttpclient.netty.channel.ChannelManager - Adding key: http://localhost:61406 for channel [id: 0x57936788, L:/127.0.0.1:49727 - R:localhost/127.0.0.1:61406]
18:18:44.835 [Forwarding getElementTagName on session 8cee2188205f08210c4d063074d44852 to remote] DEBUG org.asynchttpclient.netty.request.NettyRequestSender - Using pooled Channel '[id: 0x57936788, L:/127.0.0.1:49727 - R:localhost/127.0.0.1:61406]' for 'GET' to 'http://localhost:61406/session/8cee2188205f08210c4d063074d44852/element/3a4603b3-0619-426c-b385-8594279b7ff5/name'
18:18:44.835 [Forwarding getElementTagName on session 8cee2188205f08210c4d063074d44852 to remote] DEBUG org.asynchttpclient.netty.request.NettyRequestSender - Using open Channel [id: 0x57936788, L:/127.0.0.1:49727 - R:localhost/127.0.0.1:61406] for GET '/session/8cee2188205f08210c4d063074d44852/element/3a4603b3-0619-426c-b385-8594279b7ff5/name'
18:18:44.838 [AsyncHttpClient-1-3] DEBUG org.asynchttpclient.netty.handler.HttpHandler - 

Request DefaultFullHttpRequest(decodeResult: success, version: HTTP/1.1, content: EmptyByteBufBE)
GET /session/8cee2188205f08210c4d063074d44852/element/3a4603b3-0619-426c-b385-8594279b7ff5/name HTTP/1.1
User-Agent: selenium/4.1.2 (java windows)
Cache-Control: no-cache
Content-Type: application/json; charset=utf-8
host: localhost:61406
accept: */*

Response DefaultHttpResponse(decodeResult: success, version: HTTP/1.1)
HTTP/1.1 200 OK
Content-Type: application/json; charset=utf-8
cache-control: no-cache
content-length: 13

18:18:44.838 [AsyncHttpClient-1-3] DEBUG org.asynchttpclient.netty.channel.ChannelManager - Adding key: http://localhost:61406 for channel [id: 0x57936788, L:/127.0.0.1:49727 - R:localhost/127.0.0.1:61406]
18:18:44.838 [Forwarding getElementTagName on session 8cee2188205f08210c4d063074d44852 to remote] DEBUG org.asynchttpclient.netty.request.NettyRequestSender - Using pooled Channel '[id: 0x57936788, L:/127.0.0.1:49727 - R:localhost/127.0.0.1:61406]' for 'GET' to 'http://localhost:61406/session/8cee2188205f08210c4d063074d44852/element/3a4603b3-0619-426c-b385-8594279b7ff5/name'
18:18:44.838 [Forwarding getElementTagName on session 8cee2188205f08210c4d063074d44852 to remote] DEBUG org.asynchttpclient.netty.request.NettyRequestSender - Using open Channel [id: 0x57936788, L:/127.0.0.1:49727 - R:localhost/127.0.0.1:61406] for GET '/session/8cee2188205f08210c4d063074d44852/element/3a4603b3-0619-426c-b385-8594279b7ff5/name'
18:18:44.843 [AsyncHttpClient-1-3] DEBUG org.asynchttpclient.netty.handler.HttpHandler - 

Request DefaultFullHttpRequest(decodeResult: success, version: HTTP/1.1, content: EmptyByteBufBE)
GET /session/8cee2188205f08210c4d063074d44852/element/3a4603b3-0619-426c-b385-8594279b7ff5/name HTTP/1.1
User-Agent: selenium/4.1.2 (java windows)
Cache-Control: no-cache
Content-Type: application/json; charset=utf-8
host: localhost:61406
accept: */*

Response DefaultHttpResponse(decodeResult: success, version: HTTP/1.1)
HTTP/1.1 200 OK
Content-Type: application/json; charset=utf-8
cache-control: no-cache
content-length: 13

18:18:44.843 [AsyncHttpClient-1-3] DEBUG org.asynchttpclient.netty.channel.ChannelManager - Adding key: http://localhost:61406 for channel [id: 0x57936788, L:/127.0.0.1:49727 - R:localhost/127.0.0.1:61406]
18:18:44.845 [Forwarding findElement on session 8cee2188205f08210c4d063074d44852 to remote] DEBUG org.asynchttpclient.netty.request.NettyRequestSender - Using pooled Channel '[id: 0x57936788, L:/127.0.0.1:49727 - R:localhost/127.0.0.1:61406]' for 'POST' to 'http://localhost:61406/session/8cee2188205f08210c4d063074d44852/element'
18:18:44.845 [Forwarding findElement on session 8cee2188205f08210c4d063074d44852 to remote] DEBUG org.asynchttpclient.netty.request.NettyRequestSender - Using open Channel [id: 0x57936788, L:/127.0.0.1:49727 - R:localhost/127.0.0.1:61406] for POST '/session/8cee2188205f08210c4d063074d44852/element'
18:18:44.849 [AsyncHttpClient-1-3] DEBUG org.asynchttpclient.netty.handler.HttpHandler - 

Request DefaultHttpRequest(decodeResult: success, version: HTTP/1.1)
POST /session/8cee2188205f08210c4d063074d44852/element HTTP/1.1
User-Agent: selenium/4.1.2 (java windows)
Content-Length: 97
Content-Type: application/json; charset=utf-8
host: localhost:61406
accept: */*

Response DefaultHttpResponse(decodeResult: success, version: HTTP/1.1)
HTTP/1.1 200 OK
Content-Type: application/json; charset=utf-8
cache-control: no-cache
content-length: 88

18:18:44.849 [AsyncHttpClient-1-3] DEBUG org.asynchttpclient.netty.channel.ChannelManager - Adding key: http://localhost:61406 for channel [id: 0x57936788, L:/127.0.0.1:49727 - R:localhost/127.0.0.1:61406]
18:18:44.850 [Forwarding clickElement on session 8cee2188205f08210c4d063074d44852 to remote] DEBUG org.asynchttpclient.netty.request.NettyRequestSender - Using pooled Channel '[id: 0x57936788, L:/127.0.0.1:49727 - R:localhost/127.0.0.1:61406]' for 'POST' to 'http://localhost:61406/session/8cee2188205f08210c4d063074d44852/element/3a4603b3-0619-426c-b385-8594279b7ff5/click'
18:18:44.850 [Forwarding clickElement on session 8cee2188205f08210c4d063074d44852 to remote] DEBUG org.asynchttpclient.netty.request.NettyRequestSender - Using open Channel [id: 0x57936788, L:/127.0.0.1:49727 - R:localhost/127.0.0.1:61406] for POST '/session/8cee2188205f08210c4d063074d44852/element/3a4603b3-0619-426c-b385-8594279b7ff5/click'
18:18:44.882 [AsyncHttpClient-1-3] DEBUG org.asynchttpclient.netty.handler.HttpHandler - 

Request DefaultHttpRequest(decodeResult: success, version: HTTP/1.1)
POST /session/8cee2188205f08210c4d063074d44852/element/3a4603b3-0619-426c-b385-8594279b7ff5/click HTTP/1.1
User-Agent: selenium/4.1.2 (java windows)
Content-Length: 50
Content-Type: application/json; charset=utf-8
host: localhost:61406
accept: */*

Response DefaultHttpResponse(decodeResult: success, version: HTTP/1.1)
HTTP/1.1 200 OK
Content-Type: application/json; charset=utf-8
cache-control: no-cache
content-length: 14

18:18:44.882 [AsyncHttpClient-1-3] DEBUG org.asynchttpclient.netty.channel.ChannelManager - Adding key: http://localhost:61406 for channel [id: 0x57936788, L:/127.0.0.1:49727 - R:localhost/127.0.0.1:61406]
  &amp#27;[32mAnd &amp#27;[0m&amp#27;[32mI click login icon&amp#27;[0m                        &amp#27;[90m# starter.stepdefinitions.LoginStepDefinition.iClickLoginIcon()&amp#27;[0m
18:18:44.888 [Forwarding screenshot on session 8cee2188205f08210c4d063074d44852 to remote] DEBUG org.asynchttpclient.netty.request.NettyRequestSender - Using pooled Channel '[id: 0x57936788, L:/127.0.0.1:49727 - R:localhost/127.0.0.1:61406]' for 'GET' to 'http://localhost:61406/session/8cee2188205f08210c4d063074d44852/screenshot'
18:18:44.888 [Forwarding screenshot on session 8cee2188205f08210c4d063074d44852 to remote] DEBUG org.asynchttpclient.netty.request.NettyRequestSender - Using open Channel [id: 0x57936788, L:/127.0.0.1:49727 - R:localhost/127.0.0.1:61406] for GET '/session/8cee2188205f08210c4d063074d44852/screenshot'
18:18:45.126 [AsyncHttpClient-1-3] DEBUG org.asynchttpclient.netty.handler.HttpHandler - 

Request DefaultFullHttpRequest(decodeResult: success, version: HTTP/1.1, content: EmptyByteBufBE)
GET /session/8cee2188205f08210c4d063074d44852/screenshot HTTP/1.1
User-Agent: selenium/4.1.2 (java windows)
Cache-Control: no-cache
Content-Type: application/json; charset=utf-8
host: localhost:61406
accept: */*

Response DefaultHttpResponse(decodeResult: success, version: HTTP/1.1)
HTTP/1.1 200 OK
Content-Type: application/json; charset=utf-8
cache-control: no-cache
content-length: 35064

18:18:45.126 [AsyncHttpClient-1-3] DEBUG org.asynchttpclient.netty.channel.ChannelManager - Adding key: http://localhost:61406 for channel [id: 0x57936788, L:/127.0.0.1:49727 - R:localhost/127.0.0.1:61406]
18:18:45.127 [main] DEBUG net.serenitybdd.core.photography.Darkroom - Send negative for processing for target\site\serenity\7b78b4bc322251ea5b3e7d3a02df116099bd01fdb659228543073a5c12a58827.png
18:18:45.127 [Darkroom Processing Line] DEBUG net.serenitybdd.core.photography.DarkroomProcessingLine - Processing screenshot image in /var/screenshots/screenshot-12606472234322932929
18:18:45.127 [Darkroom Processing Line] DEBUG net.serenitybdd.core.photography.DarkroomProcessingLine - Saving screenshot to target\site\serenity\7b78b4bc322251ea5b3e7d3a02df116099bd01fdb659228543073a5c12a58827.png
18:18:45.134 [Forwarding findElement on session 8cee2188205f08210c4d063074d44852 to remote] DEBUG org.asynchttpclient.netty.request.NettyRequestSender - Using pooled Channel '[id: 0x57936788, L:/127.0.0.1:49727 - R:localhost/127.0.0.1:61406]' for 'POST' to 'http://localhost:61406/session/8cee2188205f08210c4d063074d44852/element'
18:18:45.134 [Forwarding findElement on session 8cee2188205f08210c4d063074d44852 to remote] DEBUG org.asynchttpclient.netty.request.NettyRequestSender - Using open Channel [id: 0x57936788, L:/127.0.0.1:49727 - R:localhost/127.0.0.1:61406] for POST '/session/8cee2188205f08210c4d063074d44852/element'
18:18:45.143 [AsyncHttpClient-1-3] DEBUG org.asynchttpclient.netty.handler.HttpHandler - 

Request DefaultHttpRequest(decodeResult: success, version: HTTP/1.1)
POST /session/8cee2188205f08210c4d063074d44852/element HTTP/1.1
User-Agent: selenium/4.1.2 (java windows)
Content-Length: 95
Content-Type: application/json; charset=utf-8
host: localhost:61406
accept: */*

Response DefaultHttpResponse(decodeResult: success, version: HTTP/1.1)
HTTP/1.1 200 OK
Content-Type: application/json; charset=utf-8
cache-control: no-cache
content-length: 88

18:18:45.144 [AsyncHttpClient-1-3] DEBUG org.asynchttpclient.netty.channel.ChannelManager - Adding key: http://localhost:61406 for channel [id: 0x57936788, L:/127.0.0.1:49727 - R:localhost/127.0.0.1:61406]
18:18:45.144 [Forwarding getElementTagName on session 8cee2188205f08210c4d063074d44852 to remote] DEBUG org.asynchttpclient.netty.request.NettyRequestSender - Using pooled Channel '[id: 0x57936788, L:/127.0.0.1:49727 - R:localhost/127.0.0.1:61406]' for 'GET' to 'http://localhost:61406/session/8cee2188205f08210c4d063074d44852/element/cee17087-96ac-4f4b-9485-834b901a0647/name'
18:18:45.144 [Forwarding getElementTagName on session 8cee2188205f08210c4d063074d44852 to remote] DEBUG org.asynchttpclient.netty.request.NettyRequestSender - Using open Channel [id: 0x57936788, L:/127.0.0.1:49727 - R:localhost/127.0.0.1:61406] for GET '/session/8cee2188205f08210c4d063074d44852/element/cee17087-96ac-4f4b-9485-834b901a0647/name'
18:18:45.149 [AsyncHttpClient-1-3] DEBUG org.asynchttpclient.netty.handler.HttpHandler - 

Request DefaultFullHttpRequest(decodeResult: success, version: HTTP/1.1, content: EmptyByteBufBE)
GET /session/8cee2188205f08210c4d063074d44852/element/cee17087-96ac-4f4b-9485-834b901a0647/name HTTP/1.1
User-Agent: selenium/4.1.2 (java windows)
Cache-Control: no-cache
Content-Type: application/json; charset=utf-8
host: localhost:61406
accept: */*

Response DefaultHttpResponse(decodeResult: success, version: HTTP/1.1)
HTTP/1.1 200 OK
Content-Type: application/json; charset=utf-8
cache-control: no-cache
content-length: 13

18:18:45.149 [AsyncHttpClient-1-3] DEBUG org.asynchttpclient.netty.channel.ChannelManager - Adding key: http://localhost:61406 for channel [id: 0x57936788, L:/127.0.0.1:49727 - R:localhost/127.0.0.1:61406]
18:18:45.150 [Forwarding getElementTagName on session 8cee2188205f08210c4d063074d44852 to remote] DEBUG org.asynchttpclient.netty.request.NettyRequestSender - Using pooled Channel '[id: 0x57936788, L:/127.0.0.1:49727 - R:localhost/127.0.0.1:61406]' for 'GET' to 'http://localhost:61406/session/8cee2188205f08210c4d063074d44852/element/cee17087-96ac-4f4b-9485-834b901a0647/name'
18:18:45.150 [Forwarding getElementTagName on session 8cee2188205f08210c4d063074d44852 to remote] DEBUG org.asynchttpclient.netty.request.NettyRequestSender - Using open Channel [id: 0x57936788, L:/127.0.0.1:49727 - R:localhost/127.0.0.1:61406] for GET '/session/8cee2188205f08210c4d063074d44852/element/cee17087-96ac-4f4b-9485-834b901a0647/name'
18:18:45.153 [AsyncHttpClient-1-3] DEBUG org.asynchttpclient.netty.handler.HttpHandler - 

Request DefaultFullHttpRequest(decodeResult: success, version: HTTP/1.1, content: EmptyByteBufBE)
GET /session/8cee2188205f08210c4d063074d44852/element/cee17087-96ac-4f4b-9485-834b901a0647/name HTTP/1.1
User-Agent: selenium/4.1.2 (java windows)
Cache-Control: no-cache
Content-Type: application/json; charset=utf-8
host: localhost:61406
accept: */*

Response DefaultHttpResponse(decodeResult: success, version: HTTP/1.1)
HTTP/1.1 200 OK
Content-Type: application/json; charset=utf-8
cache-control: no-cache
content-length: 13

18:18:45.153 [AsyncHttpClient-1-3] DEBUG org.asynchttpclient.netty.channel.ChannelManager - Adding key: http://localhost:61406 for channel [id: 0x57936788, L:/127.0.0.1:49727 - R:localhost/127.0.0.1:61406]
18:18:45.154 [Forwarding findElement on session 8cee2188205f08210c4d063074d44852 to remote] DEBUG org.asynchttpclient.netty.request.NettyRequestSender - Using pooled Channel '[id: 0x57936788, L:/127.0.0.1:49727 - R:localhost/127.0.0.1:61406]' for 'POST' to 'http://localhost:61406/session/8cee2188205f08210c4d063074d44852/element'
18:18:45.154 [Forwarding findElement on session 8cee2188205f08210c4d063074d44852 to remote] DEBUG org.asynchttpclient.netty.request.NettyRequestSender - Using open Channel [id: 0x57936788, L:/127.0.0.1:49727 - R:localhost/127.0.0.1:61406] for POST '/session/8cee2188205f08210c4d063074d44852/element'
18:18:45.160 [AsyncHttpClient-1-3] DEBUG org.asynchttpclient.netty.handler.HttpHandler - 

Request DefaultHttpRequest(decodeResult: success, version: HTTP/1.1)
POST /session/8cee2188205f08210c4d063074d44852/element HTTP/1.1
User-Agent: selenium/4.1.2 (java windows)
Content-Length: 95
Content-Type: application/json; charset=utf-8
host: localhost:61406
accept: */*

Response DefaultHttpResponse(decodeResult: success, version: HTTP/1.1)
HTTP/1.1 200 OK
Content-Type: application/json; charset=utf-8
cache-control: no-cache
content-length: 88

18:18:45.161 [AsyncHttpClient-1-3] DEBUG org.asynchttpclient.netty.channel.ChannelManager - Adding key: http://localhost:61406 for channel [id: 0x57936788, L:/127.0.0.1:49727 - R:localhost/127.0.0.1:61406]
18:18:45.161 [Forwarding clickElement on session 8cee2188205f08210c4d063074d44852 to remote] DEBUG org.asynchttpclient.netty.request.NettyRequestSender - Using pooled Channel '[id: 0x57936788, L:/127.0.0.1:49727 - R:localhost/127.0.0.1:61406]' for 'POST' to 'http://localhost:61406/session/8cee2188205f08210c4d063074d44852/element/cee17087-96ac-4f4b-9485-834b901a0647/click'
18:18:45.161 [Forwarding clickElement on session 8cee2188205f08210c4d063074d44852 to remote] DEBUG org.asynchttpclient.netty.request.NettyRequestSender - Using open Channel [id: 0x57936788, L:/127.0.0.1:49727 - R:localhost/127.0.0.1:61406] for POST '/session/8cee2188205f08210c4d063074d44852/element/cee17087-96ac-4f4b-9485-834b901a0647/click'
18:18:45.229 [AsyncHttpClient-1-3] DEBUG org.asynchttpclient.netty.handler.HttpHandler - 

Request DefaultHttpRequest(decodeResult: success, version: HTTP/1.1)
POST /session/8cee2188205f08210c4d063074d44852/element/cee17087-96ac-4f4b-9485-834b901a0647/click HTTP/1.1
User-Agent: selenium/4.1.2 (java windows)
Content-Length: 50
Content-Type: application/json; charset=utf-8
host: localhost:61406
accept: */*

Response DefaultHttpResponse(decodeResult: success, version: HTTP/1.1)
HTTP/1.1 200 OK
Content-Type: application/json; charset=utf-8
cache-control: no-cache
content-length: 14

18:18:45.229 [AsyncHttpClient-1-3] DEBUG org.asynchttpclient.netty.channel.ChannelManager - Adding key: http://localhost:61406 for channel [id: 0x57936788, L:/127.0.0.1:49727 - R:localhost/127.0.0.1:61406]
  &amp#27;[32mAnd &amp#27;[0m&amp#27;[32mI click register text&amp#27;[0m                     &amp#27;[90m# starter.stepdefinitions.RegisterStep.iClickRegisterText()&amp#27;[0m
18:18:45.236 [Forwarding screenshot on session 8cee2188205f08210c4d063074d44852 to remote] DEBUG org.asynchttpclient.netty.request.NettyRequestSender - Using pooled Channel '[id: 0x57936788, L:/127.0.0.1:49727 - R:localhost/127.0.0.1:61406]' for 'GET' to 'http://localhost:61406/session/8cee2188205f08210c4d063074d44852/screenshot'
18:18:45.237 [Forwarding screenshot on session 8cee2188205f08210c4d063074d44852 to remote] DEBUG org.asynchttpclient.netty.request.NettyRequestSender - Using open Channel [id: 0x57936788, L:/127.0.0.1:49727 - R:localhost/127.0.0.1:61406] for GET '/session/8cee2188205f08210c4d063074d44852/screenshot'
18:18:45.394 [AsyncHttpClient-1-1] DEBUG org.asynchttpclient.netty.channel.DefaultChannelPool - Entry count for : http://localhost:49728 : 1
18:18:45.444 [AsyncHttpClient-1-3] DEBUG org.asynchttpclient.netty.handler.HttpHandler - 

Request DefaultFullHttpRequest(decodeResult: success, version: HTTP/1.1, content: EmptyByteBufBE)
GET /session/8cee2188205f08210c4d063074d44852/screenshot HTTP/1.1
User-Agent: selenium/4.1.2 (java windows)
Cache-Control: no-cache
Content-Type: application/json; charset=utf-8
host: localhost:61406
accept: */*

Response DefaultHttpResponse(decodeResult: success, version: HTTP/1.1)
HTTP/1.1 200 OK
Content-Type: application/json; charset=utf-8
cache-control: no-cache
content-length: 38808

18:18:45.444 [AsyncHttpClient-1-3] DEBUG org.asynchttpclient.netty.channel.ChannelManager - Adding key: http://localhost:61406 for channel [id: 0x57936788, L:/127.0.0.1:49727 - R:localhost/127.0.0.1:61406]
18:18:45.445 [main] DEBUG net.serenitybdd.core.photography.Darkroom - Send negative for processing for target\site\serenity\00f09991311698e4069032fbbe4d038284f30c3f50b59f019b5ea9b316fe04ee.png
18:18:45.445 [Darkroom Processing Line] DEBUG net.serenitybdd.core.photography.DarkroomProcessingLine - Processing screenshot image in /var/screenshots/screenshot-15714682042642685821
18:18:45.445 [Darkroom Processing Line] DEBUG net.serenitybdd.core.photography.DarkroomProcessingLine - Saving screenshot to target\site\serenity\00f09991311698e4069032fbbe4d038284f30c3f50b59f019b5ea9b316fe04ee.png
18:18:45.449 [Forwarding findElement on session 8cee2188205f08210c4d063074d44852 to remote] DEBUG org.asynchttpclient.netty.request.NettyRequestSender - Using pooled Channel '[id: 0x57936788, L:/127.0.0.1:49727 - R:localhost/127.0.0.1:61406]' for 'POST' to 'http://localhost:61406/session/8cee2188205f08210c4d063074d44852/element'
18:18:45.449 [Forwarding findElement on session 8cee2188205f08210c4d063074d44852 to remote] DEBUG org.asynchttpclient.netty.request.NettyRequestSender - Using open Channel [id: 0x57936788, L:/127.0.0.1:49727 - R:localhost/127.0.0.1:61406] for POST '/session/8cee2188205f08210c4d063074d44852/element'
18:18:45.459 [AsyncHttpClient-1-3] DEBUG org.asynchttpclient.netty.handler.HttpHandler - 

Request DefaultHttpRequest(decodeResult: success, version: HTTP/1.1)
POST /session/8cee2188205f08210c4d063074d44852/element HTTP/1.1
User-Agent: selenium/4.1.2 (java windows)
Content-Length: 95
Content-Type: application/json; charset=utf-8
host: localhost:61406
accept: */*

Response DefaultHttpResponse(decodeResult: success, version: HTTP/1.1)
HTTP/1.1 200 OK
Content-Type: application/json; charset=utf-8
cache-control: no-cache
content-length: 88

18:18:45.459 [AsyncHttpClient-1-3] DEBUG org.asynchttpclient.netty.channel.ChannelManager - Adding key: http://localhost:61406 for channel [id: 0x57936788, L:/127.0.0.1:49727 - R:localhost/127.0.0.1:61406]
18:18:45.459 [Forwarding clearElement on session 8cee2188205f08210c4d063074d44852 to remote] DEBUG org.asynchttpclient.netty.request.NettyRequestSender - Using pooled Channel '[id: 0x57936788, L:/127.0.0.1:49727 - R:localhost/127.0.0.1:61406]' for 'POST' to 'http://localhost:61406/session/8cee2188205f08210c4d063074d44852/element/423ed96d-d34c-4655-9a9a-928a4a6343a6/clear'
18:18:45.459 [Forwarding clearElement on session 8cee2188205f08210c4d063074d44852 to remote] DEBUG org.asynchttpclient.netty.request.NettyRequestSender - Using open Channel [id: 0x57936788, L:/127.0.0.1:49727 - R:localhost/127.0.0.1:61406] for POST '/session/8cee2188205f08210c4d063074d44852/element/423ed96d-d34c-4655-9a9a-928a4a6343a6/clear'
18:18:45.484 [AsyncHttpClient-1-3] DEBUG org.asynchttpclient.netty.handler.HttpHandler - 

Request DefaultHttpRequest(decodeResult: success, version: HTTP/1.1)
POST /session/8cee2188205f08210c4d063074d44852/element/423ed96d-d34c-4655-9a9a-928a4a6343a6/clear HTTP/1.1
User-Agent: selenium/4.1.2 (java windows)
Content-Length: 50
Content-Type: application/json; charset=utf-8
host: localhost:61406
accept: */*

Response DefaultHttpResponse(decodeResult: success, version: HTTP/1.1)
HTTP/1.1 200 OK
Content-Type: application/json; charset=utf-8
cache-control: no-cache
content-length: 14

18:18:45.484 [AsyncHttpClient-1-3] DEBUG org.asynchttpclient.netty.channel.ChannelManager - Adding key: http://localhost:61406 for channel [id: 0x57936788, L:/127.0.0.1:49727 - R:localhost/127.0.0.1:61406]
18:18:45.485 [Forwarding sendKeysToElement on session 8cee2188205f08210c4d063074d44852 to remote] DEBUG org.asynchttpclient.netty.request.NettyRequestSender - Using pooled Channel '[id: 0x57936788, L:/127.0.0.1:49727 - R:localhost/127.0.0.1:61406]' for 'POST' to 'http://localhost:61406/session/8cee2188205f08210c4d063074d44852/element/423ed96d-d34c-4655-9a9a-928a4a6343a6/value'
18:18:45.485 [Forwarding sendKeysToElement on session 8cee2188205f08210c4d063074d44852 to remote] DEBUG org.asynchttpclient.netty.request.NettyRequestSender - Using open Channel [id: 0x57936788, L:/127.0.0.1:49727 - R:localhost/127.0.0.1:61406] for POST '/session/8cee2188205f08210c4d063074d44852/element/423ed96d-d34c-4655-9a9a-928a4a6343a6/value'
18:18:45.538 [AsyncHttpClient-1-3] DEBUG org.asynchttpclient.netty.handler.HttpHandler - 

Request DefaultHttpRequest(decodeResult: success, version: HTTP/1.1)
POST /session/8cee2188205f08210c4d063074d44852/element/423ed96d-d34c-4655-9a9a-928a4a6343a6/value HTTP/1.1
User-Agent: selenium/4.1.2 (java windows)
Content-Length: 121
Content-Type: application/json; charset=utf-8
host: localhost:61406
accept: */*

Response DefaultHttpResponse(decodeResult: success, version: HTTP/1.1)
HTTP/1.1 200 OK
Content-Type: application/json; charset=utf-8
cache-control: no-cache
content-length: 14

18:18:45.538 [AsyncHttpClient-1-3] DEBUG org.asynchttpclient.netty.channel.ChannelManager - Adding key: http://localhost:61406 for channel [id: 0x57936788, L:/127.0.0.1:49727 - R:localhost/127.0.0.1:61406]
  &amp#27;[32mWhen &amp#27;[0m&amp#27;[32mI input &amp#27;[0m&amp#27;[32m&amp#27;[1m"rila"&amp#27;[0m&amp#27;[32m name&amp#27;[0m                      &amp#27;[90m# starter.stepdefinitions.RegisterStep.iInputName(java.lang.String)&amp#27;[0m
18:18:45.545 [Forwarding screenshot on session 8cee2188205f08210c4d063074d44852 to remote] DEBUG org.asynchttpclient.netty.request.NettyRequestSender - Using pooled Channel '[id: 0x57936788, L:/127.0.0.1:49727 - R:localhost/127.0.0.1:61406]' for 'GET' to 'http://localhost:61406/session/8cee2188205f08210c4d063074d44852/screenshot'
18:18:45.545 [Forwarding screenshot on session 8cee2188205f08210c4d063074d44852 to remote] DEBUG org.asynchttpclient.netty.request.NettyRequestSender - Using open Channel [id: 0x57936788, L:/127.0.0.1:49727 - R:localhost/127.0.0.1:61406] for GET '/session/8cee2188205f08210c4d063074d44852/screenshot'
18:18:45.719 [AsyncHttpClient-1-3] DEBUG org.asynchttpclient.netty.handler.HttpHandler - 

Request DefaultFullHttpRequest(decodeResult: success, version: HTTP/1.1, content: EmptyByteBufBE)
GET /session/8cee2188205f08210c4d063074d44852/screenshot HTTP/1.1
User-Agent: selenium/4.1.2 (java windows)
Cache-Control: no-cache
Content-Type: application/json; charset=utf-8
host: localhost:61406
accept: */*

Response DefaultHttpResponse(decodeResult: success, version: HTTP/1.1)
HTTP/1.1 200 OK
Content-Type: application/json; charset=utf-8
cache-control: no-cache
content-length: 38788

18:18:45.719 [AsyncHttpClient-1-3] DEBUG org.asynchttpclient.netty.channel.ChannelManager - Adding key: http://localhost:61406 for channel [id: 0x57936788, L:/127.0.0.1:49727 - R:localhost/127.0.0.1:61406]
18:18:45.720 [main] DEBUG net.serenitybdd.core.photography.Darkroom - Send negative for processing for target\site\serenity\b322ff3d912f9ca5e4e6e2e9746c8d50af858c22655c139f4d9524b02690cdf5.png
18:18:45.721 [Darkroom Processing Line] DEBUG net.serenitybdd.core.photography.DarkroomProcessingLine - Processing screenshot image in /var/screenshots/screenshot-5927973230527547267
18:18:45.721 [Darkroom Processing Line] DEBUG net.serenitybdd.core.photography.DarkroomProcessingLine - Saving screenshot to target\site\serenity\b322ff3d912f9ca5e4e6e2e9746c8d50af858c22655c139f4d9524b02690cdf5.png
18:18:45.729 [Forwarding findElement on session 8cee2188205f08210c4d063074d44852 to remote] DEBUG org.asynchttpclient.netty.request.NettyRequestSender - Using pooled Channel '[id: 0x57936788, L:/127.0.0.1:49727 - R:localhost/127.0.0.1:61406]' for 'POST' to 'http://localhost:61406/session/8cee2188205f08210c4d063074d44852/element'
18:18:45.729 [Forwarding findElement on session 8cee2188205f08210c4d063074d44852 to remote] DEBUG org.asynchttpclient.netty.request.NettyRequestSender - Using open Channel [id: 0x57936788, L:/127.0.0.1:49727 - R:localhost/127.0.0.1:61406] for POST '/session/8cee2188205f08210c4d063074d44852/element'
18:18:45.739 [AsyncHttpClient-1-3] DEBUG org.asynchttpclient.netty.handler.HttpHandler - 

Request DefaultHttpRequest(decodeResult: success, version: HTTP/1.1)
POST /session/8cee2188205f08210c4d063074d44852/element HTTP/1.1
User-Agent: selenium/4.1.2 (java windows)
Content-Length: 88
Content-Type: application/json; charset=utf-8
host: localhost:61406
accept: */*

Response DefaultHttpResponse(decodeResult: success, version: HTTP/1.1)
HTTP/1.1 200 OK
Content-Type: application/json; charset=utf-8
cache-control: no-cache
content-length: 88

18:18:45.739 [AsyncHttpClient-1-3] DEBUG org.asynchttpclient.netty.channel.ChannelManager - Adding key: http://localhost:61406 for channel [id: 0x57936788, L:/127.0.0.1:49727 - R:localhost/127.0.0.1:61406]
18:18:45.741 [Forwarding clearElement on session 8cee2188205f08210c4d063074d44852 to remote] DEBUG org.asynchttpclient.netty.request.NettyRequestSender - Using pooled Channel '[id: 0x57936788, L:/127.0.0.1:49727 - R:localhost/127.0.0.1:61406]' for 'POST' to 'http://localhost:61406/session/8cee2188205f08210c4d063074d44852/element/44df1fb5-660d-463b-9309-70f3a2566603/clear'
18:18:45.741 [Forwarding clearElement on session 8cee2188205f08210c4d063074d44852 to remote] DEBUG org.asynchttpclient.netty.request.NettyRequestSender - Using open Channel [id: 0x57936788, L:/127.0.0.1:49727 - R:localhost/127.0.0.1:61406] for POST '/session/8cee2188205f08210c4d063074d44852/element/44df1fb5-660d-463b-9309-70f3a2566603/clear'
18:18:45.770 [AsyncHttpClient-1-3] DEBUG org.asynchttpclient.netty.handler.HttpHandler - 

Request DefaultHttpRequest(decodeResult: success, version: HTTP/1.1)
POST /session/8cee2188205f08210c4d063074d44852/element/44df1fb5-660d-463b-9309-70f3a2566603/clear HTTP/1.1
User-Agent: selenium/4.1.2 (java windows)
Content-Length: 50
Content-Type: application/json; charset=utf-8
host: localhost:61406
accept: */*

Response DefaultHttpResponse(decodeResult: success, version: HTTP/1.1)
HTTP/1.1 200 OK
Content-Type: application/json; charset=utf-8
cache-control: no-cache
content-length: 14

18:18:45.770 [AsyncHttpClient-1-3] DEBUG org.asynchttpclient.netty.channel.ChannelManager - Adding key: http://localhost:61406 for channel [id: 0x57936788, L:/127.0.0.1:49727 - R:localhost/127.0.0.1:61406]
18:18:45.771 [Forwarding sendKeysToElement on session 8cee2188205f08210c4d063074d44852 to remote] DEBUG org.asynchttpclient.netty.request.NettyRequestSender - Using pooled Channel '[id: 0x57936788, L:/127.0.0.1:49727 - R:localhost/127.0.0.1:61406]' for 'POST' to 'http://localhost:61406/session/8cee2188205f08210c4d063074d44852/element/44df1fb5-660d-463b-9309-70f3a2566603/value'
18:18:45.771 [Forwarding sendKeysToElement on session 8cee2188205f08210c4d063074d44852 to remote] DEBUG org.asynchttpclient.netty.request.NettyRequestSender - Using open Channel [id: 0x57936788, L:/127.0.0.1:49727 - R:localhost/127.0.0.1:61406] for POST '/session/8cee2188205f08210c4d063074d44852/element/44df1fb5-660d-463b-9309-70f3a2566603/value'
18:18:45.908 [AsyncHttpClient-1-3] DEBUG org.asynchttpclient.netty.handler.HttpHandler - 

Request DefaultHttpRequest(decodeResult: success, version: HTTP/1.1)
POST /session/8cee2188205f08210c4d063074d44852/element/44df1fb5-660d-463b-9309-70f3a2566603/value HTTP/1.1
User-Agent: selenium/4.1.2 (java windows)
Content-Length: 361
Content-Type: application/json; charset=utf-8
host: localhost:61406
accept: */*

Response DefaultHttpResponse(decodeResult: success, version: HTTP/1.1)
HTTP/1.1 200 OK
Content-Type: application/json; charset=utf-8
cache-control: no-cache
content-length: 14

18:18:45.908 [AsyncHttpClient-1-3] DEBUG org.asynchttpclient.netty.channel.ChannelManager - Adding key: http://localhost:61406 for channel [id: 0x57936788, L:/127.0.0.1:49727 - R:localhost/127.0.0.1:61406]
  &amp#27;[32mAnd &amp#27;[0m&amp#27;[32mI input new &amp#27;[0m&amp#27;[32m&amp#27;[1m""&amp#27;[0m&amp#27;[32m email&amp#27;[0m                      &amp#27;[90m# starter.stepdefinitions.RegisterStep.iInputNewEmail(java.lang.String)&amp#27;[0m
18:18:45.912 [Forwarding screenshot on session 8cee2188205f08210c4d063074d44852 to remote] DEBUG org.asynchttpclient.netty.request.NettyRequestSender - Using pooled Channel '[id: 0x57936788, L:/127.0.0.1:49727 - R:localhost/127.0.0.1:61406]' for 'GET' to 'http://localhost:61406/session/8cee2188205f08210c4d063074d44852/screenshot'
18:18:45.912 [Forwarding screenshot on session 8cee2188205f08210c4d063074d44852 to remote] DEBUG org.asynchttpclient.netty.request.NettyRequestSender - Using open Channel [id: 0x57936788, L:/127.0.0.1:49727 - R:localhost/127.0.0.1:61406] for GET '/session/8cee2188205f08210c4d063074d44852/screenshot'
18:18:46.066 [AsyncHttpClient-1-3] DEBUG org.asynchttpclient.netty.handler.HttpHandler - 

Request DefaultFullHttpRequest(decodeResult: success, version: HTTP/1.1, content: EmptyByteBufBE)
GET /session/8cee2188205f08210c4d063074d44852/screenshot HTTP/1.1
User-Agent: selenium/4.1.2 (java windows)
Cache-Control: no-cache
Content-Type: application/json; charset=utf-8
host: localhost:61406
accept: */*

Response DefaultHttpResponse(decodeResult: success, version: HTTP/1.1)
HTTP/1.1 200 OK
Content-Type: application/json; charset=utf-8
cache-control: no-cache
content-length: 47280

18:18:46.066 [AsyncHttpClient-1-3] DEBUG org.asynchttpclient.netty.channel.ChannelManager - Adding key: http://localhost:61406 for channel [id: 0x57936788, L:/127.0.0.1:49727 - R:localhost/127.0.0.1:61406]
18:18:46.068 [main] DEBUG net.serenitybdd.core.photography.Darkroom - Send negative for processing for target\site\serenity\309678004774f2d85ed220fe520ae4967a65f07dd337806f9f40019685a8bf18.png
18:18:46.068 [Darkroom Processing Line] DEBUG net.serenitybdd.core.photography.DarkroomProcessingLine - Processing screenshot image in /var/screenshots/screenshot-8209858244922521109
18:18:46.068 [Darkroom Processing Line] DEBUG net.serenitybdd.core.photography.DarkroomProcessingLine - Saving screenshot to target\site\serenity\309678004774f2d85ed220fe520ae4967a65f07dd337806f9f40019685a8bf18.png
18:18:46.075 [Forwarding findElement on session 8cee2188205f08210c4d063074d44852 to remote] DEBUG org.asynchttpclient.netty.request.NettyRequestSender - Using pooled Channel '[id: 0x57936788, L:/127.0.0.1:49727 - R:localhost/127.0.0.1:61406]' for 'POST' to 'http://localhost:61406/session/8cee2188205f08210c4d063074d44852/element'
18:18:46.075 [Forwarding findElement on session 8cee2188205f08210c4d063074d44852 to remote] DEBUG org.asynchttpclient.netty.request.NettyRequestSender - Using open Channel [id: 0x57936788, L:/127.0.0.1:49727 - R:localhost/127.0.0.1:61406] for POST '/session/8cee2188205f08210c4d063074d44852/element'
18:18:46.084 [AsyncHttpClient-1-3] DEBUG org.asynchttpclient.netty.handler.HttpHandler - 

Request DefaultHttpRequest(decodeResult: success, version: HTTP/1.1)
POST /session/8cee2188205f08210c4d063074d44852/element HTTP/1.1
User-Agent: selenium/4.1.2 (java windows)
Content-Length: 91
Content-Type: application/json; charset=utf-8
host: localhost:61406
accept: */*

Response DefaultHttpResponse(decodeResult: success, version: HTTP/1.1)
HTTP/1.1 200 OK
Content-Type: application/json; charset=utf-8
cache-control: no-cache
content-length: 88

18:18:46.084 [AsyncHttpClient-1-3] DEBUG org.asynchttpclient.netty.channel.ChannelManager - Adding key: http://localhost:61406 for channel [id: 0x57936788, L:/127.0.0.1:49727 - R:localhost/127.0.0.1:61406]
18:18:46.085 [Forwarding clearElement on session 8cee2188205f08210c4d063074d44852 to remote] DEBUG org.asynchttpclient.netty.request.NettyRequestSender - Using pooled Channel '[id: 0x57936788, L:/127.0.0.1:49727 - R:localhost/127.0.0.1:61406]' for 'POST' to 'http://localhost:61406/session/8cee2188205f08210c4d063074d44852/element/bce940bc-8122-4c0e-8137-c41a75dd6fad/clear'
18:18:46.085 [Forwarding clearElement on session 8cee2188205f08210c4d063074d44852 to remote] DEBUG org.asynchttpclient.netty.request.NettyRequestSender - Using open Channel [id: 0x57936788, L:/127.0.0.1:49727 - R:localhost/127.0.0.1:61406] for POST '/session/8cee2188205f08210c4d063074d44852/element/bce940bc-8122-4c0e-8137-c41a75dd6fad/clear'
18:18:46.112 [AsyncHttpClient-1-3] DEBUG org.asynchttpclient.netty.handler.HttpHandler - 

Request DefaultHttpRequest(decodeResult: success, version: HTTP/1.1)
POST /session/8cee2188205f08210c4d063074d44852/element/bce940bc-8122-4c0e-8137-c41a75dd6fad/clear HTTP/1.1
User-Agent: selenium/4.1.2 (java windows)
Content-Length: 50
Content-Type: application/json; charset=utf-8
host: localhost:61406
accept: */*

Response DefaultHttpResponse(decodeResult: success, version: HTTP/1.1)
HTTP/1.1 200 OK
Content-Type: application/json; charset=utf-8
cache-control: no-cache
content-length: 14

18:18:46.112 [AsyncHttpClient-1-3] DEBUG org.asynchttpclient.netty.channel.ChannelManager - Adding key: http://localhost:61406 for channel [id: 0x57936788, L:/127.0.0.1:49727 - R:localhost/127.0.0.1:61406]
18:18:46.113 [Forwarding sendKeysToElement on session 8cee2188205f08210c4d063074d44852 to remote] DEBUG org.asynchttpclient.netty.request.NettyRequestSender - Using pooled Channel '[id: 0x57936788, L:/127.0.0.1:49727 - R:localhost/127.0.0.1:61406]' for 'POST' to 'http://localhost:61406/session/8cee2188205f08210c4d063074d44852/element/bce940bc-8122-4c0e-8137-c41a75dd6fad/value'
18:18:46.113 [Forwarding sendKeysToElement on session 8cee2188205f08210c4d063074d44852 to remote] DEBUG org.asynchttpclient.netty.request.NettyRequestSender - Using open Channel [id: 0x57936788, L:/127.0.0.1:49727 - R:localhost/127.0.0.1:61406] for POST '/session/8cee2188205f08210c4d063074d44852/element/bce940bc-8122-4c0e-8137-c41a75dd6fad/value'
18:18:46.168 [AsyncHttpClient-1-3] DEBUG org.asynchttpclient.netty.handler.HttpHandler - 

Request DefaultHttpRequest(decodeResult: success, version: HTTP/1.1)
POST /session/8cee2188205f08210c4d063074d44852/element/bce940bc-8122-4c0e-8137-c41a75dd6fad/value HTTP/1.1
User-Agent: selenium/4.1.2 (java windows)
Content-Length: 151
Content-Type: application/json; charset=utf-8
host: localhost:61406
accept: */*

Response DefaultHttpResponse(decodeResult: success, version: HTTP/1.1)
HTTP/1.1 200 OK
Content-Type: application/json; charset=utf-8
cache-control: no-cache
content-length: 14

18:18:46.169 [AsyncHttpClient-1-3] DEBUG org.asynchttpclient.netty.channel.ChannelManager - Adding key: http://localhost:61406 for channel [id: 0x57936788, L:/127.0.0.1:49727 - R:localhost/127.0.0.1:61406]
  &amp#27;[32mAnd &amp#27;[0m&amp#27;[32mI input new &amp#27;[0m&amp#27;[32m&amp#27;[1m"rilaaar"&amp#27;[0m&amp#27;[32m password&amp#27;[0m            &amp#27;[90m# starter.stepdefinitions.RegisterStep.iInputNewPassword(java.lang.String)&amp#27;[0m
18:18:46.172 [Forwarding screenshot on session 8cee2188205f08210c4d063074d44852 to remote] DEBUG org.asynchttpclient.netty.request.NettyRequestSender - Using pooled Channel '[id: 0x57936788, L:/127.0.0.1:49727 - R:localhost/127.0.0.1:61406]' for 'GET' to 'http://localhost:61406/session/8cee2188205f08210c4d063074d44852/screenshot'
18:18:46.172 [Forwarding screenshot on session 8cee2188205f08210c4d063074d44852 to remote] DEBUG org.asynchttpclient.netty.request.NettyRequestSender - Using open Channel [id: 0x57936788, L:/127.0.0.1:49727 - R:localhost/127.0.0.1:61406] for GET '/session/8cee2188205f08210c4d063074d44852/screenshot'
18:18:46.310 [AsyncHttpClient-1-3] DEBUG org.asynchttpclient.netty.handler.HttpHandler - 

Request DefaultFullHttpRequest(decodeResult: success, version: HTTP/1.1, content: EmptyByteBufBE)
GET /session/8cee2188205f08210c4d063074d44852/screenshot HTTP/1.1
User-Agent: selenium/4.1.2 (java windows)
Cache-Control: no-cache
Content-Type: application/json; charset=utf-8
host: localhost:61406
accept: */*

Response DefaultHttpResponse(decodeResult: success, version: HTTP/1.1)
HTTP/1.1 200 OK
Content-Type: application/json; charset=utf-8
cache-control: no-cache
content-length: 47884

18:18:46.310 [AsyncHttpClient-1-3] DEBUG org.asynchttpclient.netty.channel.ChannelManager - Adding key: http://localhost:61406 for channel [id: 0x57936788, L:/127.0.0.1:49727 - R:localhost/127.0.0.1:61406]
18:18:46.311 [main] DEBUG net.serenitybdd.core.photography.Darkroom - Send negative for processing for target\site\serenity\e8fc1ff38b1267b206e37eec329f3777cbc2f3bb290e0e61312822f2bc7ed5ec.png
18:18:46.311 [Darkroom Processing Line] DEBUG net.serenitybdd.core.photography.DarkroomProcessingLine - Processing screenshot image in /var/screenshots/screenshot-9739134360869678540
18:18:46.311 [Darkroom Processing Line] DEBUG net.serenitybdd.core.photography.DarkroomProcessingLine - Saving screenshot to target\site\serenity\e8fc1ff38b1267b206e37eec329f3777cbc2f3bb290e0e61312822f2bc7ed5ec.png
18:18:46.315 [Forwarding findElement on session 8cee2188205f08210c4d063074d44852 to remote] DEBUG org.asynchttpclient.netty.request.NettyRequestSender - Using pooled Channel '[id: 0x57936788, L:/127.0.0.1:49727 - R:localhost/127.0.0.1:61406]' for 'POST' to 'http://localhost:61406/session/8cee2188205f08210c4d063074d44852/element'
18:18:46.315 [Forwarding findElement on session 8cee2188205f08210c4d063074d44852 to remote] DEBUG org.asynchttpclient.netty.request.NettyRequestSender - Using open Channel [id: 0x57936788, L:/127.0.0.1:49727 - R:localhost/127.0.0.1:61406] for POST '/session/8cee2188205f08210c4d063074d44852/element'
18:18:46.326 [AsyncHttpClient-1-3] DEBUG org.asynchttpclient.netty.handler.HttpHandler - 

Request DefaultHttpRequest(decodeResult: success, version: HTTP/1.1)
POST /session/8cee2188205f08210c4d063074d44852/element HTTP/1.1
User-Agent: selenium/4.1.2 (java windows)
Content-Length: 121
Content-Type: application/json; charset=utf-8
host: localhost:61406
accept: */*

Response DefaultHttpResponse(decodeResult: success, version: HTTP/1.1)
HTTP/1.1 200 OK
Content-Type: application/json; charset=utf-8
cache-control: no-cache
content-length: 88

18:18:46.326 [AsyncHttpClient-1-3] DEBUG org.asynchttpclient.netty.channel.ChannelManager - Adding key: http://localhost:61406 for channel [id: 0x57936788, L:/127.0.0.1:49727 - R:localhost/127.0.0.1:61406]
18:18:46.327 [Forwarding getElementTagName on session 8cee2188205f08210c4d063074d44852 to remote] DEBUG org.asynchttpclient.netty.request.NettyRequestSender - Using pooled Channel '[id: 0x57936788, L:/127.0.0.1:49727 - R:localhost/127.0.0.1:61406]' for 'GET' to 'http://localhost:61406/session/8cee2188205f08210c4d063074d44852/element/e94ea26b-98e6-4753-920b-eb08cd2a0659/name'
18:18:46.327 [Forwarding getElementTagName on session 8cee2188205f08210c4d063074d44852 to remote] DEBUG org.asynchttpclient.netty.request.NettyRequestSender - Using open Channel [id: 0x57936788, L:/127.0.0.1:49727 - R:localhost/127.0.0.1:61406] for GET '/session/8cee2188205f08210c4d063074d44852/element/e94ea26b-98e6-4753-920b-eb08cd2a0659/name'
18:18:46.331 [AsyncHttpClient-1-3] DEBUG org.asynchttpclient.netty.handler.HttpHandler - 

Request DefaultFullHttpRequest(decodeResult: success, version: HTTP/1.1, content: EmptyByteBufBE)
GET /session/8cee2188205f08210c4d063074d44852/element/e94ea26b-98e6-4753-920b-eb08cd2a0659/name HTTP/1.1
User-Agent: selenium/4.1.2 (java windows)
Cache-Control: no-cache
Content-Type: application/json; charset=utf-8
host: localhost:61406
accept: */*

Response DefaultHttpResponse(decodeResult: success, version: HTTP/1.1)
HTTP/1.1 200 OK
Content-Type: application/json; charset=utf-8
cache-control: no-cache
content-length: 16

18:18:46.331 [AsyncHttpClient-1-3] DEBUG org.asynchttpclient.netty.channel.ChannelManager - Adding key: http://localhost:61406 for channel [id: 0x57936788, L:/127.0.0.1:49727 - R:localhost/127.0.0.1:61406]
18:18:46.332 [Forwarding getElementTagName on session 8cee2188205f08210c4d063074d44852 to remote] DEBUG org.asynchttpclient.netty.request.NettyRequestSender - Using pooled Channel '[id: 0x57936788, L:/127.0.0.1:49727 - R:localhost/127.0.0.1:61406]' for 'GET' to 'http://localhost:61406/session/8cee2188205f08210c4d063074d44852/element/e94ea26b-98e6-4753-920b-eb08cd2a0659/name'
18:18:46.332 [Forwarding getElementTagName on session 8cee2188205f08210c4d063074d44852 to remote] DEBUG org.asynchttpclient.netty.request.NettyRequestSender - Using open Channel [id: 0x57936788, L:/127.0.0.1:49727 - R:localhost/127.0.0.1:61406] for GET '/session/8cee2188205f08210c4d063074d44852/element/e94ea26b-98e6-4753-920b-eb08cd2a0659/name'
18:18:46.336 [AsyncHttpClient-1-3] DEBUG org.asynchttpclient.netty.handler.HttpHandler - 

Request DefaultFullHttpRequest(decodeResult: success, version: HTTP/1.1, content: EmptyByteBufBE)
GET /session/8cee2188205f08210c4d063074d44852/element/e94ea26b-98e6-4753-920b-eb08cd2a0659/name HTTP/1.1
User-Agent: selenium/4.1.2 (java windows)
Cache-Control: no-cache
Content-Type: application/json; charset=utf-8
host: localhost:61406
accept: */*

Response DefaultHttpResponse(decodeResult: success, version: HTTP/1.1)
HTTP/1.1 200 OK
Content-Type: application/json; charset=utf-8
cache-control: no-cache
content-length: 16

18:18:46.336 [AsyncHttpClient-1-3] DEBUG org.asynchttpclient.netty.channel.ChannelManager - Adding key: http://localhost:61406 for channel [id: 0x57936788, L:/127.0.0.1:49727 - R:localhost/127.0.0.1:61406]
18:18:46.336 [Forwarding findElement on session 8cee2188205f08210c4d063074d44852 to remote] DEBUG org.asynchttpclient.netty.request.NettyRequestSender - Using pooled Channel '[id: 0x57936788, L:/127.0.0.1:49727 - R:localhost/127.0.0.1:61406]' for 'POST' to 'http://localhost:61406/session/8cee2188205f08210c4d063074d44852/element'
18:18:46.336 [Forwarding findElement on session 8cee2188205f08210c4d063074d44852 to remote] DEBUG org.asynchttpclient.netty.request.NettyRequestSender - Using open Channel [id: 0x57936788, L:/127.0.0.1:49727 - R:localhost/127.0.0.1:61406] for POST '/session/8cee2188205f08210c4d063074d44852/element'
18:18:46.344 [AsyncHttpClient-1-3] DEBUG org.asynchttpclient.netty.handler.HttpHandler - 

Request DefaultHttpRequest(decodeResult: success, version: HTTP/1.1)
POST /session/8cee2188205f08210c4d063074d44852/element HTTP/1.1
User-Agent: selenium/4.1.2 (java windows)
Content-Length: 121
Content-Type: application/json; charset=utf-8
host: localhost:61406
accept: */*

Response DefaultHttpResponse(decodeResult: success, version: HTTP/1.1)
HTTP/1.1 200 OK
Content-Type: application/json; charset=utf-8
cache-control: no-cache
content-length: 88

18:18:46.344 [AsyncHttpClient-1-3] DEBUG org.asynchttpclient.netty.channel.ChannelManager - Adding key: http://localhost:61406 for channel [id: 0x57936788, L:/127.0.0.1:49727 - R:localhost/127.0.0.1:61406]
18:18:46.344 [Forwarding clickElement on session 8cee2188205f08210c4d063074d44852 to remote] DEBUG org.asynchttpclient.netty.request.NettyRequestSender - Using pooled Channel '[id: 0x57936788, L:/127.0.0.1:49727 - R:localhost/127.0.0.1:61406]' for 'POST' to 'http://localhost:61406/session/8cee2188205f08210c4d063074d44852/element/e94ea26b-98e6-4753-920b-eb08cd2a0659/click'
18:18:46.344 [Forwarding clickElement on session 8cee2188205f08210c4d063074d44852 to remote] DEBUG org.asynchttpclient.netty.request.NettyRequestSender - Using open Channel [id: 0x57936788, L:/127.0.0.1:49727 - R:localhost/127.0.0.1:61406] for POST '/session/8cee2188205f08210c4d063074d44852/element/e94ea26b-98e6-4753-920b-eb08cd2a0659/click'
18:18:46.378 [AsyncHttpClient-1-3] DEBUG org.asynchttpclient.netty.handler.HttpHandler - 

Request DefaultHttpRequest(decodeResult: success, version: HTTP/1.1)
POST /session/8cee2188205f08210c4d063074d44852/element/e94ea26b-98e6-4753-920b-eb08cd2a0659/click HTTP/1.1
User-Agent: selenium/4.1.2 (java windows)
Content-Length: 50
Content-Type: application/json; charset=utf-8
host: localhost:61406
accept: */*

Response DefaultHttpResponse(decodeResult: success, version: HTTP/1.1)
HTTP/1.1 200 OK
Content-Type: application/json; charset=utf-8
cache-control: no-cache
content-length: 14

18:18:46.378 [AsyncHttpClient-1-3] DEBUG org.asynchttpclient.netty.channel.ChannelManager - Adding key: http://localhost:61406 for channel [id: 0x57936788, L:/127.0.0.1:49727 - R:localhost/127.0.0.1:61406]
  &amp#27;[32mAnd &amp#27;[0m&amp#27;[32mI click Register button&amp#27;[0m                   &amp#27;[90m# starter.stepdefinitions.RegisterStep.iClickRegisterButton()&amp#27;[0m
18:18:46.382 [Forwarding screenshot on session 8cee2188205f08210c4d063074d44852 to remote] DEBUG org.asynchttpclient.netty.request.NettyRequestSender - Using pooled Channel '[id: 0x57936788, L:/127.0.0.1:49727 - R:localhost/127.0.0.1:61406]' for 'GET' to 'http://localhost:61406/session/8cee2188205f08210c4d063074d44852/screenshot'
18:18:46.382 [Forwarding screenshot on session 8cee2188205f08210c4d063074d44852 to remote] DEBUG org.asynchttpclient.netty.request.NettyRequestSender - Using open Channel [id: 0x57936788, L:/127.0.0.1:49727 - R:localhost/127.0.0.1:61406] for GET '/session/8cee2188205f08210c4d063074d44852/screenshot'
18:18:46.487 [AsyncHttpClient-1-1] DEBUG org.asynchttpclient.netty.channel.DefaultChannelPool - Entry count for : http://localhost:49728 : 1
18:18:46.494 [AsyncHttpClient-1-3] DEBUG org.asynchttpclient.netty.handler.HttpHandler - 

Request DefaultFullHttpRequest(decodeResult: success, version: HTTP/1.1, content: EmptyByteBufBE)
GET /session/8cee2188205f08210c4d063074d44852/screenshot HTTP/1.1
User-Agent: selenium/4.1.2 (java windows)
Cache-Control: no-cache
Content-Type: application/json; charset=utf-8
host: localhost:61406
accept: */*

Response DefaultHttpResponse(decodeResult: success, version: HTTP/1.1)
HTTP/1.1 200 OK
Content-Type: application/json; charset=utf-8
cache-control: no-cache
content-length: 47472

18:18:46.494 [AsyncHttpClient-1-3] DEBUG org.asynchttpclient.netty.channel.ChannelManager - Adding key: http://localhost:61406 for channel [id: 0x57936788, L:/127.0.0.1:49727 - R:localhost/127.0.0.1:61406]
18:18:46.495 [main] DEBUG net.serenitybdd.core.photography.Darkroom - Send negative for processing for target\site\serenity\326138cc6fb66e6a43e3463ffd11c2956e5af141d68053c8d31d4b61ec2013e5.png
18:18:46.495 [Darkroom Processing Line] DEBUG net.serenitybdd.core.photography.DarkroomProcessingLine - Processing screenshot image in /var/screenshots/screenshot-3632019226747327776
18:18:46.495 [Darkroom Processing Line] DEBUG net.serenitybdd.core.photography.DarkroomProcessingLine - Saving screenshot to target\site\serenity\326138cc6fb66e6a43e3463ffd11c2956e5af141d68053c8d31d4b61ec2013e5.png
18:18:46.499 [Forwarding findElement on session 8cee2188205f08210c4d063074d44852 to remote] DEBUG org.asynchttpclient.netty.request.NettyRequestSender - Using pooled Channel '[id: 0x57936788, L:/127.0.0.1:49727 - R:localhost/127.0.0.1:61406]' for 'POST' to 'http://localhost:61406/session/8cee2188205f08210c4d063074d44852/element'
18:18:46.499 [Forwarding findElement on session 8cee2188205f08210c4d063074d44852 to remote] DEBUG org.asynchttpclient.netty.request.NettyRequestSender - Using open Channel [id: 0x57936788, L:/127.0.0.1:49727 - R:localhost/127.0.0.1:61406] for POST '/session/8cee2188205f08210c4d063074d44852/element'
18:18:46.960 [AsyncHttpClient-1-3] DEBUG org.asynchttpclient.netty.handler.HttpHandler - 

Request DefaultHttpRequest(decodeResult: success, version: HTTP/1.1)
POST /session/8cee2188205f08210c4d063074d44852/element HTTP/1.1
User-Agent: selenium/4.1.2 (java windows)
Content-Length: 83
Content-Type: application/json; charset=utf-8
host: localhost:61406
accept: */*

Response DefaultHttpResponse(decodeResult: success, version: HTTP/1.1)
HTTP/1.1 200 OK
Content-Type: application/json; charset=utf-8
cache-control: no-cache
content-length: 88

18:18:46.960 [AsyncHttpClient-1-3] DEBUG org.asynchttpclient.netty.channel.ChannelManager - Adding key: http://localhost:61406 for channel [id: 0x57936788, L:/127.0.0.1:49727 - R:localhost/127.0.0.1:61406]
18:18:46.962 [Forwarding isElementDisplayed on session 8cee2188205f08210c4d063074d44852 to remote] DEBUG org.asynchttpclient.netty.request.NettyRequestSender - Using pooled Channel '[id: 0x57936788, L:/127.0.0.1:49727 - R:localhost/127.0.0.1:61406]' for 'POST' to 'http://localhost:61406/session/8cee2188205f08210c4d063074d44852/execute/sync'
18:18:46.962 [Forwarding isElementDisplayed on session 8cee2188205f08210c4d063074d44852 to remote] DEBUG org.asynchttpclient.netty.request.NettyRequestSender - Using open Channel [id: 0x57936788, L:/127.0.0.1:49727 - R:localhost/127.0.0.1:61406] for POST '/session/8cee2188205f08210c4d063074d44852/execute/sync'
18:18:46.972 [AsyncHttpClient-1-3] DEBUG org.asynchttpclient.netty.handler.HttpHandler - 

Request DefaultHttpRequest(decodeResult: success, version: HTTP/1.1)
POST /session/8cee2188205f08210c4d063074d44852/execute/sync HTTP/1.1
User-Agent: selenium/4.1.2 (java windows)
Content-Length: 48780
Content-Type: application/json; charset=utf-8
host: localhost:61406
accept: */*

Response DefaultHttpResponse(decodeResult: success, version: HTTP/1.1)
HTTP/1.1 200 OK
Content-Type: application/json; charset=utf-8
cache-control: no-cache
content-length: 14

18:18:46.973 [AsyncHttpClient-1-3] DEBUG org.asynchttpclient.netty.channel.ChannelManager - Adding key: http://localhost:61406 for channel [id: 0x57936788, L:/127.0.0.1:49727 - R:localhost/127.0.0.1:61406]
  &amp#27;[32mThen &amp#27;[0m&amp#27;[32mI will get the &amp#27;[0m&amp#27;[32m&amp#27;[1m"Success register"&amp#27;[0m&amp#27;[32m result&amp#27;[0m &amp#27;[90m# starter.stepdefinitions.RegisterStep.iWillGetTheResult(java.lang.String)&amp#27;[0m
18:18:46.977 [Forwarding screenshot on session 8cee2188205f08210c4d063074d44852 to remote] DEBUG org.asynchttpclient.netty.request.NettyRequestSender - Using pooled Channel '[id: 0x57936788, L:/127.0.0.1:49727 - R:localhost/127.0.0.1:61406]' for 'GET' to 'http://localhost:61406/session/8cee2188205f08210c4d063074d44852/screenshot'
18:18:46.977 [Forwarding screenshot on session 8cee2188205f08210c4d063074d44852 to remote] DEBUG org.asynchttpclient.netty.request.NettyRequestSender - Using open Channel [id: 0x57936788, L:/127.0.0.1:49727 - R:localhost/127.0.0.1:61406] for GET '/session/8cee2188205f08210c4d063074d44852/screenshot'
18:18:47.083 [AsyncHttpClient-1-3] DEBUG org.asynchttpclient.netty.handler.HttpHandler - 

Request DefaultFullHttpRequest(decodeResult: success, version: HTTP/1.1, content: EmptyByteBufBE)
GET /session/8cee2188205f08210c4d063074d44852/screenshot HTTP/1.1
User-Agent: selenium/4.1.2 (java windows)
Cache-Control: no-cache
Content-Type: application/json; charset=utf-8
host: localhost:61406
accept: */*

Response DefaultHttpResponse(decodeResult: success, version: HTTP/1.1)
HTTP/1.1 200 OK
Content-Type: application/json; charset=utf-8
cache-control: no-cache
content-length: 32092

18:18:47.083 [AsyncHttpClient-1-3] DEBUG org.asynchttpclient.netty.channel.ChannelManager - Adding key: http://localhost:61406 for channel [id: 0x57936788, L:/127.0.0.1:49727 - R:localhost/127.0.0.1:61406]
18:18:47.084 [main] DEBUG net.serenitybdd.core.photography.Darkroom - Send negative for processing for target\site\serenity\526506dd6ab1327a8c13c7219b02e3b6004e0f5a7897cddc577f51027750fae5.png
18:18:47.091 [AsyncHttpClient-1-5] DEBUG org.asynchttpclient.netty.handler.WebSocketHandler - Channel Closed: [id: 0xab1ef2a0, L:/127.0.0.1:49741 ! R:localhost/127.0.0.1:49728] with attribute NettyResponseFuture{currentRetry=5,
	isDone=1,
	isCancelled=0,
	asyncHandler=org.asynchttpclient.ws.WebSocketUpgradeHandler@b8c209a,
	nettyRequest=org.asynchttpclient.netty.request.NettyRequest@f9d863a,
	future=java.util.concurrent.CompletableFuture@55adfc15[Completed normally],
	uri=ws://localhost:49728/devtools/browser/925e232d-25ca-4432-a9c6-64b98dabf927,
	keepAlive=true,
	redirectCount=0,
	timeoutsHolder=null,
	inAuth=0,
	touch=1667560723710}
18:18:47.091 [AsyncHttpClient-1-5] DEBUG org.asynchttpclient.netty.channel.ChannelManager - Closing Channel [id: 0xab1ef2a0, L:/127.0.0.1:49741 ! R:localhost/127.0.0.1:49728] 
18:18:47.091 [Driver Command Executor] DEBUG org.asynchttpclient.netty.request.NettyRequestSender - Using pooled Channel '[id: 0x57936788, L:/127.0.0.1:49727 - R:localhost/127.0.0.1:61406]' for 'DELETE' to 'http://localhost:61406/session/8cee2188205f08210c4d063074d44852'
18:18:47.091 [Driver Command Executor] DEBUG org.asynchttpclient.netty.request.NettyRequestSender - Using open Channel [id: 0x57936788, L:/127.0.0.1:49727 - R:localhost/127.0.0.1:61406] for DELETE '/session/8cee2188205f08210c4d063074d44852'
18:18:47.151 [AsyncHttpClient-1-4] DEBUG org.asynchttpclient.netty.handler.HttpHandler - Unexpected I/O exception on channel [id: 0x9bdd4d3a, L:/127.0.0.1:49740 - R:localhost/127.0.0.1:49728]
java.io.IOException: An existing connection was forcibly closed by the remote host
	at java.base/sun.nio.ch.SocketDispatcher.read0(Native Method)
	at java.base/sun.nio.ch.SocketDispatcher.read(SocketDispatcher.java:43)
	at java.base/sun.nio.ch.IOUtil.readIntoNativeBuffer(IOUtil.java:276)
	at java.base/sun.nio.ch.IOUtil.read(IOUtil.java:233)
	at java.base/sun.nio.ch.IOUtil.read(IOUtil.java:223)
	at java.base/sun.nio.ch.SocketChannelImpl.read(SocketChannelImpl.java:358)
	at io.netty.buffer.PooledByteBuf.setBytes(PooledByteBuf.java:258)
	at io.netty.buffer.AbstractByteBuf.writeBytes(AbstractByteBuf.java:1132)
	at io.netty.channel.socket.nio.NioSocketChannel.doReadBytes(NioSocketChannel.java:350)
	at io.netty.channel.nio.AbstractNioByteChannel$NioByteUnsafe.read(AbstractNioByteChannel.java:151)
	at io.netty.channel.nio.NioEventLoop.processSelectedKey(NioEventLoop.java:722)
	at io.netty.channel.nio.NioEventLoop.processSelectedKeysOptimized(NioEventLoop.java:658)
	at io.netty.channel.nio.NioEventLoop.processSelectedKeys(NioEventLoop.java:584)
	at io.netty.channel.nio.NioEventLoop.run(NioEventLoop.java:496)
	at io.netty.util.concurrent.SingleThreadEventExecutor$4.run(SingleThreadEventExecutor.java:986)
	at io.netty.util.internal.ThreadExecutorMap$2.run(ThreadExecutorMap.java:74)
	at io.netty.util.concurrent.FastThreadLocalRunnable.run(FastThreadLocalRunnable.java:30)
	at java.base/java.lang.Thread.run(Thread.java:834)
18:18:47.151 [AsyncHttpClient-1-4] DEBUG org.asynchttpclient.netty.channel.ChannelManager - Closing Channel [id: 0x9bdd4d3a, L:/127.0.0.1:49740 - R:localhost/127.0.0.1:49728] 
18:18:47.152 [AsyncHttpClient-1-4] DEBUG org.asynchttpclient.netty.handler.HttpHandler - Channel Closed: [id: 0x9bdd4d3a, L:/127.0.0.1:49740 ! R:localhost/127.0.0.1:49728] with attribute DISCARD
18:18:47.171 [AsyncHttpClient-1-3] DEBUG org.asynchttpclient.netty.handler.HttpHandler - 

Request DefaultFullHttpRequest(decodeResult: success, version: HTTP/1.1, content: EmptyByteBufBE)
DELETE /session/8cee2188205f08210c4d063074d44852 HTTP/1.1
User-Agent: selenium/4.1.2 (java windows)
Content-Type: application/json; charset=utf-8
host: localhost:61406
accept: */*

Response DefaultHttpResponse(decodeResult: success, version: HTTP/1.1)
HTTP/1.1 200 OK
Content-Type: application/json; charset=utf-8
cache-control: no-cache
content-length: 14

18:18:47.172 [AsyncHttpClient-1-3] DEBUG org.asynchttpclient.netty.channel.ChannelManager - Adding key: http://localhost:61406 for channel [id: 0x57936788, L:/127.0.0.1:49727 - R:localhost/127.0.0.1:61406]
18:18:47.220 [AsyncHttpClient-1-3] DEBUG org.asynchttpclient.netty.handler.HttpHandler - Channel Closed: [id: 0x57936788, L:/127.0.0.1:49727 ! R:localhost/127.0.0.1:61406] with attribute DISCARD
]]></system-out>
    <system-err><![CDATA[Starting ChromeDriver 107.0.5304.62 (1eec40d3a5764881c92085aaee66d25075c159aa-refs/branch-heads/5304@{#942}) on port 61406
Only local connections are allowed.
Please see https://chromedriver.chromium.org/security-considerations for suggestions on keeping ChromeDriver safe.
ChromeDriver was started successfully.
Nov 04, 2022 6:18:43 PM org.openqa.selenium.remote.ProtocolHandshake createSession
INFO: Detected dialect: W3C
Nov 04, 2022 6:18:43 PM org.openqa.selenium.devtools.CdpVersionFinder findNearestMatch
WARNING: Unable to find an exact match for CDP version 107, so returning the closest version found: a no-op implementation
Nov 04, 2022 6:18:43 PM org.openqa.selenium.devtools.CdpVersionFinder findNearestMatch
INFO: Unable to find CDP implementation matching 107.
Nov 04, 2022 6:18:43 PM org.openqa.selenium.chromium.ChromiumDriver lambda$new$3
WARNING: Unable to find version of CDP to use for . You may need to include a dependency on a specific version of the CDP using something similar to `org.seleniumhq.selenium:selenium-devtools-v86:4.1.2` where the version ("v86") matches the version of the chromium-based browser you're using and the version number of the artifact is the same as Selenium's.
]]></system-err>
  </testcase>
  <testcase name="Register new a account #4" classname="Register" time="4.81">
    <system-out><![CDATA[
@Register
Scenario Outline: Register new a account     &amp#27;[90m# src/test/resources/features/register.feature:21&amp#27;[0m
18:18:47.271 [main] INFO io.cucumber.core.plugin.SerenityReporter - Running feature from file:///D:/Ra/file%20kuliah/semester%207/resume%20alta/Mini%20Project/Web/AltaShop/src/test/resources/features/register.feature
18:18:47.281 [main] INFO net.serenitybdd.core.webdriver.driverproviders.ChromeDriverProvider - Using automatically driver download
18:18:47.376 [main] DEBUG io.github.bonigarcia.wdm.cache.ResolutionCache - Resolution chrome=107 in cache (valid until 18:54:29 04/11/2022 ICT)
18:18:47.378 [main] DEBUG io.github.bonigarcia.wdm.cache.ResolutionCache - Resolution chrome107=107.0.5304.62 in cache (valid until 17:54:29 05/11/2022 ICT)
18:18:47.379 [main] INFO io.github.bonigarcia.wdm.WebDriverManager - Using chromedriver 107.0.5304.62 (resolved driver for Chrome 107)
18:18:47.385 [main] DEBUG io.github.bonigarcia.wdm.WebDriverManager - Driver chromedriver 107.0.5304.62 found in cache
18:18:47.385 [main] INFO io.github.bonigarcia.wdm.WebDriverManager - Exporting webdriver.chrome.driver as C:\Users\rilaa\.cache\selenium\chromedriver\win32\107.0.5304.62\chromedriver.exe
18:18:47.481 [main] DEBUG net.serenitybdd.core.webdriver.driverproviders.ProvideNewDriver - Instantiating driver
18:18:47.482 [main] DEBUG net.serenitybdd.core.webdriver.driverproviders.ProvideNewDriver - Driver capabilities: Capabilities {acceptInsecureCerts: false, base.url: https://alta-shop.vercel.app, browserName: chrome, chrome.driver: src/test/resources/webdrive..., driver: chrome, goog:chromeOptions: {args: [], extensions: []}}
18:18:47.535 [AsyncHttpClient-1-6] DEBUG org.asynchttpclient.netty.channel.NettyConnectListener - Using new Channel '[id: 0xccfb9fc7, L:/127.0.0.1:49765 - R:localhost/127.0.0.1:50009]' for 'POST' to '/session'
18:18:47.593 [AsyncHttpClient-1-1] DEBUG org.asynchttpclient.netty.channel.DefaultChannelPool - Entry count for : http://localhost:61406 : 1
18:18:47.593 [AsyncHttpClient-1-1] DEBUG org.asynchttpclient.netty.channel.DefaultChannelPool - Entry count for : http://localhost:49728 : 1
18:18:47.593 [AsyncHttpClient-1-1] DEBUG org.asynchttpclient.netty.channel.DefaultChannelPool - Adding Candidate expired Channel [id: 0x57936788, L:/127.0.0.1:49727 ! R:localhost/127.0.0.1:61406] isIdleTimeoutExpired=false isRemotelyClosed=true isTtlExpired=false
18:18:47.593 [AsyncHttpClient-1-1] DEBUG org.asynchttpclient.netty.channel.DefaultChannelPool - Closing Idle Channel [id: 0x57936788, L:/127.0.0.1:49727 ! R:localhost/127.0.0.1:61406]
18:18:47.593 [AsyncHttpClient-1-1] DEBUG org.asynchttpclient.netty.channel.DefaultChannelPool - Adding Candidate expired Channel [id: 0x9bdd4d3a, L:/127.0.0.1:49740 ! R:localhost/127.0.0.1:49728] isIdleTimeoutExpired=false isRemotelyClosed=true isTtlExpired=false
18:18:47.593 [AsyncHttpClient-1-1] DEBUG org.asynchttpclient.netty.channel.DefaultChannelPool - Closing Idle Channel [id: 0x9bdd4d3a, L:/127.0.0.1:49740 ! R:localhost/127.0.0.1:49728]
18:18:47.593 [AsyncHttpClient-1-1] DEBUG org.asynchttpclient.netty.channel.DefaultChannelPool - Closed 2 connections out of 2 in 0 ms
18:18:48.297 [AsyncHttpClient-1-6] DEBUG org.asynchttpclient.netty.handler.HttpHandler - 

Request DefaultHttpRequest(decodeResult: success, version: HTTP/1.1)
POST /session HTTP/1.1
User-Agent: selenium/4.1.2 (java windows)
Content-Length: 609
Content-Type: application/json; charset=utf-8
host: localhost:50009
accept: */*

Response DefaultHttpResponse(decodeResult: success, version: HTTP/1.1)
HTTP/1.1 200 OK
Content-Type: application/json; charset=utf-8
cache-control: no-cache
content-length: 790

18:18:48.297 [AsyncHttpClient-1-6] DEBUG org.asynchttpclient.netty.channel.ChannelManager - Adding key: http://localhost:50009 for channel [id: 0xccfb9fc7, L:/127.0.0.1:49765 - R:localhost/127.0.0.1:50009]
18:18:48.302 [AsyncHttpClient-1-7] DEBUG org.asynchttpclient.netty.channel.NettyConnectListener - Using new Channel '[id: 0x0a85eab7, L:/127.0.0.1:49772 - R:localhost/127.0.0.1:49766]' for 'GET' to '/json/version'
18:18:48.303 [AsyncHttpClient-1-7] DEBUG org.asynchttpclient.netty.handler.HttpHandler - 

Request DefaultFullHttpRequest(decodeResult: success, version: HTTP/1.1, content: EmptyByteBufBE)
GET /json/version HTTP/1.1
User-Agent: selenium/4.1.2 (java windows)
host: localhost:49766
accept: */*

Response DefaultHttpResponse(decodeResult: success, version: HTTP/1.1)
HTTP/1.1 200 OK
Content-Type: application/json; charset=UTF-8
content-length: 423

18:18:48.303 [AsyncHttpClient-1-7] DEBUG org.asynchttpclient.netty.channel.ChannelManager - Adding key: http://localhost:49766 for channel [id: 0x0a85eab7, L:/127.0.0.1:49772 - R:localhost/127.0.0.1:49766]
18:18:48.305 [AsyncHttpClient-1-8] DEBUG org.asynchttpclient.netty.channel.NettyConnectListener - Using new Channel '[id: 0x85567c95, L:/127.0.0.1:49773 - R:localhost/127.0.0.1:49766]' for 'GET' to '/devtools/browser/6fe8b9c4-26f1-486e-9b9d-32c61bb650cc'
18:18:48.308 [AsyncHttpClient-1-8] DEBUG org.asynchttpclient.netty.handler.WebSocketHandler - 

Request DefaultFullHttpRequest(decodeResult: success, version: HTTP/1.1, content: EmptyByteBufBE)
GET /devtools/browser/6fe8b9c4-26f1-486e-9b9d-32c61bb650cc HTTP/1.1
upgrade: websocket
connection: upgrade
sec-websocket-key: rJ5wL1q+B+cSkCe/+0GssQ==
sec-websocket-version: 13
origin: http://localhost:49766
host: localhost:49766
accept: */*
user-agent: AHC/2.1

Response DefaultHttpResponse(decodeResult: success, version: HTTP/1.1)
HTTP/1.1 101 WebSocket Protocol Handshake
Upgrade: WebSocket
Connection: Upgrade
Sec-WebSocket-Accept: wDnzhatj7Q2FkGVSpFRyS5qs3tQ=

18:18:48.312 [Forwarding get on session b18e2df0863946a246680f588f5325c6 to remote] DEBUG org.asynchttpclient.netty.request.NettyRequestSender - Using pooled Channel '[id: 0xccfb9fc7, L:/127.0.0.1:49765 - R:localhost/127.0.0.1:50009]' for 'POST' to 'http://localhost:50009/session/b18e2df0863946a246680f588f5325c6/url'
18:18:48.312 [Forwarding get on session b18e2df0863946a246680f588f5325c6 to remote] DEBUG org.asynchttpclient.netty.request.NettyRequestSender - Using open Channel [id: 0xccfb9fc7, L:/127.0.0.1:49765 - R:localhost/127.0.0.1:50009] for POST '/session/b18e2df0863946a246680f588f5325c6/url'
18:18:48.703 [AsyncHttpClient-1-1] DEBUG org.asynchttpclient.netty.channel.DefaultChannelPool - Entry count for : http://localhost:49766 : 1
18:18:49.144 [AsyncHttpClient-1-6] DEBUG org.asynchttpclient.netty.handler.HttpHandler - 

Request DefaultHttpRequest(decodeResult: success, version: HTTP/1.1)
POST /session/b18e2df0863946a246680f588f5325c6/url HTTP/1.1
User-Agent: selenium/4.1.2 (java windows)
Content-Length: 59
Content-Type: application/json; charset=utf-8
host: localhost:50009
accept: */*

Response DefaultHttpResponse(decodeResult: success, version: HTTP/1.1)
HTTP/1.1 200 OK
Content-Type: application/json; charset=utf-8
cache-control: no-cache
content-length: 14

18:18:49.144 [AsyncHttpClient-1-6] DEBUG org.asynchttpclient.netty.channel.ChannelManager - Adding key: http://localhost:50009 for channel [id: 0xccfb9fc7, L:/127.0.0.1:49765 - R:localhost/127.0.0.1:50009]
18:18:49.145 [Forwarding setTimeout on session b18e2df0863946a246680f588f5325c6 to remote] DEBUG org.asynchttpclient.netty.request.NettyRequestSender - Using pooled Channel '[id: 0xccfb9fc7, L:/127.0.0.1:49765 - R:localhost/127.0.0.1:50009]' for 'POST' to 'http://localhost:50009/session/b18e2df0863946a246680f588f5325c6/timeouts'
18:18:49.145 [Forwarding setTimeout on session b18e2df0863946a246680f588f5325c6 to remote] DEBUG org.asynchttpclient.netty.request.NettyRequestSender - Using open Channel [id: 0xccfb9fc7, L:/127.0.0.1:49765 - R:localhost/127.0.0.1:50009] for POST '/session/b18e2df0863946a246680f588f5325c6/timeouts'
18:18:49.146 [AsyncHttpClient-1-6] DEBUG org.asynchttpclient.netty.handler.HttpHandler - 

Request DefaultHttpRequest(decodeResult: success, version: HTTP/1.1)
POST /session/b18e2df0863946a246680f588f5325c6/timeouts HTTP/1.1
User-Agent: selenium/4.1.2 (java windows)
Content-Length: 22
Content-Type: application/json; charset=utf-8
host: localhost:50009
accept: */*

Response DefaultHttpResponse(decodeResult: success, version: HTTP/1.1)
HTTP/1.1 200 OK
Content-Type: application/json; charset=utf-8
cache-control: no-cache
content-length: 14

18:18:49.147 [AsyncHttpClient-1-6] DEBUG org.asynchttpclient.netty.channel.ChannelManager - Adding key: http://localhost:50009 for channel [id: 0xccfb9fc7, L:/127.0.0.1:49765 - R:localhost/127.0.0.1:50009]
18:18:49.151 [Forwarding getCurrentUrl on session b18e2df0863946a246680f588f5325c6 to remote] DEBUG org.asynchttpclient.netty.request.NettyRequestSender - Using pooled Channel '[id: 0xccfb9fc7, L:/127.0.0.1:49765 - R:localhost/127.0.0.1:50009]' for 'GET' to 'http://localhost:50009/session/b18e2df0863946a246680f588f5325c6/url'
18:18:49.151 [Forwarding getCurrentUrl on session b18e2df0863946a246680f588f5325c6 to remote] DEBUG org.asynchttpclient.netty.request.NettyRequestSender - Using open Channel [id: 0xccfb9fc7, L:/127.0.0.1:49765 - R:localhost/127.0.0.1:50009] for GET '/session/b18e2df0863946a246680f588f5325c6/url'
18:18:49.157 [AsyncHttpClient-1-6] DEBUG org.asynchttpclient.netty.handler.HttpHandler - 

Request DefaultFullHttpRequest(decodeResult: success, version: HTTP/1.1, content: EmptyByteBufBE)
GET /session/b18e2df0863946a246680f588f5325c6/url HTTP/1.1
User-Agent: selenium/4.1.2 (java windows)
Cache-Control: no-cache
Content-Type: application/json; charset=utf-8
host: localhost:50009
accept: */*

Response DefaultHttpResponse(decodeResult: success, version: HTTP/1.1)
HTTP/1.1 200 OK
Content-Type: application/json; charset=utf-8
cache-control: no-cache
content-length: 41

18:18:49.157 [AsyncHttpClient-1-6] DEBUG org.asynchttpclient.netty.channel.ChannelManager - Adding key: http://localhost:50009 for channel [id: 0xccfb9fc7, L:/127.0.0.1:49765 - R:localhost/127.0.0.1:50009]
18:18:49.163 [Forwarding findElement on session b18e2df0863946a246680f588f5325c6 to remote] DEBUG org.asynchttpclient.netty.request.NettyRequestSender - Using pooled Channel '[id: 0xccfb9fc7, L:/127.0.0.1:49765 - R:localhost/127.0.0.1:50009]' for 'POST' to 'http://localhost:50009/session/b18e2df0863946a246680f588f5325c6/element'
18:18:49.163 [Forwarding findElement on session b18e2df0863946a246680f588f5325c6 to remote] DEBUG org.asynchttpclient.netty.request.NettyRequestSender - Using open Channel [id: 0xccfb9fc7, L:/127.0.0.1:49765 - R:localhost/127.0.0.1:50009] for POST '/session/b18e2df0863946a246680f588f5325c6/element'
18:18:49.185 [AsyncHttpClient-1-6] DEBUG org.asynchttpclient.netty.handler.HttpHandler - 

Request DefaultHttpRequest(decodeResult: success, version: HTTP/1.1)
POST /session/b18e2df0863946a246680f588f5325c6/element HTTP/1.1
User-Agent: selenium/4.1.2 (java windows)
Content-Length: 77
Content-Type: application/json; charset=utf-8
host: localhost:50009
accept: */*

Response DefaultHttpResponse(decodeResult: success, version: HTTP/1.1)
HTTP/1.1 200 OK
Content-Type: application/json; charset=utf-8
cache-control: no-cache
content-length: 88

18:18:49.185 [AsyncHttpClient-1-6] DEBUG org.asynchttpclient.netty.channel.ChannelManager - Adding key: http://localhost:50009 for channel [id: 0xccfb9fc7, L:/127.0.0.1:49765 - R:localhost/127.0.0.1:50009]
18:18:49.189 [Forwarding isElementDisplayed on session b18e2df0863946a246680f588f5325c6 to remote] DEBUG org.asynchttpclient.netty.request.NettyRequestSender - Using pooled Channel '[id: 0xccfb9fc7, L:/127.0.0.1:49765 - R:localhost/127.0.0.1:50009]' for 'POST' to 'http://localhost:50009/session/b18e2df0863946a246680f588f5325c6/execute/sync'
18:18:49.189 [Forwarding isElementDisplayed on session b18e2df0863946a246680f588f5325c6 to remote] DEBUG org.asynchttpclient.netty.request.NettyRequestSender - Using open Channel [id: 0xccfb9fc7, L:/127.0.0.1:49765 - R:localhost/127.0.0.1:50009] for POST '/session/b18e2df0863946a246680f588f5325c6/execute/sync'
18:18:49.216 [AsyncHttpClient-1-6] DEBUG org.asynchttpclient.netty.handler.HttpHandler - 

Request DefaultHttpRequest(decodeResult: success, version: HTTP/1.1)
POST /session/b18e2df0863946a246680f588f5325c6/execute/sync HTTP/1.1
User-Agent: selenium/4.1.2 (java windows)
Content-Length: 48780
Content-Type: application/json; charset=utf-8
host: localhost:50009
accept: */*

Response DefaultHttpResponse(decodeResult: success, version: HTTP/1.1)
HTTP/1.1 200 OK
Content-Type: application/json; charset=utf-8
cache-control: no-cache
content-length: 14

18:18:49.216 [AsyncHttpClient-1-6] DEBUG org.asynchttpclient.netty.channel.ChannelManager - Adding key: http://localhost:50009 for channel [id: 0xccfb9fc7, L:/127.0.0.1:49765 - R:localhost/127.0.0.1:50009]
  &amp#27;[32mGiven &amp#27;[0m&amp#27;[32mI am on the home page&amp#27;[0m                &amp#27;[90m# starter.stepdefinitions.LoginStepDefinition.iAmOnTheHomePage()&amp#27;[0m
18:18:49.220 [Forwarding screenshot on session b18e2df0863946a246680f588f5325c6 to remote] DEBUG org.asynchttpclient.netty.request.NettyRequestSender - Using pooled Channel '[id: 0xccfb9fc7, L:/127.0.0.1:49765 - R:localhost/127.0.0.1:50009]' for 'GET' to 'http://localhost:50009/session/b18e2df0863946a246680f588f5325c6/screenshot'
18:18:49.220 [Forwarding screenshot on session b18e2df0863946a246680f588f5325c6 to remote] DEBUG org.asynchttpclient.netty.request.NettyRequestSender - Using open Channel [id: 0xccfb9fc7, L:/127.0.0.1:49765 - R:localhost/127.0.0.1:50009] for GET '/session/b18e2df0863946a246680f588f5325c6/screenshot'
18:18:49.400 [AsyncHttpClient-1-6] DEBUG org.asynchttpclient.netty.handler.HttpHandler - 

Request DefaultFullHttpRequest(decodeResult: success, version: HTTP/1.1, content: EmptyByteBufBE)
GET /session/b18e2df0863946a246680f588f5325c6/screenshot HTTP/1.1
User-Agent: selenium/4.1.2 (java windows)
Cache-Control: no-cache
Content-Type: application/json; charset=utf-8
host: localhost:50009
accept: */*

Response DefaultHttpResponse(decodeResult: success, version: HTTP/1.1)
HTTP/1.1 200 OK
Content-Type: application/json; charset=utf-8
cache-control: no-cache
content-length: 36456

18:18:49.400 [AsyncHttpClient-1-6] DEBUG org.asynchttpclient.netty.channel.ChannelManager - Adding key: http://localhost:50009 for channel [id: 0xccfb9fc7, L:/127.0.0.1:49765 - R:localhost/127.0.0.1:50009]
18:18:49.401 [main] DEBUG net.serenitybdd.core.photography.Darkroom - Send negative for processing for target\site\serenity\50976d4ea7f8ba248b6fc2195816ab6b9fa3bae13c3a7b0ba07136779dffc740.png
18:18:49.409 [Forwarding findElement on session b18e2df0863946a246680f588f5325c6 to remote] DEBUG org.asynchttpclient.netty.request.NettyRequestSender - Using pooled Channel '[id: 0xccfb9fc7, L:/127.0.0.1:49765 - R:localhost/127.0.0.1:50009]' for 'POST' to 'http://localhost:50009/session/b18e2df0863946a246680f588f5325c6/element'
18:18:49.409 [Forwarding findElement on session b18e2df0863946a246680f588f5325c6 to remote] DEBUG org.asynchttpclient.netty.request.NettyRequestSender - Using open Channel [id: 0xccfb9fc7, L:/127.0.0.1:49765 - R:localhost/127.0.0.1:50009] for POST '/session/b18e2df0863946a246680f588f5325c6/element'
18:18:49.420 [AsyncHttpClient-1-6] DEBUG org.asynchttpclient.netty.handler.HttpHandler - 

Request DefaultHttpRequest(decodeResult: success, version: HTTP/1.1)
POST /session/b18e2df0863946a246680f588f5325c6/element HTTP/1.1
User-Agent: selenium/4.1.2 (java windows)
Content-Length: 97
Content-Type: application/json; charset=utf-8
host: localhost:50009
accept: */*

Response DefaultHttpResponse(decodeResult: success, version: HTTP/1.1)
HTTP/1.1 200 OK
Content-Type: application/json; charset=utf-8
cache-control: no-cache
content-length: 88

18:18:49.420 [AsyncHttpClient-1-6] DEBUG org.asynchttpclient.netty.channel.ChannelManager - Adding key: http://localhost:50009 for channel [id: 0xccfb9fc7, L:/127.0.0.1:49765 - R:localhost/127.0.0.1:50009]
18:18:49.421 [Forwarding getElementTagName on session b18e2df0863946a246680f588f5325c6 to remote] DEBUG org.asynchttpclient.netty.request.NettyRequestSender - Using pooled Channel '[id: 0xccfb9fc7, L:/127.0.0.1:49765 - R:localhost/127.0.0.1:50009]' for 'GET' to 'http://localhost:50009/session/b18e2df0863946a246680f588f5325c6/element/26d09aec-be73-467e-ba1d-d31e103dcf98/name'
18:18:49.421 [Forwarding getElementTagName on session b18e2df0863946a246680f588f5325c6 to remote] DEBUG org.asynchttpclient.netty.request.NettyRequestSender - Using open Channel [id: 0xccfb9fc7, L:/127.0.0.1:49765 - R:localhost/127.0.0.1:50009] for GET '/session/b18e2df0863946a246680f588f5325c6/element/26d09aec-be73-467e-ba1d-d31e103dcf98/name'
18:18:49.426 [AsyncHttpClient-1-6] DEBUG org.asynchttpclient.netty.handler.HttpHandler - 

Request DefaultFullHttpRequest(decodeResult: success, version: HTTP/1.1, content: EmptyByteBufBE)
GET /session/b18e2df0863946a246680f588f5325c6/element/26d09aec-be73-467e-ba1d-d31e103dcf98/name HTTP/1.1
User-Agent: selenium/4.1.2 (java windows)
Cache-Control: no-cache
Content-Type: application/json; charset=utf-8
host: localhost:50009
accept: */*

Response DefaultHttpResponse(decodeResult: success, version: HTTP/1.1)
HTTP/1.1 200 OK
Content-Type: application/json; charset=utf-8
cache-control: no-cache
content-length: 13

18:18:49.426 [AsyncHttpClient-1-6] DEBUG org.asynchttpclient.netty.channel.ChannelManager - Adding key: http://localhost:50009 for channel [id: 0xccfb9fc7, L:/127.0.0.1:49765 - R:localhost/127.0.0.1:50009]
18:18:49.427 [Forwarding getElementTagName on session b18e2df0863946a246680f588f5325c6 to remote] DEBUG org.asynchttpclient.netty.request.NettyRequestSender - Using pooled Channel '[id: 0xccfb9fc7, L:/127.0.0.1:49765 - R:localhost/127.0.0.1:50009]' for 'GET' to 'http://localhost:50009/session/b18e2df0863946a246680f588f5325c6/element/26d09aec-be73-467e-ba1d-d31e103dcf98/name'
18:18:49.427 [Forwarding getElementTagName on session b18e2df0863946a246680f588f5325c6 to remote] DEBUG org.asynchttpclient.netty.request.NettyRequestSender - Using open Channel [id: 0xccfb9fc7, L:/127.0.0.1:49765 - R:localhost/127.0.0.1:50009] for GET '/session/b18e2df0863946a246680f588f5325c6/element/26d09aec-be73-467e-ba1d-d31e103dcf98/name'
18:18:49.431 [AsyncHttpClient-1-6] DEBUG org.asynchttpclient.netty.handler.HttpHandler - 

Request DefaultFullHttpRequest(decodeResult: success, version: HTTP/1.1, content: EmptyByteBufBE)
GET /session/b18e2df0863946a246680f588f5325c6/element/26d09aec-be73-467e-ba1d-d31e103dcf98/name HTTP/1.1
User-Agent: selenium/4.1.2 (java windows)
Cache-Control: no-cache
Content-Type: application/json; charset=utf-8
host: localhost:50009
accept: */*

Response DefaultHttpResponse(decodeResult: success, version: HTTP/1.1)
HTTP/1.1 200 OK
Content-Type: application/json; charset=utf-8
cache-control: no-cache
content-length: 13

18:18:49.431 [AsyncHttpClient-1-6] DEBUG org.asynchttpclient.netty.channel.ChannelManager - Adding key: http://localhost:50009 for channel [id: 0xccfb9fc7, L:/127.0.0.1:49765 - R:localhost/127.0.0.1:50009]
18:18:49.432 [Forwarding findElement on session b18e2df0863946a246680f588f5325c6 to remote] DEBUG org.asynchttpclient.netty.request.NettyRequestSender - Using pooled Channel '[id: 0xccfb9fc7, L:/127.0.0.1:49765 - R:localhost/127.0.0.1:50009]' for 'POST' to 'http://localhost:50009/session/b18e2df0863946a246680f588f5325c6/element'
18:18:49.432 [Forwarding findElement on session b18e2df0863946a246680f588f5325c6 to remote] DEBUG org.asynchttpclient.netty.request.NettyRequestSender - Using open Channel [id: 0xccfb9fc7, L:/127.0.0.1:49765 - R:localhost/127.0.0.1:50009] for POST '/session/b18e2df0863946a246680f588f5325c6/element'
18:18:49.437 [AsyncHttpClient-1-6] DEBUG org.asynchttpclient.netty.handler.HttpHandler - 

Request DefaultHttpRequest(decodeResult: success, version: HTTP/1.1)
POST /session/b18e2df0863946a246680f588f5325c6/element HTTP/1.1
User-Agent: selenium/4.1.2 (java windows)
Content-Length: 97
Content-Type: application/json; charset=utf-8
host: localhost:50009
accept: */*

Response DefaultHttpResponse(decodeResult: success, version: HTTP/1.1)
HTTP/1.1 200 OK
Content-Type: application/json; charset=utf-8
cache-control: no-cache
content-length: 88

18:18:49.437 [AsyncHttpClient-1-6] DEBUG org.asynchttpclient.netty.channel.ChannelManager - Adding key: http://localhost:50009 for channel [id: 0xccfb9fc7, L:/127.0.0.1:49765 - R:localhost/127.0.0.1:50009]
18:18:49.437 [Forwarding clickElement on session b18e2df0863946a246680f588f5325c6 to remote] DEBUG org.asynchttpclient.netty.request.NettyRequestSender - Using pooled Channel '[id: 0xccfb9fc7, L:/127.0.0.1:49765 - R:localhost/127.0.0.1:50009]' for 'POST' to 'http://localhost:50009/session/b18e2df0863946a246680f588f5325c6/element/26d09aec-be73-467e-ba1d-d31e103dcf98/click'
18:18:49.437 [Forwarding clickElement on session b18e2df0863946a246680f588f5325c6 to remote] DEBUG org.asynchttpclient.netty.request.NettyRequestSender - Using open Channel [id: 0xccfb9fc7, L:/127.0.0.1:49765 - R:localhost/127.0.0.1:50009] for POST '/session/b18e2df0863946a246680f588f5325c6/element/26d09aec-be73-467e-ba1d-d31e103dcf98/click'
18:18:49.469 [AsyncHttpClient-1-6] DEBUG org.asynchttpclient.netty.handler.HttpHandler - 

Request DefaultHttpRequest(decodeResult: success, version: HTTP/1.1)
POST /session/b18e2df0863946a246680f588f5325c6/element/26d09aec-be73-467e-ba1d-d31e103dcf98/click HTTP/1.1
User-Agent: selenium/4.1.2 (java windows)
Content-Length: 50
Content-Type: application/json; charset=utf-8
host: localhost:50009
accept: */*

Response DefaultHttpResponse(decodeResult: success, version: HTTP/1.1)
HTTP/1.1 200 OK
Content-Type: application/json; charset=utf-8
cache-control: no-cache
content-length: 14

18:18:49.470 [AsyncHttpClient-1-6] DEBUG org.asynchttpclient.netty.channel.ChannelManager - Adding key: http://localhost:50009 for channel [id: 0xccfb9fc7, L:/127.0.0.1:49765 - R:localhost/127.0.0.1:50009]
  &amp#27;[32mAnd &amp#27;[0m&amp#27;[32mI click login icon&amp#27;[0m                     &amp#27;[90m# starter.stepdefinitions.LoginStepDefinition.iClickLoginIcon()&amp#27;[0m
18:18:49.478 [Forwarding screenshot on session b18e2df0863946a246680f588f5325c6 to remote] DEBUG org.asynchttpclient.netty.request.NettyRequestSender - Using pooled Channel '[id: 0xccfb9fc7, L:/127.0.0.1:49765 - R:localhost/127.0.0.1:50009]' for 'GET' to 'http://localhost:50009/session/b18e2df0863946a246680f588f5325c6/screenshot'
18:18:49.478 [Forwarding screenshot on session b18e2df0863946a246680f588f5325c6 to remote] DEBUG org.asynchttpclient.netty.request.NettyRequestSender - Using open Channel [id: 0xccfb9fc7, L:/127.0.0.1:49765 - R:localhost/127.0.0.1:50009] for GET '/session/b18e2df0863946a246680f588f5325c6/screenshot'
18:18:49.708 [AsyncHttpClient-1-6] DEBUG org.asynchttpclient.netty.handler.HttpHandler - 

Request DefaultFullHttpRequest(decodeResult: success, version: HTTP/1.1, content: EmptyByteBufBE)
GET /session/b18e2df0863946a246680f588f5325c6/screenshot HTTP/1.1
User-Agent: selenium/4.1.2 (java windows)
Cache-Control: no-cache
Content-Type: application/json; charset=utf-8
host: localhost:50009
accept: */*

Response DefaultHttpResponse(decodeResult: success, version: HTTP/1.1)
HTTP/1.1 200 OK
Content-Type: application/json; charset=utf-8
cache-control: no-cache
content-length: 34916

18:18:49.708 [AsyncHttpClient-1-6] DEBUG org.asynchttpclient.netty.channel.ChannelManager - Adding key: http://localhost:50009 for channel [id: 0xccfb9fc7, L:/127.0.0.1:49765 - R:localhost/127.0.0.1:50009]
18:18:49.709 [main] DEBUG net.serenitybdd.core.photography.Darkroom - Send negative for processing for target\site\serenity\b64bd1937804cc849d7778f0ab568fa8136af1fa161661ca45d2927b34729ab3.png
18:18:49.709 [Darkroom Processing Line] DEBUG net.serenitybdd.core.photography.DarkroomProcessingLine - Processing screenshot image in /var/screenshots/screenshot-9073675481811804097
18:18:49.709 [Darkroom Processing Line] DEBUG net.serenitybdd.core.photography.DarkroomProcessingLine - Saving screenshot to target\site\serenity\b64bd1937804cc849d7778f0ab568fa8136af1fa161661ca45d2927b34729ab3.png
18:18:49.717 [Forwarding findElement on session b18e2df0863946a246680f588f5325c6 to remote] DEBUG org.asynchttpclient.netty.request.NettyRequestSender - Using pooled Channel '[id: 0xccfb9fc7, L:/127.0.0.1:49765 - R:localhost/127.0.0.1:50009]' for 'POST' to 'http://localhost:50009/session/b18e2df0863946a246680f588f5325c6/element'
18:18:49.717 [Forwarding findElement on session b18e2df0863946a246680f588f5325c6 to remote] DEBUG org.asynchttpclient.netty.request.NettyRequestSender - Using open Channel [id: 0xccfb9fc7, L:/127.0.0.1:49765 - R:localhost/127.0.0.1:50009] for POST '/session/b18e2df0863946a246680f588f5325c6/element'
18:18:49.726 [AsyncHttpClient-1-6] DEBUG org.asynchttpclient.netty.handler.HttpHandler - 

Request DefaultHttpRequest(decodeResult: success, version: HTTP/1.1)
POST /session/b18e2df0863946a246680f588f5325c6/element HTTP/1.1
User-Agent: selenium/4.1.2 (java windows)
Content-Length: 95
Content-Type: application/json; charset=utf-8
host: localhost:50009
accept: */*

Response DefaultHttpResponse(decodeResult: success, version: HTTP/1.1)
HTTP/1.1 200 OK
Content-Type: application/json; charset=utf-8
cache-control: no-cache
content-length: 88

18:18:49.726 [AsyncHttpClient-1-6] DEBUG org.asynchttpclient.netty.channel.ChannelManager - Adding key: http://localhost:50009 for channel [id: 0xccfb9fc7, L:/127.0.0.1:49765 - R:localhost/127.0.0.1:50009]
18:18:49.727 [Forwarding getElementTagName on session b18e2df0863946a246680f588f5325c6 to remote] DEBUG org.asynchttpclient.netty.request.NettyRequestSender - Using pooled Channel '[id: 0xccfb9fc7, L:/127.0.0.1:49765 - R:localhost/127.0.0.1:50009]' for 'GET' to 'http://localhost:50009/session/b18e2df0863946a246680f588f5325c6/element/689b1ce6-74b0-4d16-a9d0-6ffec028a5a5/name'
18:18:49.727 [Forwarding getElementTagName on session b18e2df0863946a246680f588f5325c6 to remote] DEBUG org.asynchttpclient.netty.request.NettyRequestSender - Using open Channel [id: 0xccfb9fc7, L:/127.0.0.1:49765 - R:localhost/127.0.0.1:50009] for GET '/session/b18e2df0863946a246680f588f5325c6/element/689b1ce6-74b0-4d16-a9d0-6ffec028a5a5/name'
18:18:49.730 [AsyncHttpClient-1-6] DEBUG org.asynchttpclient.netty.handler.HttpHandler - 

Request DefaultFullHttpRequest(decodeResult: success, version: HTTP/1.1, content: EmptyByteBufBE)
GET /session/b18e2df0863946a246680f588f5325c6/element/689b1ce6-74b0-4d16-a9d0-6ffec028a5a5/name HTTP/1.1
User-Agent: selenium/4.1.2 (java windows)
Cache-Control: no-cache
Content-Type: application/json; charset=utf-8
host: localhost:50009
accept: */*

Response DefaultHttpResponse(decodeResult: success, version: HTTP/1.1)
HTTP/1.1 200 OK
Content-Type: application/json; charset=utf-8
cache-control: no-cache
content-length: 13

18:18:49.731 [AsyncHttpClient-1-6] DEBUG org.asynchttpclient.netty.channel.ChannelManager - Adding key: http://localhost:50009 for channel [id: 0xccfb9fc7, L:/127.0.0.1:49765 - R:localhost/127.0.0.1:50009]
18:18:49.731 [Forwarding getElementTagName on session b18e2df0863946a246680f588f5325c6 to remote] DEBUG org.asynchttpclient.netty.request.NettyRequestSender - Using pooled Channel '[id: 0xccfb9fc7, L:/127.0.0.1:49765 - R:localhost/127.0.0.1:50009]' for 'GET' to 'http://localhost:50009/session/b18e2df0863946a246680f588f5325c6/element/689b1ce6-74b0-4d16-a9d0-6ffec028a5a5/name'
18:18:49.731 [Forwarding getElementTagName on session b18e2df0863946a246680f588f5325c6 to remote] DEBUG org.asynchttpclient.netty.request.NettyRequestSender - Using open Channel [id: 0xccfb9fc7, L:/127.0.0.1:49765 - R:localhost/127.0.0.1:50009] for GET '/session/b18e2df0863946a246680f588f5325c6/element/689b1ce6-74b0-4d16-a9d0-6ffec028a5a5/name'
18:18:49.735 [AsyncHttpClient-1-6] DEBUG org.asynchttpclient.netty.handler.HttpHandler - 

Request DefaultFullHttpRequest(decodeResult: success, version: HTTP/1.1, content: EmptyByteBufBE)
GET /session/b18e2df0863946a246680f588f5325c6/element/689b1ce6-74b0-4d16-a9d0-6ffec028a5a5/name HTTP/1.1
User-Agent: selenium/4.1.2 (java windows)
Cache-Control: no-cache
Content-Type: application/json; charset=utf-8
host: localhost:50009
accept: */*

Response DefaultHttpResponse(decodeResult: success, version: HTTP/1.1)
HTTP/1.1 200 OK
Content-Type: application/json; charset=utf-8
cache-control: no-cache
content-length: 13

18:18:49.735 [AsyncHttpClient-1-6] DEBUG org.asynchttpclient.netty.channel.ChannelManager - Adding key: http://localhost:50009 for channel [id: 0xccfb9fc7, L:/127.0.0.1:49765 - R:localhost/127.0.0.1:50009]
18:18:49.736 [Forwarding findElement on session b18e2df0863946a246680f588f5325c6 to remote] DEBUG org.asynchttpclient.netty.request.NettyRequestSender - Using pooled Channel '[id: 0xccfb9fc7, L:/127.0.0.1:49765 - R:localhost/127.0.0.1:50009]' for 'POST' to 'http://localhost:50009/session/b18e2df0863946a246680f588f5325c6/element'
18:18:49.736 [Forwarding findElement on session b18e2df0863946a246680f588f5325c6 to remote] DEBUG org.asynchttpclient.netty.request.NettyRequestSender - Using open Channel [id: 0xccfb9fc7, L:/127.0.0.1:49765 - R:localhost/127.0.0.1:50009] for POST '/session/b18e2df0863946a246680f588f5325c6/element'
18:18:49.746 [AsyncHttpClient-1-6] DEBUG org.asynchttpclient.netty.handler.HttpHandler - 

Request DefaultHttpRequest(decodeResult: success, version: HTTP/1.1)
POST /session/b18e2df0863946a246680f588f5325c6/element HTTP/1.1
User-Agent: selenium/4.1.2 (java windows)
Content-Length: 95
Content-Type: application/json; charset=utf-8
host: localhost:50009
accept: */*

Response DefaultHttpResponse(decodeResult: success, version: HTTP/1.1)
HTTP/1.1 200 OK
Content-Type: application/json; charset=utf-8
cache-control: no-cache
content-length: 88

18:18:49.746 [AsyncHttpClient-1-6] DEBUG org.asynchttpclient.netty.channel.ChannelManager - Adding key: http://localhost:50009 for channel [id: 0xccfb9fc7, L:/127.0.0.1:49765 - R:localhost/127.0.0.1:50009]
18:18:49.747 [Forwarding clickElement on session b18e2df0863946a246680f588f5325c6 to remote] DEBUG org.asynchttpclient.netty.request.NettyRequestSender - Using pooled Channel '[id: 0xccfb9fc7, L:/127.0.0.1:49765 - R:localhost/127.0.0.1:50009]' for 'POST' to 'http://localhost:50009/session/b18e2df0863946a246680f588f5325c6/element/689b1ce6-74b0-4d16-a9d0-6ffec028a5a5/click'
18:18:49.747 [Forwarding clickElement on session b18e2df0863946a246680f588f5325c6 to remote] DEBUG org.asynchttpclient.netty.request.NettyRequestSender - Using open Channel [id: 0xccfb9fc7, L:/127.0.0.1:49765 - R:localhost/127.0.0.1:50009] for POST '/session/b18e2df0863946a246680f588f5325c6/element/689b1ce6-74b0-4d16-a9d0-6ffec028a5a5/click'
18:18:49.791 [AsyncHttpClient-1-1] DEBUG org.asynchttpclient.netty.channel.DefaultChannelPool - Entry count for : http://localhost:49766 : 1
18:18:49.802 [AsyncHttpClient-1-6] DEBUG org.asynchttpclient.netty.handler.HttpHandler - 

Request DefaultHttpRequest(decodeResult: success, version: HTTP/1.1)
POST /session/b18e2df0863946a246680f588f5325c6/element/689b1ce6-74b0-4d16-a9d0-6ffec028a5a5/click HTTP/1.1
User-Agent: selenium/4.1.2 (java windows)
Content-Length: 50
Content-Type: application/json; charset=utf-8
host: localhost:50009
accept: */*

Response DefaultHttpResponse(decodeResult: success, version: HTTP/1.1)
HTTP/1.1 200 OK
Content-Type: application/json; charset=utf-8
cache-control: no-cache
content-length: 14

18:18:49.802 [AsyncHttpClient-1-6] DEBUG org.asynchttpclient.netty.channel.ChannelManager - Adding key: http://localhost:50009 for channel [id: 0xccfb9fc7, L:/127.0.0.1:49765 - R:localhost/127.0.0.1:50009]
  &amp#27;[32mAnd &amp#27;[0m&amp#27;[32mI click register text&amp#27;[0m                  &amp#27;[90m# starter.stepdefinitions.RegisterStep.iClickRegisterText()&amp#27;[0m
18:18:49.813 [Forwarding screenshot on session b18e2df0863946a246680f588f5325c6 to remote] DEBUG org.asynchttpclient.netty.request.NettyRequestSender - Using pooled Channel '[id: 0xccfb9fc7, L:/127.0.0.1:49765 - R:localhost/127.0.0.1:50009]' for 'GET' to 'http://localhost:50009/session/b18e2df0863946a246680f588f5325c6/screenshot'
18:18:49.813 [Forwarding screenshot on session b18e2df0863946a246680f588f5325c6 to remote] DEBUG org.asynchttpclient.netty.request.NettyRequestSender - Using open Channel [id: 0xccfb9fc7, L:/127.0.0.1:49765 - R:localhost/127.0.0.1:50009] for GET '/session/b18e2df0863946a246680f588f5325c6/screenshot'
18:18:50.040 [AsyncHttpClient-1-6] DEBUG org.asynchttpclient.netty.handler.HttpHandler - 

Request DefaultFullHttpRequest(decodeResult: success, version: HTTP/1.1, content: EmptyByteBufBE)
GET /session/b18e2df0863946a246680f588f5325c6/screenshot HTTP/1.1
User-Agent: selenium/4.1.2 (java windows)
Cache-Control: no-cache
Content-Type: application/json; charset=utf-8
host: localhost:50009
accept: */*

Response DefaultHttpResponse(decodeResult: success, version: HTTP/1.1)
HTTP/1.1 200 OK
Content-Type: application/json; charset=utf-8
cache-control: no-cache
content-length: 38676

18:18:50.041 [AsyncHttpClient-1-6] DEBUG org.asynchttpclient.netty.channel.ChannelManager - Adding key: http://localhost:50009 for channel [id: 0xccfb9fc7, L:/127.0.0.1:49765 - R:localhost/127.0.0.1:50009]
18:18:50.041 [main] DEBUG net.serenitybdd.core.photography.Darkroom - Send negative for processing for target\site\serenity\5da4dd603644643eec8ed09a6f6a812b44e49bfad734611692cfccc213144fa2.png
18:18:50.042 [Darkroom Processing Line] DEBUG net.serenitybdd.core.photography.DarkroomProcessingLine - Processing screenshot image in /var/screenshots/screenshot-14214465543095669301
18:18:50.042 [Darkroom Processing Line] DEBUG net.serenitybdd.core.photography.DarkroomProcessingLine - Saving screenshot to target\site\serenity\5da4dd603644643eec8ed09a6f6a812b44e49bfad734611692cfccc213144fa2.png
18:18:50.046 [Forwarding findElement on session b18e2df0863946a246680f588f5325c6 to remote] DEBUG org.asynchttpclient.netty.request.NettyRequestSender - Using pooled Channel '[id: 0xccfb9fc7, L:/127.0.0.1:49765 - R:localhost/127.0.0.1:50009]' for 'POST' to 'http://localhost:50009/session/b18e2df0863946a246680f588f5325c6/element'
18:18:50.046 [Forwarding findElement on session b18e2df0863946a246680f588f5325c6 to remote] DEBUG org.asynchttpclient.netty.request.NettyRequestSender - Using open Channel [id: 0xccfb9fc7, L:/127.0.0.1:49765 - R:localhost/127.0.0.1:50009] for POST '/session/b18e2df0863946a246680f588f5325c6/element'
18:18:50.055 [AsyncHttpClient-1-6] DEBUG org.asynchttpclient.netty.handler.HttpHandler - 

Request DefaultHttpRequest(decodeResult: success, version: HTTP/1.1)
POST /session/b18e2df0863946a246680f588f5325c6/element HTTP/1.1
User-Agent: selenium/4.1.2 (java windows)
Content-Length: 95
Content-Type: application/json; charset=utf-8
host: localhost:50009
accept: */*

Response DefaultHttpResponse(decodeResult: success, version: HTTP/1.1)
HTTP/1.1 200 OK
Content-Type: application/json; charset=utf-8
cache-control: no-cache
content-length: 88

18:18:50.056 [AsyncHttpClient-1-6] DEBUG org.asynchttpclient.netty.channel.ChannelManager - Adding key: http://localhost:50009 for channel [id: 0xccfb9fc7, L:/127.0.0.1:49765 - R:localhost/127.0.0.1:50009]
18:18:50.056 [Forwarding clearElement on session b18e2df0863946a246680f588f5325c6 to remote] DEBUG org.asynchttpclient.netty.request.NettyRequestSender - Using pooled Channel '[id: 0xccfb9fc7, L:/127.0.0.1:49765 - R:localhost/127.0.0.1:50009]' for 'POST' to 'http://localhost:50009/session/b18e2df0863946a246680f588f5325c6/element/f2743cf7-c1d4-417e-ae02-1d7a699cdc5d/clear'
18:18:50.056 [Forwarding clearElement on session b18e2df0863946a246680f588f5325c6 to remote] DEBUG org.asynchttpclient.netty.request.NettyRequestSender - Using open Channel [id: 0xccfb9fc7, L:/127.0.0.1:49765 - R:localhost/127.0.0.1:50009] for POST '/session/b18e2df0863946a246680f588f5325c6/element/f2743cf7-c1d4-417e-ae02-1d7a699cdc5d/clear'
18:18:50.081 [AsyncHttpClient-1-6] DEBUG org.asynchttpclient.netty.handler.HttpHandler - 

Request DefaultHttpRequest(decodeResult: success, version: HTTP/1.1)
POST /session/b18e2df0863946a246680f588f5325c6/element/f2743cf7-c1d4-417e-ae02-1d7a699cdc5d/clear HTTP/1.1
User-Agent: selenium/4.1.2 (java windows)
Content-Length: 50
Content-Type: application/json; charset=utf-8
host: localhost:50009
accept: */*

Response DefaultHttpResponse(decodeResult: success, version: HTTP/1.1)
HTTP/1.1 200 OK
Content-Type: application/json; charset=utf-8
cache-control: no-cache
content-length: 14

18:18:50.081 [AsyncHttpClient-1-6] DEBUG org.asynchttpclient.netty.channel.ChannelManager - Adding key: http://localhost:50009 for channel [id: 0xccfb9fc7, L:/127.0.0.1:49765 - R:localhost/127.0.0.1:50009]
18:18:50.082 [Forwarding sendKeysToElement on session b18e2df0863946a246680f588f5325c6 to remote] DEBUG org.asynchttpclient.netty.request.NettyRequestSender - Using pooled Channel '[id: 0xccfb9fc7, L:/127.0.0.1:49765 - R:localhost/127.0.0.1:50009]' for 'POST' to 'http://localhost:50009/session/b18e2df0863946a246680f588f5325c6/element/f2743cf7-c1d4-417e-ae02-1d7a699cdc5d/value'
18:18:50.082 [Forwarding sendKeysToElement on session b18e2df0863946a246680f588f5325c6 to remote] DEBUG org.asynchttpclient.netty.request.NettyRequestSender - Using open Channel [id: 0xccfb9fc7, L:/127.0.0.1:49765 - R:localhost/127.0.0.1:50009] for POST '/session/b18e2df0863946a246680f588f5325c6/element/f2743cf7-c1d4-417e-ae02-1d7a699cdc5d/value'
18:18:50.121 [AsyncHttpClient-1-6] DEBUG org.asynchttpclient.netty.handler.HttpHandler - 

Request DefaultHttpRequest(decodeResult: success, version: HTTP/1.1)
POST /session/b18e2df0863946a246680f588f5325c6/element/f2743cf7-c1d4-417e-ae02-1d7a699cdc5d/value HTTP/1.1
User-Agent: selenium/4.1.2 (java windows)
Content-Length: 91
Content-Type: application/json; charset=utf-8
host: localhost:50009
accept: */*

Response DefaultHttpResponse(decodeResult: success, version: HTTP/1.1)
HTTP/1.1 200 OK
Content-Type: application/json; charset=utf-8
cache-control: no-cache
content-length: 14

18:18:50.121 [AsyncHttpClient-1-6] DEBUG org.asynchttpclient.netty.channel.ChannelManager - Adding key: http://localhost:50009 for channel [id: 0xccfb9fc7, L:/127.0.0.1:49765 - R:localhost/127.0.0.1:50009]
  &amp#27;[32mWhen &amp#27;[0m&amp#27;[32mI input &amp#27;[0m&amp#27;[32m&amp#27;[1m"r"&amp#27;[0m&amp#27;[32m name&amp#27;[0m                      &amp#27;[90m# starter.stepdefinitions.RegisterStep.iInputName(java.lang.String)&amp#27;[0m
18:18:50.127 [Forwarding screenshot on session b18e2df0863946a246680f588f5325c6 to remote] DEBUG org.asynchttpclient.netty.request.NettyRequestSender - Using pooled Channel '[id: 0xccfb9fc7, L:/127.0.0.1:49765 - R:localhost/127.0.0.1:50009]' for 'GET' to 'http://localhost:50009/session/b18e2df0863946a246680f588f5325c6/screenshot'
18:18:50.127 [Forwarding screenshot on session b18e2df0863946a246680f588f5325c6 to remote] DEBUG org.asynchttpclient.netty.request.NettyRequestSender - Using open Channel [id: 0xccfb9fc7, L:/127.0.0.1:49765 - R:localhost/127.0.0.1:50009] for GET '/session/b18e2df0863946a246680f588f5325c6/screenshot'
18:18:50.299 [AsyncHttpClient-1-6] DEBUG org.asynchttpclient.netty.handler.HttpHandler - 

Request DefaultFullHttpRequest(decodeResult: success, version: HTTP/1.1, content: EmptyByteBufBE)
GET /session/b18e2df0863946a246680f588f5325c6/screenshot HTTP/1.1
User-Agent: selenium/4.1.2 (java windows)
Cache-Control: no-cache
Content-Type: application/json; charset=utf-8
host: localhost:50009
accept: */*

Response DefaultHttpResponse(decodeResult: success, version: HTTP/1.1)
HTTP/1.1 200 OK
Content-Type: application/json; charset=utf-8
cache-control: no-cache
content-length: 38240

18:18:50.299 [AsyncHttpClient-1-6] DEBUG org.asynchttpclient.netty.channel.ChannelManager - Adding key: http://localhost:50009 for channel [id: 0xccfb9fc7, L:/127.0.0.1:49765 - R:localhost/127.0.0.1:50009]
18:18:50.300 [main] DEBUG net.serenitybdd.core.photography.Darkroom - Send negative for processing for target\site\serenity\635e7ced38b2de381e26c3b640e19c9a1c9887ae8f85dd018ccb419d93e5f81a.png
18:18:50.300 [Darkroom Processing Line] DEBUG net.serenitybdd.core.photography.DarkroomProcessingLine - Processing screenshot image in /var/screenshots/screenshot-13429208070274066265
18:18:50.300 [Darkroom Processing Line] DEBUG net.serenitybdd.core.photography.DarkroomProcessingLine - Saving screenshot to target\site\serenity\635e7ced38b2de381e26c3b640e19c9a1c9887ae8f85dd018ccb419d93e5f81a.png
18:18:50.309 [Forwarding findElement on session b18e2df0863946a246680f588f5325c6 to remote] DEBUG org.asynchttpclient.netty.request.NettyRequestSender - Using pooled Channel '[id: 0xccfb9fc7, L:/127.0.0.1:49765 - R:localhost/127.0.0.1:50009]' for 'POST' to 'http://localhost:50009/session/b18e2df0863946a246680f588f5325c6/element'
18:18:50.309 [Forwarding findElement on session b18e2df0863946a246680f588f5325c6 to remote] DEBUG org.asynchttpclient.netty.request.NettyRequestSender - Using open Channel [id: 0xccfb9fc7, L:/127.0.0.1:49765 - R:localhost/127.0.0.1:50009] for POST '/session/b18e2df0863946a246680f588f5325c6/element'
18:18:50.317 [AsyncHttpClient-1-6] DEBUG org.asynchttpclient.netty.handler.HttpHandler - 

Request DefaultHttpRequest(decodeResult: success, version: HTTP/1.1)
POST /session/b18e2df0863946a246680f588f5325c6/element HTTP/1.1
User-Agent: selenium/4.1.2 (java windows)
Content-Length: 88
Content-Type: application/json; charset=utf-8
host: localhost:50009
accept: */*

Response DefaultHttpResponse(decodeResult: success, version: HTTP/1.1)
HTTP/1.1 200 OK
Content-Type: application/json; charset=utf-8
cache-control: no-cache
content-length: 88

18:18:50.317 [AsyncHttpClient-1-6] DEBUG org.asynchttpclient.netty.channel.ChannelManager - Adding key: http://localhost:50009 for channel [id: 0xccfb9fc7, L:/127.0.0.1:49765 - R:localhost/127.0.0.1:50009]
18:18:50.317 [Forwarding clearElement on session b18e2df0863946a246680f588f5325c6 to remote] DEBUG org.asynchttpclient.netty.request.NettyRequestSender - Using pooled Channel '[id: 0xccfb9fc7, L:/127.0.0.1:49765 - R:localhost/127.0.0.1:50009]' for 'POST' to 'http://localhost:50009/session/b18e2df0863946a246680f588f5325c6/element/7809517e-9c97-483a-bcb8-c71045355dc6/clear'
18:18:50.317 [Forwarding clearElement on session b18e2df0863946a246680f588f5325c6 to remote] DEBUG org.asynchttpclient.netty.request.NettyRequestSender - Using open Channel [id: 0xccfb9fc7, L:/127.0.0.1:49765 - R:localhost/127.0.0.1:50009] for POST '/session/b18e2df0863946a246680f588f5325c6/element/7809517e-9c97-483a-bcb8-c71045355dc6/clear'
18:18:50.346 [AsyncHttpClient-1-6] DEBUG org.asynchttpclient.netty.handler.HttpHandler - 

Request DefaultHttpRequest(decodeResult: success, version: HTTP/1.1)
POST /session/b18e2df0863946a246680f588f5325c6/element/7809517e-9c97-483a-bcb8-c71045355dc6/clear HTTP/1.1
User-Agent: selenium/4.1.2 (java windows)
Content-Length: 50
Content-Type: application/json; charset=utf-8
host: localhost:50009
accept: */*

Response DefaultHttpResponse(decodeResult: success, version: HTTP/1.1)
HTTP/1.1 200 OK
Content-Type: application/json; charset=utf-8
cache-control: no-cache
content-length: 14

18:18:50.347 [AsyncHttpClient-1-6] DEBUG org.asynchttpclient.netty.channel.ChannelManager - Adding key: http://localhost:50009 for channel [id: 0xccfb9fc7, L:/127.0.0.1:49765 - R:localhost/127.0.0.1:50009]
18:18:50.348 [Forwarding sendKeysToElement on session b18e2df0863946a246680f588f5325c6 to remote] DEBUG org.asynchttpclient.netty.request.NettyRequestSender - Using pooled Channel '[id: 0xccfb9fc7, L:/127.0.0.1:49765 - R:localhost/127.0.0.1:50009]' for 'POST' to 'http://localhost:50009/session/b18e2df0863946a246680f588f5325c6/element/7809517e-9c97-483a-bcb8-c71045355dc6/value'
18:18:50.348 [Forwarding sendKeysToElement on session b18e2df0863946a246680f588f5325c6 to remote] DEBUG org.asynchttpclient.netty.request.NettyRequestSender - Using open Channel [id: 0xccfb9fc7, L:/127.0.0.1:49765 - R:localhost/127.0.0.1:50009] for POST '/session/b18e2df0863946a246680f588f5325c6/element/7809517e-9c97-483a-bcb8-c71045355dc6/value'
18:18:50.508 [AsyncHttpClient-1-6] DEBUG org.asynchttpclient.netty.handler.HttpHandler - 

Request DefaultHttpRequest(decodeResult: success, version: HTTP/1.1)
POST /session/b18e2df0863946a246680f588f5325c6/element/7809517e-9c97-483a-bcb8-c71045355dc6/value HTTP/1.1
User-Agent: selenium/4.1.2 (java windows)
Content-Length: 361
Content-Type: application/json; charset=utf-8
host: localhost:50009
accept: */*

Response DefaultHttpResponse(decodeResult: success, version: HTTP/1.1)
HTTP/1.1 200 OK
Content-Type: application/json; charset=utf-8
cache-control: no-cache
content-length: 14

18:18:50.508 [AsyncHttpClient-1-6] DEBUG org.asynchttpclient.netty.channel.ChannelManager - Adding key: http://localhost:50009 for channel [id: 0xccfb9fc7, L:/127.0.0.1:49765 - R:localhost/127.0.0.1:50009]
  &amp#27;[32mAnd &amp#27;[0m&amp#27;[32mI input new &amp#27;[0m&amp#27;[32m&amp#27;[1m""&amp#27;[0m&amp#27;[32m email&amp#27;[0m                   &amp#27;[90m# starter.stepdefinitions.RegisterStep.iInputNewEmail(java.lang.String)&amp#27;[0m
18:18:50.513 [Forwarding screenshot on session b18e2df0863946a246680f588f5325c6 to remote] DEBUG org.asynchttpclient.netty.request.NettyRequestSender - Using pooled Channel '[id: 0xccfb9fc7, L:/127.0.0.1:49765 - R:localhost/127.0.0.1:50009]' for 'GET' to 'http://localhost:50009/session/b18e2df0863946a246680f588f5325c6/screenshot'
18:18:50.513 [Forwarding screenshot on session b18e2df0863946a246680f588f5325c6 to remote] DEBUG org.asynchttpclient.netty.request.NettyRequestSender - Using open Channel [id: 0xccfb9fc7, L:/127.0.0.1:49765 - R:localhost/127.0.0.1:50009] for GET '/session/b18e2df0863946a246680f588f5325c6/screenshot'
18:18:50.709 [AsyncHttpClient-1-6] DEBUG org.asynchttpclient.netty.handler.HttpHandler - 

Request DefaultFullHttpRequest(decodeResult: success, version: HTTP/1.1, content: EmptyByteBufBE)
GET /session/b18e2df0863946a246680f588f5325c6/screenshot HTTP/1.1
User-Agent: selenium/4.1.2 (java windows)
Cache-Control: no-cache
Content-Type: application/json; charset=utf-8
host: localhost:50009
accept: */*

Response DefaultHttpResponse(decodeResult: success, version: HTTP/1.1)
HTTP/1.1 200 OK
Content-Type: application/json; charset=utf-8
cache-control: no-cache
content-length: 45924

18:18:50.709 [AsyncHttpClient-1-6] DEBUG org.asynchttpclient.netty.channel.ChannelManager - Adding key: http://localhost:50009 for channel [id: 0xccfb9fc7, L:/127.0.0.1:49765 - R:localhost/127.0.0.1:50009]
18:18:50.710 [main] DEBUG net.serenitybdd.core.photography.Darkroom - Send negative for processing for target\site\serenity\c06948bd9fb0e368e40203eafccd24c150a7499745725bf2924fe82c80c6233d.png
18:18:50.710 [Darkroom Processing Line] DEBUG net.serenitybdd.core.photography.DarkroomProcessingLine - Processing screenshot image in /var/screenshots/screenshot-10627984715676841159
18:18:50.710 [Darkroom Processing Line] DEBUG net.serenitybdd.core.photography.DarkroomProcessingLine - Saving screenshot to target\site\serenity\c06948bd9fb0e368e40203eafccd24c150a7499745725bf2924fe82c80c6233d.png
18:18:50.716 [Forwarding findElement on session b18e2df0863946a246680f588f5325c6 to remote] DEBUG org.asynchttpclient.netty.request.NettyRequestSender - Using pooled Channel '[id: 0xccfb9fc7, L:/127.0.0.1:49765 - R:localhost/127.0.0.1:50009]' for 'POST' to 'http://localhost:50009/session/b18e2df0863946a246680f588f5325c6/element'
18:18:50.716 [Forwarding findElement on session b18e2df0863946a246680f588f5325c6 to remote] DEBUG org.asynchttpclient.netty.request.NettyRequestSender - Using open Channel [id: 0xccfb9fc7, L:/127.0.0.1:49765 - R:localhost/127.0.0.1:50009] for POST '/session/b18e2df0863946a246680f588f5325c6/element'
18:18:50.725 [AsyncHttpClient-1-6] DEBUG org.asynchttpclient.netty.handler.HttpHandler - 

Request DefaultHttpRequest(decodeResult: success, version: HTTP/1.1)
POST /session/b18e2df0863946a246680f588f5325c6/element HTTP/1.1
User-Agent: selenium/4.1.2 (java windows)
Content-Length: 91
Content-Type: application/json; charset=utf-8
host: localhost:50009
accept: */*

Response DefaultHttpResponse(decodeResult: success, version: HTTP/1.1)
HTTP/1.1 200 OK
Content-Type: application/json; charset=utf-8
cache-control: no-cache
content-length: 88

18:18:50.725 [AsyncHttpClient-1-6] DEBUG org.asynchttpclient.netty.channel.ChannelManager - Adding key: http://localhost:50009 for channel [id: 0xccfb9fc7, L:/127.0.0.1:49765 - R:localhost/127.0.0.1:50009]
18:18:50.726 [Forwarding clearElement on session b18e2df0863946a246680f588f5325c6 to remote] DEBUG org.asynchttpclient.netty.request.NettyRequestSender - Using pooled Channel '[id: 0xccfb9fc7, L:/127.0.0.1:49765 - R:localhost/127.0.0.1:50009]' for 'POST' to 'http://localhost:50009/session/b18e2df0863946a246680f588f5325c6/element/3abc8682-9654-4c14-bc2f-423bdfad4e9a/clear'
18:18:50.726 [Forwarding clearElement on session b18e2df0863946a246680f588f5325c6 to remote] DEBUG org.asynchttpclient.netty.request.NettyRequestSender - Using open Channel [id: 0xccfb9fc7, L:/127.0.0.1:49765 - R:localhost/127.0.0.1:50009] for POST '/session/b18e2df0863946a246680f588f5325c6/element/3abc8682-9654-4c14-bc2f-423bdfad4e9a/clear'
18:18:50.749 [AsyncHttpClient-1-6] DEBUG org.asynchttpclient.netty.handler.HttpHandler - 

Request DefaultHttpRequest(decodeResult: success, version: HTTP/1.1)
POST /session/b18e2df0863946a246680f588f5325c6/element/3abc8682-9654-4c14-bc2f-423bdfad4e9a/clear HTTP/1.1
User-Agent: selenium/4.1.2 (java windows)
Content-Length: 50
Content-Type: application/json; charset=utf-8
host: localhost:50009
accept: */*

Response DefaultHttpResponse(decodeResult: success, version: HTTP/1.1)
HTTP/1.1 200 OK
Content-Type: application/json; charset=utf-8
cache-control: no-cache
content-length: 14

18:18:50.749 [AsyncHttpClient-1-6] DEBUG org.asynchttpclient.netty.channel.ChannelManager - Adding key: http://localhost:50009 for channel [id: 0xccfb9fc7, L:/127.0.0.1:49765 - R:localhost/127.0.0.1:50009]
18:18:50.750 [Forwarding sendKeysToElement on session b18e2df0863946a246680f588f5325c6 to remote] DEBUG org.asynchttpclient.netty.request.NettyRequestSender - Using pooled Channel '[id: 0xccfb9fc7, L:/127.0.0.1:49765 - R:localhost/127.0.0.1:50009]' for 'POST' to 'http://localhost:50009/session/b18e2df0863946a246680f588f5325c6/element/3abc8682-9654-4c14-bc2f-423bdfad4e9a/value'
18:18:50.750 [Forwarding sendKeysToElement on session b18e2df0863946a246680f588f5325c6 to remote] DEBUG org.asynchttpclient.netty.request.NettyRequestSender - Using open Channel [id: 0xccfb9fc7, L:/127.0.0.1:49765 - R:localhost/127.0.0.1:50009] for POST '/session/b18e2df0863946a246680f588f5325c6/element/3abc8682-9654-4c14-bc2f-423bdfad4e9a/value'
18:18:50.781 [AsyncHttpClient-1-6] DEBUG org.asynchttpclient.netty.handler.HttpHandler - 

Request DefaultHttpRequest(decodeResult: success, version: HTTP/1.1)
POST /session/b18e2df0863946a246680f588f5325c6/element/3abc8682-9654-4c14-bc2f-423bdfad4e9a/value HTTP/1.1
User-Agent: selenium/4.1.2 (java windows)
Content-Length: 82
Content-Type: application/json; charset=utf-8
host: localhost:50009
accept: */*

Response DefaultHttpResponse(decodeResult: success, version: HTTP/1.1)
HTTP/1.1 200 OK
Content-Type: application/json; charset=utf-8
cache-control: no-cache
content-length: 14

18:18:50.781 [AsyncHttpClient-1-6] DEBUG org.asynchttpclient.netty.channel.ChannelManager - Adding key: http://localhost:50009 for channel [id: 0xccfb9fc7, L:/127.0.0.1:49765 - R:localhost/127.0.0.1:50009]
  &amp#27;[32mAnd &amp#27;[0m&amp#27;[32mI input new &amp#27;[0m&amp#27;[32m&amp#27;[1m""&amp#27;[0m&amp#27;[32m password&amp#27;[0m                &amp#27;[90m# starter.stepdefinitions.RegisterStep.iInputNewPassword(java.lang.String)&amp#27;[0m
18:18:50.785 [Forwarding screenshot on session b18e2df0863946a246680f588f5325c6 to remote] DEBUG org.asynchttpclient.netty.request.NettyRequestSender - Using pooled Channel '[id: 0xccfb9fc7, L:/127.0.0.1:49765 - R:localhost/127.0.0.1:50009]' for 'GET' to 'http://localhost:50009/session/b18e2df0863946a246680f588f5325c6/screenshot'
18:18:50.785 [Forwarding screenshot on session b18e2df0863946a246680f588f5325c6 to remote] DEBUG org.asynchttpclient.netty.request.NettyRequestSender - Using open Channel [id: 0xccfb9fc7, L:/127.0.0.1:49765 - R:localhost/127.0.0.1:50009] for GET '/session/b18e2df0863946a246680f588f5325c6/screenshot'
18:18:50.896 [AsyncHttpClient-1-1] DEBUG org.asynchttpclient.netty.channel.DefaultChannelPool - Entry count for : http://localhost:49766 : 1
18:18:50.972 [AsyncHttpClient-1-6] DEBUG org.asynchttpclient.netty.handler.HttpHandler - 

Request DefaultFullHttpRequest(decodeResult: success, version: HTTP/1.1, content: EmptyByteBufBE)
GET /session/b18e2df0863946a246680f588f5325c6/screenshot HTTP/1.1
User-Agent: selenium/4.1.2 (java windows)
Cache-Control: no-cache
Content-Type: application/json; charset=utf-8
host: localhost:50009
accept: */*

Response DefaultHttpResponse(decodeResult: success, version: HTTP/1.1)
HTTP/1.1 200 OK
Content-Type: application/json; charset=utf-8
cache-control: no-cache
content-length: 45500

18:18:50.972 [AsyncHttpClient-1-6] DEBUG org.asynchttpclient.netty.channel.ChannelManager - Adding key: http://localhost:50009 for channel [id: 0xccfb9fc7, L:/127.0.0.1:49765 - R:localhost/127.0.0.1:50009]
18:18:50.974 [main] DEBUG net.serenitybdd.core.photography.Darkroom - Send negative for processing for target\site\serenity\0c1df1179a9263fc56331e612d6df69abbba048a6745d08c5b61eb68dc7716fd.png
18:18:50.974 [Darkroom Processing Line] DEBUG net.serenitybdd.core.photography.DarkroomProcessingLine - Processing screenshot image in /var/screenshots/screenshot-12023680406879721374
18:18:50.974 [Darkroom Processing Line] DEBUG net.serenitybdd.core.photography.DarkroomProcessingLine - Saving screenshot to target\site\serenity\0c1df1179a9263fc56331e612d6df69abbba048a6745d08c5b61eb68dc7716fd.png
18:18:50.979 [Forwarding findElement on session b18e2df0863946a246680f588f5325c6 to remote] DEBUG org.asynchttpclient.netty.request.NettyRequestSender - Using pooled Channel '[id: 0xccfb9fc7, L:/127.0.0.1:49765 - R:localhost/127.0.0.1:50009]' for 'POST' to 'http://localhost:50009/session/b18e2df0863946a246680f588f5325c6/element'
18:18:50.979 [Forwarding findElement on session b18e2df0863946a246680f588f5325c6 to remote] DEBUG org.asynchttpclient.netty.request.NettyRequestSender - Using open Channel [id: 0xccfb9fc7, L:/127.0.0.1:49765 - R:localhost/127.0.0.1:50009] for POST '/session/b18e2df0863946a246680f588f5325c6/element'
18:18:50.988 [AsyncHttpClient-1-6] DEBUG org.asynchttpclient.netty.handler.HttpHandler - 

Request DefaultHttpRequest(decodeResult: success, version: HTTP/1.1)
POST /session/b18e2df0863946a246680f588f5325c6/element HTTP/1.1
User-Agent: selenium/4.1.2 (java windows)
Content-Length: 121
Content-Type: application/json; charset=utf-8
host: localhost:50009
accept: */*

Response DefaultHttpResponse(decodeResult: success, version: HTTP/1.1)
HTTP/1.1 200 OK
Content-Type: application/json; charset=utf-8
cache-control: no-cache
content-length: 88

18:18:50.988 [AsyncHttpClient-1-6] DEBUG org.asynchttpclient.netty.channel.ChannelManager - Adding key: http://localhost:50009 for channel [id: 0xccfb9fc7, L:/127.0.0.1:49765 - R:localhost/127.0.0.1:50009]
18:18:50.989 [Forwarding getElementTagName on session b18e2df0863946a246680f588f5325c6 to remote] DEBUG org.asynchttpclient.netty.request.NettyRequestSender - Using pooled Channel '[id: 0xccfb9fc7, L:/127.0.0.1:49765 - R:localhost/127.0.0.1:50009]' for 'GET' to 'http://localhost:50009/session/b18e2df0863946a246680f588f5325c6/element/fe5d1b91-eda1-4134-b461-208f34a809d2/name'
18:18:50.989 [Forwarding getElementTagName on session b18e2df0863946a246680f588f5325c6 to remote] DEBUG org.asynchttpclient.netty.request.NettyRequestSender - Using open Channel [id: 0xccfb9fc7, L:/127.0.0.1:49765 - R:localhost/127.0.0.1:50009] for GET '/session/b18e2df0863946a246680f588f5325c6/element/fe5d1b91-eda1-4134-b461-208f34a809d2/name'
18:18:50.995 [AsyncHttpClient-1-6] DEBUG org.asynchttpclient.netty.handler.HttpHandler - 

Request DefaultFullHttpRequest(decodeResult: success, version: HTTP/1.1, content: EmptyByteBufBE)
GET /session/b18e2df0863946a246680f588f5325c6/element/fe5d1b91-eda1-4134-b461-208f34a809d2/name HTTP/1.1
User-Agent: selenium/4.1.2 (java windows)
Cache-Control: no-cache
Content-Type: application/json; charset=utf-8
host: localhost:50009
accept: */*

Response DefaultHttpResponse(decodeResult: success, version: HTTP/1.1)
HTTP/1.1 200 OK
Content-Type: application/json; charset=utf-8
cache-control: no-cache
content-length: 16

18:18:50.995 [AsyncHttpClient-1-6] DEBUG org.asynchttpclient.netty.channel.ChannelManager - Adding key: http://localhost:50009 for channel [id: 0xccfb9fc7, L:/127.0.0.1:49765 - R:localhost/127.0.0.1:50009]
18:18:50.996 [Forwarding getElementTagName on session b18e2df0863946a246680f588f5325c6 to remote] DEBUG org.asynchttpclient.netty.request.NettyRequestSender - Using pooled Channel '[id: 0xccfb9fc7, L:/127.0.0.1:49765 - R:localhost/127.0.0.1:50009]' for 'GET' to 'http://localhost:50009/session/b18e2df0863946a246680f588f5325c6/element/fe5d1b91-eda1-4134-b461-208f34a809d2/name'
18:18:50.996 [Forwarding getElementTagName on session b18e2df0863946a246680f588f5325c6 to remote] DEBUG org.asynchttpclient.netty.request.NettyRequestSender - Using open Channel [id: 0xccfb9fc7, L:/127.0.0.1:49765 - R:localhost/127.0.0.1:50009] for GET '/session/b18e2df0863946a246680f588f5325c6/element/fe5d1b91-eda1-4134-b461-208f34a809d2/name'
18:18:51.000 [AsyncHttpClient-1-6] DEBUG org.asynchttpclient.netty.handler.HttpHandler - 

Request DefaultFullHttpRequest(decodeResult: success, version: HTTP/1.1, content: EmptyByteBufBE)
GET /session/b18e2df0863946a246680f588f5325c6/element/fe5d1b91-eda1-4134-b461-208f34a809d2/name HTTP/1.1
User-Agent: selenium/4.1.2 (java windows)
Cache-Control: no-cache
Content-Type: application/json; charset=utf-8
host: localhost:50009
accept: */*

Response DefaultHttpResponse(decodeResult: success, version: HTTP/1.1)
HTTP/1.1 200 OK
Content-Type: application/json; charset=utf-8
cache-control: no-cache
content-length: 16

18:18:51.000 [AsyncHttpClient-1-6] DEBUG org.asynchttpclient.netty.channel.ChannelManager - Adding key: http://localhost:50009 for channel [id: 0xccfb9fc7, L:/127.0.0.1:49765 - R:localhost/127.0.0.1:50009]
18:18:51.001 [Forwarding findElement on session b18e2df0863946a246680f588f5325c6 to remote] DEBUG org.asynchttpclient.netty.request.NettyRequestSender - Using pooled Channel '[id: 0xccfb9fc7, L:/127.0.0.1:49765 - R:localhost/127.0.0.1:50009]' for 'POST' to 'http://localhost:50009/session/b18e2df0863946a246680f588f5325c6/element'
18:18:51.001 [Forwarding findElement on session b18e2df0863946a246680f588f5325c6 to remote] DEBUG org.asynchttpclient.netty.request.NettyRequestSender - Using open Channel [id: 0xccfb9fc7, L:/127.0.0.1:49765 - R:localhost/127.0.0.1:50009] for POST '/session/b18e2df0863946a246680f588f5325c6/element'
18:18:51.007 [AsyncHttpClient-1-6] DEBUG org.asynchttpclient.netty.handler.HttpHandler - 

Request DefaultHttpRequest(decodeResult: success, version: HTTP/1.1)
POST /session/b18e2df0863946a246680f588f5325c6/element HTTP/1.1
User-Agent: selenium/4.1.2 (java windows)
Content-Length: 121
Content-Type: application/json; charset=utf-8
host: localhost:50009
accept: */*

Response DefaultHttpResponse(decodeResult: success, version: HTTP/1.1)
HTTP/1.1 200 OK
Content-Type: application/json; charset=utf-8
cache-control: no-cache
content-length: 88

18:18:51.007 [AsyncHttpClient-1-6] DEBUG org.asynchttpclient.netty.channel.ChannelManager - Adding key: http://localhost:50009 for channel [id: 0xccfb9fc7, L:/127.0.0.1:49765 - R:localhost/127.0.0.1:50009]
18:18:51.008 [Forwarding clickElement on session b18e2df0863946a246680f588f5325c6 to remote] DEBUG org.asynchttpclient.netty.request.NettyRequestSender - Using pooled Channel '[id: 0xccfb9fc7, L:/127.0.0.1:49765 - R:localhost/127.0.0.1:50009]' for 'POST' to 'http://localhost:50009/session/b18e2df0863946a246680f588f5325c6/element/fe5d1b91-eda1-4134-b461-208f34a809d2/click'
18:18:51.008 [Forwarding clickElement on session b18e2df0863946a246680f588f5325c6 to remote] DEBUG org.asynchttpclient.netty.request.NettyRequestSender - Using open Channel [id: 0xccfb9fc7, L:/127.0.0.1:49765 - R:localhost/127.0.0.1:50009] for POST '/session/b18e2df0863946a246680f588f5325c6/element/fe5d1b91-eda1-4134-b461-208f34a809d2/click'
18:18:51.043 [AsyncHttpClient-1-6] DEBUG org.asynchttpclient.netty.handler.HttpHandler - 

Request DefaultHttpRequest(decodeResult: success, version: HTTP/1.1)
POST /session/b18e2df0863946a246680f588f5325c6/element/fe5d1b91-eda1-4134-b461-208f34a809d2/click HTTP/1.1
User-Agent: selenium/4.1.2 (java windows)
Content-Length: 50
Content-Type: application/json; charset=utf-8
host: localhost:50009
accept: */*

Response DefaultHttpResponse(decodeResult: success, version: HTTP/1.1)
HTTP/1.1 200 OK
Content-Type: application/json; charset=utf-8
cache-control: no-cache
content-length: 14

18:18:51.043 [AsyncHttpClient-1-6] DEBUG org.asynchttpclient.netty.channel.ChannelManager - Adding key: http://localhost:50009 for channel [id: 0xccfb9fc7, L:/127.0.0.1:49765 - R:localhost/127.0.0.1:50009]
  &amp#27;[32mAnd &amp#27;[0m&amp#27;[32mI click Register button&amp#27;[0m                &amp#27;[90m# starter.stepdefinitions.RegisterStep.iClickRegisterButton()&amp#27;[0m
18:18:51.046 [Forwarding screenshot on session b18e2df0863946a246680f588f5325c6 to remote] DEBUG org.asynchttpclient.netty.request.NettyRequestSender - Using pooled Channel '[id: 0xccfb9fc7, L:/127.0.0.1:49765 - R:localhost/127.0.0.1:50009]' for 'GET' to 'http://localhost:50009/session/b18e2df0863946a246680f588f5325c6/screenshot'
18:18:51.046 [Forwarding screenshot on session b18e2df0863946a246680f588f5325c6 to remote] DEBUG org.asynchttpclient.netty.request.NettyRequestSender - Using open Channel [id: 0xccfb9fc7, L:/127.0.0.1:49765 - R:localhost/127.0.0.1:50009] for GET '/session/b18e2df0863946a246680f588f5325c6/screenshot'
18:18:51.235 [AsyncHttpClient-1-6] DEBUG org.asynchttpclient.netty.handler.HttpHandler - 

Request DefaultFullHttpRequest(decodeResult: success, version: HTTP/1.1, content: EmptyByteBufBE)
GET /session/b18e2df0863946a246680f588f5325c6/screenshot HTTP/1.1
User-Agent: selenium/4.1.2 (java windows)
Cache-Control: no-cache
Content-Type: application/json; charset=utf-8
host: localhost:50009
accept: */*

Response DefaultHttpResponse(decodeResult: success, version: HTTP/1.1)
HTTP/1.1 200 OK
Content-Type: application/json; charset=utf-8
cache-control: no-cache
content-length: 45896

18:18:51.235 [AsyncHttpClient-1-6] DEBUG org.asynchttpclient.netty.channel.ChannelManager - Adding key: http://localhost:50009 for channel [id: 0xccfb9fc7, L:/127.0.0.1:49765 - R:localhost/127.0.0.1:50009]
18:18:51.236 [main] DEBUG net.serenitybdd.core.photography.Darkroom - Send negative for processing for target\site\serenity\b2f336445c2f3cfc3fc4e5373c00a53fadfe59e2a3637481f203ab503678203a.png
18:18:51.237 [Darkroom Processing Line] DEBUG net.serenitybdd.core.photography.DarkroomProcessingLine - Processing screenshot image in /var/screenshots/screenshot-5813032578781376029
18:18:51.237 [Darkroom Processing Line] DEBUG net.serenitybdd.core.photography.DarkroomProcessingLine - Saving screenshot to target\site\serenity\b2f336445c2f3cfc3fc4e5373c00a53fadfe59e2a3637481f203ab503678203a.png
18:18:51.242 [Forwarding findElement on session b18e2df0863946a246680f588f5325c6 to remote] DEBUG org.asynchttpclient.netty.request.NettyRequestSender - Using pooled Channel '[id: 0xccfb9fc7, L:/127.0.0.1:49765 - R:localhost/127.0.0.1:50009]' for 'POST' to 'http://localhost:50009/session/b18e2df0863946a246680f588f5325c6/element'
18:18:51.242 [Forwarding findElement on session b18e2df0863946a246680f588f5325c6 to remote] DEBUG org.asynchttpclient.netty.request.NettyRequestSender - Using open Channel [id: 0xccfb9fc7, L:/127.0.0.1:49765 - R:localhost/127.0.0.1:50009] for POST '/session/b18e2df0863946a246680f588f5325c6/element'
18:18:51.680 [AsyncHttpClient-1-6] DEBUG org.asynchttpclient.netty.handler.HttpHandler - 

Request DefaultHttpRequest(decodeResult: success, version: HTTP/1.1)
POST /session/b18e2df0863946a246680f588f5325c6/element HTTP/1.1
User-Agent: selenium/4.1.2 (java windows)
Content-Length: 81
Content-Type: application/json; charset=utf-8
host: localhost:50009
accept: */*

Response DefaultHttpResponse(decodeResult: success, version: HTTP/1.1)
HTTP/1.1 200 OK
Content-Type: application/json; charset=utf-8
cache-control: no-cache
content-length: 88

18:18:51.680 [AsyncHttpClient-1-6] DEBUG org.asynchttpclient.netty.channel.ChannelManager - Adding key: http://localhost:50009 for channel [id: 0xccfb9fc7, L:/127.0.0.1:49765 - R:localhost/127.0.0.1:50009]
18:18:51.683 [Forwarding isElementDisplayed on session b18e2df0863946a246680f588f5325c6 to remote] DEBUG org.asynchttpclient.netty.request.NettyRequestSender - Using pooled Channel '[id: 0xccfb9fc7, L:/127.0.0.1:49765 - R:localhost/127.0.0.1:50009]' for 'POST' to 'http://localhost:50009/session/b18e2df0863946a246680f588f5325c6/execute/sync'
18:18:51.683 [Forwarding isElementDisplayed on session b18e2df0863946a246680f588f5325c6 to remote] DEBUG org.asynchttpclient.netty.request.NettyRequestSender - Using open Channel [id: 0xccfb9fc7, L:/127.0.0.1:49765 - R:localhost/127.0.0.1:50009] for POST '/session/b18e2df0863946a246680f588f5325c6/execute/sync'
18:18:51.699 [AsyncHttpClient-1-6] DEBUG org.asynchttpclient.netty.handler.HttpHandler - 

Request DefaultHttpRequest(decodeResult: success, version: HTTP/1.1)
POST /session/b18e2df0863946a246680f588f5325c6/execute/sync HTTP/1.1
User-Agent: selenium/4.1.2 (java windows)
Content-Length: 48780
Content-Type: application/json; charset=utf-8
host: localhost:50009
accept: */*

Response DefaultHttpResponse(decodeResult: success, version: HTTP/1.1)
HTTP/1.1 200 OK
Content-Type: application/json; charset=utf-8
cache-control: no-cache
content-length: 14

18:18:51.699 [AsyncHttpClient-1-6] DEBUG org.asynchttpclient.netty.channel.ChannelManager - Adding key: http://localhost:50009 for channel [id: 0xccfb9fc7, L:/127.0.0.1:49765 - R:localhost/127.0.0.1:50009]
  &amp#27;[32mThen &amp#27;[0m&amp#27;[32mI will get the &amp#27;[0m&amp#27;[32m&amp#27;[1m"Fail register"&amp#27;[0m&amp#27;[32m result&amp#27;[0m &amp#27;[90m# starter.stepdefinitions.RegisterStep.iWillGetTheResult(java.lang.String)&amp#27;[0m
18:18:51.702 [Forwarding screenshot on session b18e2df0863946a246680f588f5325c6 to remote] DEBUG org.asynchttpclient.netty.request.NettyRequestSender - Using pooled Channel '[id: 0xccfb9fc7, L:/127.0.0.1:49765 - R:localhost/127.0.0.1:50009]' for 'GET' to 'http://localhost:50009/session/b18e2df0863946a246680f588f5325c6/screenshot'
18:18:51.702 [Forwarding screenshot on session b18e2df0863946a246680f588f5325c6 to remote] DEBUG org.asynchttpclient.netty.request.NettyRequestSender - Using open Channel [id: 0xccfb9fc7, L:/127.0.0.1:49765 - R:localhost/127.0.0.1:50009] for GET '/session/b18e2df0863946a246680f588f5325c6/screenshot'
18:18:51.870 [AsyncHttpClient-1-6] DEBUG org.asynchttpclient.netty.handler.HttpHandler - 

Request DefaultFullHttpRequest(decodeResult: success, version: HTTP/1.1, content: EmptyByteBufBE)
GET /session/b18e2df0863946a246680f588f5325c6/screenshot HTTP/1.1
User-Agent: selenium/4.1.2 (java windows)
Cache-Control: no-cache
Content-Type: application/json; charset=utf-8
host: localhost:50009
accept: */*

Response DefaultHttpResponse(decodeResult: success, version: HTTP/1.1)
HTTP/1.1 200 OK
Content-Type: application/json; charset=utf-8
cache-control: no-cache
content-length: 47520

18:18:51.870 [AsyncHttpClient-1-6] DEBUG org.asynchttpclient.netty.channel.ChannelManager - Adding key: http://localhost:50009 for channel [id: 0xccfb9fc7, L:/127.0.0.1:49765 - R:localhost/127.0.0.1:50009]
18:18:51.872 [main] DEBUG net.serenitybdd.core.photography.Darkroom - Send negative for processing for target\site\serenity\7e3984245dbd27da976fe4ec41945e8764b2a43900387f584f416bd925e07a06.png
18:18:51.873 [Darkroom Processing Line] DEBUG net.serenitybdd.core.photography.DarkroomProcessingLine - Processing screenshot image in /var/screenshots/screenshot-17160026322291023871
18:18:51.873 [Darkroom Processing Line] DEBUG net.serenitybdd.core.photography.DarkroomProcessingLine - Saving screenshot to target\site\serenity\7e3984245dbd27da976fe4ec41945e8764b2a43900387f584f416bd925e07a06.png
18:18:51.877 [Driver Command Executor] DEBUG org.asynchttpclient.netty.request.NettyRequestSender - Using pooled Channel '[id: 0xccfb9fc7, L:/127.0.0.1:49765 - R:localhost/127.0.0.1:50009]' for 'DELETE' to 'http://localhost:50009/session/b18e2df0863946a246680f588f5325c6'
18:18:51.877 [Driver Command Executor] DEBUG org.asynchttpclient.netty.request.NettyRequestSender - Using open Channel [id: 0xccfb9fc7, L:/127.0.0.1:49765 - R:localhost/127.0.0.1:50009] for DELETE '/session/b18e2df0863946a246680f588f5325c6'
18:18:51.877 [AsyncHttpClient-1-8] DEBUG org.asynchttpclient.netty.handler.WebSocketHandler - Channel Closed: [id: 0x85567c95, L:/127.0.0.1:49773 ! R:localhost/127.0.0.1:49766] with attribute NettyResponseFuture{currentRetry=5,
	isDone=1,
	isCancelled=0,
	asyncHandler=org.asynchttpclient.ws.WebSocketUpgradeHandler@31a788d8,
	nettyRequest=org.asynchttpclient.netty.request.NettyRequest@4c784391,
	future=java.util.concurrent.CompletableFuture@1c61d854[Completed normally],
	uri=ws://localhost:49766/devtools/browser/6fe8b9c4-26f1-486e-9b9d-32c61bb650cc,
	keepAlive=true,
	redirectCount=0,
	timeoutsHolder=null,
	inAuth=0,
	touch=1667560728309}
18:18:51.878 [AsyncHttpClient-1-8] DEBUG org.asynchttpclient.netty.channel.ChannelManager - Closing Channel [id: 0x85567c95, L:/127.0.0.1:49773 ! R:localhost/127.0.0.1:49766] 
18:18:51.930 [AsyncHttpClient-1-7] DEBUG org.asynchttpclient.netty.handler.HttpHandler - Unexpected I/O exception on channel [id: 0x0a85eab7, L:/127.0.0.1:49772 - R:localhost/127.0.0.1:49766]
java.io.IOException: An existing connection was forcibly closed by the remote host
	at java.base/sun.nio.ch.SocketDispatcher.read0(Native Method)
	at java.base/sun.nio.ch.SocketDispatcher.read(SocketDispatcher.java:43)
	at java.base/sun.nio.ch.IOUtil.readIntoNativeBuffer(IOUtil.java:276)
	at java.base/sun.nio.ch.IOUtil.read(IOUtil.java:233)
	at java.base/sun.nio.ch.IOUtil.read(IOUtil.java:223)
	at java.base/sun.nio.ch.SocketChannelImpl.read(SocketChannelImpl.java:358)
	at io.netty.buffer.PooledByteBuf.setBytes(PooledByteBuf.java:258)
	at io.netty.buffer.AbstractByteBuf.writeBytes(AbstractByteBuf.java:1132)
	at io.netty.channel.socket.nio.NioSocketChannel.doReadBytes(NioSocketChannel.java:350)
	at io.netty.channel.nio.AbstractNioByteChannel$NioByteUnsafe.read(AbstractNioByteChannel.java:151)
	at io.netty.channel.nio.NioEventLoop.processSelectedKey(NioEventLoop.java:722)
	at io.netty.channel.nio.NioEventLoop.processSelectedKeysOptimized(NioEventLoop.java:658)
	at io.netty.channel.nio.NioEventLoop.processSelectedKeys(NioEventLoop.java:584)
	at io.netty.channel.nio.NioEventLoop.run(NioEventLoop.java:496)
	at io.netty.util.concurrent.SingleThreadEventExecutor$4.run(SingleThreadEventExecutor.java:986)
	at io.netty.util.internal.ThreadExecutorMap$2.run(ThreadExecutorMap.java:74)
	at io.netty.util.concurrent.FastThreadLocalRunnable.run(FastThreadLocalRunnable.java:30)
	at java.base/java.lang.Thread.run(Thread.java:834)
18:18:51.930 [AsyncHttpClient-1-7] DEBUG org.asynchttpclient.netty.channel.ChannelManager - Closing Channel [id: 0x0a85eab7, L:/127.0.0.1:49772 - R:localhost/127.0.0.1:49766] 
18:18:51.931 [AsyncHttpClient-1-7] DEBUG org.asynchttpclient.netty.handler.HttpHandler - Channel Closed: [id: 0x0a85eab7, L:/127.0.0.1:49772 ! R:localhost/127.0.0.1:49766] with attribute DISCARD
18:18:51.948 [AsyncHttpClient-1-6] DEBUG org.asynchttpclient.netty.handler.HttpHandler - 

Request DefaultFullHttpRequest(decodeResult: success, version: HTTP/1.1, content: EmptyByteBufBE)
DELETE /session/b18e2df0863946a246680f588f5325c6 HTTP/1.1
User-Agent: selenium/4.1.2 (java windows)
Content-Type: application/json; charset=utf-8
host: localhost:50009
accept: */*

Response DefaultHttpResponse(decodeResult: success, version: HTTP/1.1)
HTTP/1.1 200 OK
Content-Type: application/json; charset=utf-8
cache-control: no-cache
content-length: 14

18:18:51.948 [AsyncHttpClient-1-6] DEBUG org.asynchttpclient.netty.channel.ChannelManager - Adding key: http://localhost:50009 for channel [id: 0xccfb9fc7, L:/127.0.0.1:49765 - R:localhost/127.0.0.1:50009]
18:18:51.989 [AsyncHttpClient-1-1] DEBUG org.asynchttpclient.netty.channel.DefaultChannelPool - Entry count for : http://localhost:50009 : 1
18:18:51.989 [AsyncHttpClient-1-1] DEBUG org.asynchttpclient.netty.channel.DefaultChannelPool - Entry count for : http://localhost:49766 : 1
18:18:51.989 [AsyncHttpClient-1-1] DEBUG org.asynchttpclient.netty.channel.DefaultChannelPool - Adding Candidate expired Channel [id: 0x0a85eab7, L:/127.0.0.1:49772 ! R:localhost/127.0.0.1:49766] isIdleTimeoutExpired=false isRemotelyClosed=true isTtlExpired=false
18:18:51.989 [AsyncHttpClient-1-1] DEBUG org.asynchttpclient.netty.channel.DefaultChannelPool - Closing Idle Channel [id: 0x0a85eab7, L:/127.0.0.1:49772 ! R:localhost/127.0.0.1:49766]
18:18:51.989 [AsyncHttpClient-1-1] DEBUG org.asynchttpclient.netty.channel.DefaultChannelPool - Closed 1 connections out of 2 in 0 ms
18:18:52.008 [AsyncHttpClient-1-6] DEBUG org.asynchttpclient.netty.handler.HttpHandler - Channel Closed: [id: 0xccfb9fc7, L:/127.0.0.1:49765 ! R:localhost/127.0.0.1:50009] with attribute DISCARD
]]></system-out>
    <system-err><![CDATA[Starting ChromeDriver 107.0.5304.62 (1eec40d3a5764881c92085aaee66d25075c159aa-refs/branch-heads/5304@{#942}) on port 50009
Only local connections are allowed.
Please see https://chromedriver.chromium.org/security-considerations for suggestions on keeping ChromeDriver safe.
ChromeDriver was started successfully.
Nov 04, 2022 6:18:48 PM org.openqa.selenium.remote.ProtocolHandshake createSession
INFO: Detected dialect: W3C
Nov 04, 2022 6:18:48 PM org.openqa.selenium.devtools.CdpVersionFinder findNearestMatch
WARNING: Unable to find an exact match for CDP version 107, so returning the closest version found: a no-op implementation
Nov 04, 2022 6:18:48 PM org.openqa.selenium.devtools.CdpVersionFinder findNearestMatch
INFO: Unable to find CDP implementation matching 107.
Nov 04, 2022 6:18:48 PM org.openqa.selenium.chromium.ChromiumDriver lambda$new$3
WARNING: Unable to find version of CDP to use for . You may need to include a dependency on a specific version of the CDP using something similar to `org.seleniumhq.selenium:selenium-devtools-v86:4.1.2` where the version ("v86") matches the version of the chromium-based browser you're using and the version number of the artifact is the same as Selenium's.
]]></system-err>
  </testcase>
  <testcase name="Register new a account #5" classname="Register" time="5.078">
    <system-out><![CDATA[
@Register
Scenario Outline: Register new a account     &amp#27;[90m# src/test/resources/features/register.feature:22&amp#27;[0m
18:18:52.081 [main] INFO io.cucumber.core.plugin.SerenityReporter - Running feature from file:///D:/Ra/file%20kuliah/semester%207/resume%20alta/Mini%20Project/Web/AltaShop/src/test/resources/features/register.feature
18:18:52.085 [main] INFO net.serenitybdd.core.webdriver.driverproviders.ChromeDriverProvider - Using automatically driver download
18:18:52.169 [main] DEBUG io.github.bonigarcia.wdm.cache.ResolutionCache - Resolution chrome=107 in cache (valid until 18:54:29 04/11/2022 ICT)
18:18:52.172 [main] DEBUG io.github.bonigarcia.wdm.cache.ResolutionCache - Resolution chrome107=107.0.5304.62 in cache (valid until 17:54:29 05/11/2022 ICT)
18:18:52.174 [main] INFO io.github.bonigarcia.wdm.WebDriverManager - Using chromedriver 107.0.5304.62 (resolved driver for Chrome 107)
18:18:52.181 [main] DEBUG io.github.bonigarcia.wdm.WebDriverManager - Driver chromedriver 107.0.5304.62 found in cache
18:18:52.182 [main] INFO io.github.bonigarcia.wdm.WebDriverManager - Exporting webdriver.chrome.driver as C:\Users\rilaa\.cache\selenium\chromedriver\win32\107.0.5304.62\chromedriver.exe
18:18:52.281 [main] DEBUG net.serenitybdd.core.webdriver.driverproviders.ProvideNewDriver - Instantiating driver
18:18:52.281 [main] DEBUG net.serenitybdd.core.webdriver.driverproviders.ProvideNewDriver - Driver capabilities: Capabilities {acceptInsecureCerts: false, base.url: https://alta-shop.vercel.app, browserName: chrome, chrome.driver: src/test/resources/webdrive..., driver: chrome, goog:chromeOptions: {args: [], extensions: []}}
18:18:52.331 [AsyncHttpClient-1-9] DEBUG org.asynchttpclient.netty.channel.NettyConnectListener - Using new Channel '[id: 0xe1192f2c, L:/127.0.0.1:49788 - R:localhost/127.0.0.1:60386]' for 'POST' to '/session'
18:18:53.062 [AsyncHttpClient-1-9] DEBUG org.asynchttpclient.netty.handler.HttpHandler - 

Request DefaultHttpRequest(decodeResult: success, version: HTTP/1.1)
POST /session HTTP/1.1
User-Agent: selenium/4.1.2 (java windows)
Content-Length: 609
Content-Type: application/json; charset=utf-8
host: localhost:60386
accept: */*

Response DefaultHttpResponse(decodeResult: success, version: HTTP/1.1)
HTTP/1.1 200 OK
Content-Type: application/json; charset=utf-8
cache-control: no-cache
content-length: 789

18:18:53.062 [AsyncHttpClient-1-9] DEBUG org.asynchttpclient.netty.channel.ChannelManager - Adding key: http://localhost:60386 for channel [id: 0xe1192f2c, L:/127.0.0.1:49788 - R:localhost/127.0.0.1:60386]
18:18:53.067 [AsyncHttpClient-1-2] DEBUG org.asynchttpclient.netty.channel.NettyConnectListener - Using new Channel '[id: 0xce6083fb, L:/127.0.0.1:49795 - R:localhost/127.0.0.1:49789]' for 'GET' to '/json/version'
18:18:53.068 [AsyncHttpClient-1-2] DEBUG org.asynchttpclient.netty.handler.HttpHandler - 

Request DefaultFullHttpRequest(decodeResult: success, version: HTTP/1.1, content: EmptyByteBufBE)
GET /json/version HTTP/1.1
User-Agent: selenium/4.1.2 (java windows)
host: localhost:49789
accept: */*

Response DefaultHttpResponse(decodeResult: success, version: HTTP/1.1)
HTTP/1.1 200 OK
Content-Type: application/json; charset=UTF-8
content-length: 423

18:18:53.068 [AsyncHttpClient-1-2] DEBUG org.asynchttpclient.netty.channel.ChannelManager - Adding key: http://localhost:49789 for channel [id: 0xce6083fb, L:/127.0.0.1:49795 - R:localhost/127.0.0.1:49789]
18:18:53.071 [AsyncHttpClient-1-3] DEBUG org.asynchttpclient.netty.channel.NettyConnectListener - Using new Channel '[id: 0xae50624c, L:/127.0.0.1:49796 - R:localhost/127.0.0.1:49789]' for 'GET' to '/devtools/browser/c0500136-712b-4a55-bde5-87eccf6fb170'
18:18:53.071 [AsyncHttpClient-1-3] DEBUG org.asynchttpclient.netty.handler.WebSocketHandler - 

Request DefaultFullHttpRequest(decodeResult: success, version: HTTP/1.1, content: EmptyByteBufBE)
GET /devtools/browser/c0500136-712b-4a55-bde5-87eccf6fb170 HTTP/1.1
upgrade: websocket
connection: upgrade
sec-websocket-key: l54qciU7UD4ZkQ8xko/enw==
sec-websocket-version: 13
origin: http://localhost:49789
host: localhost:49789
accept: */*
user-agent: AHC/2.1

Response DefaultHttpResponse(decodeResult: success, version: HTTP/1.1)
HTTP/1.1 101 WebSocket Protocol Handshake
Upgrade: WebSocket
Connection: Upgrade
Sec-WebSocket-Accept: ccrGZHQ68jTqcILGqbY+yTdkIlI=

18:18:53.077 [Forwarding get on session d936527b70c87a070d4847b253659e4b to remote] DEBUG org.asynchttpclient.netty.request.NettyRequestSender - Using pooled Channel '[id: 0xe1192f2c, L:/127.0.0.1:49788 - R:localhost/127.0.0.1:60386]' for 'POST' to 'http://localhost:60386/session/d936527b70c87a070d4847b253659e4b/url'
18:18:53.077 [Forwarding get on session d936527b70c87a070d4847b253659e4b to remote] DEBUG org.asynchttpclient.netty.request.NettyRequestSender - Using open Channel [id: 0xe1192f2c, L:/127.0.0.1:49788 - R:localhost/127.0.0.1:60386] for POST '/session/d936527b70c87a070d4847b253659e4b/url'
18:18:53.103 [AsyncHttpClient-1-1] DEBUG org.asynchttpclient.netty.channel.DefaultChannelPool - Entry count for : http://localhost:50009 : 1
18:18:53.103 [AsyncHttpClient-1-1] DEBUG org.asynchttpclient.netty.channel.DefaultChannelPool - Entry count for : http://localhost:49789 : 1
18:18:53.103 [AsyncHttpClient-1-1] DEBUG org.asynchttpclient.netty.channel.DefaultChannelPool - Adding Candidate expired Channel [id: 0xccfb9fc7, L:/127.0.0.1:49765 ! R:localhost/127.0.0.1:50009] isIdleTimeoutExpired=false isRemotelyClosed=true isTtlExpired=false
18:18:53.103 [AsyncHttpClient-1-1] DEBUG org.asynchttpclient.netty.channel.DefaultChannelPool - Closing Idle Channel [id: 0xccfb9fc7, L:/127.0.0.1:49765 ! R:localhost/127.0.0.1:50009]
18:18:53.103 [AsyncHttpClient-1-1] DEBUG org.asynchttpclient.netty.channel.DefaultChannelPool - Closed 1 connections out of 2 in 0 ms
18:18:54.188 [AsyncHttpClient-1-1] DEBUG org.asynchttpclient.netty.channel.DefaultChannelPool - Entry count for : http://localhost:49789 : 1
18:18:54.196 [AsyncHttpClient-1-9] DEBUG org.asynchttpclient.netty.handler.HttpHandler - 

Request DefaultHttpRequest(decodeResult: success, version: HTTP/1.1)
POST /session/d936527b70c87a070d4847b253659e4b/url HTTP/1.1
User-Agent: selenium/4.1.2 (java windows)
Content-Length: 59
Content-Type: application/json; charset=utf-8
host: localhost:60386
accept: */*

Response DefaultHttpResponse(decodeResult: success, version: HTTP/1.1)
HTTP/1.1 200 OK
Content-Type: application/json; charset=utf-8
cache-control: no-cache
content-length: 14

18:18:54.196 [AsyncHttpClient-1-9] DEBUG org.asynchttpclient.netty.channel.ChannelManager - Adding key: http://localhost:60386 for channel [id: 0xe1192f2c, L:/127.0.0.1:49788 - R:localhost/127.0.0.1:60386]
18:18:54.197 [Forwarding setTimeout on session d936527b70c87a070d4847b253659e4b to remote] DEBUG org.asynchttpclient.netty.request.NettyRequestSender - Using pooled Channel '[id: 0xe1192f2c, L:/127.0.0.1:49788 - R:localhost/127.0.0.1:60386]' for 'POST' to 'http://localhost:60386/session/d936527b70c87a070d4847b253659e4b/timeouts'
18:18:54.197 [Forwarding setTimeout on session d936527b70c87a070d4847b253659e4b to remote] DEBUG org.asynchttpclient.netty.request.NettyRequestSender - Using open Channel [id: 0xe1192f2c, L:/127.0.0.1:49788 - R:localhost/127.0.0.1:60386] for POST '/session/d936527b70c87a070d4847b253659e4b/timeouts'
18:18:54.198 [AsyncHttpClient-1-9] DEBUG org.asynchttpclient.netty.handler.HttpHandler - 

Request DefaultHttpRequest(decodeResult: success, version: HTTP/1.1)
POST /session/d936527b70c87a070d4847b253659e4b/timeouts HTTP/1.1
User-Agent: selenium/4.1.2 (java windows)
Content-Length: 22
Content-Type: application/json; charset=utf-8
host: localhost:60386
accept: */*

Response DefaultHttpResponse(decodeResult: success, version: HTTP/1.1)
HTTP/1.1 200 OK
Content-Type: application/json; charset=utf-8
cache-control: no-cache
content-length: 14

18:18:54.198 [AsyncHttpClient-1-9] DEBUG org.asynchttpclient.netty.channel.ChannelManager - Adding key: http://localhost:60386 for channel [id: 0xe1192f2c, L:/127.0.0.1:49788 - R:localhost/127.0.0.1:60386]
18:18:54.202 [Forwarding getCurrentUrl on session d936527b70c87a070d4847b253659e4b to remote] DEBUG org.asynchttpclient.netty.request.NettyRequestSender - Using pooled Channel '[id: 0xe1192f2c, L:/127.0.0.1:49788 - R:localhost/127.0.0.1:60386]' for 'GET' to 'http://localhost:60386/session/d936527b70c87a070d4847b253659e4b/url'
18:18:54.202 [Forwarding getCurrentUrl on session d936527b70c87a070d4847b253659e4b to remote] DEBUG org.asynchttpclient.netty.request.NettyRequestSender - Using open Channel [id: 0xe1192f2c, L:/127.0.0.1:49788 - R:localhost/127.0.0.1:60386] for GET '/session/d936527b70c87a070d4847b253659e4b/url'
18:18:54.211 [AsyncHttpClient-1-9] DEBUG org.asynchttpclient.netty.handler.HttpHandler - 

Request DefaultFullHttpRequest(decodeResult: success, version: HTTP/1.1, content: EmptyByteBufBE)
GET /session/d936527b70c87a070d4847b253659e4b/url HTTP/1.1
User-Agent: selenium/4.1.2 (java windows)
Cache-Control: no-cache
Content-Type: application/json; charset=utf-8
host: localhost:60386
accept: */*

Response DefaultHttpResponse(decodeResult: success, version: HTTP/1.1)
HTTP/1.1 200 OK
Content-Type: application/json; charset=utf-8
cache-control: no-cache
content-length: 41

18:18:54.211 [AsyncHttpClient-1-9] DEBUG org.asynchttpclient.netty.channel.ChannelManager - Adding key: http://localhost:60386 for channel [id: 0xe1192f2c, L:/127.0.0.1:49788 - R:localhost/127.0.0.1:60386]
18:18:54.216 [Forwarding findElement on session d936527b70c87a070d4847b253659e4b to remote] DEBUG org.asynchttpclient.netty.request.NettyRequestSender - Using pooled Channel '[id: 0xe1192f2c, L:/127.0.0.1:49788 - R:localhost/127.0.0.1:60386]' for 'POST' to 'http://localhost:60386/session/d936527b70c87a070d4847b253659e4b/element'
18:18:54.216 [Forwarding findElement on session d936527b70c87a070d4847b253659e4b to remote] DEBUG org.asynchttpclient.netty.request.NettyRequestSender - Using open Channel [id: 0xe1192f2c, L:/127.0.0.1:49788 - R:localhost/127.0.0.1:60386] for POST '/session/d936527b70c87a070d4847b253659e4b/element'
18:18:54.230 [AsyncHttpClient-1-9] DEBUG org.asynchttpclient.netty.handler.HttpHandler - 

Request DefaultHttpRequest(decodeResult: success, version: HTTP/1.1)
POST /session/d936527b70c87a070d4847b253659e4b/element HTTP/1.1
User-Agent: selenium/4.1.2 (java windows)
Content-Length: 77
Content-Type: application/json; charset=utf-8
host: localhost:60386
accept: */*

Response DefaultHttpResponse(decodeResult: success, version: HTTP/1.1)
HTTP/1.1 200 OK
Content-Type: application/json; charset=utf-8
cache-control: no-cache
content-length: 88

18:18:54.230 [AsyncHttpClient-1-9] DEBUG org.asynchttpclient.netty.channel.ChannelManager - Adding key: http://localhost:60386 for channel [id: 0xe1192f2c, L:/127.0.0.1:49788 - R:localhost/127.0.0.1:60386]
18:18:54.232 [Forwarding isElementDisplayed on session d936527b70c87a070d4847b253659e4b to remote] DEBUG org.asynchttpclient.netty.request.NettyRequestSender - Using pooled Channel '[id: 0xe1192f2c, L:/127.0.0.1:49788 - R:localhost/127.0.0.1:60386]' for 'POST' to 'http://localhost:60386/session/d936527b70c87a070d4847b253659e4b/execute/sync'
18:18:54.232 [Forwarding isElementDisplayed on session d936527b70c87a070d4847b253659e4b to remote] DEBUG org.asynchttpclient.netty.request.NettyRequestSender - Using open Channel [id: 0xe1192f2c, L:/127.0.0.1:49788 - R:localhost/127.0.0.1:60386] for POST '/session/d936527b70c87a070d4847b253659e4b/execute/sync'
18:18:54.245 [AsyncHttpClient-1-9] DEBUG org.asynchttpclient.netty.handler.HttpHandler - 

Request DefaultHttpRequest(decodeResult: success, version: HTTP/1.1)
POST /session/d936527b70c87a070d4847b253659e4b/execute/sync HTTP/1.1
User-Agent: selenium/4.1.2 (java windows)
Content-Length: 48780
Content-Type: application/json; charset=utf-8
host: localhost:60386
accept: */*

Response DefaultHttpResponse(decodeResult: success, version: HTTP/1.1)
HTTP/1.1 200 OK
Content-Type: application/json; charset=utf-8
cache-control: no-cache
content-length: 14

18:18:54.245 [AsyncHttpClient-1-9] DEBUG org.asynchttpclient.netty.channel.ChannelManager - Adding key: http://localhost:60386 for channel [id: 0xe1192f2c, L:/127.0.0.1:49788 - R:localhost/127.0.0.1:60386]
  &amp#27;[32mGiven &amp#27;[0m&amp#27;[32mI am on the home page&amp#27;[0m                &amp#27;[90m# starter.stepdefinitions.LoginStepDefinition.iAmOnTheHomePage()&amp#27;[0m
18:18:54.249 [Forwarding screenshot on session d936527b70c87a070d4847b253659e4b to remote] DEBUG org.asynchttpclient.netty.request.NettyRequestSender - Using pooled Channel '[id: 0xe1192f2c, L:/127.0.0.1:49788 - R:localhost/127.0.0.1:60386]' for 'GET' to 'http://localhost:60386/session/d936527b70c87a070d4847b253659e4b/screenshot'
18:18:54.249 [Forwarding screenshot on session d936527b70c87a070d4847b253659e4b to remote] DEBUG org.asynchttpclient.netty.request.NettyRequestSender - Using open Channel [id: 0xe1192f2c, L:/127.0.0.1:49788 - R:localhost/127.0.0.1:60386] for GET '/session/d936527b70c87a070d4847b253659e4b/screenshot'
18:18:54.445 [AsyncHttpClient-1-9] DEBUG org.asynchttpclient.netty.handler.HttpHandler - 

Request DefaultFullHttpRequest(decodeResult: success, version: HTTP/1.1, content: EmptyByteBufBE)
GET /session/d936527b70c87a070d4847b253659e4b/screenshot HTTP/1.1
User-Agent: selenium/4.1.2 (java windows)
Cache-Control: no-cache
Content-Type: application/json; charset=utf-8
host: localhost:60386
accept: */*

Response DefaultHttpResponse(decodeResult: success, version: HTTP/1.1)
HTTP/1.1 200 OK
Content-Type: application/json; charset=utf-8
cache-control: no-cache
content-length: 33040

18:18:54.446 [AsyncHttpClient-1-9] DEBUG org.asynchttpclient.netty.channel.ChannelManager - Adding key: http://localhost:60386 for channel [id: 0xe1192f2c, L:/127.0.0.1:49788 - R:localhost/127.0.0.1:60386]
18:18:54.446 [main] DEBUG net.serenitybdd.core.photography.Darkroom - Send negative for processing for target\site\serenity\b8f39f555a6a68359f3ace51af01979d3250a71a9640a42e51c91cc3d7c67b16.png
18:18:54.450 [Forwarding findElement on session d936527b70c87a070d4847b253659e4b to remote] DEBUG org.asynchttpclient.netty.request.NettyRequestSender - Using pooled Channel '[id: 0xe1192f2c, L:/127.0.0.1:49788 - R:localhost/127.0.0.1:60386]' for 'POST' to 'http://localhost:60386/session/d936527b70c87a070d4847b253659e4b/element'
18:18:54.450 [Forwarding findElement on session d936527b70c87a070d4847b253659e4b to remote] DEBUG org.asynchttpclient.netty.request.NettyRequestSender - Using open Channel [id: 0xe1192f2c, L:/127.0.0.1:49788 - R:localhost/127.0.0.1:60386] for POST '/session/d936527b70c87a070d4847b253659e4b/element'
18:18:54.464 [AsyncHttpClient-1-9] DEBUG org.asynchttpclient.netty.handler.HttpHandler - 

Request DefaultHttpRequest(decodeResult: success, version: HTTP/1.1)
POST /session/d936527b70c87a070d4847b253659e4b/element HTTP/1.1
User-Agent: selenium/4.1.2 (java windows)
Content-Length: 97
Content-Type: application/json; charset=utf-8
host: localhost:60386
accept: */*

Response DefaultHttpResponse(decodeResult: success, version: HTTP/1.1)
HTTP/1.1 200 OK
Content-Type: application/json; charset=utf-8
cache-control: no-cache
content-length: 88

18:18:54.464 [AsyncHttpClient-1-9] DEBUG org.asynchttpclient.netty.channel.ChannelManager - Adding key: http://localhost:60386 for channel [id: 0xe1192f2c, L:/127.0.0.1:49788 - R:localhost/127.0.0.1:60386]
18:18:54.465 [Forwarding getElementTagName on session d936527b70c87a070d4847b253659e4b to remote] DEBUG org.asynchttpclient.netty.request.NettyRequestSender - Using pooled Channel '[id: 0xe1192f2c, L:/127.0.0.1:49788 - R:localhost/127.0.0.1:60386]' for 'GET' to 'http://localhost:60386/session/d936527b70c87a070d4847b253659e4b/element/db2c307e-24d7-41f9-a9fc-daf84cf426f8/name'
18:18:54.465 [Forwarding getElementTagName on session d936527b70c87a070d4847b253659e4b to remote] DEBUG org.asynchttpclient.netty.request.NettyRequestSender - Using open Channel [id: 0xe1192f2c, L:/127.0.0.1:49788 - R:localhost/127.0.0.1:60386] for GET '/session/d936527b70c87a070d4847b253659e4b/element/db2c307e-24d7-41f9-a9fc-daf84cf426f8/name'
18:18:54.469 [AsyncHttpClient-1-9] DEBUG org.asynchttpclient.netty.handler.HttpHandler - 

Request DefaultFullHttpRequest(decodeResult: success, version: HTTP/1.1, content: EmptyByteBufBE)
GET /session/d936527b70c87a070d4847b253659e4b/element/db2c307e-24d7-41f9-a9fc-daf84cf426f8/name HTTP/1.1
User-Agent: selenium/4.1.2 (java windows)
Cache-Control: no-cache
Content-Type: application/json; charset=utf-8
host: localhost:60386
accept: */*

Response DefaultHttpResponse(decodeResult: success, version: HTTP/1.1)
HTTP/1.1 200 OK
Content-Type: application/json; charset=utf-8
cache-control: no-cache
content-length: 13

18:18:54.469 [AsyncHttpClient-1-9] DEBUG org.asynchttpclient.netty.channel.ChannelManager - Adding key: http://localhost:60386 for channel [id: 0xe1192f2c, L:/127.0.0.1:49788 - R:localhost/127.0.0.1:60386]
18:18:54.470 [Forwarding getElementTagName on session d936527b70c87a070d4847b253659e4b to remote] DEBUG org.asynchttpclient.netty.request.NettyRequestSender - Using pooled Channel '[id: 0xe1192f2c, L:/127.0.0.1:49788 - R:localhost/127.0.0.1:60386]' for 'GET' to 'http://localhost:60386/session/d936527b70c87a070d4847b253659e4b/element/db2c307e-24d7-41f9-a9fc-daf84cf426f8/name'
18:18:54.470 [Forwarding getElementTagName on session d936527b70c87a070d4847b253659e4b to remote] DEBUG org.asynchttpclient.netty.request.NettyRequestSender - Using open Channel [id: 0xe1192f2c, L:/127.0.0.1:49788 - R:localhost/127.0.0.1:60386] for GET '/session/d936527b70c87a070d4847b253659e4b/element/db2c307e-24d7-41f9-a9fc-daf84cf426f8/name'
18:18:54.475 [AsyncHttpClient-1-9] DEBUG org.asynchttpclient.netty.handler.HttpHandler - 

Request DefaultFullHttpRequest(decodeResult: success, version: HTTP/1.1, content: EmptyByteBufBE)
GET /session/d936527b70c87a070d4847b253659e4b/element/db2c307e-24d7-41f9-a9fc-daf84cf426f8/name HTTP/1.1
User-Agent: selenium/4.1.2 (java windows)
Cache-Control: no-cache
Content-Type: application/json; charset=utf-8
host: localhost:60386
accept: */*

Response DefaultHttpResponse(decodeResult: success, version: HTTP/1.1)
HTTP/1.1 200 OK
Content-Type: application/json; charset=utf-8
cache-control: no-cache
content-length: 13

18:18:54.475 [AsyncHttpClient-1-9] DEBUG org.asynchttpclient.netty.channel.ChannelManager - Adding key: http://localhost:60386 for channel [id: 0xe1192f2c, L:/127.0.0.1:49788 - R:localhost/127.0.0.1:60386]
18:18:54.476 [Forwarding findElement on session d936527b70c87a070d4847b253659e4b to remote] DEBUG org.asynchttpclient.netty.request.NettyRequestSender - Using pooled Channel '[id: 0xe1192f2c, L:/127.0.0.1:49788 - R:localhost/127.0.0.1:60386]' for 'POST' to 'http://localhost:60386/session/d936527b70c87a070d4847b253659e4b/element'
18:18:54.476 [Forwarding findElement on session d936527b70c87a070d4847b253659e4b to remote] DEBUG org.asynchttpclient.netty.request.NettyRequestSender - Using open Channel [id: 0xe1192f2c, L:/127.0.0.1:49788 - R:localhost/127.0.0.1:60386] for POST '/session/d936527b70c87a070d4847b253659e4b/element'
18:18:54.483 [AsyncHttpClient-1-9] DEBUG org.asynchttpclient.netty.handler.HttpHandler - 

Request DefaultHttpRequest(decodeResult: success, version: HTTP/1.1)
POST /session/d936527b70c87a070d4847b253659e4b/element HTTP/1.1
User-Agent: selenium/4.1.2 (java windows)
Content-Length: 97
Content-Type: application/json; charset=utf-8
host: localhost:60386
accept: */*

Response DefaultHttpResponse(decodeResult: success, version: HTTP/1.1)
HTTP/1.1 200 OK
Content-Type: application/json; charset=utf-8
cache-control: no-cache
content-length: 88

18:18:54.483 [AsyncHttpClient-1-9] DEBUG org.asynchttpclient.netty.channel.ChannelManager - Adding key: http://localhost:60386 for channel [id: 0xe1192f2c, L:/127.0.0.1:49788 - R:localhost/127.0.0.1:60386]
18:18:54.484 [Forwarding clickElement on session d936527b70c87a070d4847b253659e4b to remote] DEBUG org.asynchttpclient.netty.request.NettyRequestSender - Using pooled Channel '[id: 0xe1192f2c, L:/127.0.0.1:49788 - R:localhost/127.0.0.1:60386]' for 'POST' to 'http://localhost:60386/session/d936527b70c87a070d4847b253659e4b/element/db2c307e-24d7-41f9-a9fc-daf84cf426f8/click'
18:18:54.484 [Forwarding clickElement on session d936527b70c87a070d4847b253659e4b to remote] DEBUG org.asynchttpclient.netty.request.NettyRequestSender - Using open Channel [id: 0xe1192f2c, L:/127.0.0.1:49788 - R:localhost/127.0.0.1:60386] for POST '/session/d936527b70c87a070d4847b253659e4b/element/db2c307e-24d7-41f9-a9fc-daf84cf426f8/click'
18:18:54.517 [AsyncHttpClient-1-9] DEBUG org.asynchttpclient.netty.handler.HttpHandler - 

Request DefaultHttpRequest(decodeResult: success, version: HTTP/1.1)
POST /session/d936527b70c87a070d4847b253659e4b/element/db2c307e-24d7-41f9-a9fc-daf84cf426f8/click HTTP/1.1
User-Agent: selenium/4.1.2 (java windows)
Content-Length: 50
Content-Type: application/json; charset=utf-8
host: localhost:60386
accept: */*

Response DefaultHttpResponse(decodeResult: success, version: HTTP/1.1)
HTTP/1.1 200 OK
Content-Type: application/json; charset=utf-8
cache-control: no-cache
content-length: 14

18:18:54.517 [AsyncHttpClient-1-9] DEBUG org.asynchttpclient.netty.channel.ChannelManager - Adding key: http://localhost:60386 for channel [id: 0xe1192f2c, L:/127.0.0.1:49788 - R:localhost/127.0.0.1:60386]
  &amp#27;[32mAnd &amp#27;[0m&amp#27;[32mI click login icon&amp#27;[0m                     &amp#27;[90m# starter.stepdefinitions.LoginStepDefinition.iClickLoginIcon()&amp#27;[0m
18:18:54.525 [Forwarding screenshot on session d936527b70c87a070d4847b253659e4b to remote] DEBUG org.asynchttpclient.netty.request.NettyRequestSender - Using pooled Channel '[id: 0xe1192f2c, L:/127.0.0.1:49788 - R:localhost/127.0.0.1:60386]' for 'GET' to 'http://localhost:60386/session/d936527b70c87a070d4847b253659e4b/screenshot'
18:18:54.525 [Forwarding screenshot on session d936527b70c87a070d4847b253659e4b to remote] DEBUG org.asynchttpclient.netty.request.NettyRequestSender - Using open Channel [id: 0xe1192f2c, L:/127.0.0.1:49788 - R:localhost/127.0.0.1:60386] for GET '/session/d936527b70c87a070d4847b253659e4b/screenshot'
18:18:54.778 [AsyncHttpClient-1-9] DEBUG org.asynchttpclient.netty.handler.HttpHandler - 

Request DefaultFullHttpRequest(decodeResult: success, version: HTTP/1.1, content: EmptyByteBufBE)
GET /session/d936527b70c87a070d4847b253659e4b/screenshot HTTP/1.1
User-Agent: selenium/4.1.2 (java windows)
Cache-Control: no-cache
Content-Type: application/json; charset=utf-8
host: localhost:60386
accept: */*

Response DefaultHttpResponse(decodeResult: success, version: HTTP/1.1)
HTTP/1.1 200 OK
Content-Type: application/json; charset=utf-8
cache-control: no-cache
content-length: 34924

18:18:54.778 [AsyncHttpClient-1-9] DEBUG org.asynchttpclient.netty.channel.ChannelManager - Adding key: http://localhost:60386 for channel [id: 0xe1192f2c, L:/127.0.0.1:49788 - R:localhost/127.0.0.1:60386]
18:18:54.779 [main] DEBUG net.serenitybdd.core.photography.Darkroom - Send negative for processing for target\site\serenity\99323794684e605b789bf5a1c3536fb378b854eee96e6f46b13f78aa96105f57.png
18:18:54.787 [Forwarding findElement on session d936527b70c87a070d4847b253659e4b to remote] DEBUG org.asynchttpclient.netty.request.NettyRequestSender - Using pooled Channel '[id: 0xe1192f2c, L:/127.0.0.1:49788 - R:localhost/127.0.0.1:60386]' for 'POST' to 'http://localhost:60386/session/d936527b70c87a070d4847b253659e4b/element'
18:18:54.787 [Forwarding findElement on session d936527b70c87a070d4847b253659e4b to remote] DEBUG org.asynchttpclient.netty.request.NettyRequestSender - Using open Channel [id: 0xe1192f2c, L:/127.0.0.1:49788 - R:localhost/127.0.0.1:60386] for POST '/session/d936527b70c87a070d4847b253659e4b/element'
18:18:54.798 [AsyncHttpClient-1-9] DEBUG org.asynchttpclient.netty.handler.HttpHandler - 

Request DefaultHttpRequest(decodeResult: success, version: HTTP/1.1)
POST /session/d936527b70c87a070d4847b253659e4b/element HTTP/1.1
User-Agent: selenium/4.1.2 (java windows)
Content-Length: 95
Content-Type: application/json; charset=utf-8
host: localhost:60386
accept: */*

Response DefaultHttpResponse(decodeResult: success, version: HTTP/1.1)
HTTP/1.1 200 OK
Content-Type: application/json; charset=utf-8
cache-control: no-cache
content-length: 88

18:18:54.798 [AsyncHttpClient-1-9] DEBUG org.asynchttpclient.netty.channel.ChannelManager - Adding key: http://localhost:60386 for channel [id: 0xe1192f2c, L:/127.0.0.1:49788 - R:localhost/127.0.0.1:60386]
18:18:54.799 [Forwarding getElementTagName on session d936527b70c87a070d4847b253659e4b to remote] DEBUG org.asynchttpclient.netty.request.NettyRequestSender - Using pooled Channel '[id: 0xe1192f2c, L:/127.0.0.1:49788 - R:localhost/127.0.0.1:60386]' for 'GET' to 'http://localhost:60386/session/d936527b70c87a070d4847b253659e4b/element/2605e7e7-4059-404d-a8d5-4267ed763bc4/name'
18:18:54.799 [Forwarding getElementTagName on session d936527b70c87a070d4847b253659e4b to remote] DEBUG org.asynchttpclient.netty.request.NettyRequestSender - Using open Channel [id: 0xe1192f2c, L:/127.0.0.1:49788 - R:localhost/127.0.0.1:60386] for GET '/session/d936527b70c87a070d4847b253659e4b/element/2605e7e7-4059-404d-a8d5-4267ed763bc4/name'
18:18:54.802 [AsyncHttpClient-1-9] DEBUG org.asynchttpclient.netty.handler.HttpHandler - 

Request DefaultFullHttpRequest(decodeResult: success, version: HTTP/1.1, content: EmptyByteBufBE)
GET /session/d936527b70c87a070d4847b253659e4b/element/2605e7e7-4059-404d-a8d5-4267ed763bc4/name HTTP/1.1
User-Agent: selenium/4.1.2 (java windows)
Cache-Control: no-cache
Content-Type: application/json; charset=utf-8
host: localhost:60386
accept: */*

Response DefaultHttpResponse(decodeResult: success, version: HTTP/1.1)
HTTP/1.1 200 OK
Content-Type: application/json; charset=utf-8
cache-control: no-cache
content-length: 13

18:18:54.802 [AsyncHttpClient-1-9] DEBUG org.asynchttpclient.netty.channel.ChannelManager - Adding key: http://localhost:60386 for channel [id: 0xe1192f2c, L:/127.0.0.1:49788 - R:localhost/127.0.0.1:60386]
18:18:54.803 [Forwarding getElementTagName on session d936527b70c87a070d4847b253659e4b to remote] DEBUG org.asynchttpclient.netty.request.NettyRequestSender - Using pooled Channel '[id: 0xe1192f2c, L:/127.0.0.1:49788 - R:localhost/127.0.0.1:60386]' for 'GET' to 'http://localhost:60386/session/d936527b70c87a070d4847b253659e4b/element/2605e7e7-4059-404d-a8d5-4267ed763bc4/name'
18:18:54.803 [Forwarding getElementTagName on session d936527b70c87a070d4847b253659e4b to remote] DEBUG org.asynchttpclient.netty.request.NettyRequestSender - Using open Channel [id: 0xe1192f2c, L:/127.0.0.1:49788 - R:localhost/127.0.0.1:60386] for GET '/session/d936527b70c87a070d4847b253659e4b/element/2605e7e7-4059-404d-a8d5-4267ed763bc4/name'
18:18:54.806 [AsyncHttpClient-1-9] DEBUG org.asynchttpclient.netty.handler.HttpHandler - 

Request DefaultFullHttpRequest(decodeResult: success, version: HTTP/1.1, content: EmptyByteBufBE)
GET /session/d936527b70c87a070d4847b253659e4b/element/2605e7e7-4059-404d-a8d5-4267ed763bc4/name HTTP/1.1
User-Agent: selenium/4.1.2 (java windows)
Cache-Control: no-cache
Content-Type: application/json; charset=utf-8
host: localhost:60386
accept: */*

Response DefaultHttpResponse(decodeResult: success, version: HTTP/1.1)
HTTP/1.1 200 OK
Content-Type: application/json; charset=utf-8
cache-control: no-cache
content-length: 13

18:18:54.806 [AsyncHttpClient-1-9] DEBUG org.asynchttpclient.netty.channel.ChannelManager - Adding key: http://localhost:60386 for channel [id: 0xe1192f2c, L:/127.0.0.1:49788 - R:localhost/127.0.0.1:60386]
18:18:54.808 [Forwarding findElement on session d936527b70c87a070d4847b253659e4b to remote] DEBUG org.asynchttpclient.netty.request.NettyRequestSender - Using pooled Channel '[id: 0xe1192f2c, L:/127.0.0.1:49788 - R:localhost/127.0.0.1:60386]' for 'POST' to 'http://localhost:60386/session/d936527b70c87a070d4847b253659e4b/element'
18:18:54.808 [Forwarding findElement on session d936527b70c87a070d4847b253659e4b to remote] DEBUG org.asynchttpclient.netty.request.NettyRequestSender - Using open Channel [id: 0xe1192f2c, L:/127.0.0.1:49788 - R:localhost/127.0.0.1:60386] for POST '/session/d936527b70c87a070d4847b253659e4b/element'
18:18:54.814 [AsyncHttpClient-1-9] DEBUG org.asynchttpclient.netty.handler.HttpHandler - 

Request DefaultHttpRequest(decodeResult: success, version: HTTP/1.1)
POST /session/d936527b70c87a070d4847b253659e4b/element HTTP/1.1
User-Agent: selenium/4.1.2 (java windows)
Content-Length: 95
Content-Type: application/json; charset=utf-8
host: localhost:60386
accept: */*

Response DefaultHttpResponse(decodeResult: success, version: HTTP/1.1)
HTTP/1.1 200 OK
Content-Type: application/json; charset=utf-8
cache-control: no-cache
content-length: 88

18:18:54.814 [AsyncHttpClient-1-9] DEBUG org.asynchttpclient.netty.channel.ChannelManager - Adding key: http://localhost:60386 for channel [id: 0xe1192f2c, L:/127.0.0.1:49788 - R:localhost/127.0.0.1:60386]
18:18:54.814 [Forwarding clickElement on session d936527b70c87a070d4847b253659e4b to remote] DEBUG org.asynchttpclient.netty.request.NettyRequestSender - Using pooled Channel '[id: 0xe1192f2c, L:/127.0.0.1:49788 - R:localhost/127.0.0.1:60386]' for 'POST' to 'http://localhost:60386/session/d936527b70c87a070d4847b253659e4b/element/2605e7e7-4059-404d-a8d5-4267ed763bc4/click'
18:18:54.814 [Forwarding clickElement on session d936527b70c87a070d4847b253659e4b to remote] DEBUG org.asynchttpclient.netty.request.NettyRequestSender - Using open Channel [id: 0xe1192f2c, L:/127.0.0.1:49788 - R:localhost/127.0.0.1:60386] for POST '/session/d936527b70c87a070d4847b253659e4b/element/2605e7e7-4059-404d-a8d5-4267ed763bc4/click'
18:18:54.859 [AsyncHttpClient-1-9] DEBUG org.asynchttpclient.netty.handler.HttpHandler - 

Request DefaultHttpRequest(decodeResult: success, version: HTTP/1.1)
POST /session/d936527b70c87a070d4847b253659e4b/element/2605e7e7-4059-404d-a8d5-4267ed763bc4/click HTTP/1.1
User-Agent: selenium/4.1.2 (java windows)
Content-Length: 50
Content-Type: application/json; charset=utf-8
host: localhost:60386
accept: */*

Response DefaultHttpResponse(decodeResult: success, version: HTTP/1.1)
HTTP/1.1 200 OK
Content-Type: application/json; charset=utf-8
cache-control: no-cache
content-length: 14

18:18:54.859 [AsyncHttpClient-1-9] DEBUG org.asynchttpclient.netty.channel.ChannelManager - Adding key: http://localhost:60386 for channel [id: 0xe1192f2c, L:/127.0.0.1:49788 - R:localhost/127.0.0.1:60386]
  &amp#27;[32mAnd &amp#27;[0m&amp#27;[32mI click register text&amp#27;[0m                  &amp#27;[90m# starter.stepdefinitions.RegisterStep.iClickRegisterText()&amp#27;[0m
18:18:54.868 [Forwarding screenshot on session d936527b70c87a070d4847b253659e4b to remote] DEBUG org.asynchttpclient.netty.request.NettyRequestSender - Using pooled Channel '[id: 0xe1192f2c, L:/127.0.0.1:49788 - R:localhost/127.0.0.1:60386]' for 'GET' to 'http://localhost:60386/session/d936527b70c87a070d4847b253659e4b/screenshot'
18:18:54.868 [Forwarding screenshot on session d936527b70c87a070d4847b253659e4b to remote] DEBUG org.asynchttpclient.netty.request.NettyRequestSender - Using open Channel [id: 0xe1192f2c, L:/127.0.0.1:49788 - R:localhost/127.0.0.1:60386] for GET '/session/d936527b70c87a070d4847b253659e4b/screenshot'
18:18:55.102 [AsyncHttpClient-1-9] DEBUG org.asynchttpclient.netty.handler.HttpHandler - 

Request DefaultFullHttpRequest(decodeResult: success, version: HTTP/1.1, content: EmptyByteBufBE)
GET /session/d936527b70c87a070d4847b253659e4b/screenshot HTTP/1.1
User-Agent: selenium/4.1.2 (java windows)
Cache-Control: no-cache
Content-Type: application/json; charset=utf-8
host: localhost:60386
accept: */*

Response DefaultHttpResponse(decodeResult: success, version: HTTP/1.1)
HTTP/1.1 200 OK
Content-Type: application/json; charset=utf-8
cache-control: no-cache
content-length: 38664

18:18:55.104 [AsyncHttpClient-1-9] DEBUG org.asynchttpclient.netty.channel.ChannelManager - Adding key: http://localhost:60386 for channel [id: 0xe1192f2c, L:/127.0.0.1:49788 - R:localhost/127.0.0.1:60386]
18:18:55.105 [main] DEBUG net.serenitybdd.core.photography.Darkroom - Send negative for processing for target\site\serenity\5016886acf67dceb28f0230c96565504861b1187f3dfae402a9e4be63516bedf.png
18:18:55.105 [Darkroom Processing Line] DEBUG net.serenitybdd.core.photography.DarkroomProcessingLine - Processing screenshot image in /var/screenshots/screenshot-2786485011842592558
18:18:55.105 [Darkroom Processing Line] DEBUG net.serenitybdd.core.photography.DarkroomProcessingLine - Saving screenshot to target\site\serenity\5016886acf67dceb28f0230c96565504861b1187f3dfae402a9e4be63516bedf.png
18:18:55.111 [Forwarding findElement on session d936527b70c87a070d4847b253659e4b to remote] DEBUG org.asynchttpclient.netty.request.NettyRequestSender - Using pooled Channel '[id: 0xe1192f2c, L:/127.0.0.1:49788 - R:localhost/127.0.0.1:60386]' for 'POST' to 'http://localhost:60386/session/d936527b70c87a070d4847b253659e4b/element'
18:18:55.111 [Forwarding findElement on session d936527b70c87a070d4847b253659e4b to remote] DEBUG org.asynchttpclient.netty.request.NettyRequestSender - Using open Channel [id: 0xe1192f2c, L:/127.0.0.1:49788 - R:localhost/127.0.0.1:60386] for POST '/session/d936527b70c87a070d4847b253659e4b/element'
18:18:55.121 [AsyncHttpClient-1-9] DEBUG org.asynchttpclient.netty.handler.HttpHandler - 

Request DefaultHttpRequest(decodeResult: success, version: HTTP/1.1)
POST /session/d936527b70c87a070d4847b253659e4b/element HTTP/1.1
User-Agent: selenium/4.1.2 (java windows)
Content-Length: 95
Content-Type: application/json; charset=utf-8
host: localhost:60386
accept: */*

Response DefaultHttpResponse(decodeResult: success, version: HTTP/1.1)
HTTP/1.1 200 OK
Content-Type: application/json; charset=utf-8
cache-control: no-cache
content-length: 88

18:18:55.121 [AsyncHttpClient-1-9] DEBUG org.asynchttpclient.netty.channel.ChannelManager - Adding key: http://localhost:60386 for channel [id: 0xe1192f2c, L:/127.0.0.1:49788 - R:localhost/127.0.0.1:60386]
18:18:55.121 [Forwarding clearElement on session d936527b70c87a070d4847b253659e4b to remote] DEBUG org.asynchttpclient.netty.request.NettyRequestSender - Using pooled Channel '[id: 0xe1192f2c, L:/127.0.0.1:49788 - R:localhost/127.0.0.1:60386]' for 'POST' to 'http://localhost:60386/session/d936527b70c87a070d4847b253659e4b/element/29431bc2-5bff-4cb7-9204-1821b9df4f24/clear'
18:18:55.121 [Forwarding clearElement on session d936527b70c87a070d4847b253659e4b to remote] DEBUG org.asynchttpclient.netty.request.NettyRequestSender - Using open Channel [id: 0xe1192f2c, L:/127.0.0.1:49788 - R:localhost/127.0.0.1:60386] for POST '/session/d936527b70c87a070d4847b253659e4b/element/29431bc2-5bff-4cb7-9204-1821b9df4f24/clear'
18:18:55.152 [AsyncHttpClient-1-9] DEBUG org.asynchttpclient.netty.handler.HttpHandler - 

Request DefaultHttpRequest(decodeResult: success, version: HTTP/1.1)
POST /session/d936527b70c87a070d4847b253659e4b/element/29431bc2-5bff-4cb7-9204-1821b9df4f24/clear HTTP/1.1
User-Agent: selenium/4.1.2 (java windows)
Content-Length: 50
Content-Type: application/json; charset=utf-8
host: localhost:60386
accept: */*

Response DefaultHttpResponse(decodeResult: success, version: HTTP/1.1)
HTTP/1.1 200 OK
Content-Type: application/json; charset=utf-8
cache-control: no-cache
content-length: 14

18:18:55.152 [AsyncHttpClient-1-9] DEBUG org.asynchttpclient.netty.channel.ChannelManager - Adding key: http://localhost:60386 for channel [id: 0xe1192f2c, L:/127.0.0.1:49788 - R:localhost/127.0.0.1:60386]
18:18:55.153 [Forwarding sendKeysToElement on session d936527b70c87a070d4847b253659e4b to remote] DEBUG org.asynchttpclient.netty.request.NettyRequestSender - Using pooled Channel '[id: 0xe1192f2c, L:/127.0.0.1:49788 - R:localhost/127.0.0.1:60386]' for 'POST' to 'http://localhost:60386/session/d936527b70c87a070d4847b253659e4b/element/29431bc2-5bff-4cb7-9204-1821b9df4f24/value'
18:18:55.153 [Forwarding sendKeysToElement on session d936527b70c87a070d4847b253659e4b to remote] DEBUG org.asynchttpclient.netty.request.NettyRequestSender - Using open Channel [id: 0xe1192f2c, L:/127.0.0.1:49788 - R:localhost/127.0.0.1:60386] for POST '/session/d936527b70c87a070d4847b253659e4b/element/29431bc2-5bff-4cb7-9204-1821b9df4f24/value'
18:18:55.187 [AsyncHttpClient-1-9] DEBUG org.asynchttpclient.netty.handler.HttpHandler - 

Request DefaultHttpRequest(decodeResult: success, version: HTTP/1.1)
POST /session/d936527b70c87a070d4847b253659e4b/element/29431bc2-5bff-4cb7-9204-1821b9df4f24/value HTTP/1.1
User-Agent: selenium/4.1.2 (java windows)
Content-Length: 82
Content-Type: application/json; charset=utf-8
host: localhost:60386
accept: */*

Response DefaultHttpResponse(decodeResult: success, version: HTTP/1.1)
HTTP/1.1 200 OK
Content-Type: application/json; charset=utf-8
cache-control: no-cache
content-length: 14

18:18:55.187 [AsyncHttpClient-1-9] DEBUG org.asynchttpclient.netty.channel.ChannelManager - Adding key: http://localhost:60386 for channel [id: 0xe1192f2c, L:/127.0.0.1:49788 - R:localhost/127.0.0.1:60386]
  &amp#27;[32mWhen &amp#27;[0m&amp#27;[32mI input &amp#27;[0m&amp#27;[32m&amp#27;[1m""&amp#27;[0m&amp#27;[32m name&amp#27;[0m                       &amp#27;[90m# starter.stepdefinitions.RegisterStep.iInputName(java.lang.String)&amp#27;[0m
18:18:55.195 [Forwarding screenshot on session d936527b70c87a070d4847b253659e4b to remote] DEBUG org.asynchttpclient.netty.request.NettyRequestSender - Using pooled Channel '[id: 0xe1192f2c, L:/127.0.0.1:49788 - R:localhost/127.0.0.1:60386]' for 'GET' to 'http://localhost:60386/session/d936527b70c87a070d4847b253659e4b/screenshot'
18:18:55.195 [Forwarding screenshot on session d936527b70c87a070d4847b253659e4b to remote] DEBUG org.asynchttpclient.netty.request.NettyRequestSender - Using open Channel [id: 0xe1192f2c, L:/127.0.0.1:49788 - R:localhost/127.0.0.1:60386] for GET '/session/d936527b70c87a070d4847b253659e4b/screenshot'
18:18:55.298 [AsyncHttpClient-1-1] DEBUG org.asynchttpclient.netty.channel.DefaultChannelPool - Entry count for : http://localhost:49789 : 1
18:18:55.347 [AsyncHttpClient-1-9] DEBUG org.asynchttpclient.netty.handler.HttpHandler - 

Request DefaultFullHttpRequest(decodeResult: success, version: HTTP/1.1, content: EmptyByteBufBE)
GET /session/d936527b70c87a070d4847b253659e4b/screenshot HTTP/1.1
User-Agent: selenium/4.1.2 (java windows)
Cache-Control: no-cache
Content-Type: application/json; charset=utf-8
host: localhost:60386
accept: */*

Response DefaultHttpResponse(decodeResult: success, version: HTTP/1.1)
HTTP/1.1 200 OK
Content-Type: application/json; charset=utf-8
cache-control: no-cache
content-length: 38072

18:18:55.347 [AsyncHttpClient-1-9] DEBUG org.asynchttpclient.netty.channel.ChannelManager - Adding key: http://localhost:60386 for channel [id: 0xe1192f2c, L:/127.0.0.1:49788 - R:localhost/127.0.0.1:60386]
18:18:55.348 [main] DEBUG net.serenitybdd.core.photography.Darkroom - Send negative for processing for target\site\serenity\04f0814a3a6451c07ae9a979033ae1d4cebfbdf62b1b11502150ea3b2d5fe21c.png
18:18:55.349 [Darkroom Processing Line] DEBUG net.serenitybdd.core.photography.DarkroomProcessingLine - Processing screenshot image in /var/screenshots/screenshot-6851200384507713125
18:18:55.349 [Darkroom Processing Line] DEBUG net.serenitybdd.core.photography.DarkroomProcessingLine - Saving screenshot to target\site\serenity\04f0814a3a6451c07ae9a979033ae1d4cebfbdf62b1b11502150ea3b2d5fe21c.png
18:18:55.353 [Forwarding findElement on session d936527b70c87a070d4847b253659e4b to remote] DEBUG org.asynchttpclient.netty.request.NettyRequestSender - Using pooled Channel '[id: 0xe1192f2c, L:/127.0.0.1:49788 - R:localhost/127.0.0.1:60386]' for 'POST' to 'http://localhost:60386/session/d936527b70c87a070d4847b253659e4b/element'
18:18:55.353 [Forwarding findElement on session d936527b70c87a070d4847b253659e4b to remote] DEBUG org.asynchttpclient.netty.request.NettyRequestSender - Using open Channel [id: 0xe1192f2c, L:/127.0.0.1:49788 - R:localhost/127.0.0.1:60386] for POST '/session/d936527b70c87a070d4847b253659e4b/element'
18:18:55.363 [AsyncHttpClient-1-9] DEBUG org.asynchttpclient.netty.handler.HttpHandler - 

Request DefaultHttpRequest(decodeResult: success, version: HTTP/1.1)
POST /session/d936527b70c87a070d4847b253659e4b/element HTTP/1.1
User-Agent: selenium/4.1.2 (java windows)
Content-Length: 88
Content-Type: application/json; charset=utf-8
host: localhost:60386
accept: */*

Response DefaultHttpResponse(decodeResult: success, version: HTTP/1.1)
HTTP/1.1 200 OK
Content-Type: application/json; charset=utf-8
cache-control: no-cache
content-length: 88

18:18:55.363 [AsyncHttpClient-1-9] DEBUG org.asynchttpclient.netty.channel.ChannelManager - Adding key: http://localhost:60386 for channel [id: 0xe1192f2c, L:/127.0.0.1:49788 - R:localhost/127.0.0.1:60386]
18:18:55.363 [Forwarding clearElement on session d936527b70c87a070d4847b253659e4b to remote] DEBUG org.asynchttpclient.netty.request.NettyRequestSender - Using pooled Channel '[id: 0xe1192f2c, L:/127.0.0.1:49788 - R:localhost/127.0.0.1:60386]' for 'POST' to 'http://localhost:60386/session/d936527b70c87a070d4847b253659e4b/element/babd93d0-23ce-4752-81a3-349b888b4466/clear'
18:18:55.363 [Forwarding clearElement on session d936527b70c87a070d4847b253659e4b to remote] DEBUG org.asynchttpclient.netty.request.NettyRequestSender - Using open Channel [id: 0xe1192f2c, L:/127.0.0.1:49788 - R:localhost/127.0.0.1:60386] for POST '/session/d936527b70c87a070d4847b253659e4b/element/babd93d0-23ce-4752-81a3-349b888b4466/clear'
18:18:55.388 [AsyncHttpClient-1-9] DEBUG org.asynchttpclient.netty.handler.HttpHandler - 

Request DefaultHttpRequest(decodeResult: success, version: HTTP/1.1)
POST /session/d936527b70c87a070d4847b253659e4b/element/babd93d0-23ce-4752-81a3-349b888b4466/clear HTTP/1.1
User-Agent: selenium/4.1.2 (java windows)
Content-Length: 50
Content-Type: application/json; charset=utf-8
host: localhost:60386
accept: */*

Response DefaultHttpResponse(decodeResult: success, version: HTTP/1.1)
HTTP/1.1 200 OK
Content-Type: application/json; charset=utf-8
cache-control: no-cache
content-length: 14

18:18:55.388 [AsyncHttpClient-1-9] DEBUG org.asynchttpclient.netty.channel.ChannelManager - Adding key: http://localhost:60386 for channel [id: 0xe1192f2c, L:/127.0.0.1:49788 - R:localhost/127.0.0.1:60386]
18:18:55.389 [Forwarding sendKeysToElement on session d936527b70c87a070d4847b253659e4b to remote] DEBUG org.asynchttpclient.netty.request.NettyRequestSender - Using pooled Channel '[id: 0xe1192f2c, L:/127.0.0.1:49788 - R:localhost/127.0.0.1:60386]' for 'POST' to 'http://localhost:60386/session/d936527b70c87a070d4847b253659e4b/element/babd93d0-23ce-4752-81a3-349b888b4466/value'
18:18:55.389 [Forwarding sendKeysToElement on session d936527b70c87a070d4847b253659e4b to remote] DEBUG org.asynchttpclient.netty.request.NettyRequestSender - Using open Channel [id: 0xe1192f2c, L:/127.0.0.1:49788 - R:localhost/127.0.0.1:60386] for POST '/session/d936527b70c87a070d4847b253659e4b/element/babd93d0-23ce-4752-81a3-349b888b4466/value'
18:18:55.525 [AsyncHttpClient-1-9] DEBUG org.asynchttpclient.netty.handler.HttpHandler - 

Request DefaultHttpRequest(decodeResult: success, version: HTTP/1.1)
POST /session/d936527b70c87a070d4847b253659e4b/element/babd93d0-23ce-4752-81a3-349b888b4466/value HTTP/1.1
User-Agent: selenium/4.1.2 (java windows)
Content-Length: 361
Content-Type: application/json; charset=utf-8
host: localhost:60386
accept: */*

Response DefaultHttpResponse(decodeResult: success, version: HTTP/1.1)
HTTP/1.1 200 OK
Content-Type: application/json; charset=utf-8
cache-control: no-cache
content-length: 14

18:18:55.525 [AsyncHttpClient-1-9] DEBUG org.asynchttpclient.netty.channel.ChannelManager - Adding key: http://localhost:60386 for channel [id: 0xe1192f2c, L:/127.0.0.1:49788 - R:localhost/127.0.0.1:60386]
  &amp#27;[32mAnd &amp#27;[0m&amp#27;[32mI input new &amp#27;[0m&amp#27;[32m&amp#27;[1m""&amp#27;[0m&amp#27;[32m email&amp#27;[0m                   &amp#27;[90m# starter.stepdefinitions.RegisterStep.iInputNewEmail(java.lang.String)&amp#27;[0m
18:18:55.529 [Forwarding screenshot on session d936527b70c87a070d4847b253659e4b to remote] DEBUG org.asynchttpclient.netty.request.NettyRequestSender - Using pooled Channel '[id: 0xe1192f2c, L:/127.0.0.1:49788 - R:localhost/127.0.0.1:60386]' for 'GET' to 'http://localhost:60386/session/d936527b70c87a070d4847b253659e4b/screenshot'
18:18:55.529 [Forwarding screenshot on session d936527b70c87a070d4847b253659e4b to remote] DEBUG org.asynchttpclient.netty.request.NettyRequestSender - Using open Channel [id: 0xe1192f2c, L:/127.0.0.1:49788 - R:localhost/127.0.0.1:60386] for GET '/session/d936527b70c87a070d4847b253659e4b/screenshot'
18:18:55.679 [AsyncHttpClient-1-9] DEBUG org.asynchttpclient.netty.handler.HttpHandler - 

Request DefaultFullHttpRequest(decodeResult: success, version: HTTP/1.1, content: EmptyByteBufBE)
GET /session/d936527b70c87a070d4847b253659e4b/screenshot HTTP/1.1
User-Agent: selenium/4.1.2 (java windows)
Cache-Control: no-cache
Content-Type: application/json; charset=utf-8
host: localhost:60386
accept: */*

Response DefaultHttpResponse(decodeResult: success, version: HTTP/1.1)
HTTP/1.1 200 OK
Content-Type: application/json; charset=utf-8
cache-control: no-cache
content-length: 48572

18:18:55.679 [AsyncHttpClient-1-9] DEBUG org.asynchttpclient.netty.channel.ChannelManager - Adding key: http://localhost:60386 for channel [id: 0xe1192f2c, L:/127.0.0.1:49788 - R:localhost/127.0.0.1:60386]
18:18:55.680 [main] DEBUG net.serenitybdd.core.photography.Darkroom - Send negative for processing for target\site\serenity\619c7e2cd19f64ae07529a7f72fd7aea19457b84d7325be7d82bb765c0081b35.png
18:18:55.680 [Darkroom Processing Line] DEBUG net.serenitybdd.core.photography.DarkroomProcessingLine - Processing screenshot image in /var/screenshots/screenshot-17718499734735345326
18:18:55.680 [Darkroom Processing Line] DEBUG net.serenitybdd.core.photography.DarkroomProcessingLine - Saving screenshot to target\site\serenity\619c7e2cd19f64ae07529a7f72fd7aea19457b84d7325be7d82bb765c0081b35.png
18:18:55.685 [Forwarding findElement on session d936527b70c87a070d4847b253659e4b to remote] DEBUG org.asynchttpclient.netty.request.NettyRequestSender - Using pooled Channel '[id: 0xe1192f2c, L:/127.0.0.1:49788 - R:localhost/127.0.0.1:60386]' for 'POST' to 'http://localhost:60386/session/d936527b70c87a070d4847b253659e4b/element'
18:18:55.685 [Forwarding findElement on session d936527b70c87a070d4847b253659e4b to remote] DEBUG org.asynchttpclient.netty.request.NettyRequestSender - Using open Channel [id: 0xe1192f2c, L:/127.0.0.1:49788 - R:localhost/127.0.0.1:60386] for POST '/session/d936527b70c87a070d4847b253659e4b/element'
18:18:55.695 [AsyncHttpClient-1-9] DEBUG org.asynchttpclient.netty.handler.HttpHandler - 

Request DefaultHttpRequest(decodeResult: success, version: HTTP/1.1)
POST /session/d936527b70c87a070d4847b253659e4b/element HTTP/1.1
User-Agent: selenium/4.1.2 (java windows)
Content-Length: 91
Content-Type: application/json; charset=utf-8
host: localhost:60386
accept: */*

Response DefaultHttpResponse(decodeResult: success, version: HTTP/1.1)
HTTP/1.1 200 OK
Content-Type: application/json; charset=utf-8
cache-control: no-cache
content-length: 88

18:18:55.695 [AsyncHttpClient-1-9] DEBUG org.asynchttpclient.netty.channel.ChannelManager - Adding key: http://localhost:60386 for channel [id: 0xe1192f2c, L:/127.0.0.1:49788 - R:localhost/127.0.0.1:60386]
18:18:55.695 [Forwarding clearElement on session d936527b70c87a070d4847b253659e4b to remote] DEBUG org.asynchttpclient.netty.request.NettyRequestSender - Using pooled Channel '[id: 0xe1192f2c, L:/127.0.0.1:49788 - R:localhost/127.0.0.1:60386]' for 'POST' to 'http://localhost:60386/session/d936527b70c87a070d4847b253659e4b/element/e6fd49e5-e45b-4b8d-a133-53cada338d1b/clear'
18:18:55.695 [Forwarding clearElement on session d936527b70c87a070d4847b253659e4b to remote] DEBUG org.asynchttpclient.netty.request.NettyRequestSender - Using open Channel [id: 0xe1192f2c, L:/127.0.0.1:49788 - R:localhost/127.0.0.1:60386] for POST '/session/d936527b70c87a070d4847b253659e4b/element/e6fd49e5-e45b-4b8d-a133-53cada338d1b/clear'
18:18:55.719 [AsyncHttpClient-1-9] DEBUG org.asynchttpclient.netty.handler.HttpHandler - 

Request DefaultHttpRequest(decodeResult: success, version: HTTP/1.1)
POST /session/d936527b70c87a070d4847b253659e4b/element/e6fd49e5-e45b-4b8d-a133-53cada338d1b/clear HTTP/1.1
User-Agent: selenium/4.1.2 (java windows)
Content-Length: 50
Content-Type: application/json; charset=utf-8
host: localhost:60386
accept: */*

Response DefaultHttpResponse(decodeResult: success, version: HTTP/1.1)
HTTP/1.1 200 OK
Content-Type: application/json; charset=utf-8
cache-control: no-cache
content-length: 14

18:18:55.719 [AsyncHttpClient-1-9] DEBUG org.asynchttpclient.netty.channel.ChannelManager - Adding key: http://localhost:60386 for channel [id: 0xe1192f2c, L:/127.0.0.1:49788 - R:localhost/127.0.0.1:60386]
18:18:55.720 [Forwarding sendKeysToElement on session d936527b70c87a070d4847b253659e4b to remote] DEBUG org.asynchttpclient.netty.request.NettyRequestSender - Using pooled Channel '[id: 0xe1192f2c, L:/127.0.0.1:49788 - R:localhost/127.0.0.1:60386]' for 'POST' to 'http://localhost:60386/session/d936527b70c87a070d4847b253659e4b/element/e6fd49e5-e45b-4b8d-a133-53cada338d1b/value'
18:18:55.720 [Forwarding sendKeysToElement on session d936527b70c87a070d4847b253659e4b to remote] DEBUG org.asynchttpclient.netty.request.NettyRequestSender - Using open Channel [id: 0xe1192f2c, L:/127.0.0.1:49788 - R:localhost/127.0.0.1:60386] for POST '/session/d936527b70c87a070d4847b253659e4b/element/e6fd49e5-e45b-4b8d-a133-53cada338d1b/value'
18:18:55.756 [AsyncHttpClient-1-9] DEBUG org.asynchttpclient.netty.handler.HttpHandler - 

Request DefaultHttpRequest(decodeResult: success, version: HTTP/1.1)
POST /session/d936527b70c87a070d4847b253659e4b/element/e6fd49e5-e45b-4b8d-a133-53cada338d1b/value HTTP/1.1
User-Agent: selenium/4.1.2 (java windows)
Content-Length: 91
Content-Type: application/json; charset=utf-8
host: localhost:60386
accept: */*

Response DefaultHttpResponse(decodeResult: success, version: HTTP/1.1)
HTTP/1.1 200 OK
Content-Type: application/json; charset=utf-8
cache-control: no-cache
content-length: 14

18:18:55.756 [AsyncHttpClient-1-9] DEBUG org.asynchttpclient.netty.channel.ChannelManager - Adding key: http://localhost:60386 for channel [id: 0xe1192f2c, L:/127.0.0.1:49788 - R:localhost/127.0.0.1:60386]
  &amp#27;[32mAnd &amp#27;[0m&amp#27;[32mI input new &amp#27;[0m&amp#27;[32m&amp#27;[1m"r"&amp#27;[0m&amp#27;[32m password&amp#27;[0m               &amp#27;[90m# starter.stepdefinitions.RegisterStep.iInputNewPassword(java.lang.String)&amp#27;[0m
18:18:55.762 [Forwarding screenshot on session d936527b70c87a070d4847b253659e4b to remote] DEBUG org.asynchttpclient.netty.request.NettyRequestSender - Using pooled Channel '[id: 0xe1192f2c, L:/127.0.0.1:49788 - R:localhost/127.0.0.1:60386]' for 'GET' to 'http://localhost:60386/session/d936527b70c87a070d4847b253659e4b/screenshot'
18:18:55.762 [Forwarding screenshot on session d936527b70c87a070d4847b253659e4b to remote] DEBUG org.asynchttpclient.netty.request.NettyRequestSender - Using open Channel [id: 0xe1192f2c, L:/127.0.0.1:49788 - R:localhost/127.0.0.1:60386] for GET '/session/d936527b70c87a070d4847b253659e4b/screenshot'
18:18:55.909 [AsyncHttpClient-1-9] DEBUG org.asynchttpclient.netty.handler.HttpHandler - 

Request DefaultFullHttpRequest(decodeResult: success, version: HTTP/1.1, content: EmptyByteBufBE)
GET /session/d936527b70c87a070d4847b253659e4b/screenshot HTTP/1.1
User-Agent: selenium/4.1.2 (java windows)
Cache-Control: no-cache
Content-Type: application/json; charset=utf-8
host: localhost:60386
accept: */*

Response DefaultHttpResponse(decodeResult: success, version: HTTP/1.1)
HTTP/1.1 200 OK
Content-Type: application/json; charset=utf-8
cache-control: no-cache
content-length: 46736

18:18:55.909 [AsyncHttpClient-1-9] DEBUG org.asynchttpclient.netty.channel.ChannelManager - Adding key: http://localhost:60386 for channel [id: 0xe1192f2c, L:/127.0.0.1:49788 - R:localhost/127.0.0.1:60386]
18:18:55.910 [main] DEBUG net.serenitybdd.core.photography.Darkroom - Send negative for processing for target\site\serenity\83002742002625ddae2230763a365250566c5ce27de2086d7456379d5faf2822.png
18:18:55.912 [Darkroom Processing Line] DEBUG net.serenitybdd.core.photography.DarkroomProcessingLine - Processing screenshot image in /var/screenshots/screenshot-10514453846058371339
18:18:55.912 [Darkroom Processing Line] DEBUG net.serenitybdd.core.photography.DarkroomProcessingLine - Saving screenshot to target\site\serenity\83002742002625ddae2230763a365250566c5ce27de2086d7456379d5faf2822.png
18:18:55.915 [Forwarding findElement on session d936527b70c87a070d4847b253659e4b to remote] DEBUG org.asynchttpclient.netty.request.NettyRequestSender - Using pooled Channel '[id: 0xe1192f2c, L:/127.0.0.1:49788 - R:localhost/127.0.0.1:60386]' for 'POST' to 'http://localhost:60386/session/d936527b70c87a070d4847b253659e4b/element'
18:18:55.915 [Forwarding findElement on session d936527b70c87a070d4847b253659e4b to remote] DEBUG org.asynchttpclient.netty.request.NettyRequestSender - Using open Channel [id: 0xe1192f2c, L:/127.0.0.1:49788 - R:localhost/127.0.0.1:60386] for POST '/session/d936527b70c87a070d4847b253659e4b/element'
18:18:55.926 [AsyncHttpClient-1-9] DEBUG org.asynchttpclient.netty.handler.HttpHandler - 

Request DefaultHttpRequest(decodeResult: success, version: HTTP/1.1)
POST /session/d936527b70c87a070d4847b253659e4b/element HTTP/1.1
User-Agent: selenium/4.1.2 (java windows)
Content-Length: 121
Content-Type: application/json; charset=utf-8
host: localhost:60386
accept: */*

Response DefaultHttpResponse(decodeResult: success, version: HTTP/1.1)
HTTP/1.1 200 OK
Content-Type: application/json; charset=utf-8
cache-control: no-cache
content-length: 88

18:18:55.926 [AsyncHttpClient-1-9] DEBUG org.asynchttpclient.netty.channel.ChannelManager - Adding key: http://localhost:60386 for channel [id: 0xe1192f2c, L:/127.0.0.1:49788 - R:localhost/127.0.0.1:60386]
18:18:55.927 [Forwarding getElementTagName on session d936527b70c87a070d4847b253659e4b to remote] DEBUG org.asynchttpclient.netty.request.NettyRequestSender - Using pooled Channel '[id: 0xe1192f2c, L:/127.0.0.1:49788 - R:localhost/127.0.0.1:60386]' for 'GET' to 'http://localhost:60386/session/d936527b70c87a070d4847b253659e4b/element/7a9ec65b-9e2f-492d-b420-8f8b6640e7f5/name'
18:18:55.927 [Forwarding getElementTagName on session d936527b70c87a070d4847b253659e4b to remote] DEBUG org.asynchttpclient.netty.request.NettyRequestSender - Using open Channel [id: 0xe1192f2c, L:/127.0.0.1:49788 - R:localhost/127.0.0.1:60386] for GET '/session/d936527b70c87a070d4847b253659e4b/element/7a9ec65b-9e2f-492d-b420-8f8b6640e7f5/name'
18:18:55.931 [AsyncHttpClient-1-9] DEBUG org.asynchttpclient.netty.handler.HttpHandler - 

Request DefaultFullHttpRequest(decodeResult: success, version: HTTP/1.1, content: EmptyByteBufBE)
GET /session/d936527b70c87a070d4847b253659e4b/element/7a9ec65b-9e2f-492d-b420-8f8b6640e7f5/name HTTP/1.1
User-Agent: selenium/4.1.2 (java windows)
Cache-Control: no-cache
Content-Type: application/json; charset=utf-8
host: localhost:60386
accept: */*

Response DefaultHttpResponse(decodeResult: success, version: HTTP/1.1)
HTTP/1.1 200 OK
Content-Type: application/json; charset=utf-8
cache-control: no-cache
content-length: 16

18:18:55.931 [AsyncHttpClient-1-9] DEBUG org.asynchttpclient.netty.channel.ChannelManager - Adding key: http://localhost:60386 for channel [id: 0xe1192f2c, L:/127.0.0.1:49788 - R:localhost/127.0.0.1:60386]
18:18:55.932 [Forwarding getElementTagName on session d936527b70c87a070d4847b253659e4b to remote] DEBUG org.asynchttpclient.netty.request.NettyRequestSender - Using pooled Channel '[id: 0xe1192f2c, L:/127.0.0.1:49788 - R:localhost/127.0.0.1:60386]' for 'GET' to 'http://localhost:60386/session/d936527b70c87a070d4847b253659e4b/element/7a9ec65b-9e2f-492d-b420-8f8b6640e7f5/name'
18:18:55.932 [Forwarding getElementTagName on session d936527b70c87a070d4847b253659e4b to remote] DEBUG org.asynchttpclient.netty.request.NettyRequestSender - Using open Channel [id: 0xe1192f2c, L:/127.0.0.1:49788 - R:localhost/127.0.0.1:60386] for GET '/session/d936527b70c87a070d4847b253659e4b/element/7a9ec65b-9e2f-492d-b420-8f8b6640e7f5/name'
18:18:55.936 [AsyncHttpClient-1-9] DEBUG org.asynchttpclient.netty.handler.HttpHandler - 

Request DefaultFullHttpRequest(decodeResult: success, version: HTTP/1.1, content: EmptyByteBufBE)
GET /session/d936527b70c87a070d4847b253659e4b/element/7a9ec65b-9e2f-492d-b420-8f8b6640e7f5/name HTTP/1.1
User-Agent: selenium/4.1.2 (java windows)
Cache-Control: no-cache
Content-Type: application/json; charset=utf-8
host: localhost:60386
accept: */*

Response DefaultHttpResponse(decodeResult: success, version: HTTP/1.1)
HTTP/1.1 200 OK
Content-Type: application/json; charset=utf-8
cache-control: no-cache
content-length: 16

18:18:55.936 [AsyncHttpClient-1-9] DEBUG org.asynchttpclient.netty.channel.ChannelManager - Adding key: http://localhost:60386 for channel [id: 0xe1192f2c, L:/127.0.0.1:49788 - R:localhost/127.0.0.1:60386]
18:18:55.937 [Forwarding findElement on session d936527b70c87a070d4847b253659e4b to remote] DEBUG org.asynchttpclient.netty.request.NettyRequestSender - Using pooled Channel '[id: 0xe1192f2c, L:/127.0.0.1:49788 - R:localhost/127.0.0.1:60386]' for 'POST' to 'http://localhost:60386/session/d936527b70c87a070d4847b253659e4b/element'
18:18:55.937 [Forwarding findElement on session d936527b70c87a070d4847b253659e4b to remote] DEBUG org.asynchttpclient.netty.request.NettyRequestSender - Using open Channel [id: 0xe1192f2c, L:/127.0.0.1:49788 - R:localhost/127.0.0.1:60386] for POST '/session/d936527b70c87a070d4847b253659e4b/element'
18:18:55.944 [AsyncHttpClient-1-9] DEBUG org.asynchttpclient.netty.handler.HttpHandler - 

Request DefaultHttpRequest(decodeResult: success, version: HTTP/1.1)
POST /session/d936527b70c87a070d4847b253659e4b/element HTTP/1.1
User-Agent: selenium/4.1.2 (java windows)
Content-Length: 121
Content-Type: application/json; charset=utf-8
host: localhost:60386
accept: */*

Response DefaultHttpResponse(decodeResult: success, version: HTTP/1.1)
HTTP/1.1 200 OK
Content-Type: application/json; charset=utf-8
cache-control: no-cache
content-length: 88

18:18:55.944 [AsyncHttpClient-1-9] DEBUG org.asynchttpclient.netty.channel.ChannelManager - Adding key: http://localhost:60386 for channel [id: 0xe1192f2c, L:/127.0.0.1:49788 - R:localhost/127.0.0.1:60386]
18:18:55.944 [Forwarding clickElement on session d936527b70c87a070d4847b253659e4b to remote] DEBUG org.asynchttpclient.netty.request.NettyRequestSender - Using pooled Channel '[id: 0xe1192f2c, L:/127.0.0.1:49788 - R:localhost/127.0.0.1:60386]' for 'POST' to 'http://localhost:60386/session/d936527b70c87a070d4847b253659e4b/element/7a9ec65b-9e2f-492d-b420-8f8b6640e7f5/click'
18:18:55.944 [Forwarding clickElement on session d936527b70c87a070d4847b253659e4b to remote] DEBUG org.asynchttpclient.netty.request.NettyRequestSender - Using open Channel [id: 0xe1192f2c, L:/127.0.0.1:49788 - R:localhost/127.0.0.1:60386] for POST '/session/d936527b70c87a070d4847b253659e4b/element/7a9ec65b-9e2f-492d-b420-8f8b6640e7f5/click'
18:18:55.979 [AsyncHttpClient-1-9] DEBUG org.asynchttpclient.netty.handler.HttpHandler - 

Request DefaultHttpRequest(decodeResult: success, version: HTTP/1.1)
POST /session/d936527b70c87a070d4847b253659e4b/element/7a9ec65b-9e2f-492d-b420-8f8b6640e7f5/click HTTP/1.1
User-Agent: selenium/4.1.2 (java windows)
Content-Length: 50
Content-Type: application/json; charset=utf-8
host: localhost:60386
accept: */*

Response DefaultHttpResponse(decodeResult: success, version: HTTP/1.1)
HTTP/1.1 200 OK
Content-Type: application/json; charset=utf-8
cache-control: no-cache
content-length: 14

18:18:55.979 [AsyncHttpClient-1-9] DEBUG org.asynchttpclient.netty.channel.ChannelManager - Adding key: http://localhost:60386 for channel [id: 0xe1192f2c, L:/127.0.0.1:49788 - R:localhost/127.0.0.1:60386]
  &amp#27;[32mAnd &amp#27;[0m&amp#27;[32mI click Register button&amp#27;[0m                &amp#27;[90m# starter.stepdefinitions.RegisterStep.iClickRegisterButton()&amp#27;[0m
18:18:55.983 [Forwarding screenshot on session d936527b70c87a070d4847b253659e4b to remote] DEBUG org.asynchttpclient.netty.request.NettyRequestSender - Using pooled Channel '[id: 0xe1192f2c, L:/127.0.0.1:49788 - R:localhost/127.0.0.1:60386]' for 'GET' to 'http://localhost:60386/session/d936527b70c87a070d4847b253659e4b/screenshot'
18:18:55.983 [Forwarding screenshot on session d936527b70c87a070d4847b253659e4b to remote] DEBUG org.asynchttpclient.netty.request.NettyRequestSender - Using open Channel [id: 0xe1192f2c, L:/127.0.0.1:49788 - R:localhost/127.0.0.1:60386] for GET '/session/d936527b70c87a070d4847b253659e4b/screenshot'
18:18:56.121 [AsyncHttpClient-1-9] DEBUG org.asynchttpclient.netty.handler.HttpHandler - 

Request DefaultFullHttpRequest(decodeResult: success, version: HTTP/1.1, content: EmptyByteBufBE)
GET /session/d936527b70c87a070d4847b253659e4b/screenshot HTTP/1.1
User-Agent: selenium/4.1.2 (java windows)
Cache-Control: no-cache
Content-Type: application/json; charset=utf-8
host: localhost:60386
accept: */*

Response DefaultHttpResponse(decodeResult: success, version: HTTP/1.1)
HTTP/1.1 200 OK
Content-Type: application/json; charset=utf-8
cache-control: no-cache
content-length: 46028

18:18:56.121 [AsyncHttpClient-1-9] DEBUG org.asynchttpclient.netty.channel.ChannelManager - Adding key: http://localhost:60386 for channel [id: 0xe1192f2c, L:/127.0.0.1:49788 - R:localhost/127.0.0.1:60386]
18:18:56.122 [main] DEBUG net.serenitybdd.core.photography.Darkroom - Send negative for processing for target\site\serenity\35f3c5692b78098a7eb8378fd7105ecea088b97e99d71fbaaa7ca696715d2f2b.png
18:18:56.125 [Darkroom Processing Line] DEBUG net.serenitybdd.core.photography.DarkroomProcessingLine - Processing screenshot image in /var/screenshots/screenshot-6000299523935782073
18:18:56.126 [Darkroom Processing Line] DEBUG net.serenitybdd.core.photography.DarkroomProcessingLine - Saving screenshot to target\site\serenity\35f3c5692b78098a7eb8378fd7105ecea088b97e99d71fbaaa7ca696715d2f2b.png
18:18:56.132 [Forwarding findElement on session d936527b70c87a070d4847b253659e4b to remote] DEBUG org.asynchttpclient.netty.request.NettyRequestSender - Using pooled Channel '[id: 0xe1192f2c, L:/127.0.0.1:49788 - R:localhost/127.0.0.1:60386]' for 'POST' to 'http://localhost:60386/session/d936527b70c87a070d4847b253659e4b/element'
18:18:56.132 [Forwarding findElement on session d936527b70c87a070d4847b253659e4b to remote] DEBUG org.asynchttpclient.netty.request.NettyRequestSender - Using open Channel [id: 0xe1192f2c, L:/127.0.0.1:49788 - R:localhost/127.0.0.1:60386] for POST '/session/d936527b70c87a070d4847b253659e4b/element'
18:18:56.392 [AsyncHttpClient-1-1] DEBUG org.asynchttpclient.netty.channel.DefaultChannelPool - Entry count for : http://localhost:49789 : 1
18:18:56.707 [AsyncHttpClient-1-9] DEBUG org.asynchttpclient.netty.handler.HttpHandler - 

Request DefaultHttpRequest(decodeResult: success, version: HTTP/1.1)
POST /session/d936527b70c87a070d4847b253659e4b/element HTTP/1.1
User-Agent: selenium/4.1.2 (java windows)
Content-Length: 81
Content-Type: application/json; charset=utf-8
host: localhost:60386
accept: */*

Response DefaultHttpResponse(decodeResult: success, version: HTTP/1.1)
HTTP/1.1 200 OK
Content-Type: application/json; charset=utf-8
cache-control: no-cache
content-length: 88

18:18:56.707 [AsyncHttpClient-1-9] DEBUG org.asynchttpclient.netty.channel.ChannelManager - Adding key: http://localhost:60386 for channel [id: 0xe1192f2c, L:/127.0.0.1:49788 - R:localhost/127.0.0.1:60386]
18:18:56.710 [Forwarding isElementDisplayed on session d936527b70c87a070d4847b253659e4b to remote] DEBUG org.asynchttpclient.netty.request.NettyRequestSender - Using pooled Channel '[id: 0xe1192f2c, L:/127.0.0.1:49788 - R:localhost/127.0.0.1:60386]' for 'POST' to 'http://localhost:60386/session/d936527b70c87a070d4847b253659e4b/execute/sync'
18:18:56.710 [Forwarding isElementDisplayed on session d936527b70c87a070d4847b253659e4b to remote] DEBUG org.asynchttpclient.netty.request.NettyRequestSender - Using open Channel [id: 0xe1192f2c, L:/127.0.0.1:49788 - R:localhost/127.0.0.1:60386] for POST '/session/d936527b70c87a070d4847b253659e4b/execute/sync'
18:18:56.734 [AsyncHttpClient-1-9] DEBUG org.asynchttpclient.netty.handler.HttpHandler - 

Request DefaultHttpRequest(decodeResult: success, version: HTTP/1.1)
POST /session/d936527b70c87a070d4847b253659e4b/execute/sync HTTP/1.1
User-Agent: selenium/4.1.2 (java windows)
Content-Length: 48780
Content-Type: application/json; charset=utf-8
host: localhost:60386
accept: */*

Response DefaultHttpResponse(decodeResult: success, version: HTTP/1.1)
HTTP/1.1 200 OK
Content-Type: application/json; charset=utf-8
cache-control: no-cache
content-length: 14

18:18:56.734 [AsyncHttpClient-1-9] DEBUG org.asynchttpclient.netty.channel.ChannelManager - Adding key: http://localhost:60386 for channel [id: 0xe1192f2c, L:/127.0.0.1:49788 - R:localhost/127.0.0.1:60386]
  &amp#27;[32mThen &amp#27;[0m&amp#27;[32mI will get the &amp#27;[0m&amp#27;[32m&amp#27;[1m"Fail register"&amp#27;[0m&amp#27;[32m result&amp#27;[0m &amp#27;[90m# starter.stepdefinitions.RegisterStep.iWillGetTheResult(java.lang.String)&amp#27;[0m
18:18:56.739 [Forwarding screenshot on session d936527b70c87a070d4847b253659e4b to remote] DEBUG org.asynchttpclient.netty.request.NettyRequestSender - Using pooled Channel '[id: 0xe1192f2c, L:/127.0.0.1:49788 - R:localhost/127.0.0.1:60386]' for 'GET' to 'http://localhost:60386/session/d936527b70c87a070d4847b253659e4b/screenshot'
18:18:56.739 [Forwarding screenshot on session d936527b70c87a070d4847b253659e4b to remote] DEBUG org.asynchttpclient.netty.request.NettyRequestSender - Using open Channel [id: 0xe1192f2c, L:/127.0.0.1:49788 - R:localhost/127.0.0.1:60386] for GET '/session/d936527b70c87a070d4847b253659e4b/screenshot'
18:18:56.921 [AsyncHttpClient-1-9] DEBUG org.asynchttpclient.netty.handler.HttpHandler - 

Request DefaultFullHttpRequest(decodeResult: success, version: HTTP/1.1, content: EmptyByteBufBE)
GET /session/d936527b70c87a070d4847b253659e4b/screenshot HTTP/1.1
User-Agent: selenium/4.1.2 (java windows)
Cache-Control: no-cache
Content-Type: application/json; charset=utf-8
host: localhost:60386
accept: */*

Response DefaultHttpResponse(decodeResult: success, version: HTTP/1.1)
HTTP/1.1 200 OK
Content-Type: application/json; charset=utf-8
cache-control: no-cache
content-length: 47304

18:18:56.921 [AsyncHttpClient-1-9] DEBUG org.asynchttpclient.netty.channel.ChannelManager - Adding key: http://localhost:60386 for channel [id: 0xe1192f2c, L:/127.0.0.1:49788 - R:localhost/127.0.0.1:60386]
18:18:56.922 [main] DEBUG net.serenitybdd.core.photography.Darkroom - Send negative for processing for target\site\serenity\6fb29ea2217b6850c3ecc23e031d0a721f6f4297c8d6ca21ca8ff80579b35aed.png
18:18:56.922 [Darkroom Processing Line] DEBUG net.serenitybdd.core.photography.DarkroomProcessingLine - Processing screenshot image in /var/screenshots/screenshot-7435848264132799462
18:18:56.922 [Darkroom Processing Line] DEBUG net.serenitybdd.core.photography.DarkroomProcessingLine - Saving screenshot to target\site\serenity\6fb29ea2217b6850c3ecc23e031d0a721f6f4297c8d6ca21ca8ff80579b35aed.png
18:18:56.927 [Driver Command Executor] DEBUG org.asynchttpclient.netty.request.NettyRequestSender - Using pooled Channel '[id: 0xe1192f2c, L:/127.0.0.1:49788 - R:localhost/127.0.0.1:60386]' for 'DELETE' to 'http://localhost:60386/session/d936527b70c87a070d4847b253659e4b'
18:18:56.927 [Driver Command Executor] DEBUG org.asynchttpclient.netty.request.NettyRequestSender - Using open Channel [id: 0xe1192f2c, L:/127.0.0.1:49788 - R:localhost/127.0.0.1:60386] for DELETE '/session/d936527b70c87a070d4847b253659e4b'
18:18:56.927 [AsyncHttpClient-1-3] DEBUG org.asynchttpclient.netty.handler.WebSocketHandler - Channel Closed: [id: 0xae50624c, L:/127.0.0.1:49796 ! R:localhost/127.0.0.1:49789] with attribute NettyResponseFuture{currentRetry=5,
	isDone=1,
	isCancelled=0,
	asyncHandler=org.asynchttpclient.ws.WebSocketUpgradeHandler@52d50196,
	nettyRequest=org.asynchttpclient.netty.request.NettyRequest@3424a8b3,
	future=java.util.concurrent.CompletableFuture@344d6461[Completed normally],
	uri=ws://localhost:49789/devtools/browser/c0500136-712b-4a55-bde5-87eccf6fb170,
	keepAlive=true,
	redirectCount=0,
	timeoutsHolder=null,
	inAuth=0,
	touch=1667560733071}
18:18:56.927 [AsyncHttpClient-1-3] DEBUG org.asynchttpclient.netty.channel.ChannelManager - Closing Channel [id: 0xae50624c, L:/127.0.0.1:49796 ! R:localhost/127.0.0.1:49789] 
18:18:57.031 [AsyncHttpClient-1-2] DEBUG org.asynchttpclient.netty.handler.HttpHandler - Unexpected I/O exception on channel [id: 0xce6083fb, L:/127.0.0.1:49795 - R:localhost/127.0.0.1:49789]
java.io.IOException: An existing connection was forcibly closed by the remote host
	at java.base/sun.nio.ch.SocketDispatcher.read0(Native Method)
	at java.base/sun.nio.ch.SocketDispatcher.read(SocketDispatcher.java:43)
	at java.base/sun.nio.ch.IOUtil.readIntoNativeBuffer(IOUtil.java:276)
	at java.base/sun.nio.ch.IOUtil.read(IOUtil.java:233)
	at java.base/sun.nio.ch.IOUtil.read(IOUtil.java:223)
	at java.base/sun.nio.ch.SocketChannelImpl.read(SocketChannelImpl.java:358)
	at io.netty.buffer.PooledByteBuf.setBytes(PooledByteBuf.java:258)
	at io.netty.buffer.AbstractByteBuf.writeBytes(AbstractByteBuf.java:1132)
	at io.netty.channel.socket.nio.NioSocketChannel.doReadBytes(NioSocketChannel.java:350)
	at io.netty.channel.nio.AbstractNioByteChannel$NioByteUnsafe.read(AbstractNioByteChannel.java:151)
	at io.netty.channel.nio.NioEventLoop.processSelectedKey(NioEventLoop.java:722)
	at io.netty.channel.nio.NioEventLoop.processSelectedKeysOptimized(NioEventLoop.java:658)
	at io.netty.channel.nio.NioEventLoop.processSelectedKeys(NioEventLoop.java:584)
	at io.netty.channel.nio.NioEventLoop.run(NioEventLoop.java:496)
	at io.netty.util.concurrent.SingleThreadEventExecutor$4.run(SingleThreadEventExecutor.java:986)
	at io.netty.util.internal.ThreadExecutorMap$2.run(ThreadExecutorMap.java:74)
	at io.netty.util.concurrent.FastThreadLocalRunnable.run(FastThreadLocalRunnable.java:30)
	at java.base/java.lang.Thread.run(Thread.java:834)
18:18:57.031 [AsyncHttpClient-1-2] DEBUG org.asynchttpclient.netty.channel.ChannelManager - Closing Channel [id: 0xce6083fb, L:/127.0.0.1:49795 - R:localhost/127.0.0.1:49789] 
18:18:57.031 [AsyncHttpClient-1-2] DEBUG org.asynchttpclient.netty.handler.HttpHandler - Channel Closed: [id: 0xce6083fb, L:/127.0.0.1:49795 ! R:localhost/127.0.0.1:49789] with attribute DISCARD
18:18:57.051 [AsyncHttpClient-1-9] DEBUG org.asynchttpclient.netty.handler.HttpHandler - 

Request DefaultFullHttpRequest(decodeResult: success, version: HTTP/1.1, content: EmptyByteBufBE)
DELETE /session/d936527b70c87a070d4847b253659e4b HTTP/1.1
User-Agent: selenium/4.1.2 (java windows)
Content-Type: application/json; charset=utf-8
host: localhost:60386
accept: */*

Response DefaultHttpResponse(decodeResult: success, version: HTTP/1.1)
HTTP/1.1 200 OK
Content-Type: application/json; charset=utf-8
cache-control: no-cache
content-length: 14

18:18:57.051 [AsyncHttpClient-1-9] DEBUG org.asynchttpclient.netty.channel.ChannelManager - Adding key: http://localhost:60386 for channel [id: 0xe1192f2c, L:/127.0.0.1:49788 - R:localhost/127.0.0.1:60386]
18:18:57.099 [AsyncHttpClient-1-9] DEBUG org.asynchttpclient.netty.handler.HttpHandler - Channel Closed: [id: 0xe1192f2c, L:/127.0.0.1:49788 ! R:localhost/127.0.0.1:60386] with attribute DISCARD
]]></system-out>
    <system-err><![CDATA[Starting ChromeDriver 107.0.5304.62 (1eec40d3a5764881c92085aaee66d25075c159aa-refs/branch-heads/5304@{#942}) on port 60386
Only local connections are allowed.
Please see https://chromedriver.chromium.org/security-considerations for suggestions on keeping ChromeDriver safe.
ChromeDriver was started successfully.
Nov 04, 2022 6:18:53 PM org.openqa.selenium.remote.ProtocolHandshake createSession
INFO: Detected dialect: W3C
Nov 04, 2022 6:18:53 PM org.openqa.selenium.devtools.CdpVersionFinder findNearestMatch
WARNING: Unable to find an exact match for CDP version 107, so returning the closest version found: a no-op implementation
Nov 04, 2022 6:18:53 PM org.openqa.selenium.devtools.CdpVersionFinder findNearestMatch
INFO: Unable to find CDP implementation matching 107.
Nov 04, 2022 6:18:53 PM org.openqa.selenium.chromium.ChromiumDriver lambda$new$3
WARNING: Unable to find version of CDP to use for . You may need to include a dependency on a specific version of the CDP using something similar to `org.seleniumhq.selenium:selenium-devtools-v86:4.1.2` where the version ("v86") matches the version of the chromium-based browser you're using and the version number of the artifact is the same as Selenium's.
]]></system-err>
  </testcase>
  <testcase name="Register new a account #6" classname="Register" time="5.22">
    <system-out><![CDATA[
@Register
Scenario Outline: Register new a account     &amp#27;[90m# src/test/resources/features/register.feature:23&amp#27;[0m
18:18:57.163 [main] INFO io.cucumber.core.plugin.SerenityReporter - Running feature from file:///D:/Ra/file%20kuliah/semester%207/resume%20alta/Mini%20Project/Web/AltaShop/src/test/resources/features/register.feature
18:18:57.175 [main] INFO net.serenitybdd.core.webdriver.driverproviders.ChromeDriverProvider - Using automatically driver download
18:18:57.300 [main] DEBUG io.github.bonigarcia.wdm.cache.ResolutionCache - Resolution chrome=107 in cache (valid until 18:54:29 04/11/2022 ICT)
18:18:57.302 [main] DEBUG io.github.bonigarcia.wdm.cache.ResolutionCache - Resolution chrome107=107.0.5304.62 in cache (valid until 17:54:29 05/11/2022 ICT)
18:18:57.303 [main] INFO io.github.bonigarcia.wdm.WebDriverManager - Using chromedriver 107.0.5304.62 (resolved driver for Chrome 107)
18:18:57.311 [main] DEBUG io.github.bonigarcia.wdm.WebDriverManager - Driver chromedriver 107.0.5304.62 found in cache
18:18:57.312 [main] INFO io.github.bonigarcia.wdm.WebDriverManager - Exporting webdriver.chrome.driver as C:\Users\rilaa\.cache\selenium\chromedriver\win32\107.0.5304.62\chromedriver.exe
18:18:57.419 [main] DEBUG net.serenitybdd.core.webdriver.driverproviders.ProvideNewDriver - Instantiating driver
18:18:57.419 [main] DEBUG net.serenitybdd.core.webdriver.driverproviders.ProvideNewDriver - Driver capabilities: Capabilities {acceptInsecureCerts: false, base.url: https://alta-shop.vercel.app, browserName: chrome, chrome.driver: src/test/resources/webdrive..., driver: chrome, goog:chromeOptions: {args: [], extensions: []}}
18:18:57.487 [AsyncHttpClient-1-1] DEBUG org.asynchttpclient.netty.channel.DefaultChannelPool - Entry count for : http://localhost:60386 : 1
18:18:57.487 [AsyncHttpClient-1-1] DEBUG org.asynchttpclient.netty.channel.DefaultChannelPool - Entry count for : http://localhost:49789 : 1
18:18:57.487 [AsyncHttpClient-1-1] DEBUG org.asynchttpclient.netty.channel.DefaultChannelPool - Adding Candidate expired Channel [id: 0xe1192f2c, L:/127.0.0.1:49788 ! R:localhost/127.0.0.1:60386] isIdleTimeoutExpired=false isRemotelyClosed=true isTtlExpired=false
18:18:57.487 [AsyncHttpClient-1-1] DEBUG org.asynchttpclient.netty.channel.DefaultChannelPool - Closing Idle Channel [id: 0xe1192f2c, L:/127.0.0.1:49788 ! R:localhost/127.0.0.1:60386]
18:18:57.487 [AsyncHttpClient-1-1] DEBUG org.asynchttpclient.netty.channel.DefaultChannelPool - Adding Candidate expired Channel [id: 0xce6083fb, L:/127.0.0.1:49795 ! R:localhost/127.0.0.1:49789] isIdleTimeoutExpired=false isRemotelyClosed=true isTtlExpired=false
18:18:57.487 [AsyncHttpClient-1-1] DEBUG org.asynchttpclient.netty.channel.DefaultChannelPool - Closing Idle Channel [id: 0xce6083fb, L:/127.0.0.1:49795 ! R:localhost/127.0.0.1:49789]
18:18:57.487 [AsyncHttpClient-1-1] DEBUG org.asynchttpclient.netty.channel.DefaultChannelPool - Closed 2 connections out of 2 in 0 ms
18:18:57.523 [AsyncHttpClient-1-4] DEBUG org.asynchttpclient.netty.channel.NettyConnectListener - Using new Channel '[id: 0x602081ba, L:/127.0.0.1:49813 - R:localhost/127.0.0.1:51817]' for 'POST' to '/session'
18:18:58.470 [AsyncHttpClient-1-4] DEBUG org.asynchttpclient.netty.handler.HttpHandler - 

Request DefaultHttpRequest(decodeResult: success, version: HTTP/1.1)
POST /session HTTP/1.1
User-Agent: selenium/4.1.2 (java windows)
Content-Length: 609
Content-Type: application/json; charset=utf-8
host: localhost:51817
accept: */*

Response DefaultHttpResponse(decodeResult: success, version: HTTP/1.1)
HTTP/1.1 200 OK
Content-Type: application/json; charset=utf-8
cache-control: no-cache
content-length: 788

18:18:58.470 [AsyncHttpClient-1-4] DEBUG org.asynchttpclient.netty.channel.ChannelManager - Adding key: http://localhost:51817 for channel [id: 0x602081ba, L:/127.0.0.1:49813 - R:localhost/127.0.0.1:51817]
18:18:58.478 [AsyncHttpClient-1-5] DEBUG org.asynchttpclient.netty.channel.NettyConnectListener - Using new Channel '[id: 0x3c61a783, L:/127.0.0.1:49820 - R:localhost/127.0.0.1:49814]' for 'GET' to '/json/version'
18:18:58.479 [AsyncHttpClient-1-5] DEBUG org.asynchttpclient.netty.handler.HttpHandler - 

Request DefaultFullHttpRequest(decodeResult: success, version: HTTP/1.1, content: EmptyByteBufBE)
GET /json/version HTTP/1.1
User-Agent: selenium/4.1.2 (java windows)
host: localhost:49814
accept: */*

Response DefaultHttpResponse(decodeResult: success, version: HTTP/1.1)
HTTP/1.1 200 OK
Content-Type: application/json; charset=UTF-8
content-length: 423

18:18:58.479 [AsyncHttpClient-1-5] DEBUG org.asynchttpclient.netty.channel.ChannelManager - Adding key: http://localhost:49814 for channel [id: 0x3c61a783, L:/127.0.0.1:49820 - R:localhost/127.0.0.1:49814]
18:18:58.481 [AsyncHttpClient-1-6] DEBUG org.asynchttpclient.netty.channel.NettyConnectListener - Using new Channel '[id: 0x99b81262, L:/127.0.0.1:49821 - R:localhost/127.0.0.1:49814]' for 'GET' to '/devtools/browser/c2115c83-0da2-48a8-826f-5f6eb105e1b5'
18:18:58.482 [AsyncHttpClient-1-6] DEBUG org.asynchttpclient.netty.handler.WebSocketHandler - 

Request DefaultFullHttpRequest(decodeResult: success, version: HTTP/1.1, content: EmptyByteBufBE)
GET /devtools/browser/c2115c83-0da2-48a8-826f-5f6eb105e1b5 HTTP/1.1
upgrade: websocket
connection: upgrade
sec-websocket-key: d4phR8vLxEMfkty8vzF12w==
sec-websocket-version: 13
origin: http://localhost:49814
host: localhost:49814
accept: */*
user-agent: AHC/2.1

Response DefaultHttpResponse(decodeResult: success, version: HTTP/1.1)
HTTP/1.1 101 WebSocket Protocol Handshake
Upgrade: WebSocket
Connection: Upgrade
Sec-WebSocket-Accept: /+JBhew/o4/fMzDcxiuz5picv4o=

18:18:58.487 [Forwarding get on session 53a353ef4597f2e9e58226e43c2379ca to remote] DEBUG org.asynchttpclient.netty.request.NettyRequestSender - Using pooled Channel '[id: 0x602081ba, L:/127.0.0.1:49813 - R:localhost/127.0.0.1:51817]' for 'POST' to 'http://localhost:51817/session/53a353ef4597f2e9e58226e43c2379ca/url'
18:18:58.487 [Forwarding get on session 53a353ef4597f2e9e58226e43c2379ca to remote] DEBUG org.asynchttpclient.netty.request.NettyRequestSender - Using open Channel [id: 0x602081ba, L:/127.0.0.1:49813 - R:localhost/127.0.0.1:51817] for POST '/session/53a353ef4597f2e9e58226e43c2379ca/url'
18:18:58.588 [AsyncHttpClient-1-1] DEBUG org.asynchttpclient.netty.channel.DefaultChannelPool - Entry count for : http://localhost:49814 : 1
18:18:59.494 [AsyncHttpClient-1-4] DEBUG org.asynchttpclient.netty.handler.HttpHandler - 

Request DefaultHttpRequest(decodeResult: success, version: HTTP/1.1)
POST /session/53a353ef4597f2e9e58226e43c2379ca/url HTTP/1.1
User-Agent: selenium/4.1.2 (java windows)
Content-Length: 59
Content-Type: application/json; charset=utf-8
host: localhost:51817
accept: */*

Response DefaultHttpResponse(decodeResult: success, version: HTTP/1.1)
HTTP/1.1 200 OK
Content-Type: application/json; charset=utf-8
cache-control: no-cache
content-length: 14

18:18:59.494 [AsyncHttpClient-1-4] DEBUG org.asynchttpclient.netty.channel.ChannelManager - Adding key: http://localhost:51817 for channel [id: 0x602081ba, L:/127.0.0.1:49813 - R:localhost/127.0.0.1:51817]
18:18:59.495 [Forwarding setTimeout on session 53a353ef4597f2e9e58226e43c2379ca to remote] DEBUG org.asynchttpclient.netty.request.NettyRequestSender - Using pooled Channel '[id: 0x602081ba, L:/127.0.0.1:49813 - R:localhost/127.0.0.1:51817]' for 'POST' to 'http://localhost:51817/session/53a353ef4597f2e9e58226e43c2379ca/timeouts'
18:18:59.495 [Forwarding setTimeout on session 53a353ef4597f2e9e58226e43c2379ca to remote] DEBUG org.asynchttpclient.netty.request.NettyRequestSender - Using open Channel [id: 0x602081ba, L:/127.0.0.1:49813 - R:localhost/127.0.0.1:51817] for POST '/session/53a353ef4597f2e9e58226e43c2379ca/timeouts'
18:18:59.496 [AsyncHttpClient-1-4] DEBUG org.asynchttpclient.netty.handler.HttpHandler - 

Request DefaultHttpRequest(decodeResult: success, version: HTTP/1.1)
POST /session/53a353ef4597f2e9e58226e43c2379ca/timeouts HTTP/1.1
User-Agent: selenium/4.1.2 (java windows)
Content-Length: 22
Content-Type: application/json; charset=utf-8
host: localhost:51817
accept: */*

Response DefaultHttpResponse(decodeResult: success, version: HTTP/1.1)
HTTP/1.1 200 OK
Content-Type: application/json; charset=utf-8
cache-control: no-cache
content-length: 14

18:18:59.496 [AsyncHttpClient-1-4] DEBUG org.asynchttpclient.netty.channel.ChannelManager - Adding key: http://localhost:51817 for channel [id: 0x602081ba, L:/127.0.0.1:49813 - R:localhost/127.0.0.1:51817]
18:18:59.498 [Forwarding getCurrentUrl on session 53a353ef4597f2e9e58226e43c2379ca to remote] DEBUG org.asynchttpclient.netty.request.NettyRequestSender - Using pooled Channel '[id: 0x602081ba, L:/127.0.0.1:49813 - R:localhost/127.0.0.1:51817]' for 'GET' to 'http://localhost:51817/session/53a353ef4597f2e9e58226e43c2379ca/url'
18:18:59.498 [Forwarding getCurrentUrl on session 53a353ef4597f2e9e58226e43c2379ca to remote] DEBUG org.asynchttpclient.netty.request.NettyRequestSender - Using open Channel [id: 0x602081ba, L:/127.0.0.1:49813 - R:localhost/127.0.0.1:51817] for GET '/session/53a353ef4597f2e9e58226e43c2379ca/url'
18:18:59.505 [AsyncHttpClient-1-4] DEBUG org.asynchttpclient.netty.handler.HttpHandler - 

Request DefaultFullHttpRequest(decodeResult: success, version: HTTP/1.1, content: EmptyByteBufBE)
GET /session/53a353ef4597f2e9e58226e43c2379ca/url HTTP/1.1
User-Agent: selenium/4.1.2 (java windows)
Cache-Control: no-cache
Content-Type: application/json; charset=utf-8
host: localhost:51817
accept: */*

Response DefaultHttpResponse(decodeResult: success, version: HTTP/1.1)
HTTP/1.1 200 OK
Content-Type: application/json; charset=utf-8
cache-control: no-cache
content-length: 41

18:18:59.505 [AsyncHttpClient-1-4] DEBUG org.asynchttpclient.netty.channel.ChannelManager - Adding key: http://localhost:51817 for channel [id: 0x602081ba, L:/127.0.0.1:49813 - R:localhost/127.0.0.1:51817]
18:18:59.509 [Forwarding findElement on session 53a353ef4597f2e9e58226e43c2379ca to remote] DEBUG org.asynchttpclient.netty.request.NettyRequestSender - Using pooled Channel '[id: 0x602081ba, L:/127.0.0.1:49813 - R:localhost/127.0.0.1:51817]' for 'POST' to 'http://localhost:51817/session/53a353ef4597f2e9e58226e43c2379ca/element'
18:18:59.509 [Forwarding findElement on session 53a353ef4597f2e9e58226e43c2379ca to remote] DEBUG org.asynchttpclient.netty.request.NettyRequestSender - Using open Channel [id: 0x602081ba, L:/127.0.0.1:49813 - R:localhost/127.0.0.1:51817] for POST '/session/53a353ef4597f2e9e58226e43c2379ca/element'
18:18:59.546 [AsyncHttpClient-1-4] DEBUG org.asynchttpclient.netty.handler.HttpHandler - 

Request DefaultHttpRequest(decodeResult: success, version: HTTP/1.1)
POST /session/53a353ef4597f2e9e58226e43c2379ca/element HTTP/1.1
User-Agent: selenium/4.1.2 (java windows)
Content-Length: 77
Content-Type: application/json; charset=utf-8
host: localhost:51817
accept: */*

Response DefaultHttpResponse(decodeResult: success, version: HTTP/1.1)
HTTP/1.1 200 OK
Content-Type: application/json; charset=utf-8
cache-control: no-cache
content-length: 88

18:18:59.546 [AsyncHttpClient-1-4] DEBUG org.asynchttpclient.netty.channel.ChannelManager - Adding key: http://localhost:51817 for channel [id: 0x602081ba, L:/127.0.0.1:49813 - R:localhost/127.0.0.1:51817]
18:18:59.550 [Forwarding isElementDisplayed on session 53a353ef4597f2e9e58226e43c2379ca to remote] DEBUG org.asynchttpclient.netty.request.NettyRequestSender - Using pooled Channel '[id: 0x602081ba, L:/127.0.0.1:49813 - R:localhost/127.0.0.1:51817]' for 'POST' to 'http://localhost:51817/session/53a353ef4597f2e9e58226e43c2379ca/execute/sync'
18:18:59.550 [Forwarding isElementDisplayed on session 53a353ef4597f2e9e58226e43c2379ca to remote] DEBUG org.asynchttpclient.netty.request.NettyRequestSender - Using open Channel [id: 0x602081ba, L:/127.0.0.1:49813 - R:localhost/127.0.0.1:51817] for POST '/session/53a353ef4597f2e9e58226e43c2379ca/execute/sync'
18:18:59.573 [AsyncHttpClient-1-4] DEBUG org.asynchttpclient.netty.handler.HttpHandler - 

Request DefaultHttpRequest(decodeResult: success, version: HTTP/1.1)
POST /session/53a353ef4597f2e9e58226e43c2379ca/execute/sync HTTP/1.1
User-Agent: selenium/4.1.2 (java windows)
Content-Length: 48780
Content-Type: application/json; charset=utf-8
host: localhost:51817
accept: */*

Response DefaultHttpResponse(decodeResult: success, version: HTTP/1.1)
HTTP/1.1 200 OK
Content-Type: application/json; charset=utf-8
cache-control: no-cache
content-length: 14

18:18:59.573 [AsyncHttpClient-1-4] DEBUG org.asynchttpclient.netty.channel.ChannelManager - Adding key: http://localhost:51817 for channel [id: 0x602081ba, L:/127.0.0.1:49813 - R:localhost/127.0.0.1:51817]
  &amp#27;[32mGiven &amp#27;[0m&amp#27;[32mI am on the home page&amp#27;[0m                &amp#27;[90m# starter.stepdefinitions.LoginStepDefinition.iAmOnTheHomePage()&amp#27;[0m
18:18:59.579 [Forwarding screenshot on session 53a353ef4597f2e9e58226e43c2379ca to remote] DEBUG org.asynchttpclient.netty.request.NettyRequestSender - Using pooled Channel '[id: 0x602081ba, L:/127.0.0.1:49813 - R:localhost/127.0.0.1:51817]' for 'GET' to 'http://localhost:51817/session/53a353ef4597f2e9e58226e43c2379ca/screenshot'
18:18:59.579 [Forwarding screenshot on session 53a353ef4597f2e9e58226e43c2379ca to remote] DEBUG org.asynchttpclient.netty.request.NettyRequestSender - Using open Channel [id: 0x602081ba, L:/127.0.0.1:49813 - R:localhost/127.0.0.1:51817] for GET '/session/53a353ef4597f2e9e58226e43c2379ca/screenshot'
18:18:59.688 [AsyncHttpClient-1-1] DEBUG org.asynchttpclient.netty.channel.DefaultChannelPool - Entry count for : http://localhost:49814 : 1
18:18:59.813 [AsyncHttpClient-1-4] DEBUG org.asynchttpclient.netty.handler.HttpHandler - 

Request DefaultFullHttpRequest(decodeResult: success, version: HTTP/1.1, content: EmptyByteBufBE)
GET /session/53a353ef4597f2e9e58226e43c2379ca/screenshot HTTP/1.1
User-Agent: selenium/4.1.2 (java windows)
Cache-Control: no-cache
Content-Type: application/json; charset=utf-8
host: localhost:51817
accept: */*

Response DefaultHttpResponse(decodeResult: success, version: HTTP/1.1)
HTTP/1.1 200 OK
Content-Type: application/json; charset=utf-8
cache-control: no-cache
content-length: 34720

18:18:59.813 [AsyncHttpClient-1-4] DEBUG org.asynchttpclient.netty.channel.ChannelManager - Adding key: http://localhost:51817 for channel [id: 0x602081ba, L:/127.0.0.1:49813 - R:localhost/127.0.0.1:51817]
18:18:59.814 [main] DEBUG net.serenitybdd.core.photography.Darkroom - Send negative for processing for target\site\serenity\decd6d9e64932b50cc2f554e75d79933da47cf23eb20efc0c48bc470fb1866f3.png
18:18:59.818 [Forwarding findElement on session 53a353ef4597f2e9e58226e43c2379ca to remote] DEBUG org.asynchttpclient.netty.request.NettyRequestSender - Using pooled Channel '[id: 0x602081ba, L:/127.0.0.1:49813 - R:localhost/127.0.0.1:51817]' for 'POST' to 'http://localhost:51817/session/53a353ef4597f2e9e58226e43c2379ca/element'
18:18:59.818 [Forwarding findElement on session 53a353ef4597f2e9e58226e43c2379ca to remote] DEBUG org.asynchttpclient.netty.request.NettyRequestSender - Using open Channel [id: 0x602081ba, L:/127.0.0.1:49813 - R:localhost/127.0.0.1:51817] for POST '/session/53a353ef4597f2e9e58226e43c2379ca/element'
18:18:59.832 [AsyncHttpClient-1-4] DEBUG org.asynchttpclient.netty.handler.HttpHandler - 

Request DefaultHttpRequest(decodeResult: success, version: HTTP/1.1)
POST /session/53a353ef4597f2e9e58226e43c2379ca/element HTTP/1.1
User-Agent: selenium/4.1.2 (java windows)
Content-Length: 97
Content-Type: application/json; charset=utf-8
host: localhost:51817
accept: */*

Response DefaultHttpResponse(decodeResult: success, version: HTTP/1.1)
HTTP/1.1 200 OK
Content-Type: application/json; charset=utf-8
cache-control: no-cache
content-length: 88

18:18:59.832 [AsyncHttpClient-1-4] DEBUG org.asynchttpclient.netty.channel.ChannelManager - Adding key: http://localhost:51817 for channel [id: 0x602081ba, L:/127.0.0.1:49813 - R:localhost/127.0.0.1:51817]
18:18:59.832 [Forwarding getElementTagName on session 53a353ef4597f2e9e58226e43c2379ca to remote] DEBUG org.asynchttpclient.netty.request.NettyRequestSender - Using pooled Channel '[id: 0x602081ba, L:/127.0.0.1:49813 - R:localhost/127.0.0.1:51817]' for 'GET' to 'http://localhost:51817/session/53a353ef4597f2e9e58226e43c2379ca/element/03468b01-0783-4824-9ac4-81bedd47cc58/name'
18:18:59.832 [Forwarding getElementTagName on session 53a353ef4597f2e9e58226e43c2379ca to remote] DEBUG org.asynchttpclient.netty.request.NettyRequestSender - Using open Channel [id: 0x602081ba, L:/127.0.0.1:49813 - R:localhost/127.0.0.1:51817] for GET '/session/53a353ef4597f2e9e58226e43c2379ca/element/03468b01-0783-4824-9ac4-81bedd47cc58/name'
18:18:59.836 [AsyncHttpClient-1-4] DEBUG org.asynchttpclient.netty.handler.HttpHandler - 

Request DefaultFullHttpRequest(decodeResult: success, version: HTTP/1.1, content: EmptyByteBufBE)
GET /session/53a353ef4597f2e9e58226e43c2379ca/element/03468b01-0783-4824-9ac4-81bedd47cc58/name HTTP/1.1
User-Agent: selenium/4.1.2 (java windows)
Cache-Control: no-cache
Content-Type: application/json; charset=utf-8
host: localhost:51817
accept: */*

Response DefaultHttpResponse(decodeResult: success, version: HTTP/1.1)
HTTP/1.1 200 OK
Content-Type: application/json; charset=utf-8
cache-control: no-cache
content-length: 13

18:18:59.836 [AsyncHttpClient-1-4] DEBUG org.asynchttpclient.netty.channel.ChannelManager - Adding key: http://localhost:51817 for channel [id: 0x602081ba, L:/127.0.0.1:49813 - R:localhost/127.0.0.1:51817]
18:18:59.836 [Forwarding getElementTagName on session 53a353ef4597f2e9e58226e43c2379ca to remote] DEBUG org.asynchttpclient.netty.request.NettyRequestSender - Using pooled Channel '[id: 0x602081ba, L:/127.0.0.1:49813 - R:localhost/127.0.0.1:51817]' for 'GET' to 'http://localhost:51817/session/53a353ef4597f2e9e58226e43c2379ca/element/03468b01-0783-4824-9ac4-81bedd47cc58/name'
18:18:59.836 [Forwarding getElementTagName on session 53a353ef4597f2e9e58226e43c2379ca to remote] DEBUG org.asynchttpclient.netty.request.NettyRequestSender - Using open Channel [id: 0x602081ba, L:/127.0.0.1:49813 - R:localhost/127.0.0.1:51817] for GET '/session/53a353ef4597f2e9e58226e43c2379ca/element/03468b01-0783-4824-9ac4-81bedd47cc58/name'
18:18:59.841 [AsyncHttpClient-1-4] DEBUG org.asynchttpclient.netty.handler.HttpHandler - 

Request DefaultFullHttpRequest(decodeResult: success, version: HTTP/1.1, content: EmptyByteBufBE)
GET /session/53a353ef4597f2e9e58226e43c2379ca/element/03468b01-0783-4824-9ac4-81bedd47cc58/name HTTP/1.1
User-Agent: selenium/4.1.2 (java windows)
Cache-Control: no-cache
Content-Type: application/json; charset=utf-8
host: localhost:51817
accept: */*

Response DefaultHttpResponse(decodeResult: success, version: HTTP/1.1)
HTTP/1.1 200 OK
Content-Type: application/json; charset=utf-8
cache-control: no-cache
content-length: 13

18:18:59.841 [AsyncHttpClient-1-4] DEBUG org.asynchttpclient.netty.channel.ChannelManager - Adding key: http://localhost:51817 for channel [id: 0x602081ba, L:/127.0.0.1:49813 - R:localhost/127.0.0.1:51817]
18:18:59.843 [Forwarding findElement on session 53a353ef4597f2e9e58226e43c2379ca to remote] DEBUG org.asynchttpclient.netty.request.NettyRequestSender - Using pooled Channel '[id: 0x602081ba, L:/127.0.0.1:49813 - R:localhost/127.0.0.1:51817]' for 'POST' to 'http://localhost:51817/session/53a353ef4597f2e9e58226e43c2379ca/element'
18:18:59.843 [Forwarding findElement on session 53a353ef4597f2e9e58226e43c2379ca to remote] DEBUG org.asynchttpclient.netty.request.NettyRequestSender - Using open Channel [id: 0x602081ba, L:/127.0.0.1:49813 - R:localhost/127.0.0.1:51817] for POST '/session/53a353ef4597f2e9e58226e43c2379ca/element'
18:18:59.851 [AsyncHttpClient-1-4] DEBUG org.asynchttpclient.netty.handler.HttpHandler - 

Request DefaultHttpRequest(decodeResult: success, version: HTTP/1.1)
POST /session/53a353ef4597f2e9e58226e43c2379ca/element HTTP/1.1
User-Agent: selenium/4.1.2 (java windows)
Content-Length: 97
Content-Type: application/json; charset=utf-8
host: localhost:51817
accept: */*

Response DefaultHttpResponse(decodeResult: success, version: HTTP/1.1)
HTTP/1.1 200 OK
Content-Type: application/json; charset=utf-8
cache-control: no-cache
content-length: 88

18:18:59.851 [AsyncHttpClient-1-4] DEBUG org.asynchttpclient.netty.channel.ChannelManager - Adding key: http://localhost:51817 for channel [id: 0x602081ba, L:/127.0.0.1:49813 - R:localhost/127.0.0.1:51817]
18:18:59.851 [Forwarding clickElement on session 53a353ef4597f2e9e58226e43c2379ca to remote] DEBUG org.asynchttpclient.netty.request.NettyRequestSender - Using pooled Channel '[id: 0x602081ba, L:/127.0.0.1:49813 - R:localhost/127.0.0.1:51817]' for 'POST' to 'http://localhost:51817/session/53a353ef4597f2e9e58226e43c2379ca/element/03468b01-0783-4824-9ac4-81bedd47cc58/click'
18:18:59.851 [Forwarding clickElement on session 53a353ef4597f2e9e58226e43c2379ca to remote] DEBUG org.asynchttpclient.netty.request.NettyRequestSender - Using open Channel [id: 0x602081ba, L:/127.0.0.1:49813 - R:localhost/127.0.0.1:51817] for POST '/session/53a353ef4597f2e9e58226e43c2379ca/element/03468b01-0783-4824-9ac4-81bedd47cc58/click'
18:18:59.886 [AsyncHttpClient-1-4] DEBUG org.asynchttpclient.netty.handler.HttpHandler - 

Request DefaultHttpRequest(decodeResult: success, version: HTTP/1.1)
POST /session/53a353ef4597f2e9e58226e43c2379ca/element/03468b01-0783-4824-9ac4-81bedd47cc58/click HTTP/1.1
User-Agent: selenium/4.1.2 (java windows)
Content-Length: 50
Content-Type: application/json; charset=utf-8
host: localhost:51817
accept: */*

Response DefaultHttpResponse(decodeResult: success, version: HTTP/1.1)
HTTP/1.1 200 OK
Content-Type: application/json; charset=utf-8
cache-control: no-cache
content-length: 14

18:18:59.886 [AsyncHttpClient-1-4] DEBUG org.asynchttpclient.netty.channel.ChannelManager - Adding key: http://localhost:51817 for channel [id: 0x602081ba, L:/127.0.0.1:49813 - R:localhost/127.0.0.1:51817]
  &amp#27;[32mAnd &amp#27;[0m&amp#27;[32mI click login icon&amp#27;[0m                     &amp#27;[90m# starter.stepdefinitions.LoginStepDefinition.iClickLoginIcon()&amp#27;[0m
18:18:59.895 [Forwarding screenshot on session 53a353ef4597f2e9e58226e43c2379ca to remote] DEBUG org.asynchttpclient.netty.request.NettyRequestSender - Using pooled Channel '[id: 0x602081ba, L:/127.0.0.1:49813 - R:localhost/127.0.0.1:51817]' for 'GET' to 'http://localhost:51817/session/53a353ef4597f2e9e58226e43c2379ca/screenshot'
18:18:59.895 [Forwarding screenshot on session 53a353ef4597f2e9e58226e43c2379ca to remote] DEBUG org.asynchttpclient.netty.request.NettyRequestSender - Using open Channel [id: 0x602081ba, L:/127.0.0.1:49813 - R:localhost/127.0.0.1:51817] for GET '/session/53a353ef4597f2e9e58226e43c2379ca/screenshot'
18:19:00.129 [AsyncHttpClient-1-4] DEBUG org.asynchttpclient.netty.handler.HttpHandler - 

Request DefaultFullHttpRequest(decodeResult: success, version: HTTP/1.1, content: EmptyByteBufBE)
GET /session/53a353ef4597f2e9e58226e43c2379ca/screenshot HTTP/1.1
User-Agent: selenium/4.1.2 (java windows)
Cache-Control: no-cache
Content-Type: application/json; charset=utf-8
host: localhost:51817
accept: */*

Response DefaultHttpResponse(decodeResult: success, version: HTTP/1.1)
HTTP/1.1 200 OK
Content-Type: application/json; charset=utf-8
cache-control: no-cache
content-length: 34912

18:19:00.129 [AsyncHttpClient-1-4] DEBUG org.asynchttpclient.netty.channel.ChannelManager - Adding key: http://localhost:51817 for channel [id: 0x602081ba, L:/127.0.0.1:49813 - R:localhost/127.0.0.1:51817]
18:19:00.129 [main] DEBUG net.serenitybdd.core.photography.Darkroom - Send negative for processing for target\site\serenity\b1a52ba2a567f3b67e3ec180b33d6fab6c649de9c8af83807a05669754db42d6.png
18:19:00.137 [Forwarding findElement on session 53a353ef4597f2e9e58226e43c2379ca to remote] DEBUG org.asynchttpclient.netty.request.NettyRequestSender - Using pooled Channel '[id: 0x602081ba, L:/127.0.0.1:49813 - R:localhost/127.0.0.1:51817]' for 'POST' to 'http://localhost:51817/session/53a353ef4597f2e9e58226e43c2379ca/element'
18:19:00.137 [Forwarding findElement on session 53a353ef4597f2e9e58226e43c2379ca to remote] DEBUG org.asynchttpclient.netty.request.NettyRequestSender - Using open Channel [id: 0x602081ba, L:/127.0.0.1:49813 - R:localhost/127.0.0.1:51817] for POST '/session/53a353ef4597f2e9e58226e43c2379ca/element'
18:19:00.148 [AsyncHttpClient-1-4] DEBUG org.asynchttpclient.netty.handler.HttpHandler - 

Request DefaultHttpRequest(decodeResult: success, version: HTTP/1.1)
POST /session/53a353ef4597f2e9e58226e43c2379ca/element HTTP/1.1
User-Agent: selenium/4.1.2 (java windows)
Content-Length: 95
Content-Type: application/json; charset=utf-8
host: localhost:51817
accept: */*

Response DefaultHttpResponse(decodeResult: success, version: HTTP/1.1)
HTTP/1.1 200 OK
Content-Type: application/json; charset=utf-8
cache-control: no-cache
content-length: 88

18:19:00.148 [AsyncHttpClient-1-4] DEBUG org.asynchttpclient.netty.channel.ChannelManager - Adding key: http://localhost:51817 for channel [id: 0x602081ba, L:/127.0.0.1:49813 - R:localhost/127.0.0.1:51817]
18:19:00.149 [Forwarding getElementTagName on session 53a353ef4597f2e9e58226e43c2379ca to remote] DEBUG org.asynchttpclient.netty.request.NettyRequestSender - Using pooled Channel '[id: 0x602081ba, L:/127.0.0.1:49813 - R:localhost/127.0.0.1:51817]' for 'GET' to 'http://localhost:51817/session/53a353ef4597f2e9e58226e43c2379ca/element/14fa8b75-0883-4717-848d-a37fffa4e3b2/name'
18:19:00.149 [Forwarding getElementTagName on session 53a353ef4597f2e9e58226e43c2379ca to remote] DEBUG org.asynchttpclient.netty.request.NettyRequestSender - Using open Channel [id: 0x602081ba, L:/127.0.0.1:49813 - R:localhost/127.0.0.1:51817] for GET '/session/53a353ef4597f2e9e58226e43c2379ca/element/14fa8b75-0883-4717-848d-a37fffa4e3b2/name'
18:19:00.153 [AsyncHttpClient-1-4] DEBUG org.asynchttpclient.netty.handler.HttpHandler - 

Request DefaultFullHttpRequest(decodeResult: success, version: HTTP/1.1, content: EmptyByteBufBE)
GET /session/53a353ef4597f2e9e58226e43c2379ca/element/14fa8b75-0883-4717-848d-a37fffa4e3b2/name HTTP/1.1
User-Agent: selenium/4.1.2 (java windows)
Cache-Control: no-cache
Content-Type: application/json; charset=utf-8
host: localhost:51817
accept: */*

Response DefaultHttpResponse(decodeResult: success, version: HTTP/1.1)
HTTP/1.1 200 OK
Content-Type: application/json; charset=utf-8
cache-control: no-cache
content-length: 13

18:19:00.153 [AsyncHttpClient-1-4] DEBUG org.asynchttpclient.netty.channel.ChannelManager - Adding key: http://localhost:51817 for channel [id: 0x602081ba, L:/127.0.0.1:49813 - R:localhost/127.0.0.1:51817]
18:19:00.153 [Forwarding getElementTagName on session 53a353ef4597f2e9e58226e43c2379ca to remote] DEBUG org.asynchttpclient.netty.request.NettyRequestSender - Using pooled Channel '[id: 0x602081ba, L:/127.0.0.1:49813 - R:localhost/127.0.0.1:51817]' for 'GET' to 'http://localhost:51817/session/53a353ef4597f2e9e58226e43c2379ca/element/14fa8b75-0883-4717-848d-a37fffa4e3b2/name'
18:19:00.153 [Forwarding getElementTagName on session 53a353ef4597f2e9e58226e43c2379ca to remote] DEBUG org.asynchttpclient.netty.request.NettyRequestSender - Using open Channel [id: 0x602081ba, L:/127.0.0.1:49813 - R:localhost/127.0.0.1:51817] for GET '/session/53a353ef4597f2e9e58226e43c2379ca/element/14fa8b75-0883-4717-848d-a37fffa4e3b2/name'
18:19:00.159 [AsyncHttpClient-1-4] DEBUG org.asynchttpclient.netty.handler.HttpHandler - 

Request DefaultFullHttpRequest(decodeResult: success, version: HTTP/1.1, content: EmptyByteBufBE)
GET /session/53a353ef4597f2e9e58226e43c2379ca/element/14fa8b75-0883-4717-848d-a37fffa4e3b2/name HTTP/1.1
User-Agent: selenium/4.1.2 (java windows)
Cache-Control: no-cache
Content-Type: application/json; charset=utf-8
host: localhost:51817
accept: */*

Response DefaultHttpResponse(decodeResult: success, version: HTTP/1.1)
HTTP/1.1 200 OK
Content-Type: application/json; charset=utf-8
cache-control: no-cache
content-length: 13

18:19:00.159 [AsyncHttpClient-1-4] DEBUG org.asynchttpclient.netty.channel.ChannelManager - Adding key: http://localhost:51817 for channel [id: 0x602081ba, L:/127.0.0.1:49813 - R:localhost/127.0.0.1:51817]
18:19:00.161 [Forwarding findElement on session 53a353ef4597f2e9e58226e43c2379ca to remote] DEBUG org.asynchttpclient.netty.request.NettyRequestSender - Using pooled Channel '[id: 0x602081ba, L:/127.0.0.1:49813 - R:localhost/127.0.0.1:51817]' for 'POST' to 'http://localhost:51817/session/53a353ef4597f2e9e58226e43c2379ca/element'
18:19:00.161 [Forwarding findElement on session 53a353ef4597f2e9e58226e43c2379ca to remote] DEBUG org.asynchttpclient.netty.request.NettyRequestSender - Using open Channel [id: 0x602081ba, L:/127.0.0.1:49813 - R:localhost/127.0.0.1:51817] for POST '/session/53a353ef4597f2e9e58226e43c2379ca/element'
18:19:00.166 [AsyncHttpClient-1-4] DEBUG org.asynchttpclient.netty.handler.HttpHandler - 

Request DefaultHttpRequest(decodeResult: success, version: HTTP/1.1)
POST /session/53a353ef4597f2e9e58226e43c2379ca/element HTTP/1.1
User-Agent: selenium/4.1.2 (java windows)
Content-Length: 95
Content-Type: application/json; charset=utf-8
host: localhost:51817
accept: */*

Response DefaultHttpResponse(decodeResult: success, version: HTTP/1.1)
HTTP/1.1 200 OK
Content-Type: application/json; charset=utf-8
cache-control: no-cache
content-length: 88

18:19:00.166 [AsyncHttpClient-1-4] DEBUG org.asynchttpclient.netty.channel.ChannelManager - Adding key: http://localhost:51817 for channel [id: 0x602081ba, L:/127.0.0.1:49813 - R:localhost/127.0.0.1:51817]
18:19:00.168 [Forwarding clickElement on session 53a353ef4597f2e9e58226e43c2379ca to remote] DEBUG org.asynchttpclient.netty.request.NettyRequestSender - Using pooled Channel '[id: 0x602081ba, L:/127.0.0.1:49813 - R:localhost/127.0.0.1:51817]' for 'POST' to 'http://localhost:51817/session/53a353ef4597f2e9e58226e43c2379ca/element/14fa8b75-0883-4717-848d-a37fffa4e3b2/click'
18:19:00.168 [Forwarding clickElement on session 53a353ef4597f2e9e58226e43c2379ca to remote] DEBUG org.asynchttpclient.netty.request.NettyRequestSender - Using open Channel [id: 0x602081ba, L:/127.0.0.1:49813 - R:localhost/127.0.0.1:51817] for POST '/session/53a353ef4597f2e9e58226e43c2379ca/element/14fa8b75-0883-4717-848d-a37fffa4e3b2/click'
18:19:00.219 [AsyncHttpClient-1-4] DEBUG org.asynchttpclient.netty.handler.HttpHandler - 

Request DefaultHttpRequest(decodeResult: success, version: HTTP/1.1)
POST /session/53a353ef4597f2e9e58226e43c2379ca/element/14fa8b75-0883-4717-848d-a37fffa4e3b2/click HTTP/1.1
User-Agent: selenium/4.1.2 (java windows)
Content-Length: 50
Content-Type: application/json; charset=utf-8
host: localhost:51817
accept: */*

Response DefaultHttpResponse(decodeResult: success, version: HTTP/1.1)
HTTP/1.1 200 OK
Content-Type: application/json; charset=utf-8
cache-control: no-cache
content-length: 14

18:19:00.219 [AsyncHttpClient-1-4] DEBUG org.asynchttpclient.netty.channel.ChannelManager - Adding key: http://localhost:51817 for channel [id: 0x602081ba, L:/127.0.0.1:49813 - R:localhost/127.0.0.1:51817]
  &amp#27;[32mAnd &amp#27;[0m&amp#27;[32mI click register text&amp#27;[0m                  &amp#27;[90m# starter.stepdefinitions.RegisterStep.iClickRegisterText()&amp#27;[0m
18:19:00.231 [Forwarding screenshot on session 53a353ef4597f2e9e58226e43c2379ca to remote] DEBUG org.asynchttpclient.netty.request.NettyRequestSender - Using pooled Channel '[id: 0x602081ba, L:/127.0.0.1:49813 - R:localhost/127.0.0.1:51817]' for 'GET' to 'http://localhost:51817/session/53a353ef4597f2e9e58226e43c2379ca/screenshot'
18:19:00.231 [Forwarding screenshot on session 53a353ef4597f2e9e58226e43c2379ca to remote] DEBUG org.asynchttpclient.netty.request.NettyRequestSender - Using open Channel [id: 0x602081ba, L:/127.0.0.1:49813 - R:localhost/127.0.0.1:51817] for GET '/session/53a353ef4597f2e9e58226e43c2379ca/screenshot'
18:19:00.468 [AsyncHttpClient-1-4] DEBUG org.asynchttpclient.netty.handler.HttpHandler - 

Request DefaultFullHttpRequest(decodeResult: success, version: HTTP/1.1, content: EmptyByteBufBE)
GET /session/53a353ef4597f2e9e58226e43c2379ca/screenshot HTTP/1.1
User-Agent: selenium/4.1.2 (java windows)
Cache-Control: no-cache
Content-Type: application/json; charset=utf-8
host: localhost:51817
accept: */*

Response DefaultHttpResponse(decodeResult: success, version: HTTP/1.1)
HTTP/1.1 200 OK
Content-Type: application/json; charset=utf-8
cache-control: no-cache
content-length: 38612

18:19:00.468 [AsyncHttpClient-1-4] DEBUG org.asynchttpclient.netty.channel.ChannelManager - Adding key: http://localhost:51817 for channel [id: 0x602081ba, L:/127.0.0.1:49813 - R:localhost/127.0.0.1:51817]
18:19:00.471 [main] DEBUG net.serenitybdd.core.photography.Darkroom - Send negative for processing for target\site\serenity\367417f49cb9eba3bc8ec2afe7b7b452a259339342720a68d86ae05f74458ddd.png
18:19:00.471 [Darkroom Processing Line] DEBUG net.serenitybdd.core.photography.DarkroomProcessingLine - Processing screenshot image in /var/screenshots/screenshot-10921878895364257526
18:19:00.471 [Darkroom Processing Line] DEBUG net.serenitybdd.core.photography.DarkroomProcessingLine - Saving screenshot to target\site\serenity\367417f49cb9eba3bc8ec2afe7b7b452a259339342720a68d86ae05f74458ddd.png
18:19:00.478 [Forwarding findElement on session 53a353ef4597f2e9e58226e43c2379ca to remote] DEBUG org.asynchttpclient.netty.request.NettyRequestSender - Using pooled Channel '[id: 0x602081ba, L:/127.0.0.1:49813 - R:localhost/127.0.0.1:51817]' for 'POST' to 'http://localhost:51817/session/53a353ef4597f2e9e58226e43c2379ca/element'
18:19:00.478 [Forwarding findElement on session 53a353ef4597f2e9e58226e43c2379ca to remote] DEBUG org.asynchttpclient.netty.request.NettyRequestSender - Using open Channel [id: 0x602081ba, L:/127.0.0.1:49813 - R:localhost/127.0.0.1:51817] for POST '/session/53a353ef4597f2e9e58226e43c2379ca/element'
18:19:00.487 [AsyncHttpClient-1-4] DEBUG org.asynchttpclient.netty.handler.HttpHandler - 

Request DefaultHttpRequest(decodeResult: success, version: HTTP/1.1)
POST /session/53a353ef4597f2e9e58226e43c2379ca/element HTTP/1.1
User-Agent: selenium/4.1.2 (java windows)
Content-Length: 95
Content-Type: application/json; charset=utf-8
host: localhost:51817
accept: */*

Response DefaultHttpResponse(decodeResult: success, version: HTTP/1.1)
HTTP/1.1 200 OK
Content-Type: application/json; charset=utf-8
cache-control: no-cache
content-length: 88

18:19:00.487 [AsyncHttpClient-1-4] DEBUG org.asynchttpclient.netty.channel.ChannelManager - Adding key: http://localhost:51817 for channel [id: 0x602081ba, L:/127.0.0.1:49813 - R:localhost/127.0.0.1:51817]
18:19:00.488 [Forwarding clearElement on session 53a353ef4597f2e9e58226e43c2379ca to remote] DEBUG org.asynchttpclient.netty.request.NettyRequestSender - Using pooled Channel '[id: 0x602081ba, L:/127.0.0.1:49813 - R:localhost/127.0.0.1:51817]' for 'POST' to 'http://localhost:51817/session/53a353ef4597f2e9e58226e43c2379ca/element/02d91370-5411-4fe7-8ea5-04696edc55c1/clear'
18:19:00.488 [Forwarding clearElement on session 53a353ef4597f2e9e58226e43c2379ca to remote] DEBUG org.asynchttpclient.netty.request.NettyRequestSender - Using open Channel [id: 0x602081ba, L:/127.0.0.1:49813 - R:localhost/127.0.0.1:51817] for POST '/session/53a353ef4597f2e9e58226e43c2379ca/element/02d91370-5411-4fe7-8ea5-04696edc55c1/clear'
18:19:00.520 [AsyncHttpClient-1-4] DEBUG org.asynchttpclient.netty.handler.HttpHandler - 

Request DefaultHttpRequest(decodeResult: success, version: HTTP/1.1)
POST /session/53a353ef4597f2e9e58226e43c2379ca/element/02d91370-5411-4fe7-8ea5-04696edc55c1/clear HTTP/1.1
User-Agent: selenium/4.1.2 (java windows)
Content-Length: 50
Content-Type: application/json; charset=utf-8
host: localhost:51817
accept: */*

Response DefaultHttpResponse(decodeResult: success, version: HTTP/1.1)
HTTP/1.1 200 OK
Content-Type: application/json; charset=utf-8
cache-control: no-cache
content-length: 14

18:19:00.520 [AsyncHttpClient-1-4] DEBUG org.asynchttpclient.netty.channel.ChannelManager - Adding key: http://localhost:51817 for channel [id: 0x602081ba, L:/127.0.0.1:49813 - R:localhost/127.0.0.1:51817]
18:19:00.521 [Forwarding sendKeysToElement on session 53a353ef4597f2e9e58226e43c2379ca to remote] DEBUG org.asynchttpclient.netty.request.NettyRequestSender - Using pooled Channel '[id: 0x602081ba, L:/127.0.0.1:49813 - R:localhost/127.0.0.1:51817]' for 'POST' to 'http://localhost:51817/session/53a353ef4597f2e9e58226e43c2379ca/element/02d91370-5411-4fe7-8ea5-04696edc55c1/value'
18:19:00.521 [Forwarding sendKeysToElement on session 53a353ef4597f2e9e58226e43c2379ca to remote] DEBUG org.asynchttpclient.netty.request.NettyRequestSender - Using open Channel [id: 0x602081ba, L:/127.0.0.1:49813 - R:localhost/127.0.0.1:51817] for POST '/session/53a353ef4597f2e9e58226e43c2379ca/element/02d91370-5411-4fe7-8ea5-04696edc55c1/value'
18:19:00.569 [AsyncHttpClient-1-4] DEBUG org.asynchttpclient.netty.handler.HttpHandler - 

Request DefaultHttpRequest(decodeResult: success, version: HTTP/1.1)
POST /session/53a353ef4597f2e9e58226e43c2379ca/element/02d91370-5411-4fe7-8ea5-04696edc55c1/value HTTP/1.1
User-Agent: selenium/4.1.2 (java windows)
Content-Length: 82
Content-Type: application/json; charset=utf-8
host: localhost:51817
accept: */*

Response DefaultHttpResponse(decodeResult: success, version: HTTP/1.1)
HTTP/1.1 200 OK
Content-Type: application/json; charset=utf-8
cache-control: no-cache
content-length: 14

18:19:00.569 [AsyncHttpClient-1-4] DEBUG org.asynchttpclient.netty.channel.ChannelManager - Adding key: http://localhost:51817 for channel [id: 0x602081ba, L:/127.0.0.1:49813 - R:localhost/127.0.0.1:51817]
  &amp#27;[32mWhen &amp#27;[0m&amp#27;[32mI input &amp#27;[0m&amp#27;[32m&amp#27;[1m""&amp#27;[0m&amp#27;[32m name&amp#27;[0m                       &amp#27;[90m# starter.stepdefinitions.RegisterStep.iInputName(java.lang.String)&amp#27;[0m
18:19:00.576 [Forwarding screenshot on session 53a353ef4597f2e9e58226e43c2379ca to remote] DEBUG org.asynchttpclient.netty.request.NettyRequestSender - Using pooled Channel '[id: 0x602081ba, L:/127.0.0.1:49813 - R:localhost/127.0.0.1:51817]' for 'GET' to 'http://localhost:51817/session/53a353ef4597f2e9e58226e43c2379ca/screenshot'
18:19:00.576 [Forwarding screenshot on session 53a353ef4597f2e9e58226e43c2379ca to remote] DEBUG org.asynchttpclient.netty.request.NettyRequestSender - Using open Channel [id: 0x602081ba, L:/127.0.0.1:49813 - R:localhost/127.0.0.1:51817] for GET '/session/53a353ef4597f2e9e58226e43c2379ca/screenshot'
18:19:00.744 [AsyncHttpClient-1-4] DEBUG org.asynchttpclient.netty.handler.HttpHandler - 

Request DefaultFullHttpRequest(decodeResult: success, version: HTTP/1.1, content: EmptyByteBufBE)
GET /session/53a353ef4597f2e9e58226e43c2379ca/screenshot HTTP/1.1
User-Agent: selenium/4.1.2 (java windows)
Cache-Control: no-cache
Content-Type: application/json; charset=utf-8
host: localhost:51817
accept: */*

Response DefaultHttpResponse(decodeResult: success, version: HTTP/1.1)
HTTP/1.1 200 OK
Content-Type: application/json; charset=utf-8
cache-control: no-cache
content-length: 38064

18:19:00.744 [AsyncHttpClient-1-4] DEBUG org.asynchttpclient.netty.channel.ChannelManager - Adding key: http://localhost:51817 for channel [id: 0x602081ba, L:/127.0.0.1:49813 - R:localhost/127.0.0.1:51817]
18:19:00.745 [main] DEBUG net.serenitybdd.core.photography.Darkroom - Send negative for processing for target\site\serenity\560194a9f3e958bef16eb135f9cadd3830c481138baaba52d3481b59e2f89048.png
18:19:00.745 [Darkroom Processing Line] DEBUG net.serenitybdd.core.photography.DarkroomProcessingLine - Processing screenshot image in /var/screenshots/screenshot-17079731043358734588
18:19:00.745 [Darkroom Processing Line] DEBUG net.serenitybdd.core.photography.DarkroomProcessingLine - Saving screenshot to target\site\serenity\560194a9f3e958bef16eb135f9cadd3830c481138baaba52d3481b59e2f89048.png
18:19:00.750 [Forwarding findElement on session 53a353ef4597f2e9e58226e43c2379ca to remote] DEBUG org.asynchttpclient.netty.request.NettyRequestSender - Using pooled Channel '[id: 0x602081ba, L:/127.0.0.1:49813 - R:localhost/127.0.0.1:51817]' for 'POST' to 'http://localhost:51817/session/53a353ef4597f2e9e58226e43c2379ca/element'
18:19:00.750 [Forwarding findElement on session 53a353ef4597f2e9e58226e43c2379ca to remote] DEBUG org.asynchttpclient.netty.request.NettyRequestSender - Using open Channel [id: 0x602081ba, L:/127.0.0.1:49813 - R:localhost/127.0.0.1:51817] for POST '/session/53a353ef4597f2e9e58226e43c2379ca/element'
18:19:00.760 [AsyncHttpClient-1-4] DEBUG org.asynchttpclient.netty.handler.HttpHandler - 

Request DefaultHttpRequest(decodeResult: success, version: HTTP/1.1)
POST /session/53a353ef4597f2e9e58226e43c2379ca/element HTTP/1.1
User-Agent: selenium/4.1.2 (java windows)
Content-Length: 88
Content-Type: application/json; charset=utf-8
host: localhost:51817
accept: */*

Response DefaultHttpResponse(decodeResult: success, version: HTTP/1.1)
HTTP/1.1 200 OK
Content-Type: application/json; charset=utf-8
cache-control: no-cache
content-length: 88

18:19:00.760 [AsyncHttpClient-1-4] DEBUG org.asynchttpclient.netty.channel.ChannelManager - Adding key: http://localhost:51817 for channel [id: 0x602081ba, L:/127.0.0.1:49813 - R:localhost/127.0.0.1:51817]
18:19:00.761 [Forwarding clearElement on session 53a353ef4597f2e9e58226e43c2379ca to remote] DEBUG org.asynchttpclient.netty.request.NettyRequestSender - Using pooled Channel '[id: 0x602081ba, L:/127.0.0.1:49813 - R:localhost/127.0.0.1:51817]' for 'POST' to 'http://localhost:51817/session/53a353ef4597f2e9e58226e43c2379ca/element/d0375eff-433b-48da-9510-5dfb9377f16b/clear'
18:19:00.761 [Forwarding clearElement on session 53a353ef4597f2e9e58226e43c2379ca to remote] DEBUG org.asynchttpclient.netty.request.NettyRequestSender - Using open Channel [id: 0x602081ba, L:/127.0.0.1:49813 - R:localhost/127.0.0.1:51817] for POST '/session/53a353ef4597f2e9e58226e43c2379ca/element/d0375eff-433b-48da-9510-5dfb9377f16b/clear'
18:19:00.787 [AsyncHttpClient-1-1] DEBUG org.asynchttpclient.netty.channel.DefaultChannelPool - Entry count for : http://localhost:49814 : 1
18:19:00.787 [AsyncHttpClient-1-4] DEBUG org.asynchttpclient.netty.handler.HttpHandler - 

Request DefaultHttpRequest(decodeResult: success, version: HTTP/1.1)
POST /session/53a353ef4597f2e9e58226e43c2379ca/element/d0375eff-433b-48da-9510-5dfb9377f16b/clear HTTP/1.1
User-Agent: selenium/4.1.2 (java windows)
Content-Length: 50
Content-Type: application/json; charset=utf-8
host: localhost:51817
accept: */*

Response DefaultHttpResponse(decodeResult: success, version: HTTP/1.1)
HTTP/1.1 200 OK
Content-Type: application/json; charset=utf-8
cache-control: no-cache
content-length: 14

18:19:00.787 [AsyncHttpClient-1-4] DEBUG org.asynchttpclient.netty.channel.ChannelManager - Adding key: http://localhost:51817 for channel [id: 0x602081ba, L:/127.0.0.1:49813 - R:localhost/127.0.0.1:51817]
18:19:00.789 [Forwarding sendKeysToElement on session 53a353ef4597f2e9e58226e43c2379ca to remote] DEBUG org.asynchttpclient.netty.request.NettyRequestSender - Using pooled Channel '[id: 0x602081ba, L:/127.0.0.1:49813 - R:localhost/127.0.0.1:51817]' for 'POST' to 'http://localhost:51817/session/53a353ef4597f2e9e58226e43c2379ca/element/d0375eff-433b-48da-9510-5dfb9377f16b/value'
18:19:00.789 [Forwarding sendKeysToElement on session 53a353ef4597f2e9e58226e43c2379ca to remote] DEBUG org.asynchttpclient.netty.request.NettyRequestSender - Using open Channel [id: 0x602081ba, L:/127.0.0.1:49813 - R:localhost/127.0.0.1:51817] for POST '/session/53a353ef4597f2e9e58226e43c2379ca/element/d0375eff-433b-48da-9510-5dfb9377f16b/value'
18:19:00.942 [AsyncHttpClient-1-4] DEBUG org.asynchttpclient.netty.handler.HttpHandler - 

Request DefaultHttpRequest(decodeResult: success, version: HTTP/1.1)
POST /session/53a353ef4597f2e9e58226e43c2379ca/element/d0375eff-433b-48da-9510-5dfb9377f16b/value HTTP/1.1
User-Agent: selenium/4.1.2 (java windows)
Content-Length: 361
Content-Type: application/json; charset=utf-8
host: localhost:51817
accept: */*

Response DefaultHttpResponse(decodeResult: success, version: HTTP/1.1)
HTTP/1.1 200 OK
Content-Type: application/json; charset=utf-8
cache-control: no-cache
content-length: 14

18:19:00.942 [AsyncHttpClient-1-4] DEBUG org.asynchttpclient.netty.channel.ChannelManager - Adding key: http://localhost:51817 for channel [id: 0x602081ba, L:/127.0.0.1:49813 - R:localhost/127.0.0.1:51817]
  &amp#27;[32mAnd &amp#27;[0m&amp#27;[32mI input new &amp#27;[0m&amp#27;[32m&amp#27;[1m"2"&amp#27;[0m&amp#27;[32m email&amp#27;[0m                  &amp#27;[90m# starter.stepdefinitions.RegisterStep.iInputNewEmail(java.lang.String)&amp#27;[0m
18:19:00.946 [Forwarding screenshot on session 53a353ef4597f2e9e58226e43c2379ca to remote] DEBUG org.asynchttpclient.netty.request.NettyRequestSender - Using pooled Channel '[id: 0x602081ba, L:/127.0.0.1:49813 - R:localhost/127.0.0.1:51817]' for 'GET' to 'http://localhost:51817/session/53a353ef4597f2e9e58226e43c2379ca/screenshot'
18:19:00.946 [Forwarding screenshot on session 53a353ef4597f2e9e58226e43c2379ca to remote] DEBUG org.asynchttpclient.netty.request.NettyRequestSender - Using open Channel [id: 0x602081ba, L:/127.0.0.1:49813 - R:localhost/127.0.0.1:51817] for GET '/session/53a353ef4597f2e9e58226e43c2379ca/screenshot'
18:19:01.107 [AsyncHttpClient-1-4] DEBUG org.asynchttpclient.netty.handler.HttpHandler - 

Request DefaultFullHttpRequest(decodeResult: success, version: HTTP/1.1, content: EmptyByteBufBE)
GET /session/53a353ef4597f2e9e58226e43c2379ca/screenshot HTTP/1.1
User-Agent: selenium/4.1.2 (java windows)
Cache-Control: no-cache
Content-Type: application/json; charset=utf-8
host: localhost:51817
accept: */*

Response DefaultHttpResponse(decodeResult: success, version: HTTP/1.1)
HTTP/1.1 200 OK
Content-Type: application/json; charset=utf-8
cache-control: no-cache
content-length: 47688

18:19:01.108 [AsyncHttpClient-1-4] DEBUG org.asynchttpclient.netty.channel.ChannelManager - Adding key: http://localhost:51817 for channel [id: 0x602081ba, L:/127.0.0.1:49813 - R:localhost/127.0.0.1:51817]
18:19:01.109 [main] DEBUG net.serenitybdd.core.photography.Darkroom - Send negative for processing for target\site\serenity\a1fa88cfd3d7ead43f1d3ddb49110fa0eeaec228300d430e0cf854ab04e2e8e0.png
18:19:01.109 [Darkroom Processing Line] DEBUG net.serenitybdd.core.photography.DarkroomProcessingLine - Processing screenshot image in /var/screenshots/screenshot-17137448741960729221
18:19:01.109 [Darkroom Processing Line] DEBUG net.serenitybdd.core.photography.DarkroomProcessingLine - Saving screenshot to target\site\serenity\a1fa88cfd3d7ead43f1d3ddb49110fa0eeaec228300d430e0cf854ab04e2e8e0.png
18:19:01.113 [Forwarding findElement on session 53a353ef4597f2e9e58226e43c2379ca to remote] DEBUG org.asynchttpclient.netty.request.NettyRequestSender - Using pooled Channel '[id: 0x602081ba, L:/127.0.0.1:49813 - R:localhost/127.0.0.1:51817]' for 'POST' to 'http://localhost:51817/session/53a353ef4597f2e9e58226e43c2379ca/element'
18:19:01.113 [Forwarding findElement on session 53a353ef4597f2e9e58226e43c2379ca to remote] DEBUG org.asynchttpclient.netty.request.NettyRequestSender - Using open Channel [id: 0x602081ba, L:/127.0.0.1:49813 - R:localhost/127.0.0.1:51817] for POST '/session/53a353ef4597f2e9e58226e43c2379ca/element'
18:19:01.123 [AsyncHttpClient-1-4] DEBUG org.asynchttpclient.netty.handler.HttpHandler - 

Request DefaultHttpRequest(decodeResult: success, version: HTTP/1.1)
POST /session/53a353ef4597f2e9e58226e43c2379ca/element HTTP/1.1
User-Agent: selenium/4.1.2 (java windows)
Content-Length: 91
Content-Type: application/json; charset=utf-8
host: localhost:51817
accept: */*

Response DefaultHttpResponse(decodeResult: success, version: HTTP/1.1)
HTTP/1.1 200 OK
Content-Type: application/json; charset=utf-8
cache-control: no-cache
content-length: 88

18:19:01.123 [AsyncHttpClient-1-4] DEBUG org.asynchttpclient.netty.channel.ChannelManager - Adding key: http://localhost:51817 for channel [id: 0x602081ba, L:/127.0.0.1:49813 - R:localhost/127.0.0.1:51817]
18:19:01.125 [Forwarding clearElement on session 53a353ef4597f2e9e58226e43c2379ca to remote] DEBUG org.asynchttpclient.netty.request.NettyRequestSender - Using pooled Channel '[id: 0x602081ba, L:/127.0.0.1:49813 - R:localhost/127.0.0.1:51817]' for 'POST' to 'http://localhost:51817/session/53a353ef4597f2e9e58226e43c2379ca/element/1eeed5b3-12d4-484b-adf4-5eb88bdd749b/clear'
18:19:01.125 [Forwarding clearElement on session 53a353ef4597f2e9e58226e43c2379ca to remote] DEBUG org.asynchttpclient.netty.request.NettyRequestSender - Using open Channel [id: 0x602081ba, L:/127.0.0.1:49813 - R:localhost/127.0.0.1:51817] for POST '/session/53a353ef4597f2e9e58226e43c2379ca/element/1eeed5b3-12d4-484b-adf4-5eb88bdd749b/clear'
18:19:01.151 [AsyncHttpClient-1-4] DEBUG org.asynchttpclient.netty.handler.HttpHandler - 

Request DefaultHttpRequest(decodeResult: success, version: HTTP/1.1)
POST /session/53a353ef4597f2e9e58226e43c2379ca/element/1eeed5b3-12d4-484b-adf4-5eb88bdd749b/clear HTTP/1.1
User-Agent: selenium/4.1.2 (java windows)
Content-Length: 50
Content-Type: application/json; charset=utf-8
host: localhost:51817
accept: */*

Response DefaultHttpResponse(decodeResult: success, version: HTTP/1.1)
HTTP/1.1 200 OK
Content-Type: application/json; charset=utf-8
cache-control: no-cache
content-length: 14

18:19:01.151 [AsyncHttpClient-1-4] DEBUG org.asynchttpclient.netty.channel.ChannelManager - Adding key: http://localhost:51817 for channel [id: 0x602081ba, L:/127.0.0.1:49813 - R:localhost/127.0.0.1:51817]
18:19:01.152 [Forwarding sendKeysToElement on session 53a353ef4597f2e9e58226e43c2379ca to remote] DEBUG org.asynchttpclient.netty.request.NettyRequestSender - Using pooled Channel '[id: 0x602081ba, L:/127.0.0.1:49813 - R:localhost/127.0.0.1:51817]' for 'POST' to 'http://localhost:51817/session/53a353ef4597f2e9e58226e43c2379ca/element/1eeed5b3-12d4-484b-adf4-5eb88bdd749b/value'
18:19:01.152 [Forwarding sendKeysToElement on session 53a353ef4597f2e9e58226e43c2379ca to remote] DEBUG org.asynchttpclient.netty.request.NettyRequestSender - Using open Channel [id: 0x602081ba, L:/127.0.0.1:49813 - R:localhost/127.0.0.1:51817] for POST '/session/53a353ef4597f2e9e58226e43c2379ca/element/1eeed5b3-12d4-484b-adf4-5eb88bdd749b/value'
18:19:01.199 [AsyncHttpClient-1-4] DEBUG org.asynchttpclient.netty.handler.HttpHandler - 

Request DefaultHttpRequest(decodeResult: success, version: HTTP/1.1)
POST /session/53a353ef4597f2e9e58226e43c2379ca/element/1eeed5b3-12d4-484b-adf4-5eb88bdd749b/value HTTP/1.1
User-Agent: selenium/4.1.2 (java windows)
Content-Length: 91
Content-Type: application/json; charset=utf-8
host: localhost:51817
accept: */*

Response DefaultHttpResponse(decodeResult: success, version: HTTP/1.1)
HTTP/1.1 200 OK
Content-Type: application/json; charset=utf-8
cache-control: no-cache
content-length: 14

18:19:01.199 [AsyncHttpClient-1-4] DEBUG org.asynchttpclient.netty.channel.ChannelManager - Adding key: http://localhost:51817 for channel [id: 0x602081ba, L:/127.0.0.1:49813 - R:localhost/127.0.0.1:51817]
  &amp#27;[32mAnd &amp#27;[0m&amp#27;[32mI input new &amp#27;[0m&amp#27;[32m&amp#27;[1m"3"&amp#27;[0m&amp#27;[32m password&amp#27;[0m               &amp#27;[90m# starter.stepdefinitions.RegisterStep.iInputNewPassword(java.lang.String)&amp#27;[0m
18:19:01.205 [Forwarding screenshot on session 53a353ef4597f2e9e58226e43c2379ca to remote] DEBUG org.asynchttpclient.netty.request.NettyRequestSender - Using pooled Channel '[id: 0x602081ba, L:/127.0.0.1:49813 - R:localhost/127.0.0.1:51817]' for 'GET' to 'http://localhost:51817/session/53a353ef4597f2e9e58226e43c2379ca/screenshot'
18:19:01.205 [Forwarding screenshot on session 53a353ef4597f2e9e58226e43c2379ca to remote] DEBUG org.asynchttpclient.netty.request.NettyRequestSender - Using open Channel [id: 0x602081ba, L:/127.0.0.1:49813 - R:localhost/127.0.0.1:51817] for GET '/session/53a353ef4597f2e9e58226e43c2379ca/screenshot'
18:19:01.355 [AsyncHttpClient-1-4] DEBUG org.asynchttpclient.netty.handler.HttpHandler - 

Request DefaultFullHttpRequest(decodeResult: success, version: HTTP/1.1, content: EmptyByteBufBE)
GET /session/53a353ef4597f2e9e58226e43c2379ca/screenshot HTTP/1.1
User-Agent: selenium/4.1.2 (java windows)
Cache-Control: no-cache
Content-Type: application/json; charset=utf-8
host: localhost:51817
accept: */*

Response DefaultHttpResponse(decodeResult: success, version: HTTP/1.1)
HTTP/1.1 200 OK
Content-Type: application/json; charset=utf-8
cache-control: no-cache
content-length: 46412

18:19:01.355 [AsyncHttpClient-1-4] DEBUG org.asynchttpclient.netty.channel.ChannelManager - Adding key: http://localhost:51817 for channel [id: 0x602081ba, L:/127.0.0.1:49813 - R:localhost/127.0.0.1:51817]
18:19:01.357 [main] DEBUG net.serenitybdd.core.photography.Darkroom - Send negative for processing for target\site\serenity\5da83893f2b1202782ccda3a68bb17ae89d52d1188f9aa4bb10be7e52d56e28c.png
18:19:01.357 [Darkroom Processing Line] DEBUG net.serenitybdd.core.photography.DarkroomProcessingLine - Processing screenshot image in /var/screenshots/screenshot-18106447828461809874
18:19:01.357 [Darkroom Processing Line] DEBUG net.serenitybdd.core.photography.DarkroomProcessingLine - Saving screenshot to target\site\serenity\5da83893f2b1202782ccda3a68bb17ae89d52d1188f9aa4bb10be7e52d56e28c.png
18:19:01.363 [Forwarding findElement on session 53a353ef4597f2e9e58226e43c2379ca to remote] DEBUG org.asynchttpclient.netty.request.NettyRequestSender - Using pooled Channel '[id: 0x602081ba, L:/127.0.0.1:49813 - R:localhost/127.0.0.1:51817]' for 'POST' to 'http://localhost:51817/session/53a353ef4597f2e9e58226e43c2379ca/element'
18:19:01.363 [Forwarding findElement on session 53a353ef4597f2e9e58226e43c2379ca to remote] DEBUG org.asynchttpclient.netty.request.NettyRequestSender - Using open Channel [id: 0x602081ba, L:/127.0.0.1:49813 - R:localhost/127.0.0.1:51817] for POST '/session/53a353ef4597f2e9e58226e43c2379ca/element'
18:19:01.372 [AsyncHttpClient-1-4] DEBUG org.asynchttpclient.netty.handler.HttpHandler - 

Request DefaultHttpRequest(decodeResult: success, version: HTTP/1.1)
POST /session/53a353ef4597f2e9e58226e43c2379ca/element HTTP/1.1
User-Agent: selenium/4.1.2 (java windows)
Content-Length: 121
Content-Type: application/json; charset=utf-8
host: localhost:51817
accept: */*

Response DefaultHttpResponse(decodeResult: success, version: HTTP/1.1)
HTTP/1.1 200 OK
Content-Type: application/json; charset=utf-8
cache-control: no-cache
content-length: 88

18:19:01.372 [AsyncHttpClient-1-4] DEBUG org.asynchttpclient.netty.channel.ChannelManager - Adding key: http://localhost:51817 for channel [id: 0x602081ba, L:/127.0.0.1:49813 - R:localhost/127.0.0.1:51817]
18:19:01.373 [Forwarding getElementTagName on session 53a353ef4597f2e9e58226e43c2379ca to remote] DEBUG org.asynchttpclient.netty.request.NettyRequestSender - Using pooled Channel '[id: 0x602081ba, L:/127.0.0.1:49813 - R:localhost/127.0.0.1:51817]' for 'GET' to 'http://localhost:51817/session/53a353ef4597f2e9e58226e43c2379ca/element/0c21206c-e175-4b68-8c05-352418b2de72/name'
18:19:01.373 [Forwarding getElementTagName on session 53a353ef4597f2e9e58226e43c2379ca to remote] DEBUG org.asynchttpclient.netty.request.NettyRequestSender - Using open Channel [id: 0x602081ba, L:/127.0.0.1:49813 - R:localhost/127.0.0.1:51817] for GET '/session/53a353ef4597f2e9e58226e43c2379ca/element/0c21206c-e175-4b68-8c05-352418b2de72/name'
18:19:01.378 [AsyncHttpClient-1-4] DEBUG org.asynchttpclient.netty.handler.HttpHandler - 

Request DefaultFullHttpRequest(decodeResult: success, version: HTTP/1.1, content: EmptyByteBufBE)
GET /session/53a353ef4597f2e9e58226e43c2379ca/element/0c21206c-e175-4b68-8c05-352418b2de72/name HTTP/1.1
User-Agent: selenium/4.1.2 (java windows)
Cache-Control: no-cache
Content-Type: application/json; charset=utf-8
host: localhost:51817
accept: */*

Response DefaultHttpResponse(decodeResult: success, version: HTTP/1.1)
HTTP/1.1 200 OK
Content-Type: application/json; charset=utf-8
cache-control: no-cache
content-length: 16

18:19:01.378 [AsyncHttpClient-1-4] DEBUG org.asynchttpclient.netty.channel.ChannelManager - Adding key: http://localhost:51817 for channel [id: 0x602081ba, L:/127.0.0.1:49813 - R:localhost/127.0.0.1:51817]
18:19:01.379 [Forwarding getElementTagName on session 53a353ef4597f2e9e58226e43c2379ca to remote] DEBUG org.asynchttpclient.netty.request.NettyRequestSender - Using pooled Channel '[id: 0x602081ba, L:/127.0.0.1:49813 - R:localhost/127.0.0.1:51817]' for 'GET' to 'http://localhost:51817/session/53a353ef4597f2e9e58226e43c2379ca/element/0c21206c-e175-4b68-8c05-352418b2de72/name'
18:19:01.379 [Forwarding getElementTagName on session 53a353ef4597f2e9e58226e43c2379ca to remote] DEBUG org.asynchttpclient.netty.request.NettyRequestSender - Using open Channel [id: 0x602081ba, L:/127.0.0.1:49813 - R:localhost/127.0.0.1:51817] for GET '/session/53a353ef4597f2e9e58226e43c2379ca/element/0c21206c-e175-4b68-8c05-352418b2de72/name'
18:19:01.383 [AsyncHttpClient-1-4] DEBUG org.asynchttpclient.netty.handler.HttpHandler - 

Request DefaultFullHttpRequest(decodeResult: success, version: HTTP/1.1, content: EmptyByteBufBE)
GET /session/53a353ef4597f2e9e58226e43c2379ca/element/0c21206c-e175-4b68-8c05-352418b2de72/name HTTP/1.1
User-Agent: selenium/4.1.2 (java windows)
Cache-Control: no-cache
Content-Type: application/json; charset=utf-8
host: localhost:51817
accept: */*

Response DefaultHttpResponse(decodeResult: success, version: HTTP/1.1)
HTTP/1.1 200 OK
Content-Type: application/json; charset=utf-8
cache-control: no-cache
content-length: 16

18:19:01.383 [AsyncHttpClient-1-4] DEBUG org.asynchttpclient.netty.channel.ChannelManager - Adding key: http://localhost:51817 for channel [id: 0x602081ba, L:/127.0.0.1:49813 - R:localhost/127.0.0.1:51817]
18:19:01.384 [Forwarding findElement on session 53a353ef4597f2e9e58226e43c2379ca to remote] DEBUG org.asynchttpclient.netty.request.NettyRequestSender - Using pooled Channel '[id: 0x602081ba, L:/127.0.0.1:49813 - R:localhost/127.0.0.1:51817]' for 'POST' to 'http://localhost:51817/session/53a353ef4597f2e9e58226e43c2379ca/element'
18:19:01.384 [Forwarding findElement on session 53a353ef4597f2e9e58226e43c2379ca to remote] DEBUG org.asynchttpclient.netty.request.NettyRequestSender - Using open Channel [id: 0x602081ba, L:/127.0.0.1:49813 - R:localhost/127.0.0.1:51817] for POST '/session/53a353ef4597f2e9e58226e43c2379ca/element'
18:19:01.389 [AsyncHttpClient-1-4] DEBUG org.asynchttpclient.netty.handler.HttpHandler - 

Request DefaultHttpRequest(decodeResult: success, version: HTTP/1.1)
POST /session/53a353ef4597f2e9e58226e43c2379ca/element HTTP/1.1
User-Agent: selenium/4.1.2 (java windows)
Content-Length: 121
Content-Type: application/json; charset=utf-8
host: localhost:51817
accept: */*

Response DefaultHttpResponse(decodeResult: success, version: HTTP/1.1)
HTTP/1.1 200 OK
Content-Type: application/json; charset=utf-8
cache-control: no-cache
content-length: 88

18:19:01.390 [AsyncHttpClient-1-4] DEBUG org.asynchttpclient.netty.channel.ChannelManager - Adding key: http://localhost:51817 for channel [id: 0x602081ba, L:/127.0.0.1:49813 - R:localhost/127.0.0.1:51817]
18:19:01.390 [Forwarding clickElement on session 53a353ef4597f2e9e58226e43c2379ca to remote] DEBUG org.asynchttpclient.netty.request.NettyRequestSender - Using pooled Channel '[id: 0x602081ba, L:/127.0.0.1:49813 - R:localhost/127.0.0.1:51817]' for 'POST' to 'http://localhost:51817/session/53a353ef4597f2e9e58226e43c2379ca/element/0c21206c-e175-4b68-8c05-352418b2de72/click'
18:19:01.390 [Forwarding clickElement on session 53a353ef4597f2e9e58226e43c2379ca to remote] DEBUG org.asynchttpclient.netty.request.NettyRequestSender - Using open Channel [id: 0x602081ba, L:/127.0.0.1:49813 - R:localhost/127.0.0.1:51817] for POST '/session/53a353ef4597f2e9e58226e43c2379ca/element/0c21206c-e175-4b68-8c05-352418b2de72/click'
18:19:01.422 [AsyncHttpClient-1-4] DEBUG org.asynchttpclient.netty.handler.HttpHandler - 

Request DefaultHttpRequest(decodeResult: success, version: HTTP/1.1)
POST /session/53a353ef4597f2e9e58226e43c2379ca/element/0c21206c-e175-4b68-8c05-352418b2de72/click HTTP/1.1
User-Agent: selenium/4.1.2 (java windows)
Content-Length: 50
Content-Type: application/json; charset=utf-8
host: localhost:51817
accept: */*

Response DefaultHttpResponse(decodeResult: success, version: HTTP/1.1)
HTTP/1.1 200 OK
Content-Type: application/json; charset=utf-8
cache-control: no-cache
content-length: 14

18:19:01.423 [AsyncHttpClient-1-4] DEBUG org.asynchttpclient.netty.channel.ChannelManager - Adding key: http://localhost:51817 for channel [id: 0x602081ba, L:/127.0.0.1:49813 - R:localhost/127.0.0.1:51817]
  &amp#27;[32mAnd &amp#27;[0m&amp#27;[32mI click Register button&amp#27;[0m                &amp#27;[90m# starter.stepdefinitions.RegisterStep.iClickRegisterButton()&amp#27;[0m
18:19:01.428 [Forwarding screenshot on session 53a353ef4597f2e9e58226e43c2379ca to remote] DEBUG org.asynchttpclient.netty.request.NettyRequestSender - Using pooled Channel '[id: 0x602081ba, L:/127.0.0.1:49813 - R:localhost/127.0.0.1:51817]' for 'GET' to 'http://localhost:51817/session/53a353ef4597f2e9e58226e43c2379ca/screenshot'
18:19:01.428 [Forwarding screenshot on session 53a353ef4597f2e9e58226e43c2379ca to remote] DEBUG org.asynchttpclient.netty.request.NettyRequestSender - Using open Channel [id: 0x602081ba, L:/127.0.0.1:49813 - R:localhost/127.0.0.1:51817] for GET '/session/53a353ef4597f2e9e58226e43c2379ca/screenshot'
18:19:01.566 [AsyncHttpClient-1-4] DEBUG org.asynchttpclient.netty.handler.HttpHandler - 

Request DefaultFullHttpRequest(decodeResult: success, version: HTTP/1.1, content: EmptyByteBufBE)
GET /session/53a353ef4597f2e9e58226e43c2379ca/screenshot HTTP/1.1
User-Agent: selenium/4.1.2 (java windows)
Cache-Control: no-cache
Content-Type: application/json; charset=utf-8
host: localhost:51817
accept: */*

Response DefaultHttpResponse(decodeResult: success, version: HTTP/1.1)
HTTP/1.1 200 OK
Content-Type: application/json; charset=utf-8
cache-control: no-cache
content-length: 46112

18:19:01.567 [AsyncHttpClient-1-4] DEBUG org.asynchttpclient.netty.channel.ChannelManager - Adding key: http://localhost:51817 for channel [id: 0x602081ba, L:/127.0.0.1:49813 - R:localhost/127.0.0.1:51817]
18:19:01.567 [main] DEBUG net.serenitybdd.core.photography.Darkroom - Send negative for processing for target\site\serenity\499283e36d5cc736a5a7fdef49e5b2d6423162a8961c66f6560c8dcfcff1df1b.png
18:19:01.568 [Darkroom Processing Line] DEBUG net.serenitybdd.core.photography.DarkroomProcessingLine - Processing screenshot image in /var/screenshots/screenshot-16339833094646153781
18:19:01.568 [Darkroom Processing Line] DEBUG net.serenitybdd.core.photography.DarkroomProcessingLine - Saving screenshot to target\site\serenity\499283e36d5cc736a5a7fdef49e5b2d6423162a8961c66f6560c8dcfcff1df1b.png
18:19:01.570 [Forwarding findElement on session 53a353ef4597f2e9e58226e43c2379ca to remote] DEBUG org.asynchttpclient.netty.request.NettyRequestSender - Using pooled Channel '[id: 0x602081ba, L:/127.0.0.1:49813 - R:localhost/127.0.0.1:51817]' for 'POST' to 'http://localhost:51817/session/53a353ef4597f2e9e58226e43c2379ca/element'
18:19:01.571 [Forwarding findElement on session 53a353ef4597f2e9e58226e43c2379ca to remote] DEBUG org.asynchttpclient.netty.request.NettyRequestSender - Using open Channel [id: 0x602081ba, L:/127.0.0.1:49813 - R:localhost/127.0.0.1:51817] for POST '/session/53a353ef4597f2e9e58226e43c2379ca/element'
18:19:01.893 [AsyncHttpClient-1-1] DEBUG org.asynchttpclient.netty.channel.DefaultChannelPool - Entry count for : http://localhost:49814 : 1
18:19:02.022 [AsyncHttpClient-1-4] DEBUG org.asynchttpclient.netty.handler.HttpHandler - 

Request DefaultHttpRequest(decodeResult: success, version: HTTP/1.1)
POST /session/53a353ef4597f2e9e58226e43c2379ca/element HTTP/1.1
User-Agent: selenium/4.1.2 (java windows)
Content-Length: 81
Content-Type: application/json; charset=utf-8
host: localhost:51817
accept: */*

Response DefaultHttpResponse(decodeResult: success, version: HTTP/1.1)
HTTP/1.1 200 OK
Content-Type: application/json; charset=utf-8
cache-control: no-cache
content-length: 88

18:19:02.022 [AsyncHttpClient-1-4] DEBUG org.asynchttpclient.netty.channel.ChannelManager - Adding key: http://localhost:51817 for channel [id: 0x602081ba, L:/127.0.0.1:49813 - R:localhost/127.0.0.1:51817]
18:19:02.025 [Forwarding isElementDisplayed on session 53a353ef4597f2e9e58226e43c2379ca to remote] DEBUG org.asynchttpclient.netty.request.NettyRequestSender - Using pooled Channel '[id: 0x602081ba, L:/127.0.0.1:49813 - R:localhost/127.0.0.1:51817]' for 'POST' to 'http://localhost:51817/session/53a353ef4597f2e9e58226e43c2379ca/execute/sync'
18:19:02.025 [Forwarding isElementDisplayed on session 53a353ef4597f2e9e58226e43c2379ca to remote] DEBUG org.asynchttpclient.netty.request.NettyRequestSender - Using open Channel [id: 0x602081ba, L:/127.0.0.1:49813 - R:localhost/127.0.0.1:51817] for POST '/session/53a353ef4597f2e9e58226e43c2379ca/execute/sync'
18:19:02.037 [AsyncHttpClient-1-4] DEBUG org.asynchttpclient.netty.handler.HttpHandler - 

Request DefaultHttpRequest(decodeResult: success, version: HTTP/1.1)
POST /session/53a353ef4597f2e9e58226e43c2379ca/execute/sync HTTP/1.1
User-Agent: selenium/4.1.2 (java windows)
Content-Length: 48780
Content-Type: application/json; charset=utf-8
host: localhost:51817
accept: */*

Response DefaultHttpResponse(decodeResult: success, version: HTTP/1.1)
HTTP/1.1 200 OK
Content-Type: application/json; charset=utf-8
cache-control: no-cache
content-length: 14

18:19:02.037 [AsyncHttpClient-1-4] DEBUG org.asynchttpclient.netty.channel.ChannelManager - Adding key: http://localhost:51817 for channel [id: 0x602081ba, L:/127.0.0.1:49813 - R:localhost/127.0.0.1:51817]
  &amp#27;[32mThen &amp#27;[0m&amp#27;[32mI will get the &amp#27;[0m&amp#27;[32m&amp#27;[1m"Fail register"&amp#27;[0m&amp#27;[32m result&amp#27;[0m &amp#27;[90m# starter.stepdefinitions.RegisterStep.iWillGetTheResult(java.lang.String)&amp#27;[0m
18:19:02.042 [Forwarding screenshot on session 53a353ef4597f2e9e58226e43c2379ca to remote] DEBUG org.asynchttpclient.netty.request.NettyRequestSender - Using pooled Channel '[id: 0x602081ba, L:/127.0.0.1:49813 - R:localhost/127.0.0.1:51817]' for 'GET' to 'http://localhost:51817/session/53a353ef4597f2e9e58226e43c2379ca/screenshot'
18:19:02.042 [Forwarding screenshot on session 53a353ef4597f2e9e58226e43c2379ca to remote] DEBUG org.asynchttpclient.netty.request.NettyRequestSender - Using open Channel [id: 0x602081ba, L:/127.0.0.1:49813 - R:localhost/127.0.0.1:51817] for GET '/session/53a353ef4597f2e9e58226e43c2379ca/screenshot'
18:19:02.190 [AsyncHttpClient-1-4] DEBUG org.asynchttpclient.netty.handler.HttpHandler - 

Request DefaultFullHttpRequest(decodeResult: success, version: HTTP/1.1, content: EmptyByteBufBE)
GET /session/53a353ef4597f2e9e58226e43c2379ca/screenshot HTTP/1.1
User-Agent: selenium/4.1.2 (java windows)
Cache-Control: no-cache
Content-Type: application/json; charset=utf-8
host: localhost:51817
accept: */*

Response DefaultHttpResponse(decodeResult: success, version: HTTP/1.1)
HTTP/1.1 200 OK
Content-Type: application/json; charset=utf-8
cache-control: no-cache
content-length: 47076

18:19:02.190 [AsyncHttpClient-1-4] DEBUG org.asynchttpclient.netty.channel.ChannelManager - Adding key: http://localhost:51817 for channel [id: 0x602081ba, L:/127.0.0.1:49813 - R:localhost/127.0.0.1:51817]
18:19:02.191 [main] DEBUG net.serenitybdd.core.photography.Darkroom - Send negative for processing for target\site\serenity\c4d385fb189f8de1f94e7979e249eeff6bbf8d6472a0fd5f3b162cc5bc765c87.png
18:19:02.192 [Darkroom Processing Line] DEBUG net.serenitybdd.core.photography.DarkroomProcessingLine - Processing screenshot image in /var/screenshots/screenshot-11660665097288506026
18:19:02.192 [Darkroom Processing Line] DEBUG net.serenitybdd.core.photography.DarkroomProcessingLine - Saving screenshot to target\site\serenity\c4d385fb189f8de1f94e7979e249eeff6bbf8d6472a0fd5f3b162cc5bc765c87.png
18:19:02.196 [Driver Command Executor] DEBUG org.asynchttpclient.netty.request.NettyRequestSender - Using pooled Channel '[id: 0x602081ba, L:/127.0.0.1:49813 - R:localhost/127.0.0.1:51817]' for 'DELETE' to 'http://localhost:51817/session/53a353ef4597f2e9e58226e43c2379ca'
18:19:02.196 [Driver Command Executor] DEBUG org.asynchttpclient.netty.request.NettyRequestSender - Using open Channel [id: 0x602081ba, L:/127.0.0.1:49813 - R:localhost/127.0.0.1:51817] for DELETE '/session/53a353ef4597f2e9e58226e43c2379ca'
18:19:02.196 [AsyncHttpClient-1-6] DEBUG org.asynchttpclient.netty.handler.WebSocketHandler - Channel Closed: [id: 0x99b81262, L:/127.0.0.1:49821 ! R:localhost/127.0.0.1:49814] with attribute NettyResponseFuture{currentRetry=5,
	isDone=1,
	isCancelled=0,
	asyncHandler=org.asynchttpclient.ws.WebSocketUpgradeHandler@74d6fdc2,
	nettyRequest=org.asynchttpclient.netty.request.NettyRequest@3237bf30,
	future=java.util.concurrent.CompletableFuture@2d30a96[Completed normally],
	uri=ws://localhost:49814/devtools/browser/c2115c83-0da2-48a8-826f-5f6eb105e1b5,
	keepAlive=true,
	redirectCount=0,
	timeoutsHolder=null,
	inAuth=0,
	touch=1667560738482}
18:19:02.196 [AsyncHttpClient-1-6] DEBUG org.asynchttpclient.netty.channel.ChannelManager - Closing Channel [id: 0x99b81262, L:/127.0.0.1:49821 ! R:localhost/127.0.0.1:49814] 
18:19:02.279 [AsyncHttpClient-1-5] DEBUG org.asynchttpclient.netty.handler.HttpHandler - Unexpected I/O exception on channel [id: 0x3c61a783, L:/127.0.0.1:49820 - R:localhost/127.0.0.1:49814]
java.io.IOException: An existing connection was forcibly closed by the remote host
	at java.base/sun.nio.ch.SocketDispatcher.read0(Native Method)
	at java.base/sun.nio.ch.SocketDispatcher.read(SocketDispatcher.java:43)
	at java.base/sun.nio.ch.IOUtil.readIntoNativeBuffer(IOUtil.java:276)
	at java.base/sun.nio.ch.IOUtil.read(IOUtil.java:233)
	at java.base/sun.nio.ch.IOUtil.read(IOUtil.java:223)
	at java.base/sun.nio.ch.SocketChannelImpl.read(SocketChannelImpl.java:358)
	at io.netty.buffer.PooledByteBuf.setBytes(PooledByteBuf.java:258)
	at io.netty.buffer.AbstractByteBuf.writeBytes(AbstractByteBuf.java:1132)
	at io.netty.channel.socket.nio.NioSocketChannel.doReadBytes(NioSocketChannel.java:350)
	at io.netty.channel.nio.AbstractNioByteChannel$NioByteUnsafe.read(AbstractNioByteChannel.java:151)
	at io.netty.channel.nio.NioEventLoop.processSelectedKey(NioEventLoop.java:722)
	at io.netty.channel.nio.NioEventLoop.processSelectedKeysOptimized(NioEventLoop.java:658)
	at io.netty.channel.nio.NioEventLoop.processSelectedKeys(NioEventLoop.java:584)
	at io.netty.channel.nio.NioEventLoop.run(NioEventLoop.java:496)
	at io.netty.util.concurrent.SingleThreadEventExecutor$4.run(SingleThreadEventExecutor.java:986)
	at io.netty.util.internal.ThreadExecutorMap$2.run(ThreadExecutorMap.java:74)
	at io.netty.util.concurrent.FastThreadLocalRunnable.run(FastThreadLocalRunnable.java:30)
	at java.base/java.lang.Thread.run(Thread.java:834)
18:19:02.279 [AsyncHttpClient-1-5] DEBUG org.asynchttpclient.netty.channel.ChannelManager - Closing Channel [id: 0x3c61a783, L:/127.0.0.1:49820 - R:localhost/127.0.0.1:49814] 
18:19:02.279 [AsyncHttpClient-1-5] DEBUG org.asynchttpclient.netty.handler.HttpHandler - Channel Closed: [id: 0x3c61a783, L:/127.0.0.1:49820 ! R:localhost/127.0.0.1:49814] with attribute DISCARD
18:19:02.303 [AsyncHttpClient-1-4] DEBUG org.asynchttpclient.netty.handler.HttpHandler - 

Request DefaultFullHttpRequest(decodeResult: success, version: HTTP/1.1, content: EmptyByteBufBE)
DELETE /session/53a353ef4597f2e9e58226e43c2379ca HTTP/1.1
User-Agent: selenium/4.1.2 (java windows)
Content-Type: application/json; charset=utf-8
host: localhost:51817
accept: */*

Response DefaultHttpResponse(decodeResult: success, version: HTTP/1.1)
HTTP/1.1 200 OK
Content-Type: application/json; charset=utf-8
cache-control: no-cache
content-length: 14

18:19:02.303 [AsyncHttpClient-1-4] DEBUG org.asynchttpclient.netty.channel.ChannelManager - Adding key: http://localhost:51817 for channel [id: 0x602081ba, L:/127.0.0.1:49813 - R:localhost/127.0.0.1:51817]
18:19:02.355 [AsyncHttpClient-1-4] DEBUG org.asynchttpclient.netty.handler.HttpHandler - Channel Closed: [id: 0x602081ba, L:/127.0.0.1:49813 ! R:localhost/127.0.0.1:51817] with attribute DISCARD
]]></system-out>
    <system-err><![CDATA[Starting ChromeDriver 107.0.5304.62 (1eec40d3a5764881c92085aaee66d25075c159aa-refs/branch-heads/5304@{#942}) on port 51817
Only local connections are allowed.
Please see https://chromedriver.chromium.org/security-considerations for suggestions on keeping ChromeDriver safe.
ChromeDriver was started successfully.
Nov 04, 2022 6:18:58 PM org.openqa.selenium.remote.ProtocolHandshake createSession
INFO: Detected dialect: W3C
Nov 04, 2022 6:18:58 PM org.openqa.selenium.devtools.CdpVersionFinder findNearestMatch
WARNING: Unable to find an exact match for CDP version 107, so returning the closest version found: a no-op implementation
Nov 04, 2022 6:18:58 PM org.openqa.selenium.devtools.CdpVersionFinder findNearestMatch
INFO: Unable to find CDP implementation matching 107.
Nov 04, 2022 6:18:58 PM org.openqa.selenium.chromium.ChromiumDriver lambda$new$3
WARNING: Unable to find version of CDP to use for . You may need to include a dependency on a specific version of the CDP using something similar to `org.seleniumhq.selenium:selenium-devtools-v86:4.1.2` where the version ("v86") matches the version of the chromium-based browser you're using and the version number of the artifact is the same as Selenium's.
]]></system-err>
  </testcase>
</testsuite>