<?xml version="1.0" encoding="UTF-8"?>
<testsuite xmlns:xsi="http://www.w3.org/2001/XMLSchema-instance" xsi:noNamespaceSchemaLocation="https://maven.apache.org/surefire/maven-failsafe-plugin/xsd/failsafe-test-report-3.0.xsd" version="3.0" name="starter.CucumberTestSuite" time="87.236" tests="5" errors="0" skipped="0" failures="0">
  <properties>
    <property name="sun.desktop" value="windows"/>
    <property name="awt.toolkit" value="sun.awt.windows.WToolkit"/>
    <property name="java.specification.version" value="11"/>
    <property name="webdriver.chrome.driver" value="D:\Ra\file kuliah\semester 7\resume alta\demoqa\src\test\resources\webdriver\chromedriver.exe"/>
    <property name="sun.cpu.isalist" value="amd64"/>
    <property name="sun.jnu.encoding" value="Cp1252"/>
    <property name="java.class.path" value="D:\Ra\file kuliah\semester 7\resume alta\demoqa\target\test-classes;C:\Users\rilaa\.m2\repository\net\serenity-bdd\serenity-core\3.2.1\serenity-core-3.2.1.jar;C:\Users\rilaa\.m2\repository\net\serenity-bdd\serenity-model\3.2.1\serenity-model-3.2.1.jar;C:\Users\rilaa\.m2\repository\org\apache\commons\commons-text\1.9\commons-text-1.9.jar;C:\Users\rilaa\.m2\repository\commons-net\commons-net\3.8.0\commons-net-3.8.0.jar;C:\Users\rilaa\.m2\repository\com\google\guava\guava\31.1-jre\guava-31.1-jre.jar;C:\Users\rilaa\.m2\repository\com\google\guava\failureaccess\1.0.1\failureaccess-1.0.1.jar;C:\Users\rilaa\.m2\repository\com\google\guava\listenablefuture\9999.0-empty-to-avoid-conflict-with-guava\listenablefuture-9999.0-empty-to-avoid-conflict-with-guava.jar;C:\Users\rilaa\.m2\repository\com\google\code\findbugs\jsr305\3.0.2\jsr305-3.0.2.jar;C:\Users\rilaa\.m2\repository\org\checkerframework\checker-qual\3.12.0\checker-qual-3.12.0.jar;C:\Users\rilaa\.m2\repository\com\google\errorprone\error_prone_annotations\2.11.0\error_prone_annotations-2.11.0.jar;C:\Users\rilaa\.m2\repository\com\google\j2objc\j2objc-annotations\1.3\j2objc-annotations-1.3.jar;C:\Users\rilaa\.m2\repository\com\google\inject\guice\5.1.0\guice-5.1.0.jar;C:\Users\rilaa\.m2\repository\javax\inject\javax.inject\1\javax.inject-1.jar;C:\Users\rilaa\.m2\repository\aopalliance\aopalliance\1.0\aopalliance-1.0.jar;C:\Users\rilaa\.m2\repository\org\jsoup\jsoup\1.14.3\jsoup-1.14.3.jar;C:\Users\rilaa\.m2\repository\com\thoughtworks\xstream\xstream\1.4.19\xstream-1.4.19.jar;C:\Users\rilaa\.m2\repository\io\github\x-stream\mxparser\1.2.2\mxparser-1.2.2.jar;C:\Users\rilaa\.m2\repository\xmlpull\xmlpull\1.1.3.1\xmlpull-1.1.3.1.jar;C:\Users\rilaa\.m2\repository\io\cucumber\cucumber-java\7.2.3\cucumber-java-7.2.3.jar;C:\Users\rilaa\.m2\repository\com\typesafe\config\1.4.2\config-1.4.2.jar;C:\Users\rilaa\.m2\repository\org\imgscalr\imgscalr-lib\4.2\imgscalr-lib-4.2.jar;C:\Users\rilaa\.m2\repository\org\awaitility\awaitility\4.2.0\awaitility-4.2.0.jar;C:\Users\rilaa\.m2\repository\org\freemarker\freemarker\2.3.31\freemarker-2.3.31.jar;C:\Users\rilaa\.m2\repository\io\github\classgraph\classgraph\4.8.138\classgraph-4.8.138.jar;C:\Users\rilaa\.m2\repository\net\sourceforge\jexcelapi\jxl\2.6.12\jxl-2.6.12.jar;C:\Users\rilaa\.m2\repository\net\bytebuddy\byte-buddy\1.12.8\byte-buddy-1.12.8.jar;C:\Users\rilaa\.m2\repository\net\bytebuddy\byte-buddy-agent\1.12.8\byte-buddy-agent-1.12.8.jar;C:\Users\rilaa\.m2\repository\org\objenesis\objenesis\3.1\objenesis-3.1.jar;C:\Users\rilaa\.m2\repository\net\serenity-bdd\serenity-reports\3.2.1\serenity-reports-3.2.1.jar;C:\Users\rilaa\.m2\repository\net\serenity-bdd\serenity-stats\3.2.1\serenity-stats-3.2.1.jar;C:\Users\rilaa\.m2\repository\net\serenity-bdd\serenity-reports-configuration\3.2.1\serenity-reports-configuration-3.2.1.jar;C:\Users\rilaa\.m2\repository\com\vladsch\flexmark\flexmark-all\0.34.30\flexmark-all-0.34.30.jar;C:\Users\rilaa\.m2\repository\com\vladsch\flexmark\flexmark\0.34.30\flexmark-0.34.30.jar;C:\Users\rilaa\.m2\repository\com\vladsch\flexmark\flexmark-ext-abbreviation\0.34.30\flexmark-ext-abbreviation-0.34.30.jar;C:\Users\rilaa\.m2\repository\com\vladsch\flexmark\flexmark-ext-admonition\0.34.30\flexmark-ext-admonition-0.34.30.jar;C:\Users\rilaa\.m2\repository\com\vladsch\flexmark\flexmark-ext-anchorlink\0.34.30\flexmark-ext-anchorlink-0.34.30.jar;C:\Users\rilaa\.m2\repository\com\vladsch\flexmark\flexmark-ext-aside\0.34.30\flexmark-ext-aside-0.34.30.jar;C:\Users\rilaa\.m2\repository\com\vladsch\flexmark\flexmark-ext-attributes\0.34.30\flexmark-ext-attributes-0.34.30.jar;C:\Users\rilaa\.m2\repository\com\vladsch\flexmark\flexmark-ext-autolink\0.34.30\flexmark-ext-autolink-0.34.30.jar;C:\Users\rilaa\.m2\repository\org\nibor\autolink\autolink\0.6.0\autolink-0.6.0.jar;C:\Users\rilaa\.m2\repository\com\vladsch\flexmark\flexmark-ext-definition\0.34.30\flexmark-ext-definition-0.34.30.jar;C:\Users\rilaa\.m2\repository\com\vladsch\flexmark\flexmark-ext-emoji\0.34.30\flexmark-ext-emoji-0.34.30.jar;C:\Users\rilaa\.m2\repository\com\vladsch\flexmark\flexmark-ext-enumerated-reference\0.34.30\flexmark-ext-enumerated-reference-0.34.30.jar;C:\Users\rilaa\.m2\repository\com\vladsch\flexmark\flexmark-ext-escaped-character\0.34.30\flexmark-ext-escaped-character-0.34.30.jar;C:\Users\rilaa\.m2\repository\com\vladsch\flexmark\flexmark-ext-footnotes\0.34.30\flexmark-ext-footnotes-0.34.30.jar;C:\Users\rilaa\.m2\repository\com\vladsch\flexmark\flexmark-ext-gfm-issues\0.34.30\flexmark-ext-gfm-issues-0.34.30.jar;C:\Users\rilaa\.m2\repository\com\vladsch\flexmark\flexmark-ext-gfm-strikethrough\0.34.30\flexmark-ext-gfm-strikethrough-0.34.30.jar;C:\Users\rilaa\.m2\repository\com\vladsch\flexmark\flexmark-ext-gfm-tables\0.34.30\flexmark-ext-gfm-tables-0.34.30.jar;C:\Users\rilaa\.m2\repository\com\vladsch\flexmark\flexmark-ext-gfm-tasklist\0.34.30\flexmark-ext-gfm-tasklist-0.34.30.jar;C:\Users\rilaa\.m2\repository\com\vladsch\flexmark\flexmark-ext-gfm-users\0.34.30\flexmark-ext-gfm-users-0.34.30.jar;C:\Users\rilaa\.m2\repository\com\vladsch\flexmark\flexmark-ext-gitlab\0.34.30\flexmark-ext-gitlab-0.34.30.jar;C:\Users\rilaa\.m2\repository\com\vladsch\flexmark\flexmark-ext-jekyll-front-matter\0.34.30\flexmark-ext-jekyll-front-matter-0.34.30.jar;C:\Users\rilaa\.m2\repository\com\vladsch\flexmark\flexmark-ext-jekyll-tag\0.34.30\flexmark-ext-jekyll-tag-0.34.30.jar;C:\Users\rilaa\.m2\repository\com\vladsch\flexmark\flexmark-ext-media-tags\0.34.30\flexmark-ext-media-tags-0.34.30.jar;C:\Users\rilaa\.m2\repository\com\vladsch\flexmark\flexmark-test-util\0.34.30\flexmark-test-util-0.34.30.jar;C:\Users\rilaa\.m2\repository\com\vladsch\flexmark\flexmark-ext-ins\0.34.30\flexmark-ext-ins-0.34.30.jar;C:\Users\rilaa\.m2\repository\com\vladsch\flexmark\flexmark-ext-xwiki-macros\0.34.30\flexmark-ext-xwiki-macros-0.34.30.jar;C:\Users\rilaa\.m2\repository\com\vladsch\flexmark\flexmark-ext-superscript\0.34.30\flexmark-ext-superscript-0.34.30.jar;C:\Users\rilaa\.m2\repository\com\vladsch\flexmark\flexmark-ext-tables\0.34.30\flexmark-ext-tables-0.34.30.jar;C:\Users\rilaa\.m2\repository\com\vladsch\flexmark\flexmark-ext-toc\0.34.30\flexmark-ext-toc-0.34.30.jar;C:\Users\rilaa\.m2\repository\com\vladsch\flexmark\flexmark-ext-typographic\0.34.30\flexmark-ext-typographic-0.34.30.jar;C:\Users\rilaa\.m2\repository\com\vladsch\flexmark\flexmark-ext-wikilink\0.34.30\flexmark-ext-wikilink-0.34.30.jar;C:\Users\rilaa\.m2\repository\com\vladsch\flexmark\flexmark-ext-yaml-front-matter\0.34.30\flexmark-ext-yaml-front-matter-0.34.30.jar;C:\Users\rilaa\.m2\repository\com\vladsch\flexmark\flexmark-ext-youtube-embedded\0.34.30\flexmark-ext-youtube-embedded-0.34.30.jar;C:\Users\rilaa\.m2\repository\com\vladsch\flexmark\flexmark-formatter\0.34.30\flexmark-formatter-0.34.30.jar;C:\Users\rilaa\.m2\repository\com\vladsch\flexmark\flexmark-html-parser\0.34.30\flexmark-html-parser-0.34.30.jar;C:\Users\rilaa\.m2\repository\com\vladsch\flexmark\flexmark-jira-converter\0.34.30\flexmark-jira-converter-0.34.30.jar;C:\Users\rilaa\.m2\repository\com\vladsch\flexmark\flexmark-pdf-converter\0.34.30\flexmark-pdf-converter-0.34.30.jar;C:\Users\rilaa\.m2\repository\com\openhtmltopdf\openhtmltopdf-core\0.0.1-RC13\openhtmltopdf-core-0.0.1-RC13.jar;C:\Users\rilaa\.m2\repository\com\openhtmltopdf\openhtmltopdf-pdfbox\0.0.1-RC13\openhtmltopdf-pdfbox-0.0.1-RC13.jar;C:\Users\rilaa\.m2\repository\org\apache\pdfbox\pdfbox\2.0.8\pdfbox-2.0.8.jar;C:\Users\rilaa\.m2\repository\org\apache\pdfbox\fontbox\2.0.8\fontbox-2.0.8.jar;C:\Users\rilaa\.m2\repository\commons-logging\commons-logging\1.2\commons-logging-1.2.jar;C:\Users\rilaa\.m2\repository\org\apache\pdfbox\xmpbox\2.0.8\xmpbox-2.0.8.jar;C:\Users\rilaa\.m2\repository\de\rototor\pdfbox\graphics2d\0.12\graphics2d-0.12.jar;C:\Users\rilaa\.m2\repository\com\openhtmltopdf\openhtmltopdf-rtl-support\0.0.1-RC13\openhtmltopdf-rtl-support-0.0.1-RC13.jar;C:\Users\rilaa\.m2\repository\com\ibm\icu\icu4j\59.1\icu4j-59.1.jar;C:\Users\rilaa\.m2\repository\com\openhtmltopdf\openhtmltopdf-jsoup-dom-converter\0.0.1-RC13\openhtmltopdf-jsoup-dom-converter-0.0.1-RC13.jar;C:\Users\rilaa\.m2\repository\com\vladsch\flexmark\flexmark-profile-pegdown\0.34.30\flexmark-profile-pegdown-0.34.30.jar;C:\Users\rilaa\.m2\repository\com\vladsch\flexmark\flexmark-util\0.34.30\flexmark-util-0.34.30.jar;C:\Users\rilaa\.m2\repository\com\vladsch\flexmark\flexmark-youtrack-converter\0.34.30\flexmark-youtrack-converter-0.34.30.jar;C:\Users\rilaa\.m2\repository\es\nitaur\markdown\txtmark\0.16\txtmark-0.16.jar;C:\Users\rilaa\.m2\repository\net\serenity-bdd\serenity-report-resources\3.2.1\serenity-report-resources-3.2.1.jar;C:\Users\rilaa\.m2\repository\com\google\code\gson\gson\2.9.0\gson-2.9.0.jar;C:\Users\rilaa\.m2\repository\com\fasterxml\jackson\core\jackson-core\2.13.2\jackson-core-2.13.2.jar;C:\Users\rilaa\.m2\repository\com\fasterxml\jackson\core\jackson-databind\2.13.2\jackson-databind-2.13.2.jar;C:\Users\rilaa\.m2\repository\com\fasterxml\jackson\core\jackson-annotations\2.13.2\jackson-annotations-2.13.2.jar;C:\Users\rilaa\.m2\repository\commons-codec\commons-codec\1.15\commons-codec-1.15.jar;C:\Users\rilaa\.m2\repository\commons-io\commons-io\2.11.0\commons-io-2.11.0.jar;C:\Users\rilaa\.m2\repository\org\seleniumhq\selenium\selenium-java\4.1.2\selenium-java-4.1.2.jar;C:\Users\rilaa\.m2\repository\org\seleniumhq\selenium\selenium-devtools-v85\4.1.2\selenium-devtools-v85-4.1.2.jar;C:\Users\rilaa\.m2\repository\org\seleniumhq\selenium\selenium-devtools-v95\4.1.2\selenium-devtools-v95-4.1.2.jar;C:\Users\rilaa\.m2\repository\org\seleniumhq\selenium\selenium-devtools-v96\4.1.2\selenium-devtools-v96-4.1.2.jar;C:\Users\rilaa\.m2\repository\org\seleniumhq\selenium\selenium-devtools-v97\4.1.2\selenium-devtools-v97-4.1.2.jar;C:\Users\rilaa\.m2\repository\org\seleniumhq\selenium\selenium-firefox-xpi-driver\4.1.2\selenium-firefox-xpi-driver-4.1.2.jar;C:\Users\rilaa\.m2\repository\org\seleniumhq\selenium\selenium-opera-driver\4.1.2\selenium-opera-driver-4.1.2.jar;C:\Users\rilaa\.m2\repository\org\seleniumhq\selenium\selenium-remote-driver\4.1.2\selenium-remote-driver-4.1.2.jar;C:\Users\rilaa\.m2\repository\com\beust\jcommander\1.82\jcommander-1.82.jar;C:\Users\rilaa\.m2\repository\io\netty\netty-buffer\4.1.73.Final\netty-buffer-4.1.73.Final.jar;C:\Users\rilaa\.m2\repository\io\netty\netty-codec-http\4.1.73.Final\netty-codec-http-4.1.73.Final.jar;C:\Users\rilaa\.m2\repository\io\netty\netty-codec\4.1.73.Final\netty-codec-4.1.73.Final.jar;C:\Users\rilaa\.m2\repository\io\netty\netty-handler\4.1.73.Final\netty-handler-4.1.73.Final.jar;C:\Users\rilaa\.m2\repository\io\netty\netty-tcnative-classes\2.0.46.Final\netty-tcnative-classes-2.0.46.Final.jar;C:\Users\rilaa\.m2\repository\io\netty\netty-common\4.1.73.Final\netty-common-4.1.73.Final.jar;C:\Users\rilaa\.m2\repository\io\netty\netty-transport-classes-epoll\4.1.73.Final\netty-transport-classes-epoll-4.1.73.Final.jar;C:\Users\rilaa\.m2\repository\io\netty\netty-transport-classes-kqueue\4.1.73.Final\netty-transport-classes-kqueue-4.1.73.Final.jar;C:\Users\rilaa\.m2\repository\io\netty\netty-transport-native-epoll\4.1.73.Final\netty-transport-native-epoll-4.1.73.Final.jar;C:\Users\rilaa\.m2\repository\io\netty\netty-transport-native-kqueue\4.1.73.Final\netty-transport-native-kqueue-4.1.73.Final.jar;C:\Users\rilaa\.m2\repository\io\netty\netty-transport-native-unix-common\4.1.73.Final\netty-transport-native-unix-common-4.1.73.Final.jar;C:\Users\rilaa\.m2\repository\io\netty\netty-transport\4.1.73.Final\netty-transport-4.1.73.Final.jar;C:\Users\rilaa\.m2\repository\io\netty\netty-resolver\4.1.73.Final\netty-resolver-4.1.73.Final.jar;C:\Users\rilaa\.m2\repository\io\opentelemetry\opentelemetry-api\1.10.1\opentelemetry-api-1.10.1.jar;C:\Users\rilaa\.m2\repository\io\opentelemetry\opentelemetry-context\1.10.1\opentelemetry-context-1.10.1.jar;C:\Users\rilaa\.m2\repository\io\opentelemetry\opentelemetry-exporter-logging\1.10.1\opentelemetry-exporter-logging-1.10.1.jar;C:\Users\rilaa\.m2\repository\io\opentelemetry\opentelemetry-sdk-metrics\1.10.1-alpha\opentelemetry-sdk-metrics-1.10.1-alpha.jar;C:\Users\rilaa\.m2\repository\io\opentelemetry\opentelemetry-sdk-logs\1.10.1-alpha\opentelemetry-sdk-logs-1.10.1-alpha.jar;C:\Users\rilaa\.m2\repository\io\opentelemetry\opentelemetry-sdk-common\1.10.1\opentelemetry-sdk-common-1.10.1.jar;C:\Users\rilaa\.m2\repository\io\opentelemetry\opentelemetry-sdk-extension-autoconfigure-spi\1.10.1\opentelemetry-sdk-extension-autoconfigure-spi-1.10.1.jar;C:\Users\rilaa\.m2\repository\io\opentelemetry\opentelemetry-sdk-extension-autoconfigure\1.10.1-alpha\opentelemetry-sdk-extension-autoconfigure-1.10.1-alpha.jar;C:\Users\rilaa\.m2\repository\io\opentelemetry\opentelemetry-sdk-trace\1.10.1\opentelemetry-sdk-trace-1.10.1.jar;C:\Users\rilaa\.m2\repository\io\opentelemetry\opentelemetry-sdk\1.10.1\opentelemetry-sdk-1.10.1.jar;C:\Users\rilaa\.m2\repository\io\opentelemetry\opentelemetry-semconv\1.10.1-alpha\opentelemetry-semconv-1.10.1-alpha.jar;C:\Users\rilaa\.m2\repository\io\ous\jtoml\2.0.0\jtoml-2.0.0.jar;C:\Users\rilaa\.m2\repository\org\apache\commons\commons-exec\1.3\commons-exec-1.3.jar;C:\Users\rilaa\.m2\repository\org\asynchttpclient\async-http-client\2.12.3\async-http-client-2.12.3.jar;C:\Users\rilaa\.m2\repository\org\asynchttpclient\async-http-client-netty-utils\2.12.3\async-http-client-netty-utils-2.12.3.jar;C:\Users\rilaa\.m2\repository\io\netty\netty-codec-socks\4.1.60.Final\netty-codec-socks-4.1.60.Final.jar;C:\Users\rilaa\.m2\repository\io\netty\netty-handler-proxy\4.1.60.Final\netty-handler-proxy-4.1.60.Final.jar;C:\Users\rilaa\.m2\repository\io\netty\netty-transport-native-epoll\4.1.60.Final\netty-transport-native-epoll-4.1.60.Final-linux-x86_64.jar;C:\Users\rilaa\.m2\repository\io\netty\netty-transport-native-kqueue\4.1.60.Final\netty-transport-native-kqueue-4.1.60.Final-osx-x86_64.jar;C:\Users\rilaa\.m2\repository\org\reactivestreams\reactive-streams\1.0.3\reactive-streams-1.0.3.jar;C:\Users\rilaa\.m2\repository\com\typesafe\netty\netty-reactive-streams\2.0.4\netty-reactive-streams-2.0.4.jar;C:\Users\rilaa\.m2\repository\org\seleniumhq\selenium\selenium-http\4.1.2\selenium-http-4.1.2.jar;C:\Users\rilaa\.m2\repository\net\jodah\failsafe\2.4.4\failsafe-2.4.4.jar;C:\Users\rilaa\.m2\repository\org\seleniumhq\selenium\selenium-safari-driver\4.1.2\selenium-safari-driver-4.1.2.jar;C:\Users\rilaa\.m2\repository\org\seleniumhq\selenium\selenium-api\4.1.2\selenium-api-4.1.2.jar;C:\Users\rilaa\.m2\repository\org\seleniumhq\selenium\selenium-support\4.1.2\selenium-support-4.1.2.jar;C:\Users\rilaa\.m2\repository\com\google\auto\service\auto-service-annotations\1.0.1\auto-service-annotations-1.0.1.jar;C:\Users\rilaa\.m2\repository\com\google\auto\service\auto-service\1.0.1\auto-service-1.0.1.jar;C:\Users\rilaa\.m2\repository\com\google\auto\auto-common\1.2\auto-common-1.2.jar;C:\Users\rilaa\.m2\repository\org\seleniumhq\selenium\selenium-json\4.1.2\selenium-json-4.1.2.jar;C:\Users\rilaa\.m2\repository\org\seleniumhq\selenium\selenium-chrome-driver\4.1.2\selenium-chrome-driver-4.1.2.jar;C:\Users\rilaa\.m2\repository\org\seleniumhq\selenium\selenium-chromium-driver\4.1.2\selenium-chromium-driver-4.1.2.jar;C:\Users\rilaa\.m2\repository\org\seleniumhq\selenium\selenium-firefox-driver\4.1.2\selenium-firefox-driver-4.1.2.jar;C:\Users\rilaa\.m2\repository\org\seleniumhq\selenium\selenium-edge-driver\4.1.2\selenium-edge-driver-4.1.2.jar;C:\Users\rilaa\.m2\repository\org\seleniumhq\selenium\selenium-ie-driver\4.1.2\selenium-ie-driver-4.1.2.jar;C:\Users\rilaa\.m2\repository\org\projectlombok\lombok\1.18.20\lombok-1.18.20.jar;C:\Users\rilaa\.m2\repository\io\appium\java-client\8.0.0\java-client-8.0.0.jar;C:\Users\rilaa\.m2\repository\commons-validator\commons-validator\1.7\commons-validator-1.7.jar;C:\Users\rilaa\.m2\repository\commons-digester\commons-digester\2.1\commons-digester-2.1.jar;C:\Users\rilaa\.m2\repository\org\aspectj\aspectjweaver\1.9.8\aspectjweaver-1.9.8.jar;C:\Users\rilaa\.m2\repository\org\codehaus\groovy\groovy\3.0.10\groovy-3.0.10.jar;C:\Users\rilaa\.m2\repository\net\sf\opencsv\opencsv\2.0\opencsv-2.0.jar;C:\Users\rilaa\.m2\repository\commons-beanutils\commons-beanutils\1.9.4\commons-beanutils-1.9.4.jar;C:\Users\rilaa\.m2\repository\org\apache\commons\commons-lang3\3.12.0\commons-lang3-3.12.0.jar;C:\Users\rilaa\.m2\repository\commons-collections\commons-collections\3.2.2\commons-collections-3.2.2.jar;C:\Users\rilaa\.m2\repository\org\fluentlenium\fluentlenium-core\0.10.2\fluentlenium-core-0.10.2.jar;C:\Users\rilaa\.m2\repository\io\github\bonigarcia\webdrivermanager\5.1.0\webdrivermanager-5.1.0.jar;C:\Users\rilaa\.m2\repository\com\github\docker-java\docker-java\3.2.13\docker-java-3.2.13.jar;C:\Users\rilaa\.m2\repository\com\github\docker-java\docker-java-core\3.2.13\docker-java-core-3.2.13.jar;C:\Users\rilaa\.m2\repository\com\github\docker-java\docker-java-api\3.2.13\docker-java-api-3.2.13.jar;C:\Users\rilaa\.m2\repository\org\apache\commons\commons-compress\1.21\commons-compress-1.21.jar;C:\Users\rilaa\.m2\repository\org\bouncycastle\bcpkix-jdk15on\1.64\bcpkix-jdk15on-1.64.jar;C:\Users\rilaa\.m2\repository\org\bouncycastle\bcprov-jdk15on\1.64\bcprov-jdk15on-1.64.jar;C:\Users\rilaa\.m2\repository\org\slf4j\jcl-over-slf4j\1.7.30\jcl-over-slf4j-1.7.30.jar;C:\Users\rilaa\.m2\repository\com\github\docker-java\docker-java-transport-httpclient5\3.2.13\docker-java-transport-httpclient5-3.2.13.jar;C:\Users\rilaa\.m2\repository\com\github\docker-java\docker-java-transport\3.2.13\docker-java-transport-3.2.13.jar;C:\Users\rilaa\.m2\repository\org\apache\httpcomponents\client5\httpclient5\5.0.3\httpclient5-5.0.3.jar;C:\Users\rilaa\.m2\repository\org\apache\httpcomponents\core5\httpcore5\5.0.2\httpcore5-5.0.2.jar;C:\Users\rilaa\.m2\repository\net\java\dev\jna\jna\5.8.0\jna-5.8.0.jar;C:\Users\rilaa\.m2\repository\org\brotli\dec\0.1.2\dec-0.1.2.jar;C:\Users\rilaa\.m2\repository\com\jhlabs\filters\2.0.235\filters-2.0.235.jar;C:\Users\rilaa\.m2\repository\com\paulhammant\ngwebdriver\1.1.6\ngwebdriver-1.1.6.jar;C:\Users\rilaa\.m2\repository\joda-time\joda-time\2.8.2\joda-time-2.8.2.jar;C:\Users\rilaa\.m2\repository\org\hamcrest\hamcrest\2.2\hamcrest-2.2.jar;C:\Users\rilaa\.m2\repository\com\google\jimfs\jimfs\1.2\jimfs-1.2.jar;C:\Users\rilaa\.m2\repository\org\mockito\mockito-core\3.3.3\mockito-core-3.3.3.jar;C:\Users\rilaa\.m2\repository\javax\xml\bind\jaxb-api\2.3.1\jaxb-api-2.3.1.jar;C:\Users\rilaa\.m2\repository\javax\activation\javax.activation-api\1.2.0\javax.activation-api-1.2.0.jar;C:\Users\rilaa\.m2\repository\com\sun\xml\bind\jaxb-core\2.3.0.1\jaxb-core-2.3.0.1.jar;C:\Users\rilaa\.m2\repository\com\sun\xml\bind\jaxb-impl\2.3.3\jaxb-impl-2.3.3.jar;C:\Users\rilaa\.m2\repository\jakarta\xml\bind\jakarta.xml.bind-api\2.3.3\jakarta.xml.bind-api-2.3.3.jar;C:\Users\rilaa\.m2\repository\com\sun\activation\jakarta.activation\1.2.2\jakarta.activation-1.2.2.jar;C:\Users\rilaa\.m2\repository\javax\activation\activation\1.1.1\activation-1.1.1.jar;C:\Users\rilaa\.m2\repository\net\serenity-bdd\serenity-cucumber\3.2.1\serenity-cucumber-3.2.1.jar;C:\Users\rilaa\.m2\repository\io\cucumber\cucumber-core\7.2.3\cucumber-core-7.2.3.jar;C:\Users\rilaa\.m2\repository\io\cucumber\cucumber-gherkin\7.2.3\cucumber-gherkin-7.2.3.jar;C:\Users\rilaa\.m2\repository\io\cucumber\cucumber-gherkin-messages\7.2.3\cucumber-gherkin-messages-7.2.3.jar;C:\Users\rilaa\.m2\repository\io\cucumber\messages\17.1.1\messages-17.1.1.jar;C:\Users\rilaa\.m2\repository\io\cucumber\tag-expressions\4.1.0\tag-expressions-4.1.0.jar;C:\Users\rilaa\.m2\repository\io\cucumber\cucumber-expressions\15.0.1\cucumber-expressions-15.0.1.jar;C:\Users\rilaa\.m2\repository\io\cucumber\datatable\7.2.3\datatable-7.2.3.jar;C:\Users\rilaa\.m2\repository\io\cucumber\cucumber-plugin\7.2.3\cucumber-plugin-7.2.3.jar;C:\Users\rilaa\.m2\repository\io\cucumber\docstring\7.2.3\docstring-7.2.3.jar;C:\Users\rilaa\.m2\repository\io\cucumber\html-formatter\17.0.0\html-formatter-17.0.0.jar;C:\Users\rilaa\.m2\repository\io\cucumber\ci-environment\8.1.0\ci-environment-8.1.0.jar;C:\Users\rilaa\.m2\repository\io\cucumber\cucumber-junit\7.2.3\cucumber-junit-7.2.3.jar;C:\Users\rilaa\.m2\repository\org\apache\commons\commons-csv\1.5\commons-csv-1.5.jar;C:\Users\rilaa\.m2\repository\net\serenity-bdd\serenity-screenplay\3.2.1\serenity-screenplay-3.2.1.jar;C:\Users\rilaa\.m2\repository\net\serenity-bdd\serenity-screenplay-webdriver\3.2.1\serenity-screenplay-webdriver-3.2.1.jar;C:\Users\rilaa\.m2\repository\net\serenity-bdd\serenity-ensure\3.2.1\serenity-ensure-3.2.1.jar;C:\Users\rilaa\.m2\repository\net\serenity-bdd\serenity-junit\3.2.1\serenity-junit-3.2.1.jar;C:\Users\rilaa\.m2\repository\org\jetbrains\kotlin\kotlin-stdlib\1.6.0\kotlin-stdlib-1.6.0.jar;C:\Users\rilaa\.m2\repository\org\jetbrains\annotations\13.0\annotations-13.0.jar;C:\Users\rilaa\.m2\repository\org\jetbrains\kotlin\kotlin-stdlib-common\1.6.0\kotlin-stdlib-common-1.6.0.jar;C:\Users\rilaa\.m2\repository\org\junit\platform\junit-platform-launcher\1.8.1\junit-platform-launcher-1.8.1.jar;C:\Users\rilaa\.m2\repository\org\junit\platform\junit-platform-engine\1.8.1\junit-platform-engine-1.8.1.jar;C:\Users\rilaa\.m2\repository\org\opentest4j\opentest4j\1.2.0\opentest4j-1.2.0.jar;C:\Users\rilaa\.m2\repository\org\junit\platform\junit-platform-commons\1.8.1\junit-platform-commons-1.8.1.jar;C:\Users\rilaa\.m2\repository\org\apiguardian\apiguardian-api\1.1.2\apiguardian-api-1.1.2.jar;C:\Users\rilaa\.m2\repository\org\junit\jupiter\junit-jupiter-engine\5.8.2\junit-jupiter-engine-5.8.2.jar;C:\Users\rilaa\.m2\repository\org\junit\jupiter\junit-jupiter-api\5.8.2\junit-jupiter-api-5.8.2.jar;C:\Users\rilaa\.m2\repository\org\junit\vintage\junit-vintage-engine\5.8.2\junit-vintage-engine-5.8.2.jar;C:\Users\rilaa\.m2\repository\junit\junit\4.13.2\junit-4.13.2.jar;C:\Users\rilaa\.m2\repository\org\hamcrest\hamcrest-core\1.3\hamcrest-core-1.3.jar;C:\Users\rilaa\.m2\repository\ch\qos\logback\logback-classic\1.2.10\logback-classic-1.2.10.jar;C:\Users\rilaa\.m2\repository\ch\qos\logback\logback-core\1.2.10\logback-core-1.2.10.jar;C:\Users\rilaa\.m2\repository\org\slf4j\slf4j-api\1.7.32\slf4j-api-1.7.32.jar;C:\Users\rilaa\.m2\repository\org\assertj\assertj-core\3.6.2\assertj-core-3.6.2.jar;"/>
    <property name="java.vm.vendor" value="Oracle Corporation"/>
    <property name="sun.arch.data.model" value="64"/>
    <property name="user.variant" value=""/>
    <property name="java.vendor.url" value="https://openjdk.java.net/"/>
    <property name="user.timezone" value="Asia/Bangkok"/>
    <property name="log4j2.formatMsgNoLookups" value="true"/>
    <property name="java.vm.specification.version" value="11"/>
    <property name="os.name" value="Windows 11"/>
    <property name="sun.java.launcher" value="SUN_STANDARD"/>
    <property name="user.country" value="ID"/>
    <property name="sun.boot.library.path" value="C:\Program Files\Java\jdk-11.0.16\bin"/>
    <property name="sun.java.command" value="org.apache.maven.surefire.booter.ForkedBooter C:\Users\rilaa\AppData\Local\Temp\surefire12489200171960874678 2022-10-05T15-01-31_429-jvmRun1 surefire3114521078475543299tmp surefire_03118339062810907975tmp"/>
    <property name="jdk.debug" value="release"/>
    <property name="surefire.test.class.path" value="D:\Ra\file kuliah\semester 7\resume alta\demoqa\target\test-classes;C:\Users\rilaa\.m2\repository\net\serenity-bdd\serenity-core\3.2.1\serenity-core-3.2.1.jar;C:\Users\rilaa\.m2\repository\net\serenity-bdd\serenity-model\3.2.1\serenity-model-3.2.1.jar;C:\Users\rilaa\.m2\repository\org\apache\commons\commons-text\1.9\commons-text-1.9.jar;C:\Users\rilaa\.m2\repository\commons-net\commons-net\3.8.0\commons-net-3.8.0.jar;C:\Users\rilaa\.m2\repository\com\google\guava\guava\31.1-jre\guava-31.1-jre.jar;C:\Users\rilaa\.m2\repository\com\google\guava\failureaccess\1.0.1\failureaccess-1.0.1.jar;C:\Users\rilaa\.m2\repository\com\google\guava\listenablefuture\9999.0-empty-to-avoid-conflict-with-guava\listenablefuture-9999.0-empty-to-avoid-conflict-with-guava.jar;C:\Users\rilaa\.m2\repository\com\google\code\findbugs\jsr305\3.0.2\jsr305-3.0.2.jar;C:\Users\rilaa\.m2\repository\org\checkerframework\checker-qual\3.12.0\checker-qual-3.12.0.jar;C:\Users\rilaa\.m2\repository\com\google\errorprone\error_prone_annotations\2.11.0\error_prone_annotations-2.11.0.jar;C:\Users\rilaa\.m2\repository\com\google\j2objc\j2objc-annotations\1.3\j2objc-annotations-1.3.jar;C:\Users\rilaa\.m2\repository\com\google\inject\guice\5.1.0\guice-5.1.0.jar;C:\Users\rilaa\.m2\repository\javax\inject\javax.inject\1\javax.inject-1.jar;C:\Users\rilaa\.m2\repository\aopalliance\aopalliance\1.0\aopalliance-1.0.jar;C:\Users\rilaa\.m2\repository\org\jsoup\jsoup\1.14.3\jsoup-1.14.3.jar;C:\Users\rilaa\.m2\repository\com\thoughtworks\xstream\xstream\1.4.19\xstream-1.4.19.jar;C:\Users\rilaa\.m2\repository\io\github\x-stream\mxparser\1.2.2\mxparser-1.2.2.jar;C:\Users\rilaa\.m2\repository\xmlpull\xmlpull\1.1.3.1\xmlpull-1.1.3.1.jar;C:\Users\rilaa\.m2\repository\io\cucumber\cucumber-java\7.2.3\cucumber-java-7.2.3.jar;C:\Users\rilaa\.m2\repository\com\typesafe\config\1.4.2\config-1.4.2.jar;C:\Users\rilaa\.m2\repository\org\imgscalr\imgscalr-lib\4.2\imgscalr-lib-4.2.jar;C:\Users\rilaa\.m2\repository\org\awaitility\awaitility\4.2.0\awaitility-4.2.0.jar;C:\Users\rilaa\.m2\repository\org\freemarker\freemarker\2.3.31\freemarker-2.3.31.jar;C:\Users\rilaa\.m2\repository\io\github\classgraph\classgraph\4.8.138\classgraph-4.8.138.jar;C:\Users\rilaa\.m2\repository\net\sourceforge\jexcelapi\jxl\2.6.12\jxl-2.6.12.jar;C:\Users\rilaa\.m2\repository\net\bytebuddy\byte-buddy\1.12.8\byte-buddy-1.12.8.jar;C:\Users\rilaa\.m2\repository\net\bytebuddy\byte-buddy-agent\1.12.8\byte-buddy-agent-1.12.8.jar;C:\Users\rilaa\.m2\repository\org\objenesis\objenesis\3.1\objenesis-3.1.jar;C:\Users\rilaa\.m2\repository\net\serenity-bdd\serenity-reports\3.2.1\serenity-reports-3.2.1.jar;C:\Users\rilaa\.m2\repository\net\serenity-bdd\serenity-stats\3.2.1\serenity-stats-3.2.1.jar;C:\Users\rilaa\.m2\repository\net\serenity-bdd\serenity-reports-configuration\3.2.1\serenity-reports-configuration-3.2.1.jar;C:\Users\rilaa\.m2\repository\com\vladsch\flexmark\flexmark-all\0.34.30\flexmark-all-0.34.30.jar;C:\Users\rilaa\.m2\repository\com\vladsch\flexmark\flexmark\0.34.30\flexmark-0.34.30.jar;C:\Users\rilaa\.m2\repository\com\vladsch\flexmark\flexmark-ext-abbreviation\0.34.30\flexmark-ext-abbreviation-0.34.30.jar;C:\Users\rilaa\.m2\repository\com\vladsch\flexmark\flexmark-ext-admonition\0.34.30\flexmark-ext-admonition-0.34.30.jar;C:\Users\rilaa\.m2\repository\com\vladsch\flexmark\flexmark-ext-anchorlink\0.34.30\flexmark-ext-anchorlink-0.34.30.jar;C:\Users\rilaa\.m2\repository\com\vladsch\flexmark\flexmark-ext-aside\0.34.30\flexmark-ext-aside-0.34.30.jar;C:\Users\rilaa\.m2\repository\com\vladsch\flexmark\flexmark-ext-attributes\0.34.30\flexmark-ext-attributes-0.34.30.jar;C:\Users\rilaa\.m2\repository\com\vladsch\flexmark\flexmark-ext-autolink\0.34.30\flexmark-ext-autolink-0.34.30.jar;C:\Users\rilaa\.m2\repository\org\nibor\autolink\autolink\0.6.0\autolink-0.6.0.jar;C:\Users\rilaa\.m2\repository\com\vladsch\flexmark\flexmark-ext-definition\0.34.30\flexmark-ext-definition-0.34.30.jar;C:\Users\rilaa\.m2\repository\com\vladsch\flexmark\flexmark-ext-emoji\0.34.30\flexmark-ext-emoji-0.34.30.jar;C:\Users\rilaa\.m2\repository\com\vladsch\flexmark\flexmark-ext-enumerated-reference\0.34.30\flexmark-ext-enumerated-reference-0.34.30.jar;C:\Users\rilaa\.m2\repository\com\vladsch\flexmark\flexmark-ext-escaped-character\0.34.30\flexmark-ext-escaped-character-0.34.30.jar;C:\Users\rilaa\.m2\repository\com\vladsch\flexmark\flexmark-ext-footnotes\0.34.30\flexmark-ext-footnotes-0.34.30.jar;C:\Users\rilaa\.m2\repository\com\vladsch\flexmark\flexmark-ext-gfm-issues\0.34.30\flexmark-ext-gfm-issues-0.34.30.jar;C:\Users\rilaa\.m2\repository\com\vladsch\flexmark\flexmark-ext-gfm-strikethrough\0.34.30\flexmark-ext-gfm-strikethrough-0.34.30.jar;C:\Users\rilaa\.m2\repository\com\vladsch\flexmark\flexmark-ext-gfm-tables\0.34.30\flexmark-ext-gfm-tables-0.34.30.jar;C:\Users\rilaa\.m2\repository\com\vladsch\flexmark\flexmark-ext-gfm-tasklist\0.34.30\flexmark-ext-gfm-tasklist-0.34.30.jar;C:\Users\rilaa\.m2\repository\com\vladsch\flexmark\flexmark-ext-gfm-users\0.34.30\flexmark-ext-gfm-users-0.34.30.jar;C:\Users\rilaa\.m2\repository\com\vladsch\flexmark\flexmark-ext-gitlab\0.34.30\flexmark-ext-gitlab-0.34.30.jar;C:\Users\rilaa\.m2\repository\com\vladsch\flexmark\flexmark-ext-jekyll-front-matter\0.34.30\flexmark-ext-jekyll-front-matter-0.34.30.jar;C:\Users\rilaa\.m2\repository\com\vladsch\flexmark\flexmark-ext-jekyll-tag\0.34.30\flexmark-ext-jekyll-tag-0.34.30.jar;C:\Users\rilaa\.m2\repository\com\vladsch\flexmark\flexmark-ext-media-tags\0.34.30\flexmark-ext-media-tags-0.34.30.jar;C:\Users\rilaa\.m2\repository\com\vladsch\flexmark\flexmark-test-util\0.34.30\flexmark-test-util-0.34.30.jar;C:\Users\rilaa\.m2\repository\com\vladsch\flexmark\flexmark-ext-ins\0.34.30\flexmark-ext-ins-0.34.30.jar;C:\Users\rilaa\.m2\repository\com\vladsch\flexmark\flexmark-ext-xwiki-macros\0.34.30\flexmark-ext-xwiki-macros-0.34.30.jar;C:\Users\rilaa\.m2\repository\com\vladsch\flexmark\flexmark-ext-superscript\0.34.30\flexmark-ext-superscript-0.34.30.jar;C:\Users\rilaa\.m2\repository\com\vladsch\flexmark\flexmark-ext-tables\0.34.30\flexmark-ext-tables-0.34.30.jar;C:\Users\rilaa\.m2\repository\com\vladsch\flexmark\flexmark-ext-toc\0.34.30\flexmark-ext-toc-0.34.30.jar;C:\Users\rilaa\.m2\repository\com\vladsch\flexmark\flexmark-ext-typographic\0.34.30\flexmark-ext-typographic-0.34.30.jar;C:\Users\rilaa\.m2\repository\com\vladsch\flexmark\flexmark-ext-wikilink\0.34.30\flexmark-ext-wikilink-0.34.30.jar;C:\Users\rilaa\.m2\repository\com\vladsch\flexmark\flexmark-ext-yaml-front-matter\0.34.30\flexmark-ext-yaml-front-matter-0.34.30.jar;C:\Users\rilaa\.m2\repository\com\vladsch\flexmark\flexmark-ext-youtube-embedded\0.34.30\flexmark-ext-youtube-embedded-0.34.30.jar;C:\Users\rilaa\.m2\repository\com\vladsch\flexmark\flexmark-formatter\0.34.30\flexmark-formatter-0.34.30.jar;C:\Users\rilaa\.m2\repository\com\vladsch\flexmark\flexmark-html-parser\0.34.30\flexmark-html-parser-0.34.30.jar;C:\Users\rilaa\.m2\repository\com\vladsch\flexmark\flexmark-jira-converter\0.34.30\flexmark-jira-converter-0.34.30.jar;C:\Users\rilaa\.m2\repository\com\vladsch\flexmark\flexmark-pdf-converter\0.34.30\flexmark-pdf-converter-0.34.30.jar;C:\Users\rilaa\.m2\repository\com\openhtmltopdf\openhtmltopdf-core\0.0.1-RC13\openhtmltopdf-core-0.0.1-RC13.jar;C:\Users\rilaa\.m2\repository\com\openhtmltopdf\openhtmltopdf-pdfbox\0.0.1-RC13\openhtmltopdf-pdfbox-0.0.1-RC13.jar;C:\Users\rilaa\.m2\repository\org\apache\pdfbox\pdfbox\2.0.8\pdfbox-2.0.8.jar;C:\Users\rilaa\.m2\repository\org\apache\pdfbox\fontbox\2.0.8\fontbox-2.0.8.jar;C:\Users\rilaa\.m2\repository\commons-logging\commons-logging\1.2\commons-logging-1.2.jar;C:\Users\rilaa\.m2\repository\org\apache\pdfbox\xmpbox\2.0.8\xmpbox-2.0.8.jar;C:\Users\rilaa\.m2\repository\de\rototor\pdfbox\graphics2d\0.12\graphics2d-0.12.jar;C:\Users\rilaa\.m2\repository\com\openhtmltopdf\openhtmltopdf-rtl-support\0.0.1-RC13\openhtmltopdf-rtl-support-0.0.1-RC13.jar;C:\Users\rilaa\.m2\repository\com\ibm\icu\icu4j\59.1\icu4j-59.1.jar;C:\Users\rilaa\.m2\repository\com\openhtmltopdf\openhtmltopdf-jsoup-dom-converter\0.0.1-RC13\openhtmltopdf-jsoup-dom-converter-0.0.1-RC13.jar;C:\Users\rilaa\.m2\repository\com\vladsch\flexmark\flexmark-profile-pegdown\0.34.30\flexmark-profile-pegdown-0.34.30.jar;C:\Users\rilaa\.m2\repository\com\vladsch\flexmark\flexmark-util\0.34.30\flexmark-util-0.34.30.jar;C:\Users\rilaa\.m2\repository\com\vladsch\flexmark\flexmark-youtrack-converter\0.34.30\flexmark-youtrack-converter-0.34.30.jar;C:\Users\rilaa\.m2\repository\es\nitaur\markdown\txtmark\0.16\txtmark-0.16.jar;C:\Users\rilaa\.m2\repository\net\serenity-bdd\serenity-report-resources\3.2.1\serenity-report-resources-3.2.1.jar;C:\Users\rilaa\.m2\repository\com\google\code\gson\gson\2.9.0\gson-2.9.0.jar;C:\Users\rilaa\.m2\repository\com\fasterxml\jackson\core\jackson-core\2.13.2\jackson-core-2.13.2.jar;C:\Users\rilaa\.m2\repository\com\fasterxml\jackson\core\jackson-databind\2.13.2\jackson-databind-2.13.2.jar;C:\Users\rilaa\.m2\repository\com\fasterxml\jackson\core\jackson-annotations\2.13.2\jackson-annotations-2.13.2.jar;C:\Users\rilaa\.m2\repository\commons-codec\commons-codec\1.15\commons-codec-1.15.jar;C:\Users\rilaa\.m2\repository\commons-io\commons-io\2.11.0\commons-io-2.11.0.jar;C:\Users\rilaa\.m2\repository\org\seleniumhq\selenium\selenium-java\4.1.2\selenium-java-4.1.2.jar;C:\Users\rilaa\.m2\repository\org\seleniumhq\selenium\selenium-devtools-v85\4.1.2\selenium-devtools-v85-4.1.2.jar;C:\Users\rilaa\.m2\repository\org\seleniumhq\selenium\selenium-devtools-v95\4.1.2\selenium-devtools-v95-4.1.2.jar;C:\Users\rilaa\.m2\repository\org\seleniumhq\selenium\selenium-devtools-v96\4.1.2\selenium-devtools-v96-4.1.2.jar;C:\Users\rilaa\.m2\repository\org\seleniumhq\selenium\selenium-devtools-v97\4.1.2\selenium-devtools-v97-4.1.2.jar;C:\Users\rilaa\.m2\repository\org\seleniumhq\selenium\selenium-firefox-xpi-driver\4.1.2\selenium-firefox-xpi-driver-4.1.2.jar;C:\Users\rilaa\.m2\repository\org\seleniumhq\selenium\selenium-opera-driver\4.1.2\selenium-opera-driver-4.1.2.jar;C:\Users\rilaa\.m2\repository\org\seleniumhq\selenium\selenium-remote-driver\4.1.2\selenium-remote-driver-4.1.2.jar;C:\Users\rilaa\.m2\repository\com\beust\jcommander\1.82\jcommander-1.82.jar;C:\Users\rilaa\.m2\repository\io\netty\netty-buffer\4.1.73.Final\netty-buffer-4.1.73.Final.jar;C:\Users\rilaa\.m2\repository\io\netty\netty-codec-http\4.1.73.Final\netty-codec-http-4.1.73.Final.jar;C:\Users\rilaa\.m2\repository\io\netty\netty-codec\4.1.73.Final\netty-codec-4.1.73.Final.jar;C:\Users\rilaa\.m2\repository\io\netty\netty-handler\4.1.73.Final\netty-handler-4.1.73.Final.jar;C:\Users\rilaa\.m2\repository\io\netty\netty-tcnative-classes\2.0.46.Final\netty-tcnative-classes-2.0.46.Final.jar;C:\Users\rilaa\.m2\repository\io\netty\netty-common\4.1.73.Final\netty-common-4.1.73.Final.jar;C:\Users\rilaa\.m2\repository\io\netty\netty-transport-classes-epoll\4.1.73.Final\netty-transport-classes-epoll-4.1.73.Final.jar;C:\Users\rilaa\.m2\repository\io\netty\netty-transport-classes-kqueue\4.1.73.Final\netty-transport-classes-kqueue-4.1.73.Final.jar;C:\Users\rilaa\.m2\repository\io\netty\netty-transport-native-epoll\4.1.73.Final\netty-transport-native-epoll-4.1.73.Final.jar;C:\Users\rilaa\.m2\repository\io\netty\netty-transport-native-kqueue\4.1.73.Final\netty-transport-native-kqueue-4.1.73.Final.jar;C:\Users\rilaa\.m2\repository\io\netty\netty-transport-native-unix-common\4.1.73.Final\netty-transport-native-unix-common-4.1.73.Final.jar;C:\Users\rilaa\.m2\repository\io\netty\netty-transport\4.1.73.Final\netty-transport-4.1.73.Final.jar;C:\Users\rilaa\.m2\repository\io\netty\netty-resolver\4.1.73.Final\netty-resolver-4.1.73.Final.jar;C:\Users\rilaa\.m2\repository\io\opentelemetry\opentelemetry-api\1.10.1\opentelemetry-api-1.10.1.jar;C:\Users\rilaa\.m2\repository\io\opentelemetry\opentelemetry-context\1.10.1\opentelemetry-context-1.10.1.jar;C:\Users\rilaa\.m2\repository\io\opentelemetry\opentelemetry-exporter-logging\1.10.1\opentelemetry-exporter-logging-1.10.1.jar;C:\Users\rilaa\.m2\repository\io\opentelemetry\opentelemetry-sdk-metrics\1.10.1-alpha\opentelemetry-sdk-metrics-1.10.1-alpha.jar;C:\Users\rilaa\.m2\repository\io\opentelemetry\opentelemetry-sdk-logs\1.10.1-alpha\opentelemetry-sdk-logs-1.10.1-alpha.jar;C:\Users\rilaa\.m2\repository\io\opentelemetry\opentelemetry-sdk-common\1.10.1\opentelemetry-sdk-common-1.10.1.jar;C:\Users\rilaa\.m2\repository\io\opentelemetry\opentelemetry-sdk-extension-autoconfigure-spi\1.10.1\opentelemetry-sdk-extension-autoconfigure-spi-1.10.1.jar;C:\Users\rilaa\.m2\repository\io\opentelemetry\opentelemetry-sdk-extension-autoconfigure\1.10.1-alpha\opentelemetry-sdk-extension-autoconfigure-1.10.1-alpha.jar;C:\Users\rilaa\.m2\repository\io\opentelemetry\opentelemetry-sdk-trace\1.10.1\opentelemetry-sdk-trace-1.10.1.jar;C:\Users\rilaa\.m2\repository\io\opentelemetry\opentelemetry-sdk\1.10.1\opentelemetry-sdk-1.10.1.jar;C:\Users\rilaa\.m2\repository\io\opentelemetry\opentelemetry-semconv\1.10.1-alpha\opentelemetry-semconv-1.10.1-alpha.jar;C:\Users\rilaa\.m2\repository\io\ous\jtoml\2.0.0\jtoml-2.0.0.jar;C:\Users\rilaa\.m2\repository\org\apache\commons\commons-exec\1.3\commons-exec-1.3.jar;C:\Users\rilaa\.m2\repository\org\asynchttpclient\async-http-client\2.12.3\async-http-client-2.12.3.jar;C:\Users\rilaa\.m2\repository\org\asynchttpclient\async-http-client-netty-utils\2.12.3\async-http-client-netty-utils-2.12.3.jar;C:\Users\rilaa\.m2\repository\io\netty\netty-codec-socks\4.1.60.Final\netty-codec-socks-4.1.60.Final.jar;C:\Users\rilaa\.m2\repository\io\netty\netty-handler-proxy\4.1.60.Final\netty-handler-proxy-4.1.60.Final.jar;C:\Users\rilaa\.m2\repository\io\netty\netty-transport-native-epoll\4.1.60.Final\netty-transport-native-epoll-4.1.60.Final-linux-x86_64.jar;C:\Users\rilaa\.m2\repository\io\netty\netty-transport-native-kqueue\4.1.60.Final\netty-transport-native-kqueue-4.1.60.Final-osx-x86_64.jar;C:\Users\rilaa\.m2\repository\org\reactivestreams\reactive-streams\1.0.3\reactive-streams-1.0.3.jar;C:\Users\rilaa\.m2\repository\com\typesafe\netty\netty-reactive-streams\2.0.4\netty-reactive-streams-2.0.4.jar;C:\Users\rilaa\.m2\repository\org\seleniumhq\selenium\selenium-http\4.1.2\selenium-http-4.1.2.jar;C:\Users\rilaa\.m2\repository\net\jodah\failsafe\2.4.4\failsafe-2.4.4.jar;C:\Users\rilaa\.m2\repository\org\seleniumhq\selenium\selenium-safari-driver\4.1.2\selenium-safari-driver-4.1.2.jar;C:\Users\rilaa\.m2\repository\org\seleniumhq\selenium\selenium-api\4.1.2\selenium-api-4.1.2.jar;C:\Users\rilaa\.m2\repository\org\seleniumhq\selenium\selenium-support\4.1.2\selenium-support-4.1.2.jar;C:\Users\rilaa\.m2\repository\com\google\auto\service\auto-service-annotations\1.0.1\auto-service-annotations-1.0.1.jar;C:\Users\rilaa\.m2\repository\com\google\auto\service\auto-service\1.0.1\auto-service-1.0.1.jar;C:\Users\rilaa\.m2\repository\com\google\auto\auto-common\1.2\auto-common-1.2.jar;C:\Users\rilaa\.m2\repository\org\seleniumhq\selenium\selenium-json\4.1.2\selenium-json-4.1.2.jar;C:\Users\rilaa\.m2\repository\org\seleniumhq\selenium\selenium-chrome-driver\4.1.2\selenium-chrome-driver-4.1.2.jar;C:\Users\rilaa\.m2\repository\org\seleniumhq\selenium\selenium-chromium-driver\4.1.2\selenium-chromium-driver-4.1.2.jar;C:\Users\rilaa\.m2\repository\org\seleniumhq\selenium\selenium-firefox-driver\4.1.2\selenium-firefox-driver-4.1.2.jar;C:\Users\rilaa\.m2\repository\org\seleniumhq\selenium\selenium-edge-driver\4.1.2\selenium-edge-driver-4.1.2.jar;C:\Users\rilaa\.m2\repository\org\seleniumhq\selenium\selenium-ie-driver\4.1.2\selenium-ie-driver-4.1.2.jar;C:\Users\rilaa\.m2\repository\org\projectlombok\lombok\1.18.20\lombok-1.18.20.jar;C:\Users\rilaa\.m2\repository\io\appium\java-client\8.0.0\java-client-8.0.0.jar;C:\Users\rilaa\.m2\repository\commons-validator\commons-validator\1.7\commons-validator-1.7.jar;C:\Users\rilaa\.m2\repository\commons-digester\commons-digester\2.1\commons-digester-2.1.jar;C:\Users\rilaa\.m2\repository\org\aspectj\aspectjweaver\1.9.8\aspectjweaver-1.9.8.jar;C:\Users\rilaa\.m2\repository\org\codehaus\groovy\groovy\3.0.10\groovy-3.0.10.jar;C:\Users\rilaa\.m2\repository\net\sf\opencsv\opencsv\2.0\opencsv-2.0.jar;C:\Users\rilaa\.m2\repository\commons-beanutils\commons-beanutils\1.9.4\commons-beanutils-1.9.4.jar;C:\Users\rilaa\.m2\repository\org\apache\commons\commons-lang3\3.12.0\commons-lang3-3.12.0.jar;C:\Users\rilaa\.m2\repository\commons-collections\commons-collections\3.2.2\commons-collections-3.2.2.jar;C:\Users\rilaa\.m2\repository\org\fluentlenium\fluentlenium-core\0.10.2\fluentlenium-core-0.10.2.jar;C:\Users\rilaa\.m2\repository\io\github\bonigarcia\webdrivermanager\5.1.0\webdrivermanager-5.1.0.jar;C:\Users\rilaa\.m2\repository\com\github\docker-java\docker-java\3.2.13\docker-java-3.2.13.jar;C:\Users\rilaa\.m2\repository\com\github\docker-java\docker-java-core\3.2.13\docker-java-core-3.2.13.jar;C:\Users\rilaa\.m2\repository\com\github\docker-java\docker-java-api\3.2.13\docker-java-api-3.2.13.jar;C:\Users\rilaa\.m2\repository\org\apache\commons\commons-compress\1.21\commons-compress-1.21.jar;C:\Users\rilaa\.m2\repository\org\bouncycastle\bcpkix-jdk15on\1.64\bcpkix-jdk15on-1.64.jar;C:\Users\rilaa\.m2\repository\org\bouncycastle\bcprov-jdk15on\1.64\bcprov-jdk15on-1.64.jar;C:\Users\rilaa\.m2\repository\org\slf4j\jcl-over-slf4j\1.7.30\jcl-over-slf4j-1.7.30.jar;C:\Users\rilaa\.m2\repository\com\github\docker-java\docker-java-transport-httpclient5\3.2.13\docker-java-transport-httpclient5-3.2.13.jar;C:\Users\rilaa\.m2\repository\com\github\docker-java\docker-java-transport\3.2.13\docker-java-transport-3.2.13.jar;C:\Users\rilaa\.m2\repository\org\apache\httpcomponents\client5\httpclient5\5.0.3\httpclient5-5.0.3.jar;C:\Users\rilaa\.m2\repository\org\apache\httpcomponents\core5\httpcore5\5.0.2\httpcore5-5.0.2.jar;C:\Users\rilaa\.m2\repository\net\java\dev\jna\jna\5.8.0\jna-5.8.0.jar;C:\Users\rilaa\.m2\repository\org\brotli\dec\0.1.2\dec-0.1.2.jar;C:\Users\rilaa\.m2\repository\com\jhlabs\filters\2.0.235\filters-2.0.235.jar;C:\Users\rilaa\.m2\repository\com\paulhammant\ngwebdriver\1.1.6\ngwebdriver-1.1.6.jar;C:\Users\rilaa\.m2\repository\joda-time\joda-time\2.8.2\joda-time-2.8.2.jar;C:\Users\rilaa\.m2\repository\org\hamcrest\hamcrest\2.2\hamcrest-2.2.jar;C:\Users\rilaa\.m2\repository\com\google\jimfs\jimfs\1.2\jimfs-1.2.jar;C:\Users\rilaa\.m2\repository\org\mockito\mockito-core\3.3.3\mockito-core-3.3.3.jar;C:\Users\rilaa\.m2\repository\javax\xml\bind\jaxb-api\2.3.1\jaxb-api-2.3.1.jar;C:\Users\rilaa\.m2\repository\javax\activation\javax.activation-api\1.2.0\javax.activation-api-1.2.0.jar;C:\Users\rilaa\.m2\repository\com\sun\xml\bind\jaxb-core\2.3.0.1\jaxb-core-2.3.0.1.jar;C:\Users\rilaa\.m2\repository\com\sun\xml\bind\jaxb-impl\2.3.3\jaxb-impl-2.3.3.jar;C:\Users\rilaa\.m2\repository\jakarta\xml\bind\jakarta.xml.bind-api\2.3.3\jakarta.xml.bind-api-2.3.3.jar;C:\Users\rilaa\.m2\repository\com\sun\activation\jakarta.activation\1.2.2\jakarta.activation-1.2.2.jar;C:\Users\rilaa\.m2\repository\javax\activation\activation\1.1.1\activation-1.1.1.jar;C:\Users\rilaa\.m2\repository\net\serenity-bdd\serenity-cucumber\3.2.1\serenity-cucumber-3.2.1.jar;C:\Users\rilaa\.m2\repository\io\cucumber\cucumber-core\7.2.3\cucumber-core-7.2.3.jar;C:\Users\rilaa\.m2\repository\io\cucumber\cucumber-gherkin\7.2.3\cucumber-gherkin-7.2.3.jar;C:\Users\rilaa\.m2\repository\io\cucumber\cucumber-gherkin-messages\7.2.3\cucumber-gherkin-messages-7.2.3.jar;C:\Users\rilaa\.m2\repository\io\cucumber\messages\17.1.1\messages-17.1.1.jar;C:\Users\rilaa\.m2\repository\io\cucumber\tag-expressions\4.1.0\tag-expressions-4.1.0.jar;C:\Users\rilaa\.m2\repository\io\cucumber\cucumber-expressions\15.0.1\cucumber-expressions-15.0.1.jar;C:\Users\rilaa\.m2\repository\io\cucumber\datatable\7.2.3\datatable-7.2.3.jar;C:\Users\rilaa\.m2\repository\io\cucumber\cucumber-plugin\7.2.3\cucumber-plugin-7.2.3.jar;C:\Users\rilaa\.m2\repository\io\cucumber\docstring\7.2.3\docstring-7.2.3.jar;C:\Users\rilaa\.m2\repository\io\cucumber\html-formatter\17.0.0\html-formatter-17.0.0.jar;C:\Users\rilaa\.m2\repository\io\cucumber\ci-environment\8.1.0\ci-environment-8.1.0.jar;C:\Users\rilaa\.m2\repository\io\cucumber\cucumber-junit\7.2.3\cucumber-junit-7.2.3.jar;C:\Users\rilaa\.m2\repository\org\apache\commons\commons-csv\1.5\commons-csv-1.5.jar;C:\Users\rilaa\.m2\repository\net\serenity-bdd\serenity-screenplay\3.2.1\serenity-screenplay-3.2.1.jar;C:\Users\rilaa\.m2\repository\net\serenity-bdd\serenity-screenplay-webdriver\3.2.1\serenity-screenplay-webdriver-3.2.1.jar;C:\Users\rilaa\.m2\repository\net\serenity-bdd\serenity-ensure\3.2.1\serenity-ensure-3.2.1.jar;C:\Users\rilaa\.m2\repository\net\serenity-bdd\serenity-junit\3.2.1\serenity-junit-3.2.1.jar;C:\Users\rilaa\.m2\repository\org\jetbrains\kotlin\kotlin-stdlib\1.6.0\kotlin-stdlib-1.6.0.jar;C:\Users\rilaa\.m2\repository\org\jetbrains\annotations\13.0\annotations-13.0.jar;C:\Users\rilaa\.m2\repository\org\jetbrains\kotlin\kotlin-stdlib-common\1.6.0\kotlin-stdlib-common-1.6.0.jar;C:\Users\rilaa\.m2\repository\org\junit\platform\junit-platform-launcher\1.8.1\junit-platform-launcher-1.8.1.jar;C:\Users\rilaa\.m2\repository\org\junit\platform\junit-platform-engine\1.8.1\junit-platform-engine-1.8.1.jar;C:\Users\rilaa\.m2\repository\org\opentest4j\opentest4j\1.2.0\opentest4j-1.2.0.jar;C:\Users\rilaa\.m2\repository\org\junit\platform\junit-platform-commons\1.8.1\junit-platform-commons-1.8.1.jar;C:\Users\rilaa\.m2\repository\org\apiguardian\apiguardian-api\1.1.2\apiguardian-api-1.1.2.jar;C:\Users\rilaa\.m2\repository\org\junit\jupiter\junit-jupiter-engine\5.8.2\junit-jupiter-engine-5.8.2.jar;C:\Users\rilaa\.m2\repository\org\junit\jupiter\junit-jupiter-api\5.8.2\junit-jupiter-api-5.8.2.jar;C:\Users\rilaa\.m2\repository\org\junit\vintage\junit-vintage-engine\5.8.2\junit-vintage-engine-5.8.2.jar;C:\Users\rilaa\.m2\repository\junit\junit\4.13.2\junit-4.13.2.jar;C:\Users\rilaa\.m2\repository\org\hamcrest\hamcrest-core\1.3\hamcrest-core-1.3.jar;C:\Users\rilaa\.m2\repository\ch\qos\logback\logback-classic\1.2.10\logback-classic-1.2.10.jar;C:\Users\rilaa\.m2\repository\ch\qos\logback\logback-core\1.2.10\logback-core-1.2.10.jar;C:\Users\rilaa\.m2\repository\org\slf4j\slf4j-api\1.7.32\slf4j-api-1.7.32.jar;C:\Users\rilaa\.m2\repository\org\assertj\assertj-core\3.6.2\assertj-core-3.6.2.jar;"/>
    <property name="sun.cpu.endian" value="little"/>
    <property name="user.home" value="C:\Users\rilaa"/>
    <property name="user.language" value="en"/>
    <property name="java.specification.vendor" value="Oracle Corporation"/>
    <property name="jdk.module.path" value="D:\Ra\file kuliah\semester 7\resume alta\demoqa\target\demoqa-1.0-SNAPSHOT.jar"/>
    <property name="java.version.date" value="2022-07-19"/>
    <property name="java.home" value="C:\Program Files\Java\jdk-11.0.16"/>
    <property name="file.separator" value="\"/>
    <property name="basedir" value="D:\Ra\file kuliah\semester 7\resume alta\demoqa"/>
    <property name="java.vm.compressedOopsMode" value="32-bit"/>
    <property name="line.separator" value="&#10;"/>
    <property name="java.specification.name" value="Java Platform API Specification"/>
    <property name="java.vm.specification.vendor" value="Oracle Corporation"/>
    <property name="java.awt.graphicsenv" value="sun.awt.Win32GraphicsEnvironment"/>
    <property name="surefire.real.class.path" value="C:\Users\rilaa\.m2\repository\org\apache\maven\surefire\surefire-booter\3.0.0-M5\surefire-booter-3.0.0-M5.jar;C:\Users\rilaa\.m2\repository\org\apache\maven\surefire\surefire-api\3.0.0-M5\surefire-api-3.0.0-M5.jar;C:\Users\rilaa\.m2\repository\org\apache\maven\surefire\surefire-logger-api\3.0.0-M5\surefire-logger-api-3.0.0-M5.jar;C:\Users\rilaa\.m2\repository\org\apache\maven\surefire\surefire-shared-utils\3.0.0-M4\surefire-shared-utils-3.0.0-M4.jar;C:\Users\rilaa\.m2\repository\org\apache\maven\surefire\surefire-extensions-spi\3.0.0-M5\surefire-extensions-spi-3.0.0-M5.jar;D:\Ra\file kuliah\semester 7\resume alta\demoqa\target\test-classes;C:\Users\rilaa\.m2\repository\net\serenity-bdd\serenity-core\3.2.1\serenity-core-3.2.1.jar;C:\Users\rilaa\.m2\repository\net\serenity-bdd\serenity-model\3.2.1\serenity-model-3.2.1.jar;C:\Users\rilaa\.m2\repository\org\apache\commons\commons-text\1.9\commons-text-1.9.jar;C:\Users\rilaa\.m2\repository\commons-net\commons-net\3.8.0\commons-net-3.8.0.jar;C:\Users\rilaa\.m2\repository\com\google\guava\guava\31.1-jre\guava-31.1-jre.jar;C:\Users\rilaa\.m2\repository\com\google\guava\failureaccess\1.0.1\failureaccess-1.0.1.jar;C:\Users\rilaa\.m2\repository\com\google\guava\listenablefuture\9999.0-empty-to-avoid-conflict-with-guava\listenablefuture-9999.0-empty-to-avoid-conflict-with-guava.jar;C:\Users\rilaa\.m2\repository\com\google\code\findbugs\jsr305\3.0.2\jsr305-3.0.2.jar;C:\Users\rilaa\.m2\repository\org\checkerframework\checker-qual\3.12.0\checker-qual-3.12.0.jar;C:\Users\rilaa\.m2\repository\com\google\errorprone\error_prone_annotations\2.11.0\error_prone_annotations-2.11.0.jar;C:\Users\rilaa\.m2\repository\com\google\j2objc\j2objc-annotations\1.3\j2objc-annotations-1.3.jar;C:\Users\rilaa\.m2\repository\com\google\inject\guice\5.1.0\guice-5.1.0.jar;C:\Users\rilaa\.m2\repository\javax\inject\javax.inject\1\javax.inject-1.jar;C:\Users\rilaa\.m2\repository\aopalliance\aopalliance\1.0\aopalliance-1.0.jar;C:\Users\rilaa\.m2\repository\org\jsoup\jsoup\1.14.3\jsoup-1.14.3.jar;C:\Users\rilaa\.m2\repository\com\thoughtworks\xstream\xstream\1.4.19\xstream-1.4.19.jar;C:\Users\rilaa\.m2\repository\io\github\x-stream\mxparser\1.2.2\mxparser-1.2.2.jar;C:\Users\rilaa\.m2\repository\xmlpull\xmlpull\1.1.3.1\xmlpull-1.1.3.1.jar;C:\Users\rilaa\.m2\repository\io\cucumber\cucumber-java\7.2.3\cucumber-java-7.2.3.jar;C:\Users\rilaa\.m2\repository\com\typesafe\config\1.4.2\config-1.4.2.jar;C:\Users\rilaa\.m2\repository\org\imgscalr\imgscalr-lib\4.2\imgscalr-lib-4.2.jar;C:\Users\rilaa\.m2\repository\org\awaitility\awaitility\4.2.0\awaitility-4.2.0.jar;C:\Users\rilaa\.m2\repository\org\freemarker\freemarker\2.3.31\freemarker-2.3.31.jar;C:\Users\rilaa\.m2\repository\io\github\classgraph\classgraph\4.8.138\classgraph-4.8.138.jar;C:\Users\rilaa\.m2\repository\net\sourceforge\jexcelapi\jxl\2.6.12\jxl-2.6.12.jar;C:\Users\rilaa\.m2\repository\net\bytebuddy\byte-buddy\1.12.8\byte-buddy-1.12.8.jar;C:\Users\rilaa\.m2\repository\net\bytebuddy\byte-buddy-agent\1.12.8\byte-buddy-agent-1.12.8.jar;C:\Users\rilaa\.m2\repository\org\objenesis\objenesis\3.1\objenesis-3.1.jar;C:\Users\rilaa\.m2\repository\net\serenity-bdd\serenity-reports\3.2.1\serenity-reports-3.2.1.jar;C:\Users\rilaa\.m2\repository\net\serenity-bdd\serenity-stats\3.2.1\serenity-stats-3.2.1.jar;C:\Users\rilaa\.m2\repository\net\serenity-bdd\serenity-reports-configuration\3.2.1\serenity-reports-configuration-3.2.1.jar;C:\Users\rilaa\.m2\repository\com\vladsch\flexmark\flexmark-all\0.34.30\flexmark-all-0.34.30.jar;C:\Users\rilaa\.m2\repository\com\vladsch\flexmark\flexmark\0.34.30\flexmark-0.34.30.jar;C:\Users\rilaa\.m2\repository\com\vladsch\flexmark\flexmark-ext-abbreviation\0.34.30\flexmark-ext-abbreviation-0.34.30.jar;C:\Users\rilaa\.m2\repository\com\vladsch\flexmark\flexmark-ext-admonition\0.34.30\flexmark-ext-admonition-0.34.30.jar;C:\Users\rilaa\.m2\repository\com\vladsch\flexmark\flexmark-ext-anchorlink\0.34.30\flexmark-ext-anchorlink-0.34.30.jar;C:\Users\rilaa\.m2\repository\com\vladsch\flexmark\flexmark-ext-aside\0.34.30\flexmark-ext-aside-0.34.30.jar;C:\Users\rilaa\.m2\repository\com\vladsch\flexmark\flexmark-ext-attributes\0.34.30\flexmark-ext-attributes-0.34.30.jar;C:\Users\rilaa\.m2\repository\com\vladsch\flexmark\flexmark-ext-autolink\0.34.30\flexmark-ext-autolink-0.34.30.jar;C:\Users\rilaa\.m2\repository\org\nibor\autolink\autolink\0.6.0\autolink-0.6.0.jar;C:\Users\rilaa\.m2\repository\com\vladsch\flexmark\flexmark-ext-definition\0.34.30\flexmark-ext-definition-0.34.30.jar;C:\Users\rilaa\.m2\repository\com\vladsch\flexmark\flexmark-ext-emoji\0.34.30\flexmark-ext-emoji-0.34.30.jar;C:\Users\rilaa\.m2\repository\com\vladsch\flexmark\flexmark-ext-enumerated-reference\0.34.30\flexmark-ext-enumerated-reference-0.34.30.jar;C:\Users\rilaa\.m2\repository\com\vladsch\flexmark\flexmark-ext-escaped-character\0.34.30\flexmark-ext-escaped-character-0.34.30.jar;C:\Users\rilaa\.m2\repository\com\vladsch\flexmark\flexmark-ext-footnotes\0.34.30\flexmark-ext-footnotes-0.34.30.jar;C:\Users\rilaa\.m2\repository\com\vladsch\flexmark\flexmark-ext-gfm-issues\0.34.30\flexmark-ext-gfm-issues-0.34.30.jar;C:\Users\rilaa\.m2\repository\com\vladsch\flexmark\flexmark-ext-gfm-strikethrough\0.34.30\flexmark-ext-gfm-strikethrough-0.34.30.jar;C:\Users\rilaa\.m2\repository\com\vladsch\flexmark\flexmark-ext-gfm-tables\0.34.30\flexmark-ext-gfm-tables-0.34.30.jar;C:\Users\rilaa\.m2\repository\com\vladsch\flexmark\flexmark-ext-gfm-tasklist\0.34.30\flexmark-ext-gfm-tasklist-0.34.30.jar;C:\Users\rilaa\.m2\repository\com\vladsch\flexmark\flexmark-ext-gfm-users\0.34.30\flexmark-ext-gfm-users-0.34.30.jar;C:\Users\rilaa\.m2\repository\com\vladsch\flexmark\flexmark-ext-gitlab\0.34.30\flexmark-ext-gitlab-0.34.30.jar;C:\Users\rilaa\.m2\repository\com\vladsch\flexmark\flexmark-ext-jekyll-front-matter\0.34.30\flexmark-ext-jekyll-front-matter-0.34.30.jar;C:\Users\rilaa\.m2\repository\com\vladsch\flexmark\flexmark-ext-jekyll-tag\0.34.30\flexmark-ext-jekyll-tag-0.34.30.jar;C:\Users\rilaa\.m2\repository\com\vladsch\flexmark\flexmark-ext-media-tags\0.34.30\flexmark-ext-media-tags-0.34.30.jar;C:\Users\rilaa\.m2\repository\com\vladsch\flexmark\flexmark-test-util\0.34.30\flexmark-test-util-0.34.30.jar;C:\Users\rilaa\.m2\repository\com\vladsch\flexmark\flexmark-ext-ins\0.34.30\flexmark-ext-ins-0.34.30.jar;C:\Users\rilaa\.m2\repository\com\vladsch\flexmark\flexmark-ext-xwiki-macros\0.34.30\flexmark-ext-xwiki-macros-0.34.30.jar;C:\Users\rilaa\.m2\repository\com\vladsch\flexmark\flexmark-ext-superscript\0.34.30\flexmark-ext-superscript-0.34.30.jar;C:\Users\rilaa\.m2\repository\com\vladsch\flexmark\flexmark-ext-tables\0.34.30\flexmark-ext-tables-0.34.30.jar;C:\Users\rilaa\.m2\repository\com\vladsch\flexmark\flexmark-ext-toc\0.34.30\flexmark-ext-toc-0.34.30.jar;C:\Users\rilaa\.m2\repository\com\vladsch\flexmark\flexmark-ext-typographic\0.34.30\flexmark-ext-typographic-0.34.30.jar;C:\Users\rilaa\.m2\repository\com\vladsch\flexmark\flexmark-ext-wikilink\0.34.30\flexmark-ext-wikilink-0.34.30.jar;C:\Users\rilaa\.m2\repository\com\vladsch\flexmark\flexmark-ext-yaml-front-matter\0.34.30\flexmark-ext-yaml-front-matter-0.34.30.jar;C:\Users\rilaa\.m2\repository\com\vladsch\flexmark\flexmark-ext-youtube-embedded\0.34.30\flexmark-ext-youtube-embedded-0.34.30.jar;C:\Users\rilaa\.m2\repository\com\vladsch\flexmark\flexmark-formatter\0.34.30\flexmark-formatter-0.34.30.jar;C:\Users\rilaa\.m2\repository\com\vladsch\flexmark\flexmark-html-parser\0.34.30\flexmark-html-parser-0.34.30.jar;C:\Users\rilaa\.m2\repository\com\vladsch\flexmark\flexmark-jira-converter\0.34.30\flexmark-jira-converter-0.34.30.jar;C:\Users\rilaa\.m2\repository\com\vladsch\flexmark\flexmark-pdf-converter\0.34.30\flexmark-pdf-converter-0.34.30.jar;C:\Users\rilaa\.m2\repository\com\openhtmltopdf\openhtmltopdf-core\0.0.1-RC13\openhtmltopdf-core-0.0.1-RC13.jar;C:\Users\rilaa\.m2\repository\com\openhtmltopdf\openhtmltopdf-pdfbox\0.0.1-RC13\openhtmltopdf-pdfbox-0.0.1-RC13.jar;C:\Users\rilaa\.m2\repository\org\apache\pdfbox\pdfbox\2.0.8\pdfbox-2.0.8.jar;C:\Users\rilaa\.m2\repository\org\apache\pdfbox\fontbox\2.0.8\fontbox-2.0.8.jar;C:\Users\rilaa\.m2\repository\commons-logging\commons-logging\1.2\commons-logging-1.2.jar;C:\Users\rilaa\.m2\repository\org\apache\pdfbox\xmpbox\2.0.8\xmpbox-2.0.8.jar;C:\Users\rilaa\.m2\repository\de\rototor\pdfbox\graphics2d\0.12\graphics2d-0.12.jar;C:\Users\rilaa\.m2\repository\com\openhtmltopdf\openhtmltopdf-rtl-support\0.0.1-RC13\openhtmltopdf-rtl-support-0.0.1-RC13.jar;C:\Users\rilaa\.m2\repository\com\ibm\icu\icu4j\59.1\icu4j-59.1.jar;C:\Users\rilaa\.m2\repository\com\openhtmltopdf\openhtmltopdf-jsoup-dom-converter\0.0.1-RC13\openhtmltopdf-jsoup-dom-converter-0.0.1-RC13.jar;C:\Users\rilaa\.m2\repository\com\vladsch\flexmark\flexmark-profile-pegdown\0.34.30\flexmark-profile-pegdown-0.34.30.jar;C:\Users\rilaa\.m2\repository\com\vladsch\flexmark\flexmark-util\0.34.30\flexmark-util-0.34.30.jar;C:\Users\rilaa\.m2\repository\com\vladsch\flexmark\flexmark-youtrack-converter\0.34.30\flexmark-youtrack-converter-0.34.30.jar;C:\Users\rilaa\.m2\repository\es\nitaur\markdown\txtmark\0.16\txtmark-0.16.jar;C:\Users\rilaa\.m2\repository\net\serenity-bdd\serenity-report-resources\3.2.1\serenity-report-resources-3.2.1.jar;C:\Users\rilaa\.m2\repository\com\google\code\gson\gson\2.9.0\gson-2.9.0.jar;C:\Users\rilaa\.m2\repository\com\fasterxml\jackson\core\jackson-core\2.13.2\jackson-core-2.13.2.jar;C:\Users\rilaa\.m2\repository\com\fasterxml\jackson\core\jackson-databind\2.13.2\jackson-databind-2.13.2.jar;C:\Users\rilaa\.m2\repository\com\fasterxml\jackson\core\jackson-annotations\2.13.2\jackson-annotations-2.13.2.jar;C:\Users\rilaa\.m2\repository\commons-codec\commons-codec\1.15\commons-codec-1.15.jar;C:\Users\rilaa\.m2\repository\commons-io\commons-io\2.11.0\commons-io-2.11.0.jar;C:\Users\rilaa\.m2\repository\org\seleniumhq\selenium\selenium-java\4.1.2\selenium-java-4.1.2.jar;C:\Users\rilaa\.m2\repository\org\seleniumhq\selenium\selenium-devtools-v85\4.1.2\selenium-devtools-v85-4.1.2.jar;C:\Users\rilaa\.m2\repository\org\seleniumhq\selenium\selenium-devtools-v95\4.1.2\selenium-devtools-v95-4.1.2.jar;C:\Users\rilaa\.m2\repository\org\seleniumhq\selenium\selenium-devtools-v96\4.1.2\selenium-devtools-v96-4.1.2.jar;C:\Users\rilaa\.m2\repository\org\seleniumhq\selenium\selenium-devtools-v97\4.1.2\selenium-devtools-v97-4.1.2.jar;C:\Users\rilaa\.m2\repository\org\seleniumhq\selenium\selenium-firefox-xpi-driver\4.1.2\selenium-firefox-xpi-driver-4.1.2.jar;C:\Users\rilaa\.m2\repository\org\seleniumhq\selenium\selenium-opera-driver\4.1.2\selenium-opera-driver-4.1.2.jar;C:\Users\rilaa\.m2\repository\org\seleniumhq\selenium\selenium-remote-driver\4.1.2\selenium-remote-driver-4.1.2.jar;C:\Users\rilaa\.m2\repository\com\beust\jcommander\1.82\jcommander-1.82.jar;C:\Users\rilaa\.m2\repository\io\netty\netty-buffer\4.1.73.Final\netty-buffer-4.1.73.Final.jar;C:\Users\rilaa\.m2\repository\io\netty\netty-codec-http\4.1.73.Final\netty-codec-http-4.1.73.Final.jar;C:\Users\rilaa\.m2\repository\io\netty\netty-codec\4.1.73.Final\netty-codec-4.1.73.Final.jar;C:\Users\rilaa\.m2\repository\io\netty\netty-handler\4.1.73.Final\netty-handler-4.1.73.Final.jar;C:\Users\rilaa\.m2\repository\io\netty\netty-tcnative-classes\2.0.46.Final\netty-tcnative-classes-2.0.46.Final.jar;C:\Users\rilaa\.m2\repository\io\netty\netty-common\4.1.73.Final\netty-common-4.1.73.Final.jar;C:\Users\rilaa\.m2\repository\io\netty\netty-transport-classes-epoll\4.1.73.Final\netty-transport-classes-epoll-4.1.73.Final.jar;C:\Users\rilaa\.m2\repository\io\netty\netty-transport-classes-kqueue\4.1.73.Final\netty-transport-classes-kqueue-4.1.73.Final.jar;C:\Users\rilaa\.m2\repository\io\netty\netty-transport-native-epoll\4.1.73.Final\netty-transport-native-epoll-4.1.73.Final.jar;C:\Users\rilaa\.m2\repository\io\netty\netty-transport-native-kqueue\4.1.73.Final\netty-transport-native-kqueue-4.1.73.Final.jar;C:\Users\rilaa\.m2\repository\io\netty\netty-transport-native-unix-common\4.1.73.Final\netty-transport-native-unix-common-4.1.73.Final.jar;C:\Users\rilaa\.m2\repository\io\netty\netty-transport\4.1.73.Final\netty-transport-4.1.73.Final.jar;C:\Users\rilaa\.m2\repository\io\netty\netty-resolver\4.1.73.Final\netty-resolver-4.1.73.Final.jar;C:\Users\rilaa\.m2\repository\io\opentelemetry\opentelemetry-api\1.10.1\opentelemetry-api-1.10.1.jar;C:\Users\rilaa\.m2\repository\io\opentelemetry\opentelemetry-context\1.10.1\opentelemetry-context-1.10.1.jar;C:\Users\rilaa\.m2\repository\io\opentelemetry\opentelemetry-exporter-logging\1.10.1\opentelemetry-exporter-logging-1.10.1.jar;C:\Users\rilaa\.m2\repository\io\opentelemetry\opentelemetry-sdk-metrics\1.10.1-alpha\opentelemetry-sdk-metrics-1.10.1-alpha.jar;C:\Users\rilaa\.m2\repository\io\opentelemetry\opentelemetry-sdk-logs\1.10.1-alpha\opentelemetry-sdk-logs-1.10.1-alpha.jar;C:\Users\rilaa\.m2\repository\io\opentelemetry\opentelemetry-sdk-common\1.10.1\opentelemetry-sdk-common-1.10.1.jar;C:\Users\rilaa\.m2\repository\io\opentelemetry\opentelemetry-sdk-extension-autoconfigure-spi\1.10.1\opentelemetry-sdk-extension-autoconfigure-spi-1.10.1.jar;C:\Users\rilaa\.m2\repository\io\opentelemetry\opentelemetry-sdk-extension-autoconfigure\1.10.1-alpha\opentelemetry-sdk-extension-autoconfigure-1.10.1-alpha.jar;C:\Users\rilaa\.m2\repository\io\opentelemetry\opentelemetry-sdk-trace\1.10.1\opentelemetry-sdk-trace-1.10.1.jar;C:\Users\rilaa\.m2\repository\io\opentelemetry\opentelemetry-sdk\1.10.1\opentelemetry-sdk-1.10.1.jar;C:\Users\rilaa\.m2\repository\io\opentelemetry\opentelemetry-semconv\1.10.1-alpha\opentelemetry-semconv-1.10.1-alpha.jar;C:\Users\rilaa\.m2\repository\io\ous\jtoml\2.0.0\jtoml-2.0.0.jar;C:\Users\rilaa\.m2\repository\org\apache\commons\commons-exec\1.3\commons-exec-1.3.jar;C:\Users\rilaa\.m2\repository\org\asynchttpclient\async-http-client\2.12.3\async-http-client-2.12.3.jar;C:\Users\rilaa\.m2\repository\org\asynchttpclient\async-http-client-netty-utils\2.12.3\async-http-client-netty-utils-2.12.3.jar;C:\Users\rilaa\.m2\repository\io\netty\netty-codec-socks\4.1.60.Final\netty-codec-socks-4.1.60.Final.jar;C:\Users\rilaa\.m2\repository\io\netty\netty-handler-proxy\4.1.60.Final\netty-handler-proxy-4.1.60.Final.jar;C:\Users\rilaa\.m2\repository\io\netty\netty-transport-native-epoll\4.1.60.Final\netty-transport-native-epoll-4.1.60.Final-linux-x86_64.jar;C:\Users\rilaa\.m2\repository\io\netty\netty-transport-native-kqueue\4.1.60.Final\netty-transport-native-kqueue-4.1.60.Final-osx-x86_64.jar;C:\Users\rilaa\.m2\repository\org\reactivestreams\reactive-streams\1.0.3\reactive-streams-1.0.3.jar;C:\Users\rilaa\.m2\repository\com\typesafe\netty\netty-reactive-streams\2.0.4\netty-reactive-streams-2.0.4.jar;C:\Users\rilaa\.m2\repository\org\seleniumhq\selenium\selenium-http\4.1.2\selenium-http-4.1.2.jar;C:\Users\rilaa\.m2\repository\net\jodah\failsafe\2.4.4\failsafe-2.4.4.jar;C:\Users\rilaa\.m2\repository\org\seleniumhq\selenium\selenium-safari-driver\4.1.2\selenium-safari-driver-4.1.2.jar;C:\Users\rilaa\.m2\repository\org\seleniumhq\selenium\selenium-api\4.1.2\selenium-api-4.1.2.jar;C:\Users\rilaa\.m2\repository\org\seleniumhq\selenium\selenium-support\4.1.2\selenium-support-4.1.2.jar;C:\Users\rilaa\.m2\repository\com\google\auto\service\auto-service-annotations\1.0.1\auto-service-annotations-1.0.1.jar;C:\Users\rilaa\.m2\repository\com\google\auto\service\auto-service\1.0.1\auto-service-1.0.1.jar;C:\Users\rilaa\.m2\repository\com\google\auto\auto-common\1.2\auto-common-1.2.jar;C:\Users\rilaa\.m2\repository\org\seleniumhq\selenium\selenium-json\4.1.2\selenium-json-4.1.2.jar;C:\Users\rilaa\.m2\repository\org\seleniumhq\selenium\selenium-chrome-driver\4.1.2\selenium-chrome-driver-4.1.2.jar;C:\Users\rilaa\.m2\repository\org\seleniumhq\selenium\selenium-chromium-driver\4.1.2\selenium-chromium-driver-4.1.2.jar;C:\Users\rilaa\.m2\repository\org\seleniumhq\selenium\selenium-firefox-driver\4.1.2\selenium-firefox-driver-4.1.2.jar;C:\Users\rilaa\.m2\repository\org\seleniumhq\selenium\selenium-edge-driver\4.1.2\selenium-edge-driver-4.1.2.jar;C:\Users\rilaa\.m2\repository\org\seleniumhq\selenium\selenium-ie-driver\4.1.2\selenium-ie-driver-4.1.2.jar;C:\Users\rilaa\.m2\repository\org\projectlombok\lombok\1.18.20\lombok-1.18.20.jar;C:\Users\rilaa\.m2\repository\io\appium\java-client\8.0.0\java-client-8.0.0.jar;C:\Users\rilaa\.m2\repository\commons-validator\commons-validator\1.7\commons-validator-1.7.jar;C:\Users\rilaa\.m2\repository\commons-digester\commons-digester\2.1\commons-digester-2.1.jar;C:\Users\rilaa\.m2\repository\org\aspectj\aspectjweaver\1.9.8\aspectjweaver-1.9.8.jar;C:\Users\rilaa\.m2\repository\org\codehaus\groovy\groovy\3.0.10\groovy-3.0.10.jar;C:\Users\rilaa\.m2\repository\net\sf\opencsv\opencsv\2.0\opencsv-2.0.jar;C:\Users\rilaa\.m2\repository\commons-beanutils\commons-beanutils\1.9.4\commons-beanutils-1.9.4.jar;C:\Users\rilaa\.m2\repository\org\apache\commons\commons-lang3\3.12.0\commons-lang3-3.12.0.jar;C:\Users\rilaa\.m2\repository\commons-collections\commons-collections\3.2.2\commons-collections-3.2.2.jar;C:\Users\rilaa\.m2\repository\org\fluentlenium\fluentlenium-core\0.10.2\fluentlenium-core-0.10.2.jar;C:\Users\rilaa\.m2\repository\io\github\bonigarcia\webdrivermanager\5.1.0\webdrivermanager-5.1.0.jar;C:\Users\rilaa\.m2\repository\com\github\docker-java\docker-java\3.2.13\docker-java-3.2.13.jar;C:\Users\rilaa\.m2\repository\com\github\docker-java\docker-java-core\3.2.13\docker-java-core-3.2.13.jar;C:\Users\rilaa\.m2\repository\com\github\docker-java\docker-java-api\3.2.13\docker-java-api-3.2.13.jar;C:\Users\rilaa\.m2\repository\org\apache\commons\commons-compress\1.21\commons-compress-1.21.jar;C:\Users\rilaa\.m2\repository\org\bouncycastle\bcpkix-jdk15on\1.64\bcpkix-jdk15on-1.64.jar;C:\Users\rilaa\.m2\repository\org\bouncycastle\bcprov-jdk15on\1.64\bcprov-jdk15on-1.64.jar;C:\Users\rilaa\.m2\repository\org\slf4j\jcl-over-slf4j\1.7.30\jcl-over-slf4j-1.7.30.jar;C:\Users\rilaa\.m2\repository\com\github\docker-java\docker-java-transport-httpclient5\3.2.13\docker-java-transport-httpclient5-3.2.13.jar;C:\Users\rilaa\.m2\repository\com\github\docker-java\docker-java-transport\3.2.13\docker-java-transport-3.2.13.jar;C:\Users\rilaa\.m2\repository\org\apache\httpcomponents\client5\httpclient5\5.0.3\httpclient5-5.0.3.jar;C:\Users\rilaa\.m2\repository\org\apache\httpcomponents\core5\httpcore5\5.0.2\httpcore5-5.0.2.jar;C:\Users\rilaa\.m2\repository\net\java\dev\jna\jna\5.8.0\jna-5.8.0.jar;C:\Users\rilaa\.m2\repository\org\brotli\dec\0.1.2\dec-0.1.2.jar;C:\Users\rilaa\.m2\repository\com\jhlabs\filters\2.0.235\filters-2.0.235.jar;C:\Users\rilaa\.m2\repository\com\paulhammant\ngwebdriver\1.1.6\ngwebdriver-1.1.6.jar;C:\Users\rilaa\.m2\repository\joda-time\joda-time\2.8.2\joda-time-2.8.2.jar;C:\Users\rilaa\.m2\repository\org\hamcrest\hamcrest\2.2\hamcrest-2.2.jar;C:\Users\rilaa\.m2\repository\com\google\jimfs\jimfs\1.2\jimfs-1.2.jar;C:\Users\rilaa\.m2\repository\org\mockito\mockito-core\3.3.3\mockito-core-3.3.3.jar;C:\Users\rilaa\.m2\repository\javax\xml\bind\jaxb-api\2.3.1\jaxb-api-2.3.1.jar;C:\Users\rilaa\.m2\repository\javax\activation\javax.activation-api\1.2.0\javax.activation-api-1.2.0.jar;C:\Users\rilaa\.m2\repository\com\sun\xml\bind\jaxb-core\2.3.0.1\jaxb-core-2.3.0.1.jar;C:\Users\rilaa\.m2\repository\com\sun\xml\bind\jaxb-impl\2.3.3\jaxb-impl-2.3.3.jar;C:\Users\rilaa\.m2\repository\jakarta\xml\bind\jakarta.xml.bind-api\2.3.3\jakarta.xml.bind-api-2.3.3.jar;C:\Users\rilaa\.m2\repository\com\sun\activation\jakarta.activation\1.2.2\jakarta.activation-1.2.2.jar;C:\Users\rilaa\.m2\repository\javax\activation\activation\1.1.1\activation-1.1.1.jar;C:\Users\rilaa\.m2\repository\net\serenity-bdd\serenity-cucumber\3.2.1\serenity-cucumber-3.2.1.jar;C:\Users\rilaa\.m2\repository\io\cucumber\cucumber-core\7.2.3\cucumber-core-7.2.3.jar;C:\Users\rilaa\.m2\repository\io\cucumber\cucumber-gherkin\7.2.3\cucumber-gherkin-7.2.3.jar;C:\Users\rilaa\.m2\repository\io\cucumber\cucumber-gherkin-messages\7.2.3\cucumber-gherkin-messages-7.2.3.jar;C:\Users\rilaa\.m2\repository\io\cucumber\messages\17.1.1\messages-17.1.1.jar;C:\Users\rilaa\.m2\repository\io\cucumber\tag-expressions\4.1.0\tag-expressions-4.1.0.jar;C:\Users\rilaa\.m2\repository\io\cucumber\cucumber-expressions\15.0.1\cucumber-expressions-15.0.1.jar;C:\Users\rilaa\.m2\repository\io\cucumber\datatable\7.2.3\datatable-7.2.3.jar;C:\Users\rilaa\.m2\repository\io\cucumber\cucumber-plugin\7.2.3\cucumber-plugin-7.2.3.jar;C:\Users\rilaa\.m2\repository\io\cucumber\docstring\7.2.3\docstring-7.2.3.jar;C:\Users\rilaa\.m2\repository\io\cucumber\html-formatter\17.0.0\html-formatter-17.0.0.jar;C:\Users\rilaa\.m2\repository\io\cucumber\ci-environment\8.1.0\ci-environment-8.1.0.jar;C:\Users\rilaa\.m2\repository\io\cucumber\cucumber-junit\7.2.3\cucumber-junit-7.2.3.jar;C:\Users\rilaa\.m2\repository\org\apache\commons\commons-csv\1.5\commons-csv-1.5.jar;C:\Users\rilaa\.m2\repository\net\serenity-bdd\serenity-screenplay\3.2.1\serenity-screenplay-3.2.1.jar;C:\Users\rilaa\.m2\repository\net\serenity-bdd\serenity-screenplay-webdriver\3.2.1\serenity-screenplay-webdriver-3.2.1.jar;C:\Users\rilaa\.m2\repository\net\serenity-bdd\serenity-ensure\3.2.1\serenity-ensure-3.2.1.jar;C:\Users\rilaa\.m2\repository\net\serenity-bdd\serenity-junit\3.2.1\serenity-junit-3.2.1.jar;C:\Users\rilaa\.m2\repository\org\jetbrains\kotlin\kotlin-stdlib\1.6.0\kotlin-stdlib-1.6.0.jar;C:\Users\rilaa\.m2\repository\org\jetbrains\annotations\13.0\annotations-13.0.jar;C:\Users\rilaa\.m2\repository\org\jetbrains\kotlin\kotlin-stdlib-common\1.6.0\kotlin-stdlib-common-1.6.0.jar;C:\Users\rilaa\.m2\repository\org\junit\platform\junit-platform-launcher\1.8.1\junit-platform-launcher-1.8.1.jar;C:\Users\rilaa\.m2\repository\org\junit\platform\junit-platform-engine\1.8.1\junit-platform-engine-1.8.1.jar;C:\Users\rilaa\.m2\repository\org\opentest4j\opentest4j\1.2.0\opentest4j-1.2.0.jar;C:\Users\rilaa\.m2\repository\org\junit\platform\junit-platform-commons\1.8.1\junit-platform-commons-1.8.1.jar;C:\Users\rilaa\.m2\repository\org\apiguardian\apiguardian-api\1.1.2\apiguardian-api-1.1.2.jar;C:\Users\rilaa\.m2\repository\org\junit\jupiter\junit-jupiter-engine\5.8.2\junit-jupiter-engine-5.8.2.jar;C:\Users\rilaa\.m2\repository\org\junit\jupiter\junit-jupiter-api\5.8.2\junit-jupiter-api-5.8.2.jar;C:\Users\rilaa\.m2\repository\org\junit\vintage\junit-vintage-engine\5.8.2\junit-vintage-engine-5.8.2.jar;C:\Users\rilaa\.m2\repository\junit\junit\4.13.2\junit-4.13.2.jar;C:\Users\rilaa\.m2\repository\org\hamcrest\hamcrest-core\1.3\hamcrest-core-1.3.jar;C:\Users\rilaa\.m2\repository\ch\qos\logback\logback-classic\1.2.10\logback-classic-1.2.10.jar;C:\Users\rilaa\.m2\repository\ch\qos\logback\logback-core\1.2.10\logback-core-1.2.10.jar;C:\Users\rilaa\.m2\repository\org\slf4j\slf4j-api\1.7.32\slf4j-api-1.7.32.jar;C:\Users\rilaa\.m2\repository\org\assertj\assertj-core\3.6.2\assertj-core-3.6.2.jar;C:\Users\rilaa\.m2\repository\org\apache\maven\surefire\surefire-junit-platform\3.0.0-M5\surefire-junit-platform-3.0.0-M5.jar;C:\Users\rilaa\.m2\repository\org\apache\maven\surefire\common-java5\3.0.0-M5\common-java5-3.0.0-M5.jar"/>
    <property name="user.script" value=""/>
    <property name="java.protocol.handler.pkgs" value="com.google.common"/>
    <property name="sun.management.compiler" value="HotSpot 64-Bit Tiered Compilers"/>
    <property name="java.runtime.version" value="11.0.16+11-LTS-199"/>
    <property name="user.name" value="rilaa"/>
    <property name="path.separator" value=";"/>
    <property name="os.version" value="10.0"/>
    <property name="java.runtime.name" value="Java(TM) SE Runtime Environment"/>
    <property name="file.encoding" value="Cp1252"/>
    <property name="webdriver.base.url" value=""/>
    <property name="java.vm.name" value="Java HotSpot(TM) 64-Bit Server VM"/>
    <property name="java.vendor.version" value="18.9"/>
    <property name="localRepository" value="C:\Users\rilaa\.m2\repository"/>
    <property name="java.vendor.url.bug" value="https://bugreport.java.com/bugreport/"/>
    <property name="java.io.tmpdir" value="C:\Users\rilaa\AppData\Local\Temp\"/>
    <property name="java.version" value="11.0.16"/>
    <property name="user.dir" value="D:\Ra\file kuliah\semester 7\resume alta\demoqa"/>
    <property name="os.arch" value="amd64"/>
    <property name="java.vm.specification.name" value="Java Virtual Machine Specification"/>
    <property name="java.awt.printerjob" value="sun.awt.windows.WPrinterJob"/>
    <property name="sun.os.patch.level" value=""/>
    <property name="java.library.path" value="C:\Program Files\Java\jdk-11.0.16\bin;C:\Windows\Sun\Java\bin;C:\Windows\system32;C:\Windows;C:\Program Files\Java\jdk-11.0.16\bin;C:\Program Files\Common Files\Oracle\Java\javapath;C:\Windows\system32;C:\Windows;C:\Windows\System32\Wbem;C:\Windows\System32\WindowsPowerShell\v1.0\;C:\Windows\System32\OpenSSH\;C:\Program Files\MATLAB\MATLAB Production Server\R2015a\runtime\win64;C:\Program Files\MATLAB\MATLAB Production Server\R2015a\bin;C:\Program Files\MATLAB\MATLAB Production Server\R2015a\polyspace\bin;C:\Program Files\Git\cmd;C:\Program Files\apache-maven-3.8.6\bin;C:\Program Files\Java\jdk-18.0.2.1;C:\Users\rilaa\AppData\Local\Programs\Python\Python39\Scripts\;C:\Users\rilaa\AppData\Local\Programs\Python\Python39\;C:\Users\rilaa\AppData\Local\Microsoft\WindowsApps;;C:\Program Files\JetBrains\IntelliJ IDEA Community Edition 2022.2.1\bin;;C:\Users\rilaa\AppData\Local\Programs\Microsoft VS Code\bin;."/>
    <property name="java.vendor" value="Oracle Corporation"/>
    <property name="java.vm.info" value="mixed mode"/>
    <property name="java.vm.version" value="11.0.16+11-LTS-199"/>
    <property name="sun.io.unicode.encoding" value="UnicodeLittle"/>
    <property name="java.class.version" value="55.0"/>
  </properties>
  <testcase name="Login with valid username and valid password" classname="Login" time="22.353">
    <system-out><![CDATA[15:01:34.258 [main] INFO io.cucumber.core.plugin.SerenityReporter - Running feature from file:///D:/Ra/file%20kuliah/semester%207/resume%20alta/demoqa/src/test/resources/features/login.feature
15:01:34.396 [main] INFO  - 

-------------------------------------------------------------------------------------
     _______. _______ .______       _______ .__   __.  __  .___________.____    ____ 
    /       ||   ____||   _  \     |   ____||  \ |  | |  | |           |\   \  /   / 
   |   (----`|  |__   |  |_)  |    |  |__   |   \|  | |  | `---|  |----` \   \/   /  
    \   \    |   __|  |      /     |   __|  |  . `  | |  |     |  |       \_    _/   
.----)   |   |  |____ |  |\  \----.|  |____ |  |\   | |  |     |  |         |  |     
|_______/    |_______|| _| `._____||_______||__| \__| |__|     |__|         |__|    
                                                                                     
 News and tutorials at http://www.serenity-bdd.info                                  
 Documentation at https://wakaleo.gitbooks.io/the-serenity-book/content/             
 Join the Serenity Community on Gitter: https://gitter.im/serenity-bdd/serenity-core 
 Serenity BDD Support and Training at http://serenity-bdd.info/#/trainingandsupport  
-------------------------------------------------------------------------------------

15:01:34.398 [main] DEBUG net.thucydides.core.steps.StepEventBus - Test suite started for story net.thucydides.core.model.Story@f388ff28
15:01:34.402 [main] INFO  - Test Suite Started: Login
15:01:34.511 [main] INFO io.cucumber.core.plugin.SerenityReporter - Running feature from file:///D:/Ra/file%20kuliah/semester%207/resume%20alta/demoqa/src/test/resources/features/login.feature
15:01:34.518 [main] DEBUG net.thucydides.core.steps.StepEventBus - Test suite started for story net.thucydides.core.model.Story@f388ff28
15:01:34.520 [main] INFO  - Test Suite Started: Login

Scenario: Login with valid username and valid password &amp#27;[90m# src/test/resources/features/login.feature:6&amp#27;[0m
15:01:34.598 [main] INFO io.cucumber.core.plugin.SerenityReporter - Running feature from file:///D:/Ra/file%20kuliah/semester%207/resume%20alta/demoqa/src/test/resources/features/login.feature
15:01:34.699 [main] INFO  - 
  _____   ___   ___   _____     ___   _____     _     ___   _____   ___   ___  
 |_   _| | __| / __| |_   _|   / __| |_   _|   /_\   | _ \ |_   _| | __| |   \ 
   | |   | _|  \__ \   | |     \__ \   | |    / _ \  |   /   | |   | _|  | |) |
   |_|   |___| |___/   |_|     |___/   |_|   /_/ \_\ |_|_\   |_|   |___| |___/ 

Login with valid username and valid password(login;login-with-valid-username-and-valid-password)
--------------------------------------------------------------------------------
15:01:35.318 [main] INFO net.serenitybdd.core.webdriver.driverproviders.ChromeDriverProvider - Using automatically driver download
15:01:35.898 [main] DEBUG io.github.bonigarcia.wdm.cache.ResolutionCache - Resolution chrome=106 in cache (valid until 15:57:12 05/10/2022 ICT)
15:01:35.904 [main] DEBUG io.github.bonigarcia.wdm.cache.ResolutionCache - Resolution chrome106=106.0.5249.61 in cache (valid until 11:41:12 06/10/2022 ICT)
15:01:35.908 [main] INFO io.github.bonigarcia.wdm.WebDriverManager - Using chromedriver 106.0.5249.61 (resolved driver for Chrome 106)
15:01:35.926 [main] DEBUG io.github.bonigarcia.wdm.WebDriverManager - Driver chromedriver 106.0.5249.61 found in cache
15:01:35.927 [main] INFO io.github.bonigarcia.wdm.WebDriverManager - Exporting webdriver.chrome.driver as C:\Users\rilaa\.cache\selenium\chromedriver\win32\106.0.5249.61\chromedriver.exe
15:01:36.463 [main] DEBUG net.thucydides.core.reflection.ClassFinder - Could not load class .starter.CucumberTestSuite
15:01:36.463 [main] DEBUG net.thucydides.core.reflection.ClassFinder - Could not load class .starter.pages.LoginPage
15:01:36.463 [main] DEBUG net.thucydides.core.reflection.ClassFinder - Could not load class .starter.stepdefinitions.LoginStep
15:01:36.464 [main] DEBUG net.thucydides.core.reflection.ClassFinder - Could not load class META-INF.versions.9.com.sun.istack.logging.StackHelper
15:01:36.464 [main] DEBUG net.thucydides.core.reflection.ClassFinder - Could not load class META-INF.versions.9.com.sun.xml.bind.v2.runtime.reflect.opt.AccessorInjector
15:01:36.464 [main] DEBUG net.thucydides.core.reflection.ClassFinder - Could not load class META-INF.versions.9.com.sun.xml.bind.v2.runtime.reflect.opt.Injector
15:01:36.465 [main] DEBUG net.thucydides.core.reflection.ClassFinder - Could not load class META-INF.versions.9.com.sun.xml.bind.v2.runtime.reflect.opt.OptimizedAccessorFactory
15:01:36.465 [main] DEBUG net.thucydides.core.reflection.ClassFinder - Could not load class META-INF.versions.9.com.sun.xml.bind.v2.runtime.reflect.opt.OptimizedTransducedAccessorFactory
15:01:36.465 [main] DEBUG net.thucydides.core.reflection.ClassFinder - Could not load class META-INF.versions.9.io.opentelemetry.sdk.internal.CurrentJavaVersionSpecific
15:01:36.465 [main] DEBUG net.thucydides.core.reflection.ClassFinder - Could not load class META-INF.versions.9.io.opentelemetry.sdk.internal.Java9VersionSpecific
15:01:36.466 [main] DEBUG net.thucydides.core.reflection.ClassFinder - Could not load class META-INF.versions.9.javax.xml.bind.ModuleUtil
15:01:36.466 [main] DEBUG net.thucydides.core.reflection.ClassFinder - Could not load class META-INF.versions.9.module-info
15:01:36.467 [main] DEBUG net.thucydides.core.reflection.ClassFinder - Could not load class META-INF.versions.9.org.junit.platform.commons.util.ModuleUtils
15:01:36.720 [main] DEBUG net.thucydides.core.reflection.ClassFinder - Could not load class com.google.gson.internal.
15:01:36.882 [main] DEBUG net.thucydides.core.reflection.ClassFinder - Could not load class com.sun.xml.bind.v2.runtime.output.FastInfosetStreamWriterOutput
15:01:37.227 [main] DEBUG net.thucydides.core.reflection.ClassFinder - Could not load class module-info
15:01:39.331 [main] DEBUG io.netty.util.internal.logging.InternalLoggerFactory - Using SLF4J as the default logging framework
15:01:39.333 [main] DEBUG io.netty.util.ResourceLeakDetector - -Dio.netty.leakDetection.level: simple
15:01:39.333 [main] DEBUG io.netty.util.ResourceLeakDetector - -Dio.netty.leakDetection.targetRecords: 4
15:01:39.338 [main] DEBUG io.netty.util.ResourceLeakDetectorFactory - Loaded default ResourceLeakDetector: io.netty.util.ResourceLeakDetector@50e3be0a
15:01:39.358 [main] DEBUG io.netty.util.internal.PlatformDependent0 - -Dio.netty.noUnsafe: false
15:01:39.358 [main] DEBUG io.netty.util.internal.PlatformDependent0 - Java version: 11
15:01:39.359 [main] DEBUG io.netty.util.internal.PlatformDependent0 - sun.misc.Unsafe.theUnsafe: available
15:01:39.360 [main] DEBUG io.netty.util.internal.PlatformDependent0 - sun.misc.Unsafe.copyMemory: available
15:01:39.360 [main] DEBUG io.netty.util.internal.PlatformDependent0 - java.nio.Buffer.address: available
15:01:39.360 [main] DEBUG io.netty.util.internal.PlatformDependent0 - direct buffer constructor: unavailable: Reflective setAccessible(true) disabled
15:01:39.360 [main] DEBUG io.netty.util.internal.PlatformDependent0 - java.nio.Bits.unaligned: available, true
15:01:39.362 [main] DEBUG io.netty.util.internal.PlatformDependent0 - jdk.internal.misc.Unsafe.allocateUninitializedArray(int): unavailable: class io.netty.util.internal.PlatformDependent0$6 cannot access class jdk.internal.misc.Unsafe (in module java.base) because module java.base does not export jdk.internal.misc to unnamed module @b93aad
15:01:39.364 [main] DEBUG io.netty.util.internal.PlatformDependent0 - java.nio.DirectByteBuffer.<init>(long, int): unavailable
15:01:39.364 [main] DEBUG io.netty.util.internal.PlatformDependent - sun.misc.Unsafe: available
15:01:39.366 [main] DEBUG io.netty.util.internal.PlatformDependent - maxDirectMemory: 2090860544 bytes (maybe)
15:01:39.367 [main] DEBUG io.netty.util.internal.PlatformDependent - -Dio.netty.tmpdir: C:\Users\rilaa\AppData\Local\Temp (java.io.tmpdir)
15:01:39.367 [main] DEBUG io.netty.util.internal.PlatformDependent - -Dio.netty.bitMode: 64 (sun.arch.data.model)
15:01:39.367 [main] DEBUG io.netty.util.internal.PlatformDependent - Platform: Windows
15:01:39.368 [main] DEBUG io.netty.util.internal.PlatformDependent - -Dio.netty.maxDirectMemory: -1 bytes
15:01:39.368 [main] DEBUG io.netty.util.internal.PlatformDependent - -Dio.netty.uninitializedArrayAllocationThreshold: -1
15:01:39.369 [main] DEBUG io.netty.util.internal.CleanerJava9 - java.nio.ByteBuffer.cleaner(): available
15:01:39.369 [main] DEBUG io.netty.util.internal.PlatformDependent - -Dio.netty.noPreferDirect: false
15:01:39.376 [main] DEBUG io.netty.util.internal.PlatformDependent - org.jctools-core.MpscChunkedArrayQueue: available
15:01:39.392 [main] DEBUG io.netty.util.internal.InternalThreadLocalMap - -Dio.netty.threadLocalMap.stringBuilder.initialSize: 1024
15:01:39.392 [main] DEBUG io.netty.util.internal.InternalThreadLocalMap - -Dio.netty.threadLocalMap.stringBuilder.maxSize: 4096
15:01:39.445 [main] DEBUG io.netty.handler.ssl.JdkSslContext - Default protocols (JDK): [TLSv1.3, TLSv1.2] 
15:01:39.445 [main] DEBUG io.netty.handler.ssl.JdkSslContext - Default cipher suites (JDK): [TLS_ECDHE_ECDSA_WITH_AES_256_GCM_SHA384, TLS_ECDHE_ECDSA_WITH_AES_128_GCM_SHA256, TLS_ECDHE_RSA_WITH_AES_128_GCM_SHA256, TLS_ECDHE_RSA_WITH_AES_256_GCM_SHA384, TLS_ECDHE_RSA_WITH_AES_128_CBC_SHA, TLS_ECDHE_RSA_WITH_AES_256_CBC_SHA, TLS_RSA_WITH_AES_128_GCM_SHA256, TLS_RSA_WITH_AES_128_CBC_SHA, TLS_RSA_WITH_AES_256_CBC_SHA, TLS_AES_128_GCM_SHA256, TLS_AES_256_GCM_SHA384]
15:01:39.462 [main] DEBUG io.netty.channel.MultithreadEventLoopGroup - -Dio.netty.eventLoopThreads: 8
15:01:39.470 [main] DEBUG io.netty.channel.nio.NioEventLoop - -Dio.netty.noKeySetOptimization: false
15:01:39.470 [main] DEBUG io.netty.channel.nio.NioEventLoop - -Dio.netty.selectorAutoRebuildThreshold: 512
15:01:39.500 [main] DEBUG io.netty.buffer.PooledByteBufAllocator - -Dio.netty.allocator.numHeapArenas: 8
15:01:39.500 [main] DEBUG io.netty.buffer.PooledByteBufAllocator - -Dio.netty.allocator.numDirectArenas: 8
15:01:39.500 [main] DEBUG io.netty.buffer.PooledByteBufAllocator - -Dio.netty.allocator.pageSize: 8192
15:01:39.500 [main] DEBUG io.netty.buffer.PooledByteBufAllocator - -Dio.netty.allocator.maxOrder: 11
15:01:39.500 [main] DEBUG io.netty.buffer.PooledByteBufAllocator - -Dio.netty.allocator.chunkSize: 16777216
15:01:39.500 [main] DEBUG io.netty.buffer.PooledByteBufAllocator - -Dio.netty.allocator.smallCacheSize: 256
15:01:39.500 [main] DEBUG io.netty.buffer.PooledByteBufAllocator - -Dio.netty.allocator.normalCacheSize: 64
15:01:39.500 [main] DEBUG io.netty.buffer.PooledByteBufAllocator - -Dio.netty.allocator.maxCachedBufferCapacity: 32768
15:01:39.500 [main] DEBUG io.netty.buffer.PooledByteBufAllocator - -Dio.netty.allocator.cacheTrimInterval: 8192
15:01:39.500 [main] DEBUG io.netty.buffer.PooledByteBufAllocator - -Dio.netty.allocator.cacheTrimIntervalMillis: 0
15:01:39.500 [main] DEBUG io.netty.buffer.PooledByteBufAllocator - -Dio.netty.allocator.useCacheForAllThreads: true
15:01:39.500 [main] DEBUG io.netty.buffer.PooledByteBufAllocator - -Dio.netty.allocator.maxCachedByteBuffersPerChunk: 1023
15:01:39.510 [main] DEBUG io.netty.buffer.ByteBufUtil - -Dio.netty.allocator.type: pooled
15:01:39.510 [main] DEBUG io.netty.buffer.ByteBufUtil - -Dio.netty.threadLocalDirectBufferSize: 0
15:01:39.510 [main] DEBUG io.netty.buffer.ByteBufUtil - -Dio.netty.maxThreadLocalCharBufferSize: 16384
15:01:39.680 [main] DEBUG net.serenitybdd.core.webdriver.driverproviders.ProvideNewDriver - Instantiating driver
15:01:39.680 [main] DEBUG net.serenitybdd.core.webdriver.driverproviders.ProvideNewDriver - Driver capabilities: Capabilities {acceptInsecureCerts: false, base.url: https://demoqa.com/books, browserName: chrome, chrome.driver: src/test/resources/webdrive..., driver: chrome, goog:chromeOptions: {args: [], extensions: []}}
15:01:39.882 [Forwarding newSession on session null to remote] DEBUG io.netty.channel.DefaultChannelId - -Dio.netty.processId: 19212 (auto-detected)
15:01:39.885 [Forwarding newSession on session null to remote] DEBUG io.netty.util.NetUtil - -Djava.net.preferIPv4Stack: false
15:01:39.885 [Forwarding newSession on session null to remote] DEBUG io.netty.util.NetUtil - -Djava.net.preferIPv6Addresses: false
15:01:39.990 [Forwarding newSession on session null to remote] DEBUG io.netty.util.NetUtilInitializations - Loopback interface: lo (Software Loopback Interface 1, 127.0.0.1)
15:01:39.991 [Forwarding newSession on session null to remote] DEBUG io.netty.util.NetUtil - Failed to get SOMAXCONN from sysctl and file \proc\sys\net\core\somaxconn. Default: 200
15:01:40.098 [Forwarding newSession on session null to remote] DEBUG io.netty.channel.DefaultChannelId - -Dio.netty.machineId: 74:4c:a1:ff:fe:7c:2c:b9 (auto-detected)
15:01:40.133 [AsyncHttpClient-1-2] DEBUG io.netty.buffer.AbstractByteBuf - -Dio.netty.buffer.checkAccessible: true
15:01:40.134 [AsyncHttpClient-1-2] DEBUG io.netty.buffer.AbstractByteBuf - -Dio.netty.buffer.checkBounds: true
15:01:40.134 [AsyncHttpClient-1-2] DEBUG io.netty.util.ResourceLeakDetectorFactory - Loaded default ResourceLeakDetector: io.netty.util.ResourceLeakDetector@50882f6f
15:01:40.146 [AsyncHttpClient-1-2] DEBUG org.asynchttpclient.netty.channel.NettyConnectListener - Using new Channel '[id: 0x37457d2e, L:/127.0.0.1:58258 - R:localhost/127.0.0.1:61765]' for 'POST' to '/session'
15:01:40.161 [AsyncHttpClient-1-2] DEBUG io.netty.util.Recycler - -Dio.netty.recycler.maxCapacityPerThread: 4096
15:01:40.161 [AsyncHttpClient-1-2] DEBUG io.netty.util.Recycler - -Dio.netty.recycler.ratio: 8
15:01:40.161 [AsyncHttpClient-1-2] DEBUG io.netty.util.Recycler - -Dio.netty.recycler.chunkSize: 32
15:01:40.161 [AsyncHttpClient-1-2] DEBUG io.netty.util.Recycler - -Dio.netty.recycler.blocking: false
15:01:40.802 [AsyncHttpClient-1-2] DEBUG io.netty.handler.codec.compression.Brotli - brotli4j not in the classpath; Brotli support will be unavailable.
15:01:40.803 [AsyncHttpClient-1-2] DEBUG org.asynchttpclient.netty.handler.HttpHandler - 

Request DefaultHttpRequest(decodeResult: success, version: HTTP/1.1)
POST /session HTTP/1.1
User-Agent: selenium/4.1.2 (java windows)
Content-Length: 610
Content-Type: application/json; charset=utf-8
host: localhost:61765
accept: */*

Response DefaultHttpResponse(decodeResult: success, version: HTTP/1.1)
HTTP/1.1 200 OK
Content-Type: application/json; charset=utf-8
cache-control: no-cache
content-length: 790

15:01:40.811 [AsyncHttpClient-1-2] DEBUG org.asynchttpclient.netty.channel.ChannelManager - Adding key: http://localhost:61765 for channel [id: 0x37457d2e, L:/127.0.0.1:58258 - R:localhost/127.0.0.1:61765]
15:01:40.917 [AsyncHttpClient-1-3] DEBUG org.asynchttpclient.netty.channel.NettyConnectListener - Using new Channel '[id: 0xd0e216b2, L:/127.0.0.1:58265 - R:localhost/127.0.0.1:58259]' for 'GET' to '/json/version'
15:01:40.929 [AsyncHttpClient-1-3] DEBUG org.asynchttpclient.netty.handler.HttpHandler - 

Request DefaultFullHttpRequest(decodeResult: success, version: HTTP/1.1, content: EmptyByteBufBE)
GET /json/version HTTP/1.1
User-Agent: selenium/4.1.2 (java windows)
host: localhost:58259
accept: */*

Response DefaultHttpResponse(decodeResult: success, version: HTTP/1.1)
HTTP/1.1 200 OK
Content-Type: application/json; charset=UTF-8
content-length: 423

15:01:40.930 [AsyncHttpClient-1-3] DEBUG org.asynchttpclient.netty.channel.ChannelManager - Adding key: http://localhost:58259 for channel [id: 0xd0e216b2, L:/127.0.0.1:58265 - R:localhost/127.0.0.1:58259]
15:01:40.937 [main] DEBUG io.netty.util.internal.ThreadLocalRandom - -Dio.netty.initialSeedUniquifier: 0x28936fa76455792b
15:01:40.967 [AsyncHttpClient-1-4] DEBUG org.asynchttpclient.netty.channel.NettyConnectListener - Using new Channel '[id: 0x8c68d275, L:/127.0.0.1:58266 - R:localhost/127.0.0.1:58259]' for 'GET' to '/devtools/browser/ee5ceff9-6d98-41c5-98d2-7e55a0cfaebb'
15:01:40.979 [AsyncHttpClient-1-4] DEBUG org.asynchttpclient.netty.handler.WebSocketHandler - 

Request DefaultFullHttpRequest(decodeResult: success, version: HTTP/1.1, content: EmptyByteBufBE)
GET /devtools/browser/ee5ceff9-6d98-41c5-98d2-7e55a0cfaebb HTTP/1.1
upgrade: websocket
connection: upgrade
sec-websocket-key: tgWJAr3Slm+fq+cvfopUdw==
sec-websocket-version: 13
origin: http://localhost:58259
host: localhost:58259
accept: */*
user-agent: AHC/2.1

Response DefaultHttpResponse(decodeResult: success, version: HTTP/1.1)
HTTP/1.1 101 WebSocket Protocol Handshake
Upgrade: WebSocket
Connection: Upgrade
Sec-WebSocket-Accept: 6HhHBybwR5TlqZXFQQu0tLe0sik=

15:01:41.595 [AsyncHttpClient-1-1] DEBUG org.asynchttpclient.netty.channel.DefaultChannelPool - Entry count for : http://localhost:58259 : 1
15:01:41.596 [AsyncHttpClient-1-1] DEBUG org.asynchttpclient.netty.channel.DefaultChannelPool - Entry count for : http://localhost:61765 : 1
15:01:41.771 [main] DEBUG net.thucydides.core.reflection.ClassFinder - Could not load class .starter.CucumberTestSuite
15:01:41.771 [main] DEBUG net.thucydides.core.reflection.ClassFinder - Could not load class .starter.pages.LoginPage
15:01:41.771 [main] DEBUG net.thucydides.core.reflection.ClassFinder - Could not load class .starter.stepdefinitions.LoginStep
15:01:41.772 [main] DEBUG net.thucydides.core.reflection.ClassFinder - Could not load class META-INF.versions.9.com.sun.istack.logging.StackHelper
15:01:41.772 [main] DEBUG net.thucydides.core.reflection.ClassFinder - Could not load class META-INF.versions.9.com.sun.xml.bind.v2.runtime.reflect.opt.AccessorInjector
15:01:41.772 [main] DEBUG net.thucydides.core.reflection.ClassFinder - Could not load class META-INF.versions.9.com.sun.xml.bind.v2.runtime.reflect.opt.Injector
15:01:41.772 [main] DEBUG net.thucydides.core.reflection.ClassFinder - Could not load class META-INF.versions.9.com.sun.xml.bind.v2.runtime.reflect.opt.OptimizedAccessorFactory
15:01:41.773 [main] DEBUG net.thucydides.core.reflection.ClassFinder - Could not load class META-INF.versions.9.com.sun.xml.bind.v2.runtime.reflect.opt.OptimizedTransducedAccessorFactory
15:01:41.773 [main] DEBUG net.thucydides.core.reflection.ClassFinder - Could not load class META-INF.versions.9.io.opentelemetry.sdk.internal.CurrentJavaVersionSpecific
15:01:41.773 [main] DEBUG net.thucydides.core.reflection.ClassFinder - Could not load class META-INF.versions.9.io.opentelemetry.sdk.internal.Java9VersionSpecific
15:01:41.773 [main] DEBUG net.thucydides.core.reflection.ClassFinder - Could not load class META-INF.versions.9.javax.xml.bind.ModuleUtil
15:01:41.773 [main] DEBUG net.thucydides.core.reflection.ClassFinder - Could not load class META-INF.versions.9.module-info
15:01:41.774 [main] DEBUG net.thucydides.core.reflection.ClassFinder - Could not load class META-INF.versions.9.org.junit.platform.commons.util.ModuleUtils
15:01:41.775 [main] DEBUG net.thucydides.core.reflection.ClassFinder - Could not load class com.google.gson.internal.
15:01:41.776 [main] DEBUG net.thucydides.core.reflection.ClassFinder - Could not load class com.sun.xml.bind.v2.runtime.output.FastInfosetStreamWriterOutput
15:01:41.778 [main] DEBUG net.thucydides.core.reflection.ClassFinder - Could not load class module-info
15:01:41.792 [Forwarding get on session b34e973d1071c1ff3d32e17ab70330aa to remote] DEBUG org.asynchttpclient.netty.request.NettyRequestSender - Using pooled Channel '[id: 0x37457d2e, L:/127.0.0.1:58258 - R:localhost/127.0.0.1:61765]' for 'POST' to 'http://localhost:61765/session/b34e973d1071c1ff3d32e17ab70330aa/url'
15:01:41.792 [Forwarding get on session b34e973d1071c1ff3d32e17ab70330aa to remote] DEBUG org.asynchttpclient.netty.request.NettyRequestSender - Using open Channel [id: 0x37457d2e, L:/127.0.0.1:58258 - R:localhost/127.0.0.1:61765] for POST '/session/b34e973d1071c1ff3d32e17ab70330aa/url'
15:01:42.682 [AsyncHttpClient-1-1] DEBUG org.asynchttpclient.netty.channel.DefaultChannelPool - Entry count for : http://localhost:58259 : 1
15:01:43.781 [AsyncHttpClient-1-1] DEBUG org.asynchttpclient.netty.channel.DefaultChannelPool - Entry count for : http://localhost:58259 : 1
15:01:44.880 [AsyncHttpClient-1-1] DEBUG org.asynchttpclient.netty.channel.DefaultChannelPool - Entry count for : http://localhost:58259 : 1
15:01:45.980 [AsyncHttpClient-1-1] DEBUG org.asynchttpclient.netty.channel.DefaultChannelPool - Entry count for : http://localhost:58259 : 1
15:01:47.081 [AsyncHttpClient-1-1] DEBUG org.asynchttpclient.netty.channel.DefaultChannelPool - Entry count for : http://localhost:58259 : 1
15:01:48.180 [AsyncHttpClient-1-1] DEBUG org.asynchttpclient.netty.channel.DefaultChannelPool - Entry count for : http://localhost:58259 : 1
15:01:49.281 [AsyncHttpClient-1-1] DEBUG org.asynchttpclient.netty.channel.DefaultChannelPool - Entry count for : http://localhost:58259 : 1
15:01:50.380 [AsyncHttpClient-1-1] DEBUG org.asynchttpclient.netty.channel.DefaultChannelPool - Entry count for : http://localhost:58259 : 1
15:01:51.481 [AsyncHttpClient-1-1] DEBUG org.asynchttpclient.netty.channel.DefaultChannelPool - Entry count for : http://localhost:58259 : 1
15:01:52.580 [AsyncHttpClient-1-1] DEBUG org.asynchttpclient.netty.channel.DefaultChannelPool - Entry count for : http://localhost:58259 : 1
15:01:53.145 [AsyncHttpClient-1-2] DEBUG org.asynchttpclient.netty.handler.HttpHandler - 

Request DefaultHttpRequest(decodeResult: success, version: HTTP/1.1)
POST /session/b34e973d1071c1ff3d32e17ab70330aa/url HTTP/1.1
User-Agent: selenium/4.1.2 (java windows)
Content-Length: 60
Content-Type: application/json; charset=utf-8
host: localhost:61765
accept: */*

Response DefaultHttpResponse(decodeResult: success, version: HTTP/1.1)
HTTP/1.1 200 OK
Content-Type: application/json; charset=utf-8
cache-control: no-cache
content-length: 14

15:01:53.146 [AsyncHttpClient-1-2] DEBUG org.asynchttpclient.netty.channel.ChannelManager - Adding key: http://localhost:61765 for channel [id: 0x37457d2e, L:/127.0.0.1:58258 - R:localhost/127.0.0.1:61765]
15:01:53.152 [Forwarding setTimeout on session b34e973d1071c1ff3d32e17ab70330aa to remote] DEBUG org.asynchttpclient.netty.request.NettyRequestSender - Using pooled Channel '[id: 0x37457d2e, L:/127.0.0.1:58258 - R:localhost/127.0.0.1:61765]' for 'POST' to 'http://localhost:61765/session/b34e973d1071c1ff3d32e17ab70330aa/timeouts'
15:01:53.152 [Forwarding setTimeout on session b34e973d1071c1ff3d32e17ab70330aa to remote] DEBUG org.asynchttpclient.netty.request.NettyRequestSender - Using open Channel [id: 0x37457d2e, L:/127.0.0.1:58258 - R:localhost/127.0.0.1:61765] for POST '/session/b34e973d1071c1ff3d32e17ab70330aa/timeouts'
15:01:53.155 [AsyncHttpClient-1-2] DEBUG org.asynchttpclient.netty.handler.HttpHandler - 

Request DefaultHttpRequest(decodeResult: success, version: HTTP/1.1)
POST /session/b34e973d1071c1ff3d32e17ab70330aa/timeouts HTTP/1.1
User-Agent: selenium/4.1.2 (java windows)
Content-Length: 22
Content-Type: application/json; charset=utf-8
host: localhost:61765
accept: */*

Response DefaultHttpResponse(decodeResult: success, version: HTTP/1.1)
HTTP/1.1 200 OK
Content-Type: application/json; charset=utf-8
cache-control: no-cache
content-length: 14

15:01:53.155 [AsyncHttpClient-1-2] DEBUG org.asynchttpclient.netty.channel.ChannelManager - Adding key: http://localhost:61765 for channel [id: 0x37457d2e, L:/127.0.0.1:58258 - R:localhost/127.0.0.1:61765]
15:01:53.163 [Forwarding getCurrentUrl on session b34e973d1071c1ff3d32e17ab70330aa to remote] DEBUG org.asynchttpclient.netty.request.NettyRequestSender - Using pooled Channel '[id: 0x37457d2e, L:/127.0.0.1:58258 - R:localhost/127.0.0.1:61765]' for 'GET' to 'http://localhost:61765/session/b34e973d1071c1ff3d32e17ab70330aa/url'
15:01:53.163 [Forwarding getCurrentUrl on session b34e973d1071c1ff3d32e17ab70330aa to remote] DEBUG org.asynchttpclient.netty.request.NettyRequestSender - Using open Channel [id: 0x37457d2e, L:/127.0.0.1:58258 - R:localhost/127.0.0.1:61765] for GET '/session/b34e973d1071c1ff3d32e17ab70330aa/url'
15:01:53.169 [AsyncHttpClient-1-2] DEBUG org.asynchttpclient.netty.handler.HttpHandler - 

Request DefaultFullHttpRequest(decodeResult: success, version: HTTP/1.1, content: EmptyByteBufBE)
GET /session/b34e973d1071c1ff3d32e17ab70330aa/url HTTP/1.1
User-Agent: selenium/4.1.2 (java windows)
Cache-Control: no-cache
Content-Type: application/json; charset=utf-8
host: localhost:61765
accept: */*

Response DefaultHttpResponse(decodeResult: success, version: HTTP/1.1)
HTTP/1.1 200 OK
Content-Type: application/json; charset=utf-8
cache-control: no-cache
content-length: 37

15:01:53.169 [AsyncHttpClient-1-2] DEBUG org.asynchttpclient.netty.channel.ChannelManager - Adding key: http://localhost:61765 for channel [id: 0x37457d2e, L:/127.0.0.1:58258 - R:localhost/127.0.0.1:61765]
  &amp#27;[32mGiven &amp#27;[0m&amp#27;[32mI am on the books page&amp#27;[0m                         &amp#27;[90m# starter.stepdefinitions.LoginStep.iAmOnTheBooksPage()&amp#27;[0m
15:01:53.188 [main] DEBUG net.serenitybdd.core.photography.Darkroom - Opening darkroom
15:01:53.193 [Forwarding screenshot on session b34e973d1071c1ff3d32e17ab70330aa to remote] DEBUG org.asynchttpclient.netty.request.NettyRequestSender - Using pooled Channel '[id: 0x37457d2e, L:/127.0.0.1:58258 - R:localhost/127.0.0.1:61765]' for 'GET' to 'http://localhost:61765/session/b34e973d1071c1ff3d32e17ab70330aa/screenshot'
15:01:53.193 [Forwarding screenshot on session b34e973d1071c1ff3d32e17ab70330aa to remote] DEBUG org.asynchttpclient.netty.request.NettyRequestSender - Using open Channel [id: 0x37457d2e, L:/127.0.0.1:58258 - R:localhost/127.0.0.1:61765] for GET '/session/b34e973d1071c1ff3d32e17ab70330aa/screenshot'
15:01:53.209 [Darkroom Processing Line] DEBUG net.serenitybdd.core.photography.DarkroomProcessingLine - Darkroom processing line starting up
15:01:53.375 [AsyncHttpClient-1-2] DEBUG org.asynchttpclient.netty.handler.HttpHandler - 

Request DefaultFullHttpRequest(decodeResult: success, version: HTTP/1.1, content: EmptyByteBufBE)
GET /session/b34e973d1071c1ff3d32e17ab70330aa/screenshot HTTP/1.1
User-Agent: selenium/4.1.2 (java windows)
Cache-Control: no-cache
Content-Type: application/json; charset=utf-8
host: localhost:61765
accept: */*

Response DefaultHttpResponse(decodeResult: success, version: HTTP/1.1)
HTTP/1.1 200 OK
Content-Type: application/json; charset=utf-8
cache-control: no-cache
content-length: 490804

15:01:53.380 [AsyncHttpClient-1-2] DEBUG org.asynchttpclient.netty.channel.ChannelManager - Adding key: http://localhost:61765 for channel [id: 0x37457d2e, L:/127.0.0.1:58258 - R:localhost/127.0.0.1:61765]
15:01:53.513 [main] DEBUG net.serenitybdd.core.photography.Darkroom - Send negative for processing for target\site\serenity\acf958c44b7dc155d6c2b98837e033e877c77bc0fe9dcf57a532c553cce0ca5e.png
15:01:53.517 [Darkroom Processing Line] DEBUG net.serenitybdd.core.photography.DarkroomProcessingLine - Processing screenshot image in /var/screenshots/screenshot-10885854426671920964
15:01:53.517 [Darkroom Processing Line] DEBUG net.serenitybdd.core.photography.DarkroomProcessingLine - Saving screenshot to target\site\serenity\acf958c44b7dc155d6c2b98837e033e877c77bc0fe9dcf57a532c553cce0ca5e.png
15:01:53.555 [Forwarding findElement on session b34e973d1071c1ff3d32e17ab70330aa to remote] DEBUG org.asynchttpclient.netty.request.NettyRequestSender - Using pooled Channel '[id: 0x37457d2e, L:/127.0.0.1:58258 - R:localhost/127.0.0.1:61765]' for 'POST' to 'http://localhost:61765/session/b34e973d1071c1ff3d32e17ab70330aa/element'
15:01:53.555 [Forwarding findElement on session b34e973d1071c1ff3d32e17ab70330aa to remote] DEBUG org.asynchttpclient.netty.request.NettyRequestSender - Using open Channel [id: 0x37457d2e, L:/127.0.0.1:58258 - R:localhost/127.0.0.1:61765] for POST '/session/b34e973d1071c1ff3d32e17ab70330aa/element'
15:01:53.585 [AsyncHttpClient-1-2] DEBUG org.asynchttpclient.netty.handler.HttpHandler - 

Request DefaultHttpRequest(decodeResult: success, version: HTTP/1.1)
POST /session/b34e973d1071c1ff3d32e17ab70330aa/element HTTP/1.1
User-Agent: selenium/4.1.2 (java windows)
Content-Length: 50
Content-Type: application/json; charset=utf-8
host: localhost:61765
accept: */*

Response DefaultHttpResponse(decodeResult: success, version: HTTP/1.1)
HTTP/1.1 200 OK
Content-Type: application/json; charset=utf-8
cache-control: no-cache
content-length: 88

15:01:53.585 [AsyncHttpClient-1-2] DEBUG org.asynchttpclient.netty.channel.ChannelManager - Adding key: http://localhost:61765 for channel [id: 0x37457d2e, L:/127.0.0.1:58258 - R:localhost/127.0.0.1:61765]
15:01:53.588 [Forwarding getElementTagName on session b34e973d1071c1ff3d32e17ab70330aa to remote] DEBUG org.asynchttpclient.netty.request.NettyRequestSender - Using pooled Channel '[id: 0x37457d2e, L:/127.0.0.1:58258 - R:localhost/127.0.0.1:61765]' for 'GET' to 'http://localhost:61765/session/b34e973d1071c1ff3d32e17ab70330aa/element/c5221113-1c4c-46eb-af2f-f6cb51bb827a/name'
15:01:53.588 [Forwarding getElementTagName on session b34e973d1071c1ff3d32e17ab70330aa to remote] DEBUG org.asynchttpclient.netty.request.NettyRequestSender - Using open Channel [id: 0x37457d2e, L:/127.0.0.1:58258 - R:localhost/127.0.0.1:61765] for GET '/session/b34e973d1071c1ff3d32e17ab70330aa/element/c5221113-1c4c-46eb-af2f-f6cb51bb827a/name'
15:01:53.593 [AsyncHttpClient-1-2] DEBUG org.asynchttpclient.netty.handler.HttpHandler - 

Request DefaultFullHttpRequest(decodeResult: success, version: HTTP/1.1, content: EmptyByteBufBE)
GET /session/b34e973d1071c1ff3d32e17ab70330aa/element/c5221113-1c4c-46eb-af2f-f6cb51bb827a/name HTTP/1.1
User-Agent: selenium/4.1.2 (java windows)
Cache-Control: no-cache
Content-Type: application/json; charset=utf-8
host: localhost:61765
accept: */*

Response DefaultHttpResponse(decodeResult: success, version: HTTP/1.1)
HTTP/1.1 200 OK
Content-Type: application/json; charset=utf-8
cache-control: no-cache
content-length: 18

15:01:53.594 [AsyncHttpClient-1-2] DEBUG org.asynchttpclient.netty.channel.ChannelManager - Adding key: http://localhost:61765 for channel [id: 0x37457d2e, L:/127.0.0.1:58258 - R:localhost/127.0.0.1:61765]
15:01:53.596 [Forwarding getElementTagName on session b34e973d1071c1ff3d32e17ab70330aa to remote] DEBUG org.asynchttpclient.netty.request.NettyRequestSender - Using pooled Channel '[id: 0x37457d2e, L:/127.0.0.1:58258 - R:localhost/127.0.0.1:61765]' for 'GET' to 'http://localhost:61765/session/b34e973d1071c1ff3d32e17ab70330aa/element/c5221113-1c4c-46eb-af2f-f6cb51bb827a/name'
15:01:53.596 [Forwarding getElementTagName on session b34e973d1071c1ff3d32e17ab70330aa to remote] DEBUG org.asynchttpclient.netty.request.NettyRequestSender - Using open Channel [id: 0x37457d2e, L:/127.0.0.1:58258 - R:localhost/127.0.0.1:61765] for GET '/session/b34e973d1071c1ff3d32e17ab70330aa/element/c5221113-1c4c-46eb-af2f-f6cb51bb827a/name'
15:01:53.599 [AsyncHttpClient-1-2] DEBUG org.asynchttpclient.netty.handler.HttpHandler - 

Request DefaultFullHttpRequest(decodeResult: success, version: HTTP/1.1, content: EmptyByteBufBE)
GET /session/b34e973d1071c1ff3d32e17ab70330aa/element/c5221113-1c4c-46eb-af2f-f6cb51bb827a/name HTTP/1.1
User-Agent: selenium/4.1.2 (java windows)
Cache-Control: no-cache
Content-Type: application/json; charset=utf-8
host: localhost:61765
accept: */*

Response DefaultHttpResponse(decodeResult: success, version: HTTP/1.1)
HTTP/1.1 200 OK
Content-Type: application/json; charset=utf-8
cache-control: no-cache
content-length: 18

15:01:53.600 [AsyncHttpClient-1-2] DEBUG org.asynchttpclient.netty.channel.ChannelManager - Adding key: http://localhost:61765 for channel [id: 0x37457d2e, L:/127.0.0.1:58258 - R:localhost/127.0.0.1:61765]
15:01:53.604 [Forwarding isElementEnabled on session b34e973d1071c1ff3d32e17ab70330aa to remote] DEBUG org.asynchttpclient.netty.request.NettyRequestSender - Using pooled Channel '[id: 0x37457d2e, L:/127.0.0.1:58258 - R:localhost/127.0.0.1:61765]' for 'GET' to 'http://localhost:61765/session/b34e973d1071c1ff3d32e17ab70330aa/element/c5221113-1c4c-46eb-af2f-f6cb51bb827a/enabled'
15:01:53.604 [Forwarding isElementEnabled on session b34e973d1071c1ff3d32e17ab70330aa to remote] DEBUG org.asynchttpclient.netty.request.NettyRequestSender - Using open Channel [id: 0x37457d2e, L:/127.0.0.1:58258 - R:localhost/127.0.0.1:61765] for GET '/session/b34e973d1071c1ff3d32e17ab70330aa/element/c5221113-1c4c-46eb-af2f-f6cb51bb827a/enabled'
15:01:53.612 [AsyncHttpClient-1-2] DEBUG org.asynchttpclient.netty.handler.HttpHandler - 

Request DefaultFullHttpRequest(decodeResult: success, version: HTTP/1.1, content: EmptyByteBufBE)
GET /session/b34e973d1071c1ff3d32e17ab70330aa/element/c5221113-1c4c-46eb-af2f-f6cb51bb827a/enabled HTTP/1.1
User-Agent: selenium/4.1.2 (java windows)
Cache-Control: no-cache
Content-Type: application/json; charset=utf-8
host: localhost:61765
accept: */*

Response DefaultHttpResponse(decodeResult: success, version: HTTP/1.1)
HTTP/1.1 200 OK
Content-Type: application/json; charset=utf-8
cache-control: no-cache
content-length: 14

15:01:53.612 [AsyncHttpClient-1-2] DEBUG org.asynchttpclient.netty.channel.ChannelManager - Adding key: http://localhost:61765 for channel [id: 0x37457d2e, L:/127.0.0.1:58258 - R:localhost/127.0.0.1:61765]
15:01:53.616 [Forwarding isElementEnabled on session b34e973d1071c1ff3d32e17ab70330aa to remote] DEBUG org.asynchttpclient.netty.request.NettyRequestSender - Using pooled Channel '[id: 0x37457d2e, L:/127.0.0.1:58258 - R:localhost/127.0.0.1:61765]' for 'GET' to 'http://localhost:61765/session/b34e973d1071c1ff3d32e17ab70330aa/element/c5221113-1c4c-46eb-af2f-f6cb51bb827a/enabled'
15:01:53.616 [Forwarding isElementEnabled on session b34e973d1071c1ff3d32e17ab70330aa to remote] DEBUG org.asynchttpclient.netty.request.NettyRequestSender - Using open Channel [id: 0x37457d2e, L:/127.0.0.1:58258 - R:localhost/127.0.0.1:61765] for GET '/session/b34e973d1071c1ff3d32e17ab70330aa/element/c5221113-1c4c-46eb-af2f-f6cb51bb827a/enabled'
15:01:53.621 [AsyncHttpClient-1-2] DEBUG org.asynchttpclient.netty.handler.HttpHandler - 

Request DefaultFullHttpRequest(decodeResult: success, version: HTTP/1.1, content: EmptyByteBufBE)
GET /session/b34e973d1071c1ff3d32e17ab70330aa/element/c5221113-1c4c-46eb-af2f-f6cb51bb827a/enabled HTTP/1.1
User-Agent: selenium/4.1.2 (java windows)
Cache-Control: no-cache
Content-Type: application/json; charset=utf-8
host: localhost:61765
accept: */*

Response DefaultHttpResponse(decodeResult: success, version: HTTP/1.1)
HTTP/1.1 200 OK
Content-Type: application/json; charset=utf-8
cache-control: no-cache
content-length: 14

15:01:53.622 [AsyncHttpClient-1-2] DEBUG org.asynchttpclient.netty.channel.ChannelManager - Adding key: http://localhost:61765 for channel [id: 0x37457d2e, L:/127.0.0.1:58258 - R:localhost/127.0.0.1:61765]
15:01:53.624 [Forwarding findElement on session b34e973d1071c1ff3d32e17ab70330aa to remote] DEBUG org.asynchttpclient.netty.request.NettyRequestSender - Using pooled Channel '[id: 0x37457d2e, L:/127.0.0.1:58258 - R:localhost/127.0.0.1:61765]' for 'POST' to 'http://localhost:61765/session/b34e973d1071c1ff3d32e17ab70330aa/element'
15:01:53.624 [Forwarding findElement on session b34e973d1071c1ff3d32e17ab70330aa to remote] DEBUG org.asynchttpclient.netty.request.NettyRequestSender - Using open Channel [id: 0x37457d2e, L:/127.0.0.1:58258 - R:localhost/127.0.0.1:61765] for POST '/session/b34e973d1071c1ff3d32e17ab70330aa/element'
15:01:53.631 [AsyncHttpClient-1-2] DEBUG org.asynchttpclient.netty.handler.HttpHandler - 

Request DefaultHttpRequest(decodeResult: success, version: HTTP/1.1)
POST /session/b34e973d1071c1ff3d32e17ab70330aa/element HTTP/1.1
User-Agent: selenium/4.1.2 (java windows)
Content-Length: 50
Content-Type: application/json; charset=utf-8
host: localhost:61765
accept: */*

Response DefaultHttpResponse(decodeResult: success, version: HTTP/1.1)
HTTP/1.1 200 OK
Content-Type: application/json; charset=utf-8
cache-control: no-cache
content-length: 88

15:01:53.631 [AsyncHttpClient-1-2] DEBUG org.asynchttpclient.netty.channel.ChannelManager - Adding key: http://localhost:61765 for channel [id: 0x37457d2e, L:/127.0.0.1:58258 - R:localhost/127.0.0.1:61765]
15:01:53.633 [Forwarding clickElement on session b34e973d1071c1ff3d32e17ab70330aa to remote] DEBUG org.asynchttpclient.netty.request.NettyRequestSender - Using pooled Channel '[id: 0x37457d2e, L:/127.0.0.1:58258 - R:localhost/127.0.0.1:61765]' for 'POST' to 'http://localhost:61765/session/b34e973d1071c1ff3d32e17ab70330aa/element/c5221113-1c4c-46eb-af2f-f6cb51bb827a/click'
15:01:53.633 [Forwarding clickElement on session b34e973d1071c1ff3d32e17ab70330aa to remote] DEBUG org.asynchttpclient.netty.request.NettyRequestSender - Using open Channel [id: 0x37457d2e, L:/127.0.0.1:58258 - R:localhost/127.0.0.1:61765] for POST '/session/b34e973d1071c1ff3d32e17ab70330aa/element/c5221113-1c4c-46eb-af2f-f6cb51bb827a/click'
15:01:53.681 [AsyncHttpClient-1-1] DEBUG org.asynchttpclient.netty.channel.DefaultChannelPool - Entry count for : http://localhost:58259 : 1
15:01:53.695 [AsyncHttpClient-1-2] DEBUG org.asynchttpclient.netty.handler.HttpHandler - 

Request DefaultHttpRequest(decodeResult: success, version: HTTP/1.1)
POST /session/b34e973d1071c1ff3d32e17ab70330aa/element/c5221113-1c4c-46eb-af2f-f6cb51bb827a/click HTTP/1.1
User-Agent: selenium/4.1.2 (java windows)
Content-Length: 50
Content-Type: application/json; charset=utf-8
host: localhost:61765
accept: */*

Response DefaultHttpResponse(decodeResult: success, version: HTTP/1.1)
HTTP/1.1 200 OK
Content-Type: application/json; charset=utf-8
cache-control: no-cache
content-length: 14

15:01:53.695 [AsyncHttpClient-1-2] DEBUG org.asynchttpclient.netty.channel.ChannelManager - Adding key: http://localhost:61765 for channel [id: 0x37457d2e, L:/127.0.0.1:58258 - R:localhost/127.0.0.1:61765]
  &amp#27;[32mAnd &amp#27;[0m&amp#27;[32mI click Login button&amp#27;[0m                             &amp#27;[90m# starter.stepdefinitions.LoginStep.iClickLoginButton()&amp#27;[0m
15:01:53.703 [Forwarding screenshot on session b34e973d1071c1ff3d32e17ab70330aa to remote] DEBUG org.asynchttpclient.netty.request.NettyRequestSender - Using pooled Channel '[id: 0x37457d2e, L:/127.0.0.1:58258 - R:localhost/127.0.0.1:61765]' for 'GET' to 'http://localhost:61765/session/b34e973d1071c1ff3d32e17ab70330aa/screenshot'
15:01:53.704 [Forwarding screenshot on session b34e973d1071c1ff3d32e17ab70330aa to remote] DEBUG org.asynchttpclient.netty.request.NettyRequestSender - Using open Channel [id: 0x37457d2e, L:/127.0.0.1:58258 - R:localhost/127.0.0.1:61765] for GET '/session/b34e973d1071c1ff3d32e17ab70330aa/screenshot'
15:01:53.929 [AsyncHttpClient-1-2] DEBUG org.asynchttpclient.netty.handler.HttpHandler - 

Request DefaultFullHttpRequest(decodeResult: success, version: HTTP/1.1, content: EmptyByteBufBE)
GET /session/b34e973d1071c1ff3d32e17ab70330aa/screenshot HTTP/1.1
User-Agent: selenium/4.1.2 (java windows)
Cache-Control: no-cache
Content-Type: application/json; charset=utf-8
host: localhost:61765
accept: */*

Response DefaultHttpResponse(decodeResult: success, version: HTTP/1.1)
HTTP/1.1 200 OK
Content-Type: application/json; charset=utf-8
cache-control: no-cache
content-length: 488964

15:01:53.932 [AsyncHttpClient-1-2] DEBUG org.asynchttpclient.netty.channel.ChannelManager - Adding key: http://localhost:61765 for channel [id: 0x37457d2e, L:/127.0.0.1:58258 - R:localhost/127.0.0.1:61765]
15:01:53.944 [main] DEBUG net.serenitybdd.core.photography.Darkroom - Send negative for processing for target\site\serenity\9d5d40e9c14afad3ee1b98d06ce85b510a480428d6beadc3c3e2ed2037622597.png
15:01:53.944 [Darkroom Processing Line] DEBUG net.serenitybdd.core.photography.DarkroomProcessingLine - Processing screenshot image in /var/screenshots/screenshot-11593981403137667290
15:01:53.944 [Darkroom Processing Line] DEBUG net.serenitybdd.core.photography.DarkroomProcessingLine - Saving screenshot to target\site\serenity\9d5d40e9c14afad3ee1b98d06ce85b510a480428d6beadc3c3e2ed2037622597.png
15:01:53.957 [Forwarding findElement on session b34e973d1071c1ff3d32e17ab70330aa to remote] DEBUG org.asynchttpclient.netty.request.NettyRequestSender - Using pooled Channel '[id: 0x37457d2e, L:/127.0.0.1:58258 - R:localhost/127.0.0.1:61765]' for 'POST' to 'http://localhost:61765/session/b34e973d1071c1ff3d32e17ab70330aa/element'
15:01:53.957 [Forwarding findElement on session b34e973d1071c1ff3d32e17ab70330aa to remote] DEBUG org.asynchttpclient.netty.request.NettyRequestSender - Using open Channel [id: 0x37457d2e, L:/127.0.0.1:58258 - R:localhost/127.0.0.1:61765] for POST '/session/b34e973d1071c1ff3d32e17ab70330aa/element'
15:01:53.972 [AsyncHttpClient-1-2] DEBUG org.asynchttpclient.netty.handler.HttpHandler - 

Request DefaultHttpRequest(decodeResult: success, version: HTTP/1.1)
POST /session/b34e973d1071c1ff3d32e17ab70330aa/element HTTP/1.1
User-Agent: selenium/4.1.2 (java windows)
Content-Length: 51
Content-Type: application/json; charset=utf-8
host: localhost:61765
accept: */*

Response DefaultHttpResponse(decodeResult: success, version: HTTP/1.1)
HTTP/1.1 200 OK
Content-Type: application/json; charset=utf-8
cache-control: no-cache
content-length: 88

15:01:53.972 [AsyncHttpClient-1-2] DEBUG org.asynchttpclient.netty.channel.ChannelManager - Adding key: http://localhost:61765 for channel [id: 0x37457d2e, L:/127.0.0.1:58258 - R:localhost/127.0.0.1:61765]
15:01:53.981 [Forwarding isElementDisplayed on session b34e973d1071c1ff3d32e17ab70330aa to remote] DEBUG org.asynchttpclient.netty.request.NettyRequestSender - Using pooled Channel '[id: 0x37457d2e, L:/127.0.0.1:58258 - R:localhost/127.0.0.1:61765]' for 'POST' to 'http://localhost:61765/session/b34e973d1071c1ff3d32e17ab70330aa/execute/sync'
15:01:53.982 [Forwarding isElementDisplayed on session b34e973d1071c1ff3d32e17ab70330aa to remote] DEBUG org.asynchttpclient.netty.request.NettyRequestSender - Using open Channel [id: 0x37457d2e, L:/127.0.0.1:58258 - R:localhost/127.0.0.1:61765] for POST '/session/b34e973d1071c1ff3d32e17ab70330aa/execute/sync'
15:01:53.996 [AsyncHttpClient-1-2] DEBUG org.asynchttpclient.netty.handler.HttpHandler - 

Request DefaultHttpRequest(decodeResult: success, version: HTTP/1.1)
POST /session/b34e973d1071c1ff3d32e17ab70330aa/execute/sync HTTP/1.1
User-Agent: selenium/4.1.2 (java windows)
Content-Length: 48780
Content-Type: application/json; charset=utf-8
host: localhost:61765
accept: */*

Response DefaultHttpResponse(decodeResult: success, version: HTTP/1.1)
HTTP/1.1 200 OK
Content-Type: application/json; charset=utf-8
cache-control: no-cache
content-length: 14

15:01:53.996 [AsyncHttpClient-1-2] DEBUG org.asynchttpclient.netty.channel.ChannelManager - Adding key: http://localhost:61765 for channel [id: 0x37457d2e, L:/127.0.0.1:58258 - R:localhost/127.0.0.1:61765]
15:01:54.010 [Forwarding findElement on session b34e973d1071c1ff3d32e17ab70330aa to remote] DEBUG org.asynchttpclient.netty.request.NettyRequestSender - Using pooled Channel '[id: 0x37457d2e, L:/127.0.0.1:58258 - R:localhost/127.0.0.1:61765]' for 'POST' to 'http://localhost:61765/session/b34e973d1071c1ff3d32e17ab70330aa/element'
15:01:54.010 [Forwarding findElement on session b34e973d1071c1ff3d32e17ab70330aa to remote] DEBUG org.asynchttpclient.netty.request.NettyRequestSender - Using open Channel [id: 0x37457d2e, L:/127.0.0.1:58258 - R:localhost/127.0.0.1:61765] for POST '/session/b34e973d1071c1ff3d32e17ab70330aa/element'
15:01:54.022 [AsyncHttpClient-1-2] DEBUG org.asynchttpclient.netty.handler.HttpHandler - 

Request DefaultHttpRequest(decodeResult: success, version: HTTP/1.1)
POST /session/b34e973d1071c1ff3d32e17ab70330aa/element HTTP/1.1
User-Agent: selenium/4.1.2 (java windows)
Content-Length: 53
Content-Type: application/json; charset=utf-8
host: localhost:61765
accept: */*

Response DefaultHttpResponse(decodeResult: success, version: HTTP/1.1)
HTTP/1.1 200 OK
Content-Type: application/json; charset=utf-8
cache-control: no-cache
content-length: 88

15:01:54.022 [AsyncHttpClient-1-2] DEBUG org.asynchttpclient.netty.channel.ChannelManager - Adding key: http://localhost:61765 for channel [id: 0x37457d2e, L:/127.0.0.1:58258 - R:localhost/127.0.0.1:61765]
15:01:54.026 [Forwarding sendKeysToElement on session b34e973d1071c1ff3d32e17ab70330aa to remote] DEBUG org.asynchttpclient.netty.request.NettyRequestSender - Using pooled Channel '[id: 0x37457d2e, L:/127.0.0.1:58258 - R:localhost/127.0.0.1:61765]' for 'POST' to 'http://localhost:61765/session/b34e973d1071c1ff3d32e17ab70330aa/element/33412133-0e71-424b-9127-d5bef134e635/value'
15:01:54.026 [Forwarding sendKeysToElement on session b34e973d1071c1ff3d32e17ab70330aa to remote] DEBUG org.asynchttpclient.netty.request.NettyRequestSender - Using open Channel [id: 0x37457d2e, L:/127.0.0.1:58258 - R:localhost/127.0.0.1:61765] for POST '/session/b34e973d1071c1ff3d32e17ab70330aa/element/33412133-0e71-424b-9127-d5bef134e635/value'
15:01:54.051 [AsyncHttpClient-1-2] DEBUG org.asynchttpclient.netty.handler.HttpHandler - 

Request DefaultHttpRequest(decodeResult: success, version: HTTP/1.1)
POST /session/b34e973d1071c1ff3d32e17ab70330aa/element/33412133-0e71-424b-9127-d5bef134e635/value HTTP/1.1
User-Agent: selenium/4.1.2 (java windows)
Content-Length: 95
Content-Type: application/json; charset=utf-8
host: localhost:61765
accept: */*

Response DefaultHttpResponse(decodeResult: success, version: HTTP/1.1)
HTTP/1.1 200 OK
Content-Type: application/json; charset=utf-8
cache-control: no-cache
content-length: 14

15:01:54.052 [AsyncHttpClient-1-2] DEBUG org.asynchttpclient.netty.channel.ChannelManager - Adding key: http://localhost:61765 for channel [id: 0x37457d2e, L:/127.0.0.1:58258 - R:localhost/127.0.0.1:61765]
  &amp#27;[32mAnd &amp#27;[0m&amp#27;[32mI will go to login page&amp#27;[0m                          &amp#27;[90m# starter.stepdefinitions.LoginStep.iWillGoToLoginPage()&amp#27;[0m
15:01:54.057 [Forwarding screenshot on session b34e973d1071c1ff3d32e17ab70330aa to remote] DEBUG org.asynchttpclient.netty.request.NettyRequestSender - Using pooled Channel '[id: 0x37457d2e, L:/127.0.0.1:58258 - R:localhost/127.0.0.1:61765]' for 'GET' to 'http://localhost:61765/session/b34e973d1071c1ff3d32e17ab70330aa/screenshot'
15:01:54.057 [Forwarding screenshot on session b34e973d1071c1ff3d32e17ab70330aa to remote] DEBUG org.asynchttpclient.netty.request.NettyRequestSender - Using open Channel [id: 0x37457d2e, L:/127.0.0.1:58258 - R:localhost/127.0.0.1:61765] for GET '/session/b34e973d1071c1ff3d32e17ab70330aa/screenshot'
15:01:54.277 [AsyncHttpClient-1-2] DEBUG org.asynchttpclient.netty.handler.HttpHandler - 

Request DefaultFullHttpRequest(decodeResult: success, version: HTTP/1.1, content: EmptyByteBufBE)
GET /session/b34e973d1071c1ff3d32e17ab70330aa/screenshot HTTP/1.1
User-Agent: selenium/4.1.2 (java windows)
Cache-Control: no-cache
Content-Type: application/json; charset=utf-8
host: localhost:61765
accept: */*

Response DefaultHttpResponse(decodeResult: success, version: HTTP/1.1)
HTTP/1.1 200 OK
Content-Type: application/json; charset=utf-8
cache-control: no-cache
content-length: 472832

15:01:54.283 [AsyncHttpClient-1-2] DEBUG org.asynchttpclient.netty.channel.ChannelManager - Adding key: http://localhost:61765 for channel [id: 0x37457d2e, L:/127.0.0.1:58258 - R:localhost/127.0.0.1:61765]
15:01:54.304 [main] DEBUG net.serenitybdd.core.photography.Darkroom - Send negative for processing for target\site\serenity\d87751e3057cec947ccd444a4657ac66e50a05112ea085f07df69114982eb38e.png
15:01:54.304 [Darkroom Processing Line] DEBUG net.serenitybdd.core.photography.DarkroomProcessingLine - Processing screenshot image in /var/screenshots/screenshot-16596583895589036237
15:01:54.304 [Darkroom Processing Line] DEBUG net.serenitybdd.core.photography.DarkroomProcessingLine - Saving screenshot to target\site\serenity\d87751e3057cec947ccd444a4657ac66e50a05112ea085f07df69114982eb38e.png
15:01:54.315 [Forwarding findElement on session b34e973d1071c1ff3d32e17ab70330aa to remote] DEBUG org.asynchttpclient.netty.request.NettyRequestSender - Using pooled Channel '[id: 0x37457d2e, L:/127.0.0.1:58258 - R:localhost/127.0.0.1:61765]' for 'POST' to 'http://localhost:61765/session/b34e973d1071c1ff3d32e17ab70330aa/element'
15:01:54.315 [Forwarding findElement on session b34e973d1071c1ff3d32e17ab70330aa to remote] DEBUG org.asynchttpclient.netty.request.NettyRequestSender - Using open Channel [id: 0x37457d2e, L:/127.0.0.1:58258 - R:localhost/127.0.0.1:61765] for POST '/session/b34e973d1071c1ff3d32e17ab70330aa/element'
15:01:54.325 [AsyncHttpClient-1-2] DEBUG org.asynchttpclient.netty.handler.HttpHandler - 

Request DefaultHttpRequest(decodeResult: success, version: HTTP/1.1)
POST /session/b34e973d1071c1ff3d32e17ab70330aa/element HTTP/1.1
User-Agent: selenium/4.1.2 (java windows)
Content-Length: 53
Content-Type: application/json; charset=utf-8
host: localhost:61765
accept: */*

Response DefaultHttpResponse(decodeResult: success, version: HTTP/1.1)
HTTP/1.1 200 OK
Content-Type: application/json; charset=utf-8
cache-control: no-cache
content-length: 88

15:01:54.325 [AsyncHttpClient-1-2] DEBUG org.asynchttpclient.netty.channel.ChannelManager - Adding key: http://localhost:61765 for channel [id: 0x37457d2e, L:/127.0.0.1:58258 - R:localhost/127.0.0.1:61765]
15:01:54.328 [Forwarding clearElement on session b34e973d1071c1ff3d32e17ab70330aa to remote] DEBUG org.asynchttpclient.netty.request.NettyRequestSender - Using pooled Channel '[id: 0x37457d2e, L:/127.0.0.1:58258 - R:localhost/127.0.0.1:61765]' for 'POST' to 'http://localhost:61765/session/b34e973d1071c1ff3d32e17ab70330aa/element/a686230c-c986-46a7-a55f-8189d67d3e72/clear'
15:01:54.328 [Forwarding clearElement on session b34e973d1071c1ff3d32e17ab70330aa to remote] DEBUG org.asynchttpclient.netty.request.NettyRequestSender - Using open Channel [id: 0x37457d2e, L:/127.0.0.1:58258 - R:localhost/127.0.0.1:61765] for POST '/session/b34e973d1071c1ff3d32e17ab70330aa/element/a686230c-c986-46a7-a55f-8189d67d3e72/clear'
15:01:54.350 [AsyncHttpClient-1-2] DEBUG org.asynchttpclient.netty.handler.HttpHandler - 

Request DefaultHttpRequest(decodeResult: success, version: HTTP/1.1)
POST /session/b34e973d1071c1ff3d32e17ab70330aa/element/a686230c-c986-46a7-a55f-8189d67d3e72/clear HTTP/1.1
User-Agent: selenium/4.1.2 (java windows)
Content-Length: 50
Content-Type: application/json; charset=utf-8
host: localhost:61765
accept: */*

Response DefaultHttpResponse(decodeResult: success, version: HTTP/1.1)
HTTP/1.1 200 OK
Content-Type: application/json; charset=utf-8
cache-control: no-cache
content-length: 14

15:01:54.350 [AsyncHttpClient-1-2] DEBUG org.asynchttpclient.netty.channel.ChannelManager - Adding key: http://localhost:61765 for channel [id: 0x37457d2e, L:/127.0.0.1:58258 - R:localhost/127.0.0.1:61765]
15:01:54.352 [Forwarding sendKeysToElement on session b34e973d1071c1ff3d32e17ab70330aa to remote] DEBUG org.asynchttpclient.netty.request.NettyRequestSender - Using pooled Channel '[id: 0x37457d2e, L:/127.0.0.1:58258 - R:localhost/127.0.0.1:61765]' for 'POST' to 'http://localhost:61765/session/b34e973d1071c1ff3d32e17ab70330aa/element/a686230c-c986-46a7-a55f-8189d67d3e72/value'
15:01:54.352 [Forwarding sendKeysToElement on session b34e973d1071c1ff3d32e17ab70330aa to remote] DEBUG org.asynchttpclient.netty.request.NettyRequestSender - Using open Channel [id: 0x37457d2e, L:/127.0.0.1:58258 - R:localhost/127.0.0.1:61765] for POST '/session/b34e973d1071c1ff3d32e17ab70330aa/element/a686230c-c986-46a7-a55f-8189d67d3e72/value'
15:01:54.400 [AsyncHttpClient-1-2] DEBUG org.asynchttpclient.netty.handler.HttpHandler - 

Request DefaultHttpRequest(decodeResult: success, version: HTTP/1.1)
POST /session/b34e973d1071c1ff3d32e17ab70330aa/element/a686230c-c986-46a7-a55f-8189d67d3e72/value HTTP/1.1
User-Agent: selenium/4.1.2 (java windows)
Content-Length: 151
Content-Type: application/json; charset=utf-8
host: localhost:61765
accept: */*

Response DefaultHttpResponse(decodeResult: success, version: HTTP/1.1)
HTTP/1.1 200 OK
Content-Type: application/json; charset=utf-8
cache-control: no-cache
content-length: 14

15:01:54.400 [AsyncHttpClient-1-2] DEBUG org.asynchttpclient.netty.channel.ChannelManager - Adding key: http://localhost:61765 for channel [id: 0x37457d2e, L:/127.0.0.1:58258 - R:localhost/127.0.0.1:61765]
  &amp#27;[32mWhen &amp#27;[0m&amp#27;[32mI input valid username&amp#27;[0m                          &amp#27;[90m# starter.stepdefinitions.LoginStep.iInputValidUsername()&amp#27;[0m
15:01:54.408 [Forwarding screenshot on session b34e973d1071c1ff3d32e17ab70330aa to remote] DEBUG org.asynchttpclient.netty.request.NettyRequestSender - Using pooled Channel '[id: 0x37457d2e, L:/127.0.0.1:58258 - R:localhost/127.0.0.1:61765]' for 'GET' to 'http://localhost:61765/session/b34e973d1071c1ff3d32e17ab70330aa/screenshot'
15:01:54.408 [Forwarding screenshot on session b34e973d1071c1ff3d32e17ab70330aa to remote] DEBUG org.asynchttpclient.netty.request.NettyRequestSender - Using open Channel [id: 0x37457d2e, L:/127.0.0.1:58258 - R:localhost/127.0.0.1:61765] for GET '/session/b34e973d1071c1ff3d32e17ab70330aa/screenshot'
15:01:54.631 [AsyncHttpClient-1-2] DEBUG org.asynchttpclient.netty.handler.HttpHandler - 

Request DefaultFullHttpRequest(decodeResult: success, version: HTTP/1.1, content: EmptyByteBufBE)
GET /session/b34e973d1071c1ff3d32e17ab70330aa/screenshot HTTP/1.1
User-Agent: selenium/4.1.2 (java windows)
Cache-Control: no-cache
Content-Type: application/json; charset=utf-8
host: localhost:61765
accept: */*

Response DefaultHttpResponse(decodeResult: success, version: HTTP/1.1)
HTTP/1.1 200 OK
Content-Type: application/json; charset=utf-8
cache-control: no-cache
content-length: 445896

15:01:54.633 [AsyncHttpClient-1-2] DEBUG org.asynchttpclient.netty.channel.ChannelManager - Adding key: http://localhost:61765 for channel [id: 0x37457d2e, L:/127.0.0.1:58258 - R:localhost/127.0.0.1:61765]
15:01:54.646 [main] DEBUG net.serenitybdd.core.photography.Darkroom - Send negative for processing for target\site\serenity\3d94fa23e9ce2c4553d0b88d43bb4b5431d4286035317d038e2c5fba925b0bfa.png
15:01:54.647 [Darkroom Processing Line] DEBUG net.serenitybdd.core.photography.DarkroomProcessingLine - Processing screenshot image in /var/screenshots/screenshot-6801983390945016041
15:01:54.647 [Darkroom Processing Line] DEBUG net.serenitybdd.core.photography.DarkroomProcessingLine - Saving screenshot to target\site\serenity\3d94fa23e9ce2c4553d0b88d43bb4b5431d4286035317d038e2c5fba925b0bfa.png
15:01:54.655 [Forwarding findElement on session b34e973d1071c1ff3d32e17ab70330aa to remote] DEBUG org.asynchttpclient.netty.request.NettyRequestSender - Using pooled Channel '[id: 0x37457d2e, L:/127.0.0.1:58258 - R:localhost/127.0.0.1:61765]' for 'POST' to 'http://localhost:61765/session/b34e973d1071c1ff3d32e17ab70330aa/element'
15:01:54.655 [Forwarding findElement on session b34e973d1071c1ff3d32e17ab70330aa to remote] DEBUG org.asynchttpclient.netty.request.NettyRequestSender - Using open Channel [id: 0x37457d2e, L:/127.0.0.1:58258 - R:localhost/127.0.0.1:61765] for POST '/session/b34e973d1071c1ff3d32e17ab70330aa/element'
15:01:54.669 [AsyncHttpClient-1-2] DEBUG org.asynchttpclient.netty.handler.HttpHandler - 

Request DefaultHttpRequest(decodeResult: success, version: HTTP/1.1)
POST /session/b34e973d1071c1ff3d32e17ab70330aa/element HTTP/1.1
User-Agent: selenium/4.1.2 (java windows)
Content-Length: 53
Content-Type: application/json; charset=utf-8
host: localhost:61765
accept: */*

Response DefaultHttpResponse(decodeResult: success, version: HTTP/1.1)
HTTP/1.1 200 OK
Content-Type: application/json; charset=utf-8
cache-control: no-cache
content-length: 88

15:01:54.669 [AsyncHttpClient-1-2] DEBUG org.asynchttpclient.netty.channel.ChannelManager - Adding key: http://localhost:61765 for channel [id: 0x37457d2e, L:/127.0.0.1:58258 - R:localhost/127.0.0.1:61765]
15:01:54.671 [Forwarding clearElement on session b34e973d1071c1ff3d32e17ab70330aa to remote] DEBUG org.asynchttpclient.netty.request.NettyRequestSender - Using pooled Channel '[id: 0x37457d2e, L:/127.0.0.1:58258 - R:localhost/127.0.0.1:61765]' for 'POST' to 'http://localhost:61765/session/b34e973d1071c1ff3d32e17ab70330aa/element/974daf51-589e-4ef0-8ce8-ceb1dafb0622/clear'
15:01:54.671 [Forwarding clearElement on session b34e973d1071c1ff3d32e17ab70330aa to remote] DEBUG org.asynchttpclient.netty.request.NettyRequestSender - Using open Channel [id: 0x37457d2e, L:/127.0.0.1:58258 - R:localhost/127.0.0.1:61765] for POST '/session/b34e973d1071c1ff3d32e17ab70330aa/element/974daf51-589e-4ef0-8ce8-ceb1dafb0622/clear'
15:01:54.716 [AsyncHttpClient-1-2] DEBUG org.asynchttpclient.netty.handler.HttpHandler - 

Request DefaultHttpRequest(decodeResult: success, version: HTTP/1.1)
POST /session/b34e973d1071c1ff3d32e17ab70330aa/element/974daf51-589e-4ef0-8ce8-ceb1dafb0622/clear HTTP/1.1
User-Agent: selenium/4.1.2 (java windows)
Content-Length: 50
Content-Type: application/json; charset=utf-8
host: localhost:61765
accept: */*

Response DefaultHttpResponse(decodeResult: success, version: HTTP/1.1)
HTTP/1.1 200 OK
Content-Type: application/json; charset=utf-8
cache-control: no-cache
content-length: 14

15:01:54.716 [AsyncHttpClient-1-2] DEBUG org.asynchttpclient.netty.channel.ChannelManager - Adding key: http://localhost:61765 for channel [id: 0x37457d2e, L:/127.0.0.1:58258 - R:localhost/127.0.0.1:61765]
15:01:54.719 [Forwarding sendKeysToElement on session b34e973d1071c1ff3d32e17ab70330aa to remote] DEBUG org.asynchttpclient.netty.request.NettyRequestSender - Using pooled Channel '[id: 0x37457d2e, L:/127.0.0.1:58258 - R:localhost/127.0.0.1:61765]' for 'POST' to 'http://localhost:61765/session/b34e973d1071c1ff3d32e17ab70330aa/element/974daf51-589e-4ef0-8ce8-ceb1dafb0622/value'
15:01:54.719 [Forwarding sendKeysToElement on session b34e973d1071c1ff3d32e17ab70330aa to remote] DEBUG org.asynchttpclient.netty.request.NettyRequestSender - Using open Channel [id: 0x37457d2e, L:/127.0.0.1:58258 - R:localhost/127.0.0.1:61765] for POST '/session/b34e973d1071c1ff3d32e17ab70330aa/element/974daf51-589e-4ef0-8ce8-ceb1dafb0622/value'
15:01:54.780 [AsyncHttpClient-1-1] DEBUG org.asynchttpclient.netty.channel.DefaultChannelPool - Entry count for : http://localhost:58259 : 1
15:01:54.795 [AsyncHttpClient-1-2] DEBUG org.asynchttpclient.netty.handler.HttpHandler - 

Request DefaultHttpRequest(decodeResult: success, version: HTTP/1.1)
POST /session/b34e973d1071c1ff3d32e17ab70330aa/element/974daf51-589e-4ef0-8ce8-ceb1dafb0622/value HTTP/1.1
User-Agent: selenium/4.1.2 (java windows)
Content-Length: 221
Content-Type: application/json; charset=utf-8
host: localhost:61765
accept: */*

Response DefaultHttpResponse(decodeResult: success, version: HTTP/1.1)
HTTP/1.1 200 OK
Content-Type: application/json; charset=utf-8
cache-control: no-cache
content-length: 14

15:01:54.795 [AsyncHttpClient-1-2] DEBUG org.asynchttpclient.netty.channel.ChannelManager - Adding key: http://localhost:61765 for channel [id: 0x37457d2e, L:/127.0.0.1:58258 - R:localhost/127.0.0.1:61765]
  &amp#27;[32mAnd &amp#27;[0m&amp#27;[32mI input valid password&amp#27;[0m                           &amp#27;[90m# starter.stepdefinitions.LoginStep.iInputValidPassword()&amp#27;[0m
15:01:54.801 [Forwarding screenshot on session b34e973d1071c1ff3d32e17ab70330aa to remote] DEBUG org.asynchttpclient.netty.request.NettyRequestSender - Using pooled Channel '[id: 0x37457d2e, L:/127.0.0.1:58258 - R:localhost/127.0.0.1:61765]' for 'GET' to 'http://localhost:61765/session/b34e973d1071c1ff3d32e17ab70330aa/screenshot'
15:01:54.801 [Forwarding screenshot on session b34e973d1071c1ff3d32e17ab70330aa to remote] DEBUG org.asynchttpclient.netty.request.NettyRequestSender - Using open Channel [id: 0x37457d2e, L:/127.0.0.1:58258 - R:localhost/127.0.0.1:61765] for GET '/session/b34e973d1071c1ff3d32e17ab70330aa/screenshot'
15:01:54.994 [AsyncHttpClient-1-2] DEBUG org.asynchttpclient.netty.handler.HttpHandler - 

Request DefaultFullHttpRequest(decodeResult: success, version: HTTP/1.1, content: EmptyByteBufBE)
GET /session/b34e973d1071c1ff3d32e17ab70330aa/screenshot HTTP/1.1
User-Agent: selenium/4.1.2 (java windows)
Cache-Control: no-cache
Content-Type: application/json; charset=utf-8
host: localhost:61765
accept: */*

Response DefaultHttpResponse(decodeResult: success, version: HTTP/1.1)
HTTP/1.1 200 OK
Content-Type: application/json; charset=utf-8
cache-control: no-cache
content-length: 443716

15:01:54.996 [AsyncHttpClient-1-2] DEBUG org.asynchttpclient.netty.channel.ChannelManager - Adding key: http://localhost:61765 for channel [id: 0x37457d2e, L:/127.0.0.1:58258 - R:localhost/127.0.0.1:61765]
15:01:55.003 [main] DEBUG net.serenitybdd.core.photography.Darkroom - Send negative for processing for target\site\serenity\2043893c901b585a175cbf029b0e1d30ffdb589438e7748867de391f5f432630.png
15:01:55.003 [Darkroom Processing Line] DEBUG net.serenitybdd.core.photography.DarkroomProcessingLine - Processing screenshot image in /var/screenshots/screenshot-15386952531608379189
15:01:55.003 [Darkroom Processing Line] DEBUG net.serenitybdd.core.photography.DarkroomProcessingLine - Saving screenshot to target\site\serenity\2043893c901b585a175cbf029b0e1d30ffdb589438e7748867de391f5f432630.png
15:01:55.012 [Forwarding findElement on session b34e973d1071c1ff3d32e17ab70330aa to remote] DEBUG org.asynchttpclient.netty.request.NettyRequestSender - Using pooled Channel '[id: 0x37457d2e, L:/127.0.0.1:58258 - R:localhost/127.0.0.1:61765]' for 'POST' to 'http://localhost:61765/session/b34e973d1071c1ff3d32e17ab70330aa/element'
15:01:55.012 [Forwarding findElement on session b34e973d1071c1ff3d32e17ab70330aa to remote] DEBUG org.asynchttpclient.netty.request.NettyRequestSender - Using open Channel [id: 0x37457d2e, L:/127.0.0.1:58258 - R:localhost/127.0.0.1:61765] for POST '/session/b34e973d1071c1ff3d32e17ab70330aa/element'
15:01:55.019 [AsyncHttpClient-1-2] DEBUG org.asynchttpclient.netty.handler.HttpHandler - 

Request DefaultHttpRequest(decodeResult: success, version: HTTP/1.1)
POST /session/b34e973d1071c1ff3d32e17ab70330aa/element HTTP/1.1
User-Agent: selenium/4.1.2 (java windows)
Content-Length: 50
Content-Type: application/json; charset=utf-8
host: localhost:61765
accept: */*

Response DefaultHttpResponse(decodeResult: success, version: HTTP/1.1)
HTTP/1.1 200 OK
Content-Type: application/json; charset=utf-8
cache-control: no-cache
content-length: 88

15:01:55.019 [AsyncHttpClient-1-2] DEBUG org.asynchttpclient.netty.channel.ChannelManager - Adding key: http://localhost:61765 for channel [id: 0x37457d2e, L:/127.0.0.1:58258 - R:localhost/127.0.0.1:61765]
15:01:55.020 [Forwarding getElementTagName on session b34e973d1071c1ff3d32e17ab70330aa to remote] DEBUG org.asynchttpclient.netty.request.NettyRequestSender - Using pooled Channel '[id: 0x37457d2e, L:/127.0.0.1:58258 - R:localhost/127.0.0.1:61765]' for 'GET' to 'http://localhost:61765/session/b34e973d1071c1ff3d32e17ab70330aa/element/465bf8b9-e86c-43cb-b1b8-f471e75b2c19/name'
15:01:55.021 [Forwarding getElementTagName on session b34e973d1071c1ff3d32e17ab70330aa to remote] DEBUG org.asynchttpclient.netty.request.NettyRequestSender - Using open Channel [id: 0x37457d2e, L:/127.0.0.1:58258 - R:localhost/127.0.0.1:61765] for GET '/session/b34e973d1071c1ff3d32e17ab70330aa/element/465bf8b9-e86c-43cb-b1b8-f471e75b2c19/name'
15:01:55.025 [AsyncHttpClient-1-2] DEBUG org.asynchttpclient.netty.handler.HttpHandler - 

Request DefaultFullHttpRequest(decodeResult: success, version: HTTP/1.1, content: EmptyByteBufBE)
GET /session/b34e973d1071c1ff3d32e17ab70330aa/element/465bf8b9-e86c-43cb-b1b8-f471e75b2c19/name HTTP/1.1
User-Agent: selenium/4.1.2 (java windows)
Cache-Control: no-cache
Content-Type: application/json; charset=utf-8
host: localhost:61765
accept: */*

Response DefaultHttpResponse(decodeResult: success, version: HTTP/1.1)
HTTP/1.1 200 OK
Content-Type: application/json; charset=utf-8
cache-control: no-cache
content-length: 18

15:01:55.025 [AsyncHttpClient-1-2] DEBUG org.asynchttpclient.netty.channel.ChannelManager - Adding key: http://localhost:61765 for channel [id: 0x37457d2e, L:/127.0.0.1:58258 - R:localhost/127.0.0.1:61765]
15:01:55.027 [Forwarding getElementTagName on session b34e973d1071c1ff3d32e17ab70330aa to remote] DEBUG org.asynchttpclient.netty.request.NettyRequestSender - Using pooled Channel '[id: 0x37457d2e, L:/127.0.0.1:58258 - R:localhost/127.0.0.1:61765]' for 'GET' to 'http://localhost:61765/session/b34e973d1071c1ff3d32e17ab70330aa/element/465bf8b9-e86c-43cb-b1b8-f471e75b2c19/name'
15:01:55.027 [Forwarding getElementTagName on session b34e973d1071c1ff3d32e17ab70330aa to remote] DEBUG org.asynchttpclient.netty.request.NettyRequestSender - Using open Channel [id: 0x37457d2e, L:/127.0.0.1:58258 - R:localhost/127.0.0.1:61765] for GET '/session/b34e973d1071c1ff3d32e17ab70330aa/element/465bf8b9-e86c-43cb-b1b8-f471e75b2c19/name'
15:01:55.030 [AsyncHttpClient-1-2] DEBUG org.asynchttpclient.netty.handler.HttpHandler - 

Request DefaultFullHttpRequest(decodeResult: success, version: HTTP/1.1, content: EmptyByteBufBE)
GET /session/b34e973d1071c1ff3d32e17ab70330aa/element/465bf8b9-e86c-43cb-b1b8-f471e75b2c19/name HTTP/1.1
User-Agent: selenium/4.1.2 (java windows)
Cache-Control: no-cache
Content-Type: application/json; charset=utf-8
host: localhost:61765
accept: */*

Response DefaultHttpResponse(decodeResult: success, version: HTTP/1.1)
HTTP/1.1 200 OK
Content-Type: application/json; charset=utf-8
cache-control: no-cache
content-length: 18

15:01:55.030 [AsyncHttpClient-1-2] DEBUG org.asynchttpclient.netty.channel.ChannelManager - Adding key: http://localhost:61765 for channel [id: 0x37457d2e, L:/127.0.0.1:58258 - R:localhost/127.0.0.1:61765]
15:01:55.032 [Forwarding isElementEnabled on session b34e973d1071c1ff3d32e17ab70330aa to remote] DEBUG org.asynchttpclient.netty.request.NettyRequestSender - Using pooled Channel '[id: 0x37457d2e, L:/127.0.0.1:58258 - R:localhost/127.0.0.1:61765]' for 'GET' to 'http://localhost:61765/session/b34e973d1071c1ff3d32e17ab70330aa/element/465bf8b9-e86c-43cb-b1b8-f471e75b2c19/enabled'
15:01:55.032 [Forwarding isElementEnabled on session b34e973d1071c1ff3d32e17ab70330aa to remote] DEBUG org.asynchttpclient.netty.request.NettyRequestSender - Using open Channel [id: 0x37457d2e, L:/127.0.0.1:58258 - R:localhost/127.0.0.1:61765] for GET '/session/b34e973d1071c1ff3d32e17ab70330aa/element/465bf8b9-e86c-43cb-b1b8-f471e75b2c19/enabled'
15:01:55.038 [AsyncHttpClient-1-2] DEBUG org.asynchttpclient.netty.handler.HttpHandler - 

Request DefaultFullHttpRequest(decodeResult: success, version: HTTP/1.1, content: EmptyByteBufBE)
GET /session/b34e973d1071c1ff3d32e17ab70330aa/element/465bf8b9-e86c-43cb-b1b8-f471e75b2c19/enabled HTTP/1.1
User-Agent: selenium/4.1.2 (java windows)
Cache-Control: no-cache
Content-Type: application/json; charset=utf-8
host: localhost:61765
accept: */*

Response DefaultHttpResponse(decodeResult: success, version: HTTP/1.1)
HTTP/1.1 200 OK
Content-Type: application/json; charset=utf-8
cache-control: no-cache
content-length: 14

15:01:55.038 [AsyncHttpClient-1-2] DEBUG org.asynchttpclient.netty.channel.ChannelManager - Adding key: http://localhost:61765 for channel [id: 0x37457d2e, L:/127.0.0.1:58258 - R:localhost/127.0.0.1:61765]
15:01:55.040 [Forwarding isElementEnabled on session b34e973d1071c1ff3d32e17ab70330aa to remote] DEBUG org.asynchttpclient.netty.request.NettyRequestSender - Using pooled Channel '[id: 0x37457d2e, L:/127.0.0.1:58258 - R:localhost/127.0.0.1:61765]' for 'GET' to 'http://localhost:61765/session/b34e973d1071c1ff3d32e17ab70330aa/element/465bf8b9-e86c-43cb-b1b8-f471e75b2c19/enabled'
15:01:55.040 [Forwarding isElementEnabled on session b34e973d1071c1ff3d32e17ab70330aa to remote] DEBUG org.asynchttpclient.netty.request.NettyRequestSender - Using open Channel [id: 0x37457d2e, L:/127.0.0.1:58258 - R:localhost/127.0.0.1:61765] for GET '/session/b34e973d1071c1ff3d32e17ab70330aa/element/465bf8b9-e86c-43cb-b1b8-f471e75b2c19/enabled'
15:01:55.045 [AsyncHttpClient-1-2] DEBUG org.asynchttpclient.netty.handler.HttpHandler - 

Request DefaultFullHttpRequest(decodeResult: success, version: HTTP/1.1, content: EmptyByteBufBE)
GET /session/b34e973d1071c1ff3d32e17ab70330aa/element/465bf8b9-e86c-43cb-b1b8-f471e75b2c19/enabled HTTP/1.1
User-Agent: selenium/4.1.2 (java windows)
Cache-Control: no-cache
Content-Type: application/json; charset=utf-8
host: localhost:61765
accept: */*

Response DefaultHttpResponse(decodeResult: success, version: HTTP/1.1)
HTTP/1.1 200 OK
Content-Type: application/json; charset=utf-8
cache-control: no-cache
content-length: 14

15:01:55.045 [AsyncHttpClient-1-2] DEBUG org.asynchttpclient.netty.channel.ChannelManager - Adding key: http://localhost:61765 for channel [id: 0x37457d2e, L:/127.0.0.1:58258 - R:localhost/127.0.0.1:61765]
15:01:55.051 [Forwarding findElement on session b34e973d1071c1ff3d32e17ab70330aa to remote] DEBUG org.asynchttpclient.netty.request.NettyRequestSender - Using pooled Channel '[id: 0x37457d2e, L:/127.0.0.1:58258 - R:localhost/127.0.0.1:61765]' for 'POST' to 'http://localhost:61765/session/b34e973d1071c1ff3d32e17ab70330aa/element'
15:01:55.051 [Forwarding findElement on session b34e973d1071c1ff3d32e17ab70330aa to remote] DEBUG org.asynchttpclient.netty.request.NettyRequestSender - Using open Channel [id: 0x37457d2e, L:/127.0.0.1:58258 - R:localhost/127.0.0.1:61765] for POST '/session/b34e973d1071c1ff3d32e17ab70330aa/element'
15:01:55.064 [AsyncHttpClient-1-2] DEBUG org.asynchttpclient.netty.handler.HttpHandler - 

Request DefaultHttpRequest(decodeResult: success, version: HTTP/1.1)
POST /session/b34e973d1071c1ff3d32e17ab70330aa/element HTTP/1.1
User-Agent: selenium/4.1.2 (java windows)
Content-Length: 50
Content-Type: application/json; charset=utf-8
host: localhost:61765
accept: */*

Response DefaultHttpResponse(decodeResult: success, version: HTTP/1.1)
HTTP/1.1 200 OK
Content-Type: application/json; charset=utf-8
cache-control: no-cache
content-length: 88

15:01:55.064 [AsyncHttpClient-1-2] DEBUG org.asynchttpclient.netty.channel.ChannelManager - Adding key: http://localhost:61765 for channel [id: 0x37457d2e, L:/127.0.0.1:58258 - R:localhost/127.0.0.1:61765]
15:01:55.066 [Forwarding clickElement on session b34e973d1071c1ff3d32e17ab70330aa to remote] DEBUG org.asynchttpclient.netty.request.NettyRequestSender - Using pooled Channel '[id: 0x37457d2e, L:/127.0.0.1:58258 - R:localhost/127.0.0.1:61765]' for 'POST' to 'http://localhost:61765/session/b34e973d1071c1ff3d32e17ab70330aa/element/465bf8b9-e86c-43cb-b1b8-f471e75b2c19/click'
15:01:55.066 [Forwarding clickElement on session b34e973d1071c1ff3d32e17ab70330aa to remote] DEBUG org.asynchttpclient.netty.request.NettyRequestSender - Using open Channel [id: 0x37457d2e, L:/127.0.0.1:58258 - R:localhost/127.0.0.1:61765] for POST '/session/b34e973d1071c1ff3d32e17ab70330aa/element/465bf8b9-e86c-43cb-b1b8-f471e75b2c19/click'
15:01:55.107 [AsyncHttpClient-1-2] DEBUG org.asynchttpclient.netty.handler.HttpHandler - 

Request DefaultHttpRequest(decodeResult: success, version: HTTP/1.1)
POST /session/b34e973d1071c1ff3d32e17ab70330aa/element/465bf8b9-e86c-43cb-b1b8-f471e75b2c19/click HTTP/1.1
User-Agent: selenium/4.1.2 (java windows)
Content-Length: 50
Content-Type: application/json; charset=utf-8
host: localhost:61765
accept: */*

Response DefaultHttpResponse(decodeResult: success, version: HTTP/1.1)
HTTP/1.1 200 OK
Content-Type: application/json; charset=utf-8
cache-control: no-cache
content-length: 14

15:01:55.107 [AsyncHttpClient-1-2] DEBUG org.asynchttpclient.netty.channel.ChannelManager - Adding key: http://localhost:61765 for channel [id: 0x37457d2e, L:/127.0.0.1:58258 - R:localhost/127.0.0.1:61765]
  &amp#27;[32mAnd &amp#27;[0m&amp#27;[32mI click Login button&amp#27;[0m                             &amp#27;[90m# starter.stepdefinitions.LoginStep.iClickLoginButton()&amp#27;[0m
15:01:55.115 [Forwarding screenshot on session b34e973d1071c1ff3d32e17ab70330aa to remote] DEBUG org.asynchttpclient.netty.request.NettyRequestSender - Using pooled Channel '[id: 0x37457d2e, L:/127.0.0.1:58258 - R:localhost/127.0.0.1:61765]' for 'GET' to 'http://localhost:61765/session/b34e973d1071c1ff3d32e17ab70330aa/screenshot'
15:01:55.115 [Forwarding screenshot on session b34e973d1071c1ff3d32e17ab70330aa to remote] DEBUG org.asynchttpclient.netty.request.NettyRequestSender - Using open Channel [id: 0x37457d2e, L:/127.0.0.1:58258 - R:localhost/127.0.0.1:61765] for GET '/session/b34e973d1071c1ff3d32e17ab70330aa/screenshot'
15:01:55.322 [AsyncHttpClient-1-2] DEBUG org.asynchttpclient.netty.handler.HttpHandler - 

Request DefaultFullHttpRequest(decodeResult: success, version: HTTP/1.1, content: EmptyByteBufBE)
GET /session/b34e973d1071c1ff3d32e17ab70330aa/screenshot HTTP/1.1
User-Agent: selenium/4.1.2 (java windows)
Cache-Control: no-cache
Content-Type: application/json; charset=utf-8
host: localhost:61765
accept: */*

Response DefaultHttpResponse(decodeResult: success, version: HTTP/1.1)
HTTP/1.1 200 OK
Content-Type: application/json; charset=utf-8
cache-control: no-cache
content-length: 419080

15:01:55.324 [AsyncHttpClient-1-2] DEBUG org.asynchttpclient.netty.channel.ChannelManager - Adding key: http://localhost:61765 for channel [id: 0x37457d2e, L:/127.0.0.1:58258 - R:localhost/127.0.0.1:61765]
15:01:55.333 [main] DEBUG net.serenitybdd.core.photography.Darkroom - Send negative for processing for target\site\serenity\a104d9fb050d101fc0fa4ac1f08fef5426ae9b9c43a3c2d9d0d8c1ece8633eba.png
15:01:55.333 [Darkroom Processing Line] DEBUG net.serenitybdd.core.photography.DarkroomProcessingLine - Processing screenshot image in /var/screenshots/screenshot-208436578087502858
15:01:55.335 [Darkroom Processing Line] DEBUG net.serenitybdd.core.photography.DarkroomProcessingLine - Saving screenshot to target\site\serenity\a104d9fb050d101fc0fa4ac1f08fef5426ae9b9c43a3c2d9d0d8c1ece8633eba.png
15:01:55.342 [Forwarding findElement on session b34e973d1071c1ff3d32e17ab70330aa to remote] DEBUG org.asynchttpclient.netty.request.NettyRequestSender - Using pooled Channel '[id: 0x37457d2e, L:/127.0.0.1:58258 - R:localhost/127.0.0.1:61765]' for 'POST' to 'http://localhost:61765/session/b34e973d1071c1ff3d32e17ab70330aa/element'
15:01:55.342 [Forwarding findElement on session b34e973d1071c1ff3d32e17ab70330aa to remote] DEBUG org.asynchttpclient.netty.request.NettyRequestSender - Using open Channel [id: 0x37457d2e, L:/127.0.0.1:58258 - R:localhost/127.0.0.1:61765] for POST '/session/b34e973d1071c1ff3d32e17ab70330aa/element'
15:01:55.880 [AsyncHttpClient-1-1] DEBUG org.asynchttpclient.netty.channel.DefaultChannelPool - Entry count for : http://localhost:58259 : 1
15:01:56.349 [AsyncHttpClient-1-2] DEBUG org.asynchttpclient.netty.handler.HttpHandler - 

Request DefaultHttpRequest(decodeResult: success, version: HTTP/1.1)
POST /session/b34e973d1071c1ff3d32e17ab70330aa/element HTTP/1.1
User-Agent: selenium/4.1.2 (java windows)
Content-Length: 61
Content-Type: application/json; charset=utf-8
host: localhost:61765
accept: */*

Response DefaultHttpResponse(decodeResult: success, version: HTTP/1.1)
HTTP/1.1 200 OK
Content-Type: application/json; charset=utf-8
cache-control: no-cache
content-length: 88

15:01:56.349 [AsyncHttpClient-1-2] DEBUG org.asynchttpclient.netty.channel.ChannelManager - Adding key: http://localhost:61765 for channel [id: 0x37457d2e, L:/127.0.0.1:58258 - R:localhost/127.0.0.1:61765]
15:01:56.353 [Forwarding isElementDisplayed on session b34e973d1071c1ff3d32e17ab70330aa to remote] DEBUG org.asynchttpclient.netty.request.NettyRequestSender - Using pooled Channel '[id: 0x37457d2e, L:/127.0.0.1:58258 - R:localhost/127.0.0.1:61765]' for 'POST' to 'http://localhost:61765/session/b34e973d1071c1ff3d32e17ab70330aa/execute/sync'
15:01:56.353 [Forwarding isElementDisplayed on session b34e973d1071c1ff3d32e17ab70330aa to remote] DEBUG org.asynchttpclient.netty.request.NettyRequestSender - Using open Channel [id: 0x37457d2e, L:/127.0.0.1:58258 - R:localhost/127.0.0.1:61765] for POST '/session/b34e973d1071c1ff3d32e17ab70330aa/execute/sync'
15:01:56.365 [AsyncHttpClient-1-2] DEBUG org.asynchttpclient.netty.handler.HttpHandler - 

Request DefaultHttpRequest(decodeResult: success, version: HTTP/1.1)
POST /session/b34e973d1071c1ff3d32e17ab70330aa/execute/sync HTTP/1.1
User-Agent: selenium/4.1.2 (java windows)
Content-Length: 48780
Content-Type: application/json; charset=utf-8
host: localhost:61765
accept: */*

Response DefaultHttpResponse(decodeResult: success, version: HTTP/1.1)
HTTP/1.1 200 OK
Content-Type: application/json; charset=utf-8
cache-control: no-cache
content-length: 14

15:01:56.365 [AsyncHttpClient-1-2] DEBUG org.asynchttpclient.netty.channel.ChannelManager - Adding key: http://localhost:61765 for channel [id: 0x37457d2e, L:/127.0.0.1:58258 - R:localhost/127.0.0.1:61765]
  &amp#27;[32mThen &amp#27;[0m&amp#27;[32mI will go to dashboard&amp#27;[0m                          &amp#27;[90m# starter.stepdefinitions.LoginStep.iWillGoToDashboard()&amp#27;[0m
15:01:56.370 [Forwarding screenshot on session b34e973d1071c1ff3d32e17ab70330aa to remote] DEBUG org.asynchttpclient.netty.request.NettyRequestSender - Using pooled Channel '[id: 0x37457d2e, L:/127.0.0.1:58258 - R:localhost/127.0.0.1:61765]' for 'GET' to 'http://localhost:61765/session/b34e973d1071c1ff3d32e17ab70330aa/screenshot'
15:01:56.370 [Forwarding screenshot on session b34e973d1071c1ff3d32e17ab70330aa to remote] DEBUG org.asynchttpclient.netty.request.NettyRequestSender - Using open Channel [id: 0x37457d2e, L:/127.0.0.1:58258 - R:localhost/127.0.0.1:61765] for GET '/session/b34e973d1071c1ff3d32e17ab70330aa/screenshot'
15:01:56.563 [AsyncHttpClient-1-2] DEBUG org.asynchttpclient.netty.handler.HttpHandler - 

Request DefaultFullHttpRequest(decodeResult: success, version: HTTP/1.1, content: EmptyByteBufBE)
GET /session/b34e973d1071c1ff3d32e17ab70330aa/screenshot HTTP/1.1
User-Agent: selenium/4.1.2 (java windows)
Cache-Control: no-cache
Content-Type: application/json; charset=utf-8
host: localhost:61765
accept: */*

Response DefaultHttpResponse(decodeResult: success, version: HTTP/1.1)
HTTP/1.1 200 OK
Content-Type: application/json; charset=utf-8
cache-control: no-cache
content-length: 526456

15:01:56.565 [AsyncHttpClient-1-2] DEBUG org.asynchttpclient.netty.channel.ChannelManager - Adding key: http://localhost:61765 for channel [id: 0x37457d2e, L:/127.0.0.1:58258 - R:localhost/127.0.0.1:61765]
15:01:56.574 [main] DEBUG net.serenitybdd.core.photography.Darkroom - Send negative for processing for target\site\serenity\414cdb98ea5f0ff251993f9cd7408ffa49241952ee4288425c94a68def2c2877.png
15:01:56.574 [Darkroom Processing Line] DEBUG net.serenitybdd.core.photography.DarkroomProcessingLine - Processing screenshot image in /var/screenshots/screenshot-16935641678047769267
15:01:56.574 [Darkroom Processing Line] DEBUG net.serenitybdd.core.photography.DarkroomProcessingLine - Saving screenshot to target\site\serenity\414cdb98ea5f0ff251993f9cd7408ffa49241952ee4288425c94a68def2c2877.png
15:01:56.577 [main] INFO  - 
  _____   ___   ___   _____     ___     _     ___   ___   ___   ___  
 |_   _| | __| / __| |_   _|   | _ \   /_\   / __| / __| | __| |   \ 
   | |   | _|  \__ \   | |     |  _/  / _ \  \__ \ \__ \ | _|  | |) |
   |_|   |___| |___/   |_|     |_|   /_/ \_\ |___/ |___/ |___| |___/ 

Login with valid username and valid password
----------------------------------------------------------------------
15:01:56.662 [Driver Command Executor] DEBUG org.asynchttpclient.netty.request.NettyRequestSender - Using pooled Channel '[id: 0x37457d2e, L:/127.0.0.1:58258 - R:localhost/127.0.0.1:61765]' for 'DELETE' to 'http://localhost:61765/session/b34e973d1071c1ff3d32e17ab70330aa'
15:01:56.662 [Driver Command Executor] DEBUG org.asynchttpclient.netty.request.NettyRequestSender - Using open Channel [id: 0x37457d2e, L:/127.0.0.1:58258 - R:localhost/127.0.0.1:61765] for DELETE '/session/b34e973d1071c1ff3d32e17ab70330aa'
15:01:56.662 [AsyncHttpClient-1-4] DEBUG org.asynchttpclient.netty.handler.WebSocketHandler - Channel Closed: [id: 0x8c68d275, L:/127.0.0.1:58266 ! R:localhost/127.0.0.1:58259] with attribute NettyResponseFuture{currentRetry=5,
	isDone=1,
	isCancelled=0,
	asyncHandler=org.asynchttpclient.ws.WebSocketUpgradeHandler@3b1d98d7,
	nettyRequest=org.asynchttpclient.netty.request.NettyRequest@5815db65,
	future=java.util.concurrent.CompletableFuture@39a7f0a6[Completed normally],
	uri=ws://localhost:58259/devtools/browser/ee5ceff9-6d98-41c5-98d2-7e55a0cfaebb,
	keepAlive=true,
	redirectCount=0,
	timeoutsHolder=null,
	inAuth=0,
	touch=1664956900993}
15:01:56.663 [AsyncHttpClient-1-4] DEBUG org.asynchttpclient.netty.channel.ChannelManager - Closing Channel [id: 0x8c68d275, L:/127.0.0.1:58266 ! R:localhost/127.0.0.1:58259] 
15:01:56.721 [AsyncHttpClient-1-3] DEBUG org.asynchttpclient.netty.handler.HttpHandler - Unexpected I/O exception on channel [id: 0xd0e216b2, L:/127.0.0.1:58265 - R:localhost/127.0.0.1:58259]
java.io.IOException: An existing connection was forcibly closed by the remote host
	at java.base/sun.nio.ch.SocketDispatcher.read0(Native Method)
	at java.base/sun.nio.ch.SocketDispatcher.read(SocketDispatcher.java:43)
	at java.base/sun.nio.ch.IOUtil.readIntoNativeBuffer(IOUtil.java:276)
	at java.base/sun.nio.ch.IOUtil.read(IOUtil.java:233)
	at java.base/sun.nio.ch.IOUtil.read(IOUtil.java:223)
	at java.base/sun.nio.ch.SocketChannelImpl.read(SocketChannelImpl.java:358)
	at io.netty.buffer.PooledByteBuf.setBytes(PooledByteBuf.java:258)
	at io.netty.buffer.AbstractByteBuf.writeBytes(AbstractByteBuf.java:1132)
	at io.netty.channel.socket.nio.NioSocketChannel.doReadBytes(NioSocketChannel.java:350)
	at io.netty.channel.nio.AbstractNioByteChannel$NioByteUnsafe.read(AbstractNioByteChannel.java:151)
	at io.netty.channel.nio.NioEventLoop.processSelectedKey(NioEventLoop.java:722)
	at io.netty.channel.nio.NioEventLoop.processSelectedKeysOptimized(NioEventLoop.java:658)
	at io.netty.channel.nio.NioEventLoop.processSelectedKeys(NioEventLoop.java:584)
	at io.netty.channel.nio.NioEventLoop.run(NioEventLoop.java:496)
	at io.netty.util.concurrent.SingleThreadEventExecutor$4.run(SingleThreadEventExecutor.java:986)
	at io.netty.util.internal.ThreadExecutorMap$2.run(ThreadExecutorMap.java:74)
	at io.netty.util.concurrent.FastThreadLocalRunnable.run(FastThreadLocalRunnable.java:30)
	at java.base/java.lang.Thread.run(Thread.java:834)
15:01:56.721 [AsyncHttpClient-1-3] DEBUG org.asynchttpclient.netty.channel.ChannelManager - Closing Channel [id: 0xd0e216b2, L:/127.0.0.1:58265 - R:localhost/127.0.0.1:58259] 
15:01:56.723 [AsyncHttpClient-1-3] DEBUG org.asynchttpclient.netty.handler.HttpHandler - Channel Closed: [id: 0xd0e216b2, L:/127.0.0.1:58265 ! R:localhost/127.0.0.1:58259] with attribute DISCARD
15:01:56.739 [AsyncHttpClient-1-2] DEBUG org.asynchttpclient.netty.handler.HttpHandler - 

Request DefaultFullHttpRequest(decodeResult: success, version: HTTP/1.1, content: EmptyByteBufBE)
DELETE /session/b34e973d1071c1ff3d32e17ab70330aa HTTP/1.1
User-Agent: selenium/4.1.2 (java windows)
Content-Type: application/json; charset=utf-8
host: localhost:61765
accept: */*

Response DefaultHttpResponse(decodeResult: success, version: HTTP/1.1)
HTTP/1.1 200 OK
Content-Type: application/json; charset=utf-8
cache-control: no-cache
content-length: 14

15:01:56.739 [AsyncHttpClient-1-2] DEBUG org.asynchttpclient.netty.channel.ChannelManager - Adding key: http://localhost:61765 for channel [id: 0x37457d2e, L:/127.0.0.1:58258 - R:localhost/127.0.0.1:61765]
15:01:56.801 [AsyncHttpClient-1-2] DEBUG org.asynchttpclient.netty.handler.HttpHandler - Channel Closed: [id: 0x37457d2e, L:/127.0.0.1:58258 ! R:localhost/127.0.0.1:61765] with attribute DISCARD
]]></system-out>
    <system-err><![CDATA[Starting ChromeDriver 105.0.5195.52 (412c95e518836d8a7d97250d62b29c2ae6a26a85-refs/branch-heads/5195@{#853}) on port 61765
Only local connections are allowed.
Please see https://chromedriver.chromium.org/security-considerations for suggestions on keeping ChromeDriver safe.
ChromeDriver was started successfully.
[1664956900.772][WARNING]: This version of ChromeDriver has not been tested with Chrome version 106.
Oct 05, 2022 3:01:40 PM org.openqa.selenium.remote.ProtocolHandshake createSession
INFO: Detected dialect: W3C
Oct 05, 2022 3:01:40 PM org.openqa.selenium.devtools.CdpVersionFinder findNearestMatch
WARNING: Unable to find an exact match for CDP version 106, so returning the closest version found: a no-op implementation
Oct 05, 2022 3:01:40 PM org.openqa.selenium.devtools.CdpVersionFinder findNearestMatch
INFO: Unable to find CDP implementation matching 106.
Oct 05, 2022 3:01:40 PM org.openqa.selenium.chromium.ChromiumDriver lambda$new$3
WARNING: Unable to find version of CDP to use for . You may need to include a dependency on a specific version of the CDP using something similar to `org.seleniumhq.selenium:selenium-devtools-v86:4.1.2` where the version ("v86") matches the version of the chromium-based browser you're using and the version number of the artifact is the same as Selenium's.
]]></system-err>
  </testcase>
  <testcase name="Login with invalid username and valid password" classname="Login" time="14.705">
    <system-out><![CDATA[
Scenario: Login with invalid username and valid password &amp#27;[90m# src/test/resources/features/login.feature:15&amp#27;[0m
15:01:56.888 [main] INFO io.cucumber.core.plugin.SerenityReporter - Running feature from file:///D:/Ra/file%20kuliah/semester%207/resume%20alta/demoqa/src/test/resources/features/login.feature
15:01:56.891 [main] INFO  - 
  _____   ___   ___   _____     ___   _____     _     ___   _____   ___   ___  
 |_   _| | __| / __| |_   _|   / __| |_   _|   /_\   | _ \ |_   _| | __| |   \ 
   | |   | _|  \__ \   | |     \__ \   | |    / _ \  |   /   | |   | _|  | |) |
   |_|   |___| |___/   |_|     |___/   |_|   /_/ \_\ |_|_\   |_|   |___| |___/ 

Login with invalid username and valid password(login;login-with-invalid-username-and-valid-password)
--------------------------------------------------------------------------------
15:01:56.906 [main] INFO net.serenitybdd.core.webdriver.driverproviders.ChromeDriverProvider - Using automatically driver download
15:01:56.982 [AsyncHttpClient-1-1] DEBUG org.asynchttpclient.netty.channel.DefaultChannelPool - Entry count for : http://localhost:58259 : 1
15:01:56.982 [AsyncHttpClient-1-1] DEBUG org.asynchttpclient.netty.channel.DefaultChannelPool - Entry count for : http://localhost:61765 : 1
15:01:56.983 [AsyncHttpClient-1-1] DEBUG org.asynchttpclient.netty.channel.DefaultChannelPool - Adding Candidate expired Channel [id: 0xd0e216b2, L:/127.0.0.1:58265 ! R:localhost/127.0.0.1:58259] isIdleTimeoutExpired=false isRemotelyClosed=true isTtlExpired=false
15:01:56.983 [AsyncHttpClient-1-1] DEBUG org.asynchttpclient.netty.channel.DefaultChannelPool - Closing Idle Channel [id: 0xd0e216b2, L:/127.0.0.1:58265 ! R:localhost/127.0.0.1:58259]
15:01:56.986 [AsyncHttpClient-1-1] DEBUG org.asynchttpclient.netty.channel.DefaultChannelPool - Adding Candidate expired Channel [id: 0x37457d2e, L:/127.0.0.1:58258 ! R:localhost/127.0.0.1:61765] isIdleTimeoutExpired=false isRemotelyClosed=true isTtlExpired=false
15:01:56.987 [AsyncHttpClient-1-1] DEBUG org.asynchttpclient.netty.channel.DefaultChannelPool - Closing Idle Channel [id: 0x37457d2e, L:/127.0.0.1:58258 ! R:localhost/127.0.0.1:61765]
15:01:56.987 [AsyncHttpClient-1-1] DEBUG org.asynchttpclient.netty.channel.DefaultChannelPool - Closed 2 connections out of 2 in 5 ms
15:01:57.046 [main] DEBUG io.github.bonigarcia.wdm.cache.ResolutionCache - Resolution chrome=106 in cache (valid until 15:57:12 05/10/2022 ICT)
15:01:57.051 [main] DEBUG io.github.bonigarcia.wdm.cache.ResolutionCache - Resolution chrome106=106.0.5249.61 in cache (valid until 11:41:12 06/10/2022 ICT)
15:01:57.053 [main] INFO io.github.bonigarcia.wdm.WebDriverManager - Using chromedriver 106.0.5249.61 (resolved driver for Chrome 106)
15:01:57.067 [main] DEBUG io.github.bonigarcia.wdm.WebDriverManager - Driver chromedriver 106.0.5249.61 found in cache
15:01:57.068 [main] INFO io.github.bonigarcia.wdm.WebDriverManager - Exporting webdriver.chrome.driver as C:\Users\rilaa\.cache\selenium\chromedriver\win32\106.0.5249.61\chromedriver.exe
15:01:57.166 [main] DEBUG net.serenitybdd.core.webdriver.driverproviders.ProvideNewDriver - Instantiating driver
15:01:57.166 [main] DEBUG net.serenitybdd.core.webdriver.driverproviders.ProvideNewDriver - Driver capabilities: Capabilities {acceptInsecureCerts: false, base.url: https://demoqa.com/books, browserName: chrome, chrome.driver: src/test/resources/webdrive..., driver: chrome, goog:chromeOptions: {args: [], extensions: []}}
15:01:57.245 [AsyncHttpClient-1-5] DEBUG org.asynchttpclient.netty.channel.NettyConnectListener - Using new Channel '[id: 0x985b3bf8, L:/127.0.0.1:58356 - R:localhost/127.0.0.1:49698]' for 'POST' to '/session'
15:01:58.052 [AsyncHttpClient-1-5] DEBUG org.asynchttpclient.netty.handler.HttpHandler - 

Request DefaultHttpRequest(decodeResult: success, version: HTTP/1.1)
POST /session HTTP/1.1
User-Agent: selenium/4.1.2 (java windows)
Content-Length: 610
Content-Type: application/json; charset=utf-8
host: localhost:49698
accept: */*

Response DefaultHttpResponse(decodeResult: success, version: HTTP/1.1)
HTTP/1.1 200 OK
Content-Type: application/json; charset=utf-8
cache-control: no-cache
content-length: 788

15:01:58.053 [AsyncHttpClient-1-5] DEBUG org.asynchttpclient.netty.channel.ChannelManager - Adding key: http://localhost:49698 for channel [id: 0x985b3bf8, L:/127.0.0.1:58356 - R:localhost/127.0.0.1:49698]
15:01:58.065 [AsyncHttpClient-1-6] DEBUG org.asynchttpclient.netty.channel.NettyConnectListener - Using new Channel '[id: 0x6581ac0e, L:/127.0.0.1:58363 - R:localhost/127.0.0.1:58357]' for 'GET' to '/json/version'
15:01:58.071 [AsyncHttpClient-1-6] DEBUG org.asynchttpclient.netty.handler.HttpHandler - 

Request DefaultFullHttpRequest(decodeResult: success, version: HTTP/1.1, content: EmptyByteBufBE)
GET /json/version HTTP/1.1
User-Agent: selenium/4.1.2 (java windows)
host: localhost:58357
accept: */*

Response DefaultHttpResponse(decodeResult: success, version: HTTP/1.1)
HTTP/1.1 200 OK
Content-Type: application/json; charset=UTF-8
content-length: 423

15:01:58.071 [AsyncHttpClient-1-6] DEBUG org.asynchttpclient.netty.channel.ChannelManager - Adding key: http://localhost:58357 for channel [id: 0x6581ac0e, L:/127.0.0.1:58363 - R:localhost/127.0.0.1:58357]
15:01:58.077 [AsyncHttpClient-1-7] DEBUG org.asynchttpclient.netty.channel.NettyConnectListener - Using new Channel '[id: 0xd45b1c43, L:/127.0.0.1:58364 - R:localhost/127.0.0.1:58357]' for 'GET' to '/devtools/browser/8d31ed31-385c-4eef-b7c9-cb36c1d12bf3'
15:01:58.080 [AsyncHttpClient-1-1] DEBUG org.asynchttpclient.netty.channel.DefaultChannelPool - Entry count for : http://localhost:49698 : 1
15:01:58.080 [AsyncHttpClient-1-1] DEBUG org.asynchttpclient.netty.channel.DefaultChannelPool - Entry count for : http://localhost:58357 : 1
15:01:58.081 [AsyncHttpClient-1-7] DEBUG org.asynchttpclient.netty.handler.WebSocketHandler - 

Request DefaultFullHttpRequest(decodeResult: success, version: HTTP/1.1, content: EmptyByteBufBE)
GET /devtools/browser/8d31ed31-385c-4eef-b7c9-cb36c1d12bf3 HTTP/1.1
upgrade: websocket
connection: upgrade
sec-websocket-key: NRSbk/PPZfAY/5/gOS+fWQ==
sec-websocket-version: 13
origin: http://localhost:58357
host: localhost:58357
accept: */*
user-agent: AHC/2.1

Response DefaultHttpResponse(decodeResult: success, version: HTTP/1.1)
HTTP/1.1 101 WebSocket Protocol Handshake
Upgrade: WebSocket
Connection: Upgrade
Sec-WebSocket-Accept: uPJIWQ308sVUSsCHQ963K/MXf8s=

15:01:58.087 [Forwarding get on session ac9f2047c4485803ecd1de18d20311ed to remote] DEBUG org.asynchttpclient.netty.request.NettyRequestSender - Using pooled Channel '[id: 0x985b3bf8, L:/127.0.0.1:58356 - R:localhost/127.0.0.1:49698]' for 'POST' to 'http://localhost:49698/session/ac9f2047c4485803ecd1de18d20311ed/url'
15:01:58.087 [Forwarding get on session ac9f2047c4485803ecd1de18d20311ed to remote] DEBUG org.asynchttpclient.netty.request.NettyRequestSender - Using open Channel [id: 0x985b3bf8, L:/127.0.0.1:58356 - R:localhost/127.0.0.1:49698] for POST '/session/ac9f2047c4485803ecd1de18d20311ed/url'
15:01:59.184 [AsyncHttpClient-1-1] DEBUG org.asynchttpclient.netty.channel.DefaultChannelPool - Entry count for : http://localhost:58357 : 1
15:02:00.280 [AsyncHttpClient-1-1] DEBUG org.asynchttpclient.netty.channel.DefaultChannelPool - Entry count for : http://localhost:58357 : 1
15:02:01.381 [AsyncHttpClient-1-1] DEBUG org.asynchttpclient.netty.channel.DefaultChannelPool - Entry count for : http://localhost:58357 : 1
15:02:02.482 [AsyncHttpClient-1-1] DEBUG org.asynchttpclient.netty.channel.DefaultChannelPool - Entry count for : http://localhost:58357 : 1
15:02:03.588 [AsyncHttpClient-1-1] DEBUG org.asynchttpclient.netty.channel.DefaultChannelPool - Entry count for : http://localhost:58357 : 1
15:02:04.679 [AsyncHttpClient-1-1] DEBUG org.asynchttpclient.netty.channel.DefaultChannelPool - Entry count for : http://localhost:58357 : 1
15:02:05.784 [AsyncHttpClient-1-1] DEBUG org.asynchttpclient.netty.channel.DefaultChannelPool - Entry count for : http://localhost:58357 : 1
15:02:06.881 [AsyncHttpClient-1-1] DEBUG org.asynchttpclient.netty.channel.DefaultChannelPool - Entry count for : http://localhost:58357 : 1
15:02:07.989 [AsyncHttpClient-1-1] DEBUG org.asynchttpclient.netty.channel.DefaultChannelPool - Entry count for : http://localhost:58357 : 1
15:02:08.817 [AsyncHttpClient-1-5] DEBUG org.asynchttpclient.netty.handler.HttpHandler - 

Request DefaultHttpRequest(decodeResult: success, version: HTTP/1.1)
POST /session/ac9f2047c4485803ecd1de18d20311ed/url HTTP/1.1
User-Agent: selenium/4.1.2 (java windows)
Content-Length: 60
Content-Type: application/json; charset=utf-8
host: localhost:49698
accept: */*

Response DefaultHttpResponse(decodeResult: success, version: HTTP/1.1)
HTTP/1.1 200 OK
Content-Type: application/json; charset=utf-8
cache-control: no-cache
content-length: 14

15:02:08.817 [AsyncHttpClient-1-5] DEBUG org.asynchttpclient.netty.channel.ChannelManager - Adding key: http://localhost:49698 for channel [id: 0x985b3bf8, L:/127.0.0.1:58356 - R:localhost/127.0.0.1:49698]
15:02:08.818 [Forwarding setTimeout on session ac9f2047c4485803ecd1de18d20311ed to remote] DEBUG org.asynchttpclient.netty.request.NettyRequestSender - Using pooled Channel '[id: 0x985b3bf8, L:/127.0.0.1:58356 - R:localhost/127.0.0.1:49698]' for 'POST' to 'http://localhost:49698/session/ac9f2047c4485803ecd1de18d20311ed/timeouts'
15:02:08.818 [Forwarding setTimeout on session ac9f2047c4485803ecd1de18d20311ed to remote] DEBUG org.asynchttpclient.netty.request.NettyRequestSender - Using open Channel [id: 0x985b3bf8, L:/127.0.0.1:58356 - R:localhost/127.0.0.1:49698] for POST '/session/ac9f2047c4485803ecd1de18d20311ed/timeouts'
15:02:08.819 [AsyncHttpClient-1-5] DEBUG org.asynchttpclient.netty.handler.HttpHandler - 

Request DefaultHttpRequest(decodeResult: success, version: HTTP/1.1)
POST /session/ac9f2047c4485803ecd1de18d20311ed/timeouts HTTP/1.1
User-Agent: selenium/4.1.2 (java windows)
Content-Length: 22
Content-Type: application/json; charset=utf-8
host: localhost:49698
accept: */*

Response DefaultHttpResponse(decodeResult: success, version: HTTP/1.1)
HTTP/1.1 200 OK
Content-Type: application/json; charset=utf-8
cache-control: no-cache
content-length: 14

15:02:08.819 [AsyncHttpClient-1-5] DEBUG org.asynchttpclient.netty.channel.ChannelManager - Adding key: http://localhost:49698 for channel [id: 0x985b3bf8, L:/127.0.0.1:58356 - R:localhost/127.0.0.1:49698]
15:02:08.821 [Forwarding getCurrentUrl on session ac9f2047c4485803ecd1de18d20311ed to remote] DEBUG org.asynchttpclient.netty.request.NettyRequestSender - Using pooled Channel '[id: 0x985b3bf8, L:/127.0.0.1:58356 - R:localhost/127.0.0.1:49698]' for 'GET' to 'http://localhost:49698/session/ac9f2047c4485803ecd1de18d20311ed/url'
15:02:08.821 [Forwarding getCurrentUrl on session ac9f2047c4485803ecd1de18d20311ed to remote] DEBUG org.asynchttpclient.netty.request.NettyRequestSender - Using open Channel [id: 0x985b3bf8, L:/127.0.0.1:58356 - R:localhost/127.0.0.1:49698] for GET '/session/ac9f2047c4485803ecd1de18d20311ed/url'
15:02:08.826 [AsyncHttpClient-1-5] DEBUG org.asynchttpclient.netty.handler.HttpHandler - 

Request DefaultFullHttpRequest(decodeResult: success, version: HTTP/1.1, content: EmptyByteBufBE)
GET /session/ac9f2047c4485803ecd1de18d20311ed/url HTTP/1.1
User-Agent: selenium/4.1.2 (java windows)
Cache-Control: no-cache
Content-Type: application/json; charset=utf-8
host: localhost:49698
accept: */*

Response DefaultHttpResponse(decodeResult: success, version: HTTP/1.1)
HTTP/1.1 200 OK
Content-Type: application/json; charset=utf-8
cache-control: no-cache
content-length: 37

15:02:08.826 [AsyncHttpClient-1-5] DEBUG org.asynchttpclient.netty.channel.ChannelManager - Adding key: http://localhost:49698 for channel [id: 0x985b3bf8, L:/127.0.0.1:58356 - R:localhost/127.0.0.1:49698]
  &amp#27;[32mGiven &amp#27;[0m&amp#27;[32mI am on the books page&amp#27;[0m                           &amp#27;[90m# starter.stepdefinitions.LoginStep.iAmOnTheBooksPage()&amp#27;[0m
15:02:08.833 [Forwarding screenshot on session ac9f2047c4485803ecd1de18d20311ed to remote] DEBUG org.asynchttpclient.netty.request.NettyRequestSender - Using pooled Channel '[id: 0x985b3bf8, L:/127.0.0.1:58356 - R:localhost/127.0.0.1:49698]' for 'GET' to 'http://localhost:49698/session/ac9f2047c4485803ecd1de18d20311ed/screenshot'
15:02:08.833 [Forwarding screenshot on session ac9f2047c4485803ecd1de18d20311ed to remote] DEBUG org.asynchttpclient.netty.request.NettyRequestSender - Using open Channel [id: 0x985b3bf8, L:/127.0.0.1:58356 - R:localhost/127.0.0.1:49698] for GET '/session/ac9f2047c4485803ecd1de18d20311ed/screenshot'
15:02:09.016 [AsyncHttpClient-1-5] DEBUG org.asynchttpclient.netty.handler.HttpHandler - 

Request DefaultFullHttpRequest(decodeResult: success, version: HTTP/1.1, content: EmptyByteBufBE)
GET /session/ac9f2047c4485803ecd1de18d20311ed/screenshot HTTP/1.1
User-Agent: selenium/4.1.2 (java windows)
Cache-Control: no-cache
Content-Type: application/json; charset=utf-8
host: localhost:49698
accept: */*

Response DefaultHttpResponse(decodeResult: success, version: HTTP/1.1)
HTTP/1.1 200 OK
Content-Type: application/json; charset=utf-8
cache-control: no-cache
content-length: 381608

15:02:09.018 [AsyncHttpClient-1-5] DEBUG org.asynchttpclient.netty.channel.ChannelManager - Adding key: http://localhost:49698 for channel [id: 0x985b3bf8, L:/127.0.0.1:58356 - R:localhost/127.0.0.1:49698]
15:02:09.035 [main] DEBUG net.serenitybdd.core.photography.Darkroom - Send negative for processing for target\site\serenity\3ad596b784516ac75d89a01f305745b5ee3c93e21240bcac35ac3fb511c1fd0b.png
15:02:09.035 [Darkroom Processing Line] DEBUG net.serenitybdd.core.photography.DarkroomProcessingLine - Processing screenshot image in /var/screenshots/screenshot-9038590417164651150
15:02:09.035 [Darkroom Processing Line] DEBUG net.serenitybdd.core.photography.DarkroomProcessingLine - Saving screenshot to target\site\serenity\3ad596b784516ac75d89a01f305745b5ee3c93e21240bcac35ac3fb511c1fd0b.png
15:02:09.046 [Forwarding findElement on session ac9f2047c4485803ecd1de18d20311ed to remote] DEBUG org.asynchttpclient.netty.request.NettyRequestSender - Using pooled Channel '[id: 0x985b3bf8, L:/127.0.0.1:58356 - R:localhost/127.0.0.1:49698]' for 'POST' to 'http://localhost:49698/session/ac9f2047c4485803ecd1de18d20311ed/element'
15:02:09.047 [Forwarding findElement on session ac9f2047c4485803ecd1de18d20311ed to remote] DEBUG org.asynchttpclient.netty.request.NettyRequestSender - Using open Channel [id: 0x985b3bf8, L:/127.0.0.1:58356 - R:localhost/127.0.0.1:49698] for POST '/session/ac9f2047c4485803ecd1de18d20311ed/element'
15:02:09.056 [AsyncHttpClient-1-5] DEBUG org.asynchttpclient.netty.handler.HttpHandler - 

Request DefaultHttpRequest(decodeResult: success, version: HTTP/1.1)
POST /session/ac9f2047c4485803ecd1de18d20311ed/element HTTP/1.1
User-Agent: selenium/4.1.2 (java windows)
Content-Length: 50
Content-Type: application/json; charset=utf-8
host: localhost:49698
accept: */*

Response DefaultHttpResponse(decodeResult: success, version: HTTP/1.1)
HTTP/1.1 200 OK
Content-Type: application/json; charset=utf-8
cache-control: no-cache
content-length: 88

15:02:09.056 [AsyncHttpClient-1-5] DEBUG org.asynchttpclient.netty.channel.ChannelManager - Adding key: http://localhost:49698 for channel [id: 0x985b3bf8, L:/127.0.0.1:58356 - R:localhost/127.0.0.1:49698]
15:02:09.059 [Forwarding getElementTagName on session ac9f2047c4485803ecd1de18d20311ed to remote] DEBUG org.asynchttpclient.netty.request.NettyRequestSender - Using pooled Channel '[id: 0x985b3bf8, L:/127.0.0.1:58356 - R:localhost/127.0.0.1:49698]' for 'GET' to 'http://localhost:49698/session/ac9f2047c4485803ecd1de18d20311ed/element/1b239a8d-c2d7-4fce-ba36-584cebb90afd/name'
15:02:09.060 [Forwarding getElementTagName on session ac9f2047c4485803ecd1de18d20311ed to remote] DEBUG org.asynchttpclient.netty.request.NettyRequestSender - Using open Channel [id: 0x985b3bf8, L:/127.0.0.1:58356 - R:localhost/127.0.0.1:49698] for GET '/session/ac9f2047c4485803ecd1de18d20311ed/element/1b239a8d-c2d7-4fce-ba36-584cebb90afd/name'
15:02:09.064 [AsyncHttpClient-1-5] DEBUG org.asynchttpclient.netty.handler.HttpHandler - 

Request DefaultFullHttpRequest(decodeResult: success, version: HTTP/1.1, content: EmptyByteBufBE)
GET /session/ac9f2047c4485803ecd1de18d20311ed/element/1b239a8d-c2d7-4fce-ba36-584cebb90afd/name HTTP/1.1
User-Agent: selenium/4.1.2 (java windows)
Cache-Control: no-cache
Content-Type: application/json; charset=utf-8
host: localhost:49698
accept: */*

Response DefaultHttpResponse(decodeResult: success, version: HTTP/1.1)
HTTP/1.1 200 OK
Content-Type: application/json; charset=utf-8
cache-control: no-cache
content-length: 18

15:02:09.064 [AsyncHttpClient-1-5] DEBUG org.asynchttpclient.netty.channel.ChannelManager - Adding key: http://localhost:49698 for channel [id: 0x985b3bf8, L:/127.0.0.1:58356 - R:localhost/127.0.0.1:49698]
15:02:09.066 [Forwarding getElementTagName on session ac9f2047c4485803ecd1de18d20311ed to remote] DEBUG org.asynchttpclient.netty.request.NettyRequestSender - Using pooled Channel '[id: 0x985b3bf8, L:/127.0.0.1:58356 - R:localhost/127.0.0.1:49698]' for 'GET' to 'http://localhost:49698/session/ac9f2047c4485803ecd1de18d20311ed/element/1b239a8d-c2d7-4fce-ba36-584cebb90afd/name'
15:02:09.066 [Forwarding getElementTagName on session ac9f2047c4485803ecd1de18d20311ed to remote] DEBUG org.asynchttpclient.netty.request.NettyRequestSender - Using open Channel [id: 0x985b3bf8, L:/127.0.0.1:58356 - R:localhost/127.0.0.1:49698] for GET '/session/ac9f2047c4485803ecd1de18d20311ed/element/1b239a8d-c2d7-4fce-ba36-584cebb90afd/name'
15:02:09.069 [AsyncHttpClient-1-5] DEBUG org.asynchttpclient.netty.handler.HttpHandler - 

Request DefaultFullHttpRequest(decodeResult: success, version: HTTP/1.1, content: EmptyByteBufBE)
GET /session/ac9f2047c4485803ecd1de18d20311ed/element/1b239a8d-c2d7-4fce-ba36-584cebb90afd/name HTTP/1.1
User-Agent: selenium/4.1.2 (java windows)
Cache-Control: no-cache
Content-Type: application/json; charset=utf-8
host: localhost:49698
accept: */*

Response DefaultHttpResponse(decodeResult: success, version: HTTP/1.1)
HTTP/1.1 200 OK
Content-Type: application/json; charset=utf-8
cache-control: no-cache
content-length: 18

15:02:09.069 [AsyncHttpClient-1-5] DEBUG org.asynchttpclient.netty.channel.ChannelManager - Adding key: http://localhost:49698 for channel [id: 0x985b3bf8, L:/127.0.0.1:58356 - R:localhost/127.0.0.1:49698]
15:02:09.072 [Forwarding isElementEnabled on session ac9f2047c4485803ecd1de18d20311ed to remote] DEBUG org.asynchttpclient.netty.request.NettyRequestSender - Using pooled Channel '[id: 0x985b3bf8, L:/127.0.0.1:58356 - R:localhost/127.0.0.1:49698]' for 'GET' to 'http://localhost:49698/session/ac9f2047c4485803ecd1de18d20311ed/element/1b239a8d-c2d7-4fce-ba36-584cebb90afd/enabled'
15:02:09.072 [Forwarding isElementEnabled on session ac9f2047c4485803ecd1de18d20311ed to remote] DEBUG org.asynchttpclient.netty.request.NettyRequestSender - Using open Channel [id: 0x985b3bf8, L:/127.0.0.1:58356 - R:localhost/127.0.0.1:49698] for GET '/session/ac9f2047c4485803ecd1de18d20311ed/element/1b239a8d-c2d7-4fce-ba36-584cebb90afd/enabled'
15:02:09.080 [AsyncHttpClient-1-1] DEBUG org.asynchttpclient.netty.channel.DefaultChannelPool - Entry count for : http://localhost:58357 : 1
15:02:09.080 [AsyncHttpClient-1-5] DEBUG org.asynchttpclient.netty.handler.HttpHandler - 

Request DefaultFullHttpRequest(decodeResult: success, version: HTTP/1.1, content: EmptyByteBufBE)
GET /session/ac9f2047c4485803ecd1de18d20311ed/element/1b239a8d-c2d7-4fce-ba36-584cebb90afd/enabled HTTP/1.1
User-Agent: selenium/4.1.2 (java windows)
Cache-Control: no-cache
Content-Type: application/json; charset=utf-8
host: localhost:49698
accept: */*

Response DefaultHttpResponse(decodeResult: success, version: HTTP/1.1)
HTTP/1.1 200 OK
Content-Type: application/json; charset=utf-8
cache-control: no-cache
content-length: 14

15:02:09.080 [AsyncHttpClient-1-5] DEBUG org.asynchttpclient.netty.channel.ChannelManager - Adding key: http://localhost:49698 for channel [id: 0x985b3bf8, L:/127.0.0.1:58356 - R:localhost/127.0.0.1:49698]
15:02:09.081 [Forwarding isElementEnabled on session ac9f2047c4485803ecd1de18d20311ed to remote] DEBUG org.asynchttpclient.netty.request.NettyRequestSender - Using pooled Channel '[id: 0x985b3bf8, L:/127.0.0.1:58356 - R:localhost/127.0.0.1:49698]' for 'GET' to 'http://localhost:49698/session/ac9f2047c4485803ecd1de18d20311ed/element/1b239a8d-c2d7-4fce-ba36-584cebb90afd/enabled'
15:02:09.082 [Forwarding isElementEnabled on session ac9f2047c4485803ecd1de18d20311ed to remote] DEBUG org.asynchttpclient.netty.request.NettyRequestSender - Using open Channel [id: 0x985b3bf8, L:/127.0.0.1:58356 - R:localhost/127.0.0.1:49698] for GET '/session/ac9f2047c4485803ecd1de18d20311ed/element/1b239a8d-c2d7-4fce-ba36-584cebb90afd/enabled'
15:02:09.090 [AsyncHttpClient-1-5] DEBUG org.asynchttpclient.netty.handler.HttpHandler - 

Request DefaultFullHttpRequest(decodeResult: success, version: HTTP/1.1, content: EmptyByteBufBE)
GET /session/ac9f2047c4485803ecd1de18d20311ed/element/1b239a8d-c2d7-4fce-ba36-584cebb90afd/enabled HTTP/1.1
User-Agent: selenium/4.1.2 (java windows)
Cache-Control: no-cache
Content-Type: application/json; charset=utf-8
host: localhost:49698
accept: */*

Response DefaultHttpResponse(decodeResult: success, version: HTTP/1.1)
HTTP/1.1 200 OK
Content-Type: application/json; charset=utf-8
cache-control: no-cache
content-length: 14

15:02:09.090 [AsyncHttpClient-1-5] DEBUG org.asynchttpclient.netty.channel.ChannelManager - Adding key: http://localhost:49698 for channel [id: 0x985b3bf8, L:/127.0.0.1:58356 - R:localhost/127.0.0.1:49698]
15:02:09.095 [Forwarding findElement on session ac9f2047c4485803ecd1de18d20311ed to remote] DEBUG org.asynchttpclient.netty.request.NettyRequestSender - Using pooled Channel '[id: 0x985b3bf8, L:/127.0.0.1:58356 - R:localhost/127.0.0.1:49698]' for 'POST' to 'http://localhost:49698/session/ac9f2047c4485803ecd1de18d20311ed/element'
15:02:09.095 [Forwarding findElement on session ac9f2047c4485803ecd1de18d20311ed to remote] DEBUG org.asynchttpclient.netty.request.NettyRequestSender - Using open Channel [id: 0x985b3bf8, L:/127.0.0.1:58356 - R:localhost/127.0.0.1:49698] for POST '/session/ac9f2047c4485803ecd1de18d20311ed/element'
15:02:09.262 [AsyncHttpClient-1-5] DEBUG org.asynchttpclient.netty.handler.HttpHandler - 

Request DefaultHttpRequest(decodeResult: success, version: HTTP/1.1)
POST /session/ac9f2047c4485803ecd1de18d20311ed/element HTTP/1.1
User-Agent: selenium/4.1.2 (java windows)
Content-Length: 50
Content-Type: application/json; charset=utf-8
host: localhost:49698
accept: */*

Response DefaultHttpResponse(decodeResult: success, version: HTTP/1.1)
HTTP/1.1 200 OK
Content-Type: application/json; charset=utf-8
cache-control: no-cache
content-length: 88

15:02:09.262 [AsyncHttpClient-1-5] DEBUG org.asynchttpclient.netty.channel.ChannelManager - Adding key: http://localhost:49698 for channel [id: 0x985b3bf8, L:/127.0.0.1:58356 - R:localhost/127.0.0.1:49698]
15:02:09.264 [Forwarding clickElement on session ac9f2047c4485803ecd1de18d20311ed to remote] DEBUG org.asynchttpclient.netty.request.NettyRequestSender - Using pooled Channel '[id: 0x985b3bf8, L:/127.0.0.1:58356 - R:localhost/127.0.0.1:49698]' for 'POST' to 'http://localhost:49698/session/ac9f2047c4485803ecd1de18d20311ed/element/1b239a8d-c2d7-4fce-ba36-584cebb90afd/click'
15:02:09.264 [Forwarding clickElement on session ac9f2047c4485803ecd1de18d20311ed to remote] DEBUG org.asynchttpclient.netty.request.NettyRequestSender - Using open Channel [id: 0x985b3bf8, L:/127.0.0.1:58356 - R:localhost/127.0.0.1:49698] for POST '/session/ac9f2047c4485803ecd1de18d20311ed/element/1b239a8d-c2d7-4fce-ba36-584cebb90afd/click'
15:02:09.322 [AsyncHttpClient-1-5] DEBUG org.asynchttpclient.netty.handler.HttpHandler - 

Request DefaultHttpRequest(decodeResult: success, version: HTTP/1.1)
POST /session/ac9f2047c4485803ecd1de18d20311ed/element/1b239a8d-c2d7-4fce-ba36-584cebb90afd/click HTTP/1.1
User-Agent: selenium/4.1.2 (java windows)
Content-Length: 50
Content-Type: application/json; charset=utf-8
host: localhost:49698
accept: */*

Response DefaultHttpResponse(decodeResult: success, version: HTTP/1.1)
HTTP/1.1 200 OK
Content-Type: application/json; charset=utf-8
cache-control: no-cache
content-length: 14

15:02:09.323 [AsyncHttpClient-1-5] DEBUG org.asynchttpclient.netty.channel.ChannelManager - Adding key: http://localhost:49698 for channel [id: 0x985b3bf8, L:/127.0.0.1:58356 - R:localhost/127.0.0.1:49698]
  &amp#27;[32mAnd &amp#27;[0m&amp#27;[32mI click Login button&amp#27;[0m                               &amp#27;[90m# starter.stepdefinitions.LoginStep.iClickLoginButton()&amp#27;[0m
15:02:09.332 [Forwarding screenshot on session ac9f2047c4485803ecd1de18d20311ed to remote] DEBUG org.asynchttpclient.netty.request.NettyRequestSender - Using pooled Channel '[id: 0x985b3bf8, L:/127.0.0.1:58356 - R:localhost/127.0.0.1:49698]' for 'GET' to 'http://localhost:49698/session/ac9f2047c4485803ecd1de18d20311ed/screenshot'
15:02:09.332 [Forwarding screenshot on session ac9f2047c4485803ecd1de18d20311ed to remote] DEBUG org.asynchttpclient.netty.request.NettyRequestSender - Using open Channel [id: 0x985b3bf8, L:/127.0.0.1:58356 - R:localhost/127.0.0.1:49698] for GET '/session/ac9f2047c4485803ecd1de18d20311ed/screenshot'
15:02:09.566 [AsyncHttpClient-1-5] DEBUG org.asynchttpclient.netty.handler.HttpHandler - 

Request DefaultFullHttpRequest(decodeResult: success, version: HTTP/1.1, content: EmptyByteBufBE)
GET /session/ac9f2047c4485803ecd1de18d20311ed/screenshot HTTP/1.1
User-Agent: selenium/4.1.2 (java windows)
Cache-Control: no-cache
Content-Type: application/json; charset=utf-8
host: localhost:49698
accept: */*

Response DefaultHttpResponse(decodeResult: success, version: HTTP/1.1)
HTTP/1.1 200 OK
Content-Type: application/json; charset=utf-8
cache-control: no-cache
content-length: 347900

15:02:09.567 [AsyncHttpClient-1-5] DEBUG org.asynchttpclient.netty.channel.ChannelManager - Adding key: http://localhost:49698 for channel [id: 0x985b3bf8, L:/127.0.0.1:58356 - R:localhost/127.0.0.1:49698]
15:02:09.589 [main] DEBUG net.serenitybdd.core.photography.Darkroom - Send negative for processing for target\site\serenity\27a721991ecb0595506e8b56dd360f217d5d32cff2104bf411459008e3d6a659.png
15:02:09.589 [Darkroom Processing Line] DEBUG net.serenitybdd.core.photography.DarkroomProcessingLine - Processing screenshot image in /var/screenshots/screenshot-9349709991836277168
15:02:09.589 [Darkroom Processing Line] DEBUG net.serenitybdd.core.photography.DarkroomProcessingLine - Saving screenshot to target\site\serenity\27a721991ecb0595506e8b56dd360f217d5d32cff2104bf411459008e3d6a659.png
15:02:09.598 [Forwarding findElement on session ac9f2047c4485803ecd1de18d20311ed to remote] DEBUG org.asynchttpclient.netty.request.NettyRequestSender - Using pooled Channel '[id: 0x985b3bf8, L:/127.0.0.1:58356 - R:localhost/127.0.0.1:49698]' for 'POST' to 'http://localhost:49698/session/ac9f2047c4485803ecd1de18d20311ed/element'
15:02:09.599 [Forwarding findElement on session ac9f2047c4485803ecd1de18d20311ed to remote] DEBUG org.asynchttpclient.netty.request.NettyRequestSender - Using open Channel [id: 0x985b3bf8, L:/127.0.0.1:58356 - R:localhost/127.0.0.1:49698] for POST '/session/ac9f2047c4485803ecd1de18d20311ed/element'
15:02:09.619 [AsyncHttpClient-1-5] DEBUG org.asynchttpclient.netty.handler.HttpHandler - 

Request DefaultHttpRequest(decodeResult: success, version: HTTP/1.1)
POST /session/ac9f2047c4485803ecd1de18d20311ed/element HTTP/1.1
User-Agent: selenium/4.1.2 (java windows)
Content-Length: 51
Content-Type: application/json; charset=utf-8
host: localhost:49698
accept: */*

Response DefaultHttpResponse(decodeResult: success, version: HTTP/1.1)
HTTP/1.1 200 OK
Content-Type: application/json; charset=utf-8
cache-control: no-cache
content-length: 88

15:02:09.619 [AsyncHttpClient-1-5] DEBUG org.asynchttpclient.netty.channel.ChannelManager - Adding key: http://localhost:49698 for channel [id: 0x985b3bf8, L:/127.0.0.1:58356 - R:localhost/127.0.0.1:49698]
15:02:09.624 [Forwarding isElementDisplayed on session ac9f2047c4485803ecd1de18d20311ed to remote] DEBUG org.asynchttpclient.netty.request.NettyRequestSender - Using pooled Channel '[id: 0x985b3bf8, L:/127.0.0.1:58356 - R:localhost/127.0.0.1:49698]' for 'POST' to 'http://localhost:49698/session/ac9f2047c4485803ecd1de18d20311ed/execute/sync'
15:02:09.624 [Forwarding isElementDisplayed on session ac9f2047c4485803ecd1de18d20311ed to remote] DEBUG org.asynchttpclient.netty.request.NettyRequestSender - Using open Channel [id: 0x985b3bf8, L:/127.0.0.1:58356 - R:localhost/127.0.0.1:49698] for POST '/session/ac9f2047c4485803ecd1de18d20311ed/execute/sync'
15:02:09.637 [AsyncHttpClient-1-5] DEBUG org.asynchttpclient.netty.handler.HttpHandler - 

Request DefaultHttpRequest(decodeResult: success, version: HTTP/1.1)
POST /session/ac9f2047c4485803ecd1de18d20311ed/execute/sync HTTP/1.1
User-Agent: selenium/4.1.2 (java windows)
Content-Length: 48780
Content-Type: application/json; charset=utf-8
host: localhost:49698
accept: */*

Response DefaultHttpResponse(decodeResult: success, version: HTTP/1.1)
HTTP/1.1 200 OK
Content-Type: application/json; charset=utf-8
cache-control: no-cache
content-length: 14

15:02:09.638 [AsyncHttpClient-1-5] DEBUG org.asynchttpclient.netty.channel.ChannelManager - Adding key: http://localhost:49698 for channel [id: 0x985b3bf8, L:/127.0.0.1:58356 - R:localhost/127.0.0.1:49698]
15:02:09.641 [Forwarding findElement on session ac9f2047c4485803ecd1de18d20311ed to remote] DEBUG org.asynchttpclient.netty.request.NettyRequestSender - Using pooled Channel '[id: 0x985b3bf8, L:/127.0.0.1:58356 - R:localhost/127.0.0.1:49698]' for 'POST' to 'http://localhost:49698/session/ac9f2047c4485803ecd1de18d20311ed/element'
15:02:09.641 [Forwarding findElement on session ac9f2047c4485803ecd1de18d20311ed to remote] DEBUG org.asynchttpclient.netty.request.NettyRequestSender - Using open Channel [id: 0x985b3bf8, L:/127.0.0.1:58356 - R:localhost/127.0.0.1:49698] for POST '/session/ac9f2047c4485803ecd1de18d20311ed/element'
15:02:09.651 [AsyncHttpClient-1-5] DEBUG org.asynchttpclient.netty.handler.HttpHandler - 

Request DefaultHttpRequest(decodeResult: success, version: HTTP/1.1)
POST /session/ac9f2047c4485803ecd1de18d20311ed/element HTTP/1.1
User-Agent: selenium/4.1.2 (java windows)
Content-Length: 53
Content-Type: application/json; charset=utf-8
host: localhost:49698
accept: */*

Response DefaultHttpResponse(decodeResult: success, version: HTTP/1.1)
HTTP/1.1 200 OK
Content-Type: application/json; charset=utf-8
cache-control: no-cache
content-length: 88

15:02:09.652 [AsyncHttpClient-1-5] DEBUG org.asynchttpclient.netty.channel.ChannelManager - Adding key: http://localhost:49698 for channel [id: 0x985b3bf8, L:/127.0.0.1:58356 - R:localhost/127.0.0.1:49698]
15:02:09.653 [Forwarding sendKeysToElement on session ac9f2047c4485803ecd1de18d20311ed to remote] DEBUG org.asynchttpclient.netty.request.NettyRequestSender - Using pooled Channel '[id: 0x985b3bf8, L:/127.0.0.1:58356 - R:localhost/127.0.0.1:49698]' for 'POST' to 'http://localhost:49698/session/ac9f2047c4485803ecd1de18d20311ed/element/3fa1eeea-93c7-4a76-b0cb-802e9c8ca117/value'
15:02:09.653 [Forwarding sendKeysToElement on session ac9f2047c4485803ecd1de18d20311ed to remote] DEBUG org.asynchttpclient.netty.request.NettyRequestSender - Using open Channel [id: 0x985b3bf8, L:/127.0.0.1:58356 - R:localhost/127.0.0.1:49698] for POST '/session/ac9f2047c4485803ecd1de18d20311ed/element/3fa1eeea-93c7-4a76-b0cb-802e9c8ca117/value'
15:02:09.682 [AsyncHttpClient-1-5] DEBUG org.asynchttpclient.netty.handler.HttpHandler - 

Request DefaultHttpRequest(decodeResult: success, version: HTTP/1.1)
POST /session/ac9f2047c4485803ecd1de18d20311ed/element/3fa1eeea-93c7-4a76-b0cb-802e9c8ca117/value HTTP/1.1
User-Agent: selenium/4.1.2 (java windows)
Content-Length: 95
Content-Type: application/json; charset=utf-8
host: localhost:49698
accept: */*

Response DefaultHttpResponse(decodeResult: success, version: HTTP/1.1)
HTTP/1.1 200 OK
Content-Type: application/json; charset=utf-8
cache-control: no-cache
content-length: 14

15:02:09.682 [AsyncHttpClient-1-5] DEBUG org.asynchttpclient.netty.channel.ChannelManager - Adding key: http://localhost:49698 for channel [id: 0x985b3bf8, L:/127.0.0.1:58356 - R:localhost/127.0.0.1:49698]
  &amp#27;[32mAnd &amp#27;[0m&amp#27;[32mI will go to login page&amp#27;[0m                            &amp#27;[90m# starter.stepdefinitions.LoginStep.iWillGoToLoginPage()&amp#27;[0m
15:02:09.686 [Forwarding screenshot on session ac9f2047c4485803ecd1de18d20311ed to remote] DEBUG org.asynchttpclient.netty.request.NettyRequestSender - Using pooled Channel '[id: 0x985b3bf8, L:/127.0.0.1:58356 - R:localhost/127.0.0.1:49698]' for 'GET' to 'http://localhost:49698/session/ac9f2047c4485803ecd1de18d20311ed/screenshot'
15:02:09.686 [Forwarding screenshot on session ac9f2047c4485803ecd1de18d20311ed to remote] DEBUG org.asynchttpclient.netty.request.NettyRequestSender - Using open Channel [id: 0x985b3bf8, L:/127.0.0.1:58356 - R:localhost/127.0.0.1:49698] for GET '/session/ac9f2047c4485803ecd1de18d20311ed/screenshot'
15:02:09.881 [AsyncHttpClient-1-5] DEBUG org.asynchttpclient.netty.handler.HttpHandler - 

Request DefaultFullHttpRequest(decodeResult: success, version: HTTP/1.1, content: EmptyByteBufBE)
GET /session/ac9f2047c4485803ecd1de18d20311ed/screenshot HTTP/1.1
User-Agent: selenium/4.1.2 (java windows)
Cache-Control: no-cache
Content-Type: application/json; charset=utf-8
host: localhost:49698
accept: */*

Response DefaultHttpResponse(decodeResult: success, version: HTTP/1.1)
HTTP/1.1 200 OK
Content-Type: application/json; charset=utf-8
cache-control: no-cache
content-length: 313588

15:02:09.882 [AsyncHttpClient-1-5] DEBUG org.asynchttpclient.netty.channel.ChannelManager - Adding key: http://localhost:49698 for channel [id: 0x985b3bf8, L:/127.0.0.1:58356 - R:localhost/127.0.0.1:49698]
15:02:09.886 [main] DEBUG net.serenitybdd.core.photography.Darkroom - Send negative for processing for target\site\serenity\43201c5eccb4d48a8ec963909a3b533f5a2f6b5c37d687e4903145590347f44b.png
15:02:09.887 [Darkroom Processing Line] DEBUG net.serenitybdd.core.photography.DarkroomProcessingLine - Processing screenshot image in /var/screenshots/screenshot-17342613429206067995
15:02:09.887 [Darkroom Processing Line] DEBUG net.serenitybdd.core.photography.DarkroomProcessingLine - Saving screenshot to target\site\serenity\43201c5eccb4d48a8ec963909a3b533f5a2f6b5c37d687e4903145590347f44b.png
15:02:09.895 [Forwarding findElement on session ac9f2047c4485803ecd1de18d20311ed to remote] DEBUG org.asynchttpclient.netty.request.NettyRequestSender - Using pooled Channel '[id: 0x985b3bf8, L:/127.0.0.1:58356 - R:localhost/127.0.0.1:49698]' for 'POST' to 'http://localhost:49698/session/ac9f2047c4485803ecd1de18d20311ed/element'
15:02:09.895 [Forwarding findElement on session ac9f2047c4485803ecd1de18d20311ed to remote] DEBUG org.asynchttpclient.netty.request.NettyRequestSender - Using open Channel [id: 0x985b3bf8, L:/127.0.0.1:58356 - R:localhost/127.0.0.1:49698] for POST '/session/ac9f2047c4485803ecd1de18d20311ed/element'
15:02:09.904 [AsyncHttpClient-1-5] DEBUG org.asynchttpclient.netty.handler.HttpHandler - 

Request DefaultHttpRequest(decodeResult: success, version: HTTP/1.1)
POST /session/ac9f2047c4485803ecd1de18d20311ed/element HTTP/1.1
User-Agent: selenium/4.1.2 (java windows)
Content-Length: 53
Content-Type: application/json; charset=utf-8
host: localhost:49698
accept: */*

Response DefaultHttpResponse(decodeResult: success, version: HTTP/1.1)
HTTP/1.1 200 OK
Content-Type: application/json; charset=utf-8
cache-control: no-cache
content-length: 88

15:02:09.904 [AsyncHttpClient-1-5] DEBUG org.asynchttpclient.netty.channel.ChannelManager - Adding key: http://localhost:49698 for channel [id: 0x985b3bf8, L:/127.0.0.1:58356 - R:localhost/127.0.0.1:49698]
15:02:09.905 [Forwarding clearElement on session ac9f2047c4485803ecd1de18d20311ed to remote] DEBUG org.asynchttpclient.netty.request.NettyRequestSender - Using pooled Channel '[id: 0x985b3bf8, L:/127.0.0.1:58356 - R:localhost/127.0.0.1:49698]' for 'POST' to 'http://localhost:49698/session/ac9f2047c4485803ecd1de18d20311ed/element/5391d8df-7467-4c0a-abba-cc9ae5a43f41/clear'
15:02:09.905 [Forwarding clearElement on session ac9f2047c4485803ecd1de18d20311ed to remote] DEBUG org.asynchttpclient.netty.request.NettyRequestSender - Using open Channel [id: 0x985b3bf8, L:/127.0.0.1:58356 - R:localhost/127.0.0.1:49698] for POST '/session/ac9f2047c4485803ecd1de18d20311ed/element/5391d8df-7467-4c0a-abba-cc9ae5a43f41/clear'
15:02:09.928 [AsyncHttpClient-1-5] DEBUG org.asynchttpclient.netty.handler.HttpHandler - 

Request DefaultHttpRequest(decodeResult: success, version: HTTP/1.1)
POST /session/ac9f2047c4485803ecd1de18d20311ed/element/5391d8df-7467-4c0a-abba-cc9ae5a43f41/clear HTTP/1.1
User-Agent: selenium/4.1.2 (java windows)
Content-Length: 50
Content-Type: application/json; charset=utf-8
host: localhost:49698
accept: */*

Response DefaultHttpResponse(decodeResult: success, version: HTTP/1.1)
HTTP/1.1 200 OK
Content-Type: application/json; charset=utf-8
cache-control: no-cache
content-length: 14

15:02:09.929 [AsyncHttpClient-1-5] DEBUG org.asynchttpclient.netty.channel.ChannelManager - Adding key: http://localhost:49698 for channel [id: 0x985b3bf8, L:/127.0.0.1:58356 - R:localhost/127.0.0.1:49698]
15:02:09.931 [Forwarding sendKeysToElement on session ac9f2047c4485803ecd1de18d20311ed to remote] DEBUG org.asynchttpclient.netty.request.NettyRequestSender - Using pooled Channel '[id: 0x985b3bf8, L:/127.0.0.1:58356 - R:localhost/127.0.0.1:49698]' for 'POST' to 'http://localhost:49698/session/ac9f2047c4485803ecd1de18d20311ed/element/5391d8df-7467-4c0a-abba-cc9ae5a43f41/value'
15:02:09.931 [Forwarding sendKeysToElement on session ac9f2047c4485803ecd1de18d20311ed to remote] DEBUG org.asynchttpclient.netty.request.NettyRequestSender - Using open Channel [id: 0x985b3bf8, L:/127.0.0.1:58356 - R:localhost/127.0.0.1:49698] for POST '/session/ac9f2047c4485803ecd1de18d20311ed/element/5391d8df-7467-4c0a-abba-cc9ae5a43f41/value'
15:02:09.974 [AsyncHttpClient-1-5] DEBUG org.asynchttpclient.netty.handler.HttpHandler - 

Request DefaultHttpRequest(decodeResult: success, version: HTTP/1.1)
POST /session/ac9f2047c4485803ecd1de18d20311ed/element/5391d8df-7467-4c0a-abba-cc9ae5a43f41/value HTTP/1.1
User-Agent: selenium/4.1.2 (java windows)
Content-Length: 121
Content-Type: application/json; charset=utf-8
host: localhost:49698
accept: */*

Response DefaultHttpResponse(decodeResult: success, version: HTTP/1.1)
HTTP/1.1 200 OK
Content-Type: application/json; charset=utf-8
cache-control: no-cache
content-length: 14

15:02:09.974 [AsyncHttpClient-1-5] DEBUG org.asynchttpclient.netty.channel.ChannelManager - Adding key: http://localhost:49698 for channel [id: 0x985b3bf8, L:/127.0.0.1:58356 - R:localhost/127.0.0.1:49698]
  &amp#27;[32mWhen &amp#27;[0m&amp#27;[32mI input invalid username&amp#27;[0m                          &amp#27;[90m# starter.stepdefinitions.LoginStep.iInputInvalidUsername()&amp#27;[0m
15:02:09.983 [Forwarding screenshot on session ac9f2047c4485803ecd1de18d20311ed to remote] DEBUG org.asynchttpclient.netty.request.NettyRequestSender - Using pooled Channel '[id: 0x985b3bf8, L:/127.0.0.1:58356 - R:localhost/127.0.0.1:49698]' for 'GET' to 'http://localhost:49698/session/ac9f2047c4485803ecd1de18d20311ed/screenshot'
15:02:09.983 [Forwarding screenshot on session ac9f2047c4485803ecd1de18d20311ed to remote] DEBUG org.asynchttpclient.netty.request.NettyRequestSender - Using open Channel [id: 0x985b3bf8, L:/127.0.0.1:58356 - R:localhost/127.0.0.1:49698] for GET '/session/ac9f2047c4485803ecd1de18d20311ed/screenshot'
15:02:10.180 [AsyncHttpClient-1-1] DEBUG org.asynchttpclient.netty.channel.DefaultChannelPool - Entry count for : http://localhost:58357 : 1
15:02:10.188 [AsyncHttpClient-1-5] DEBUG org.asynchttpclient.netty.handler.HttpHandler - 

Request DefaultFullHttpRequest(decodeResult: success, version: HTTP/1.1, content: EmptyByteBufBE)
GET /session/ac9f2047c4485803ecd1de18d20311ed/screenshot HTTP/1.1
User-Agent: selenium/4.1.2 (java windows)
Cache-Control: no-cache
Content-Type: application/json; charset=utf-8
host: localhost:49698
accept: */*

Response DefaultHttpResponse(decodeResult: success, version: HTTP/1.1)
HTTP/1.1 200 OK
Content-Type: application/json; charset=utf-8
cache-control: no-cache
content-length: 290472

15:02:10.189 [AsyncHttpClient-1-5] DEBUG org.asynchttpclient.netty.channel.ChannelManager - Adding key: http://localhost:49698 for channel [id: 0x985b3bf8, L:/127.0.0.1:58356 - R:localhost/127.0.0.1:49698]
15:02:10.195 [main] DEBUG net.serenitybdd.core.photography.Darkroom - Send negative for processing for target\site\serenity\a9507dfd6eb50e007561e195834fcc63def9a7f2c46f2f169c3b8face85aaca2.png
15:02:10.195 [Darkroom Processing Line] DEBUG net.serenitybdd.core.photography.DarkroomProcessingLine - Processing screenshot image in /var/screenshots/screenshot-14767720206961845
15:02:10.195 [Darkroom Processing Line] DEBUG net.serenitybdd.core.photography.DarkroomProcessingLine - Saving screenshot to target\site\serenity\a9507dfd6eb50e007561e195834fcc63def9a7f2c46f2f169c3b8face85aaca2.png
15:02:10.201 [Forwarding findElement on session ac9f2047c4485803ecd1de18d20311ed to remote] DEBUG org.asynchttpclient.netty.request.NettyRequestSender - Using pooled Channel '[id: 0x985b3bf8, L:/127.0.0.1:58356 - R:localhost/127.0.0.1:49698]' for 'POST' to 'http://localhost:49698/session/ac9f2047c4485803ecd1de18d20311ed/element'
15:02:10.201 [Forwarding findElement on session ac9f2047c4485803ecd1de18d20311ed to remote] DEBUG org.asynchttpclient.netty.request.NettyRequestSender - Using open Channel [id: 0x985b3bf8, L:/127.0.0.1:58356 - R:localhost/127.0.0.1:49698] for POST '/session/ac9f2047c4485803ecd1de18d20311ed/element'
15:02:10.210 [AsyncHttpClient-1-5] DEBUG org.asynchttpclient.netty.handler.HttpHandler - 

Request DefaultHttpRequest(decodeResult: success, version: HTTP/1.1)
POST /session/ac9f2047c4485803ecd1de18d20311ed/element HTTP/1.1
User-Agent: selenium/4.1.2 (java windows)
Content-Length: 53
Content-Type: application/json; charset=utf-8
host: localhost:49698
accept: */*

Response DefaultHttpResponse(decodeResult: success, version: HTTP/1.1)
HTTP/1.1 200 OK
Content-Type: application/json; charset=utf-8
cache-control: no-cache
content-length: 88

15:02:10.210 [AsyncHttpClient-1-5] DEBUG org.asynchttpclient.netty.channel.ChannelManager - Adding key: http://localhost:49698 for channel [id: 0x985b3bf8, L:/127.0.0.1:58356 - R:localhost/127.0.0.1:49698]
15:02:10.211 [Forwarding clearElement on session ac9f2047c4485803ecd1de18d20311ed to remote] DEBUG org.asynchttpclient.netty.request.NettyRequestSender - Using pooled Channel '[id: 0x985b3bf8, L:/127.0.0.1:58356 - R:localhost/127.0.0.1:49698]' for 'POST' to 'http://localhost:49698/session/ac9f2047c4485803ecd1de18d20311ed/element/31da428e-bd68-42a8-8b52-7355a47d70e4/clear'
15:02:10.211 [Forwarding clearElement on session ac9f2047c4485803ecd1de18d20311ed to remote] DEBUG org.asynchttpclient.netty.request.NettyRequestSender - Using open Channel [id: 0x985b3bf8, L:/127.0.0.1:58356 - R:localhost/127.0.0.1:49698] for POST '/session/ac9f2047c4485803ecd1de18d20311ed/element/31da428e-bd68-42a8-8b52-7355a47d70e4/clear'
15:02:10.233 [AsyncHttpClient-1-5] DEBUG org.asynchttpclient.netty.handler.HttpHandler - 

Request DefaultHttpRequest(decodeResult: success, version: HTTP/1.1)
POST /session/ac9f2047c4485803ecd1de18d20311ed/element/31da428e-bd68-42a8-8b52-7355a47d70e4/clear HTTP/1.1
User-Agent: selenium/4.1.2 (java windows)
Content-Length: 50
Content-Type: application/json; charset=utf-8
host: localhost:49698
accept: */*

Response DefaultHttpResponse(decodeResult: success, version: HTTP/1.1)
HTTP/1.1 200 OK
Content-Type: application/json; charset=utf-8
cache-control: no-cache
content-length: 14

15:02:10.233 [AsyncHttpClient-1-5] DEBUG org.asynchttpclient.netty.channel.ChannelManager - Adding key: http://localhost:49698 for channel [id: 0x985b3bf8, L:/127.0.0.1:58356 - R:localhost/127.0.0.1:49698]
15:02:10.234 [Forwarding sendKeysToElement on session ac9f2047c4485803ecd1de18d20311ed to remote] DEBUG org.asynchttpclient.netty.request.NettyRequestSender - Using pooled Channel '[id: 0x985b3bf8, L:/127.0.0.1:58356 - R:localhost/127.0.0.1:49698]' for 'POST' to 'http://localhost:49698/session/ac9f2047c4485803ecd1de18d20311ed/element/31da428e-bd68-42a8-8b52-7355a47d70e4/value'
15:02:10.235 [Forwarding sendKeysToElement on session ac9f2047c4485803ecd1de18d20311ed to remote] DEBUG org.asynchttpclient.netty.request.NettyRequestSender - Using open Channel [id: 0x985b3bf8, L:/127.0.0.1:58356 - R:localhost/127.0.0.1:49698] for POST '/session/ac9f2047c4485803ecd1de18d20311ed/element/31da428e-bd68-42a8-8b52-7355a47d70e4/value'
15:02:10.295 [AsyncHttpClient-1-5] DEBUG org.asynchttpclient.netty.handler.HttpHandler - 

Request DefaultHttpRequest(decodeResult: success, version: HTTP/1.1)
POST /session/ac9f2047c4485803ecd1de18d20311ed/element/31da428e-bd68-42a8-8b52-7355a47d70e4/value HTTP/1.1
User-Agent: selenium/4.1.2 (java windows)
Content-Length: 221
Content-Type: application/json; charset=utf-8
host: localhost:49698
accept: */*

Response DefaultHttpResponse(decodeResult: success, version: HTTP/1.1)
HTTP/1.1 200 OK
Content-Type: application/json; charset=utf-8
cache-control: no-cache
content-length: 14

15:02:10.295 [AsyncHttpClient-1-5] DEBUG org.asynchttpclient.netty.channel.ChannelManager - Adding key: http://localhost:49698 for channel [id: 0x985b3bf8, L:/127.0.0.1:58356 - R:localhost/127.0.0.1:49698]
  &amp#27;[32mAnd &amp#27;[0m&amp#27;[32mI input valid password&amp#27;[0m                             &amp#27;[90m# starter.stepdefinitions.LoginStep.iInputValidPassword()&amp#27;[0m
15:02:10.304 [Forwarding screenshot on session ac9f2047c4485803ecd1de18d20311ed to remote] DEBUG org.asynchttpclient.netty.request.NettyRequestSender - Using pooled Channel '[id: 0x985b3bf8, L:/127.0.0.1:58356 - R:localhost/127.0.0.1:49698]' for 'GET' to 'http://localhost:49698/session/ac9f2047c4485803ecd1de18d20311ed/screenshot'
15:02:10.304 [Forwarding screenshot on session ac9f2047c4485803ecd1de18d20311ed to remote] DEBUG org.asynchttpclient.netty.request.NettyRequestSender - Using open Channel [id: 0x985b3bf8, L:/127.0.0.1:58356 - R:localhost/127.0.0.1:49698] for GET '/session/ac9f2047c4485803ecd1de18d20311ed/screenshot'
15:02:10.486 [AsyncHttpClient-1-5] DEBUG org.asynchttpclient.netty.handler.HttpHandler - 

Request DefaultFullHttpRequest(decodeResult: success, version: HTTP/1.1, content: EmptyByteBufBE)
GET /session/ac9f2047c4485803ecd1de18d20311ed/screenshot HTTP/1.1
User-Agent: selenium/4.1.2 (java windows)
Cache-Control: no-cache
Content-Type: application/json; charset=utf-8
host: localhost:49698
accept: */*

Response DefaultHttpResponse(decodeResult: success, version: HTTP/1.1)
HTTP/1.1 200 OK
Content-Type: application/json; charset=utf-8
cache-control: no-cache
content-length: 289416

15:02:10.487 [AsyncHttpClient-1-5] DEBUG org.asynchttpclient.netty.channel.ChannelManager - Adding key: http://localhost:49698 for channel [id: 0x985b3bf8, L:/127.0.0.1:58356 - R:localhost/127.0.0.1:49698]
15:02:10.492 [main] DEBUG net.serenitybdd.core.photography.Darkroom - Send negative for processing for target\site\serenity\b16c5cdf3002a5690dd17a0f4f28a227e209cee03180ff22d3945b04d626861f.png
15:02:10.492 [Darkroom Processing Line] DEBUG net.serenitybdd.core.photography.DarkroomProcessingLine - Processing screenshot image in /var/screenshots/screenshot-15286046564847053058
15:02:10.492 [Darkroom Processing Line] DEBUG net.serenitybdd.core.photography.DarkroomProcessingLine - Saving screenshot to target\site\serenity\b16c5cdf3002a5690dd17a0f4f28a227e209cee03180ff22d3945b04d626861f.png
15:02:10.499 [Forwarding findElement on session ac9f2047c4485803ecd1de18d20311ed to remote] DEBUG org.asynchttpclient.netty.request.NettyRequestSender - Using pooled Channel '[id: 0x985b3bf8, L:/127.0.0.1:58356 - R:localhost/127.0.0.1:49698]' for 'POST' to 'http://localhost:49698/session/ac9f2047c4485803ecd1de18d20311ed/element'
15:02:10.499 [Forwarding findElement on session ac9f2047c4485803ecd1de18d20311ed to remote] DEBUG org.asynchttpclient.netty.request.NettyRequestSender - Using open Channel [id: 0x985b3bf8, L:/127.0.0.1:58356 - R:localhost/127.0.0.1:49698] for POST '/session/ac9f2047c4485803ecd1de18d20311ed/element'
15:02:10.504 [AsyncHttpClient-1-5] DEBUG org.asynchttpclient.netty.handler.HttpHandler - 

Request DefaultHttpRequest(decodeResult: success, version: HTTP/1.1)
POST /session/ac9f2047c4485803ecd1de18d20311ed/element HTTP/1.1
User-Agent: selenium/4.1.2 (java windows)
Content-Length: 50
Content-Type: application/json; charset=utf-8
host: localhost:49698
accept: */*

Response DefaultHttpResponse(decodeResult: success, version: HTTP/1.1)
HTTP/1.1 200 OK
Content-Type: application/json; charset=utf-8
cache-control: no-cache
content-length: 88

15:02:10.504 [AsyncHttpClient-1-5] DEBUG org.asynchttpclient.netty.channel.ChannelManager - Adding key: http://localhost:49698 for channel [id: 0x985b3bf8, L:/127.0.0.1:58356 - R:localhost/127.0.0.1:49698]
15:02:10.505 [Forwarding getElementTagName on session ac9f2047c4485803ecd1de18d20311ed to remote] DEBUG org.asynchttpclient.netty.request.NettyRequestSender - Using pooled Channel '[id: 0x985b3bf8, L:/127.0.0.1:58356 - R:localhost/127.0.0.1:49698]' for 'GET' to 'http://localhost:49698/session/ac9f2047c4485803ecd1de18d20311ed/element/0a00cdec-274d-475d-a67a-7f8e8768f796/name'
15:02:10.505 [Forwarding getElementTagName on session ac9f2047c4485803ecd1de18d20311ed to remote] DEBUG org.asynchttpclient.netty.request.NettyRequestSender - Using open Channel [id: 0x985b3bf8, L:/127.0.0.1:58356 - R:localhost/127.0.0.1:49698] for GET '/session/ac9f2047c4485803ecd1de18d20311ed/element/0a00cdec-274d-475d-a67a-7f8e8768f796/name'
15:02:10.509 [AsyncHttpClient-1-5] DEBUG org.asynchttpclient.netty.handler.HttpHandler - 

Request DefaultFullHttpRequest(decodeResult: success, version: HTTP/1.1, content: EmptyByteBufBE)
GET /session/ac9f2047c4485803ecd1de18d20311ed/element/0a00cdec-274d-475d-a67a-7f8e8768f796/name HTTP/1.1
User-Agent: selenium/4.1.2 (java windows)
Cache-Control: no-cache
Content-Type: application/json; charset=utf-8
host: localhost:49698
accept: */*

Response DefaultHttpResponse(decodeResult: success, version: HTTP/1.1)
HTTP/1.1 200 OK
Content-Type: application/json; charset=utf-8
cache-control: no-cache
content-length: 18

15:02:10.509 [AsyncHttpClient-1-5] DEBUG org.asynchttpclient.netty.channel.ChannelManager - Adding key: http://localhost:49698 for channel [id: 0x985b3bf8, L:/127.0.0.1:58356 - R:localhost/127.0.0.1:49698]
15:02:10.511 [Forwarding getElementTagName on session ac9f2047c4485803ecd1de18d20311ed to remote] DEBUG org.asynchttpclient.netty.request.NettyRequestSender - Using pooled Channel '[id: 0x985b3bf8, L:/127.0.0.1:58356 - R:localhost/127.0.0.1:49698]' for 'GET' to 'http://localhost:49698/session/ac9f2047c4485803ecd1de18d20311ed/element/0a00cdec-274d-475d-a67a-7f8e8768f796/name'
15:02:10.511 [Forwarding getElementTagName on session ac9f2047c4485803ecd1de18d20311ed to remote] DEBUG org.asynchttpclient.netty.request.NettyRequestSender - Using open Channel [id: 0x985b3bf8, L:/127.0.0.1:58356 - R:localhost/127.0.0.1:49698] for GET '/session/ac9f2047c4485803ecd1de18d20311ed/element/0a00cdec-274d-475d-a67a-7f8e8768f796/name'
15:02:10.514 [AsyncHttpClient-1-5] DEBUG org.asynchttpclient.netty.handler.HttpHandler - 

Request DefaultFullHttpRequest(decodeResult: success, version: HTTP/1.1, content: EmptyByteBufBE)
GET /session/ac9f2047c4485803ecd1de18d20311ed/element/0a00cdec-274d-475d-a67a-7f8e8768f796/name HTTP/1.1
User-Agent: selenium/4.1.2 (java windows)
Cache-Control: no-cache
Content-Type: application/json; charset=utf-8
host: localhost:49698
accept: */*

Response DefaultHttpResponse(decodeResult: success, version: HTTP/1.1)
HTTP/1.1 200 OK
Content-Type: application/json; charset=utf-8
cache-control: no-cache
content-length: 18

15:02:10.515 [AsyncHttpClient-1-5] DEBUG org.asynchttpclient.netty.channel.ChannelManager - Adding key: http://localhost:49698 for channel [id: 0x985b3bf8, L:/127.0.0.1:58356 - R:localhost/127.0.0.1:49698]
15:02:10.516 [Forwarding isElementEnabled on session ac9f2047c4485803ecd1de18d20311ed to remote] DEBUG org.asynchttpclient.netty.request.NettyRequestSender - Using pooled Channel '[id: 0x985b3bf8, L:/127.0.0.1:58356 - R:localhost/127.0.0.1:49698]' for 'GET' to 'http://localhost:49698/session/ac9f2047c4485803ecd1de18d20311ed/element/0a00cdec-274d-475d-a67a-7f8e8768f796/enabled'
15:02:10.516 [Forwarding isElementEnabled on session ac9f2047c4485803ecd1de18d20311ed to remote] DEBUG org.asynchttpclient.netty.request.NettyRequestSender - Using open Channel [id: 0x985b3bf8, L:/127.0.0.1:58356 - R:localhost/127.0.0.1:49698] for GET '/session/ac9f2047c4485803ecd1de18d20311ed/element/0a00cdec-274d-475d-a67a-7f8e8768f796/enabled'
15:02:10.523 [AsyncHttpClient-1-5] DEBUG org.asynchttpclient.netty.handler.HttpHandler - 

Request DefaultFullHttpRequest(decodeResult: success, version: HTTP/1.1, content: EmptyByteBufBE)
GET /session/ac9f2047c4485803ecd1de18d20311ed/element/0a00cdec-274d-475d-a67a-7f8e8768f796/enabled HTTP/1.1
User-Agent: selenium/4.1.2 (java windows)
Cache-Control: no-cache
Content-Type: application/json; charset=utf-8
host: localhost:49698
accept: */*

Response DefaultHttpResponse(decodeResult: success, version: HTTP/1.1)
HTTP/1.1 200 OK
Content-Type: application/json; charset=utf-8
cache-control: no-cache
content-length: 14

15:02:10.523 [AsyncHttpClient-1-5] DEBUG org.asynchttpclient.netty.channel.ChannelManager - Adding key: http://localhost:49698 for channel [id: 0x985b3bf8, L:/127.0.0.1:58356 - R:localhost/127.0.0.1:49698]
15:02:10.524 [Forwarding isElementEnabled on session ac9f2047c4485803ecd1de18d20311ed to remote] DEBUG org.asynchttpclient.netty.request.NettyRequestSender - Using pooled Channel '[id: 0x985b3bf8, L:/127.0.0.1:58356 - R:localhost/127.0.0.1:49698]' for 'GET' to 'http://localhost:49698/session/ac9f2047c4485803ecd1de18d20311ed/element/0a00cdec-274d-475d-a67a-7f8e8768f796/enabled'
15:02:10.524 [Forwarding isElementEnabled on session ac9f2047c4485803ecd1de18d20311ed to remote] DEBUG org.asynchttpclient.netty.request.NettyRequestSender - Using open Channel [id: 0x985b3bf8, L:/127.0.0.1:58356 - R:localhost/127.0.0.1:49698] for GET '/session/ac9f2047c4485803ecd1de18d20311ed/element/0a00cdec-274d-475d-a67a-7f8e8768f796/enabled'
15:02:10.530 [AsyncHttpClient-1-5] DEBUG org.asynchttpclient.netty.handler.HttpHandler - 

Request DefaultFullHttpRequest(decodeResult: success, version: HTTP/1.1, content: EmptyByteBufBE)
GET /session/ac9f2047c4485803ecd1de18d20311ed/element/0a00cdec-274d-475d-a67a-7f8e8768f796/enabled HTTP/1.1
User-Agent: selenium/4.1.2 (java windows)
Cache-Control: no-cache
Content-Type: application/json; charset=utf-8
host: localhost:49698
accept: */*

Response DefaultHttpResponse(decodeResult: success, version: HTTP/1.1)
HTTP/1.1 200 OK
Content-Type: application/json; charset=utf-8
cache-control: no-cache
content-length: 14

15:02:10.530 [AsyncHttpClient-1-5] DEBUG org.asynchttpclient.netty.channel.ChannelManager - Adding key: http://localhost:49698 for channel [id: 0x985b3bf8, L:/127.0.0.1:58356 - R:localhost/127.0.0.1:49698]
15:02:10.531 [Forwarding findElement on session ac9f2047c4485803ecd1de18d20311ed to remote] DEBUG org.asynchttpclient.netty.request.NettyRequestSender - Using pooled Channel '[id: 0x985b3bf8, L:/127.0.0.1:58356 - R:localhost/127.0.0.1:49698]' for 'POST' to 'http://localhost:49698/session/ac9f2047c4485803ecd1de18d20311ed/element'
15:02:10.531 [Forwarding findElement on session ac9f2047c4485803ecd1de18d20311ed to remote] DEBUG org.asynchttpclient.netty.request.NettyRequestSender - Using open Channel [id: 0x985b3bf8, L:/127.0.0.1:58356 - R:localhost/127.0.0.1:49698] for POST '/session/ac9f2047c4485803ecd1de18d20311ed/element'
15:02:10.536 [AsyncHttpClient-1-5] DEBUG org.asynchttpclient.netty.handler.HttpHandler - 

Request DefaultHttpRequest(decodeResult: success, version: HTTP/1.1)
POST /session/ac9f2047c4485803ecd1de18d20311ed/element HTTP/1.1
User-Agent: selenium/4.1.2 (java windows)
Content-Length: 50
Content-Type: application/json; charset=utf-8
host: localhost:49698
accept: */*

Response DefaultHttpResponse(decodeResult: success, version: HTTP/1.1)
HTTP/1.1 200 OK
Content-Type: application/json; charset=utf-8
cache-control: no-cache
content-length: 88

15:02:10.537 [AsyncHttpClient-1-5] DEBUG org.asynchttpclient.netty.channel.ChannelManager - Adding key: http://localhost:49698 for channel [id: 0x985b3bf8, L:/127.0.0.1:58356 - R:localhost/127.0.0.1:49698]
15:02:10.538 [Forwarding clickElement on session ac9f2047c4485803ecd1de18d20311ed to remote] DEBUG org.asynchttpclient.netty.request.NettyRequestSender - Using pooled Channel '[id: 0x985b3bf8, L:/127.0.0.1:58356 - R:localhost/127.0.0.1:49698]' for 'POST' to 'http://localhost:49698/session/ac9f2047c4485803ecd1de18d20311ed/element/0a00cdec-274d-475d-a67a-7f8e8768f796/click'
15:02:10.538 [Forwarding clickElement on session ac9f2047c4485803ecd1de18d20311ed to remote] DEBUG org.asynchttpclient.netty.request.NettyRequestSender - Using open Channel [id: 0x985b3bf8, L:/127.0.0.1:58356 - R:localhost/127.0.0.1:49698] for POST '/session/ac9f2047c4485803ecd1de18d20311ed/element/0a00cdec-274d-475d-a67a-7f8e8768f796/click'
15:02:10.568 [AsyncHttpClient-1-5] DEBUG org.asynchttpclient.netty.handler.HttpHandler - 

Request DefaultHttpRequest(decodeResult: success, version: HTTP/1.1)
POST /session/ac9f2047c4485803ecd1de18d20311ed/element/0a00cdec-274d-475d-a67a-7f8e8768f796/click HTTP/1.1
User-Agent: selenium/4.1.2 (java windows)
Content-Length: 50
Content-Type: application/json; charset=utf-8
host: localhost:49698
accept: */*

Response DefaultHttpResponse(decodeResult: success, version: HTTP/1.1)
HTTP/1.1 200 OK
Content-Type: application/json; charset=utf-8
cache-control: no-cache
content-length: 14

15:02:10.568 [AsyncHttpClient-1-5] DEBUG org.asynchttpclient.netty.channel.ChannelManager - Adding key: http://localhost:49698 for channel [id: 0x985b3bf8, L:/127.0.0.1:58356 - R:localhost/127.0.0.1:49698]
  &amp#27;[32mAnd &amp#27;[0m&amp#27;[32mI click Login button&amp#27;[0m                               &amp#27;[90m# starter.stepdefinitions.LoginStep.iClickLoginButton()&amp#27;[0m
15:02:10.573 [Forwarding screenshot on session ac9f2047c4485803ecd1de18d20311ed to remote] DEBUG org.asynchttpclient.netty.request.NettyRequestSender - Using pooled Channel '[id: 0x985b3bf8, L:/127.0.0.1:58356 - R:localhost/127.0.0.1:49698]' for 'GET' to 'http://localhost:49698/session/ac9f2047c4485803ecd1de18d20311ed/screenshot'
15:02:10.573 [Forwarding screenshot on session ac9f2047c4485803ecd1de18d20311ed to remote] DEBUG org.asynchttpclient.netty.request.NettyRequestSender - Using open Channel [id: 0x985b3bf8, L:/127.0.0.1:58356 - R:localhost/127.0.0.1:49698] for GET '/session/ac9f2047c4485803ecd1de18d20311ed/screenshot'
15:02:10.757 [AsyncHttpClient-1-5] DEBUG org.asynchttpclient.netty.handler.HttpHandler - 

Request DefaultFullHttpRequest(decodeResult: success, version: HTTP/1.1, content: EmptyByteBufBE)
GET /session/ac9f2047c4485803ecd1de18d20311ed/screenshot HTTP/1.1
User-Agent: selenium/4.1.2 (java windows)
Cache-Control: no-cache
Content-Type: application/json; charset=utf-8
host: localhost:49698
accept: */*

Response DefaultHttpResponse(decodeResult: success, version: HTTP/1.1)
HTTP/1.1 200 OK
Content-Type: application/json; charset=utf-8
cache-control: no-cache
content-length: 269340

15:02:10.758 [AsyncHttpClient-1-5] DEBUG org.asynchttpclient.netty.channel.ChannelManager - Adding key: http://localhost:49698 for channel [id: 0x985b3bf8, L:/127.0.0.1:58356 - R:localhost/127.0.0.1:49698]
15:02:10.765 [main] DEBUG net.serenitybdd.core.photography.Darkroom - Send negative for processing for target\site\serenity\fafd9548f7e6a305dbe8cf10772398e9d7d3e229fa5e99c9ba7691fb4d45a269.png
15:02:10.765 [Darkroom Processing Line] DEBUG net.serenitybdd.core.photography.DarkroomProcessingLine - Processing screenshot image in /var/screenshots/screenshot-14273617108681323034
15:02:10.765 [Darkroom Processing Line] DEBUG net.serenitybdd.core.photography.DarkroomProcessingLine - Saving screenshot to target\site\serenity\fafd9548f7e6a305dbe8cf10772398e9d7d3e229fa5e99c9ba7691fb4d45a269.png
15:02:10.771 [Forwarding findElement on session ac9f2047c4485803ecd1de18d20311ed to remote] DEBUG org.asynchttpclient.netty.request.NettyRequestSender - Using pooled Channel '[id: 0x985b3bf8, L:/127.0.0.1:58356 - R:localhost/127.0.0.1:49698]' for 'POST' to 'http://localhost:49698/session/ac9f2047c4485803ecd1de18d20311ed/element'
15:02:10.771 [Forwarding findElement on session ac9f2047c4485803ecd1de18d20311ed to remote] DEBUG org.asynchttpclient.netty.request.NettyRequestSender - Using open Channel [id: 0x985b3bf8, L:/127.0.0.1:58356 - R:localhost/127.0.0.1:49698] for POST '/session/ac9f2047c4485803ecd1de18d20311ed/element'
15:02:11.035 [AsyncHttpClient-1-5] DEBUG org.asynchttpclient.netty.handler.HttpHandler - 

Request DefaultHttpRequest(decodeResult: success, version: HTTP/1.1)
POST /session/ac9f2047c4485803ecd1de18d20311ed/element HTTP/1.1
User-Agent: selenium/4.1.2 (java windows)
Content-Length: 49
Content-Type: application/json; charset=utf-8
host: localhost:49698
accept: */*

Response DefaultHttpResponse(decodeResult: success, version: HTTP/1.1)
HTTP/1.1 200 OK
Content-Type: application/json; charset=utf-8
cache-control: no-cache
content-length: 88

15:02:11.035 [AsyncHttpClient-1-5] DEBUG org.asynchttpclient.netty.channel.ChannelManager - Adding key: http://localhost:49698 for channel [id: 0x985b3bf8, L:/127.0.0.1:58356 - R:localhost/127.0.0.1:49698]
15:02:11.038 [Forwarding isElementDisplayed on session ac9f2047c4485803ecd1de18d20311ed to remote] DEBUG org.asynchttpclient.netty.request.NettyRequestSender - Using pooled Channel '[id: 0x985b3bf8, L:/127.0.0.1:58356 - R:localhost/127.0.0.1:49698]' for 'POST' to 'http://localhost:49698/session/ac9f2047c4485803ecd1de18d20311ed/execute/sync'
15:02:11.038 [Forwarding isElementDisplayed on session ac9f2047c4485803ecd1de18d20311ed to remote] DEBUG org.asynchttpclient.netty.request.NettyRequestSender - Using open Channel [id: 0x985b3bf8, L:/127.0.0.1:58356 - R:localhost/127.0.0.1:49698] for POST '/session/ac9f2047c4485803ecd1de18d20311ed/execute/sync'
15:02:11.051 [AsyncHttpClient-1-5] DEBUG org.asynchttpclient.netty.handler.HttpHandler - 

Request DefaultHttpRequest(decodeResult: success, version: HTTP/1.1)
POST /session/ac9f2047c4485803ecd1de18d20311ed/execute/sync HTTP/1.1
User-Agent: selenium/4.1.2 (java windows)
Content-Length: 48780
Content-Type: application/json; charset=utf-8
host: localhost:49698
accept: */*

Response DefaultHttpResponse(decodeResult: success, version: HTTP/1.1)
HTTP/1.1 200 OK
Content-Type: application/json; charset=utf-8
cache-control: no-cache
content-length: 14

15:02:11.051 [AsyncHttpClient-1-5] DEBUG org.asynchttpclient.netty.channel.ChannelManager - Adding key: http://localhost:49698 for channel [id: 0x985b3bf8, L:/127.0.0.1:58356 - R:localhost/127.0.0.1:49698]
  &amp#27;[32mThen &amp#27;[0m&amp#27;[32mI will get error message&amp#27;[0m                          &amp#27;[90m# starter.stepdefinitions.LoginStep.iWillGetErrorMessage()&amp#27;[0m
15:02:11.054 [Forwarding screenshot on session ac9f2047c4485803ecd1de18d20311ed to remote] DEBUG org.asynchttpclient.netty.request.NettyRequestSender - Using pooled Channel '[id: 0x985b3bf8, L:/127.0.0.1:58356 - R:localhost/127.0.0.1:49698]' for 'GET' to 'http://localhost:49698/session/ac9f2047c4485803ecd1de18d20311ed/screenshot'
15:02:11.055 [Forwarding screenshot on session ac9f2047c4485803ecd1de18d20311ed to remote] DEBUG org.asynchttpclient.netty.request.NettyRequestSender - Using open Channel [id: 0x985b3bf8, L:/127.0.0.1:58356 - R:localhost/127.0.0.1:49698] for GET '/session/ac9f2047c4485803ecd1de18d20311ed/screenshot'
15:02:11.274 [AsyncHttpClient-1-5] DEBUG org.asynchttpclient.netty.handler.HttpHandler - 

Request DefaultFullHttpRequest(decodeResult: success, version: HTTP/1.1, content: EmptyByteBufBE)
GET /session/ac9f2047c4485803ecd1de18d20311ed/screenshot HTTP/1.1
User-Agent: selenium/4.1.2 (java windows)
Cache-Control: no-cache
Content-Type: application/json; charset=utf-8
host: localhost:49698
accept: */*

Response DefaultHttpResponse(decodeResult: success, version: HTTP/1.1)
HTTP/1.1 200 OK
Content-Type: application/json; charset=utf-8
cache-control: no-cache
content-length: 407212

15:02:11.276 [AsyncHttpClient-1-5] DEBUG org.asynchttpclient.netty.channel.ChannelManager - Adding key: http://localhost:49698 for channel [id: 0x985b3bf8, L:/127.0.0.1:58356 - R:localhost/127.0.0.1:49698]
15:02:11.281 [AsyncHttpClient-1-1] DEBUG org.asynchttpclient.netty.channel.DefaultChannelPool - Entry count for : http://localhost:49698 : 1
15:02:11.281 [AsyncHttpClient-1-1] DEBUG org.asynchttpclient.netty.channel.DefaultChannelPool - Entry count for : http://localhost:58357 : 1
15:02:11.284 [main] DEBUG net.serenitybdd.core.photography.Darkroom - Send negative for processing for target\site\serenity\1bfd06555c1377d18a85fa0e202ba38669a5f7378377202dc17d4ad82260962d.png
15:02:11.285 [Darkroom Processing Line] DEBUG net.serenitybdd.core.photography.DarkroomProcessingLine - Processing screenshot image in /var/screenshots/screenshot-4717302087210232429
15:02:11.285 [Darkroom Processing Line] DEBUG net.serenitybdd.core.photography.DarkroomProcessingLine - Saving screenshot to target\site\serenity\1bfd06555c1377d18a85fa0e202ba38669a5f7378377202dc17d4ad82260962d.png
15:02:11.286 [main] INFO  - 
  _____   ___   ___   _____     ___     _     ___   ___   ___   ___  
 |_   _| | __| / __| |_   _|   | _ \   /_\   / __| / __| | __| |   \ 
   | |   | _|  \__ \   | |     |  _/  / _ \  \__ \ \__ \ | _|  | |) |
   |_|   |___| |___/   |_|     |_|   /_/ \_\ |___/ |___/ |___| |___/ 

Login with invalid username and valid password
----------------------------------------------------------------------
15:02:11.287 [AsyncHttpClient-1-7] DEBUG org.asynchttpclient.netty.handler.WebSocketHandler - Channel Closed: [id: 0xd45b1c43, L:/127.0.0.1:58364 ! R:localhost/127.0.0.1:58357] with attribute NettyResponseFuture{currentRetry=5,
	isDone=1,
	isCancelled=0,
	asyncHandler=org.asynchttpclient.ws.WebSocketUpgradeHandler@7b021da4,
	nettyRequest=org.asynchttpclient.netty.request.NettyRequest@3e009ca0,
	future=java.util.concurrent.CompletableFuture@1c6e0162[Completed normally],
	uri=ws://localhost:58357/devtools/browser/8d31ed31-385c-4eef-b7c9-cb36c1d12bf3,
	keepAlive=true,
	redirectCount=0,
	timeoutsHolder=null,
	inAuth=0,
	touch=1664956918082}
15:02:11.287 [AsyncHttpClient-1-7] DEBUG org.asynchttpclient.netty.channel.ChannelManager - Closing Channel [id: 0xd45b1c43, L:/127.0.0.1:58364 ! R:localhost/127.0.0.1:58357] 
15:02:11.288 [Driver Command Executor] DEBUG org.asynchttpclient.netty.request.NettyRequestSender - Using pooled Channel '[id: 0x985b3bf8, L:/127.0.0.1:58356 - R:localhost/127.0.0.1:49698]' for 'DELETE' to 'http://localhost:49698/session/ac9f2047c4485803ecd1de18d20311ed'
15:02:11.288 [Driver Command Executor] DEBUG org.asynchttpclient.netty.request.NettyRequestSender - Using open Channel [id: 0x985b3bf8, L:/127.0.0.1:58356 - R:localhost/127.0.0.1:49698] for DELETE '/session/ac9f2047c4485803ecd1de18d20311ed'
15:02:11.351 [AsyncHttpClient-1-6] DEBUG org.asynchttpclient.netty.handler.HttpHandler - Unexpected I/O exception on channel [id: 0x6581ac0e, L:/127.0.0.1:58363 - R:localhost/127.0.0.1:58357]
java.io.IOException: An existing connection was forcibly closed by the remote host
	at java.base/sun.nio.ch.SocketDispatcher.read0(Native Method)
	at java.base/sun.nio.ch.SocketDispatcher.read(SocketDispatcher.java:43)
	at java.base/sun.nio.ch.IOUtil.readIntoNativeBuffer(IOUtil.java:276)
	at java.base/sun.nio.ch.IOUtil.read(IOUtil.java:233)
	at java.base/sun.nio.ch.IOUtil.read(IOUtil.java:223)
	at java.base/sun.nio.ch.SocketChannelImpl.read(SocketChannelImpl.java:358)
	at io.netty.buffer.PooledByteBuf.setBytes(PooledByteBuf.java:258)
	at io.netty.buffer.AbstractByteBuf.writeBytes(AbstractByteBuf.java:1132)
	at io.netty.channel.socket.nio.NioSocketChannel.doReadBytes(NioSocketChannel.java:350)
	at io.netty.channel.nio.AbstractNioByteChannel$NioByteUnsafe.read(AbstractNioByteChannel.java:151)
	at io.netty.channel.nio.NioEventLoop.processSelectedKey(NioEventLoop.java:722)
	at io.netty.channel.nio.NioEventLoop.processSelectedKeysOptimized(NioEventLoop.java:658)
	at io.netty.channel.nio.NioEventLoop.processSelectedKeys(NioEventLoop.java:584)
	at io.netty.channel.nio.NioEventLoop.run(NioEventLoop.java:496)
	at io.netty.util.concurrent.SingleThreadEventExecutor$4.run(SingleThreadEventExecutor.java:986)
	at io.netty.util.internal.ThreadExecutorMap$2.run(ThreadExecutorMap.java:74)
	at io.netty.util.concurrent.FastThreadLocalRunnable.run(FastThreadLocalRunnable.java:30)
	at java.base/java.lang.Thread.run(Thread.java:834)
15:02:11.351 [AsyncHttpClient-1-6] DEBUG org.asynchttpclient.netty.channel.ChannelManager - Closing Channel [id: 0x6581ac0e, L:/127.0.0.1:58363 - R:localhost/127.0.0.1:58357] 
15:02:11.351 [AsyncHttpClient-1-6] DEBUG org.asynchttpclient.netty.handler.HttpHandler - Channel Closed: [id: 0x6581ac0e, L:/127.0.0.1:58363 ! R:localhost/127.0.0.1:58357] with attribute DISCARD
15:02:11.430 [AsyncHttpClient-1-5] DEBUG org.asynchttpclient.netty.handler.HttpHandler - 

Request DefaultFullHttpRequest(decodeResult: success, version: HTTP/1.1, content: EmptyByteBufBE)
DELETE /session/ac9f2047c4485803ecd1de18d20311ed HTTP/1.1
User-Agent: selenium/4.1.2 (java windows)
Content-Type: application/json; charset=utf-8
host: localhost:49698
accept: */*

Response DefaultHttpResponse(decodeResult: success, version: HTTP/1.1)
HTTP/1.1 200 OK
Content-Type: application/json; charset=utf-8
cache-control: no-cache
content-length: 14

15:02:11.430 [AsyncHttpClient-1-5] DEBUG org.asynchttpclient.netty.channel.ChannelManager - Adding key: http://localhost:49698 for channel [id: 0x985b3bf8, L:/127.0.0.1:58356 - R:localhost/127.0.0.1:49698]
15:02:11.528 [AsyncHttpClient-1-5] DEBUG org.asynchttpclient.netty.handler.HttpHandler - Channel Closed: [id: 0x985b3bf8, L:/127.0.0.1:58356 ! R:localhost/127.0.0.1:49698] with attribute DISCARD
]]></system-out>
    <system-err><![CDATA[Starting ChromeDriver 105.0.5195.52 (412c95e518836d8a7d97250d62b29c2ae6a26a85-refs/branch-heads/5195@{#853}) on port 49698
Only local connections are allowed.
Please see https://chromedriver.chromium.org/security-considerations for suggestions on keeping ChromeDriver safe.
ChromeDriver was started successfully.
[1664956918.021][WARNING]: This version of ChromeDriver has not been tested with Chrome version 106.
Oct 05, 2022 3:01:58 PM org.openqa.selenium.remote.ProtocolHandshake createSession
INFO: Detected dialect: W3C
Oct 05, 2022 3:01:58 PM org.openqa.selenium.devtools.CdpVersionFinder findNearestMatch
WARNING: Unable to find an exact match for CDP version 106, so returning the closest version found: a no-op implementation
Oct 05, 2022 3:01:58 PM org.openqa.selenium.devtools.CdpVersionFinder findNearestMatch
INFO: Unable to find CDP implementation matching 106.
Oct 05, 2022 3:01:58 PM org.openqa.selenium.chromium.ChromiumDriver lambda$new$3
WARNING: Unable to find version of CDP to use for . You may need to include a dependency on a specific version of the CDP using something similar to `org.seleniumhq.selenium:selenium-devtools-v86:4.1.2` where the version ("v86") matches the version of the chromium-based browser you're using and the version number of the artifact is the same as Selenium's.
]]></system-err>
  </testcase>
  <testcase name="Login with valid username and invalid password" classname="Login" time="15.833">
    <system-out><![CDATA[
Scenario: Login with valid username and invalid password &amp#27;[90m# src/test/resources/features/login.feature:24&amp#27;[0m
15:02:11.596 [main] INFO io.cucumber.core.plugin.SerenityReporter - Running feature from file:///D:/Ra/file%20kuliah/semester%207/resume%20alta/demoqa/src/test/resources/features/login.feature
15:02:11.598 [main] INFO  - 
  _____   ___   ___   _____     ___   _____     _     ___   _____   ___   ___  
 |_   _| | __| / __| |_   _|   / __| |_   _|   /_\   | _ \ |_   _| | __| |   \ 
   | |   | _|  \__ \   | |     \__ \   | |    / _ \  |   /   | |   | _|  | |) |
   |_|   |___| |___/   |_|     |___/   |_|   /_/ \_\ |_|_\   |_|   |___| |___/ 

Login with valid username and invalid password(login;login-with-valid-username-and-invalid-password)
--------------------------------------------------------------------------------
15:02:11.619 [main] INFO net.serenitybdd.core.webdriver.driverproviders.ChromeDriverProvider - Using automatically driver download
15:02:11.731 [main] DEBUG io.github.bonigarcia.wdm.cache.ResolutionCache - Resolution chrome=106 in cache (valid until 15:57:12 05/10/2022 ICT)
15:02:11.734 [main] DEBUG io.github.bonigarcia.wdm.cache.ResolutionCache - Resolution chrome106=106.0.5249.61 in cache (valid until 11:41:12 06/10/2022 ICT)
15:02:11.735 [main] INFO io.github.bonigarcia.wdm.WebDriverManager - Using chromedriver 106.0.5249.61 (resolved driver for Chrome 106)
15:02:11.742 [main] DEBUG io.github.bonigarcia.wdm.WebDriverManager - Driver chromedriver 106.0.5249.61 found in cache
15:02:11.743 [main] INFO io.github.bonigarcia.wdm.WebDriverManager - Exporting webdriver.chrome.driver as C:\Users\rilaa\.cache\selenium\chromedriver\win32\106.0.5249.61\chromedriver.exe
15:02:11.824 [main] DEBUG net.serenitybdd.core.webdriver.driverproviders.ProvideNewDriver - Instantiating driver
15:02:11.824 [main] DEBUG net.serenitybdd.core.webdriver.driverproviders.ProvideNewDriver - Driver capabilities: Capabilities {acceptInsecureCerts: false, base.url: https://demoqa.com/books, browserName: chrome, chrome.driver: src/test/resources/webdrive..., driver: chrome, goog:chromeOptions: {args: [], extensions: []}}
15:02:11.890 [AsyncHttpClient-1-8] DEBUG org.asynchttpclient.netty.channel.NettyConnectListener - Using new Channel '[id: 0x2b6e4bbc, L:/127.0.0.1:58455 - R:localhost/127.0.0.1:56883]' for 'POST' to '/session'
15:02:12.398 [AsyncHttpClient-1-1] DEBUG org.asynchttpclient.netty.channel.DefaultChannelPool - Entry count for : http://localhost:49698 : 1
15:02:12.398 [AsyncHttpClient-1-1] DEBUG org.asynchttpclient.netty.channel.DefaultChannelPool - Entry count for : http://localhost:58357 : 1
15:02:12.398 [AsyncHttpClient-1-1] DEBUG org.asynchttpclient.netty.channel.DefaultChannelPool - Adding Candidate expired Channel [id: 0x985b3bf8, L:/127.0.0.1:58356 ! R:localhost/127.0.0.1:49698] isIdleTimeoutExpired=false isRemotelyClosed=true isTtlExpired=false
15:02:12.398 [AsyncHttpClient-1-1] DEBUG org.asynchttpclient.netty.channel.DefaultChannelPool - Closing Idle Channel [id: 0x985b3bf8, L:/127.0.0.1:58356 ! R:localhost/127.0.0.1:49698]
15:02:12.398 [AsyncHttpClient-1-1] DEBUG org.asynchttpclient.netty.channel.DefaultChannelPool - Adding Candidate expired Channel [id: 0x6581ac0e, L:/127.0.0.1:58363 ! R:localhost/127.0.0.1:58357] isIdleTimeoutExpired=false isRemotelyClosed=true isTtlExpired=false
15:02:12.398 [AsyncHttpClient-1-1] DEBUG org.asynchttpclient.netty.channel.DefaultChannelPool - Closing Idle Channel [id: 0x6581ac0e, L:/127.0.0.1:58363 ! R:localhost/127.0.0.1:58357]
15:02:12.398 [AsyncHttpClient-1-1] DEBUG org.asynchttpclient.netty.channel.DefaultChannelPool - Closed 2 connections out of 2 in 0 ms
15:02:12.665 [AsyncHttpClient-1-8] DEBUG org.asynchttpclient.netty.handler.HttpHandler - 

Request DefaultHttpRequest(decodeResult: success, version: HTTP/1.1)
POST /session HTTP/1.1
User-Agent: selenium/4.1.2 (java windows)
Content-Length: 610
Content-Type: application/json; charset=utf-8
host: localhost:56883
accept: */*

Response DefaultHttpResponse(decodeResult: success, version: HTTP/1.1)
HTTP/1.1 200 OK
Content-Type: application/json; charset=utf-8
cache-control: no-cache
content-length: 789

15:02:12.666 [AsyncHttpClient-1-8] DEBUG org.asynchttpclient.netty.channel.ChannelManager - Adding key: http://localhost:56883 for channel [id: 0x2b6e4bbc, L:/127.0.0.1:58455 - R:localhost/127.0.0.1:56883]
15:02:12.672 [AsyncHttpClient-1-9] DEBUG org.asynchttpclient.netty.channel.NettyConnectListener - Using new Channel '[id: 0x8ded9c25, L:/127.0.0.1:58463 - R:localhost/127.0.0.1:58456]' for 'GET' to '/json/version'
15:02:12.679 [AsyncHttpClient-1-9] DEBUG org.asynchttpclient.netty.handler.HttpHandler - 

Request DefaultFullHttpRequest(decodeResult: success, version: HTTP/1.1, content: EmptyByteBufBE)
GET /json/version HTTP/1.1
User-Agent: selenium/4.1.2 (java windows)
host: localhost:58456
accept: */*

Response DefaultHttpResponse(decodeResult: success, version: HTTP/1.1)
HTTP/1.1 200 OK
Content-Type: application/json; charset=UTF-8
content-length: 423

15:02:12.679 [AsyncHttpClient-1-9] DEBUG org.asynchttpclient.netty.channel.ChannelManager - Adding key: http://localhost:58456 for channel [id: 0x8ded9c25, L:/127.0.0.1:58463 - R:localhost/127.0.0.1:58456]
15:02:12.681 [AsyncHttpClient-1-2] DEBUG org.asynchttpclient.netty.channel.NettyConnectListener - Using new Channel '[id: 0xe754df4d, L:/127.0.0.1:58464 - R:localhost/127.0.0.1:58456]' for 'GET' to '/devtools/browser/74ac6bef-f450-404e-8bbd-ee4a5aae3732'
15:02:12.682 [AsyncHttpClient-1-2] DEBUG org.asynchttpclient.netty.handler.WebSocketHandler - 

Request DefaultFullHttpRequest(decodeResult: success, version: HTTP/1.1, content: EmptyByteBufBE)
GET /devtools/browser/74ac6bef-f450-404e-8bbd-ee4a5aae3732 HTTP/1.1
upgrade: websocket
connection: upgrade
sec-websocket-key: wyUAaJ2T3gqPXa0VXT0HWw==
sec-websocket-version: 13
origin: http://localhost:58456
host: localhost:58456
accept: */*
user-agent: AHC/2.1

Response DefaultHttpResponse(decodeResult: success, version: HTTP/1.1)
HTTP/1.1 101 WebSocket Protocol Handshake
Upgrade: WebSocket
Connection: Upgrade
Sec-WebSocket-Accept: zExfJ2DNg2dqTCibUJFWCbt6T3k=

15:02:12.685 [Forwarding get on session 97bb973a89027e81b7c608cd7e61f154 to remote] DEBUG org.asynchttpclient.netty.request.NettyRequestSender - Using pooled Channel '[id: 0x2b6e4bbc, L:/127.0.0.1:58455 - R:localhost/127.0.0.1:56883]' for 'POST' to 'http://localhost:56883/session/97bb973a89027e81b7c608cd7e61f154/url'
15:02:12.685 [Forwarding get on session 97bb973a89027e81b7c608cd7e61f154 to remote] DEBUG org.asynchttpclient.netty.request.NettyRequestSender - Using open Channel [id: 0x2b6e4bbc, L:/127.0.0.1:58455 - R:localhost/127.0.0.1:56883] for POST '/session/97bb973a89027e81b7c608cd7e61f154/url'
15:02:13.480 [AsyncHttpClient-1-1] DEBUG org.asynchttpclient.netty.channel.DefaultChannelPool - Entry count for : http://localhost:58456 : 1
15:02:14.580 [AsyncHttpClient-1-1] DEBUG org.asynchttpclient.netty.channel.DefaultChannelPool - Entry count for : http://localhost:58456 : 1
15:02:15.687 [AsyncHttpClient-1-1] DEBUG org.asynchttpclient.netty.channel.DefaultChannelPool - Entry count for : http://localhost:58456 : 1
15:02:16.786 [AsyncHttpClient-1-1] DEBUG org.asynchttpclient.netty.channel.DefaultChannelPool - Entry count for : http://localhost:58456 : 1
15:02:17.880 [AsyncHttpClient-1-1] DEBUG org.asynchttpclient.netty.channel.DefaultChannelPool - Entry count for : http://localhost:58456 : 1
15:02:18.980 [AsyncHttpClient-1-1] DEBUG org.asynchttpclient.netty.channel.DefaultChannelPool - Entry count for : http://localhost:58456 : 1
15:02:20.084 [AsyncHttpClient-1-1] DEBUG org.asynchttpclient.netty.channel.DefaultChannelPool - Entry count for : http://localhost:58456 : 1
15:02:21.180 [AsyncHttpClient-1-1] DEBUG org.asynchttpclient.netty.channel.DefaultChannelPool - Entry count for : http://localhost:58456 : 1
15:02:22.281 [AsyncHttpClient-1-1] DEBUG org.asynchttpclient.netty.channel.DefaultChannelPool - Entry count for : http://localhost:58456 : 1
15:02:23.381 [AsyncHttpClient-1-1] DEBUG org.asynchttpclient.netty.channel.DefaultChannelPool - Entry count for : http://localhost:58456 : 1
15:02:24.481 [AsyncHttpClient-1-1] DEBUG org.asynchttpclient.netty.channel.DefaultChannelPool - Entry count for : http://localhost:58456 : 1
15:02:24.840 [AsyncHttpClient-1-8] DEBUG org.asynchttpclient.netty.handler.HttpHandler - 

Request DefaultHttpRequest(decodeResult: success, version: HTTP/1.1)
POST /session/97bb973a89027e81b7c608cd7e61f154/url HTTP/1.1
User-Agent: selenium/4.1.2 (java windows)
Content-Length: 60
Content-Type: application/json; charset=utf-8
host: localhost:56883
accept: */*

Response DefaultHttpResponse(decodeResult: success, version: HTTP/1.1)
HTTP/1.1 200 OK
Content-Type: application/json; charset=utf-8
cache-control: no-cache
content-length: 14

15:02:24.840 [AsyncHttpClient-1-8] DEBUG org.asynchttpclient.netty.channel.ChannelManager - Adding key: http://localhost:56883 for channel [id: 0x2b6e4bbc, L:/127.0.0.1:58455 - R:localhost/127.0.0.1:56883]
15:02:24.841 [Forwarding setTimeout on session 97bb973a89027e81b7c608cd7e61f154 to remote] DEBUG org.asynchttpclient.netty.request.NettyRequestSender - Using pooled Channel '[id: 0x2b6e4bbc, L:/127.0.0.1:58455 - R:localhost/127.0.0.1:56883]' for 'POST' to 'http://localhost:56883/session/97bb973a89027e81b7c608cd7e61f154/timeouts'
15:02:24.842 [Forwarding setTimeout on session 97bb973a89027e81b7c608cd7e61f154 to remote] DEBUG org.asynchttpclient.netty.request.NettyRequestSender - Using open Channel [id: 0x2b6e4bbc, L:/127.0.0.1:58455 - R:localhost/127.0.0.1:56883] for POST '/session/97bb973a89027e81b7c608cd7e61f154/timeouts'
15:02:24.843 [AsyncHttpClient-1-8] DEBUG org.asynchttpclient.netty.handler.HttpHandler - 

Request DefaultHttpRequest(decodeResult: success, version: HTTP/1.1)
POST /session/97bb973a89027e81b7c608cd7e61f154/timeouts HTTP/1.1
User-Agent: selenium/4.1.2 (java windows)
Content-Length: 22
Content-Type: application/json; charset=utf-8
host: localhost:56883
accept: */*

Response DefaultHttpResponse(decodeResult: success, version: HTTP/1.1)
HTTP/1.1 200 OK
Content-Type: application/json; charset=utf-8
cache-control: no-cache
content-length: 14

15:02:24.844 [AsyncHttpClient-1-8] DEBUG org.asynchttpclient.netty.channel.ChannelManager - Adding key: http://localhost:56883 for channel [id: 0x2b6e4bbc, L:/127.0.0.1:58455 - R:localhost/127.0.0.1:56883]
15:02:24.847 [Forwarding getCurrentUrl on session 97bb973a89027e81b7c608cd7e61f154 to remote] DEBUG org.asynchttpclient.netty.request.NettyRequestSender - Using pooled Channel '[id: 0x2b6e4bbc, L:/127.0.0.1:58455 - R:localhost/127.0.0.1:56883]' for 'GET' to 'http://localhost:56883/session/97bb973a89027e81b7c608cd7e61f154/url'
15:02:24.847 [Forwarding getCurrentUrl on session 97bb973a89027e81b7c608cd7e61f154 to remote] DEBUG org.asynchttpclient.netty.request.NettyRequestSender - Using open Channel [id: 0x2b6e4bbc, L:/127.0.0.1:58455 - R:localhost/127.0.0.1:56883] for GET '/session/97bb973a89027e81b7c608cd7e61f154/url'
15:02:24.852 [AsyncHttpClient-1-8] DEBUG org.asynchttpclient.netty.handler.HttpHandler - 

Request DefaultFullHttpRequest(decodeResult: success, version: HTTP/1.1, content: EmptyByteBufBE)
GET /session/97bb973a89027e81b7c608cd7e61f154/url HTTP/1.1
User-Agent: selenium/4.1.2 (java windows)
Cache-Control: no-cache
Content-Type: application/json; charset=utf-8
host: localhost:56883
accept: */*

Response DefaultHttpResponse(decodeResult: success, version: HTTP/1.1)
HTTP/1.1 200 OK
Content-Type: application/json; charset=utf-8
cache-control: no-cache
content-length: 37

15:02:24.852 [AsyncHttpClient-1-8] DEBUG org.asynchttpclient.netty.channel.ChannelManager - Adding key: http://localhost:56883 for channel [id: 0x2b6e4bbc, L:/127.0.0.1:58455 - R:localhost/127.0.0.1:56883]
  &amp#27;[32mGiven &amp#27;[0m&amp#27;[32mI am on the books page&amp#27;[0m                           &amp#27;[90m# starter.stepdefinitions.LoginStep.iAmOnTheBooksPage()&amp#27;[0m
15:02:24.857 [Forwarding screenshot on session 97bb973a89027e81b7c608cd7e61f154 to remote] DEBUG org.asynchttpclient.netty.request.NettyRequestSender - Using pooled Channel '[id: 0x2b6e4bbc, L:/127.0.0.1:58455 - R:localhost/127.0.0.1:56883]' for 'GET' to 'http://localhost:56883/session/97bb973a89027e81b7c608cd7e61f154/screenshot'
15:02:24.857 [Forwarding screenshot on session 97bb973a89027e81b7c608cd7e61f154 to remote] DEBUG org.asynchttpclient.netty.request.NettyRequestSender - Using open Channel [id: 0x2b6e4bbc, L:/127.0.0.1:58455 - R:localhost/127.0.0.1:56883] for GET '/session/97bb973a89027e81b7c608cd7e61f154/screenshot'
15:02:25.058 [AsyncHttpClient-1-8] DEBUG org.asynchttpclient.netty.handler.HttpHandler - 

Request DefaultFullHttpRequest(decodeResult: success, version: HTTP/1.1, content: EmptyByteBufBE)
GET /session/97bb973a89027e81b7c608cd7e61f154/screenshot HTTP/1.1
User-Agent: selenium/4.1.2 (java windows)
Cache-Control: no-cache
Content-Type: application/json; charset=utf-8
host: localhost:56883
accept: */*

Response DefaultHttpResponse(decodeResult: success, version: HTTP/1.1)
HTTP/1.1 200 OK
Content-Type: application/json; charset=utf-8
cache-control: no-cache
content-length: 453396

15:02:25.060 [AsyncHttpClient-1-8] DEBUG org.asynchttpclient.netty.channel.ChannelManager - Adding key: http://localhost:56883 for channel [id: 0x2b6e4bbc, L:/127.0.0.1:58455 - R:localhost/127.0.0.1:56883]
15:02:25.069 [main] DEBUG net.serenitybdd.core.photography.Darkroom - Send negative for processing for target\site\serenity\ec673ab726b71648a82fa7a6eaad0f64a88cbd262f83a5070282d0fac2d0a372.png
15:02:25.069 [Darkroom Processing Line] DEBUG net.serenitybdd.core.photography.DarkroomProcessingLine - Processing screenshot image in /var/screenshots/screenshot-10233174351747040626
15:02:25.070 [Darkroom Processing Line] DEBUG net.serenitybdd.core.photography.DarkroomProcessingLine - Saving screenshot to target\site\serenity\ec673ab726b71648a82fa7a6eaad0f64a88cbd262f83a5070282d0fac2d0a372.png
15:02:25.080 [Forwarding findElement on session 97bb973a89027e81b7c608cd7e61f154 to remote] DEBUG org.asynchttpclient.netty.request.NettyRequestSender - Using pooled Channel '[id: 0x2b6e4bbc, L:/127.0.0.1:58455 - R:localhost/127.0.0.1:56883]' for 'POST' to 'http://localhost:56883/session/97bb973a89027e81b7c608cd7e61f154/element'
15:02:25.080 [Forwarding findElement on session 97bb973a89027e81b7c608cd7e61f154 to remote] DEBUG org.asynchttpclient.netty.request.NettyRequestSender - Using open Channel [id: 0x2b6e4bbc, L:/127.0.0.1:58455 - R:localhost/127.0.0.1:56883] for POST '/session/97bb973a89027e81b7c608cd7e61f154/element'
15:02:25.089 [AsyncHttpClient-1-8] DEBUG org.asynchttpclient.netty.handler.HttpHandler - 

Request DefaultHttpRequest(decodeResult: success, version: HTTP/1.1)
POST /session/97bb973a89027e81b7c608cd7e61f154/element HTTP/1.1
User-Agent: selenium/4.1.2 (java windows)
Content-Length: 50
Content-Type: application/json; charset=utf-8
host: localhost:56883
accept: */*

Response DefaultHttpResponse(decodeResult: success, version: HTTP/1.1)
HTTP/1.1 200 OK
Content-Type: application/json; charset=utf-8
cache-control: no-cache
content-length: 88

15:02:25.090 [AsyncHttpClient-1-8] DEBUG org.asynchttpclient.netty.channel.ChannelManager - Adding key: http://localhost:56883 for channel [id: 0x2b6e4bbc, L:/127.0.0.1:58455 - R:localhost/127.0.0.1:56883]
15:02:25.091 [Forwarding getElementTagName on session 97bb973a89027e81b7c608cd7e61f154 to remote] DEBUG org.asynchttpclient.netty.request.NettyRequestSender - Using pooled Channel '[id: 0x2b6e4bbc, L:/127.0.0.1:58455 - R:localhost/127.0.0.1:56883]' for 'GET' to 'http://localhost:56883/session/97bb973a89027e81b7c608cd7e61f154/element/2ea53030-50d1-413b-a3bc-1a1e00060dd6/name'
15:02:25.091 [Forwarding getElementTagName on session 97bb973a89027e81b7c608cd7e61f154 to remote] DEBUG org.asynchttpclient.netty.request.NettyRequestSender - Using open Channel [id: 0x2b6e4bbc, L:/127.0.0.1:58455 - R:localhost/127.0.0.1:56883] for GET '/session/97bb973a89027e81b7c608cd7e61f154/element/2ea53030-50d1-413b-a3bc-1a1e00060dd6/name'
15:02:25.095 [AsyncHttpClient-1-8] DEBUG org.asynchttpclient.netty.handler.HttpHandler - 

Request DefaultFullHttpRequest(decodeResult: success, version: HTTP/1.1, content: EmptyByteBufBE)
GET /session/97bb973a89027e81b7c608cd7e61f154/element/2ea53030-50d1-413b-a3bc-1a1e00060dd6/name HTTP/1.1
User-Agent: selenium/4.1.2 (java windows)
Cache-Control: no-cache
Content-Type: application/json; charset=utf-8
host: localhost:56883
accept: */*

Response DefaultHttpResponse(decodeResult: success, version: HTTP/1.1)
HTTP/1.1 200 OK
Content-Type: application/json; charset=utf-8
cache-control: no-cache
content-length: 18

15:02:25.095 [AsyncHttpClient-1-8] DEBUG org.asynchttpclient.netty.channel.ChannelManager - Adding key: http://localhost:56883 for channel [id: 0x2b6e4bbc, L:/127.0.0.1:58455 - R:localhost/127.0.0.1:56883]
15:02:25.097 [Forwarding getElementTagName on session 97bb973a89027e81b7c608cd7e61f154 to remote] DEBUG org.asynchttpclient.netty.request.NettyRequestSender - Using pooled Channel '[id: 0x2b6e4bbc, L:/127.0.0.1:58455 - R:localhost/127.0.0.1:56883]' for 'GET' to 'http://localhost:56883/session/97bb973a89027e81b7c608cd7e61f154/element/2ea53030-50d1-413b-a3bc-1a1e00060dd6/name'
15:02:25.098 [Forwarding getElementTagName on session 97bb973a89027e81b7c608cd7e61f154 to remote] DEBUG org.asynchttpclient.netty.request.NettyRequestSender - Using open Channel [id: 0x2b6e4bbc, L:/127.0.0.1:58455 - R:localhost/127.0.0.1:56883] for GET '/session/97bb973a89027e81b7c608cd7e61f154/element/2ea53030-50d1-413b-a3bc-1a1e00060dd6/name'
15:02:25.100 [AsyncHttpClient-1-8] DEBUG org.asynchttpclient.netty.handler.HttpHandler - 

Request DefaultFullHttpRequest(decodeResult: success, version: HTTP/1.1, content: EmptyByteBufBE)
GET /session/97bb973a89027e81b7c608cd7e61f154/element/2ea53030-50d1-413b-a3bc-1a1e00060dd6/name HTTP/1.1
User-Agent: selenium/4.1.2 (java windows)
Cache-Control: no-cache
Content-Type: application/json; charset=utf-8
host: localhost:56883
accept: */*

Response DefaultHttpResponse(decodeResult: success, version: HTTP/1.1)
HTTP/1.1 200 OK
Content-Type: application/json; charset=utf-8
cache-control: no-cache
content-length: 18

15:02:25.100 [AsyncHttpClient-1-8] DEBUG org.asynchttpclient.netty.channel.ChannelManager - Adding key: http://localhost:56883 for channel [id: 0x2b6e4bbc, L:/127.0.0.1:58455 - R:localhost/127.0.0.1:56883]
15:02:25.103 [Forwarding isElementEnabled on session 97bb973a89027e81b7c608cd7e61f154 to remote] DEBUG org.asynchttpclient.netty.request.NettyRequestSender - Using pooled Channel '[id: 0x2b6e4bbc, L:/127.0.0.1:58455 - R:localhost/127.0.0.1:56883]' for 'GET' to 'http://localhost:56883/session/97bb973a89027e81b7c608cd7e61f154/element/2ea53030-50d1-413b-a3bc-1a1e00060dd6/enabled'
15:02:25.103 [Forwarding isElementEnabled on session 97bb973a89027e81b7c608cd7e61f154 to remote] DEBUG org.asynchttpclient.netty.request.NettyRequestSender - Using open Channel [id: 0x2b6e4bbc, L:/127.0.0.1:58455 - R:localhost/127.0.0.1:56883] for GET '/session/97bb973a89027e81b7c608cd7e61f154/element/2ea53030-50d1-413b-a3bc-1a1e00060dd6/enabled'
15:02:25.110 [AsyncHttpClient-1-8] DEBUG org.asynchttpclient.netty.handler.HttpHandler - 

Request DefaultFullHttpRequest(decodeResult: success, version: HTTP/1.1, content: EmptyByteBufBE)
GET /session/97bb973a89027e81b7c608cd7e61f154/element/2ea53030-50d1-413b-a3bc-1a1e00060dd6/enabled HTTP/1.1
User-Agent: selenium/4.1.2 (java windows)
Cache-Control: no-cache
Content-Type: application/json; charset=utf-8
host: localhost:56883
accept: */*

Response DefaultHttpResponse(decodeResult: success, version: HTTP/1.1)
HTTP/1.1 200 OK
Content-Type: application/json; charset=utf-8
cache-control: no-cache
content-length: 14

15:02:25.110 [AsyncHttpClient-1-8] DEBUG org.asynchttpclient.netty.channel.ChannelManager - Adding key: http://localhost:56883 for channel [id: 0x2b6e4bbc, L:/127.0.0.1:58455 - R:localhost/127.0.0.1:56883]
15:02:25.112 [Forwarding isElementEnabled on session 97bb973a89027e81b7c608cd7e61f154 to remote] DEBUG org.asynchttpclient.netty.request.NettyRequestSender - Using pooled Channel '[id: 0x2b6e4bbc, L:/127.0.0.1:58455 - R:localhost/127.0.0.1:56883]' for 'GET' to 'http://localhost:56883/session/97bb973a89027e81b7c608cd7e61f154/element/2ea53030-50d1-413b-a3bc-1a1e00060dd6/enabled'
15:02:25.112 [Forwarding isElementEnabled on session 97bb973a89027e81b7c608cd7e61f154 to remote] DEBUG org.asynchttpclient.netty.request.NettyRequestSender - Using open Channel [id: 0x2b6e4bbc, L:/127.0.0.1:58455 - R:localhost/127.0.0.1:56883] for GET '/session/97bb973a89027e81b7c608cd7e61f154/element/2ea53030-50d1-413b-a3bc-1a1e00060dd6/enabled'
15:02:25.124 [AsyncHttpClient-1-8] DEBUG org.asynchttpclient.netty.handler.HttpHandler - 

Request DefaultFullHttpRequest(decodeResult: success, version: HTTP/1.1, content: EmptyByteBufBE)
GET /session/97bb973a89027e81b7c608cd7e61f154/element/2ea53030-50d1-413b-a3bc-1a1e00060dd6/enabled HTTP/1.1
User-Agent: selenium/4.1.2 (java windows)
Cache-Control: no-cache
Content-Type: application/json; charset=utf-8
host: localhost:56883
accept: */*

Response DefaultHttpResponse(decodeResult: success, version: HTTP/1.1)
HTTP/1.1 200 OK
Content-Type: application/json; charset=utf-8
cache-control: no-cache
content-length: 14

15:02:25.125 [AsyncHttpClient-1-8] DEBUG org.asynchttpclient.netty.channel.ChannelManager - Adding key: http://localhost:56883 for channel [id: 0x2b6e4bbc, L:/127.0.0.1:58455 - R:localhost/127.0.0.1:56883]
15:02:25.129 [Forwarding findElement on session 97bb973a89027e81b7c608cd7e61f154 to remote] DEBUG org.asynchttpclient.netty.request.NettyRequestSender - Using pooled Channel '[id: 0x2b6e4bbc, L:/127.0.0.1:58455 - R:localhost/127.0.0.1:56883]' for 'POST' to 'http://localhost:56883/session/97bb973a89027e81b7c608cd7e61f154/element'
15:02:25.129 [Forwarding findElement on session 97bb973a89027e81b7c608cd7e61f154 to remote] DEBUG org.asynchttpclient.netty.request.NettyRequestSender - Using open Channel [id: 0x2b6e4bbc, L:/127.0.0.1:58455 - R:localhost/127.0.0.1:56883] for POST '/session/97bb973a89027e81b7c608cd7e61f154/element'
15:02:25.158 [AsyncHttpClient-1-8] DEBUG org.asynchttpclient.netty.handler.HttpHandler - 

Request DefaultHttpRequest(decodeResult: success, version: HTTP/1.1)
POST /session/97bb973a89027e81b7c608cd7e61f154/element HTTP/1.1
User-Agent: selenium/4.1.2 (java windows)
Content-Length: 50
Content-Type: application/json; charset=utf-8
host: localhost:56883
accept: */*

Response DefaultHttpResponse(decodeResult: success, version: HTTP/1.1)
HTTP/1.1 200 OK
Content-Type: application/json; charset=utf-8
cache-control: no-cache
content-length: 88

15:02:25.158 [AsyncHttpClient-1-8] DEBUG org.asynchttpclient.netty.channel.ChannelManager - Adding key: http://localhost:56883 for channel [id: 0x2b6e4bbc, L:/127.0.0.1:58455 - R:localhost/127.0.0.1:56883]
15:02:25.159 [Forwarding clickElement on session 97bb973a89027e81b7c608cd7e61f154 to remote] DEBUG org.asynchttpclient.netty.request.NettyRequestSender - Using pooled Channel '[id: 0x2b6e4bbc, L:/127.0.0.1:58455 - R:localhost/127.0.0.1:56883]' for 'POST' to 'http://localhost:56883/session/97bb973a89027e81b7c608cd7e61f154/element/2ea53030-50d1-413b-a3bc-1a1e00060dd6/click'
15:02:25.160 [Forwarding clickElement on session 97bb973a89027e81b7c608cd7e61f154 to remote] DEBUG org.asynchttpclient.netty.request.NettyRequestSender - Using open Channel [id: 0x2b6e4bbc, L:/127.0.0.1:58455 - R:localhost/127.0.0.1:56883] for POST '/session/97bb973a89027e81b7c608cd7e61f154/element/2ea53030-50d1-413b-a3bc-1a1e00060dd6/click'
15:02:25.211 [AsyncHttpClient-1-8] DEBUG org.asynchttpclient.netty.handler.HttpHandler - 

Request DefaultHttpRequest(decodeResult: success, version: HTTP/1.1)
POST /session/97bb973a89027e81b7c608cd7e61f154/element/2ea53030-50d1-413b-a3bc-1a1e00060dd6/click HTTP/1.1
User-Agent: selenium/4.1.2 (java windows)
Content-Length: 50
Content-Type: application/json; charset=utf-8
host: localhost:56883
accept: */*

Response DefaultHttpResponse(decodeResult: success, version: HTTP/1.1)
HTTP/1.1 200 OK
Content-Type: application/json; charset=utf-8
cache-control: no-cache
content-length: 14

15:02:25.212 [AsyncHttpClient-1-8] DEBUG org.asynchttpclient.netty.channel.ChannelManager - Adding key: http://localhost:56883 for channel [id: 0x2b6e4bbc, L:/127.0.0.1:58455 - R:localhost/127.0.0.1:56883]
  &amp#27;[32mAnd &amp#27;[0m&amp#27;[32mI click Login button&amp#27;[0m                               &amp#27;[90m# starter.stepdefinitions.LoginStep.iClickLoginButton()&amp#27;[0m
15:02:25.219 [Forwarding screenshot on session 97bb973a89027e81b7c608cd7e61f154 to remote] DEBUG org.asynchttpclient.netty.request.NettyRequestSender - Using pooled Channel '[id: 0x2b6e4bbc, L:/127.0.0.1:58455 - R:localhost/127.0.0.1:56883]' for 'GET' to 'http://localhost:56883/session/97bb973a89027e81b7c608cd7e61f154/screenshot'
15:02:25.219 [Forwarding screenshot on session 97bb973a89027e81b7c608cd7e61f154 to remote] DEBUG org.asynchttpclient.netty.request.NettyRequestSender - Using open Channel [id: 0x2b6e4bbc, L:/127.0.0.1:58455 - R:localhost/127.0.0.1:56883] for GET '/session/97bb973a89027e81b7c608cd7e61f154/screenshot'
15:02:25.434 [AsyncHttpClient-1-8] DEBUG org.asynchttpclient.netty.handler.HttpHandler - 

Request DefaultFullHttpRequest(decodeResult: success, version: HTTP/1.1, content: EmptyByteBufBE)
GET /session/97bb973a89027e81b7c608cd7e61f154/screenshot HTTP/1.1
User-Agent: selenium/4.1.2 (java windows)
Cache-Control: no-cache
Content-Type: application/json; charset=utf-8
host: localhost:56883
accept: */*

Response DefaultHttpResponse(decodeResult: success, version: HTTP/1.1)
HTTP/1.1 200 OK
Content-Type: application/json; charset=utf-8
cache-control: no-cache
content-length: 486252

15:02:25.435 [AsyncHttpClient-1-8] DEBUG org.asynchttpclient.netty.channel.ChannelManager - Adding key: http://localhost:56883 for channel [id: 0x2b6e4bbc, L:/127.0.0.1:58455 - R:localhost/127.0.0.1:56883]
15:02:25.443 [main] DEBUG net.serenitybdd.core.photography.Darkroom - Send negative for processing for target\site\serenity\9065009b32106c84da07c8bedb1dc190c6110d6c1ab5523c16454b82f8b111f8.png
15:02:25.444 [Darkroom Processing Line] DEBUG net.serenitybdd.core.photography.DarkroomProcessingLine - Processing screenshot image in /var/screenshots/screenshot-5253142488636761523
15:02:25.444 [Darkroom Processing Line] DEBUG net.serenitybdd.core.photography.DarkroomProcessingLine - Saving screenshot to target\site\serenity\9065009b32106c84da07c8bedb1dc190c6110d6c1ab5523c16454b82f8b111f8.png
15:02:25.449 [Forwarding findElement on session 97bb973a89027e81b7c608cd7e61f154 to remote] DEBUG org.asynchttpclient.netty.request.NettyRequestSender - Using pooled Channel '[id: 0x2b6e4bbc, L:/127.0.0.1:58455 - R:localhost/127.0.0.1:56883]' for 'POST' to 'http://localhost:56883/session/97bb973a89027e81b7c608cd7e61f154/element'
15:02:25.449 [Forwarding findElement on session 97bb973a89027e81b7c608cd7e61f154 to remote] DEBUG org.asynchttpclient.netty.request.NettyRequestSender - Using open Channel [id: 0x2b6e4bbc, L:/127.0.0.1:58455 - R:localhost/127.0.0.1:56883] for POST '/session/97bb973a89027e81b7c608cd7e61f154/element'
15:02:25.458 [AsyncHttpClient-1-8] DEBUG org.asynchttpclient.netty.handler.HttpHandler - 

Request DefaultHttpRequest(decodeResult: success, version: HTTP/1.1)
POST /session/97bb973a89027e81b7c608cd7e61f154/element HTTP/1.1
User-Agent: selenium/4.1.2 (java windows)
Content-Length: 51
Content-Type: application/json; charset=utf-8
host: localhost:56883
accept: */*

Response DefaultHttpResponse(decodeResult: success, version: HTTP/1.1)
HTTP/1.1 200 OK
Content-Type: application/json; charset=utf-8
cache-control: no-cache
content-length: 88

15:02:25.458 [AsyncHttpClient-1-8] DEBUG org.asynchttpclient.netty.channel.ChannelManager - Adding key: http://localhost:56883 for channel [id: 0x2b6e4bbc, L:/127.0.0.1:58455 - R:localhost/127.0.0.1:56883]
15:02:25.461 [Forwarding isElementDisplayed on session 97bb973a89027e81b7c608cd7e61f154 to remote] DEBUG org.asynchttpclient.netty.request.NettyRequestSender - Using pooled Channel '[id: 0x2b6e4bbc, L:/127.0.0.1:58455 - R:localhost/127.0.0.1:56883]' for 'POST' to 'http://localhost:56883/session/97bb973a89027e81b7c608cd7e61f154/execute/sync'
15:02:25.461 [Forwarding isElementDisplayed on session 97bb973a89027e81b7c608cd7e61f154 to remote] DEBUG org.asynchttpclient.netty.request.NettyRequestSender - Using open Channel [id: 0x2b6e4bbc, L:/127.0.0.1:58455 - R:localhost/127.0.0.1:56883] for POST '/session/97bb973a89027e81b7c608cd7e61f154/execute/sync'
15:02:25.473 [AsyncHttpClient-1-8] DEBUG org.asynchttpclient.netty.handler.HttpHandler - 

Request DefaultHttpRequest(decodeResult: success, version: HTTP/1.1)
POST /session/97bb973a89027e81b7c608cd7e61f154/execute/sync HTTP/1.1
User-Agent: selenium/4.1.2 (java windows)
Content-Length: 48780
Content-Type: application/json; charset=utf-8
host: localhost:56883
accept: */*

Response DefaultHttpResponse(decodeResult: success, version: HTTP/1.1)
HTTP/1.1 200 OK
Content-Type: application/json; charset=utf-8
cache-control: no-cache
content-length: 14

15:02:25.473 [AsyncHttpClient-1-8] DEBUG org.asynchttpclient.netty.channel.ChannelManager - Adding key: http://localhost:56883 for channel [id: 0x2b6e4bbc, L:/127.0.0.1:58455 - R:localhost/127.0.0.1:56883]
15:02:25.478 [Forwarding findElement on session 97bb973a89027e81b7c608cd7e61f154 to remote] DEBUG org.asynchttpclient.netty.request.NettyRequestSender - Using pooled Channel '[id: 0x2b6e4bbc, L:/127.0.0.1:58455 - R:localhost/127.0.0.1:56883]' for 'POST' to 'http://localhost:56883/session/97bb973a89027e81b7c608cd7e61f154/element'
15:02:25.479 [Forwarding findElement on session 97bb973a89027e81b7c608cd7e61f154 to remote] DEBUG org.asynchttpclient.netty.request.NettyRequestSender - Using open Channel [id: 0x2b6e4bbc, L:/127.0.0.1:58455 - R:localhost/127.0.0.1:56883] for POST '/session/97bb973a89027e81b7c608cd7e61f154/element'
15:02:25.489 [AsyncHttpClient-1-8] DEBUG org.asynchttpclient.netty.handler.HttpHandler - 

Request DefaultHttpRequest(decodeResult: success, version: HTTP/1.1)
POST /session/97bb973a89027e81b7c608cd7e61f154/element HTTP/1.1
User-Agent: selenium/4.1.2 (java windows)
Content-Length: 53
Content-Type: application/json; charset=utf-8
host: localhost:56883
accept: */*

Response DefaultHttpResponse(decodeResult: success, version: HTTP/1.1)
HTTP/1.1 200 OK
Content-Type: application/json; charset=utf-8
cache-control: no-cache
content-length: 88

15:02:25.489 [AsyncHttpClient-1-8] DEBUG org.asynchttpclient.netty.channel.ChannelManager - Adding key: http://localhost:56883 for channel [id: 0x2b6e4bbc, L:/127.0.0.1:58455 - R:localhost/127.0.0.1:56883]
15:02:25.490 [Forwarding sendKeysToElement on session 97bb973a89027e81b7c608cd7e61f154 to remote] DEBUG org.asynchttpclient.netty.request.NettyRequestSender - Using pooled Channel '[id: 0x2b6e4bbc, L:/127.0.0.1:58455 - R:localhost/127.0.0.1:56883]' for 'POST' to 'http://localhost:56883/session/97bb973a89027e81b7c608cd7e61f154/element/8eb84cfd-a16e-40fa-8929-cd6ada806631/value'
15:02:25.490 [Forwarding sendKeysToElement on session 97bb973a89027e81b7c608cd7e61f154 to remote] DEBUG org.asynchttpclient.netty.request.NettyRequestSender - Using open Channel [id: 0x2b6e4bbc, L:/127.0.0.1:58455 - R:localhost/127.0.0.1:56883] for POST '/session/97bb973a89027e81b7c608cd7e61f154/element/8eb84cfd-a16e-40fa-8929-cd6ada806631/value'
15:02:25.519 [AsyncHttpClient-1-8] DEBUG org.asynchttpclient.netty.handler.HttpHandler - 

Request DefaultHttpRequest(decodeResult: success, version: HTTP/1.1)
POST /session/97bb973a89027e81b7c608cd7e61f154/element/8eb84cfd-a16e-40fa-8929-cd6ada806631/value HTTP/1.1
User-Agent: selenium/4.1.2 (java windows)
Content-Length: 95
Content-Type: application/json; charset=utf-8
host: localhost:56883
accept: */*

Response DefaultHttpResponse(decodeResult: success, version: HTTP/1.1)
HTTP/1.1 200 OK
Content-Type: application/json; charset=utf-8
cache-control: no-cache
content-length: 14

15:02:25.519 [AsyncHttpClient-1-8] DEBUG org.asynchttpclient.netty.channel.ChannelManager - Adding key: http://localhost:56883 for channel [id: 0x2b6e4bbc, L:/127.0.0.1:58455 - R:localhost/127.0.0.1:56883]
  &amp#27;[32mAnd &amp#27;[0m&amp#27;[32mI will go to login page&amp#27;[0m                            &amp#27;[90m# starter.stepdefinitions.LoginStep.iWillGoToLoginPage()&amp#27;[0m
15:02:25.523 [Forwarding screenshot on session 97bb973a89027e81b7c608cd7e61f154 to remote] DEBUG org.asynchttpclient.netty.request.NettyRequestSender - Using pooled Channel '[id: 0x2b6e4bbc, L:/127.0.0.1:58455 - R:localhost/127.0.0.1:56883]' for 'GET' to 'http://localhost:56883/session/97bb973a89027e81b7c608cd7e61f154/screenshot'
15:02:25.523 [Forwarding screenshot on session 97bb973a89027e81b7c608cd7e61f154 to remote] DEBUG org.asynchttpclient.netty.request.NettyRequestSender - Using open Channel [id: 0x2b6e4bbc, L:/127.0.0.1:58455 - R:localhost/127.0.0.1:56883] for GET '/session/97bb973a89027e81b7c608cd7e61f154/screenshot'
15:02:25.579 [AsyncHttpClient-1-1] DEBUG org.asynchttpclient.netty.channel.DefaultChannelPool - Entry count for : http://localhost:58456 : 1
15:02:25.709 [AsyncHttpClient-1-8] DEBUG org.asynchttpclient.netty.handler.HttpHandler - 

Request DefaultFullHttpRequest(decodeResult: success, version: HTTP/1.1, content: EmptyByteBufBE)
GET /session/97bb973a89027e81b7c608cd7e61f154/screenshot HTTP/1.1
User-Agent: selenium/4.1.2 (java windows)
Cache-Control: no-cache
Content-Type: application/json; charset=utf-8
host: localhost:56883
accept: */*

Response DefaultHttpResponse(decodeResult: success, version: HTTP/1.1)
HTTP/1.1 200 OK
Content-Type: application/json; charset=utf-8
cache-control: no-cache
content-length: 360304

15:02:25.711 [AsyncHttpClient-1-8] DEBUG org.asynchttpclient.netty.channel.ChannelManager - Adding key: http://localhost:56883 for channel [id: 0x2b6e4bbc, L:/127.0.0.1:58455 - R:localhost/127.0.0.1:56883]
15:02:25.731 [main] DEBUG net.serenitybdd.core.photography.Darkroom - Send negative for processing for target\site\serenity\b185efbdc738e563499d8264af28956e4e3bb8f413edfe6a872374c6660f90d1.png
15:02:25.732 [Darkroom Processing Line] DEBUG net.serenitybdd.core.photography.DarkroomProcessingLine - Processing screenshot image in /var/screenshots/screenshot-8671282195681155321
15:02:25.732 [Darkroom Processing Line] DEBUG net.serenitybdd.core.photography.DarkroomProcessingLine - Saving screenshot to target\site\serenity\b185efbdc738e563499d8264af28956e4e3bb8f413edfe6a872374c6660f90d1.png
15:02:25.738 [Forwarding findElement on session 97bb973a89027e81b7c608cd7e61f154 to remote] DEBUG org.asynchttpclient.netty.request.NettyRequestSender - Using pooled Channel '[id: 0x2b6e4bbc, L:/127.0.0.1:58455 - R:localhost/127.0.0.1:56883]' for 'POST' to 'http://localhost:56883/session/97bb973a89027e81b7c608cd7e61f154/element'
15:02:25.738 [Forwarding findElement on session 97bb973a89027e81b7c608cd7e61f154 to remote] DEBUG org.asynchttpclient.netty.request.NettyRequestSender - Using open Channel [id: 0x2b6e4bbc, L:/127.0.0.1:58455 - R:localhost/127.0.0.1:56883] for POST '/session/97bb973a89027e81b7c608cd7e61f154/element'
15:02:25.751 [AsyncHttpClient-1-8] DEBUG org.asynchttpclient.netty.handler.HttpHandler - 

Request DefaultHttpRequest(decodeResult: success, version: HTTP/1.1)
POST /session/97bb973a89027e81b7c608cd7e61f154/element HTTP/1.1
User-Agent: selenium/4.1.2 (java windows)
Content-Length: 53
Content-Type: application/json; charset=utf-8
host: localhost:56883
accept: */*

Response DefaultHttpResponse(decodeResult: success, version: HTTP/1.1)
HTTP/1.1 200 OK
Content-Type: application/json; charset=utf-8
cache-control: no-cache
content-length: 88

15:02:25.751 [AsyncHttpClient-1-8] DEBUG org.asynchttpclient.netty.channel.ChannelManager - Adding key: http://localhost:56883 for channel [id: 0x2b6e4bbc, L:/127.0.0.1:58455 - R:localhost/127.0.0.1:56883]
15:02:25.753 [Forwarding clearElement on session 97bb973a89027e81b7c608cd7e61f154 to remote] DEBUG org.asynchttpclient.netty.request.NettyRequestSender - Using pooled Channel '[id: 0x2b6e4bbc, L:/127.0.0.1:58455 - R:localhost/127.0.0.1:56883]' for 'POST' to 'http://localhost:56883/session/97bb973a89027e81b7c608cd7e61f154/element/142dc8c8-9c28-48a0-9dd8-a419d751539a/clear'
15:02:25.753 [Forwarding clearElement on session 97bb973a89027e81b7c608cd7e61f154 to remote] DEBUG org.asynchttpclient.netty.request.NettyRequestSender - Using open Channel [id: 0x2b6e4bbc, L:/127.0.0.1:58455 - R:localhost/127.0.0.1:56883] for POST '/session/97bb973a89027e81b7c608cd7e61f154/element/142dc8c8-9c28-48a0-9dd8-a419d751539a/clear'
15:02:25.786 [AsyncHttpClient-1-8] DEBUG org.asynchttpclient.netty.handler.HttpHandler - 

Request DefaultHttpRequest(decodeResult: success, version: HTTP/1.1)
POST /session/97bb973a89027e81b7c608cd7e61f154/element/142dc8c8-9c28-48a0-9dd8-a419d751539a/clear HTTP/1.1
User-Agent: selenium/4.1.2 (java windows)
Content-Length: 50
Content-Type: application/json; charset=utf-8
host: localhost:56883
accept: */*

Response DefaultHttpResponse(decodeResult: success, version: HTTP/1.1)
HTTP/1.1 200 OK
Content-Type: application/json; charset=utf-8
cache-control: no-cache
content-length: 14

15:02:25.786 [AsyncHttpClient-1-8] DEBUG org.asynchttpclient.netty.channel.ChannelManager - Adding key: http://localhost:56883 for channel [id: 0x2b6e4bbc, L:/127.0.0.1:58455 - R:localhost/127.0.0.1:56883]
15:02:25.788 [Forwarding sendKeysToElement on session 97bb973a89027e81b7c608cd7e61f154 to remote] DEBUG org.asynchttpclient.netty.request.NettyRequestSender - Using pooled Channel '[id: 0x2b6e4bbc, L:/127.0.0.1:58455 - R:localhost/127.0.0.1:56883]' for 'POST' to 'http://localhost:56883/session/97bb973a89027e81b7c608cd7e61f154/element/142dc8c8-9c28-48a0-9dd8-a419d751539a/value'
15:02:25.788 [Forwarding sendKeysToElement on session 97bb973a89027e81b7c608cd7e61f154 to remote] DEBUG org.asynchttpclient.netty.request.NettyRequestSender - Using open Channel [id: 0x2b6e4bbc, L:/127.0.0.1:58455 - R:localhost/127.0.0.1:56883] for POST '/session/97bb973a89027e81b7c608cd7e61f154/element/142dc8c8-9c28-48a0-9dd8-a419d751539a/value'
15:02:25.838 [AsyncHttpClient-1-8] DEBUG org.asynchttpclient.netty.handler.HttpHandler - 

Request DefaultHttpRequest(decodeResult: success, version: HTTP/1.1)
POST /session/97bb973a89027e81b7c608cd7e61f154/element/142dc8c8-9c28-48a0-9dd8-a419d751539a/value HTTP/1.1
User-Agent: selenium/4.1.2 (java windows)
Content-Length: 151
Content-Type: application/json; charset=utf-8
host: localhost:56883
accept: */*

Response DefaultHttpResponse(decodeResult: success, version: HTTP/1.1)
HTTP/1.1 200 OK
Content-Type: application/json; charset=utf-8
cache-control: no-cache
content-length: 14

15:02:25.838 [AsyncHttpClient-1-8] DEBUG org.asynchttpclient.netty.channel.ChannelManager - Adding key: http://localhost:56883 for channel [id: 0x2b6e4bbc, L:/127.0.0.1:58455 - R:localhost/127.0.0.1:56883]
  &amp#27;[32mWhen &amp#27;[0m&amp#27;[32mI input valid username&amp#27;[0m                            &amp#27;[90m# starter.stepdefinitions.LoginStep.iInputValidUsername()&amp#27;[0m
15:02:25.842 [Forwarding screenshot on session 97bb973a89027e81b7c608cd7e61f154 to remote] DEBUG org.asynchttpclient.netty.request.NettyRequestSender - Using pooled Channel '[id: 0x2b6e4bbc, L:/127.0.0.1:58455 - R:localhost/127.0.0.1:56883]' for 'GET' to 'http://localhost:56883/session/97bb973a89027e81b7c608cd7e61f154/screenshot'
15:02:25.842 [Forwarding screenshot on session 97bb973a89027e81b7c608cd7e61f154 to remote] DEBUG org.asynchttpclient.netty.request.NettyRequestSender - Using open Channel [id: 0x2b6e4bbc, L:/127.0.0.1:58455 - R:localhost/127.0.0.1:56883] for GET '/session/97bb973a89027e81b7c608cd7e61f154/screenshot'
15:02:26.029 [AsyncHttpClient-1-8] DEBUG org.asynchttpclient.netty.handler.HttpHandler - 

Request DefaultFullHttpRequest(decodeResult: success, version: HTTP/1.1, content: EmptyByteBufBE)
GET /session/97bb973a89027e81b7c608cd7e61f154/screenshot HTTP/1.1
User-Agent: selenium/4.1.2 (java windows)
Cache-Control: no-cache
Content-Type: application/json; charset=utf-8
host: localhost:56883
accept: */*

Response DefaultHttpResponse(decodeResult: success, version: HTTP/1.1)
HTTP/1.1 200 OK
Content-Type: application/json; charset=utf-8
cache-control: no-cache
content-length: 327904

15:02:26.031 [AsyncHttpClient-1-8] DEBUG org.asynchttpclient.netty.channel.ChannelManager - Adding key: http://localhost:56883 for channel [id: 0x2b6e4bbc, L:/127.0.0.1:58455 - R:localhost/127.0.0.1:56883]
15:02:26.037 [main] DEBUG net.serenitybdd.core.photography.Darkroom - Send negative for processing for target\site\serenity\8a87c3e6ae7d46a10784aaf4cf9c50562d0be0e3b5f4a63069c3d1860bb4bdd9.png
15:02:26.038 [Darkroom Processing Line] DEBUG net.serenitybdd.core.photography.DarkroomProcessingLine - Processing screenshot image in /var/screenshots/screenshot-17182477984426999291
15:02:26.038 [Darkroom Processing Line] DEBUG net.serenitybdd.core.photography.DarkroomProcessingLine - Saving screenshot to target\site\serenity\8a87c3e6ae7d46a10784aaf4cf9c50562d0be0e3b5f4a63069c3d1860bb4bdd9.png
15:02:26.044 [Forwarding findElement on session 97bb973a89027e81b7c608cd7e61f154 to remote] DEBUG org.asynchttpclient.netty.request.NettyRequestSender - Using pooled Channel '[id: 0x2b6e4bbc, L:/127.0.0.1:58455 - R:localhost/127.0.0.1:56883]' for 'POST' to 'http://localhost:56883/session/97bb973a89027e81b7c608cd7e61f154/element'
15:02:26.045 [Forwarding findElement on session 97bb973a89027e81b7c608cd7e61f154 to remote] DEBUG org.asynchttpclient.netty.request.NettyRequestSender - Using open Channel [id: 0x2b6e4bbc, L:/127.0.0.1:58455 - R:localhost/127.0.0.1:56883] for POST '/session/97bb973a89027e81b7c608cd7e61f154/element'
15:02:26.055 [AsyncHttpClient-1-8] DEBUG org.asynchttpclient.netty.handler.HttpHandler - 

Request DefaultHttpRequest(decodeResult: success, version: HTTP/1.1)
POST /session/97bb973a89027e81b7c608cd7e61f154/element HTTP/1.1
User-Agent: selenium/4.1.2 (java windows)
Content-Length: 53
Content-Type: application/json; charset=utf-8
host: localhost:56883
accept: */*

Response DefaultHttpResponse(decodeResult: success, version: HTTP/1.1)
HTTP/1.1 200 OK
Content-Type: application/json; charset=utf-8
cache-control: no-cache
content-length: 88

15:02:26.055 [AsyncHttpClient-1-8] DEBUG org.asynchttpclient.netty.channel.ChannelManager - Adding key: http://localhost:56883 for channel [id: 0x2b6e4bbc, L:/127.0.0.1:58455 - R:localhost/127.0.0.1:56883]
15:02:26.056 [Forwarding clearElement on session 97bb973a89027e81b7c608cd7e61f154 to remote] DEBUG org.asynchttpclient.netty.request.NettyRequestSender - Using pooled Channel '[id: 0x2b6e4bbc, L:/127.0.0.1:58455 - R:localhost/127.0.0.1:56883]' for 'POST' to 'http://localhost:56883/session/97bb973a89027e81b7c608cd7e61f154/element/1704bc52-3504-443b-a6c2-a964c94ffae6/clear'
15:02:26.057 [Forwarding clearElement on session 97bb973a89027e81b7c608cd7e61f154 to remote] DEBUG org.asynchttpclient.netty.request.NettyRequestSender - Using open Channel [id: 0x2b6e4bbc, L:/127.0.0.1:58455 - R:localhost/127.0.0.1:56883] for POST '/session/97bb973a89027e81b7c608cd7e61f154/element/1704bc52-3504-443b-a6c2-a964c94ffae6/clear'
15:02:26.084 [AsyncHttpClient-1-8] DEBUG org.asynchttpclient.netty.handler.HttpHandler - 

Request DefaultHttpRequest(decodeResult: success, version: HTTP/1.1)
POST /session/97bb973a89027e81b7c608cd7e61f154/element/1704bc52-3504-443b-a6c2-a964c94ffae6/clear HTTP/1.1
User-Agent: selenium/4.1.2 (java windows)
Content-Length: 50
Content-Type: application/json; charset=utf-8
host: localhost:56883
accept: */*

Response DefaultHttpResponse(decodeResult: success, version: HTTP/1.1)
HTTP/1.1 200 OK
Content-Type: application/json; charset=utf-8
cache-control: no-cache
content-length: 14

15:02:26.084 [AsyncHttpClient-1-8] DEBUG org.asynchttpclient.netty.channel.ChannelManager - Adding key: http://localhost:56883 for channel [id: 0x2b6e4bbc, L:/127.0.0.1:58455 - R:localhost/127.0.0.1:56883]
15:02:26.086 [Forwarding sendKeysToElement on session 97bb973a89027e81b7c608cd7e61f154 to remote] DEBUG org.asynchttpclient.netty.request.NettyRequestSender - Using pooled Channel '[id: 0x2b6e4bbc, L:/127.0.0.1:58455 - R:localhost/127.0.0.1:56883]' for 'POST' to 'http://localhost:56883/session/97bb973a89027e81b7c608cd7e61f154/element/1704bc52-3504-443b-a6c2-a964c94ffae6/value'
15:02:26.086 [Forwarding sendKeysToElement on session 97bb973a89027e81b7c608cd7e61f154 to remote] DEBUG org.asynchttpclient.netty.request.NettyRequestSender - Using open Channel [id: 0x2b6e4bbc, L:/127.0.0.1:58455 - R:localhost/127.0.0.1:56883] for POST '/session/97bb973a89027e81b7c608cd7e61f154/element/1704bc52-3504-443b-a6c2-a964c94ffae6/value'
15:02:26.148 [AsyncHttpClient-1-8] DEBUG org.asynchttpclient.netty.handler.HttpHandler - 

Request DefaultHttpRequest(decodeResult: success, version: HTTP/1.1)
POST /session/97bb973a89027e81b7c608cd7e61f154/element/1704bc52-3504-443b-a6c2-a964c94ffae6/value HTTP/1.1
User-Agent: selenium/4.1.2 (java windows)
Content-Length: 121
Content-Type: application/json; charset=utf-8
host: localhost:56883
accept: */*

Response DefaultHttpResponse(decodeResult: success, version: HTTP/1.1)
HTTP/1.1 200 OK
Content-Type: application/json; charset=utf-8
cache-control: no-cache
content-length: 14

15:02:26.149 [AsyncHttpClient-1-8] DEBUG org.asynchttpclient.netty.channel.ChannelManager - Adding key: http://localhost:56883 for channel [id: 0x2b6e4bbc, L:/127.0.0.1:58455 - R:localhost/127.0.0.1:56883]
  &amp#27;[32mAnd &amp#27;[0m&amp#27;[32mI input invalid password&amp#27;[0m                           &amp#27;[90m# starter.stepdefinitions.LoginStep.iInputInvalidPassword()&amp#27;[0m
15:02:26.154 [Forwarding screenshot on session 97bb973a89027e81b7c608cd7e61f154 to remote] DEBUG org.asynchttpclient.netty.request.NettyRequestSender - Using pooled Channel '[id: 0x2b6e4bbc, L:/127.0.0.1:58455 - R:localhost/127.0.0.1:56883]' for 'GET' to 'http://localhost:56883/session/97bb973a89027e81b7c608cd7e61f154/screenshot'
15:02:26.154 [Forwarding screenshot on session 97bb973a89027e81b7c608cd7e61f154 to remote] DEBUG org.asynchttpclient.netty.request.NettyRequestSender - Using open Channel [id: 0x2b6e4bbc, L:/127.0.0.1:58455 - R:localhost/127.0.0.1:56883] for GET '/session/97bb973a89027e81b7c608cd7e61f154/screenshot'
15:02:26.345 [AsyncHttpClient-1-8] DEBUG org.asynchttpclient.netty.handler.HttpHandler - 

Request DefaultFullHttpRequest(decodeResult: success, version: HTTP/1.1, content: EmptyByteBufBE)
GET /session/97bb973a89027e81b7c608cd7e61f154/screenshot HTTP/1.1
User-Agent: selenium/4.1.2 (java windows)
Cache-Control: no-cache
Content-Type: application/json; charset=utf-8
host: localhost:56883
accept: */*

Response DefaultHttpResponse(decodeResult: success, version: HTTP/1.1)
HTTP/1.1 200 OK
Content-Type: application/json; charset=utf-8
cache-control: no-cache
content-length: 329444

15:02:26.346 [AsyncHttpClient-1-8] DEBUG org.asynchttpclient.netty.channel.ChannelManager - Adding key: http://localhost:56883 for channel [id: 0x2b6e4bbc, L:/127.0.0.1:58455 - R:localhost/127.0.0.1:56883]
15:02:26.352 [main] DEBUG net.serenitybdd.core.photography.Darkroom - Send negative for processing for target\site\serenity\653ce56ff80be8686422efb016abf09b79964b3edcd1b64b4cb8bd4f2d9802c8.png
15:02:26.353 [Darkroom Processing Line] DEBUG net.serenitybdd.core.photography.DarkroomProcessingLine - Processing screenshot image in /var/screenshots/screenshot-4423200013014899720
15:02:26.353 [Darkroom Processing Line] DEBUG net.serenitybdd.core.photography.DarkroomProcessingLine - Saving screenshot to target\site\serenity\653ce56ff80be8686422efb016abf09b79964b3edcd1b64b4cb8bd4f2d9802c8.png
15:02:26.358 [Forwarding findElement on session 97bb973a89027e81b7c608cd7e61f154 to remote] DEBUG org.asynchttpclient.netty.request.NettyRequestSender - Using pooled Channel '[id: 0x2b6e4bbc, L:/127.0.0.1:58455 - R:localhost/127.0.0.1:56883]' for 'POST' to 'http://localhost:56883/session/97bb973a89027e81b7c608cd7e61f154/element'
15:02:26.358 [Forwarding findElement on session 97bb973a89027e81b7c608cd7e61f154 to remote] DEBUG org.asynchttpclient.netty.request.NettyRequestSender - Using open Channel [id: 0x2b6e4bbc, L:/127.0.0.1:58455 - R:localhost/127.0.0.1:56883] for POST '/session/97bb973a89027e81b7c608cd7e61f154/element'
15:02:26.365 [AsyncHttpClient-1-8] DEBUG org.asynchttpclient.netty.handler.HttpHandler - 

Request DefaultHttpRequest(decodeResult: success, version: HTTP/1.1)
POST /session/97bb973a89027e81b7c608cd7e61f154/element HTTP/1.1
User-Agent: selenium/4.1.2 (java windows)
Content-Length: 50
Content-Type: application/json; charset=utf-8
host: localhost:56883
accept: */*

Response DefaultHttpResponse(decodeResult: success, version: HTTP/1.1)
HTTP/1.1 200 OK
Content-Type: application/json; charset=utf-8
cache-control: no-cache
content-length: 88

15:02:26.365 [AsyncHttpClient-1-8] DEBUG org.asynchttpclient.netty.channel.ChannelManager - Adding key: http://localhost:56883 for channel [id: 0x2b6e4bbc, L:/127.0.0.1:58455 - R:localhost/127.0.0.1:56883]
15:02:26.366 [Forwarding getElementTagName on session 97bb973a89027e81b7c608cd7e61f154 to remote] DEBUG org.asynchttpclient.netty.request.NettyRequestSender - Using pooled Channel '[id: 0x2b6e4bbc, L:/127.0.0.1:58455 - R:localhost/127.0.0.1:56883]' for 'GET' to 'http://localhost:56883/session/97bb973a89027e81b7c608cd7e61f154/element/0c76e33f-9759-4498-b463-c736e31623ab/name'
15:02:26.367 [Forwarding getElementTagName on session 97bb973a89027e81b7c608cd7e61f154 to remote] DEBUG org.asynchttpclient.netty.request.NettyRequestSender - Using open Channel [id: 0x2b6e4bbc, L:/127.0.0.1:58455 - R:localhost/127.0.0.1:56883] for GET '/session/97bb973a89027e81b7c608cd7e61f154/element/0c76e33f-9759-4498-b463-c736e31623ab/name'
15:02:26.370 [AsyncHttpClient-1-8] DEBUG org.asynchttpclient.netty.handler.HttpHandler - 

Request DefaultFullHttpRequest(decodeResult: success, version: HTTP/1.1, content: EmptyByteBufBE)
GET /session/97bb973a89027e81b7c608cd7e61f154/element/0c76e33f-9759-4498-b463-c736e31623ab/name HTTP/1.1
User-Agent: selenium/4.1.2 (java windows)
Cache-Control: no-cache
Content-Type: application/json; charset=utf-8
host: localhost:56883
accept: */*

Response DefaultHttpResponse(decodeResult: success, version: HTTP/1.1)
HTTP/1.1 200 OK
Content-Type: application/json; charset=utf-8
cache-control: no-cache
content-length: 18

15:02:26.370 [AsyncHttpClient-1-8] DEBUG org.asynchttpclient.netty.channel.ChannelManager - Adding key: http://localhost:56883 for channel [id: 0x2b6e4bbc, L:/127.0.0.1:58455 - R:localhost/127.0.0.1:56883]
15:02:26.371 [Forwarding getElementTagName on session 97bb973a89027e81b7c608cd7e61f154 to remote] DEBUG org.asynchttpclient.netty.request.NettyRequestSender - Using pooled Channel '[id: 0x2b6e4bbc, L:/127.0.0.1:58455 - R:localhost/127.0.0.1:56883]' for 'GET' to 'http://localhost:56883/session/97bb973a89027e81b7c608cd7e61f154/element/0c76e33f-9759-4498-b463-c736e31623ab/name'
15:02:26.371 [Forwarding getElementTagName on session 97bb973a89027e81b7c608cd7e61f154 to remote] DEBUG org.asynchttpclient.netty.request.NettyRequestSender - Using open Channel [id: 0x2b6e4bbc, L:/127.0.0.1:58455 - R:localhost/127.0.0.1:56883] for GET '/session/97bb973a89027e81b7c608cd7e61f154/element/0c76e33f-9759-4498-b463-c736e31623ab/name'
15:02:26.374 [AsyncHttpClient-1-8] DEBUG org.asynchttpclient.netty.handler.HttpHandler - 

Request DefaultFullHttpRequest(decodeResult: success, version: HTTP/1.1, content: EmptyByteBufBE)
GET /session/97bb973a89027e81b7c608cd7e61f154/element/0c76e33f-9759-4498-b463-c736e31623ab/name HTTP/1.1
User-Agent: selenium/4.1.2 (java windows)
Cache-Control: no-cache
Content-Type: application/json; charset=utf-8
host: localhost:56883
accept: */*

Response DefaultHttpResponse(decodeResult: success, version: HTTP/1.1)
HTTP/1.1 200 OK
Content-Type: application/json; charset=utf-8
cache-control: no-cache
content-length: 18

15:02:26.375 [AsyncHttpClient-1-8] DEBUG org.asynchttpclient.netty.channel.ChannelManager - Adding key: http://localhost:56883 for channel [id: 0x2b6e4bbc, L:/127.0.0.1:58455 - R:localhost/127.0.0.1:56883]
15:02:26.378 [Forwarding isElementEnabled on session 97bb973a89027e81b7c608cd7e61f154 to remote] DEBUG org.asynchttpclient.netty.request.NettyRequestSender - Using pooled Channel '[id: 0x2b6e4bbc, L:/127.0.0.1:58455 - R:localhost/127.0.0.1:56883]' for 'GET' to 'http://localhost:56883/session/97bb973a89027e81b7c608cd7e61f154/element/0c76e33f-9759-4498-b463-c736e31623ab/enabled'
15:02:26.378 [Forwarding isElementEnabled on session 97bb973a89027e81b7c608cd7e61f154 to remote] DEBUG org.asynchttpclient.netty.request.NettyRequestSender - Using open Channel [id: 0x2b6e4bbc, L:/127.0.0.1:58455 - R:localhost/127.0.0.1:56883] for GET '/session/97bb973a89027e81b7c608cd7e61f154/element/0c76e33f-9759-4498-b463-c736e31623ab/enabled'
15:02:26.385 [AsyncHttpClient-1-8] DEBUG org.asynchttpclient.netty.handler.HttpHandler - 

Request DefaultFullHttpRequest(decodeResult: success, version: HTTP/1.1, content: EmptyByteBufBE)
GET /session/97bb973a89027e81b7c608cd7e61f154/element/0c76e33f-9759-4498-b463-c736e31623ab/enabled HTTP/1.1
User-Agent: selenium/4.1.2 (java windows)
Cache-Control: no-cache
Content-Type: application/json; charset=utf-8
host: localhost:56883
accept: */*

Response DefaultHttpResponse(decodeResult: success, version: HTTP/1.1)
HTTP/1.1 200 OK
Content-Type: application/json; charset=utf-8
cache-control: no-cache
content-length: 14

15:02:26.385 [AsyncHttpClient-1-8] DEBUG org.asynchttpclient.netty.channel.ChannelManager - Adding key: http://localhost:56883 for channel [id: 0x2b6e4bbc, L:/127.0.0.1:58455 - R:localhost/127.0.0.1:56883]
15:02:26.386 [Forwarding isElementEnabled on session 97bb973a89027e81b7c608cd7e61f154 to remote] DEBUG org.asynchttpclient.netty.request.NettyRequestSender - Using pooled Channel '[id: 0x2b6e4bbc, L:/127.0.0.1:58455 - R:localhost/127.0.0.1:56883]' for 'GET' to 'http://localhost:56883/session/97bb973a89027e81b7c608cd7e61f154/element/0c76e33f-9759-4498-b463-c736e31623ab/enabled'
15:02:26.386 [Forwarding isElementEnabled on session 97bb973a89027e81b7c608cd7e61f154 to remote] DEBUG org.asynchttpclient.netty.request.NettyRequestSender - Using open Channel [id: 0x2b6e4bbc, L:/127.0.0.1:58455 - R:localhost/127.0.0.1:56883] for GET '/session/97bb973a89027e81b7c608cd7e61f154/element/0c76e33f-9759-4498-b463-c736e31623ab/enabled'
15:02:26.390 [AsyncHttpClient-1-8] DEBUG org.asynchttpclient.netty.handler.HttpHandler - 

Request DefaultFullHttpRequest(decodeResult: success, version: HTTP/1.1, content: EmptyByteBufBE)
GET /session/97bb973a89027e81b7c608cd7e61f154/element/0c76e33f-9759-4498-b463-c736e31623ab/enabled HTTP/1.1
User-Agent: selenium/4.1.2 (java windows)
Cache-Control: no-cache
Content-Type: application/json; charset=utf-8
host: localhost:56883
accept: */*

Response DefaultHttpResponse(decodeResult: success, version: HTTP/1.1)
HTTP/1.1 200 OK
Content-Type: application/json; charset=utf-8
cache-control: no-cache
content-length: 14

15:02:26.390 [AsyncHttpClient-1-8] DEBUG org.asynchttpclient.netty.channel.ChannelManager - Adding key: http://localhost:56883 for channel [id: 0x2b6e4bbc, L:/127.0.0.1:58455 - R:localhost/127.0.0.1:56883]
15:02:26.391 [Forwarding findElement on session 97bb973a89027e81b7c608cd7e61f154 to remote] DEBUG org.asynchttpclient.netty.request.NettyRequestSender - Using pooled Channel '[id: 0x2b6e4bbc, L:/127.0.0.1:58455 - R:localhost/127.0.0.1:56883]' for 'POST' to 'http://localhost:56883/session/97bb973a89027e81b7c608cd7e61f154/element'
15:02:26.391 [Forwarding findElement on session 97bb973a89027e81b7c608cd7e61f154 to remote] DEBUG org.asynchttpclient.netty.request.NettyRequestSender - Using open Channel [id: 0x2b6e4bbc, L:/127.0.0.1:58455 - R:localhost/127.0.0.1:56883] for POST '/session/97bb973a89027e81b7c608cd7e61f154/element'
15:02:26.397 [AsyncHttpClient-1-8] DEBUG org.asynchttpclient.netty.handler.HttpHandler - 

Request DefaultHttpRequest(decodeResult: success, version: HTTP/1.1)
POST /session/97bb973a89027e81b7c608cd7e61f154/element HTTP/1.1
User-Agent: selenium/4.1.2 (java windows)
Content-Length: 50
Content-Type: application/json; charset=utf-8
host: localhost:56883
accept: */*

Response DefaultHttpResponse(decodeResult: success, version: HTTP/1.1)
HTTP/1.1 200 OK
Content-Type: application/json; charset=utf-8
cache-control: no-cache
content-length: 88

15:02:26.397 [AsyncHttpClient-1-8] DEBUG org.asynchttpclient.netty.channel.ChannelManager - Adding key: http://localhost:56883 for channel [id: 0x2b6e4bbc, L:/127.0.0.1:58455 - R:localhost/127.0.0.1:56883]
15:02:26.398 [Forwarding clickElement on session 97bb973a89027e81b7c608cd7e61f154 to remote] DEBUG org.asynchttpclient.netty.request.NettyRequestSender - Using pooled Channel '[id: 0x2b6e4bbc, L:/127.0.0.1:58455 - R:localhost/127.0.0.1:56883]' for 'POST' to 'http://localhost:56883/session/97bb973a89027e81b7c608cd7e61f154/element/0c76e33f-9759-4498-b463-c736e31623ab/click'
15:02:26.398 [Forwarding clickElement on session 97bb973a89027e81b7c608cd7e61f154 to remote] DEBUG org.asynchttpclient.netty.request.NettyRequestSender - Using open Channel [id: 0x2b6e4bbc, L:/127.0.0.1:58455 - R:localhost/127.0.0.1:56883] for POST '/session/97bb973a89027e81b7c608cd7e61f154/element/0c76e33f-9759-4498-b463-c736e31623ab/click'
15:02:26.431 [AsyncHttpClient-1-8] DEBUG org.asynchttpclient.netty.handler.HttpHandler - 

Request DefaultHttpRequest(decodeResult: success, version: HTTP/1.1)
POST /session/97bb973a89027e81b7c608cd7e61f154/element/0c76e33f-9759-4498-b463-c736e31623ab/click HTTP/1.1
User-Agent: selenium/4.1.2 (java windows)
Content-Length: 50
Content-Type: application/json; charset=utf-8
host: localhost:56883
accept: */*

Response DefaultHttpResponse(decodeResult: success, version: HTTP/1.1)
HTTP/1.1 200 OK
Content-Type: application/json; charset=utf-8
cache-control: no-cache
content-length: 14

15:02:26.432 [AsyncHttpClient-1-8] DEBUG org.asynchttpclient.netty.channel.ChannelManager - Adding key: http://localhost:56883 for channel [id: 0x2b6e4bbc, L:/127.0.0.1:58455 - R:localhost/127.0.0.1:56883]
  &amp#27;[32mAnd &amp#27;[0m&amp#27;[32mI click Login button&amp#27;[0m                               &amp#27;[90m# starter.stepdefinitions.LoginStep.iClickLoginButton()&amp#27;[0m
15:02:26.437 [Forwarding screenshot on session 97bb973a89027e81b7c608cd7e61f154 to remote] DEBUG org.asynchttpclient.netty.request.NettyRequestSender - Using pooled Channel '[id: 0x2b6e4bbc, L:/127.0.0.1:58455 - R:localhost/127.0.0.1:56883]' for 'GET' to 'http://localhost:56883/session/97bb973a89027e81b7c608cd7e61f154/screenshot'
15:02:26.438 [Forwarding screenshot on session 97bb973a89027e81b7c608cd7e61f154 to remote] DEBUG org.asynchttpclient.netty.request.NettyRequestSender - Using open Channel [id: 0x2b6e4bbc, L:/127.0.0.1:58455 - R:localhost/127.0.0.1:56883] for GET '/session/97bb973a89027e81b7c608cd7e61f154/screenshot'
15:02:26.598 [AsyncHttpClient-1-8] DEBUG org.asynchttpclient.netty.handler.HttpHandler - 

Request DefaultFullHttpRequest(decodeResult: success, version: HTTP/1.1, content: EmptyByteBufBE)
GET /session/97bb973a89027e81b7c608cd7e61f154/screenshot HTTP/1.1
User-Agent: selenium/4.1.2 (java windows)
Cache-Control: no-cache
Content-Type: application/json; charset=utf-8
host: localhost:56883
accept: */*

Response DefaultHttpResponse(decodeResult: success, version: HTTP/1.1)
HTTP/1.1 200 OK
Content-Type: application/json; charset=utf-8
cache-control: no-cache
content-length: 309744

15:02:26.599 [AsyncHttpClient-1-8] DEBUG org.asynchttpclient.netty.channel.ChannelManager - Adding key: http://localhost:56883 for channel [id: 0x2b6e4bbc, L:/127.0.0.1:58455 - R:localhost/127.0.0.1:56883]
15:02:26.603 [main] DEBUG net.serenitybdd.core.photography.Darkroom - Send negative for processing for target\site\serenity\0b0d7bc92fbca14015f7f0cb331a9f1717f3d9c2825e4953c497b444c723fc17.png
15:02:26.603 [Darkroom Processing Line] DEBUG net.serenitybdd.core.photography.DarkroomProcessingLine - Processing screenshot image in /var/screenshots/screenshot-16560148032175882490
15:02:26.603 [Darkroom Processing Line] DEBUG net.serenitybdd.core.photography.DarkroomProcessingLine - Saving screenshot to target\site\serenity\0b0d7bc92fbca14015f7f0cb331a9f1717f3d9c2825e4953c497b444c723fc17.png
15:02:26.608 [Forwarding findElement on session 97bb973a89027e81b7c608cd7e61f154 to remote] DEBUG org.asynchttpclient.netty.request.NettyRequestSender - Using pooled Channel '[id: 0x2b6e4bbc, L:/127.0.0.1:58455 - R:localhost/127.0.0.1:56883]' for 'POST' to 'http://localhost:56883/session/97bb973a89027e81b7c608cd7e61f154/element'
15:02:26.608 [Forwarding findElement on session 97bb973a89027e81b7c608cd7e61f154 to remote] DEBUG org.asynchttpclient.netty.request.NettyRequestSender - Using open Channel [id: 0x2b6e4bbc, L:/127.0.0.1:58455 - R:localhost/127.0.0.1:56883] for POST '/session/97bb973a89027e81b7c608cd7e61f154/element'
15:02:26.681 [AsyncHttpClient-1-1] DEBUG org.asynchttpclient.netty.channel.DefaultChannelPool - Entry count for : http://localhost:58456 : 1
15:02:26.938 [AsyncHttpClient-1-8] DEBUG org.asynchttpclient.netty.handler.HttpHandler - 

Request DefaultHttpRequest(decodeResult: success, version: HTTP/1.1)
POST /session/97bb973a89027e81b7c608cd7e61f154/element HTTP/1.1
User-Agent: selenium/4.1.2 (java windows)
Content-Length: 49
Content-Type: application/json; charset=utf-8
host: localhost:56883
accept: */*

Response DefaultHttpResponse(decodeResult: success, version: HTTP/1.1)
HTTP/1.1 200 OK
Content-Type: application/json; charset=utf-8
cache-control: no-cache
content-length: 88

15:02:26.938 [AsyncHttpClient-1-8] DEBUG org.asynchttpclient.netty.channel.ChannelManager - Adding key: http://localhost:56883 for channel [id: 0x2b6e4bbc, L:/127.0.0.1:58455 - R:localhost/127.0.0.1:56883]
15:02:26.941 [Forwarding isElementDisplayed on session 97bb973a89027e81b7c608cd7e61f154 to remote] DEBUG org.asynchttpclient.netty.request.NettyRequestSender - Using pooled Channel '[id: 0x2b6e4bbc, L:/127.0.0.1:58455 - R:localhost/127.0.0.1:56883]' for 'POST' to 'http://localhost:56883/session/97bb973a89027e81b7c608cd7e61f154/execute/sync'
15:02:26.941 [Forwarding isElementDisplayed on session 97bb973a89027e81b7c608cd7e61f154 to remote] DEBUG org.asynchttpclient.netty.request.NettyRequestSender - Using open Channel [id: 0x2b6e4bbc, L:/127.0.0.1:58455 - R:localhost/127.0.0.1:56883] for POST '/session/97bb973a89027e81b7c608cd7e61f154/execute/sync'
15:02:26.952 [AsyncHttpClient-1-8] DEBUG org.asynchttpclient.netty.handler.HttpHandler - 

Request DefaultHttpRequest(decodeResult: success, version: HTTP/1.1)
POST /session/97bb973a89027e81b7c608cd7e61f154/execute/sync HTTP/1.1
User-Agent: selenium/4.1.2 (java windows)
Content-Length: 48780
Content-Type: application/json; charset=utf-8
host: localhost:56883
accept: */*

Response DefaultHttpResponse(decodeResult: success, version: HTTP/1.1)
HTTP/1.1 200 OK
Content-Type: application/json; charset=utf-8
cache-control: no-cache
content-length: 14

15:02:26.953 [AsyncHttpClient-1-8] DEBUG org.asynchttpclient.netty.channel.ChannelManager - Adding key: http://localhost:56883 for channel [id: 0x2b6e4bbc, L:/127.0.0.1:58455 - R:localhost/127.0.0.1:56883]
  &amp#27;[32mThen &amp#27;[0m&amp#27;[32mI will get error message&amp#27;[0m                          &amp#27;[90m# starter.stepdefinitions.LoginStep.iWillGetErrorMessage()&amp#27;[0m
15:02:26.956 [Forwarding screenshot on session 97bb973a89027e81b7c608cd7e61f154 to remote] DEBUG org.asynchttpclient.netty.request.NettyRequestSender - Using pooled Channel '[id: 0x2b6e4bbc, L:/127.0.0.1:58455 - R:localhost/127.0.0.1:56883]' for 'GET' to 'http://localhost:56883/session/97bb973a89027e81b7c608cd7e61f154/screenshot'
15:02:26.956 [Forwarding screenshot on session 97bb973a89027e81b7c608cd7e61f154 to remote] DEBUG org.asynchttpclient.netty.request.NettyRequestSender - Using open Channel [id: 0x2b6e4bbc, L:/127.0.0.1:58455 - R:localhost/127.0.0.1:56883] for GET '/session/97bb973a89027e81b7c608cd7e61f154/screenshot'
15:02:27.150 [AsyncHttpClient-1-8] DEBUG org.asynchttpclient.netty.handler.HttpHandler - 

Request DefaultFullHttpRequest(decodeResult: success, version: HTTP/1.1, content: EmptyByteBufBE)
GET /session/97bb973a89027e81b7c608cd7e61f154/screenshot HTTP/1.1
User-Agent: selenium/4.1.2 (java windows)
Cache-Control: no-cache
Content-Type: application/json; charset=utf-8
host: localhost:56883
accept: */*

Response DefaultHttpResponse(decodeResult: success, version: HTTP/1.1)
HTTP/1.1 200 OK
Content-Type: application/json; charset=utf-8
cache-control: no-cache
content-length: 344604

15:02:27.151 [AsyncHttpClient-1-8] DEBUG org.asynchttpclient.netty.channel.ChannelManager - Adding key: http://localhost:56883 for channel [id: 0x2b6e4bbc, L:/127.0.0.1:58455 - R:localhost/127.0.0.1:56883]
15:02:27.158 [main] DEBUG net.serenitybdd.core.photography.Darkroom - Send negative for processing for target\site\serenity\2f264070ad7ff049406a10f39d418f7ec6704b555fd03b1ef895ae2380bc23de.png
15:02:27.158 [Darkroom Processing Line] DEBUG net.serenitybdd.core.photography.DarkroomProcessingLine - Processing screenshot image in /var/screenshots/screenshot-14274719791601043782
15:02:27.158 [Darkroom Processing Line] DEBUG net.serenitybdd.core.photography.DarkroomProcessingLine - Saving screenshot to target\site\serenity\2f264070ad7ff049406a10f39d418f7ec6704b555fd03b1ef895ae2380bc23de.png
15:02:27.160 [main] INFO  - 
  _____   ___   ___   _____     ___     _     ___   ___   ___   ___  
 |_   _| | __| / __| |_   _|   | _ \   /_\   / __| / __| | __| |   \ 
   | |   | _|  \__ \   | |     |  _/  / _ \  \__ \ \__ \ | _|  | |) |
   |_|   |___| |___/   |_|     |_|   /_/ \_\ |___/ |___/ |___| |___/ 

Login with valid username and invalid password
----------------------------------------------------------------------
15:02:27.162 [AsyncHttpClient-1-2] DEBUG org.asynchttpclient.netty.handler.WebSocketHandler - Channel Closed: [id: 0xe754df4d, L:/127.0.0.1:58464 ! R:localhost/127.0.0.1:58456] with attribute NettyResponseFuture{currentRetry=5,
	isDone=1,
	isCancelled=0,
	asyncHandler=org.asynchttpclient.ws.WebSocketUpgradeHandler@3a4878b9,
	nettyRequest=org.asynchttpclient.netty.request.NettyRequest@5539253a,
	future=java.util.concurrent.CompletableFuture@5877dd28[Completed normally],
	uri=ws://localhost:58456/devtools/browser/74ac6bef-f450-404e-8bbd-ee4a5aae3732,
	keepAlive=true,
	redirectCount=0,
	timeoutsHolder=null,
	inAuth=0,
	touch=1664956932682}
15:02:27.162 [AsyncHttpClient-1-2] DEBUG org.asynchttpclient.netty.channel.ChannelManager - Closing Channel [id: 0xe754df4d, L:/127.0.0.1:58464 ! R:localhost/127.0.0.1:58456] 
15:02:27.162 [Driver Command Executor] DEBUG org.asynchttpclient.netty.request.NettyRequestSender - Using pooled Channel '[id: 0x2b6e4bbc, L:/127.0.0.1:58455 - R:localhost/127.0.0.1:56883]' for 'DELETE' to 'http://localhost:56883/session/97bb973a89027e81b7c608cd7e61f154'
15:02:27.162 [Driver Command Executor] DEBUG org.asynchttpclient.netty.request.NettyRequestSender - Using open Channel [id: 0x2b6e4bbc, L:/127.0.0.1:58455 - R:localhost/127.0.0.1:56883] for DELETE '/session/97bb973a89027e81b7c608cd7e61f154'
15:02:27.239 [AsyncHttpClient-1-9] DEBUG org.asynchttpclient.netty.handler.HttpHandler - Unexpected I/O exception on channel [id: 0x8ded9c25, L:/127.0.0.1:58463 - R:localhost/127.0.0.1:58456]
java.io.IOException: An existing connection was forcibly closed by the remote host
	at java.base/sun.nio.ch.SocketDispatcher.read0(Native Method)
	at java.base/sun.nio.ch.SocketDispatcher.read(SocketDispatcher.java:43)
	at java.base/sun.nio.ch.IOUtil.readIntoNativeBuffer(IOUtil.java:276)
	at java.base/sun.nio.ch.IOUtil.read(IOUtil.java:233)
	at java.base/sun.nio.ch.IOUtil.read(IOUtil.java:223)
	at java.base/sun.nio.ch.SocketChannelImpl.read(SocketChannelImpl.java:358)
	at io.netty.buffer.PooledByteBuf.setBytes(PooledByteBuf.java:258)
	at io.netty.buffer.AbstractByteBuf.writeBytes(AbstractByteBuf.java:1132)
	at io.netty.channel.socket.nio.NioSocketChannel.doReadBytes(NioSocketChannel.java:350)
	at io.netty.channel.nio.AbstractNioByteChannel$NioByteUnsafe.read(AbstractNioByteChannel.java:151)
	at io.netty.channel.nio.NioEventLoop.processSelectedKey(NioEventLoop.java:722)
	at io.netty.channel.nio.NioEventLoop.processSelectedKeysOptimized(NioEventLoop.java:658)
	at io.netty.channel.nio.NioEventLoop.processSelectedKeys(NioEventLoop.java:584)
	at io.netty.channel.nio.NioEventLoop.run(NioEventLoop.java:496)
	at io.netty.util.concurrent.SingleThreadEventExecutor$4.run(SingleThreadEventExecutor.java:986)
	at io.netty.util.internal.ThreadExecutorMap$2.run(ThreadExecutorMap.java:74)
	at io.netty.util.concurrent.FastThreadLocalRunnable.run(FastThreadLocalRunnable.java:30)
	at java.base/java.lang.Thread.run(Thread.java:834)
15:02:27.239 [AsyncHttpClient-1-9] DEBUG org.asynchttpclient.netty.channel.ChannelManager - Closing Channel [id: 0x8ded9c25, L:/127.0.0.1:58463 - R:localhost/127.0.0.1:58456] 
15:02:27.239 [AsyncHttpClient-1-9] DEBUG org.asynchttpclient.netty.handler.HttpHandler - Channel Closed: [id: 0x8ded9c25, L:/127.0.0.1:58463 ! R:localhost/127.0.0.1:58456] with attribute DISCARD
15:02:27.300 [AsyncHttpClient-1-8] DEBUG org.asynchttpclient.netty.handler.HttpHandler - 

Request DefaultFullHttpRequest(decodeResult: success, version: HTTP/1.1, content: EmptyByteBufBE)
DELETE /session/97bb973a89027e81b7c608cd7e61f154 HTTP/1.1
User-Agent: selenium/4.1.2 (java windows)
Content-Type: application/json; charset=utf-8
host: localhost:56883
accept: */*

Response DefaultHttpResponse(decodeResult: success, version: HTTP/1.1)
HTTP/1.1 200 OK
Content-Type: application/json; charset=utf-8
cache-control: no-cache
content-length: 14

15:02:27.301 [AsyncHttpClient-1-8] DEBUG org.asynchttpclient.netty.channel.ChannelManager - Adding key: http://localhost:56883 for channel [id: 0x2b6e4bbc, L:/127.0.0.1:58455 - R:localhost/127.0.0.1:56883]
15:02:27.364 [AsyncHttpClient-1-8] DEBUG org.asynchttpclient.netty.handler.HttpHandler - Channel Closed: [id: 0x2b6e4bbc, L:/127.0.0.1:58455 ! R:localhost/127.0.0.1:56883] with attribute DISCARD
]]></system-out>
    <system-err><![CDATA[Starting ChromeDriver 105.0.5195.52 (412c95e518836d8a7d97250d62b29c2ae6a26a85-refs/branch-heads/5195@{#853}) on port 56883
Only local connections are allowed.
Please see https://chromedriver.chromium.org/security-considerations for suggestions on keeping ChromeDriver safe.
ChromeDriver was started successfully.
[1664956932.656][WARNING]: This version of ChromeDriver has not been tested with Chrome version 106.
Oct 05, 2022 3:02:12 PM org.openqa.selenium.remote.ProtocolHandshake createSession
INFO: Detected dialect: W3C
Oct 05, 2022 3:02:12 PM org.openqa.selenium.devtools.CdpVersionFinder findNearestMatch
WARNING: Unable to find an exact match for CDP version 106, so returning the closest version found: a no-op implementation
Oct 05, 2022 3:02:12 PM org.openqa.selenium.devtools.CdpVersionFinder findNearestMatch
INFO: Unable to find CDP implementation matching 106.
Oct 05, 2022 3:02:12 PM org.openqa.selenium.chromium.ChromiumDriver lambda$new$3
WARNING: Unable to find version of CDP to use for . You may need to include a dependency on a specific version of the CDP using something similar to `org.seleniumhq.selenium:selenium-devtools-v86:4.1.2` where the version ("v86") matches the version of the chromium-based browser you're using and the version number of the artifact is the same as Selenium's.
]]></system-err>
  </testcase>
  <testcase name="Login with invalid username and invalid password" classname="Login" time="14.489">
    <system-out><![CDATA[
Scenario: Login with invalid username and invalid password &amp#27;[90m# src/test/resources/features/login.feature:33&amp#27;[0m
15:02:27.427 [main] INFO io.cucumber.core.plugin.SerenityReporter - Running feature from file:///D:/Ra/file%20kuliah/semester%207/resume%20alta/demoqa/src/test/resources/features/login.feature
15:02:27.430 [main] INFO  - 
  _____   ___   ___   _____     ___   _____     _     ___   _____   ___   ___  
 |_   _| | __| / __| |_   _|   / __| |_   _|   /_\   | _ \ |_   _| | __| |   \ 
   | |   | _|  \__ \   | |     \__ \   | |    / _ \  |   /   | |   | _|  | |) |
   |_|   |___| |___/   |_|     |___/   |_|   /_/ \_\ |_|_\   |_|   |___| |___/ 

Login with invalid username and invalid password(login;login-with-invalid-username-and-invalid-password)
--------------------------------------------------------------------------------
15:02:27.440 [main] INFO net.serenitybdd.core.webdriver.driverproviders.ChromeDriverProvider - Using automatically driver download
15:02:27.575 [main] DEBUG io.github.bonigarcia.wdm.cache.ResolutionCache - Resolution chrome=106 in cache (valid until 15:57:12 05/10/2022 ICT)
15:02:27.583 [main] DEBUG io.github.bonigarcia.wdm.cache.ResolutionCache - Resolution chrome106=106.0.5249.61 in cache (valid until 11:41:12 06/10/2022 ICT)
15:02:27.585 [main] INFO io.github.bonigarcia.wdm.WebDriverManager - Using chromedriver 106.0.5249.61 (resolved driver for Chrome 106)
15:02:27.600 [main] DEBUG io.github.bonigarcia.wdm.WebDriverManager - Driver chromedriver 106.0.5249.61 found in cache
15:02:27.600 [main] INFO io.github.bonigarcia.wdm.WebDriverManager - Exporting webdriver.chrome.driver as C:\Users\rilaa\.cache\selenium\chromedriver\win32\106.0.5249.61\chromedriver.exe
15:02:27.718 [main] DEBUG net.serenitybdd.core.webdriver.driverproviders.ProvideNewDriver - Instantiating driver
15:02:27.718 [main] DEBUG net.serenitybdd.core.webdriver.driverproviders.ProvideNewDriver - Driver capabilities: Capabilities {acceptInsecureCerts: false, base.url: https://demoqa.com/books, browserName: chrome, chrome.driver: src/test/resources/webdrive..., driver: chrome, goog:chromeOptions: {args: [], extensions: []}}
15:02:27.780 [AsyncHttpClient-1-1] DEBUG org.asynchttpclient.netty.channel.DefaultChannelPool - Entry count for : http://localhost:58456 : 1
15:02:27.780 [AsyncHttpClient-1-1] DEBUG org.asynchttpclient.netty.channel.DefaultChannelPool - Entry count for : http://localhost:56883 : 1
15:02:27.780 [AsyncHttpClient-1-1] DEBUG org.asynchttpclient.netty.channel.DefaultChannelPool - Adding Candidate expired Channel [id: 0x8ded9c25, L:/127.0.0.1:58463 ! R:localhost/127.0.0.1:58456] isIdleTimeoutExpired=false isRemotelyClosed=true isTtlExpired=false
15:02:27.780 [AsyncHttpClient-1-1] DEBUG org.asynchttpclient.netty.channel.DefaultChannelPool - Closing Idle Channel [id: 0x8ded9c25, L:/127.0.0.1:58463 ! R:localhost/127.0.0.1:58456]
15:02:27.780 [AsyncHttpClient-1-1] DEBUG org.asynchttpclient.netty.channel.DefaultChannelPool - Adding Candidate expired Channel [id: 0x2b6e4bbc, L:/127.0.0.1:58455 ! R:localhost/127.0.0.1:56883] isIdleTimeoutExpired=false isRemotelyClosed=true isTtlExpired=false
15:02:27.780 [AsyncHttpClient-1-1] DEBUG org.asynchttpclient.netty.channel.DefaultChannelPool - Closing Idle Channel [id: 0x2b6e4bbc, L:/127.0.0.1:58455 ! R:localhost/127.0.0.1:56883]
15:02:27.780 [AsyncHttpClient-1-1] DEBUG org.asynchttpclient.netty.channel.DefaultChannelPool - Closed 2 connections out of 2 in 0 ms
15:02:27.783 [AsyncHttpClient-1-3] DEBUG org.asynchttpclient.netty.channel.NettyConnectListener - Using new Channel '[id: 0xa4ad39d6, L:/127.0.0.1:58557 - R:localhost/127.0.0.1:56257]' for 'POST' to '/session'
15:02:28.666 [AsyncHttpClient-1-3] DEBUG org.asynchttpclient.netty.handler.HttpHandler - 

Request DefaultHttpRequest(decodeResult: success, version: HTTP/1.1)
POST /session HTTP/1.1
User-Agent: selenium/4.1.2 (java windows)
Content-Length: 610
Content-Type: application/json; charset=utf-8
host: localhost:56257
accept: */*

Response DefaultHttpResponse(decodeResult: success, version: HTTP/1.1)
HTTP/1.1 200 OK
Content-Type: application/json; charset=utf-8
cache-control: no-cache
content-length: 790

15:02:28.666 [AsyncHttpClient-1-3] DEBUG org.asynchttpclient.netty.channel.ChannelManager - Adding key: http://localhost:56257 for channel [id: 0xa4ad39d6, L:/127.0.0.1:58557 - R:localhost/127.0.0.1:56257]
15:02:28.672 [AsyncHttpClient-1-4] DEBUG org.asynchttpclient.netty.channel.NettyConnectListener - Using new Channel '[id: 0x66b92260, L:/127.0.0.1:58565 - R:localhost/127.0.0.1:58559]' for 'GET' to '/json/version'
15:02:28.673 [AsyncHttpClient-1-4] DEBUG org.asynchttpclient.netty.handler.HttpHandler - 

Request DefaultFullHttpRequest(decodeResult: success, version: HTTP/1.1, content: EmptyByteBufBE)
GET /json/version HTTP/1.1
User-Agent: selenium/4.1.2 (java windows)
host: localhost:58559
accept: */*

Response DefaultHttpResponse(decodeResult: success, version: HTTP/1.1)
HTTP/1.1 200 OK
Content-Type: application/json; charset=UTF-8
content-length: 423

15:02:28.673 [AsyncHttpClient-1-4] DEBUG org.asynchttpclient.netty.channel.ChannelManager - Adding key: http://localhost:58559 for channel [id: 0x66b92260, L:/127.0.0.1:58565 - R:localhost/127.0.0.1:58559]
15:02:28.676 [AsyncHttpClient-1-5] DEBUG org.asynchttpclient.netty.channel.NettyConnectListener - Using new Channel '[id: 0x4c37075e, L:/127.0.0.1:58566 - R:localhost/127.0.0.1:58559]' for 'GET' to '/devtools/browser/a3050a75-6e3e-432c-b2ae-226aed25eea5'
15:02:28.677 [AsyncHttpClient-1-5] DEBUG org.asynchttpclient.netty.handler.WebSocketHandler - 

Request DefaultFullHttpRequest(decodeResult: success, version: HTTP/1.1, content: EmptyByteBufBE)
GET /devtools/browser/a3050a75-6e3e-432c-b2ae-226aed25eea5 HTTP/1.1
upgrade: websocket
connection: upgrade
sec-websocket-key: Nk1g+lzWTMRIMDHgTBsFKw==
sec-websocket-version: 13
origin: http://localhost:58559
host: localhost:58559
accept: */*
user-agent: AHC/2.1

Response DefaultHttpResponse(decodeResult: success, version: HTTP/1.1)
HTTP/1.1 101 WebSocket Protocol Handshake
Upgrade: WebSocket
Connection: Upgrade
Sec-WebSocket-Accept: zEOfQEDfEIuuq6R1nvhuW68qzRI=

15:02:28.681 [Forwarding get on session f3b8aa96e824ab4a84164638f09cd3d9 to remote] DEBUG org.asynchttpclient.netty.request.NettyRequestSender - Using pooled Channel '[id: 0xa4ad39d6, L:/127.0.0.1:58557 - R:localhost/127.0.0.1:56257]' for 'POST' to 'http://localhost:56257/session/f3b8aa96e824ab4a84164638f09cd3d9/url'
15:02:28.681 [Forwarding get on session f3b8aa96e824ab4a84164638f09cd3d9 to remote] DEBUG org.asynchttpclient.netty.request.NettyRequestSender - Using open Channel [id: 0xa4ad39d6, L:/127.0.0.1:58557 - R:localhost/127.0.0.1:56257] for POST '/session/f3b8aa96e824ab4a84164638f09cd3d9/url'
15:02:28.880 [AsyncHttpClient-1-1] DEBUG org.asynchttpclient.netty.channel.DefaultChannelPool - Entry count for : http://localhost:58559 : 1
15:02:29.981 [AsyncHttpClient-1-1] DEBUG org.asynchttpclient.netty.channel.DefaultChannelPool - Entry count for : http://localhost:58559 : 1
15:02:31.080 [AsyncHttpClient-1-1] DEBUG org.asynchttpclient.netty.channel.DefaultChannelPool - Entry count for : http://localhost:58559 : 1
15:02:32.183 [AsyncHttpClient-1-1] DEBUG org.asynchttpclient.netty.channel.DefaultChannelPool - Entry count for : http://localhost:58559 : 1
15:02:33.286 [AsyncHttpClient-1-1] DEBUG org.asynchttpclient.netty.channel.DefaultChannelPool - Entry count for : http://localhost:58559 : 1
15:02:34.380 [AsyncHttpClient-1-1] DEBUG org.asynchttpclient.netty.channel.DefaultChannelPool - Entry count for : http://localhost:58559 : 1
15:02:35.483 [AsyncHttpClient-1-1] DEBUG org.asynchttpclient.netty.channel.DefaultChannelPool - Entry count for : http://localhost:58559 : 1
15:02:36.586 [AsyncHttpClient-1-1] DEBUG org.asynchttpclient.netty.channel.DefaultChannelPool - Entry count for : http://localhost:58559 : 1
15:02:37.680 [AsyncHttpClient-1-1] DEBUG org.asynchttpclient.netty.channel.DefaultChannelPool - Entry count for : http://localhost:58559 : 1
15:02:38.788 [AsyncHttpClient-1-1] DEBUG org.asynchttpclient.netty.channel.DefaultChannelPool - Entry count for : http://localhost:58559 : 1
15:02:39.013 [AsyncHttpClient-1-3] DEBUG org.asynchttpclient.netty.handler.HttpHandler - 

Request DefaultHttpRequest(decodeResult: success, version: HTTP/1.1)
POST /session/f3b8aa96e824ab4a84164638f09cd3d9/url HTTP/1.1
User-Agent: selenium/4.1.2 (java windows)
Content-Length: 60
Content-Type: application/json; charset=utf-8
host: localhost:56257
accept: */*

Response DefaultHttpResponse(decodeResult: success, version: HTTP/1.1)
HTTP/1.1 200 OK
Content-Type: application/json; charset=utf-8
cache-control: no-cache
content-length: 14

15:02:39.013 [AsyncHttpClient-1-3] DEBUG org.asynchttpclient.netty.channel.ChannelManager - Adding key: http://localhost:56257 for channel [id: 0xa4ad39d6, L:/127.0.0.1:58557 - R:localhost/127.0.0.1:56257]
15:02:39.014 [Forwarding setTimeout on session f3b8aa96e824ab4a84164638f09cd3d9 to remote] DEBUG org.asynchttpclient.netty.request.NettyRequestSender - Using pooled Channel '[id: 0xa4ad39d6, L:/127.0.0.1:58557 - R:localhost/127.0.0.1:56257]' for 'POST' to 'http://localhost:56257/session/f3b8aa96e824ab4a84164638f09cd3d9/timeouts'
15:02:39.015 [Forwarding setTimeout on session f3b8aa96e824ab4a84164638f09cd3d9 to remote] DEBUG org.asynchttpclient.netty.request.NettyRequestSender - Using open Channel [id: 0xa4ad39d6, L:/127.0.0.1:58557 - R:localhost/127.0.0.1:56257] for POST '/session/f3b8aa96e824ab4a84164638f09cd3d9/timeouts'
15:02:39.016 [AsyncHttpClient-1-3] DEBUG org.asynchttpclient.netty.handler.HttpHandler - 

Request DefaultHttpRequest(decodeResult: success, version: HTTP/1.1)
POST /session/f3b8aa96e824ab4a84164638f09cd3d9/timeouts HTTP/1.1
User-Agent: selenium/4.1.2 (java windows)
Content-Length: 22
Content-Type: application/json; charset=utf-8
host: localhost:56257
accept: */*

Response DefaultHttpResponse(decodeResult: success, version: HTTP/1.1)
HTTP/1.1 200 OK
Content-Type: application/json; charset=utf-8
cache-control: no-cache
content-length: 14

15:02:39.016 [AsyncHttpClient-1-3] DEBUG org.asynchttpclient.netty.channel.ChannelManager - Adding key: http://localhost:56257 for channel [id: 0xa4ad39d6, L:/127.0.0.1:58557 - R:localhost/127.0.0.1:56257]
15:02:39.017 [Forwarding getCurrentUrl on session f3b8aa96e824ab4a84164638f09cd3d9 to remote] DEBUG org.asynchttpclient.netty.request.NettyRequestSender - Using pooled Channel '[id: 0xa4ad39d6, L:/127.0.0.1:58557 - R:localhost/127.0.0.1:56257]' for 'GET' to 'http://localhost:56257/session/f3b8aa96e824ab4a84164638f09cd3d9/url'
15:02:39.017 [Forwarding getCurrentUrl on session f3b8aa96e824ab4a84164638f09cd3d9 to remote] DEBUG org.asynchttpclient.netty.request.NettyRequestSender - Using open Channel [id: 0xa4ad39d6, L:/127.0.0.1:58557 - R:localhost/127.0.0.1:56257] for GET '/session/f3b8aa96e824ab4a84164638f09cd3d9/url'
15:02:39.021 [AsyncHttpClient-1-3] DEBUG org.asynchttpclient.netty.handler.HttpHandler - 

Request DefaultFullHttpRequest(decodeResult: success, version: HTTP/1.1, content: EmptyByteBufBE)
GET /session/f3b8aa96e824ab4a84164638f09cd3d9/url HTTP/1.1
User-Agent: selenium/4.1.2 (java windows)
Cache-Control: no-cache
Content-Type: application/json; charset=utf-8
host: localhost:56257
accept: */*

Response DefaultHttpResponse(decodeResult: success, version: HTTP/1.1)
HTTP/1.1 200 OK
Content-Type: application/json; charset=utf-8
cache-control: no-cache
content-length: 37

15:02:39.022 [AsyncHttpClient-1-3] DEBUG org.asynchttpclient.netty.channel.ChannelManager - Adding key: http://localhost:56257 for channel [id: 0xa4ad39d6, L:/127.0.0.1:58557 - R:localhost/127.0.0.1:56257]
  &amp#27;[32mGiven &amp#27;[0m&amp#27;[32mI am on the books page&amp#27;[0m                             &amp#27;[90m# starter.stepdefinitions.LoginStep.iAmOnTheBooksPage()&amp#27;[0m
15:02:39.027 [Forwarding screenshot on session f3b8aa96e824ab4a84164638f09cd3d9 to remote] DEBUG org.asynchttpclient.netty.request.NettyRequestSender - Using pooled Channel '[id: 0xa4ad39d6, L:/127.0.0.1:58557 - R:localhost/127.0.0.1:56257]' for 'GET' to 'http://localhost:56257/session/f3b8aa96e824ab4a84164638f09cd3d9/screenshot'
15:02:39.027 [Forwarding screenshot on session f3b8aa96e824ab4a84164638f09cd3d9 to remote] DEBUG org.asynchttpclient.netty.request.NettyRequestSender - Using open Channel [id: 0xa4ad39d6, L:/127.0.0.1:58557 - R:localhost/127.0.0.1:56257] for GET '/session/f3b8aa96e824ab4a84164638f09cd3d9/screenshot'
15:02:39.255 [AsyncHttpClient-1-3] DEBUG org.asynchttpclient.netty.handler.HttpHandler - 

Request DefaultFullHttpRequest(decodeResult: success, version: HTTP/1.1, content: EmptyByteBufBE)
GET /session/f3b8aa96e824ab4a84164638f09cd3d9/screenshot HTTP/1.1
User-Agent: selenium/4.1.2 (java windows)
Cache-Control: no-cache
Content-Type: application/json; charset=utf-8
host: localhost:56257
accept: */*

Response DefaultHttpResponse(decodeResult: success, version: HTTP/1.1)
HTTP/1.1 200 OK
Content-Type: application/json; charset=utf-8
cache-control: no-cache
content-length: 485836

15:02:39.256 [AsyncHttpClient-1-3] DEBUG org.asynchttpclient.netty.channel.ChannelManager - Adding key: http://localhost:56257 for channel [id: 0xa4ad39d6, L:/127.0.0.1:58557 - R:localhost/127.0.0.1:56257]
15:02:39.265 [main] DEBUG net.serenitybdd.core.photography.Darkroom - Send negative for processing for target\site\serenity\3d5e6ea8e7710f9082a1c9704393f1fddca4aa88109bcd1f40d06e5adff00f4b.png
15:02:39.265 [Darkroom Processing Line] DEBUG net.serenitybdd.core.photography.DarkroomProcessingLine - Processing screenshot image in /var/screenshots/screenshot-10025091477258957549
15:02:39.265 [Darkroom Processing Line] DEBUG net.serenitybdd.core.photography.DarkroomProcessingLine - Saving screenshot to target\site\serenity\3d5e6ea8e7710f9082a1c9704393f1fddca4aa88109bcd1f40d06e5adff00f4b.png
15:02:39.271 [Forwarding findElement on session f3b8aa96e824ab4a84164638f09cd3d9 to remote] DEBUG org.asynchttpclient.netty.request.NettyRequestSender - Using pooled Channel '[id: 0xa4ad39d6, L:/127.0.0.1:58557 - R:localhost/127.0.0.1:56257]' for 'POST' to 'http://localhost:56257/session/f3b8aa96e824ab4a84164638f09cd3d9/element'
15:02:39.272 [Forwarding findElement on session f3b8aa96e824ab4a84164638f09cd3d9 to remote] DEBUG org.asynchttpclient.netty.request.NettyRequestSender - Using open Channel [id: 0xa4ad39d6, L:/127.0.0.1:58557 - R:localhost/127.0.0.1:56257] for POST '/session/f3b8aa96e824ab4a84164638f09cd3d9/element'
15:02:39.284 [AsyncHttpClient-1-3] DEBUG org.asynchttpclient.netty.handler.HttpHandler - 

Request DefaultHttpRequest(decodeResult: success, version: HTTP/1.1)
POST /session/f3b8aa96e824ab4a84164638f09cd3d9/element HTTP/1.1
User-Agent: selenium/4.1.2 (java windows)
Content-Length: 50
Content-Type: application/json; charset=utf-8
host: localhost:56257
accept: */*

Response DefaultHttpResponse(decodeResult: success, version: HTTP/1.1)
HTTP/1.1 200 OK
Content-Type: application/json; charset=utf-8
cache-control: no-cache
content-length: 88

15:02:39.284 [AsyncHttpClient-1-3] DEBUG org.asynchttpclient.netty.channel.ChannelManager - Adding key: http://localhost:56257 for channel [id: 0xa4ad39d6, L:/127.0.0.1:58557 - R:localhost/127.0.0.1:56257]
15:02:39.285 [Forwarding getElementTagName on session f3b8aa96e824ab4a84164638f09cd3d9 to remote] DEBUG org.asynchttpclient.netty.request.NettyRequestSender - Using pooled Channel '[id: 0xa4ad39d6, L:/127.0.0.1:58557 - R:localhost/127.0.0.1:56257]' for 'GET' to 'http://localhost:56257/session/f3b8aa96e824ab4a84164638f09cd3d9/element/501a9d61-e843-448d-b94b-eea0e06ba6da/name'
15:02:39.285 [Forwarding getElementTagName on session f3b8aa96e824ab4a84164638f09cd3d9 to remote] DEBUG org.asynchttpclient.netty.request.NettyRequestSender - Using open Channel [id: 0xa4ad39d6, L:/127.0.0.1:58557 - R:localhost/127.0.0.1:56257] for GET '/session/f3b8aa96e824ab4a84164638f09cd3d9/element/501a9d61-e843-448d-b94b-eea0e06ba6da/name'
15:02:39.289 [AsyncHttpClient-1-3] DEBUG org.asynchttpclient.netty.handler.HttpHandler - 

Request DefaultFullHttpRequest(decodeResult: success, version: HTTP/1.1, content: EmptyByteBufBE)
GET /session/f3b8aa96e824ab4a84164638f09cd3d9/element/501a9d61-e843-448d-b94b-eea0e06ba6da/name HTTP/1.1
User-Agent: selenium/4.1.2 (java windows)
Cache-Control: no-cache
Content-Type: application/json; charset=utf-8
host: localhost:56257
accept: */*

Response DefaultHttpResponse(decodeResult: success, version: HTTP/1.1)
HTTP/1.1 200 OK
Content-Type: application/json; charset=utf-8
cache-control: no-cache
content-length: 18

15:02:39.289 [AsyncHttpClient-1-3] DEBUG org.asynchttpclient.netty.channel.ChannelManager - Adding key: http://localhost:56257 for channel [id: 0xa4ad39d6, L:/127.0.0.1:58557 - R:localhost/127.0.0.1:56257]
15:02:39.291 [Forwarding getElementTagName on session f3b8aa96e824ab4a84164638f09cd3d9 to remote] DEBUG org.asynchttpclient.netty.request.NettyRequestSender - Using pooled Channel '[id: 0xa4ad39d6, L:/127.0.0.1:58557 - R:localhost/127.0.0.1:56257]' for 'GET' to 'http://localhost:56257/session/f3b8aa96e824ab4a84164638f09cd3d9/element/501a9d61-e843-448d-b94b-eea0e06ba6da/name'
15:02:39.291 [Forwarding getElementTagName on session f3b8aa96e824ab4a84164638f09cd3d9 to remote] DEBUG org.asynchttpclient.netty.request.NettyRequestSender - Using open Channel [id: 0xa4ad39d6, L:/127.0.0.1:58557 - R:localhost/127.0.0.1:56257] for GET '/session/f3b8aa96e824ab4a84164638f09cd3d9/element/501a9d61-e843-448d-b94b-eea0e06ba6da/name'
15:02:39.357 [AsyncHttpClient-1-3] DEBUG org.asynchttpclient.netty.handler.HttpHandler - 

Request DefaultFullHttpRequest(decodeResult: success, version: HTTP/1.1, content: EmptyByteBufBE)
GET /session/f3b8aa96e824ab4a84164638f09cd3d9/element/501a9d61-e843-448d-b94b-eea0e06ba6da/name HTTP/1.1
User-Agent: selenium/4.1.2 (java windows)
Cache-Control: no-cache
Content-Type: application/json; charset=utf-8
host: localhost:56257
accept: */*

Response DefaultHttpResponse(decodeResult: success, version: HTTP/1.1)
HTTP/1.1 200 OK
Content-Type: application/json; charset=utf-8
cache-control: no-cache
content-length: 18

15:02:39.357 [AsyncHttpClient-1-3] DEBUG org.asynchttpclient.netty.channel.ChannelManager - Adding key: http://localhost:56257 for channel [id: 0xa4ad39d6, L:/127.0.0.1:58557 - R:localhost/127.0.0.1:56257]
15:02:39.360 [Forwarding isElementEnabled on session f3b8aa96e824ab4a84164638f09cd3d9 to remote] DEBUG org.asynchttpclient.netty.request.NettyRequestSender - Using pooled Channel '[id: 0xa4ad39d6, L:/127.0.0.1:58557 - R:localhost/127.0.0.1:56257]' for 'GET' to 'http://localhost:56257/session/f3b8aa96e824ab4a84164638f09cd3d9/element/501a9d61-e843-448d-b94b-eea0e06ba6da/enabled'
15:02:39.361 [Forwarding isElementEnabled on session f3b8aa96e824ab4a84164638f09cd3d9 to remote] DEBUG org.asynchttpclient.netty.request.NettyRequestSender - Using open Channel [id: 0xa4ad39d6, L:/127.0.0.1:58557 - R:localhost/127.0.0.1:56257] for GET '/session/f3b8aa96e824ab4a84164638f09cd3d9/element/501a9d61-e843-448d-b94b-eea0e06ba6da/enabled'
15:02:39.380 [AsyncHttpClient-1-3] DEBUG org.asynchttpclient.netty.handler.HttpHandler - 

Request DefaultFullHttpRequest(decodeResult: success, version: HTTP/1.1, content: EmptyByteBufBE)
GET /session/f3b8aa96e824ab4a84164638f09cd3d9/element/501a9d61-e843-448d-b94b-eea0e06ba6da/enabled HTTP/1.1
User-Agent: selenium/4.1.2 (java windows)
Cache-Control: no-cache
Content-Type: application/json; charset=utf-8
host: localhost:56257
accept: */*

Response DefaultHttpResponse(decodeResult: success, version: HTTP/1.1)
HTTP/1.1 200 OK
Content-Type: application/json; charset=utf-8
cache-control: no-cache
content-length: 14

15:02:39.380 [AsyncHttpClient-1-3] DEBUG org.asynchttpclient.netty.channel.ChannelManager - Adding key: http://localhost:56257 for channel [id: 0xa4ad39d6, L:/127.0.0.1:58557 - R:localhost/127.0.0.1:56257]
15:02:39.382 [Forwarding isElementEnabled on session f3b8aa96e824ab4a84164638f09cd3d9 to remote] DEBUG org.asynchttpclient.netty.request.NettyRequestSender - Using pooled Channel '[id: 0xa4ad39d6, L:/127.0.0.1:58557 - R:localhost/127.0.0.1:56257]' for 'GET' to 'http://localhost:56257/session/f3b8aa96e824ab4a84164638f09cd3d9/element/501a9d61-e843-448d-b94b-eea0e06ba6da/enabled'
15:02:39.382 [Forwarding isElementEnabled on session f3b8aa96e824ab4a84164638f09cd3d9 to remote] DEBUG org.asynchttpclient.netty.request.NettyRequestSender - Using open Channel [id: 0xa4ad39d6, L:/127.0.0.1:58557 - R:localhost/127.0.0.1:56257] for GET '/session/f3b8aa96e824ab4a84164638f09cd3d9/element/501a9d61-e843-448d-b94b-eea0e06ba6da/enabled'
15:02:39.393 [AsyncHttpClient-1-3] DEBUG org.asynchttpclient.netty.handler.HttpHandler - 

Request DefaultFullHttpRequest(decodeResult: success, version: HTTP/1.1, content: EmptyByteBufBE)
GET /session/f3b8aa96e824ab4a84164638f09cd3d9/element/501a9d61-e843-448d-b94b-eea0e06ba6da/enabled HTTP/1.1
User-Agent: selenium/4.1.2 (java windows)
Cache-Control: no-cache
Content-Type: application/json; charset=utf-8
host: localhost:56257
accept: */*

Response DefaultHttpResponse(decodeResult: success, version: HTTP/1.1)
HTTP/1.1 200 OK
Content-Type: application/json; charset=utf-8
cache-control: no-cache
content-length: 14

15:02:39.393 [AsyncHttpClient-1-3] DEBUG org.asynchttpclient.netty.channel.ChannelManager - Adding key: http://localhost:56257 for channel [id: 0xa4ad39d6, L:/127.0.0.1:58557 - R:localhost/127.0.0.1:56257]
15:02:39.396 [Forwarding findElement on session f3b8aa96e824ab4a84164638f09cd3d9 to remote] DEBUG org.asynchttpclient.netty.request.NettyRequestSender - Using pooled Channel '[id: 0xa4ad39d6, L:/127.0.0.1:58557 - R:localhost/127.0.0.1:56257]' for 'POST' to 'http://localhost:56257/session/f3b8aa96e824ab4a84164638f09cd3d9/element'
15:02:39.396 [Forwarding findElement on session f3b8aa96e824ab4a84164638f09cd3d9 to remote] DEBUG org.asynchttpclient.netty.request.NettyRequestSender - Using open Channel [id: 0xa4ad39d6, L:/127.0.0.1:58557 - R:localhost/127.0.0.1:56257] for POST '/session/f3b8aa96e824ab4a84164638f09cd3d9/element'
15:02:39.402 [AsyncHttpClient-1-3] DEBUG org.asynchttpclient.netty.handler.HttpHandler - 

Request DefaultHttpRequest(decodeResult: success, version: HTTP/1.1)
POST /session/f3b8aa96e824ab4a84164638f09cd3d9/element HTTP/1.1
User-Agent: selenium/4.1.2 (java windows)
Content-Length: 50
Content-Type: application/json; charset=utf-8
host: localhost:56257
accept: */*

Response DefaultHttpResponse(decodeResult: success, version: HTTP/1.1)
HTTP/1.1 200 OK
Content-Type: application/json; charset=utf-8
cache-control: no-cache
content-length: 88

15:02:39.403 [AsyncHttpClient-1-3] DEBUG org.asynchttpclient.netty.channel.ChannelManager - Adding key: http://localhost:56257 for channel [id: 0xa4ad39d6, L:/127.0.0.1:58557 - R:localhost/127.0.0.1:56257]
15:02:39.406 [Forwarding clickElement on session f3b8aa96e824ab4a84164638f09cd3d9 to remote] DEBUG org.asynchttpclient.netty.request.NettyRequestSender - Using pooled Channel '[id: 0xa4ad39d6, L:/127.0.0.1:58557 - R:localhost/127.0.0.1:56257]' for 'POST' to 'http://localhost:56257/session/f3b8aa96e824ab4a84164638f09cd3d9/element/501a9d61-e843-448d-b94b-eea0e06ba6da/click'
15:02:39.406 [Forwarding clickElement on session f3b8aa96e824ab4a84164638f09cd3d9 to remote] DEBUG org.asynchttpclient.netty.request.NettyRequestSender - Using open Channel [id: 0xa4ad39d6, L:/127.0.0.1:58557 - R:localhost/127.0.0.1:56257] for POST '/session/f3b8aa96e824ab4a84164638f09cd3d9/element/501a9d61-e843-448d-b94b-eea0e06ba6da/click'
15:02:39.468 [AsyncHttpClient-1-3] DEBUG org.asynchttpclient.netty.handler.HttpHandler - 

Request DefaultHttpRequest(decodeResult: success, version: HTTP/1.1)
POST /session/f3b8aa96e824ab4a84164638f09cd3d9/element/501a9d61-e843-448d-b94b-eea0e06ba6da/click HTTP/1.1
User-Agent: selenium/4.1.2 (java windows)
Content-Length: 50
Content-Type: application/json; charset=utf-8
host: localhost:56257
accept: */*

Response DefaultHttpResponse(decodeResult: success, version: HTTP/1.1)
HTTP/1.1 200 OK
Content-Type: application/json; charset=utf-8
cache-control: no-cache
content-length: 14

15:02:39.468 [AsyncHttpClient-1-3] DEBUG org.asynchttpclient.netty.channel.ChannelManager - Adding key: http://localhost:56257 for channel [id: 0xa4ad39d6, L:/127.0.0.1:58557 - R:localhost/127.0.0.1:56257]
  &amp#27;[32mAnd &amp#27;[0m&amp#27;[32mI click Login button&amp#27;[0m                                 &amp#27;[90m# starter.stepdefinitions.LoginStep.iClickLoginButton()&amp#27;[0m
15:02:39.474 [Forwarding screenshot on session f3b8aa96e824ab4a84164638f09cd3d9 to remote] DEBUG org.asynchttpclient.netty.request.NettyRequestSender - Using pooled Channel '[id: 0xa4ad39d6, L:/127.0.0.1:58557 - R:localhost/127.0.0.1:56257]' for 'GET' to 'http://localhost:56257/session/f3b8aa96e824ab4a84164638f09cd3d9/screenshot'
15:02:39.474 [Forwarding screenshot on session f3b8aa96e824ab4a84164638f09cd3d9 to remote] DEBUG org.asynchttpclient.netty.request.NettyRequestSender - Using open Channel [id: 0xa4ad39d6, L:/127.0.0.1:58557 - R:localhost/127.0.0.1:56257] for GET '/session/f3b8aa96e824ab4a84164638f09cd3d9/screenshot'
15:02:39.647 [AsyncHttpClient-1-3] DEBUG org.asynchttpclient.netty.handler.HttpHandler - 

Request DefaultFullHttpRequest(decodeResult: success, version: HTTP/1.1, content: EmptyByteBufBE)
GET /session/f3b8aa96e824ab4a84164638f09cd3d9/screenshot HTTP/1.1
User-Agent: selenium/4.1.2 (java windows)
Cache-Control: no-cache
Content-Type: application/json; charset=utf-8
host: localhost:56257
accept: */*

Response DefaultHttpResponse(decodeResult: success, version: HTTP/1.1)
HTTP/1.1 200 OK
Content-Type: application/json; charset=utf-8
cache-control: no-cache
content-length: 452720

15:02:39.649 [AsyncHttpClient-1-3] DEBUG org.asynchttpclient.netty.channel.ChannelManager - Adding key: http://localhost:56257 for channel [id: 0xa4ad39d6, L:/127.0.0.1:58557 - R:localhost/127.0.0.1:56257]
15:02:39.668 [main] DEBUG net.serenitybdd.core.photography.Darkroom - Send negative for processing for target\site\serenity\5f9707065693db5ed4a9ce41d42d5533cfdb1f66c843c9905bd148e71253d680.png
15:02:39.671 [Darkroom Processing Line] DEBUG net.serenitybdd.core.photography.DarkroomProcessingLine - Processing screenshot image in /var/screenshots/screenshot-10691624839902025492
15:02:39.672 [Darkroom Processing Line] DEBUG net.serenitybdd.core.photography.DarkroomProcessingLine - Saving screenshot to target\site\serenity\5f9707065693db5ed4a9ce41d42d5533cfdb1f66c843c9905bd148e71253d680.png
15:02:39.692 [Forwarding findElement on session f3b8aa96e824ab4a84164638f09cd3d9 to remote] DEBUG org.asynchttpclient.netty.request.NettyRequestSender - Using pooled Channel '[id: 0xa4ad39d6, L:/127.0.0.1:58557 - R:localhost/127.0.0.1:56257]' for 'POST' to 'http://localhost:56257/session/f3b8aa96e824ab4a84164638f09cd3d9/element'
15:02:39.692 [Forwarding findElement on session f3b8aa96e824ab4a84164638f09cd3d9 to remote] DEBUG org.asynchttpclient.netty.request.NettyRequestSender - Using open Channel [id: 0xa4ad39d6, L:/127.0.0.1:58557 - R:localhost/127.0.0.1:56257] for POST '/session/f3b8aa96e824ab4a84164638f09cd3d9/element'
15:02:39.742 [AsyncHttpClient-1-3] DEBUG org.asynchttpclient.netty.handler.HttpHandler - 

Request DefaultHttpRequest(decodeResult: success, version: HTTP/1.1)
POST /session/f3b8aa96e824ab4a84164638f09cd3d9/element HTTP/1.1
User-Agent: selenium/4.1.2 (java windows)
Content-Length: 51
Content-Type: application/json; charset=utf-8
host: localhost:56257
accept: */*

Response DefaultHttpResponse(decodeResult: success, version: HTTP/1.1)
HTTP/1.1 200 OK
Content-Type: application/json; charset=utf-8
cache-control: no-cache
content-length: 88

15:02:39.742 [AsyncHttpClient-1-3] DEBUG org.asynchttpclient.netty.channel.ChannelManager - Adding key: http://localhost:56257 for channel [id: 0xa4ad39d6, L:/127.0.0.1:58557 - R:localhost/127.0.0.1:56257]
15:02:39.747 [Forwarding isElementDisplayed on session f3b8aa96e824ab4a84164638f09cd3d9 to remote] DEBUG org.asynchttpclient.netty.request.NettyRequestSender - Using pooled Channel '[id: 0xa4ad39d6, L:/127.0.0.1:58557 - R:localhost/127.0.0.1:56257]' for 'POST' to 'http://localhost:56257/session/f3b8aa96e824ab4a84164638f09cd3d9/execute/sync'
15:02:39.747 [Forwarding isElementDisplayed on session f3b8aa96e824ab4a84164638f09cd3d9 to remote] DEBUG org.asynchttpclient.netty.request.NettyRequestSender - Using open Channel [id: 0xa4ad39d6, L:/127.0.0.1:58557 - R:localhost/127.0.0.1:56257] for POST '/session/f3b8aa96e824ab4a84164638f09cd3d9/execute/sync'
15:02:39.780 [AsyncHttpClient-1-3] DEBUG org.asynchttpclient.netty.handler.HttpHandler - 

Request DefaultHttpRequest(decodeResult: success, version: HTTP/1.1)
POST /session/f3b8aa96e824ab4a84164638f09cd3d9/execute/sync HTTP/1.1
User-Agent: selenium/4.1.2 (java windows)
Content-Length: 48780
Content-Type: application/json; charset=utf-8
host: localhost:56257
accept: */*

Response DefaultHttpResponse(decodeResult: success, version: HTTP/1.1)
HTTP/1.1 200 OK
Content-Type: application/json; charset=utf-8
cache-control: no-cache
content-length: 14

15:02:39.781 [AsyncHttpClient-1-3] DEBUG org.asynchttpclient.netty.channel.ChannelManager - Adding key: http://localhost:56257 for channel [id: 0xa4ad39d6, L:/127.0.0.1:58557 - R:localhost/127.0.0.1:56257]
15:02:39.785 [Forwarding findElement on session f3b8aa96e824ab4a84164638f09cd3d9 to remote] DEBUG org.asynchttpclient.netty.request.NettyRequestSender - Using pooled Channel '[id: 0xa4ad39d6, L:/127.0.0.1:58557 - R:localhost/127.0.0.1:56257]' for 'POST' to 'http://localhost:56257/session/f3b8aa96e824ab4a84164638f09cd3d9/element'
15:02:39.785 [Forwarding findElement on session f3b8aa96e824ab4a84164638f09cd3d9 to remote] DEBUG org.asynchttpclient.netty.request.NettyRequestSender - Using open Channel [id: 0xa4ad39d6, L:/127.0.0.1:58557 - R:localhost/127.0.0.1:56257] for POST '/session/f3b8aa96e824ab4a84164638f09cd3d9/element'
15:02:39.797 [AsyncHttpClient-1-3] DEBUG org.asynchttpclient.netty.handler.HttpHandler - 

Request DefaultHttpRequest(decodeResult: success, version: HTTP/1.1)
POST /session/f3b8aa96e824ab4a84164638f09cd3d9/element HTTP/1.1
User-Agent: selenium/4.1.2 (java windows)
Content-Length: 53
Content-Type: application/json; charset=utf-8
host: localhost:56257
accept: */*

Response DefaultHttpResponse(decodeResult: success, version: HTTP/1.1)
HTTP/1.1 200 OK
Content-Type: application/json; charset=utf-8
cache-control: no-cache
content-length: 88

15:02:39.797 [AsyncHttpClient-1-3] DEBUG org.asynchttpclient.netty.channel.ChannelManager - Adding key: http://localhost:56257 for channel [id: 0xa4ad39d6, L:/127.0.0.1:58557 - R:localhost/127.0.0.1:56257]
15:02:39.798 [Forwarding sendKeysToElement on session f3b8aa96e824ab4a84164638f09cd3d9 to remote] DEBUG org.asynchttpclient.netty.request.NettyRequestSender - Using pooled Channel '[id: 0xa4ad39d6, L:/127.0.0.1:58557 - R:localhost/127.0.0.1:56257]' for 'POST' to 'http://localhost:56257/session/f3b8aa96e824ab4a84164638f09cd3d9/element/bfb0a120-05c1-4e7b-81d5-78a3f5155e8d/value'
15:02:39.799 [Forwarding sendKeysToElement on session f3b8aa96e824ab4a84164638f09cd3d9 to remote] DEBUG org.asynchttpclient.netty.request.NettyRequestSender - Using open Channel [id: 0xa4ad39d6, L:/127.0.0.1:58557 - R:localhost/127.0.0.1:56257] for POST '/session/f3b8aa96e824ab4a84164638f09cd3d9/element/bfb0a120-05c1-4e7b-81d5-78a3f5155e8d/value'
15:02:39.839 [AsyncHttpClient-1-3] DEBUG org.asynchttpclient.netty.handler.HttpHandler - 

Request DefaultHttpRequest(decodeResult: success, version: HTTP/1.1)
POST /session/f3b8aa96e824ab4a84164638f09cd3d9/element/bfb0a120-05c1-4e7b-81d5-78a3f5155e8d/value HTTP/1.1
User-Agent: selenium/4.1.2 (java windows)
Content-Length: 95
Content-Type: application/json; charset=utf-8
host: localhost:56257
accept: */*

Response DefaultHttpResponse(decodeResult: success, version: HTTP/1.1)
HTTP/1.1 200 OK
Content-Type: application/json; charset=utf-8
cache-control: no-cache
content-length: 14

15:02:39.839 [AsyncHttpClient-1-3] DEBUG org.asynchttpclient.netty.channel.ChannelManager - Adding key: http://localhost:56257 for channel [id: 0xa4ad39d6, L:/127.0.0.1:58557 - R:localhost/127.0.0.1:56257]
  &amp#27;[32mAnd &amp#27;[0m&amp#27;[32mI will go to login page&amp#27;[0m                              &amp#27;[90m# starter.stepdefinitions.LoginStep.iWillGoToLoginPage()&amp#27;[0m
15:02:39.842 [Forwarding screenshot on session f3b8aa96e824ab4a84164638f09cd3d9 to remote] DEBUG org.asynchttpclient.netty.request.NettyRequestSender - Using pooled Channel '[id: 0xa4ad39d6, L:/127.0.0.1:58557 - R:localhost/127.0.0.1:56257]' for 'GET' to 'http://localhost:56257/session/f3b8aa96e824ab4a84164638f09cd3d9/screenshot'
15:02:39.842 [Forwarding screenshot on session f3b8aa96e824ab4a84164638f09cd3d9 to remote] DEBUG org.asynchttpclient.netty.request.NettyRequestSender - Using open Channel [id: 0xa4ad39d6, L:/127.0.0.1:58557 - R:localhost/127.0.0.1:56257] for GET '/session/f3b8aa96e824ab4a84164638f09cd3d9/screenshot'
15:02:39.891 [AsyncHttpClient-1-1] DEBUG org.asynchttpclient.netty.channel.DefaultChannelPool - Entry count for : http://localhost:58559 : 1
15:02:40.057 [AsyncHttpClient-1-3] DEBUG org.asynchttpclient.netty.handler.HttpHandler - 

Request DefaultFullHttpRequest(decodeResult: success, version: HTTP/1.1, content: EmptyByteBufBE)
GET /session/f3b8aa96e824ab4a84164638f09cd3d9/screenshot HTTP/1.1
User-Agent: selenium/4.1.2 (java windows)
Cache-Control: no-cache
Content-Type: application/json; charset=utf-8
host: localhost:56257
accept: */*

Response DefaultHttpResponse(decodeResult: success, version: HTTP/1.1)
HTTP/1.1 200 OK
Content-Type: application/json; charset=utf-8
cache-control: no-cache
content-length: 416612

15:02:40.057 [AsyncHttpClient-1-3] DEBUG org.asynchttpclient.netty.channel.ChannelManager - Adding key: http://localhost:56257 for channel [id: 0xa4ad39d6, L:/127.0.0.1:58557 - R:localhost/127.0.0.1:56257]
15:02:40.066 [main] DEBUG net.serenitybdd.core.photography.Darkroom - Send negative for processing for target\site\serenity\c8c7afd1b04770f3c8c275a84be7e435c54297144ee25d606d240531f6874b64.png
15:02:40.066 [Darkroom Processing Line] DEBUG net.serenitybdd.core.photography.DarkroomProcessingLine - Processing screenshot image in /var/screenshots/screenshot-4309478987732855070
15:02:40.066 [Darkroom Processing Line] DEBUG net.serenitybdd.core.photography.DarkroomProcessingLine - Saving screenshot to target\site\serenity\c8c7afd1b04770f3c8c275a84be7e435c54297144ee25d606d240531f6874b64.png
15:02:40.070 [Forwarding findElement on session f3b8aa96e824ab4a84164638f09cd3d9 to remote] DEBUG org.asynchttpclient.netty.request.NettyRequestSender - Using pooled Channel '[id: 0xa4ad39d6, L:/127.0.0.1:58557 - R:localhost/127.0.0.1:56257]' for 'POST' to 'http://localhost:56257/session/f3b8aa96e824ab4a84164638f09cd3d9/element'
15:02:40.070 [Forwarding findElement on session f3b8aa96e824ab4a84164638f09cd3d9 to remote] DEBUG org.asynchttpclient.netty.request.NettyRequestSender - Using open Channel [id: 0xa4ad39d6, L:/127.0.0.1:58557 - R:localhost/127.0.0.1:56257] for POST '/session/f3b8aa96e824ab4a84164638f09cd3d9/element'
15:02:40.080 [AsyncHttpClient-1-3] DEBUG org.asynchttpclient.netty.handler.HttpHandler - 

Request DefaultHttpRequest(decodeResult: success, version: HTTP/1.1)
POST /session/f3b8aa96e824ab4a84164638f09cd3d9/element HTTP/1.1
User-Agent: selenium/4.1.2 (java windows)
Content-Length: 53
Content-Type: application/json; charset=utf-8
host: localhost:56257
accept: */*

Response DefaultHttpResponse(decodeResult: success, version: HTTP/1.1)
HTTP/1.1 200 OK
Content-Type: application/json; charset=utf-8
cache-control: no-cache
content-length: 88

15:02:40.080 [AsyncHttpClient-1-3] DEBUG org.asynchttpclient.netty.channel.ChannelManager - Adding key: http://localhost:56257 for channel [id: 0xa4ad39d6, L:/127.0.0.1:58557 - R:localhost/127.0.0.1:56257]
15:02:40.081 [Forwarding clearElement on session f3b8aa96e824ab4a84164638f09cd3d9 to remote] DEBUG org.asynchttpclient.netty.request.NettyRequestSender - Using pooled Channel '[id: 0xa4ad39d6, L:/127.0.0.1:58557 - R:localhost/127.0.0.1:56257]' for 'POST' to 'http://localhost:56257/session/f3b8aa96e824ab4a84164638f09cd3d9/element/a532b21b-72d5-48e4-847d-6adee0b7e8f9/clear'
15:02:40.081 [Forwarding clearElement on session f3b8aa96e824ab4a84164638f09cd3d9 to remote] DEBUG org.asynchttpclient.netty.request.NettyRequestSender - Using open Channel [id: 0xa4ad39d6, L:/127.0.0.1:58557 - R:localhost/127.0.0.1:56257] for POST '/session/f3b8aa96e824ab4a84164638f09cd3d9/element/a532b21b-72d5-48e4-847d-6adee0b7e8f9/clear'
15:02:40.103 [AsyncHttpClient-1-3] DEBUG org.asynchttpclient.netty.handler.HttpHandler - 

Request DefaultHttpRequest(decodeResult: success, version: HTTP/1.1)
POST /session/f3b8aa96e824ab4a84164638f09cd3d9/element/a532b21b-72d5-48e4-847d-6adee0b7e8f9/clear HTTP/1.1
User-Agent: selenium/4.1.2 (java windows)
Content-Length: 50
Content-Type: application/json; charset=utf-8
host: localhost:56257
accept: */*

Response DefaultHttpResponse(decodeResult: success, version: HTTP/1.1)
HTTP/1.1 200 OK
Content-Type: application/json; charset=utf-8
cache-control: no-cache
content-length: 14

15:02:40.104 [AsyncHttpClient-1-3] DEBUG org.asynchttpclient.netty.channel.ChannelManager - Adding key: http://localhost:56257 for channel [id: 0xa4ad39d6, L:/127.0.0.1:58557 - R:localhost/127.0.0.1:56257]
15:02:40.105 [Forwarding sendKeysToElement on session f3b8aa96e824ab4a84164638f09cd3d9 to remote] DEBUG org.asynchttpclient.netty.request.NettyRequestSender - Using pooled Channel '[id: 0xa4ad39d6, L:/127.0.0.1:58557 - R:localhost/127.0.0.1:56257]' for 'POST' to 'http://localhost:56257/session/f3b8aa96e824ab4a84164638f09cd3d9/element/a532b21b-72d5-48e4-847d-6adee0b7e8f9/value'
15:02:40.105 [Forwarding sendKeysToElement on session f3b8aa96e824ab4a84164638f09cd3d9 to remote] DEBUG org.asynchttpclient.netty.request.NettyRequestSender - Using open Channel [id: 0xa4ad39d6, L:/127.0.0.1:58557 - R:localhost/127.0.0.1:56257] for POST '/session/f3b8aa96e824ab4a84164638f09cd3d9/element/a532b21b-72d5-48e4-847d-6adee0b7e8f9/value'
15:02:40.146 [AsyncHttpClient-1-3] DEBUG org.asynchttpclient.netty.handler.HttpHandler - 

Request DefaultHttpRequest(decodeResult: success, version: HTTP/1.1)
POST /session/f3b8aa96e824ab4a84164638f09cd3d9/element/a532b21b-72d5-48e4-847d-6adee0b7e8f9/value HTTP/1.1
User-Agent: selenium/4.1.2 (java windows)
Content-Length: 121
Content-Type: application/json; charset=utf-8
host: localhost:56257
accept: */*

Response DefaultHttpResponse(decodeResult: success, version: HTTP/1.1)
HTTP/1.1 200 OK
Content-Type: application/json; charset=utf-8
cache-control: no-cache
content-length: 14

15:02:40.146 [AsyncHttpClient-1-3] DEBUG org.asynchttpclient.netty.channel.ChannelManager - Adding key: http://localhost:56257 for channel [id: 0xa4ad39d6, L:/127.0.0.1:58557 - R:localhost/127.0.0.1:56257]
  &amp#27;[32mWhen &amp#27;[0m&amp#27;[32mI input invalid username&amp#27;[0m                            &amp#27;[90m# starter.stepdefinitions.LoginStep.iInputInvalidUsername()&amp#27;[0m
15:02:40.150 [Forwarding screenshot on session f3b8aa96e824ab4a84164638f09cd3d9 to remote] DEBUG org.asynchttpclient.netty.request.NettyRequestSender - Using pooled Channel '[id: 0xa4ad39d6, L:/127.0.0.1:58557 - R:localhost/127.0.0.1:56257]' for 'GET' to 'http://localhost:56257/session/f3b8aa96e824ab4a84164638f09cd3d9/screenshot'
15:02:40.150 [Forwarding screenshot on session f3b8aa96e824ab4a84164638f09cd3d9 to remote] DEBUG org.asynchttpclient.netty.request.NettyRequestSender - Using open Channel [id: 0xa4ad39d6, L:/127.0.0.1:58557 - R:localhost/127.0.0.1:56257] for GET '/session/f3b8aa96e824ab4a84164638f09cd3d9/screenshot'
15:02:40.343 [AsyncHttpClient-1-3] DEBUG org.asynchttpclient.netty.handler.HttpHandler - 

Request DefaultFullHttpRequest(decodeResult: success, version: HTTP/1.1, content: EmptyByteBufBE)
GET /session/f3b8aa96e824ab4a84164638f09cd3d9/screenshot HTTP/1.1
User-Agent: selenium/4.1.2 (java windows)
Cache-Control: no-cache
Content-Type: application/json; charset=utf-8
host: localhost:56257
accept: */*

Response DefaultHttpResponse(decodeResult: success, version: HTTP/1.1)
HTTP/1.1 200 OK
Content-Type: application/json; charset=utf-8
cache-control: no-cache
content-length: 394728

15:02:40.344 [AsyncHttpClient-1-3] DEBUG org.asynchttpclient.netty.channel.ChannelManager - Adding key: http://localhost:56257 for channel [id: 0xa4ad39d6, L:/127.0.0.1:58557 - R:localhost/127.0.0.1:56257]
15:02:40.355 [main] DEBUG net.serenitybdd.core.photography.Darkroom - Send negative for processing for target\site\serenity\4fce9ed82a50f77d916f73ad5df364ef53b3ab8f6ab6fc2c35229f02c6c5c51e.png
15:02:40.356 [Darkroom Processing Line] DEBUG net.serenitybdd.core.photography.DarkroomProcessingLine - Processing screenshot image in /var/screenshots/screenshot-9400485974980846456
15:02:40.356 [Darkroom Processing Line] DEBUG net.serenitybdd.core.photography.DarkroomProcessingLine - Saving screenshot to target\site\serenity\4fce9ed82a50f77d916f73ad5df364ef53b3ab8f6ab6fc2c35229f02c6c5c51e.png
15:02:40.364 [Forwarding findElement on session f3b8aa96e824ab4a84164638f09cd3d9 to remote] DEBUG org.asynchttpclient.netty.request.NettyRequestSender - Using pooled Channel '[id: 0xa4ad39d6, L:/127.0.0.1:58557 - R:localhost/127.0.0.1:56257]' for 'POST' to 'http://localhost:56257/session/f3b8aa96e824ab4a84164638f09cd3d9/element'
15:02:40.365 [Forwarding findElement on session f3b8aa96e824ab4a84164638f09cd3d9 to remote] DEBUG org.asynchttpclient.netty.request.NettyRequestSender - Using open Channel [id: 0xa4ad39d6, L:/127.0.0.1:58557 - R:localhost/127.0.0.1:56257] for POST '/session/f3b8aa96e824ab4a84164638f09cd3d9/element'
15:02:40.373 [AsyncHttpClient-1-3] DEBUG org.asynchttpclient.netty.handler.HttpHandler - 

Request DefaultHttpRequest(decodeResult: success, version: HTTP/1.1)
POST /session/f3b8aa96e824ab4a84164638f09cd3d9/element HTTP/1.1
User-Agent: selenium/4.1.2 (java windows)
Content-Length: 53
Content-Type: application/json; charset=utf-8
host: localhost:56257
accept: */*

Response DefaultHttpResponse(decodeResult: success, version: HTTP/1.1)
HTTP/1.1 200 OK
Content-Type: application/json; charset=utf-8
cache-control: no-cache
content-length: 88

15:02:40.373 [AsyncHttpClient-1-3] DEBUG org.asynchttpclient.netty.channel.ChannelManager - Adding key: http://localhost:56257 for channel [id: 0xa4ad39d6, L:/127.0.0.1:58557 - R:localhost/127.0.0.1:56257]
15:02:40.375 [Forwarding clearElement on session f3b8aa96e824ab4a84164638f09cd3d9 to remote] DEBUG org.asynchttpclient.netty.request.NettyRequestSender - Using pooled Channel '[id: 0xa4ad39d6, L:/127.0.0.1:58557 - R:localhost/127.0.0.1:56257]' for 'POST' to 'http://localhost:56257/session/f3b8aa96e824ab4a84164638f09cd3d9/element/e24f30ba-5792-4c0e-ae8d-b052f52fb123/clear'
15:02:40.375 [Forwarding clearElement on session f3b8aa96e824ab4a84164638f09cd3d9 to remote] DEBUG org.asynchttpclient.netty.request.NettyRequestSender - Using open Channel [id: 0xa4ad39d6, L:/127.0.0.1:58557 - R:localhost/127.0.0.1:56257] for POST '/session/f3b8aa96e824ab4a84164638f09cd3d9/element/e24f30ba-5792-4c0e-ae8d-b052f52fb123/clear'
15:02:40.408 [AsyncHttpClient-1-3] DEBUG org.asynchttpclient.netty.handler.HttpHandler - 

Request DefaultHttpRequest(decodeResult: success, version: HTTP/1.1)
POST /session/f3b8aa96e824ab4a84164638f09cd3d9/element/e24f30ba-5792-4c0e-ae8d-b052f52fb123/clear HTTP/1.1
User-Agent: selenium/4.1.2 (java windows)
Content-Length: 50
Content-Type: application/json; charset=utf-8
host: localhost:56257
accept: */*

Response DefaultHttpResponse(decodeResult: success, version: HTTP/1.1)
HTTP/1.1 200 OK
Content-Type: application/json; charset=utf-8
cache-control: no-cache
content-length: 14

15:02:40.408 [AsyncHttpClient-1-3] DEBUG org.asynchttpclient.netty.channel.ChannelManager - Adding key: http://localhost:56257 for channel [id: 0xa4ad39d6, L:/127.0.0.1:58557 - R:localhost/127.0.0.1:56257]
15:02:40.410 [Forwarding sendKeysToElement on session f3b8aa96e824ab4a84164638f09cd3d9 to remote] DEBUG org.asynchttpclient.netty.request.NettyRequestSender - Using pooled Channel '[id: 0xa4ad39d6, L:/127.0.0.1:58557 - R:localhost/127.0.0.1:56257]' for 'POST' to 'http://localhost:56257/session/f3b8aa96e824ab4a84164638f09cd3d9/element/e24f30ba-5792-4c0e-ae8d-b052f52fb123/value'
15:02:40.410 [Forwarding sendKeysToElement on session f3b8aa96e824ab4a84164638f09cd3d9 to remote] DEBUG org.asynchttpclient.netty.request.NettyRequestSender - Using open Channel [id: 0xa4ad39d6, L:/127.0.0.1:58557 - R:localhost/127.0.0.1:56257] for POST '/session/f3b8aa96e824ab4a84164638f09cd3d9/element/e24f30ba-5792-4c0e-ae8d-b052f52fb123/value'
15:02:40.453 [AsyncHttpClient-1-3] DEBUG org.asynchttpclient.netty.handler.HttpHandler - 

Request DefaultHttpRequest(decodeResult: success, version: HTTP/1.1)
POST /session/f3b8aa96e824ab4a84164638f09cd3d9/element/e24f30ba-5792-4c0e-ae8d-b052f52fb123/value HTTP/1.1
User-Agent: selenium/4.1.2 (java windows)
Content-Length: 121
Content-Type: application/json; charset=utf-8
host: localhost:56257
accept: */*

Response DefaultHttpResponse(decodeResult: success, version: HTTP/1.1)
HTTP/1.1 200 OK
Content-Type: application/json; charset=utf-8
cache-control: no-cache
content-length: 14

15:02:40.453 [AsyncHttpClient-1-3] DEBUG org.asynchttpclient.netty.channel.ChannelManager - Adding key: http://localhost:56257 for channel [id: 0xa4ad39d6, L:/127.0.0.1:58557 - R:localhost/127.0.0.1:56257]
  &amp#27;[32mAnd &amp#27;[0m&amp#27;[32mI input invalid password&amp#27;[0m                             &amp#27;[90m# starter.stepdefinitions.LoginStep.iInputInvalidPassword()&amp#27;[0m
15:02:40.458 [Forwarding screenshot on session f3b8aa96e824ab4a84164638f09cd3d9 to remote] DEBUG org.asynchttpclient.netty.request.NettyRequestSender - Using pooled Channel '[id: 0xa4ad39d6, L:/127.0.0.1:58557 - R:localhost/127.0.0.1:56257]' for 'GET' to 'http://localhost:56257/session/f3b8aa96e824ab4a84164638f09cd3d9/screenshot'
15:02:40.458 [Forwarding screenshot on session f3b8aa96e824ab4a84164638f09cd3d9 to remote] DEBUG org.asynchttpclient.netty.request.NettyRequestSender - Using open Channel [id: 0xa4ad39d6, L:/127.0.0.1:58557 - R:localhost/127.0.0.1:56257] for GET '/session/f3b8aa96e824ab4a84164638f09cd3d9/screenshot'
15:02:40.675 [AsyncHttpClient-1-3] DEBUG org.asynchttpclient.netty.handler.HttpHandler - 

Request DefaultFullHttpRequest(decodeResult: success, version: HTTP/1.1, content: EmptyByteBufBE)
GET /session/f3b8aa96e824ab4a84164638f09cd3d9/screenshot HTTP/1.1
User-Agent: selenium/4.1.2 (java windows)
Cache-Control: no-cache
Content-Type: application/json; charset=utf-8
host: localhost:56257
accept: */*

Response DefaultHttpResponse(decodeResult: success, version: HTTP/1.1)
HTTP/1.1 200 OK
Content-Type: application/json; charset=utf-8
cache-control: no-cache
content-length: 396136

15:02:40.675 [AsyncHttpClient-1-3] DEBUG org.asynchttpclient.netty.channel.ChannelManager - Adding key: http://localhost:56257 for channel [id: 0xa4ad39d6, L:/127.0.0.1:58557 - R:localhost/127.0.0.1:56257]
15:02:40.691 [main] DEBUG net.serenitybdd.core.photography.Darkroom - Send negative for processing for target\site\serenity\8dbcfd5c83d141a24645f5df3ffe5274b6e5b92bf7c71ae1ebc82e2b43106f33.png
15:02:40.693 [Darkroom Processing Line] DEBUG net.serenitybdd.core.photography.DarkroomProcessingLine - Processing screenshot image in /var/screenshots/screenshot-1326337163448935567
15:02:40.693 [Darkroom Processing Line] DEBUG net.serenitybdd.core.photography.DarkroomProcessingLine - Saving screenshot to target\site\serenity\8dbcfd5c83d141a24645f5df3ffe5274b6e5b92bf7c71ae1ebc82e2b43106f33.png
15:02:40.701 [Forwarding findElement on session f3b8aa96e824ab4a84164638f09cd3d9 to remote] DEBUG org.asynchttpclient.netty.request.NettyRequestSender - Using pooled Channel '[id: 0xa4ad39d6, L:/127.0.0.1:58557 - R:localhost/127.0.0.1:56257]' for 'POST' to 'http://localhost:56257/session/f3b8aa96e824ab4a84164638f09cd3d9/element'
15:02:40.701 [Forwarding findElement on session f3b8aa96e824ab4a84164638f09cd3d9 to remote] DEBUG org.asynchttpclient.netty.request.NettyRequestSender - Using open Channel [id: 0xa4ad39d6, L:/127.0.0.1:58557 - R:localhost/127.0.0.1:56257] for POST '/session/f3b8aa96e824ab4a84164638f09cd3d9/element'
15:02:40.737 [AsyncHttpClient-1-3] DEBUG org.asynchttpclient.netty.handler.HttpHandler - 

Request DefaultHttpRequest(decodeResult: success, version: HTTP/1.1)
POST /session/f3b8aa96e824ab4a84164638f09cd3d9/element HTTP/1.1
User-Agent: selenium/4.1.2 (java windows)
Content-Length: 50
Content-Type: application/json; charset=utf-8
host: localhost:56257
accept: */*

Response DefaultHttpResponse(decodeResult: success, version: HTTP/1.1)
HTTP/1.1 200 OK
Content-Type: application/json; charset=utf-8
cache-control: no-cache
content-length: 88

15:02:40.737 [AsyncHttpClient-1-3] DEBUG org.asynchttpclient.netty.channel.ChannelManager - Adding key: http://localhost:56257 for channel [id: 0xa4ad39d6, L:/127.0.0.1:58557 - R:localhost/127.0.0.1:56257]
15:02:40.739 [Forwarding getElementTagName on session f3b8aa96e824ab4a84164638f09cd3d9 to remote] DEBUG org.asynchttpclient.netty.request.NettyRequestSender - Using pooled Channel '[id: 0xa4ad39d6, L:/127.0.0.1:58557 - R:localhost/127.0.0.1:56257]' for 'GET' to 'http://localhost:56257/session/f3b8aa96e824ab4a84164638f09cd3d9/element/387ca8c1-de6d-4cb9-bd89-4c95ee63548f/name'
15:02:40.739 [Forwarding getElementTagName on session f3b8aa96e824ab4a84164638f09cd3d9 to remote] DEBUG org.asynchttpclient.netty.request.NettyRequestSender - Using open Channel [id: 0xa4ad39d6, L:/127.0.0.1:58557 - R:localhost/127.0.0.1:56257] for GET '/session/f3b8aa96e824ab4a84164638f09cd3d9/element/387ca8c1-de6d-4cb9-bd89-4c95ee63548f/name'
15:02:40.746 [AsyncHttpClient-1-3] DEBUG org.asynchttpclient.netty.handler.HttpHandler - 

Request DefaultFullHttpRequest(decodeResult: success, version: HTTP/1.1, content: EmptyByteBufBE)
GET /session/f3b8aa96e824ab4a84164638f09cd3d9/element/387ca8c1-de6d-4cb9-bd89-4c95ee63548f/name HTTP/1.1
User-Agent: selenium/4.1.2 (java windows)
Cache-Control: no-cache
Content-Type: application/json; charset=utf-8
host: localhost:56257
accept: */*

Response DefaultHttpResponse(decodeResult: success, version: HTTP/1.1)
HTTP/1.1 200 OK
Content-Type: application/json; charset=utf-8
cache-control: no-cache
content-length: 18

15:02:40.746 [AsyncHttpClient-1-3] DEBUG org.asynchttpclient.netty.channel.ChannelManager - Adding key: http://localhost:56257 for channel [id: 0xa4ad39d6, L:/127.0.0.1:58557 - R:localhost/127.0.0.1:56257]
15:02:40.747 [Forwarding getElementTagName on session f3b8aa96e824ab4a84164638f09cd3d9 to remote] DEBUG org.asynchttpclient.netty.request.NettyRequestSender - Using pooled Channel '[id: 0xa4ad39d6, L:/127.0.0.1:58557 - R:localhost/127.0.0.1:56257]' for 'GET' to 'http://localhost:56257/session/f3b8aa96e824ab4a84164638f09cd3d9/element/387ca8c1-de6d-4cb9-bd89-4c95ee63548f/name'
15:02:40.747 [Forwarding getElementTagName on session f3b8aa96e824ab4a84164638f09cd3d9 to remote] DEBUG org.asynchttpclient.netty.request.NettyRequestSender - Using open Channel [id: 0xa4ad39d6, L:/127.0.0.1:58557 - R:localhost/127.0.0.1:56257] for GET '/session/f3b8aa96e824ab4a84164638f09cd3d9/element/387ca8c1-de6d-4cb9-bd89-4c95ee63548f/name'
15:02:40.751 [AsyncHttpClient-1-3] DEBUG org.asynchttpclient.netty.handler.HttpHandler - 

Request DefaultFullHttpRequest(decodeResult: success, version: HTTP/1.1, content: EmptyByteBufBE)
GET /session/f3b8aa96e824ab4a84164638f09cd3d9/element/387ca8c1-de6d-4cb9-bd89-4c95ee63548f/name HTTP/1.1
User-Agent: selenium/4.1.2 (java windows)
Cache-Control: no-cache
Content-Type: application/json; charset=utf-8
host: localhost:56257
accept: */*

Response DefaultHttpResponse(decodeResult: success, version: HTTP/1.1)
HTTP/1.1 200 OK
Content-Type: application/json; charset=utf-8
cache-control: no-cache
content-length: 18

15:02:40.751 [AsyncHttpClient-1-3] DEBUG org.asynchttpclient.netty.channel.ChannelManager - Adding key: http://localhost:56257 for channel [id: 0xa4ad39d6, L:/127.0.0.1:58557 - R:localhost/127.0.0.1:56257]
15:02:40.753 [Forwarding isElementEnabled on session f3b8aa96e824ab4a84164638f09cd3d9 to remote] DEBUG org.asynchttpclient.netty.request.NettyRequestSender - Using pooled Channel '[id: 0xa4ad39d6, L:/127.0.0.1:58557 - R:localhost/127.0.0.1:56257]' for 'GET' to 'http://localhost:56257/session/f3b8aa96e824ab4a84164638f09cd3d9/element/387ca8c1-de6d-4cb9-bd89-4c95ee63548f/enabled'
15:02:40.753 [Forwarding isElementEnabled on session f3b8aa96e824ab4a84164638f09cd3d9 to remote] DEBUG org.asynchttpclient.netty.request.NettyRequestSender - Using open Channel [id: 0xa4ad39d6, L:/127.0.0.1:58557 - R:localhost/127.0.0.1:56257] for GET '/session/f3b8aa96e824ab4a84164638f09cd3d9/element/387ca8c1-de6d-4cb9-bd89-4c95ee63548f/enabled'
15:02:40.762 [AsyncHttpClient-1-3] DEBUG org.asynchttpclient.netty.handler.HttpHandler - 

Request DefaultFullHttpRequest(decodeResult: success, version: HTTP/1.1, content: EmptyByteBufBE)
GET /session/f3b8aa96e824ab4a84164638f09cd3d9/element/387ca8c1-de6d-4cb9-bd89-4c95ee63548f/enabled HTTP/1.1
User-Agent: selenium/4.1.2 (java windows)
Cache-Control: no-cache
Content-Type: application/json; charset=utf-8
host: localhost:56257
accept: */*

Response DefaultHttpResponse(decodeResult: success, version: HTTP/1.1)
HTTP/1.1 200 OK
Content-Type: application/json; charset=utf-8
cache-control: no-cache
content-length: 14

15:02:40.762 [AsyncHttpClient-1-3] DEBUG org.asynchttpclient.netty.channel.ChannelManager - Adding key: http://localhost:56257 for channel [id: 0xa4ad39d6, L:/127.0.0.1:58557 - R:localhost/127.0.0.1:56257]
15:02:40.763 [Forwarding isElementEnabled on session f3b8aa96e824ab4a84164638f09cd3d9 to remote] DEBUG org.asynchttpclient.netty.request.NettyRequestSender - Using pooled Channel '[id: 0xa4ad39d6, L:/127.0.0.1:58557 - R:localhost/127.0.0.1:56257]' for 'GET' to 'http://localhost:56257/session/f3b8aa96e824ab4a84164638f09cd3d9/element/387ca8c1-de6d-4cb9-bd89-4c95ee63548f/enabled'
15:02:40.763 [Forwarding isElementEnabled on session f3b8aa96e824ab4a84164638f09cd3d9 to remote] DEBUG org.asynchttpclient.netty.request.NettyRequestSender - Using open Channel [id: 0xa4ad39d6, L:/127.0.0.1:58557 - R:localhost/127.0.0.1:56257] for GET '/session/f3b8aa96e824ab4a84164638f09cd3d9/element/387ca8c1-de6d-4cb9-bd89-4c95ee63548f/enabled'
15:02:40.767 [AsyncHttpClient-1-3] DEBUG org.asynchttpclient.netty.handler.HttpHandler - 

Request DefaultFullHttpRequest(decodeResult: success, version: HTTP/1.1, content: EmptyByteBufBE)
GET /session/f3b8aa96e824ab4a84164638f09cd3d9/element/387ca8c1-de6d-4cb9-bd89-4c95ee63548f/enabled HTTP/1.1
User-Agent: selenium/4.1.2 (java windows)
Cache-Control: no-cache
Content-Type: application/json; charset=utf-8
host: localhost:56257
accept: */*

Response DefaultHttpResponse(decodeResult: success, version: HTTP/1.1)
HTTP/1.1 200 OK
Content-Type: application/json; charset=utf-8
cache-control: no-cache
content-length: 14

15:02:40.767 [AsyncHttpClient-1-3] DEBUG org.asynchttpclient.netty.channel.ChannelManager - Adding key: http://localhost:56257 for channel [id: 0xa4ad39d6, L:/127.0.0.1:58557 - R:localhost/127.0.0.1:56257]
15:02:40.768 [Forwarding findElement on session f3b8aa96e824ab4a84164638f09cd3d9 to remote] DEBUG org.asynchttpclient.netty.request.NettyRequestSender - Using pooled Channel '[id: 0xa4ad39d6, L:/127.0.0.1:58557 - R:localhost/127.0.0.1:56257]' for 'POST' to 'http://localhost:56257/session/f3b8aa96e824ab4a84164638f09cd3d9/element'
15:02:40.769 [Forwarding findElement on session f3b8aa96e824ab4a84164638f09cd3d9 to remote] DEBUG org.asynchttpclient.netty.request.NettyRequestSender - Using open Channel [id: 0xa4ad39d6, L:/127.0.0.1:58557 - R:localhost/127.0.0.1:56257] for POST '/session/f3b8aa96e824ab4a84164638f09cd3d9/element'
15:02:40.773 [AsyncHttpClient-1-3] DEBUG org.asynchttpclient.netty.handler.HttpHandler - 

Request DefaultHttpRequest(decodeResult: success, version: HTTP/1.1)
POST /session/f3b8aa96e824ab4a84164638f09cd3d9/element HTTP/1.1
User-Agent: selenium/4.1.2 (java windows)
Content-Length: 50
Content-Type: application/json; charset=utf-8
host: localhost:56257
accept: */*

Response DefaultHttpResponse(decodeResult: success, version: HTTP/1.1)
HTTP/1.1 200 OK
Content-Type: application/json; charset=utf-8
cache-control: no-cache
content-length: 88

15:02:40.773 [AsyncHttpClient-1-3] DEBUG org.asynchttpclient.netty.channel.ChannelManager - Adding key: http://localhost:56257 for channel [id: 0xa4ad39d6, L:/127.0.0.1:58557 - R:localhost/127.0.0.1:56257]
15:02:40.774 [Forwarding clickElement on session f3b8aa96e824ab4a84164638f09cd3d9 to remote] DEBUG org.asynchttpclient.netty.request.NettyRequestSender - Using pooled Channel '[id: 0xa4ad39d6, L:/127.0.0.1:58557 - R:localhost/127.0.0.1:56257]' for 'POST' to 'http://localhost:56257/session/f3b8aa96e824ab4a84164638f09cd3d9/element/387ca8c1-de6d-4cb9-bd89-4c95ee63548f/click'
15:02:40.774 [Forwarding clickElement on session f3b8aa96e824ab4a84164638f09cd3d9 to remote] DEBUG org.asynchttpclient.netty.request.NettyRequestSender - Using open Channel [id: 0xa4ad39d6, L:/127.0.0.1:58557 - R:localhost/127.0.0.1:56257] for POST '/session/f3b8aa96e824ab4a84164638f09cd3d9/element/387ca8c1-de6d-4cb9-bd89-4c95ee63548f/click'
15:02:40.823 [AsyncHttpClient-1-3] DEBUG org.asynchttpclient.netty.handler.HttpHandler - 

Request DefaultHttpRequest(decodeResult: success, version: HTTP/1.1)
POST /session/f3b8aa96e824ab4a84164638f09cd3d9/element/387ca8c1-de6d-4cb9-bd89-4c95ee63548f/click HTTP/1.1
User-Agent: selenium/4.1.2 (java windows)
Content-Length: 50
Content-Type: application/json; charset=utf-8
host: localhost:56257
accept: */*

Response DefaultHttpResponse(decodeResult: success, version: HTTP/1.1)
HTTP/1.1 200 OK
Content-Type: application/json; charset=utf-8
cache-control: no-cache
content-length: 14

15:02:40.823 [AsyncHttpClient-1-3] DEBUG org.asynchttpclient.netty.channel.ChannelManager - Adding key: http://localhost:56257 for channel [id: 0xa4ad39d6, L:/127.0.0.1:58557 - R:localhost/127.0.0.1:56257]
  &amp#27;[32mAnd &amp#27;[0m&amp#27;[32mI click Login button&amp#27;[0m                                 &amp#27;[90m# starter.stepdefinitions.LoginStep.iClickLoginButton()&amp#27;[0m
15:02:40.829 [Forwarding screenshot on session f3b8aa96e824ab4a84164638f09cd3d9 to remote] DEBUG org.asynchttpclient.netty.request.NettyRequestSender - Using pooled Channel '[id: 0xa4ad39d6, L:/127.0.0.1:58557 - R:localhost/127.0.0.1:56257]' for 'GET' to 'http://localhost:56257/session/f3b8aa96e824ab4a84164638f09cd3d9/screenshot'
15:02:40.830 [Forwarding screenshot on session f3b8aa96e824ab4a84164638f09cd3d9 to remote] DEBUG org.asynchttpclient.netty.request.NettyRequestSender - Using open Channel [id: 0xa4ad39d6, L:/127.0.0.1:58557 - R:localhost/127.0.0.1:56257] for GET '/session/f3b8aa96e824ab4a84164638f09cd3d9/screenshot'
15:02:40.980 [AsyncHttpClient-1-1] DEBUG org.asynchttpclient.netty.channel.DefaultChannelPool - Entry count for : http://localhost:58559 : 1
15:02:41.038 [AsyncHttpClient-1-3] DEBUG org.asynchttpclient.netty.handler.HttpHandler - 

Request DefaultFullHttpRequest(decodeResult: success, version: HTTP/1.1, content: EmptyByteBufBE)
GET /session/f3b8aa96e824ab4a84164638f09cd3d9/screenshot HTTP/1.1
User-Agent: selenium/4.1.2 (java windows)
Cache-Control: no-cache
Content-Type: application/json; charset=utf-8
host: localhost:56257
accept: */*

Response DefaultHttpResponse(decodeResult: success, version: HTTP/1.1)
HTTP/1.1 200 OK
Content-Type: application/json; charset=utf-8
cache-control: no-cache
content-length: 275172

15:02:41.039 [AsyncHttpClient-1-3] DEBUG org.asynchttpclient.netty.channel.ChannelManager - Adding key: http://localhost:56257 for channel [id: 0xa4ad39d6, L:/127.0.0.1:58557 - R:localhost/127.0.0.1:56257]
15:02:41.056 [main] DEBUG net.serenitybdd.core.photography.Darkroom - Send negative for processing for target\site\serenity\e09ff4802cdff0155470ad80ac1bb2a13049d29d365eb6dd52c783cb08511679.png
15:02:41.057 [Darkroom Processing Line] DEBUG net.serenitybdd.core.photography.DarkroomProcessingLine - Processing screenshot image in /var/screenshots/screenshot-15064897403551297062
15:02:41.057 [Darkroom Processing Line] DEBUG net.serenitybdd.core.photography.DarkroomProcessingLine - Saving screenshot to target\site\serenity\e09ff4802cdff0155470ad80ac1bb2a13049d29d365eb6dd52c783cb08511679.png
15:02:41.065 [Forwarding findElement on session f3b8aa96e824ab4a84164638f09cd3d9 to remote] DEBUG org.asynchttpclient.netty.request.NettyRequestSender - Using pooled Channel '[id: 0xa4ad39d6, L:/127.0.0.1:58557 - R:localhost/127.0.0.1:56257]' for 'POST' to 'http://localhost:56257/session/f3b8aa96e824ab4a84164638f09cd3d9/element'
15:02:41.065 [Forwarding findElement on session f3b8aa96e824ab4a84164638f09cd3d9 to remote] DEBUG org.asynchttpclient.netty.request.NettyRequestSender - Using open Channel [id: 0xa4ad39d6, L:/127.0.0.1:58557 - R:localhost/127.0.0.1:56257] for POST '/session/f3b8aa96e824ab4a84164638f09cd3d9/element'
15:02:41.274 [AsyncHttpClient-1-3] DEBUG org.asynchttpclient.netty.handler.HttpHandler - 

Request DefaultHttpRequest(decodeResult: success, version: HTTP/1.1)
POST /session/f3b8aa96e824ab4a84164638f09cd3d9/element HTTP/1.1
User-Agent: selenium/4.1.2 (java windows)
Content-Length: 49
Content-Type: application/json; charset=utf-8
host: localhost:56257
accept: */*

Response DefaultHttpResponse(decodeResult: success, version: HTTP/1.1)
HTTP/1.1 200 OK
Content-Type: application/json; charset=utf-8
cache-control: no-cache
content-length: 88

15:02:41.274 [AsyncHttpClient-1-3] DEBUG org.asynchttpclient.netty.channel.ChannelManager - Adding key: http://localhost:56257 for channel [id: 0xa4ad39d6, L:/127.0.0.1:58557 - R:localhost/127.0.0.1:56257]
15:02:41.279 [Forwarding isElementDisplayed on session f3b8aa96e824ab4a84164638f09cd3d9 to remote] DEBUG org.asynchttpclient.netty.request.NettyRequestSender - Using pooled Channel '[id: 0xa4ad39d6, L:/127.0.0.1:58557 - R:localhost/127.0.0.1:56257]' for 'POST' to 'http://localhost:56257/session/f3b8aa96e824ab4a84164638f09cd3d9/execute/sync'
15:02:41.279 [Forwarding isElementDisplayed on session f3b8aa96e824ab4a84164638f09cd3d9 to remote] DEBUG org.asynchttpclient.netty.request.NettyRequestSender - Using open Channel [id: 0xa4ad39d6, L:/127.0.0.1:58557 - R:localhost/127.0.0.1:56257] for POST '/session/f3b8aa96e824ab4a84164638f09cd3d9/execute/sync'
15:02:41.299 [AsyncHttpClient-1-3] DEBUG org.asynchttpclient.netty.handler.HttpHandler - 

Request DefaultHttpRequest(decodeResult: success, version: HTTP/1.1)
POST /session/f3b8aa96e824ab4a84164638f09cd3d9/execute/sync HTTP/1.1
User-Agent: selenium/4.1.2 (java windows)
Content-Length: 48780
Content-Type: application/json; charset=utf-8
host: localhost:56257
accept: */*

Response DefaultHttpResponse(decodeResult: success, version: HTTP/1.1)
HTTP/1.1 200 OK
Content-Type: application/json; charset=utf-8
cache-control: no-cache
content-length: 14

15:02:41.299 [AsyncHttpClient-1-3] DEBUG org.asynchttpclient.netty.channel.ChannelManager - Adding key: http://localhost:56257 for channel [id: 0xa4ad39d6, L:/127.0.0.1:58557 - R:localhost/127.0.0.1:56257]
  &amp#27;[32mThen &amp#27;[0m&amp#27;[32mI will get error message&amp#27;[0m                            &amp#27;[90m# starter.stepdefinitions.LoginStep.iWillGetErrorMessage()&amp#27;[0m
15:02:41.303 [Forwarding screenshot on session f3b8aa96e824ab4a84164638f09cd3d9 to remote] DEBUG org.asynchttpclient.netty.request.NettyRequestSender - Using pooled Channel '[id: 0xa4ad39d6, L:/127.0.0.1:58557 - R:localhost/127.0.0.1:56257]' for 'GET' to 'http://localhost:56257/session/f3b8aa96e824ab4a84164638f09cd3d9/screenshot'
15:02:41.303 [Forwarding screenshot on session f3b8aa96e824ab4a84164638f09cd3d9 to remote] DEBUG org.asynchttpclient.netty.request.NettyRequestSender - Using open Channel [id: 0xa4ad39d6, L:/127.0.0.1:58557 - R:localhost/127.0.0.1:56257] for GET '/session/f3b8aa96e824ab4a84164638f09cd3d9/screenshot'
15:02:41.508 [AsyncHttpClient-1-3] DEBUG org.asynchttpclient.netty.handler.HttpHandler - 

Request DefaultFullHttpRequest(decodeResult: success, version: HTTP/1.1, content: EmptyByteBufBE)
GET /session/f3b8aa96e824ab4a84164638f09cd3d9/screenshot HTTP/1.1
User-Agent: selenium/4.1.2 (java windows)
Cache-Control: no-cache
Content-Type: application/json; charset=utf-8
host: localhost:56257
accept: */*

Response DefaultHttpResponse(decodeResult: success, version: HTTP/1.1)
HTTP/1.1 200 OK
Content-Type: application/json; charset=utf-8
cache-control: no-cache
content-length: 302472

15:02:41.509 [AsyncHttpClient-1-3] DEBUG org.asynchttpclient.netty.channel.ChannelManager - Adding key: http://localhost:56257 for channel [id: 0xa4ad39d6, L:/127.0.0.1:58557 - R:localhost/127.0.0.1:56257]
15:02:41.525 [main] DEBUG net.serenitybdd.core.photography.Darkroom - Send negative for processing for target\site\serenity\ebe2afe54a5afb69b477fd0d1a3c51a9567403c5f6d4eb56823fac53a44a132e.png
15:02:41.528 [main] INFO  - 
  _____   ___   ___   _____     ___     _     ___   ___   ___   ___  
 |_   _| | __| / __| |_   _|   | _ \   /_\   / __| / __| | __| |   \ 
   | |   | _|  \__ \   | |     |  _/  / _ \  \__ \ \__ \ | _|  | |) |
   |_|   |___| |___/   |_|     |_|   /_/ \_\ |___/ |___/ |___| |___/ 

Login with invalid username and invalid password
----------------------------------------------------------------------
15:02:41.530 [AsyncHttpClient-1-5] DEBUG org.asynchttpclient.netty.handler.WebSocketHandler - Channel Closed: [id: 0x4c37075e, L:/127.0.0.1:58566 ! R:localhost/127.0.0.1:58559] with attribute NettyResponseFuture{currentRetry=5,
	isDone=1,
	isCancelled=0,
	asyncHandler=org.asynchttpclient.ws.WebSocketUpgradeHandler@28933348,
	nettyRequest=org.asynchttpclient.netty.request.NettyRequest@7c86f24c,
	future=java.util.concurrent.CompletableFuture@55ba6704[Completed normally],
	uri=ws://localhost:58559/devtools/browser/a3050a75-6e3e-432c-b2ae-226aed25eea5,
	keepAlive=true,
	redirectCount=0,
	timeoutsHolder=null,
	inAuth=0,
	touch=1664956948678}
15:02:41.530 [AsyncHttpClient-1-5] DEBUG org.asynchttpclient.netty.channel.ChannelManager - Closing Channel [id: 0x4c37075e, L:/127.0.0.1:58566 ! R:localhost/127.0.0.1:58559] 
15:02:41.531 [Darkroom Processing Line] DEBUG net.serenitybdd.core.photography.DarkroomProcessingLine - Processing screenshot image in /var/screenshots/screenshot-17744367858427157365
15:02:41.532 [Darkroom Processing Line] DEBUG net.serenitybdd.core.photography.DarkroomProcessingLine - Saving screenshot to target\site\serenity\ebe2afe54a5afb69b477fd0d1a3c51a9567403c5f6d4eb56823fac53a44a132e.png
15:02:41.536 [Driver Command Executor] DEBUG org.asynchttpclient.netty.request.NettyRequestSender - Using pooled Channel '[id: 0xa4ad39d6, L:/127.0.0.1:58557 - R:localhost/127.0.0.1:56257]' for 'DELETE' to 'http://localhost:56257/session/f3b8aa96e824ab4a84164638f09cd3d9'
15:02:41.536 [Driver Command Executor] DEBUG org.asynchttpclient.netty.request.NettyRequestSender - Using open Channel [id: 0xa4ad39d6, L:/127.0.0.1:58557 - R:localhost/127.0.0.1:56257] for DELETE '/session/f3b8aa96e824ab4a84164638f09cd3d9'
15:02:41.669 [AsyncHttpClient-1-4] DEBUG org.asynchttpclient.netty.handler.HttpHandler - Unexpected I/O exception on channel [id: 0x66b92260, L:/127.0.0.1:58565 - R:localhost/127.0.0.1:58559]
java.io.IOException: An existing connection was forcibly closed by the remote host
	at java.base/sun.nio.ch.SocketDispatcher.read0(Native Method)
	at java.base/sun.nio.ch.SocketDispatcher.read(SocketDispatcher.java:43)
	at java.base/sun.nio.ch.IOUtil.readIntoNativeBuffer(IOUtil.java:276)
	at java.base/sun.nio.ch.IOUtil.read(IOUtil.java:233)
	at java.base/sun.nio.ch.IOUtil.read(IOUtil.java:223)
	at java.base/sun.nio.ch.SocketChannelImpl.read(SocketChannelImpl.java:358)
	at io.netty.buffer.PooledByteBuf.setBytes(PooledByteBuf.java:258)
	at io.netty.buffer.AbstractByteBuf.writeBytes(AbstractByteBuf.java:1132)
	at io.netty.channel.socket.nio.NioSocketChannel.doReadBytes(NioSocketChannel.java:350)
	at io.netty.channel.nio.AbstractNioByteChannel$NioByteUnsafe.read(AbstractNioByteChannel.java:151)
	at io.netty.channel.nio.NioEventLoop.processSelectedKey(NioEventLoop.java:722)
	at io.netty.channel.nio.NioEventLoop.processSelectedKeysOptimized(NioEventLoop.java:658)
	at io.netty.channel.nio.NioEventLoop.processSelectedKeys(NioEventLoop.java:584)
	at io.netty.channel.nio.NioEventLoop.run(NioEventLoop.java:496)
	at io.netty.util.concurrent.SingleThreadEventExecutor$4.run(SingleThreadEventExecutor.java:986)
	at io.netty.util.internal.ThreadExecutorMap$2.run(ThreadExecutorMap.java:74)
	at io.netty.util.concurrent.FastThreadLocalRunnable.run(FastThreadLocalRunnable.java:30)
	at java.base/java.lang.Thread.run(Thread.java:834)
15:02:41.670 [AsyncHttpClient-1-4] DEBUG org.asynchttpclient.netty.channel.ChannelManager - Closing Channel [id: 0x66b92260, L:/127.0.0.1:58565 - R:localhost/127.0.0.1:58559] 
15:02:41.670 [AsyncHttpClient-1-4] DEBUG org.asynchttpclient.netty.handler.HttpHandler - Channel Closed: [id: 0x66b92260, L:/127.0.0.1:58565 ! R:localhost/127.0.0.1:58559] with attribute DISCARD
15:02:41.761 [AsyncHttpClient-1-3] DEBUG org.asynchttpclient.netty.handler.HttpHandler - 

Request DefaultFullHttpRequest(decodeResult: success, version: HTTP/1.1, content: EmptyByteBufBE)
DELETE /session/f3b8aa96e824ab4a84164638f09cd3d9 HTTP/1.1
User-Agent: selenium/4.1.2 (java windows)
Content-Type: application/json; charset=utf-8
host: localhost:56257
accept: */*

Response DefaultHttpResponse(decodeResult: success, version: HTTP/1.1)
HTTP/1.1 200 OK
Content-Type: application/json; charset=utf-8
cache-control: no-cache
content-length: 14

15:02:41.761 [AsyncHttpClient-1-3] DEBUG org.asynchttpclient.netty.channel.ChannelManager - Adding key: http://localhost:56257 for channel [id: 0xa4ad39d6, L:/127.0.0.1:58557 - R:localhost/127.0.0.1:56257]
15:02:41.820 [AsyncHttpClient-1-3] DEBUG org.asynchttpclient.netty.handler.HttpHandler - Channel Closed: [id: 0xa4ad39d6, L:/127.0.0.1:58557 ! R:localhost/127.0.0.1:56257] with attribute DISCARD
]]></system-out>
    <system-err><![CDATA[Starting ChromeDriver 105.0.5195.52 (412c95e518836d8a7d97250d62b29c2ae6a26a85-refs/branch-heads/5195@{#853}) on port 56257
Only local connections are allowed.
Please see https://chromedriver.chromium.org/security-considerations for suggestions on keeping ChromeDriver safe.
ChromeDriver was started successfully.
[1664956948.651][WARNING]: This version of ChromeDriver has not been tested with Chrome version 106.
Oct 05, 2022 3:02:28 PM org.openqa.selenium.remote.ProtocolHandshake createSession
INFO: Detected dialect: W3C
Oct 05, 2022 3:02:28 PM org.openqa.selenium.devtools.CdpVersionFinder findNearestMatch
WARNING: Unable to find an exact match for CDP version 106, so returning the closest version found: a no-op implementation
Oct 05, 2022 3:02:28 PM org.openqa.selenium.devtools.CdpVersionFinder findNearestMatch
INFO: Unable to find CDP implementation matching 106.
Oct 05, 2022 3:02:28 PM org.openqa.selenium.chromium.ChromiumDriver lambda$new$3
WARNING: Unable to find version of CDP to use for . You may need to include a dependency on a specific version of the CDP using something similar to `org.seleniumhq.selenium:selenium-devtools-v86:4.1.2` where the version ("v86") matches the version of the chromium-based browser you're using and the version number of the artifact is the same as Selenium's.
]]></system-err>
  </testcase>
  <testcase name="Register account" classname="Login" time="15.259">
    <system-out><![CDATA[
Scenario: Register account        &amp#27;[90m# src/test/resources/features/login.feature:42&amp#27;[0m
15:02:41.929 [main] INFO io.cucumber.core.plugin.SerenityReporter - Running feature from file:///D:/Ra/file%20kuliah/semester%207/resume%20alta/demoqa/src/test/resources/features/login.feature
15:02:41.931 [main] INFO  - 
  _____   ___   ___   _____     ___   _____     _     ___   _____   ___   ___  
 |_   _| | __| / __| |_   _|   / __| |_   _|   /_\   | _ \ |_   _| | __| |   \ 
   | |   | _|  \__ \   | |     \__ \   | |    / _ \  |   /   | |   | _|  | |) |
   |_|   |___| |___/   |_|     |___/   |_|   /_/ \_\ |_|_\   |_|   |___| |___/ 

Register account(login;register-account)
--------------------------------------------------------------------------------
15:02:41.940 [main] INFO net.serenitybdd.core.webdriver.driverproviders.ChromeDriverProvider - Using automatically driver download
15:02:42.018 [main] DEBUG io.github.bonigarcia.wdm.cache.ResolutionCache - Resolution chrome=106 in cache (valid until 15:57:12 05/10/2022 ICT)
15:02:42.021 [main] DEBUG io.github.bonigarcia.wdm.cache.ResolutionCache - Resolution chrome106=106.0.5249.61 in cache (valid until 11:41:12 06/10/2022 ICT)
15:02:42.021 [main] INFO io.github.bonigarcia.wdm.WebDriverManager - Using chromedriver 106.0.5249.61 (resolved driver for Chrome 106)
15:02:42.032 [main] DEBUG io.github.bonigarcia.wdm.WebDriverManager - Driver chromedriver 106.0.5249.61 found in cache
15:02:42.032 [main] INFO io.github.bonigarcia.wdm.WebDriverManager - Exporting webdriver.chrome.driver as C:\Users\rilaa\.cache\selenium\chromedriver\win32\106.0.5249.61\chromedriver.exe
15:02:42.081 [AsyncHttpClient-1-1] DEBUG org.asynchttpclient.netty.channel.DefaultChannelPool - Entry count for : http://localhost:56257 : 1
15:02:42.081 [AsyncHttpClient-1-1] DEBUG org.asynchttpclient.netty.channel.DefaultChannelPool - Entry count for : http://localhost:58559 : 1
15:02:42.081 [AsyncHttpClient-1-1] DEBUG org.asynchttpclient.netty.channel.DefaultChannelPool - Adding Candidate expired Channel [id: 0xa4ad39d6, L:/127.0.0.1:58557 ! R:localhost/127.0.0.1:56257] isIdleTimeoutExpired=false isRemotelyClosed=true isTtlExpired=false
15:02:42.081 [AsyncHttpClient-1-1] DEBUG org.asynchttpclient.netty.channel.DefaultChannelPool - Closing Idle Channel [id: 0xa4ad39d6, L:/127.0.0.1:58557 ! R:localhost/127.0.0.1:56257]
15:02:42.081 [AsyncHttpClient-1-1] DEBUG org.asynchttpclient.netty.channel.DefaultChannelPool - Adding Candidate expired Channel [id: 0x66b92260, L:/127.0.0.1:58565 ! R:localhost/127.0.0.1:58559] isIdleTimeoutExpired=false isRemotelyClosed=true isTtlExpired=false
15:02:42.081 [AsyncHttpClient-1-1] DEBUG org.asynchttpclient.netty.channel.DefaultChannelPool - Closing Idle Channel [id: 0x66b92260, L:/127.0.0.1:58565 ! R:localhost/127.0.0.1:58559]
15:02:42.081 [AsyncHttpClient-1-1] DEBUG org.asynchttpclient.netty.channel.DefaultChannelPool - Closed 2 connections out of 2 in 0 ms
15:02:42.112 [main] DEBUG net.serenitybdd.core.webdriver.driverproviders.ProvideNewDriver - Instantiating driver
15:02:42.112 [main] DEBUG net.serenitybdd.core.webdriver.driverproviders.ProvideNewDriver - Driver capabilities: Capabilities {acceptInsecureCerts: false, base.url: https://demoqa.com/books, browserName: chrome, chrome.driver: src/test/resources/webdrive..., driver: chrome, goog:chromeOptions: {args: [], extensions: []}}
15:02:42.258 [AsyncHttpClient-1-6] DEBUG org.asynchttpclient.netty.channel.NettyConnectListener - Using new Channel '[id: 0x4fcfc272, L:/127.0.0.1:58658 - R:localhost/127.0.0.1:55594]' for 'POST' to '/session'
15:02:43.020 [AsyncHttpClient-1-6] DEBUG org.asynchttpclient.netty.handler.HttpHandler - 

Request DefaultHttpRequest(decodeResult: success, version: HTTP/1.1)
POST /session HTTP/1.1
User-Agent: selenium/4.1.2 (java windows)
Content-Length: 610
Content-Type: application/json; charset=utf-8
host: localhost:55594
accept: */*

Response DefaultHttpResponse(decodeResult: success, version: HTTP/1.1)
HTTP/1.1 200 OK
Content-Type: application/json; charset=utf-8
cache-control: no-cache
content-length: 789

15:02:43.020 [AsyncHttpClient-1-6] DEBUG org.asynchttpclient.netty.channel.ChannelManager - Adding key: http://localhost:55594 for channel [id: 0x4fcfc272, L:/127.0.0.1:58658 - R:localhost/127.0.0.1:55594]
15:02:43.031 [AsyncHttpClient-1-7] DEBUG org.asynchttpclient.netty.channel.NettyConnectListener - Using new Channel '[id: 0x52e000d4, L:/127.0.0.1:58667 - R:localhost/127.0.0.1:58660]' for 'GET' to '/json/version'
15:02:43.032 [AsyncHttpClient-1-7] DEBUG org.asynchttpclient.netty.handler.HttpHandler - 

Request DefaultFullHttpRequest(decodeResult: success, version: HTTP/1.1, content: EmptyByteBufBE)
GET /json/version HTTP/1.1
User-Agent: selenium/4.1.2 (java windows)
host: localhost:58660
accept: */*

Response DefaultHttpResponse(decodeResult: success, version: HTTP/1.1)
HTTP/1.1 200 OK
Content-Type: application/json; charset=UTF-8
content-length: 423

15:02:43.032 [AsyncHttpClient-1-7] DEBUG org.asynchttpclient.netty.channel.ChannelManager - Adding key: http://localhost:58660 for channel [id: 0x52e000d4, L:/127.0.0.1:58667 - R:localhost/127.0.0.1:58660]
15:02:43.035 [AsyncHttpClient-1-8] DEBUG org.asynchttpclient.netty.channel.NettyConnectListener - Using new Channel '[id: 0x9b0e5ea7, L:/127.0.0.1:58668 - R:localhost/127.0.0.1:58660]' for 'GET' to '/devtools/browser/0b11d505-bed0-4e66-882e-cbcac7734644'
15:02:43.036 [AsyncHttpClient-1-8] DEBUG org.asynchttpclient.netty.handler.WebSocketHandler - 

Request DefaultFullHttpRequest(decodeResult: success, version: HTTP/1.1, content: EmptyByteBufBE)
GET /devtools/browser/0b11d505-bed0-4e66-882e-cbcac7734644 HTTP/1.1
upgrade: websocket
connection: upgrade
sec-websocket-key: loIQ2/HSlEpbqMQlkRYtqw==
sec-websocket-version: 13
origin: http://localhost:58660
host: localhost:58660
accept: */*
user-agent: AHC/2.1

Response DefaultHttpResponse(decodeResult: success, version: HTTP/1.1)
HTTP/1.1 101 WebSocket Protocol Handshake
Upgrade: WebSocket
Connection: Upgrade
Sec-WebSocket-Accept: z20S0ct9x5dcyizgtUTS/mQThG0=

15:02:43.041 [Forwarding get on session 903ee795f78c1e1a821990ffafa200aa to remote] DEBUG org.asynchttpclient.netty.request.NettyRequestSender - Using pooled Channel '[id: 0x4fcfc272, L:/127.0.0.1:58658 - R:localhost/127.0.0.1:55594]' for 'POST' to 'http://localhost:55594/session/903ee795f78c1e1a821990ffafa200aa/url'
15:02:43.041 [Forwarding get on session 903ee795f78c1e1a821990ffafa200aa to remote] DEBUG org.asynchttpclient.netty.request.NettyRequestSender - Using open Channel [id: 0x4fcfc272, L:/127.0.0.1:58658 - R:localhost/127.0.0.1:55594] for POST '/session/903ee795f78c1e1a821990ffafa200aa/url'
15:02:43.188 [AsyncHttpClient-1-1] DEBUG org.asynchttpclient.netty.channel.DefaultChannelPool - Entry count for : http://localhost:58660 : 1
15:02:44.280 [AsyncHttpClient-1-1] DEBUG org.asynchttpclient.netty.channel.DefaultChannelPool - Entry count for : http://localhost:58660 : 1
15:02:45.381 [AsyncHttpClient-1-1] DEBUG org.asynchttpclient.netty.channel.DefaultChannelPool - Entry count for : http://localhost:58660 : 1
15:02:46.484 [AsyncHttpClient-1-1] DEBUG org.asynchttpclient.netty.channel.DefaultChannelPool - Entry count for : http://localhost:58660 : 1
15:02:47.580 [AsyncHttpClient-1-1] DEBUG org.asynchttpclient.netty.channel.DefaultChannelPool - Entry count for : http://localhost:58660 : 1
15:02:48.680 [AsyncHttpClient-1-1] DEBUG org.asynchttpclient.netty.channel.DefaultChannelPool - Entry count for : http://localhost:58660 : 1
15:02:49.781 [AsyncHttpClient-1-1] DEBUG org.asynchttpclient.netty.channel.DefaultChannelPool - Entry count for : http://localhost:58660 : 1
15:02:50.882 [AsyncHttpClient-1-1] DEBUG org.asynchttpclient.netty.channel.DefaultChannelPool - Entry count for : http://localhost:58660 : 1
15:02:51.983 [AsyncHttpClient-1-1] DEBUG org.asynchttpclient.netty.channel.DefaultChannelPool - Entry count for : http://localhost:58660 : 1
15:02:53.082 [AsyncHttpClient-1-1] DEBUG org.asynchttpclient.netty.channel.DefaultChannelPool - Entry count for : http://localhost:58660 : 1
15:02:54.181 [AsyncHttpClient-1-1] DEBUG org.asynchttpclient.netty.channel.DefaultChannelPool - Entry count for : http://localhost:58660 : 1
15:02:55.047 [AsyncHttpClient-1-6] DEBUG org.asynchttpclient.netty.handler.HttpHandler - 

Request DefaultHttpRequest(decodeResult: success, version: HTTP/1.1)
POST /session/903ee795f78c1e1a821990ffafa200aa/url HTTP/1.1
User-Agent: selenium/4.1.2 (java windows)
Content-Length: 60
Content-Type: application/json; charset=utf-8
host: localhost:55594
accept: */*

Response DefaultHttpResponse(decodeResult: success, version: HTTP/1.1)
HTTP/1.1 200 OK
Content-Type: application/json; charset=utf-8
cache-control: no-cache
content-length: 14

15:02:55.047 [AsyncHttpClient-1-6] DEBUG org.asynchttpclient.netty.channel.ChannelManager - Adding key: http://localhost:55594 for channel [id: 0x4fcfc272, L:/127.0.0.1:58658 - R:localhost/127.0.0.1:55594]
15:02:55.048 [Forwarding setTimeout on session 903ee795f78c1e1a821990ffafa200aa to remote] DEBUG org.asynchttpclient.netty.request.NettyRequestSender - Using pooled Channel '[id: 0x4fcfc272, L:/127.0.0.1:58658 - R:localhost/127.0.0.1:55594]' for 'POST' to 'http://localhost:55594/session/903ee795f78c1e1a821990ffafa200aa/timeouts'
15:02:55.048 [Forwarding setTimeout on session 903ee795f78c1e1a821990ffafa200aa to remote] DEBUG org.asynchttpclient.netty.request.NettyRequestSender - Using open Channel [id: 0x4fcfc272, L:/127.0.0.1:58658 - R:localhost/127.0.0.1:55594] for POST '/session/903ee795f78c1e1a821990ffafa200aa/timeouts'
15:02:55.049 [AsyncHttpClient-1-6] DEBUG org.asynchttpclient.netty.handler.HttpHandler - 

Request DefaultHttpRequest(decodeResult: success, version: HTTP/1.1)
POST /session/903ee795f78c1e1a821990ffafa200aa/timeouts HTTP/1.1
User-Agent: selenium/4.1.2 (java windows)
Content-Length: 22
Content-Type: application/json; charset=utf-8
host: localhost:55594
accept: */*

Response DefaultHttpResponse(decodeResult: success, version: HTTP/1.1)
HTTP/1.1 200 OK
Content-Type: application/json; charset=utf-8
cache-control: no-cache
content-length: 14

15:02:55.049 [AsyncHttpClient-1-6] DEBUG org.asynchttpclient.netty.channel.ChannelManager - Adding key: http://localhost:55594 for channel [id: 0x4fcfc272, L:/127.0.0.1:58658 - R:localhost/127.0.0.1:55594]
15:02:55.051 [Forwarding getCurrentUrl on session 903ee795f78c1e1a821990ffafa200aa to remote] DEBUG org.asynchttpclient.netty.request.NettyRequestSender - Using pooled Channel '[id: 0x4fcfc272, L:/127.0.0.1:58658 - R:localhost/127.0.0.1:55594]' for 'GET' to 'http://localhost:55594/session/903ee795f78c1e1a821990ffafa200aa/url'
15:02:55.051 [Forwarding getCurrentUrl on session 903ee795f78c1e1a821990ffafa200aa to remote] DEBUG org.asynchttpclient.netty.request.NettyRequestSender - Using open Channel [id: 0x4fcfc272, L:/127.0.0.1:58658 - R:localhost/127.0.0.1:55594] for GET '/session/903ee795f78c1e1a821990ffafa200aa/url'
15:02:55.056 [AsyncHttpClient-1-6] DEBUG org.asynchttpclient.netty.handler.HttpHandler - 

Request DefaultFullHttpRequest(decodeResult: success, version: HTTP/1.1, content: EmptyByteBufBE)
GET /session/903ee795f78c1e1a821990ffafa200aa/url HTTP/1.1
User-Agent: selenium/4.1.2 (java windows)
Cache-Control: no-cache
Content-Type: application/json; charset=utf-8
host: localhost:55594
accept: */*

Response DefaultHttpResponse(decodeResult: success, version: HTTP/1.1)
HTTP/1.1 200 OK
Content-Type: application/json; charset=utf-8
cache-control: no-cache
content-length: 37

15:02:55.056 [AsyncHttpClient-1-6] DEBUG org.asynchttpclient.netty.channel.ChannelManager - Adding key: http://localhost:55594 for channel [id: 0x4fcfc272, L:/127.0.0.1:58658 - R:localhost/127.0.0.1:55594]
  &amp#27;[32mGiven &amp#27;[0m&amp#27;[32mI am on the books page&amp#27;[0m    &amp#27;[90m# starter.stepdefinitions.LoginStep.iAmOnTheBooksPage()&amp#27;[0m
15:02:55.059 [Forwarding screenshot on session 903ee795f78c1e1a821990ffafa200aa to remote] DEBUG org.asynchttpclient.netty.request.NettyRequestSender - Using pooled Channel '[id: 0x4fcfc272, L:/127.0.0.1:58658 - R:localhost/127.0.0.1:55594]' for 'GET' to 'http://localhost:55594/session/903ee795f78c1e1a821990ffafa200aa/screenshot'
15:02:55.059 [Forwarding screenshot on session 903ee795f78c1e1a821990ffafa200aa to remote] DEBUG org.asynchttpclient.netty.request.NettyRequestSender - Using open Channel [id: 0x4fcfc272, L:/127.0.0.1:58658 - R:localhost/127.0.0.1:55594] for GET '/session/903ee795f78c1e1a821990ffafa200aa/screenshot'
15:02:55.280 [AsyncHttpClient-1-1] DEBUG org.asynchttpclient.netty.channel.DefaultChannelPool - Entry count for : http://localhost:58660 : 1
15:02:55.285 [AsyncHttpClient-1-6] DEBUG org.asynchttpclient.netty.handler.HttpHandler - 

Request DefaultFullHttpRequest(decodeResult: success, version: HTTP/1.1, content: EmptyByteBufBE)
GET /session/903ee795f78c1e1a821990ffafa200aa/screenshot HTTP/1.1
User-Agent: selenium/4.1.2 (java windows)
Cache-Control: no-cache
Content-Type: application/json; charset=utf-8
host: localhost:55594
accept: */*

Response DefaultHttpResponse(decodeResult: success, version: HTTP/1.1)
HTTP/1.1 200 OK
Content-Type: application/json; charset=utf-8
cache-control: no-cache
content-length: 566840

15:02:55.286 [AsyncHttpClient-1-6] DEBUG org.asynchttpclient.netty.channel.ChannelManager - Adding key: http://localhost:55594 for channel [id: 0x4fcfc272, L:/127.0.0.1:58658 - R:localhost/127.0.0.1:55594]
15:02:55.302 [main] DEBUG net.serenitybdd.core.photography.Darkroom - Send negative for processing for target\site\serenity\709de645b0afc7de0961117233a1235ca4f473c8cd5360c96f5c1699b91495f6.png
15:02:55.305 [Darkroom Processing Line] DEBUG net.serenitybdd.core.photography.DarkroomProcessingLine - Processing screenshot image in /var/screenshots/screenshot-4473408969658546271
15:02:55.305 [Darkroom Processing Line] DEBUG net.serenitybdd.core.photography.DarkroomProcessingLine - Saving screenshot to target\site\serenity\709de645b0afc7de0961117233a1235ca4f473c8cd5360c96f5c1699b91495f6.png
15:02:55.316 [Forwarding findElement on session 903ee795f78c1e1a821990ffafa200aa to remote] DEBUG org.asynchttpclient.netty.request.NettyRequestSender - Using pooled Channel '[id: 0x4fcfc272, L:/127.0.0.1:58658 - R:localhost/127.0.0.1:55594]' for 'POST' to 'http://localhost:55594/session/903ee795f78c1e1a821990ffafa200aa/element'
15:02:55.316 [Forwarding findElement on session 903ee795f78c1e1a821990ffafa200aa to remote] DEBUG org.asynchttpclient.netty.request.NettyRequestSender - Using open Channel [id: 0x4fcfc272, L:/127.0.0.1:58658 - R:localhost/127.0.0.1:55594] for POST '/session/903ee795f78c1e1a821990ffafa200aa/element'
15:02:55.394 [AsyncHttpClient-1-6] DEBUG org.asynchttpclient.netty.handler.HttpHandler - 

Request DefaultHttpRequest(decodeResult: success, version: HTTP/1.1)
POST /session/903ee795f78c1e1a821990ffafa200aa/element HTTP/1.1
User-Agent: selenium/4.1.2 (java windows)
Content-Length: 50
Content-Type: application/json; charset=utf-8
host: localhost:55594
accept: */*

Response DefaultHttpResponse(decodeResult: success, version: HTTP/1.1)
HTTP/1.1 200 OK
Content-Type: application/json; charset=utf-8
cache-control: no-cache
content-length: 88

15:02:55.394 [AsyncHttpClient-1-6] DEBUG org.asynchttpclient.netty.channel.ChannelManager - Adding key: http://localhost:55594 for channel [id: 0x4fcfc272, L:/127.0.0.1:58658 - R:localhost/127.0.0.1:55594]
15:02:55.395 [Forwarding getElementTagName on session 903ee795f78c1e1a821990ffafa200aa to remote] DEBUG org.asynchttpclient.netty.request.NettyRequestSender - Using pooled Channel '[id: 0x4fcfc272, L:/127.0.0.1:58658 - R:localhost/127.0.0.1:55594]' for 'GET' to 'http://localhost:55594/session/903ee795f78c1e1a821990ffafa200aa/element/1fba1736-69dd-4cee-b8af-101b0b036e71/name'
15:02:55.396 [Forwarding getElementTagName on session 903ee795f78c1e1a821990ffafa200aa to remote] DEBUG org.asynchttpclient.netty.request.NettyRequestSender - Using open Channel [id: 0x4fcfc272, L:/127.0.0.1:58658 - R:localhost/127.0.0.1:55594] for GET '/session/903ee795f78c1e1a821990ffafa200aa/element/1fba1736-69dd-4cee-b8af-101b0b036e71/name'
15:02:55.399 [AsyncHttpClient-1-6] DEBUG org.asynchttpclient.netty.handler.HttpHandler - 

Request DefaultFullHttpRequest(decodeResult: success, version: HTTP/1.1, content: EmptyByteBufBE)
GET /session/903ee795f78c1e1a821990ffafa200aa/element/1fba1736-69dd-4cee-b8af-101b0b036e71/name HTTP/1.1
User-Agent: selenium/4.1.2 (java windows)
Cache-Control: no-cache
Content-Type: application/json; charset=utf-8
host: localhost:55594
accept: */*

Response DefaultHttpResponse(decodeResult: success, version: HTTP/1.1)
HTTP/1.1 200 OK
Content-Type: application/json; charset=utf-8
cache-control: no-cache
content-length: 18

15:02:55.400 [AsyncHttpClient-1-6] DEBUG org.asynchttpclient.netty.channel.ChannelManager - Adding key: http://localhost:55594 for channel [id: 0x4fcfc272, L:/127.0.0.1:58658 - R:localhost/127.0.0.1:55594]
15:02:55.401 [Forwarding getElementTagName on session 903ee795f78c1e1a821990ffafa200aa to remote] DEBUG org.asynchttpclient.netty.request.NettyRequestSender - Using pooled Channel '[id: 0x4fcfc272, L:/127.0.0.1:58658 - R:localhost/127.0.0.1:55594]' for 'GET' to 'http://localhost:55594/session/903ee795f78c1e1a821990ffafa200aa/element/1fba1736-69dd-4cee-b8af-101b0b036e71/name'
15:02:55.401 [Forwarding getElementTagName on session 903ee795f78c1e1a821990ffafa200aa to remote] DEBUG org.asynchttpclient.netty.request.NettyRequestSender - Using open Channel [id: 0x4fcfc272, L:/127.0.0.1:58658 - R:localhost/127.0.0.1:55594] for GET '/session/903ee795f78c1e1a821990ffafa200aa/element/1fba1736-69dd-4cee-b8af-101b0b036e71/name'
15:02:55.405 [AsyncHttpClient-1-6] DEBUG org.asynchttpclient.netty.handler.HttpHandler - 

Request DefaultFullHttpRequest(decodeResult: success, version: HTTP/1.1, content: EmptyByteBufBE)
GET /session/903ee795f78c1e1a821990ffafa200aa/element/1fba1736-69dd-4cee-b8af-101b0b036e71/name HTTP/1.1
User-Agent: selenium/4.1.2 (java windows)
Cache-Control: no-cache
Content-Type: application/json; charset=utf-8
host: localhost:55594
accept: */*

Response DefaultHttpResponse(decodeResult: success, version: HTTP/1.1)
HTTP/1.1 200 OK
Content-Type: application/json; charset=utf-8
cache-control: no-cache
content-length: 18

15:02:55.405 [AsyncHttpClient-1-6] DEBUG org.asynchttpclient.netty.channel.ChannelManager - Adding key: http://localhost:55594 for channel [id: 0x4fcfc272, L:/127.0.0.1:58658 - R:localhost/127.0.0.1:55594]
15:02:55.407 [Forwarding isElementEnabled on session 903ee795f78c1e1a821990ffafa200aa to remote] DEBUG org.asynchttpclient.netty.request.NettyRequestSender - Using pooled Channel '[id: 0x4fcfc272, L:/127.0.0.1:58658 - R:localhost/127.0.0.1:55594]' for 'GET' to 'http://localhost:55594/session/903ee795f78c1e1a821990ffafa200aa/element/1fba1736-69dd-4cee-b8af-101b0b036e71/enabled'
15:02:55.407 [Forwarding isElementEnabled on session 903ee795f78c1e1a821990ffafa200aa to remote] DEBUG org.asynchttpclient.netty.request.NettyRequestSender - Using open Channel [id: 0x4fcfc272, L:/127.0.0.1:58658 - R:localhost/127.0.0.1:55594] for GET '/session/903ee795f78c1e1a821990ffafa200aa/element/1fba1736-69dd-4cee-b8af-101b0b036e71/enabled'
15:02:55.414 [AsyncHttpClient-1-6] DEBUG org.asynchttpclient.netty.handler.HttpHandler - 

Request DefaultFullHttpRequest(decodeResult: success, version: HTTP/1.1, content: EmptyByteBufBE)
GET /session/903ee795f78c1e1a821990ffafa200aa/element/1fba1736-69dd-4cee-b8af-101b0b036e71/enabled HTTP/1.1
User-Agent: selenium/4.1.2 (java windows)
Cache-Control: no-cache
Content-Type: application/json; charset=utf-8
host: localhost:55594
accept: */*

Response DefaultHttpResponse(decodeResult: success, version: HTTP/1.1)
HTTP/1.1 200 OK
Content-Type: application/json; charset=utf-8
cache-control: no-cache
content-length: 14

15:02:55.414 [AsyncHttpClient-1-6] DEBUG org.asynchttpclient.netty.channel.ChannelManager - Adding key: http://localhost:55594 for channel [id: 0x4fcfc272, L:/127.0.0.1:58658 - R:localhost/127.0.0.1:55594]
15:02:55.415 [Forwarding isElementEnabled on session 903ee795f78c1e1a821990ffafa200aa to remote] DEBUG org.asynchttpclient.netty.request.NettyRequestSender - Using pooled Channel '[id: 0x4fcfc272, L:/127.0.0.1:58658 - R:localhost/127.0.0.1:55594]' for 'GET' to 'http://localhost:55594/session/903ee795f78c1e1a821990ffafa200aa/element/1fba1736-69dd-4cee-b8af-101b0b036e71/enabled'
15:02:55.415 [Forwarding isElementEnabled on session 903ee795f78c1e1a821990ffafa200aa to remote] DEBUG org.asynchttpclient.netty.request.NettyRequestSender - Using open Channel [id: 0x4fcfc272, L:/127.0.0.1:58658 - R:localhost/127.0.0.1:55594] for GET '/session/903ee795f78c1e1a821990ffafa200aa/element/1fba1736-69dd-4cee-b8af-101b0b036e71/enabled'
15:02:55.420 [AsyncHttpClient-1-6] DEBUG org.asynchttpclient.netty.handler.HttpHandler - 

Request DefaultFullHttpRequest(decodeResult: success, version: HTTP/1.1, content: EmptyByteBufBE)
GET /session/903ee795f78c1e1a821990ffafa200aa/element/1fba1736-69dd-4cee-b8af-101b0b036e71/enabled HTTP/1.1
User-Agent: selenium/4.1.2 (java windows)
Cache-Control: no-cache
Content-Type: application/json; charset=utf-8
host: localhost:55594
accept: */*

Response DefaultHttpResponse(decodeResult: success, version: HTTP/1.1)
HTTP/1.1 200 OK
Content-Type: application/json; charset=utf-8
cache-control: no-cache
content-length: 14

15:02:55.420 [AsyncHttpClient-1-6] DEBUG org.asynchttpclient.netty.channel.ChannelManager - Adding key: http://localhost:55594 for channel [id: 0x4fcfc272, L:/127.0.0.1:58658 - R:localhost/127.0.0.1:55594]
15:02:55.422 [Forwarding findElement on session 903ee795f78c1e1a821990ffafa200aa to remote] DEBUG org.asynchttpclient.netty.request.NettyRequestSender - Using pooled Channel '[id: 0x4fcfc272, L:/127.0.0.1:58658 - R:localhost/127.0.0.1:55594]' for 'POST' to 'http://localhost:55594/session/903ee795f78c1e1a821990ffafa200aa/element'
15:02:55.422 [Forwarding findElement on session 903ee795f78c1e1a821990ffafa200aa to remote] DEBUG org.asynchttpclient.netty.request.NettyRequestSender - Using open Channel [id: 0x4fcfc272, L:/127.0.0.1:58658 - R:localhost/127.0.0.1:55594] for POST '/session/903ee795f78c1e1a821990ffafa200aa/element'
15:02:55.432 [AsyncHttpClient-1-6] DEBUG org.asynchttpclient.netty.handler.HttpHandler - 

Request DefaultHttpRequest(decodeResult: success, version: HTTP/1.1)
POST /session/903ee795f78c1e1a821990ffafa200aa/element HTTP/1.1
User-Agent: selenium/4.1.2 (java windows)
Content-Length: 50
Content-Type: application/json; charset=utf-8
host: localhost:55594
accept: */*

Response DefaultHttpResponse(decodeResult: success, version: HTTP/1.1)
HTTP/1.1 200 OK
Content-Type: application/json; charset=utf-8
cache-control: no-cache
content-length: 88

15:02:55.432 [AsyncHttpClient-1-6] DEBUG org.asynchttpclient.netty.channel.ChannelManager - Adding key: http://localhost:55594 for channel [id: 0x4fcfc272, L:/127.0.0.1:58658 - R:localhost/127.0.0.1:55594]
15:02:55.433 [Forwarding clickElement on session 903ee795f78c1e1a821990ffafa200aa to remote] DEBUG org.asynchttpclient.netty.request.NettyRequestSender - Using pooled Channel '[id: 0x4fcfc272, L:/127.0.0.1:58658 - R:localhost/127.0.0.1:55594]' for 'POST' to 'http://localhost:55594/session/903ee795f78c1e1a821990ffafa200aa/element/1fba1736-69dd-4cee-b8af-101b0b036e71/click'
15:02:55.433 [Forwarding clickElement on session 903ee795f78c1e1a821990ffafa200aa to remote] DEBUG org.asynchttpclient.netty.request.NettyRequestSender - Using open Channel [id: 0x4fcfc272, L:/127.0.0.1:58658 - R:localhost/127.0.0.1:55594] for POST '/session/903ee795f78c1e1a821990ffafa200aa/element/1fba1736-69dd-4cee-b8af-101b0b036e71/click'
15:02:55.477 [AsyncHttpClient-1-6] DEBUG org.asynchttpclient.netty.handler.HttpHandler - 

Request DefaultHttpRequest(decodeResult: success, version: HTTP/1.1)
POST /session/903ee795f78c1e1a821990ffafa200aa/element/1fba1736-69dd-4cee-b8af-101b0b036e71/click HTTP/1.1
User-Agent: selenium/4.1.2 (java windows)
Content-Length: 50
Content-Type: application/json; charset=utf-8
host: localhost:55594
accept: */*

Response DefaultHttpResponse(decodeResult: success, version: HTTP/1.1)
HTTP/1.1 200 OK
Content-Type: application/json; charset=utf-8
cache-control: no-cache
content-length: 14

15:02:55.477 [AsyncHttpClient-1-6] DEBUG org.asynchttpclient.netty.channel.ChannelManager - Adding key: http://localhost:55594 for channel [id: 0x4fcfc272, L:/127.0.0.1:58658 - R:localhost/127.0.0.1:55594]
  &amp#27;[32mAnd &amp#27;[0m&amp#27;[32mI click Login button&amp#27;[0m        &amp#27;[90m# starter.stepdefinitions.LoginStep.iClickLoginButton()&amp#27;[0m
15:02:55.484 [Forwarding screenshot on session 903ee795f78c1e1a821990ffafa200aa to remote] DEBUG org.asynchttpclient.netty.request.NettyRequestSender - Using pooled Channel '[id: 0x4fcfc272, L:/127.0.0.1:58658 - R:localhost/127.0.0.1:55594]' for 'GET' to 'http://localhost:55594/session/903ee795f78c1e1a821990ffafa200aa/screenshot'
15:02:55.484 [Forwarding screenshot on session 903ee795f78c1e1a821990ffafa200aa to remote] DEBUG org.asynchttpclient.netty.request.NettyRequestSender - Using open Channel [id: 0x4fcfc272, L:/127.0.0.1:58658 - R:localhost/127.0.0.1:55594] for GET '/session/903ee795f78c1e1a821990ffafa200aa/screenshot'
15:02:55.666 [AsyncHttpClient-1-6] DEBUG org.asynchttpclient.netty.handler.HttpHandler - 

Request DefaultFullHttpRequest(decodeResult: success, version: HTTP/1.1, content: EmptyByteBufBE)
GET /session/903ee795f78c1e1a821990ffafa200aa/screenshot HTTP/1.1
User-Agent: selenium/4.1.2 (java windows)
Cache-Control: no-cache
Content-Type: application/json; charset=utf-8
host: localhost:55594
accept: */*

Response DefaultHttpResponse(decodeResult: success, version: HTTP/1.1)
HTTP/1.1 200 OK
Content-Type: application/json; charset=utf-8
cache-control: no-cache
content-length: 528452

15:02:55.667 [AsyncHttpClient-1-6] DEBUG org.asynchttpclient.netty.channel.ChannelManager - Adding key: http://localhost:55594 for channel [id: 0x4fcfc272, L:/127.0.0.1:58658 - R:localhost/127.0.0.1:55594]
15:02:55.679 [main] DEBUG net.serenitybdd.core.photography.Darkroom - Send negative for processing for target\site\serenity\ffde8665fe3d7f2ea7cfe4e20cbe68e4726bda3c3c93019c8b61b044d24f1792.png
15:02:55.679 [Darkroom Processing Line] DEBUG net.serenitybdd.core.photography.DarkroomProcessingLine - Processing screenshot image in /var/screenshots/screenshot-11094132641392076313
15:02:55.680 [Darkroom Processing Line] DEBUG net.serenitybdd.core.photography.DarkroomProcessingLine - Saving screenshot to target\site\serenity\ffde8665fe3d7f2ea7cfe4e20cbe68e4726bda3c3c93019c8b61b044d24f1792.png
15:02:55.685 [Forwarding findElement on session 903ee795f78c1e1a821990ffafa200aa to remote] DEBUG org.asynchttpclient.netty.request.NettyRequestSender - Using pooled Channel '[id: 0x4fcfc272, L:/127.0.0.1:58658 - R:localhost/127.0.0.1:55594]' for 'POST' to 'http://localhost:55594/session/903ee795f78c1e1a821990ffafa200aa/element'
15:02:55.685 [Forwarding findElement on session 903ee795f78c1e1a821990ffafa200aa to remote] DEBUG org.asynchttpclient.netty.request.NettyRequestSender - Using open Channel [id: 0x4fcfc272, L:/127.0.0.1:58658 - R:localhost/127.0.0.1:55594] for POST '/session/903ee795f78c1e1a821990ffafa200aa/element'
15:02:55.695 [AsyncHttpClient-1-6] DEBUG org.asynchttpclient.netty.handler.HttpHandler - 

Request DefaultHttpRequest(decodeResult: success, version: HTTP/1.1)
POST /session/903ee795f78c1e1a821990ffafa200aa/element HTTP/1.1
User-Agent: selenium/4.1.2 (java windows)
Content-Length: 51
Content-Type: application/json; charset=utf-8
host: localhost:55594
accept: */*

Response DefaultHttpResponse(decodeResult: success, version: HTTP/1.1)
HTTP/1.1 200 OK
Content-Type: application/json; charset=utf-8
cache-control: no-cache
content-length: 88

15:02:55.695 [AsyncHttpClient-1-6] DEBUG org.asynchttpclient.netty.channel.ChannelManager - Adding key: http://localhost:55594 for channel [id: 0x4fcfc272, L:/127.0.0.1:58658 - R:localhost/127.0.0.1:55594]
15:02:55.698 [Forwarding isElementDisplayed on session 903ee795f78c1e1a821990ffafa200aa to remote] DEBUG org.asynchttpclient.netty.request.NettyRequestSender - Using pooled Channel '[id: 0x4fcfc272, L:/127.0.0.1:58658 - R:localhost/127.0.0.1:55594]' for 'POST' to 'http://localhost:55594/session/903ee795f78c1e1a821990ffafa200aa/execute/sync'
15:02:55.698 [Forwarding isElementDisplayed on session 903ee795f78c1e1a821990ffafa200aa to remote] DEBUG org.asynchttpclient.netty.request.NettyRequestSender - Using open Channel [id: 0x4fcfc272, L:/127.0.0.1:58658 - R:localhost/127.0.0.1:55594] for POST '/session/903ee795f78c1e1a821990ffafa200aa/execute/sync'
15:02:55.709 [AsyncHttpClient-1-6] DEBUG org.asynchttpclient.netty.handler.HttpHandler - 

Request DefaultHttpRequest(decodeResult: success, version: HTTP/1.1)
POST /session/903ee795f78c1e1a821990ffafa200aa/execute/sync HTTP/1.1
User-Agent: selenium/4.1.2 (java windows)
Content-Length: 48780
Content-Type: application/json; charset=utf-8
host: localhost:55594
accept: */*

Response DefaultHttpResponse(decodeResult: success, version: HTTP/1.1)
HTTP/1.1 200 OK
Content-Type: application/json; charset=utf-8
cache-control: no-cache
content-length: 14

15:02:55.709 [AsyncHttpClient-1-6] DEBUG org.asynchttpclient.netty.channel.ChannelManager - Adding key: http://localhost:55594 for channel [id: 0x4fcfc272, L:/127.0.0.1:58658 - R:localhost/127.0.0.1:55594]
15:02:55.718 [Forwarding findElement on session 903ee795f78c1e1a821990ffafa200aa to remote] DEBUG org.asynchttpclient.netty.request.NettyRequestSender - Using pooled Channel '[id: 0x4fcfc272, L:/127.0.0.1:58658 - R:localhost/127.0.0.1:55594]' for 'POST' to 'http://localhost:55594/session/903ee795f78c1e1a821990ffafa200aa/element'
15:02:55.718 [Forwarding findElement on session 903ee795f78c1e1a821990ffafa200aa to remote] DEBUG org.asynchttpclient.netty.request.NettyRequestSender - Using open Channel [id: 0x4fcfc272, L:/127.0.0.1:58658 - R:localhost/127.0.0.1:55594] for POST '/session/903ee795f78c1e1a821990ffafa200aa/element'
15:02:55.726 [AsyncHttpClient-1-6] DEBUG org.asynchttpclient.netty.handler.HttpHandler - 

Request DefaultHttpRequest(decodeResult: success, version: HTTP/1.1)
POST /session/903ee795f78c1e1a821990ffafa200aa/element HTTP/1.1
User-Agent: selenium/4.1.2 (java windows)
Content-Length: 53
Content-Type: application/json; charset=utf-8
host: localhost:55594
accept: */*

Response DefaultHttpResponse(decodeResult: success, version: HTTP/1.1)
HTTP/1.1 200 OK
Content-Type: application/json; charset=utf-8
cache-control: no-cache
content-length: 88

15:02:55.726 [AsyncHttpClient-1-6] DEBUG org.asynchttpclient.netty.channel.ChannelManager - Adding key: http://localhost:55594 for channel [id: 0x4fcfc272, L:/127.0.0.1:58658 - R:localhost/127.0.0.1:55594]
15:02:55.727 [Forwarding sendKeysToElement on session 903ee795f78c1e1a821990ffafa200aa to remote] DEBUG org.asynchttpclient.netty.request.NettyRequestSender - Using pooled Channel '[id: 0x4fcfc272, L:/127.0.0.1:58658 - R:localhost/127.0.0.1:55594]' for 'POST' to 'http://localhost:55594/session/903ee795f78c1e1a821990ffafa200aa/element/16953e72-c19b-4899-9c2c-dfda73019ef2/value'
15:02:55.727 [Forwarding sendKeysToElement on session 903ee795f78c1e1a821990ffafa200aa to remote] DEBUG org.asynchttpclient.netty.request.NettyRequestSender - Using open Channel [id: 0x4fcfc272, L:/127.0.0.1:58658 - R:localhost/127.0.0.1:55594] for POST '/session/903ee795f78c1e1a821990ffafa200aa/element/16953e72-c19b-4899-9c2c-dfda73019ef2/value'
15:02:55.754 [AsyncHttpClient-1-6] DEBUG org.asynchttpclient.netty.handler.HttpHandler - 

Request DefaultHttpRequest(decodeResult: success, version: HTTP/1.1)
POST /session/903ee795f78c1e1a821990ffafa200aa/element/16953e72-c19b-4899-9c2c-dfda73019ef2/value HTTP/1.1
User-Agent: selenium/4.1.2 (java windows)
Content-Length: 95
Content-Type: application/json; charset=utf-8
host: localhost:55594
accept: */*

Response DefaultHttpResponse(decodeResult: success, version: HTTP/1.1)
HTTP/1.1 200 OK
Content-Type: application/json; charset=utf-8
cache-control: no-cache
content-length: 14

15:02:55.755 [AsyncHttpClient-1-6] DEBUG org.asynchttpclient.netty.channel.ChannelManager - Adding key: http://localhost:55594 for channel [id: 0x4fcfc272, L:/127.0.0.1:58658 - R:localhost/127.0.0.1:55594]
  &amp#27;[32mAnd &amp#27;[0m&amp#27;[32mI will go to login page&amp#27;[0m     &amp#27;[90m# starter.stepdefinitions.LoginStep.iWillGoToLoginPage()&amp#27;[0m
15:02:55.757 [Forwarding screenshot on session 903ee795f78c1e1a821990ffafa200aa to remote] DEBUG org.asynchttpclient.netty.request.NettyRequestSender - Using pooled Channel '[id: 0x4fcfc272, L:/127.0.0.1:58658 - R:localhost/127.0.0.1:55594]' for 'GET' to 'http://localhost:55594/session/903ee795f78c1e1a821990ffafa200aa/screenshot'
15:02:55.757 [Forwarding screenshot on session 903ee795f78c1e1a821990ffafa200aa to remote] DEBUG org.asynchttpclient.netty.request.NettyRequestSender - Using open Channel [id: 0x4fcfc272, L:/127.0.0.1:58658 - R:localhost/127.0.0.1:55594] for GET '/session/903ee795f78c1e1a821990ffafa200aa/screenshot'
15:02:55.949 [AsyncHttpClient-1-6] DEBUG org.asynchttpclient.netty.handler.HttpHandler - 

Request DefaultFullHttpRequest(decodeResult: success, version: HTTP/1.1, content: EmptyByteBufBE)
GET /session/903ee795f78c1e1a821990ffafa200aa/screenshot HTTP/1.1
User-Agent: selenium/4.1.2 (java windows)
Cache-Control: no-cache
Content-Type: application/json; charset=utf-8
host: localhost:55594
accept: */*

Response DefaultHttpResponse(decodeResult: success, version: HTTP/1.1)
HTTP/1.1 200 OK
Content-Type: application/json; charset=utf-8
cache-control: no-cache
content-length: 509440

15:02:55.950 [AsyncHttpClient-1-6] DEBUG org.asynchttpclient.netty.channel.ChannelManager - Adding key: http://localhost:55594 for channel [id: 0x4fcfc272, L:/127.0.0.1:58658 - R:localhost/127.0.0.1:55594]
15:02:55.962 [main] DEBUG net.serenitybdd.core.photography.Darkroom - Send negative for processing for target\site\serenity\086ae0b607c06e9f114b7e7a99d36299e68b24e6bd09a377fb509934194b3299.png
15:02:55.963 [Darkroom Processing Line] DEBUG net.serenitybdd.core.photography.DarkroomProcessingLine - Processing screenshot image in /var/screenshots/screenshot-2658153978650047253
15:02:55.963 [Darkroom Processing Line] DEBUG net.serenitybdd.core.photography.DarkroomProcessingLine - Saving screenshot to target\site\serenity\086ae0b607c06e9f114b7e7a99d36299e68b24e6bd09a377fb509934194b3299.png
15:02:55.969 [Forwarding findElement on session 903ee795f78c1e1a821990ffafa200aa to remote] DEBUG org.asynchttpclient.netty.request.NettyRequestSender - Using pooled Channel '[id: 0x4fcfc272, L:/127.0.0.1:58658 - R:localhost/127.0.0.1:55594]' for 'POST' to 'http://localhost:55594/session/903ee795f78c1e1a821990ffafa200aa/element'
15:02:55.969 [Forwarding findElement on session 903ee795f78c1e1a821990ffafa200aa to remote] DEBUG org.asynchttpclient.netty.request.NettyRequestSender - Using open Channel [id: 0x4fcfc272, L:/127.0.0.1:58658 - R:localhost/127.0.0.1:55594] for POST '/session/903ee795f78c1e1a821990ffafa200aa/element'
15:02:55.977 [AsyncHttpClient-1-6] DEBUG org.asynchttpclient.netty.handler.HttpHandler - 

Request DefaultHttpRequest(decodeResult: success, version: HTTP/1.1)
POST /session/903ee795f78c1e1a821990ffafa200aa/element HTTP/1.1
User-Agent: selenium/4.1.2 (java windows)
Content-Length: 50
Content-Type: application/json; charset=utf-8
host: localhost:55594
accept: */*

Response DefaultHttpResponse(decodeResult: success, version: HTTP/1.1)
HTTP/1.1 200 OK
Content-Type: application/json; charset=utf-8
cache-control: no-cache
content-length: 88

15:02:55.978 [AsyncHttpClient-1-6] DEBUG org.asynchttpclient.netty.channel.ChannelManager - Adding key: http://localhost:55594 for channel [id: 0x4fcfc272, L:/127.0.0.1:58658 - R:localhost/127.0.0.1:55594]
15:02:55.980 [Forwarding getElementTagName on session 903ee795f78c1e1a821990ffafa200aa to remote] DEBUG org.asynchttpclient.netty.request.NettyRequestSender - Using pooled Channel '[id: 0x4fcfc272, L:/127.0.0.1:58658 - R:localhost/127.0.0.1:55594]' for 'GET' to 'http://localhost:55594/session/903ee795f78c1e1a821990ffafa200aa/element/c50bf9b8-5b12-456b-a13a-c197934b2fd0/name'
15:02:55.980 [Forwarding getElementTagName on session 903ee795f78c1e1a821990ffafa200aa to remote] DEBUG org.asynchttpclient.netty.request.NettyRequestSender - Using open Channel [id: 0x4fcfc272, L:/127.0.0.1:58658 - R:localhost/127.0.0.1:55594] for GET '/session/903ee795f78c1e1a821990ffafa200aa/element/c50bf9b8-5b12-456b-a13a-c197934b2fd0/name'
15:02:55.983 [AsyncHttpClient-1-6] DEBUG org.asynchttpclient.netty.handler.HttpHandler - 

Request DefaultFullHttpRequest(decodeResult: success, version: HTTP/1.1, content: EmptyByteBufBE)
GET /session/903ee795f78c1e1a821990ffafa200aa/element/c50bf9b8-5b12-456b-a13a-c197934b2fd0/name HTTP/1.1
User-Agent: selenium/4.1.2 (java windows)
Cache-Control: no-cache
Content-Type: application/json; charset=utf-8
host: localhost:55594
accept: */*

Response DefaultHttpResponse(decodeResult: success, version: HTTP/1.1)
HTTP/1.1 200 OK
Content-Type: application/json; charset=utf-8
cache-control: no-cache
content-length: 18

15:02:55.983 [AsyncHttpClient-1-6] DEBUG org.asynchttpclient.netty.channel.ChannelManager - Adding key: http://localhost:55594 for channel [id: 0x4fcfc272, L:/127.0.0.1:58658 - R:localhost/127.0.0.1:55594]
15:02:55.984 [Forwarding getElementTagName on session 903ee795f78c1e1a821990ffafa200aa to remote] DEBUG org.asynchttpclient.netty.request.NettyRequestSender - Using pooled Channel '[id: 0x4fcfc272, L:/127.0.0.1:58658 - R:localhost/127.0.0.1:55594]' for 'GET' to 'http://localhost:55594/session/903ee795f78c1e1a821990ffafa200aa/element/c50bf9b8-5b12-456b-a13a-c197934b2fd0/name'
15:02:55.984 [Forwarding getElementTagName on session 903ee795f78c1e1a821990ffafa200aa to remote] DEBUG org.asynchttpclient.netty.request.NettyRequestSender - Using open Channel [id: 0x4fcfc272, L:/127.0.0.1:58658 - R:localhost/127.0.0.1:55594] for GET '/session/903ee795f78c1e1a821990ffafa200aa/element/c50bf9b8-5b12-456b-a13a-c197934b2fd0/name'
15:02:55.987 [AsyncHttpClient-1-6] DEBUG org.asynchttpclient.netty.handler.HttpHandler - 

Request DefaultFullHttpRequest(decodeResult: success, version: HTTP/1.1, content: EmptyByteBufBE)
GET /session/903ee795f78c1e1a821990ffafa200aa/element/c50bf9b8-5b12-456b-a13a-c197934b2fd0/name HTTP/1.1
User-Agent: selenium/4.1.2 (java windows)
Cache-Control: no-cache
Content-Type: application/json; charset=utf-8
host: localhost:55594
accept: */*

Response DefaultHttpResponse(decodeResult: success, version: HTTP/1.1)
HTTP/1.1 200 OK
Content-Type: application/json; charset=utf-8
cache-control: no-cache
content-length: 18

15:02:55.987 [AsyncHttpClient-1-6] DEBUG org.asynchttpclient.netty.channel.ChannelManager - Adding key: http://localhost:55594 for channel [id: 0x4fcfc272, L:/127.0.0.1:58658 - R:localhost/127.0.0.1:55594]
15:02:55.988 [Forwarding isElementEnabled on session 903ee795f78c1e1a821990ffafa200aa to remote] DEBUG org.asynchttpclient.netty.request.NettyRequestSender - Using pooled Channel '[id: 0x4fcfc272, L:/127.0.0.1:58658 - R:localhost/127.0.0.1:55594]' for 'GET' to 'http://localhost:55594/session/903ee795f78c1e1a821990ffafa200aa/element/c50bf9b8-5b12-456b-a13a-c197934b2fd0/enabled'
15:02:55.988 [Forwarding isElementEnabled on session 903ee795f78c1e1a821990ffafa200aa to remote] DEBUG org.asynchttpclient.netty.request.NettyRequestSender - Using open Channel [id: 0x4fcfc272, L:/127.0.0.1:58658 - R:localhost/127.0.0.1:55594] for GET '/session/903ee795f78c1e1a821990ffafa200aa/element/c50bf9b8-5b12-456b-a13a-c197934b2fd0/enabled'
15:02:56.002 [AsyncHttpClient-1-6] DEBUG org.asynchttpclient.netty.handler.HttpHandler - 

Request DefaultFullHttpRequest(decodeResult: success, version: HTTP/1.1, content: EmptyByteBufBE)
GET /session/903ee795f78c1e1a821990ffafa200aa/element/c50bf9b8-5b12-456b-a13a-c197934b2fd0/enabled HTTP/1.1
User-Agent: selenium/4.1.2 (java windows)
Cache-Control: no-cache
Content-Type: application/json; charset=utf-8
host: localhost:55594
accept: */*

Response DefaultHttpResponse(decodeResult: success, version: HTTP/1.1)
HTTP/1.1 200 OK
Content-Type: application/json; charset=utf-8
cache-control: no-cache
content-length: 14

15:02:56.002 [AsyncHttpClient-1-6] DEBUG org.asynchttpclient.netty.channel.ChannelManager - Adding key: http://localhost:55594 for channel [id: 0x4fcfc272, L:/127.0.0.1:58658 - R:localhost/127.0.0.1:55594]
15:02:56.005 [Forwarding isElementEnabled on session 903ee795f78c1e1a821990ffafa200aa to remote] DEBUG org.asynchttpclient.netty.request.NettyRequestSender - Using pooled Channel '[id: 0x4fcfc272, L:/127.0.0.1:58658 - R:localhost/127.0.0.1:55594]' for 'GET' to 'http://localhost:55594/session/903ee795f78c1e1a821990ffafa200aa/element/c50bf9b8-5b12-456b-a13a-c197934b2fd0/enabled'
15:02:56.005 [Forwarding isElementEnabled on session 903ee795f78c1e1a821990ffafa200aa to remote] DEBUG org.asynchttpclient.netty.request.NettyRequestSender - Using open Channel [id: 0x4fcfc272, L:/127.0.0.1:58658 - R:localhost/127.0.0.1:55594] for GET '/session/903ee795f78c1e1a821990ffafa200aa/element/c50bf9b8-5b12-456b-a13a-c197934b2fd0/enabled'
15:02:56.011 [AsyncHttpClient-1-6] DEBUG org.asynchttpclient.netty.handler.HttpHandler - 

Request DefaultFullHttpRequest(decodeResult: success, version: HTTP/1.1, content: EmptyByteBufBE)
GET /session/903ee795f78c1e1a821990ffafa200aa/element/c50bf9b8-5b12-456b-a13a-c197934b2fd0/enabled HTTP/1.1
User-Agent: selenium/4.1.2 (java windows)
Cache-Control: no-cache
Content-Type: application/json; charset=utf-8
host: localhost:55594
accept: */*

Response DefaultHttpResponse(decodeResult: success, version: HTTP/1.1)
HTTP/1.1 200 OK
Content-Type: application/json; charset=utf-8
cache-control: no-cache
content-length: 14

15:02:56.011 [AsyncHttpClient-1-6] DEBUG org.asynchttpclient.netty.channel.ChannelManager - Adding key: http://localhost:55594 for channel [id: 0x4fcfc272, L:/127.0.0.1:58658 - R:localhost/127.0.0.1:55594]
15:02:56.013 [Forwarding findElement on session 903ee795f78c1e1a821990ffafa200aa to remote] DEBUG org.asynchttpclient.netty.request.NettyRequestSender - Using pooled Channel '[id: 0x4fcfc272, L:/127.0.0.1:58658 - R:localhost/127.0.0.1:55594]' for 'POST' to 'http://localhost:55594/session/903ee795f78c1e1a821990ffafa200aa/element'
15:02:56.013 [Forwarding findElement on session 903ee795f78c1e1a821990ffafa200aa to remote] DEBUG org.asynchttpclient.netty.request.NettyRequestSender - Using open Channel [id: 0x4fcfc272, L:/127.0.0.1:58658 - R:localhost/127.0.0.1:55594] for POST '/session/903ee795f78c1e1a821990ffafa200aa/element'
15:02:56.020 [AsyncHttpClient-1-6] DEBUG org.asynchttpclient.netty.handler.HttpHandler - 

Request DefaultHttpRequest(decodeResult: success, version: HTTP/1.1)
POST /session/903ee795f78c1e1a821990ffafa200aa/element HTTP/1.1
User-Agent: selenium/4.1.2 (java windows)
Content-Length: 50
Content-Type: application/json; charset=utf-8
host: localhost:55594
accept: */*

Response DefaultHttpResponse(decodeResult: success, version: HTTP/1.1)
HTTP/1.1 200 OK
Content-Type: application/json; charset=utf-8
cache-control: no-cache
content-length: 88

15:02:56.020 [AsyncHttpClient-1-6] DEBUG org.asynchttpclient.netty.channel.ChannelManager - Adding key: http://localhost:55594 for channel [id: 0x4fcfc272, L:/127.0.0.1:58658 - R:localhost/127.0.0.1:55594]
15:02:56.021 [Forwarding clickElement on session 903ee795f78c1e1a821990ffafa200aa to remote] DEBUG org.asynchttpclient.netty.request.NettyRequestSender - Using pooled Channel '[id: 0x4fcfc272, L:/127.0.0.1:58658 - R:localhost/127.0.0.1:55594]' for 'POST' to 'http://localhost:55594/session/903ee795f78c1e1a821990ffafa200aa/element/c50bf9b8-5b12-456b-a13a-c197934b2fd0/click'
15:02:56.021 [Forwarding clickElement on session 903ee795f78c1e1a821990ffafa200aa to remote] DEBUG org.asynchttpclient.netty.request.NettyRequestSender - Using open Channel [id: 0x4fcfc272, L:/127.0.0.1:58658 - R:localhost/127.0.0.1:55594] for POST '/session/903ee795f78c1e1a821990ffafa200aa/element/c50bf9b8-5b12-456b-a13a-c197934b2fd0/click'
15:02:56.050 [AsyncHttpClient-1-6] DEBUG org.asynchttpclient.netty.handler.HttpHandler - 

Request DefaultHttpRequest(decodeResult: success, version: HTTP/1.1)
POST /session/903ee795f78c1e1a821990ffafa200aa/element/c50bf9b8-5b12-456b-a13a-c197934b2fd0/click HTTP/1.1
User-Agent: selenium/4.1.2 (java windows)
Content-Length: 50
Content-Type: application/json; charset=utf-8
host: localhost:55594
accept: */*

Response DefaultHttpResponse(decodeResult: success, version: HTTP/1.1)
HTTP/1.1 200 OK
Content-Type: application/json; charset=utf-8
cache-control: no-cache
content-length: 14

15:02:56.050 [AsyncHttpClient-1-6] DEBUG org.asynchttpclient.netty.channel.ChannelManager - Adding key: http://localhost:55594 for channel [id: 0x4fcfc272, L:/127.0.0.1:58658 - R:localhost/127.0.0.1:55594]
  &amp#27;[32mAnd &amp#27;[0m&amp#27;[32mI click Login button&amp#27;[0m        &amp#27;[90m# starter.stepdefinitions.LoginStep.iClickLoginButton()&amp#27;[0m
15:02:56.054 [Forwarding screenshot on session 903ee795f78c1e1a821990ffafa200aa to remote] DEBUG org.asynchttpclient.netty.request.NettyRequestSender - Using pooled Channel '[id: 0x4fcfc272, L:/127.0.0.1:58658 - R:localhost/127.0.0.1:55594]' for 'GET' to 'http://localhost:55594/session/903ee795f78c1e1a821990ffafa200aa/screenshot'
15:02:56.054 [Forwarding screenshot on session 903ee795f78c1e1a821990ffafa200aa to remote] DEBUG org.asynchttpclient.netty.request.NettyRequestSender - Using open Channel [id: 0x4fcfc272, L:/127.0.0.1:58658 - R:localhost/127.0.0.1:55594] for GET '/session/903ee795f78c1e1a821990ffafa200aa/screenshot'
15:02:56.220 [AsyncHttpClient-1-6] DEBUG org.asynchttpclient.netty.handler.HttpHandler - 

Request DefaultFullHttpRequest(decodeResult: success, version: HTTP/1.1, content: EmptyByteBufBE)
GET /session/903ee795f78c1e1a821990ffafa200aa/screenshot HTTP/1.1
User-Agent: selenium/4.1.2 (java windows)
Cache-Control: no-cache
Content-Type: application/json; charset=utf-8
host: localhost:55594
accept: */*

Response DefaultHttpResponse(decodeResult: success, version: HTTP/1.1)
HTTP/1.1 200 OK
Content-Type: application/json; charset=utf-8
cache-control: no-cache
content-length: 471568

15:02:56.221 [AsyncHttpClient-1-6] DEBUG org.asynchttpclient.netty.channel.ChannelManager - Adding key: http://localhost:55594 for channel [id: 0x4fcfc272, L:/127.0.0.1:58658 - R:localhost/127.0.0.1:55594]
15:02:56.234 [main] DEBUG net.serenitybdd.core.photography.Darkroom - Send negative for processing for target\site\serenity\c79251eb13b86306299f94db19fbc8ea6285ac59bef98486bfc9bf38ef89db3f.png
15:02:56.235 [Darkroom Processing Line] DEBUG net.serenitybdd.core.photography.DarkroomProcessingLine - Processing screenshot image in /var/screenshots/screenshot-12449487709220502879
15:02:56.235 [Darkroom Processing Line] DEBUG net.serenitybdd.core.photography.DarkroomProcessingLine - Saving screenshot to target\site\serenity\c79251eb13b86306299f94db19fbc8ea6285ac59bef98486bfc9bf38ef89db3f.png
15:02:56.241 [Forwarding findElement on session 903ee795f78c1e1a821990ffafa200aa to remote] DEBUG org.asynchttpclient.netty.request.NettyRequestSender - Using pooled Channel '[id: 0x4fcfc272, L:/127.0.0.1:58658 - R:localhost/127.0.0.1:55594]' for 'POST' to 'http://localhost:55594/session/903ee795f78c1e1a821990ffafa200aa/element'
15:02:56.241 [Forwarding findElement on session 903ee795f78c1e1a821990ffafa200aa to remote] DEBUG org.asynchttpclient.netty.request.NettyRequestSender - Using open Channel [id: 0x4fcfc272, L:/127.0.0.1:58658 - R:localhost/127.0.0.1:55594] for POST '/session/903ee795f78c1e1a821990ffafa200aa/element'
15:02:56.250 [AsyncHttpClient-1-6] DEBUG org.asynchttpclient.netty.handler.HttpHandler - 

Request DefaultHttpRequest(decodeResult: success, version: HTTP/1.1)
POST /session/903ee795f78c1e1a821990ffafa200aa/element HTTP/1.1
User-Agent: selenium/4.1.2 (java windows)
Content-Length: 52
Content-Type: application/json; charset=utf-8
host: localhost:55594
accept: */*

Response DefaultHttpResponse(decodeResult: success, version: HTTP/1.1)
HTTP/1.1 200 OK
Content-Type: application/json; charset=utf-8
cache-control: no-cache
content-length: 88

15:02:56.250 [AsyncHttpClient-1-6] DEBUG org.asynchttpclient.netty.channel.ChannelManager - Adding key: http://localhost:55594 for channel [id: 0x4fcfc272, L:/127.0.0.1:58658 - R:localhost/127.0.0.1:55594]
15:02:56.251 [Forwarding getElementTagName on session 903ee795f78c1e1a821990ffafa200aa to remote] DEBUG org.asynchttpclient.netty.request.NettyRequestSender - Using pooled Channel '[id: 0x4fcfc272, L:/127.0.0.1:58658 - R:localhost/127.0.0.1:55594]' for 'GET' to 'http://localhost:55594/session/903ee795f78c1e1a821990ffafa200aa/element/96f6e0c2-52ea-415d-9180-37b08f38ab1e/name'
15:02:56.251 [Forwarding getElementTagName on session 903ee795f78c1e1a821990ffafa200aa to remote] DEBUG org.asynchttpclient.netty.request.NettyRequestSender - Using open Channel [id: 0x4fcfc272, L:/127.0.0.1:58658 - R:localhost/127.0.0.1:55594] for GET '/session/903ee795f78c1e1a821990ffafa200aa/element/96f6e0c2-52ea-415d-9180-37b08f38ab1e/name'
15:02:56.254 [AsyncHttpClient-1-6] DEBUG org.asynchttpclient.netty.handler.HttpHandler - 

Request DefaultFullHttpRequest(decodeResult: success, version: HTTP/1.1, content: EmptyByteBufBE)
GET /session/903ee795f78c1e1a821990ffafa200aa/element/96f6e0c2-52ea-415d-9180-37b08f38ab1e/name HTTP/1.1
User-Agent: selenium/4.1.2 (java windows)
Cache-Control: no-cache
Content-Type: application/json; charset=utf-8
host: localhost:55594
accept: */*

Response DefaultHttpResponse(decodeResult: success, version: HTTP/1.1)
HTTP/1.1 200 OK
Content-Type: application/json; charset=utf-8
cache-control: no-cache
content-length: 18

15:02:56.254 [AsyncHttpClient-1-6] DEBUG org.asynchttpclient.netty.channel.ChannelManager - Adding key: http://localhost:55594 for channel [id: 0x4fcfc272, L:/127.0.0.1:58658 - R:localhost/127.0.0.1:55594]
15:02:56.255 [Forwarding getElementTagName on session 903ee795f78c1e1a821990ffafa200aa to remote] DEBUG org.asynchttpclient.netty.request.NettyRequestSender - Using pooled Channel '[id: 0x4fcfc272, L:/127.0.0.1:58658 - R:localhost/127.0.0.1:55594]' for 'GET' to 'http://localhost:55594/session/903ee795f78c1e1a821990ffafa200aa/element/96f6e0c2-52ea-415d-9180-37b08f38ab1e/name'
15:02:56.255 [Forwarding getElementTagName on session 903ee795f78c1e1a821990ffafa200aa to remote] DEBUG org.asynchttpclient.netty.request.NettyRequestSender - Using open Channel [id: 0x4fcfc272, L:/127.0.0.1:58658 - R:localhost/127.0.0.1:55594] for GET '/session/903ee795f78c1e1a821990ffafa200aa/element/96f6e0c2-52ea-415d-9180-37b08f38ab1e/name'
15:02:56.257 [AsyncHttpClient-1-6] DEBUG org.asynchttpclient.netty.handler.HttpHandler - 

Request DefaultFullHttpRequest(decodeResult: success, version: HTTP/1.1, content: EmptyByteBufBE)
GET /session/903ee795f78c1e1a821990ffafa200aa/element/96f6e0c2-52ea-415d-9180-37b08f38ab1e/name HTTP/1.1
User-Agent: selenium/4.1.2 (java windows)
Cache-Control: no-cache
Content-Type: application/json; charset=utf-8
host: localhost:55594
accept: */*

Response DefaultHttpResponse(decodeResult: success, version: HTTP/1.1)
HTTP/1.1 200 OK
Content-Type: application/json; charset=utf-8
cache-control: no-cache
content-length: 18

15:02:56.257 [AsyncHttpClient-1-6] DEBUG org.asynchttpclient.netty.channel.ChannelManager - Adding key: http://localhost:55594 for channel [id: 0x4fcfc272, L:/127.0.0.1:58658 - R:localhost/127.0.0.1:55594]
15:02:56.258 [Forwarding isElementEnabled on session 903ee795f78c1e1a821990ffafa200aa to remote] DEBUG org.asynchttpclient.netty.request.NettyRequestSender - Using pooled Channel '[id: 0x4fcfc272, L:/127.0.0.1:58658 - R:localhost/127.0.0.1:55594]' for 'GET' to 'http://localhost:55594/session/903ee795f78c1e1a821990ffafa200aa/element/96f6e0c2-52ea-415d-9180-37b08f38ab1e/enabled'
15:02:56.259 [Forwarding isElementEnabled on session 903ee795f78c1e1a821990ffafa200aa to remote] DEBUG org.asynchttpclient.netty.request.NettyRequestSender - Using open Channel [id: 0x4fcfc272, L:/127.0.0.1:58658 - R:localhost/127.0.0.1:55594] for GET '/session/903ee795f78c1e1a821990ffafa200aa/element/96f6e0c2-52ea-415d-9180-37b08f38ab1e/enabled'
15:02:56.265 [AsyncHttpClient-1-6] DEBUG org.asynchttpclient.netty.handler.HttpHandler - 

Request DefaultFullHttpRequest(decodeResult: success, version: HTTP/1.1, content: EmptyByteBufBE)
GET /session/903ee795f78c1e1a821990ffafa200aa/element/96f6e0c2-52ea-415d-9180-37b08f38ab1e/enabled HTTP/1.1
User-Agent: selenium/4.1.2 (java windows)
Cache-Control: no-cache
Content-Type: application/json; charset=utf-8
host: localhost:55594
accept: */*

Response DefaultHttpResponse(decodeResult: success, version: HTTP/1.1)
HTTP/1.1 200 OK
Content-Type: application/json; charset=utf-8
cache-control: no-cache
content-length: 14

15:02:56.265 [AsyncHttpClient-1-6] DEBUG org.asynchttpclient.netty.channel.ChannelManager - Adding key: http://localhost:55594 for channel [id: 0x4fcfc272, L:/127.0.0.1:58658 - R:localhost/127.0.0.1:55594]
15:02:56.273 [Forwarding isElementEnabled on session 903ee795f78c1e1a821990ffafa200aa to remote] DEBUG org.asynchttpclient.netty.request.NettyRequestSender - Using pooled Channel '[id: 0x4fcfc272, L:/127.0.0.1:58658 - R:localhost/127.0.0.1:55594]' for 'GET' to 'http://localhost:55594/session/903ee795f78c1e1a821990ffafa200aa/element/96f6e0c2-52ea-415d-9180-37b08f38ab1e/enabled'
15:02:56.273 [Forwarding isElementEnabled on session 903ee795f78c1e1a821990ffafa200aa to remote] DEBUG org.asynchttpclient.netty.request.NettyRequestSender - Using open Channel [id: 0x4fcfc272, L:/127.0.0.1:58658 - R:localhost/127.0.0.1:55594] for GET '/session/903ee795f78c1e1a821990ffafa200aa/element/96f6e0c2-52ea-415d-9180-37b08f38ab1e/enabled'
15:02:56.278 [AsyncHttpClient-1-6] DEBUG org.asynchttpclient.netty.handler.HttpHandler - 

Request DefaultFullHttpRequest(decodeResult: success, version: HTTP/1.1, content: EmptyByteBufBE)
GET /session/903ee795f78c1e1a821990ffafa200aa/element/96f6e0c2-52ea-415d-9180-37b08f38ab1e/enabled HTTP/1.1
User-Agent: selenium/4.1.2 (java windows)
Cache-Control: no-cache
Content-Type: application/json; charset=utf-8
host: localhost:55594
accept: */*

Response DefaultHttpResponse(decodeResult: success, version: HTTP/1.1)
HTTP/1.1 200 OK
Content-Type: application/json; charset=utf-8
cache-control: no-cache
content-length: 14

15:02:56.278 [AsyncHttpClient-1-6] DEBUG org.asynchttpclient.netty.channel.ChannelManager - Adding key: http://localhost:55594 for channel [id: 0x4fcfc272, L:/127.0.0.1:58658 - R:localhost/127.0.0.1:55594]
15:02:56.279 [Forwarding findElement on session 903ee795f78c1e1a821990ffafa200aa to remote] DEBUG org.asynchttpclient.netty.request.NettyRequestSender - Using pooled Channel '[id: 0x4fcfc272, L:/127.0.0.1:58658 - R:localhost/127.0.0.1:55594]' for 'POST' to 'http://localhost:55594/session/903ee795f78c1e1a821990ffafa200aa/element'
15:02:56.280 [Forwarding findElement on session 903ee795f78c1e1a821990ffafa200aa to remote] DEBUG org.asynchttpclient.netty.request.NettyRequestSender - Using open Channel [id: 0x4fcfc272, L:/127.0.0.1:58658 - R:localhost/127.0.0.1:55594] for POST '/session/903ee795f78c1e1a821990ffafa200aa/element'
15:02:56.284 [AsyncHttpClient-1-6] DEBUG org.asynchttpclient.netty.handler.HttpHandler - 

Request DefaultHttpRequest(decodeResult: success, version: HTTP/1.1)
POST /session/903ee795f78c1e1a821990ffafa200aa/element HTTP/1.1
User-Agent: selenium/4.1.2 (java windows)
Content-Length: 52
Content-Type: application/json; charset=utf-8
host: localhost:55594
accept: */*

Response DefaultHttpResponse(decodeResult: success, version: HTTP/1.1)
HTTP/1.1 200 OK
Content-Type: application/json; charset=utf-8
cache-control: no-cache
content-length: 88

15:02:56.284 [AsyncHttpClient-1-6] DEBUG org.asynchttpclient.netty.channel.ChannelManager - Adding key: http://localhost:55594 for channel [id: 0x4fcfc272, L:/127.0.0.1:58658 - R:localhost/127.0.0.1:55594]
15:02:56.285 [Forwarding clickElement on session 903ee795f78c1e1a821990ffafa200aa to remote] DEBUG org.asynchttpclient.netty.request.NettyRequestSender - Using pooled Channel '[id: 0x4fcfc272, L:/127.0.0.1:58658 - R:localhost/127.0.0.1:55594]' for 'POST' to 'http://localhost:55594/session/903ee795f78c1e1a821990ffafa200aa/element/96f6e0c2-52ea-415d-9180-37b08f38ab1e/click'
15:02:56.285 [Forwarding clickElement on session 903ee795f78c1e1a821990ffafa200aa to remote] DEBUG org.asynchttpclient.netty.request.NettyRequestSender - Using open Channel [id: 0x4fcfc272, L:/127.0.0.1:58658 - R:localhost/127.0.0.1:55594] for POST '/session/903ee795f78c1e1a821990ffafa200aa/element/96f6e0c2-52ea-415d-9180-37b08f38ab1e/click'
15:02:56.352 [AsyncHttpClient-1-6] DEBUG org.asynchttpclient.netty.handler.HttpHandler - 

Request DefaultHttpRequest(decodeResult: success, version: HTTP/1.1)
POST /session/903ee795f78c1e1a821990ffafa200aa/element/96f6e0c2-52ea-415d-9180-37b08f38ab1e/click HTTP/1.1
User-Agent: selenium/4.1.2 (java windows)
Content-Length: 50
Content-Type: application/json; charset=utf-8
host: localhost:55594
accept: */*

Response DefaultHttpResponse(decodeResult: success, version: HTTP/1.1)
HTTP/1.1 200 OK
Content-Type: application/json; charset=utf-8
cache-control: no-cache
content-length: 14

15:02:56.352 [AsyncHttpClient-1-6] DEBUG org.asynchttpclient.netty.channel.ChannelManager - Adding key: http://localhost:55594 for channel [id: 0x4fcfc272, L:/127.0.0.1:58658 - R:localhost/127.0.0.1:55594]
  &amp#27;[32mWhen &amp#27;[0m&amp#27;[32mI click new user button&amp#27;[0m    &amp#27;[90m# starter.stepdefinitions.LoginStep.iClickNewUserButton()&amp#27;[0m
15:02:56.358 [Forwarding screenshot on session 903ee795f78c1e1a821990ffafa200aa to remote] DEBUG org.asynchttpclient.netty.request.NettyRequestSender - Using pooled Channel '[id: 0x4fcfc272, L:/127.0.0.1:58658 - R:localhost/127.0.0.1:55594]' for 'GET' to 'http://localhost:55594/session/903ee795f78c1e1a821990ffafa200aa/screenshot'
15:02:56.358 [Forwarding screenshot on session 903ee795f78c1e1a821990ffafa200aa to remote] DEBUG org.asynchttpclient.netty.request.NettyRequestSender - Using open Channel [id: 0x4fcfc272, L:/127.0.0.1:58658 - R:localhost/127.0.0.1:55594] for GET '/session/903ee795f78c1e1a821990ffafa200aa/screenshot'
15:02:56.383 [AsyncHttpClient-1-1] DEBUG org.asynchttpclient.netty.channel.DefaultChannelPool - Entry count for : http://localhost:58660 : 1
15:02:56.583 [AsyncHttpClient-1-6] DEBUG org.asynchttpclient.netty.handler.HttpHandler - 

Request DefaultFullHttpRequest(decodeResult: success, version: HTTP/1.1, content: EmptyByteBufBE)
GET /session/903ee795f78c1e1a821990ffafa200aa/screenshot HTTP/1.1
User-Agent: selenium/4.1.2 (java windows)
Cache-Control: no-cache
Content-Type: application/json; charset=utf-8
host: localhost:55594
accept: */*

Response DefaultHttpResponse(decodeResult: success, version: HTTP/1.1)
HTTP/1.1 200 OK
Content-Type: application/json; charset=utf-8
cache-control: no-cache
content-length: 480528

15:02:56.584 [AsyncHttpClient-1-6] DEBUG org.asynchttpclient.netty.channel.ChannelManager - Adding key: http://localhost:55594 for channel [id: 0x4fcfc272, L:/127.0.0.1:58658 - R:localhost/127.0.0.1:55594]
15:02:56.593 [main] DEBUG net.serenitybdd.core.photography.Darkroom - Send negative for processing for target\site\serenity\62550b27db9a17d175800dee3059b4f7c993c959ec504f98deedb9be5ad1d121.png
15:02:56.593 [Darkroom Processing Line] DEBUG net.serenitybdd.core.photography.DarkroomProcessingLine - Processing screenshot image in /var/screenshots/screenshot-3131857370203357663
15:02:56.593 [Darkroom Processing Line] DEBUG net.serenitybdd.core.photography.DarkroomProcessingLine - Saving screenshot to target\site\serenity\62550b27db9a17d175800dee3059b4f7c993c959ec504f98deedb9be5ad1d121.png
15:02:56.600 [Forwarding findElement on session 903ee795f78c1e1a821990ffafa200aa to remote] DEBUG org.asynchttpclient.netty.request.NettyRequestSender - Using pooled Channel '[id: 0x4fcfc272, L:/127.0.0.1:58658 - R:localhost/127.0.0.1:55594]' for 'POST' to 'http://localhost:55594/session/903ee795f78c1e1a821990ffafa200aa/element'
15:02:56.600 [Forwarding findElement on session 903ee795f78c1e1a821990ffafa200aa to remote] DEBUG org.asynchttpclient.netty.request.NettyRequestSender - Using open Channel [id: 0x4fcfc272, L:/127.0.0.1:58658 - R:localhost/127.0.0.1:55594] for POST '/session/903ee795f78c1e1a821990ffafa200aa/element'
15:02:56.611 [AsyncHttpClient-1-6] DEBUG org.asynchttpclient.netty.handler.HttpHandler - 

Request DefaultHttpRequest(decodeResult: success, version: HTTP/1.1)
POST /session/903ee795f78c1e1a821990ffafa200aa/element HTTP/1.1
User-Agent: selenium/4.1.2 (java windows)
Content-Length: 51
Content-Type: application/json; charset=utf-8
host: localhost:55594
accept: */*

Response DefaultHttpResponse(decodeResult: success, version: HTTP/1.1)
HTTP/1.1 200 OK
Content-Type: application/json; charset=utf-8
cache-control: no-cache
content-length: 88

15:02:56.611 [AsyncHttpClient-1-6] DEBUG org.asynchttpclient.netty.channel.ChannelManager - Adding key: http://localhost:55594 for channel [id: 0x4fcfc272, L:/127.0.0.1:58658 - R:localhost/127.0.0.1:55594]
15:02:56.615 [Forwarding isElementDisplayed on session 903ee795f78c1e1a821990ffafa200aa to remote] DEBUG org.asynchttpclient.netty.request.NettyRequestSender - Using pooled Channel '[id: 0x4fcfc272, L:/127.0.0.1:58658 - R:localhost/127.0.0.1:55594]' for 'POST' to 'http://localhost:55594/session/903ee795f78c1e1a821990ffafa200aa/execute/sync'
15:02:56.615 [Forwarding isElementDisplayed on session 903ee795f78c1e1a821990ffafa200aa to remote] DEBUG org.asynchttpclient.netty.request.NettyRequestSender - Using open Channel [id: 0x4fcfc272, L:/127.0.0.1:58658 - R:localhost/127.0.0.1:55594] for POST '/session/903ee795f78c1e1a821990ffafa200aa/execute/sync'
15:02:56.631 [AsyncHttpClient-1-6] DEBUG org.asynchttpclient.netty.handler.HttpHandler - 

Request DefaultHttpRequest(decodeResult: success, version: HTTP/1.1)
POST /session/903ee795f78c1e1a821990ffafa200aa/execute/sync HTTP/1.1
User-Agent: selenium/4.1.2 (java windows)
Content-Length: 48780
Content-Type: application/json; charset=utf-8
host: localhost:55594
accept: */*

Response DefaultHttpResponse(decodeResult: success, version: HTTP/1.1)
HTTP/1.1 200 OK
Content-Type: application/json; charset=utf-8
cache-control: no-cache
content-length: 14

15:02:56.631 [AsyncHttpClient-1-6] DEBUG org.asynchttpclient.netty.channel.ChannelManager - Adding key: http://localhost:55594 for channel [id: 0x4fcfc272, L:/127.0.0.1:58658 - R:localhost/127.0.0.1:55594]
  &amp#27;[32mThen &amp#27;[0m&amp#27;[32mI will go to register page&amp#27;[0m &amp#27;[90m# starter.stepdefinitions.LoginStep.iWillGoToRegisterPage()&amp#27;[0m
15:02:56.644 [Forwarding screenshot on session 903ee795f78c1e1a821990ffafa200aa to remote] DEBUG org.asynchttpclient.netty.request.NettyRequestSender - Using pooled Channel '[id: 0x4fcfc272, L:/127.0.0.1:58658 - R:localhost/127.0.0.1:55594]' for 'GET' to 'http://localhost:55594/session/903ee795f78c1e1a821990ffafa200aa/screenshot'
15:02:56.645 [Forwarding screenshot on session 903ee795f78c1e1a821990ffafa200aa to remote] DEBUG org.asynchttpclient.netty.request.NettyRequestSender - Using open Channel [id: 0x4fcfc272, L:/127.0.0.1:58658 - R:localhost/127.0.0.1:55594] for GET '/session/903ee795f78c1e1a821990ffafa200aa/screenshot'
15:02:56.899 [AsyncHttpClient-1-6] DEBUG org.asynchttpclient.netty.handler.HttpHandler - 

Request DefaultFullHttpRequest(decodeResult: success, version: HTTP/1.1, content: EmptyByteBufBE)
GET /session/903ee795f78c1e1a821990ffafa200aa/screenshot HTTP/1.1
User-Agent: selenium/4.1.2 (java windows)
Cache-Control: no-cache
Content-Type: application/json; charset=utf-8
host: localhost:55594
accept: */*

Response DefaultHttpResponse(decodeResult: success, version: HTTP/1.1)
HTTP/1.1 200 OK
Content-Type: application/json; charset=utf-8
cache-control: no-cache
content-length: 533492

15:02:56.900 [AsyncHttpClient-1-6] DEBUG org.asynchttpclient.netty.channel.ChannelManager - Adding key: http://localhost:55594 for channel [id: 0x4fcfc272, L:/127.0.0.1:58658 - R:localhost/127.0.0.1:55594]
15:02:56.913 [main] DEBUG net.serenitybdd.core.photography.Darkroom - Send negative for processing for target\site\serenity\dba33ffa22bd183726d67e493573dae7835d7b08d4962a36b1c0f5e6cf20fc40.png
15:02:56.913 [Darkroom Processing Line] DEBUG net.serenitybdd.core.photography.DarkroomProcessingLine - Processing screenshot image in /var/screenshots/screenshot-14246503157914998247
15:02:56.913 [Darkroom Processing Line] DEBUG net.serenitybdd.core.photography.DarkroomProcessingLine - Saving screenshot to target\site\serenity\dba33ffa22bd183726d67e493573dae7835d7b08d4962a36b1c0f5e6cf20fc40.png
15:02:56.914 [main] INFO  - 
  _____   ___   ___   _____     ___     _     ___   ___   ___   ___  
 |_   _| | __| / __| |_   _|   | _ \   /_\   / __| / __| | __| |   \ 
   | |   | _|  \__ \   | |     |  _/  / _ \  \__ \ \__ \ | _|  | |) |
   |_|   |___| |___/   |_|     |_|   /_/ \_\ |___/ |___/ |___| |___/ 

Register account
----------------------------------------------------------------------
15:02:56.915 [AsyncHttpClient-1-8] DEBUG org.asynchttpclient.netty.handler.WebSocketHandler - Channel Closed: [id: 0x9b0e5ea7, L:/127.0.0.1:58668 ! R:localhost/127.0.0.1:58660] with attribute NettyResponseFuture{currentRetry=5,
	isDone=1,
	isCancelled=0,
	asyncHandler=org.asynchttpclient.ws.WebSocketUpgradeHandler@4acb2d07,
	nettyRequest=org.asynchttpclient.netty.request.NettyRequest@1293f4fd,
	future=java.util.concurrent.CompletableFuture@32c8d584[Completed normally],
	uri=ws://localhost:58660/devtools/browser/0b11d505-bed0-4e66-882e-cbcac7734644,
	keepAlive=true,
	redirectCount=0,
	timeoutsHolder=null,
	inAuth=0,
	touch=1664956963037}
15:02:56.915 [AsyncHttpClient-1-8] DEBUG org.asynchttpclient.netty.channel.ChannelManager - Closing Channel [id: 0x9b0e5ea7, L:/127.0.0.1:58668 ! R:localhost/127.0.0.1:58660] 
15:02:56.916 [Driver Command Executor] DEBUG org.asynchttpclient.netty.request.NettyRequestSender - Using pooled Channel '[id: 0x4fcfc272, L:/127.0.0.1:58658 - R:localhost/127.0.0.1:55594]' for 'DELETE' to 'http://localhost:55594/session/903ee795f78c1e1a821990ffafa200aa'
15:02:56.916 [Driver Command Executor] DEBUG org.asynchttpclient.netty.request.NettyRequestSender - Using open Channel [id: 0x4fcfc272, L:/127.0.0.1:58658 - R:localhost/127.0.0.1:55594] for DELETE '/session/903ee795f78c1e1a821990ffafa200aa'
15:02:57.015 [AsyncHttpClient-1-7] DEBUG org.asynchttpclient.netty.handler.HttpHandler - Unexpected I/O exception on channel [id: 0x52e000d4, L:/127.0.0.1:58667 - R:localhost/127.0.0.1:58660]
java.io.IOException: An existing connection was forcibly closed by the remote host
	at java.base/sun.nio.ch.SocketDispatcher.read0(Native Method)
	at java.base/sun.nio.ch.SocketDispatcher.read(SocketDispatcher.java:43)
	at java.base/sun.nio.ch.IOUtil.readIntoNativeBuffer(IOUtil.java:276)
	at java.base/sun.nio.ch.IOUtil.read(IOUtil.java:233)
	at java.base/sun.nio.ch.IOUtil.read(IOUtil.java:223)
	at java.base/sun.nio.ch.SocketChannelImpl.read(SocketChannelImpl.java:358)
	at io.netty.buffer.PooledByteBuf.setBytes(PooledByteBuf.java:258)
	at io.netty.buffer.AbstractByteBuf.writeBytes(AbstractByteBuf.java:1132)
	at io.netty.channel.socket.nio.NioSocketChannel.doReadBytes(NioSocketChannel.java:350)
	at io.netty.channel.nio.AbstractNioByteChannel$NioByteUnsafe.read(AbstractNioByteChannel.java:151)
	at io.netty.channel.nio.NioEventLoop.processSelectedKey(NioEventLoop.java:722)
	at io.netty.channel.nio.NioEventLoop.processSelectedKeysOptimized(NioEventLoop.java:658)
	at io.netty.channel.nio.NioEventLoop.processSelectedKeys(NioEventLoop.java:584)
	at io.netty.channel.nio.NioEventLoop.run(NioEventLoop.java:496)
	at io.netty.util.concurrent.SingleThreadEventExecutor$4.run(SingleThreadEventExecutor.java:986)
	at io.netty.util.internal.ThreadExecutorMap$2.run(ThreadExecutorMap.java:74)
	at io.netty.util.concurrent.FastThreadLocalRunnable.run(FastThreadLocalRunnable.java:30)
	at java.base/java.lang.Thread.run(Thread.java:834)
15:02:57.015 [AsyncHttpClient-1-7] DEBUG org.asynchttpclient.netty.channel.ChannelManager - Closing Channel [id: 0x52e000d4, L:/127.0.0.1:58667 - R:localhost/127.0.0.1:58660] 
15:02:57.016 [AsyncHttpClient-1-7] DEBUG org.asynchttpclient.netty.handler.HttpHandler - Channel Closed: [id: 0x52e000d4, L:/127.0.0.1:58667 ! R:localhost/127.0.0.1:58660] with attribute DISCARD
15:02:57.077 [AsyncHttpClient-1-6] DEBUG org.asynchttpclient.netty.handler.HttpHandler - 

Request DefaultFullHttpRequest(decodeResult: success, version: HTTP/1.1, content: EmptyByteBufBE)
DELETE /session/903ee795f78c1e1a821990ffafa200aa HTTP/1.1
User-Agent: selenium/4.1.2 (java windows)
Content-Type: application/json; charset=utf-8
host: localhost:55594
accept: */*

Response DefaultHttpResponse(decodeResult: success, version: HTTP/1.1)
HTTP/1.1 200 OK
Content-Type: application/json; charset=utf-8
cache-control: no-cache
content-length: 14

15:02:57.078 [AsyncHttpClient-1-6] DEBUG org.asynchttpclient.netty.channel.ChannelManager - Adding key: http://localhost:55594 for channel [id: 0x4fcfc272, L:/127.0.0.1:58658 - R:localhost/127.0.0.1:55594]
15:02:57.133 [AsyncHttpClient-1-6] DEBUG org.asynchttpclient.netty.handler.HttpHandler - Channel Closed: [id: 0x4fcfc272, L:/127.0.0.1:58658 ! R:localhost/127.0.0.1:55594] with attribute DISCARD
]]></system-out>
    <system-err><![CDATA[Starting ChromeDriver 105.0.5195.52 (412c95e518836d8a7d97250d62b29c2ae6a26a85-refs/branch-heads/5195@{#853}) on port 55594
Only local connections are allowed.
Please see https://chromedriver.chromium.org/security-considerations for suggestions on keeping ChromeDriver safe.
ChromeDriver was started successfully.
[1664956963.000][WARNING]: This version of ChromeDriver has not been tested with Chrome version 106.
Oct 05, 2022 3:02:43 PM org.openqa.selenium.remote.ProtocolHandshake createSession
INFO: Detected dialect: W3C
Oct 05, 2022 3:02:43 PM org.openqa.selenium.devtools.CdpVersionFinder findNearestMatch
WARNING: Unable to find an exact match for CDP version 106, so returning the closest version found: a no-op implementation
Oct 05, 2022 3:02:43 PM org.openqa.selenium.devtools.CdpVersionFinder findNearestMatch
INFO: Unable to find CDP implementation matching 106.
Oct 05, 2022 3:02:43 PM org.openqa.selenium.chromium.ChromiumDriver lambda$new$3
WARNING: Unable to find version of CDP to use for . You may need to include a dependency on a specific version of the CDP using something similar to `org.seleniumhq.selenium:selenium-devtools-v86:4.1.2` where the version ("v86") matches the version of the chromium-based browser you're using and the version number of the artifact is the same as Selenium's.
]]></system-err>
  </testcase>
</testsuite>